2013-10-09 20:23:55,490|1,9|0,0|98,0|995|915|80|0,85|0,35|1,91|0,00
2013-10-09 20:24:01,168|0,0|0,0|100,0|995|915|80|0,85|0,35|1,67|0,17
2013-10-09 20:24:06,683|0,0|0,0|100,0|995|914|81|0,85|0,35|0,38|0,00
2013-10-09 20:24:12,187|0,0|0,0|100,0|995|914|81|0,85|0,35|9,68|0,00
2013-10-09 20:24:17,696|0,0|0,0|100,0|995|914|81|0,85|0,35|1,74|0,00
2013-10-09 20:24:23,190|0,0|0,0|100,0|995|914|81|0,85|0,35|0,74|0,00
2013-10-09 20:24:28,688|0,0|0,0|100,0|995|914|81|0,85|0,35|0,44|0,00
2013-10-09 20:24:34,188|0,0|0,0|100,0|995|914|81|0,85|0,35|0,85|0,00
2013-10-09 20:24:39,769|0,0|0,0|100,0|995|914|81|0,85|0,35|7,49|0,00
2013-10-09 20:24:45,296|0,0|0,0|100,0|995|914|81|0,85|0,35|1,26|0,00
2013-10-09 20:24:50,817|0,0|0,0|100,0|995|914|81|0,85|0,35|0,51|0,00
2013-10-09 20:24:56,315|0,0|0,0|100,0|995|914|81|0,85|0,35|0,50|0,00
2013-10-09 20:25:01,825|0,0|0,0|100,0|995|914|81|0,85|0,35|0,62|0,00
2013-10-09 20:25:07,320|0,0|0,0|100,0|995|914|81|0,85|0,35|0,27|0,00
2013-10-09 20:25:12,779|0,0|0,0|100,0|995|914|81|0,85|0,35|0,66|0,00
2013-10-09 20:25:18,300|0,0|0,0|100,0|995|914|81|0,85|0,35|10,59|0,00
2013-10-09 20:25:23,815|0,0|0,0|100,0|995|914|81|0,85|0,35|0,18|0,00
2013-10-09 20:25:29,323|0,0|0,0|100,0|995|914|81|0,85|0,35|1,73|0,00
2013-10-09 20:25:34,819|0,0|0,0|100,0|995|914|81|0,85|0,35|1,80|0,00
2013-10-09 20:25:40,324|0,0|0,0|100,0|995|914|81|0,85|0,35|1,55|0,00
2013-10-09 20:25:45,825|0,0|0,0|100,0|995|914|81|0,85|0,35|11,51|10,28
2013-10-09 20:25:51,327|4,0|6,0|90,0|995|914|81|0,85|0,35|5,76|5,39
2013-10-09 20:25:56,860|2,0|0,0|98,0|995|914|81|0,85|0,35|1,39|0,00
2013-10-09 20:26:02,514|0,0|0,0|100,0|995|914|81|0,85|0,35|9,25|10,58
2013-10-09 20:26:08,048|4,0|6,1|89,7|995|914|81|0,85|0,35|8,96|5,41
2013-10-09 20:26:13,621|0,0|0,0|100,0|995|914|81|0,85|0,35|0,30|0,00
2013-10-09 20:26:19,187|0,0|0,0|100,0|995|914|81|0,85|0,35|5,15|5,44
2013-10-09 20:26:24,723|4,0|6,0|90,0|995|914|81|0,85|0,35|5,41|5,35
2013-10-09 20:26:30,285|4,0|6,0|90,0|995|914|81|0,85|0,35|0,80|0,00
2013-10-09 20:26:35,813|0,0|0,0|100,0|995|914|81|0,85|0,35|6,41|5,58
2013-10-09 20:26:41,452|5,8|1,9|92,1|995|914|81|0,85|0,35|4,85|5,41
2013-10-09 20:26:46,961|4,0|6,0|90,0|995|914|81|0,85|0,35|0,67|0,00
2013-10-09 20:26:52,531|2,0|0,0|98,0|995|914|81|0,85|0,35|3,08|0,30
2013-10-09 20:26:58,069|0,0|0,0|100,0|995|914|81|0,85|0,35|10,99|11,28
2013-10-09 20:27:03,640|2,0|8,1|89,7|995|914|81|0,85|0,35|5,12|5,41
2013-10-09 20:27:09,180|0,0|0,0|100,0|995|914|81|0,85|0,35|0,92|0,00
2013-10-09 20:27:14,804|0,0|0,0|100,0|995|914|81|0,85|0,35|5,20|6,07
2013-10-09 20:27:20,405|0,0|2,0|97,9|995|915|80|0,85|0,35|7,58|10,10
2013-10-09 20:27:25,943|4,0|6,1|89,7|995|914|81|0,85|0,35|1,73|0,00
2013-10-09 20:27:31,503|2,0|0,0|98,0|995|914|81|0,85|0,35|5,28|6,29
2013-10-09 20:27:37,107|4,1|4,1|91,6|995|914|81|0,85|0,35|5,61|5,35
2013-10-09 20:27:42,656|0,0|4,0|96,0|995|914|81|0,85|0,35|0,29|0,00
2013-10-09 20:27:48,156|0,0|0,0|100,0|995|914|81|0,85|0,35|1,41|0,06
2013-10-09 20:27:53,697|0,0|0,0|100,0|995|914|81|0,85|0,35|0,77|0,00
2013-10-09 20:27:59,221|0,0|0,0|100,0|995|914|81|0,85|0,35|3,15|1,89
2013-10-09 20:28:04,771|0,0|0,0|100,0|995|914|81|0,85|0,35|0,59|0,36
2013-10-09 20:28:10,308|0,0|0,0|100,0|995|914|81|0,85|0,35|1,06|0,00
2013-10-09 20:28:15,800|0,0|0,0|100,0|995|914|81|0,85|0,35|7,22|8,54
2013-10-09 20:28:21,341|0,0|0,0|100,0|995|915|80|0,85|0,35|8,27|12,08
2013-10-09 20:28:26,925|6,0|6,0|88,0|995|915|80|0,85|0,35|2,85|3,96
2013-10-09 20:28:32,439|0,0|0,0|100,0|995|914|81|0,85|0,35|0,74|0,00
2013-10-09 20:28:37,953|0,0|0,0|100,0|995|914|81|0,85|0,35|5,31|7,13
2013-10-09 20:28:43,525|0,0|0,0|100,0|995|914|81|0,85|0,35|9,49|12,64
2013-10-09 20:28:49,061|2,0|8,1|89,7|995|914|81|0,85|0,35|4,95|5,35
2013-10-09 20:28:54,574|3,9|7,8|88,2|995|914|81|0,85|0,35|0,27|0,00
2013-10-09 20:29:00,082|0,0|0,0|100,0|995|914|81|0,85|0,35|1,56|0,00
2013-10-09 20:29:05,585|0,0|0,0|100,0|995|914|81|0,85|0,35|17,12|7,61
2013-10-09 20:29:11,207|23,0|3,8|0,0|995|923|72|0,95|0,35|9,47|13,16
2013-10-09 20:29:17,331|8,0|8,0|0,0|995|918|77|1,02|0,35|1,32|0,00
2013-10-09 20:29:23,130|54,0|4,0|0,0|995|914|80|1,08|0,35|2,64|0,00
2013-10-09 20:29:28,882|94,0|6,0|0,0|995|924|70|1,17|0,35|1,85|1,21
2013-10-09 20:29:34,794|100,0|0,0|0,0|995|914|81|1,26|0,35|6,65|8,59
2013-10-09 20:29:40,766|80,3|7,8|0,0|995|914|80|1,39|0,35|13,19|6,96
2013-10-09 20:29:46,710|83,6|8,1|0,0|995|915|80|1,54|0,35|1,32|0,71
2013-10-09 20:29:52,395|0,0|0,0|100,0|995|912|83|1,58|0,35|5,76|8,74
2013-10-09 20:29:58,169|57,9|0,0|42,0|995|912|83|1,58|0,35|14,03|17,26
2013-10-09 20:30:03,689|62,0|10,0|28,0|995|913|82|1,58|0,35|0,97|0,71
2013-10-09 20:30:09,350|24,0|2,0|74,0|995|912|83|1,58|0,35|1,58|0,71
2013-10-09 20:30:14,908|1,9|0,0|98,0|995|912|83|1,58|0,35|0,32|0,00
2013-10-09 20:30:20,485|0,0|0,0|100,0|995|912|83|1,58|0,35|5,13|8,38
2013-10-09 20:30:26,077|0,0|0,0|100,0|995|912|83|1,58|0,35|11,47|18,91
2013-10-09 20:30:31,588|6,0|4,0|90,0|995|912|83|1,58|0,35|6,00|10,39
2013-10-09 20:30:37,085|8,0|4,0|88,0|995|912|83|1,58|0,35|5,65|10,45
2013-10-09 20:30:42,589|3,9|7,8|88,2|995|912|83|1,58|0,35|0,41|0,00
2013-10-09 20:30:48,094|2,0|0,0|98,0|995|912|83|1,58|0,35|1,73|0,00
2013-10-09 20:30:53,681|0,0|0,0|100,0|995|912|83|1,58|0,35|1,89|0,00
2013-10-09 20:30:59,252|0,0|0,0|100,0|995|912|83|1,58|0,35|5,31|8,94
2013-10-09 20:31:04,836|0,0|0,0|100,0|995|912|83|1,58|0,35|9,65|19,46
2013-10-09 20:31:10,336|0,0|0,0|100,0|995|913|82|1,58|0,35|8,59|18,08
2013-10-09 20:31:15,849|6,1|4,0|89,7|995|912|83|1,58|0,35|5,21|10,45
2013-10-09 20:31:21,409|6,1|4,0|89,7|995|913|81|1,58|0,35|1,84|7,80
2013-10-09 20:31:26,960|5,8|5,8|88,2|995|912|83|1,58|0,35|0,30|0,00
2013-10-09 20:31:32,471|0,0|0,0|100,0|995|912|83|1,58|0,35|0,41|0,00
2013-10-09 20:31:38,070|30,0|2,0|0,0|995|916|79|1,59|0,35|0,41|0,00
2013-10-09 20:31:43,778|24,0|4,0|0,0|995|914|81|1,72|0,35|0,35|0,00
2013-10-09 20:31:49,824|50,0|2,0|0,0|995|915|80|1,81|0,35|2,32|1,46
2013-10-09 20:31:55,516|42,0|2,0|0,0|995|917|78|1,96|0,35|6,43|9,75
2013-10-09 20:32:02,686|6,0|24,0|0,0|995|925|70|2,12|0,35|0,40|0,00
2013-10-09 20:32:10,087|1,9|11,7|0,0|995|914|81|2,30|0,35|6,43|10,45
2013-10-09 20:32:15,791|13,7|7,8|70,5|995|917|78|2,31|0,35|0,98|0,00
2013-10-09 20:32:21,318|10,2|6,1|83,6|995|917|78|2,31|0,35|1,57|0,00
2013-10-09 20:32:26,883|4,0|2,0|93,8|995|917|78|2,31|0,35|5,74|10,55
2013-10-09 20:32:32,419|10,0|2,0|88,0|995|918|77|2,31|0,35|2,13|7,90
2013-10-09 20:32:37,945|8,1|2,0|89,7|995|917|78|2,31|0,35|0,29|0,00
2013-10-09 20:32:43,479|0,0|2,0|98,0|995|917|78|2,31|0,35|0,62|0,00
2013-10-09 20:32:49,074|1,9|0,0|98,0|995|917|78|2,31|0,35|0,12|0,00
2013-10-09 20:32:54,593|0,0|0,0|100,0|995|917|78|2,31|0,35|1,53|0,00
2013-10-09 20:33:00,108|0,0|0,0|100,0|995|917|78|2,31|0,35|4,28|3,13
2013-10-09 20:33:05,696|0,0|0,0|95,9|995|918|77|2,31|0,35|5,43|10,41
2013-10-09 20:33:11,417|100,0|0,0|0,0|995|916|79|2,31|0,35|9,31|21,03
2013-10-09 20:33:17,192|98,0|2,0|0,0|995|916|79|2,31|0,35|4,67|10,48
2013-10-09 20:33:22,950|98,0|2,0|0,0|995|916|79|2,31|0,35|0,38|0,00
2013-10-09 20:33:28,720|0,0|0,0|100,0|995|880|115|2,31|0,35|2,35|0,30
2013-10-09 20:33:34,305|0,0|0,0|100,0|995|880|115|2,31|0,35|4,99|10,83
2013-10-09 20:33:39,830|0,0|0,0|100,0|995|880|115|2,31|0,35|0,57|0,00
2013-10-09 20:33:45,390|0,0|0,0|100,0|995|880|115|2,31|0,35|5,88|0,19
2013-10-09 20:33:50,964|1,9|0,0|98,0|995|880|115|2,31|0,35|0,82|0,00
2013-10-09 20:33:56,562|0,0|0,0|100,0|995|880|115|2,31|0,35|1,79|0,00
2013-10-09 20:34:02,140|1,9|0,0|98,0|995|880|115|2,31|0,35|0,74|0,00
2013-10-09 20:34:07,750|0,0|4,1|95,8|995|880|115|2,31|0,35|0,17|0,00
2013-10-09 20:34:13,274|4,0|6,0|90,0|995|880|115|2,31|0,35|0,79|0,00
2013-10-09 20:34:18,802|2,0|0,0|98,0|995|880|114|2,31|0,35|7,99|10,66
2013-10-09 20:34:24,320|0,0|0,0|100,0|995|880|115|2,31|0,35|9,60|22,06
2013-10-09 20:34:29,831|0,0|0,0|100,0|995|880|115|2,31|0,35|4,83|11,59
2013-10-09 20:34:35,342|0,0|0,0|100,0|995|880|115|2,31|0,35|2,74|1,39
2013-10-09 20:34:40,881|0,0|0,0|100,0|995|880|115|2,31|0,35|1,42|0,00
2013-10-09 20:34:46,449|2,0|0,0|98,0|995|880|115|2,31|0,35|0,80|0,00
2013-10-09 20:34:51,993|2,0|0,0|98,0|995|880|115|2,31|0,35|1,10|0,11
2013-10-09 20:34:57,586|0,0|0,0|100,0|995|880|115|2,31|0,35|0,82|0,11
2013-10-09 20:35:03,092|0,0|1,9|98,0|995|880|115|2,31|0,35|1,40|0,67
2013-10-09 20:35:08,659|0,0|0,0|100,0|995|880|115|2,31|0,35|0,97|0,00
2013-10-09 20:35:14,273|0,0|0,0|100,0|995|880|115|2,31|0,35|2,05|0,53
2013-10-09 20:35:19,893|0,0|0,0|100,0|995|880|115|2,31|0,35|4,60|12,25
2013-10-09 20:35:25,439|0,0|0,0|100,0|995|880|115|2,31|0,35|5,53|12,25
2013-10-09 20:35:30,993|0,0|0,0|100,0|995|880|115|2,31|0,35|4,93|12,33
2013-10-09 20:35:36,594|0,0|0,0|100,0|995|880|115|2,31|0,35|7,49|12,69
2013-10-09 20:35:42,195|0,0|0,0|100,0|995|880|115|2,31|0,35|8,10|13,93
2013-10-09 20:35:47,731|0,0|0,0|100,0|995|880|115|2,31|0,35|6,65|13,88
2013-10-09 20:35:53,313|0,0|0,0|100,0|995|880|115|2,31|0,35|6,43|12,89
2013-10-09 20:35:58,857|0,0|0,0|100,0|995|880|115|2,31|0,35|7,24|13,03
2013-10-09 20:36:04,447|0,0|0,0|100,0|995|880|115|2,31|0,35|7,06|14,81
2013-10-09 20:36:09,995|0,0|0,0|100,0|995|880|115|2,31|0,35|6,55|14,28
2013-10-09 20:36:15,595|0,0|2,0|94,0|995|880|115|2,31|0,35|5,01|12,90
2013-10-09 20:36:21,183|0,0|0,0|100,0|995|880|115|2,31|0,35|4,99|12,97
2013-10-09 20:36:26,742|0,0|0,0|100,0|995|880|115|2,31|0,35|7,47|13,04
2013-10-09 20:36:32,320|0,0|0,0|100,0|995|880|115|2,31|0,35|4,80|13,12
2013-10-09 20:36:37,872|0,0|0,0|100,0|995|880|115|2,31|0,35|5,25|13,19
2013-10-09 20:36:43,482|100,0|0,0|0,0|995|916|78|2,31|0,35|9,70|24,08
2013-10-09 20:36:49,226|100,0|0,0|0,0|995|916|78|2,31|0,35|10,20|24,14
2013-10-09 20:36:54,994|98,0|2,0|0,0|995|917|78|2,31|0,35|5,90|11,95
2013-10-09 20:37:00,740|98,0|2,0|0,0|995|918|76|2,31|0,35|4,36|10,45
2013-10-09 20:37:06,486|94,0|6,0|0,0|995|918|77|2,31|0,35|4,83|11,61
2013-10-09 20:37:12,238|82,3|5,8|11,7|995|882|113|2,31|0,35|1,53|1,25
2013-10-09 20:37:18,090|82,0|6,0|12,0|995|882|113|2,31|0,35|1,70|1,25
2013-10-09 20:37:23,930|90,0|2,0|8,0|995|882|113|2,31|0,35|2,17|1,25
2013-10-09 20:37:29,802|97,9|2,0|0,0|995|882|113|2,31|0,35|1,34|1,25
2013-10-09 20:37:35,522|88,0|2,0|10,0|995|882|113|2,31|0,35|2,27|1,25
2013-10-09 20:37:41,389|95,9|0,0|4,0|995|882|113|2,31|0,35|1,73|1,25
2013-10-09 20:37:47,395|0,0|0,0|100,0|995|881|114|2,31|0,35|8,98|0,00
2013-10-09 20:37:53,000|0,0|0,0|100,0|995|881|114|2,31|0,35|3,81|0,06
2013-10-09 20:37:58,615|0,0|0,0|100,0|995|881|114|2,31|0,35|1,28|0,00
2013-10-09 20:38:04,224|0,0|2,0|98,0|995|881|114|2,31|0,35|0,27|0,00
2013-10-09 20:38:09,753|1,9|0,0|98,0|995|881|114|2,31|0,35|0,51|0,00
2013-10-09 20:38:15,324|1,9|1,9|96,1|995|881|114|2,31|0,35|1,57|0,00
2013-10-09 20:38:20,889|3,9|5,8|90,1|995|881|114|2,31|0,35|1,59|0,00
2013-10-09 20:38:26,450|4,0|6,1|89,7|995|881|114|2,31|0,36|1,73|0,00
2013-10-09 20:38:31,961|6,0|8,0|86,0|995|882|112|2,31|0,36|0,84|0,00
2013-10-09 20:38:37,539|4,0|4,0|91,8|995|881|114|2,31|0,36|5,78|21,49
2013-10-09 20:38:43,069|0,0|0,0|100,0|995|881|114|2,31|0,36|9,56|36,24
2013-10-09 20:38:48,594|0,0|0,0|100,0|995|881|114|2,31|0,36|7,38|16,28
2013-10-09 20:38:54,129|0,0|0,0|100,0|995|881|114|2,31|0,36|8,96|14,89
2013-10-09 20:38:59,691|0,0|0,0|100,0|995|881|114|2,31|0,36|1,48|0,00
2013-10-09 20:39:05,290|0,0|0,0|100,0|995|881|114|2,31|0,36|0,59|0,00
2013-10-09 20:39:10,844|6,0|4,0|90,0|995|881|114|2,31|0,36|0,38|0,00
2013-10-09 20:39:16,372|5,8|7,8|86,2|995|882|113|2,31|0,36|3,47|20,04
2013-10-09 20:39:21,937|4,0|2,0|94,0|995|882|112|2,31|0,36|5,32|21,49
2013-10-09 20:39:27,486|1,9|0,0|98,0|995|881|114|2,31|0,36|10,74|36,88
2013-10-09 20:39:32,990|0,0|0,0|100,0|995|881|114|2,31|0,36|4,82|15,45
2013-10-09 20:39:38,594|0,0|0,0|91,8|995|881|114|2,31|0,36|0,89|0,00
2013-10-09 20:39:44,147|2,0|0,0|98,0|995|881|114|2,31|0,36|0,50|0,00
2013-10-09 20:39:49,700|4,0|4,0|91,8|995|881|114|2,31|0,36|0,35|0,00
2013-10-09 20:39:55,223|1,9|9,8|86,2|995|882|113|2,31|0,36|3,58|20,04
2013-10-09 20:40:00,728|0,0|0,0|100,0|995|881|114|2,31|0,36|10,11|37,17
2013-10-09 20:40:06,240|0,0|0,0|100,0|995|881|114|2,31|0,36|7,44|16,13
2013-10-09 20:40:11,837|0,0|0,0|98,0|995|881|114|2,31|0,36|3,76|2,21
2013-10-09 20:40:17,378|0,0|0,0|95,9|995|881|114|2,31|0,36|0,43|0,00
2013-10-09 20:40:22,972|2,0|0,0|98,0|995|881|114|2,31|0,36|0,49|0,00
2013-10-09 20:40:28,538|2,0|6,2|91,6|995|881|114|2,31|0,36|1,21|0,00
2013-10-09 20:40:34,087|2,0|6,1|91,8|995|881|114|2,31|0,36|4,77|21,49
2013-10-09 20:40:39,600|0,0|0,0|100,0|995|881|114|2,31|0,36|10,13|37,74
2013-10-09 20:40:45,109|0,0|0,0|0,0|995|889|106|2,31|0,36|5,29|16,73
2013-10-09 20:40:50,846|73,4|2,0|0,0|995|914|81|2,47|0,36|2,30|0,37
2013-10-09 20:40:56,757|70,5|3,9|0,0|995|914|81|2,65|0,36|1,03|0,00
2013-10-09 20:41:02,971|50,0|24,0|0,0|995|936|58|2,84|0,36|0,58|0,00
2013-10-09 20:41:09,842|51,0|4,0|0,0|995|915|80|3,03|0,36|0,52|0,00
2013-10-09 20:41:15,600|0,0|0,0|100,0|995|913|81|3,05|0,36|0,38|0,00
2013-10-09 20:41:21,139|2,0|8,1|89,7|995|913|81|3,05|0,36|0,99|0,00
2013-10-09 20:41:26,693|2,0|6,1|91,8|995|913|81|3,05|0,36|6,45|21,49
2013-10-09 20:41:32,222|0,0|0,0|100,0|995|913|81|3,05|0,36|9,03|19,58
2013-10-09 20:41:37,744|0,0|0,0|100,0|995|913|81|3,05|0,36|1,61|0,00
2013-10-09 20:41:43,352|2,0|0,0|98,0|995|913|81|3,05|0,36|1,02|0,00
2013-10-09 20:41:48,862|4,0|4,0|91,8|995|913|81|3,05|0,36|1,39|0,00
2013-10-09 20:41:54,366|0,0|2,0|97,9|995|915|80|3,05|0,36|4,77|21,49
2013-10-09 20:41:59,950|0,0|0,0|100,0|995|914|81|3,05|0,36|5,86|17,29
2013-10-09 20:42:05,510|0,0|0,0|100,0|995|914|81|3,05|0,36|0,87|0,00
2013-10-09 20:42:11,110|0,0|0,0|100,0|995|914|81|3,05|0,36|3,68|0,00
2013-10-09 20:42:16,682|1,9|7,8|90,1|995|914|81|3,05|0,36|0,68|0,00
2013-10-09 20:42:22,160|0,0|0,0|100,0|995|914|81|3,05|0,36|10,17|39,00
2013-10-09 20:42:27,708|0,0|1,9|98,0|995|914|81|3,05|0,36|5,25|17,57
2013-10-09 20:42:33,262|1,9|0,0|98,0|995|914|81|3,05|0,36|0,38|0,00
2013-10-09 20:42:38,841|2,0|0,0|98,0|995|914|81|3,05|0,36|0,65|0,00
2013-10-09 20:42:44,420|4,0|6,1|89,7|995|915|80|3,05|0,36|0,30|0,00
2013-10-09 20:42:49,985|0,0|0,0|100,0|995|913|81|3,05|0,36|10,45|39,41
2013-10-09 20:42:55,486|0,0|0,0|100,0|995|914|81|3,05|0,36|9,95|0,00
2013-10-09 20:43:00,980|2,0|0,0|98,0|995|914|81|3,05|0,36|1,56|0,44
2013-10-09 20:43:06,498|4,0|4,0|91,8|995|914|81|3,05|0,36|6,22|21,67
2013-10-09 20:43:12,059|0,0|0,0|100,0|995|914|81|3,05|0,36|9,05|21,07
2013-10-09 20:43:17,597|0,0|0,0|100,0|995|914|81|3,05|0,36|0,83|0,00
2013-10-09 20:43:23,101|0,0|2,0|98,0|995|914|81|3,05|0,36|0,32|0,00
2013-10-09 20:43:28,682|4,0|8,0|88,0|995|915|80|3,05|0,36|3,31|21,19
2013-10-09 20:43:34,218|0,0|0,0|100,0|995|914|81|3,05|0,36|9,14|21,00
2013-10-09 20:43:39,749|0,0|0,0|100,0|995|914|81|3,05|0,36|0,55|0,00
2013-10-09 20:43:45,326|2,0|0,0|98,0|995|914|81|3,05|0,36|0,50|0,00
2013-10-09 20:43:50,925|6,1|4,0|89,7|995|915|80|3,05|0,36|3,96|21,19
2013-10-09 20:43:56,460|0,0|0,0|100,0|995|914|81|3,05|0,36|11,77|40,12
2013-10-09 20:44:01,980|0,0|0,0|100,0|995|914|81|3,05|0,36|1,19|0,00
2013-10-09 20:44:07,497|2,0|0,0|98,0|995|914|81|3,05|0,36|0,56|0,00
2013-10-09 20:44:13,069|6,0|6,0|88,0|995|914|81|3,05|0,36|5,15|21,49
2013-10-09 20:44:18,592|0,0|0,0|100,0|995|914|81|3,05|0,36|6,21|19,34
2013-10-09 20:44:24,142|0,0|0,0|100,0|995|914|81|3,05|0,36|0,41|0,00
2013-10-09 20:44:29,716|3,9|7,8|88,2|995|914|81|3,05|0,36|2,97|0,00
2013-10-09 20:44:35,232|0,0|0,0|100,0|995|915|80|3,05|0,36|7,78|39,29
2013-10-09 20:44:40,749|0,0|0,0|100,0|995|914|81|3,05|0,36|4,47|2,57
2013-10-09 20:44:46,273|2,0|0,0|98,0|995|914|81|3,05|0,36|1,33|0,00
2013-10-09 20:44:51,835|2,0|6,1|91,8|995|914|81|3,05|0,36|5,29|21,49
2013-10-09 20:44:57,357|0,0|0,0|100,0|995|914|81|3,05|0,36|6,59|19,45
2013-10-09 20:45:02,903|2,0|0,0|98,0|995|914|81|3,05|0,36|0,92|0,00
2013-10-09 20:45:08,429|7,8|5,8|86,2|995|914|81|3,05|0,36|0,06|0,00
2013-10-09 20:45:13,965|0,0|0,0|100,0|995|914|81|3,05|0,36|10,24|41,35
2013-10-09 20:45:19,485|0,0|1,9|98,0|995|914|81|3,05|0,36|1,12|0,00
2013-10-09 20:45:25,029|2,0|0,0|98,0|995|914|81|3,05|0,36|0,71|0,00
2013-10-09 20:45:30,609|4,0|6,0|90,0|995|914|81|3,05|0,36|6,20|21,43
2013-10-09 20:45:36,120|0,0|0,0|100,0|995|914|81|3,05|0,36|6,33|20,13
2013-10-09 20:45:41,637|2,0|0,0|98,0|995|914|81|3,05|0,36|0,50|0,00
2013-10-09 20:45:47,227|8,0|6,0|86,0|995|914|81|3,05|0,36|0,97|0,00
2013-10-09 20:45:52,737|0,0|0,0|100,0|995|914|81|3,05|0,36|13,16|41,72
2013-10-09 20:45:58,245|0,0|0,0|100,0|995|914|81|3,05|0,36|0,85|0,00
2013-10-09 20:46:03,746|6,0|4,0|90,0|995|914|81|3,05|0,36|0,50|0,00
2013-10-09 20:46:09,244|0,0|0,0|100,0|995|914|81|3,05|0,36|10,07|41,96
2013-10-09 20:46:14,745|0,0|0,0|100,0|995|914|81|3,05|0,36|0,92|0,00
2013-10-09 20:46:20,249|4,0|4,0|91,8|995|914|81|3,05|0,36|0,72|0,00
2013-10-09 20:46:25,749|0,0|0,0|100,0|995|914|81|3,05|0,36|10,22|42,20
2013-10-09 20:46:31,254|0,0|0,0|100,0|995|914|81|3,05|0,36|2,21|0,00
2013-10-09 20:46:36,864|2,0|0,0|98,0|995|914|81|3,05|0,36|1,27|0,00
2013-10-09 20:46:42,437|2,0|0,0|98,0|995|915|80|3,05|0,36|7,89|40,95
2013-10-09 20:46:47,964|0,0|0,0|100,0|995|914|81|3,05|0,36|0,95|0,00
2013-10-09 20:46:53,537|0,0|0,0|100,0|995|914|81|3,05|0,36|0,51|0,00
2013-10-09 20:46:59,114|2,0|2,0|96,0|995|915|79|3,05|0,36|5,30|21,43
2013-10-09 20:47:04,686|0,0|0,0|100,0|995|914|81|3,05|0,36|3,37|1,82
2013-10-09 20:47:10,250|2,0|0,0|98,0|995|914|81|3,05|0,36|0,70|0,00
2013-10-09 20:47:15,814|8,0|4,0|88,0|995|914|81|3,05|0,36|5,21|21,51
2013-10-09 20:47:21,349|0,0|0,0|100,0|995|914|81|3,05|0,36|5,22|21,54
2013-10-09 20:47:26,870|0,0|0,0|100,0|995|914|81|3,05|0,36|3,19|0,06
2013-10-09 20:47:32,381|4,0|6,0|90,0|995|914|81|3,05|0,36|5,85|21,43
2013-10-09 20:47:37,949|0,0|0,0|100,0|995|914|81|3,05|0,36|5,49|21,74
2013-10-09 20:47:43,472|0,0|0,0|100,0|995|914|81|3,05|0,36|0,41|0,00
2013-10-09 20:47:49,059|2,0|0,0|98,0|995|915|80|3,05|0,36|7,52|41,16
2013-10-09 20:47:54,595|0,0|0,0|100,0|995|914|81|3,05|0,36|1,41|0,00
2013-10-09 20:48:00,157|2,0|0,0|98,0|995|914|81|3,05|0,36|0,98|0,00
2013-10-09 20:48:05,736|0,0|0,0|100,0|995|914|81|3,05|0,36|9,88|43,59
2013-10-09 20:48:11,253|0,0|0,0|100,0|995|914|81|3,05|0,36|0,55|0,00
2013-10-09 20:48:16,754|4,0|6,1|89,7|995|914|81|3,05|0,36|0,57|0,00
2013-10-09 20:48:22,256|0,0|0,0|100,0|995|914|81|3,05|0,36|9,93|43,77
2013-10-09 20:48:27,829|78,0|14,0|0,0|995|916|78|3,07|0,36|0,58|0,00
2013-10-09 20:48:33,541|5,8|1,9|0,0|995|916|79|3,10|0,44|3,57|20,04
2013-10-09 20:48:39,451|92,0|4,0|0,0|995|918|77|3,12|0,54|4,99|22,46
2013-10-09 20:48:45,440|2,0|0,0|98,0|995|899|96|3,14|0,60|0,67|0,06
2013-10-09 20:48:51,334|0,0|0,0|100,0|995|899|96|3,14|0,60|10,09|44,09
2013-10-09 20:48:56,904|0,0|0,0|100,0|995|899|96|3,14|0,60|2,58|0,00
2013-10-09 20:49:02,468|4,0|6,0|90,0|995|899|96|3,14|0,60|2,14|0,00
2013-10-09 20:49:07,992|0,0|0,0|100,0|995|899|96|3,14|0,60|4,98|22,93
2013-10-09 20:49:13,546|0,0|0,0|100,0|995|899|96|3,14|0,60|0,59|0,00
2013-10-09 20:49:19,189|4,0|6,0|90,0|995|899|96|3,14|0,60|4,90|21,43
2013-10-09 20:49:24,734|0,0|5,8|94,1|995|899|96|3,14|0,60|5,34|23,24
2013-10-09 20:49:30,466|100,0|0,0|0,0|995|914|80|3,15|0,60|0,83|0,00
2013-10-09 20:49:36,152|96,0|4,0|0,0|995|918|77|3,15|0,60|3,84|21,19
2013-10-09 20:49:41,908|100,0|0,0|0,0|995|917|77|3,15|0,60|4,90|23,39
2013-10-09 20:49:47,694|100,0|0,0|0,0|995|918|77|3,15|0,60|0,96|0,00
2013-10-09 20:49:53,482|98,0|2,0|0,0|995|918|76|3,15|0,60|0,29|0,00
2013-10-09 20:49:59,240|100,0|0,0|0,0|995|919|76|3,15|0,60|10,33|44,87
2013-10-09 20:50:04,998|100,0|0,0|0,0|995|919|75|3,15|0,60|1,00|0,00
2013-10-09 20:50:10,784|100,0|0,0|0,0|995|920|75|3,15|0,60|0,61|0,00
2013-10-09 20:50:16,586|98,0|2,0|0,0|995|920|75|3,15|0,60|5,30|21,49
2013-10-09 20:50:22,350|100,0|0,0|0,0|995|920|75|3,15|0,60|1,59|0,00
2013-10-09 20:50:28,142|98,0|2,0|0,0|995|920|74|3,15|0,60|10,16|45,31
2013-10-09 20:50:33,904|94,0|6,0|0,0|995|920|74|3,15|0,60|0,29|0,00
2013-10-09 20:50:39,659|98,0|0,0|0,0|995|905|90|3,15|0,60|0,61|0,00
2013-10-09 20:50:45,427|100,0|0,0|0,0|995|923|71|3,15|0,60|7,28|26,99
2013-10-09 20:50:51,202|96,0|4,0|0,0|995|924|71|3,15|0,60|0,35|0,00
2013-10-09 20:50:56,932|100,0|0,0|0,0|995|923|71|3,15|0,60|2,02|0,00
2013-10-09 20:51:02,668|100,0|0,0|0,0|995|923|71|3,15|0,60|8,70|24,49
2013-10-09 20:51:08,432|96,0|4,0|0,0|995|924|71|3,15|0,60|0,39|0,00
2013-10-09 20:51:14,156|100,0|0,0|0,0|995|924|71|3,15|0,60|0,62|0,00
2013-10-09 20:51:19,931|98,0|2,0|0,0|995|924|71|3,15|0,60|7,36|24,80
2013-10-09 20:51:25,696|100,0|0,0|0,0|995|923|71|3,15|0,60|0,76|0,00
2013-10-09 20:51:31,444|100,0|0,0|0,0|995|924|71|3,15|0,60|4,73|24,57
2013-10-09 20:51:37,196|100,0|0,0|0,0|995|924|71|3,15|0,60|1,57|0,00
2013-10-09 20:51:42,952|100,0|0,0|0,0|995|925|70|3,15|0,60|4,95|21,50
2013-10-09 20:51:48,752|94,0|6,0|0,0|995|924|71|3,15|0,60|1,36|24,77
2013-10-09 20:51:54,532|100,0|0,0|0,0|995|924|71|3,15|0,60|0,76|0,00
2013-10-09 20:52:00,299|100,0|0,0|0,0|995|925|70|3,15|0,60|9,80|46,26
2013-10-09 20:52:06,058|100,0|0,0|0,0|995|924|71|3,15|0,60|0,91|0,00
2013-10-09 20:52:11,842|98,0|1,9|0,0|995|924|71|3,15|0,60|3,45|0,00
2013-10-09 20:52:17,602|100,0|0,0|0,0|995|924|71|3,15|0,60|9,27|46,72
2013-10-09 20:52:23,346|100,0|0,0|0,0|995|924|71|3,15|0,60|0,21|0,00
2013-10-09 20:52:29,148|95,9|4,0|0,0|995|924|71|3,15|0,60|0,21|0,00
2013-10-09 20:52:34,944|100,0|0,0|0,0|995|924|71|3,15|0,60|9,56|46,81
2013-10-09 20:52:40,684|100,0|0,0|0,0|995|924|71|3,15|0,60|0,30|0,00
2013-10-09 20:52:46,441|94,0|6,0|0,0|995|912|82|3,15|0,60|15,03|419,90
2013-10-09 20:52:52,188|100,0|0,0|0,0|995|912|82|3,15|0,60|5,13|25,60
2013-10-09 20:52:57,963|100,0|0,0|0,0|995|912|82|3,15|0,60|1,58|0,00
2013-10-09 20:53:03,715|100,0|0,0|0,0|995|914|81|3,15|0,60|6,49|21,48
2013-10-09 20:53:09,476|100,0|0,0|0,0|995|912|82|3,15|0,60|0,06|0,00
2013-10-09 20:53:15,276|98,0|2,0|0,0|995|912|82|3,15|0,60|0,63|0,00
2013-10-09 20:53:21,072|100,0|0,0|0,0|995|912|82|3,15|0,60|10,82|47,52
2013-10-09 20:53:26,812|100,0|0,0|0,0|995|912|82|3,15|0,60|3,83|0,00
2013-10-09 20:53:32,663|100,0|0,0|0,0|995|915|80|3,15|0,60|6,03|21,94
2013-10-09 20:53:38,452|100,0|0,0|0,0|995|915|79|3,15|0,60|1,34|0,00
2013-10-09 20:53:44,236|100,0|0,0|0,0|995|915|79|3,15|0,60|0,50|0,00
2013-10-09 20:53:50,076|100,0|0,0|0,0|995|915|79|3,15|0,60|20,39|49,07
2013-10-09 20:53:55,805|100,0|0,0|0,0|995|915|79|3,15|0,60|0,12|0,00
2013-10-09 20:54:01,532|98,0|2,0|0,0|995|915|79|3,15|0,60|1,80|0,00
2013-10-09 20:54:07,338|100,0|0,0|0,0|995|915|79|3,15|0,60|6,94|28,08
2013-10-09 20:54:13,076|98,0|0,0|0,0|995|915|79|3,15|0,60|2,36|6,08
2013-10-09 20:54:18,862|100,0|0,0|0,0|995|916|79|3,15|0,60|8,08|47,91
2013-10-09 20:54:24,600|100,0|0,0|0,0|995|915|80|3,15|0,60|0,97|0,33
2013-10-09 20:54:30,352|96,0|3,9|0,0|995|913|82|3,15|0,60|1,59|0,00
2013-10-09 20:54:36,102|100,0|0,0|0,0|995|913|82|3,15|0,60|5,40|26,88
2013-10-09 20:54:41,840|100,0|0,0|0,0|995|913|82|3,15|0,60|0,09|0,00
2013-10-09 20:54:47,609|100,0|0,0|0,0|995|913|82|3,15|0,60|11,04|48,50
2013-10-09 20:54:53,340|100,0|0,0|0,0|995|913|82|3,15|0,60|0,63|0,00
2013-10-09 20:54:59,079|94,0|6,0|0,0|995|913|82|3,15|0,60|0,62|0,00
2013-10-09 20:55:04,826|100,0|0,0|0,0|995|913|82|3,15|0,60|5,43|2,63
2013-10-09 20:55:10,585|100,0|0,0|0,0|995|913|82|3,15|0,60|6,50|0,00
2013-10-09 20:55:16,356|100,0|0,0|0,0|995|913|82|3,15|0,60|6,74|29,44
2013-10-09 20:55:22,124|100,0|0,0|0,0|995|913|82|3,15|0,60|0,78|0,00
2013-10-09 20:55:27,898|98,0|2,0|0,0|995|913|82|3,15|0,60|6,16|21,43
2013-10-09 20:55:33,641|100,0|0,0|0,0|995|913|82|3,15|0,60|0,60|0,00
2013-10-09 20:55:39,385|90,0|10,0|0,0|995|913|82|3,15|0,60|0,18|0,06
2013-10-09 20:55:45,124|100,0|0,0|0,0|995|913|82|3,15|0,60|3,82|2,59
2013-10-09 20:55:50,884|100,0|0,0|0,0|995|913|82|3,15|0,60|1,01|0,00
2013-10-09 20:55:56,633|98,0|0,0|0,0|995|913|82|3,15|0,60|7,07|28,12
2013-10-09 20:56:02,399|100,0|0,0|0,0|995|913|82|3,15|0,60|0,67|0,00
2013-10-09 20:56:08,166|100,0|0,0|0,0|995|913|82|3,15|0,60|10,07|49,39
2013-10-09 20:56:13,903|100,0|0,0|0,0|995|913|82|3,15|0,60|0,29|0,00
2013-10-09 20:56:19,634|97,9|2,0|0,0|995|913|82|3,15|0,60|16,77|21,54
2013-10-09 20:56:25,380|100,0|0,0|0,0|995|913|82|3,15|0,60|0,56|0,00
2013-10-09 20:56:31,126|96,0|4,0|0,0|995|913|82|3,15|0,60|0,80|0,00
2013-10-09 20:56:36,852|100,0|0,0|0,0|995|913|82|3,15|0,60|5,46|28,36
2013-10-09 20:56:42,685|100,0|0,0|0,0|995|913|82|3,15|0,60|0,00|0,00
2013-10-09 20:56:48,449|100,0|0,0|0,0|995|913|82|3,15|0,60|10,37|49,92
2013-10-09 20:56:54,189|100,0|0,0|0,0|995|913|82|3,15|0,60|0,18|0,00
2013-10-09 20:56:59,972|96,0|4,0|0,0|995|913|82|3,15|0,60|7,97|21,43
2013-10-09 20:57:05,700|100,0|0,0|0,0|995|913|82|3,15|0,60|1,24|0,00
2013-10-09 20:57:11,444|96,0|3,9|0,0|995|913|82|3,15|0,60|0,06|0,00
2013-10-09 20:57:17,245|100,0|0,0|0,0|995|913|82|3,15|0,60|6,07|28,84
2013-10-09 20:57:23,041|100,0|0,0|0,0|995|913|82|3,15|0,60|0,60|0,00
2013-10-09 20:57:28,830|100,0|0,0|0,0|995|914|81|3,15|0,60|5,89|47,83
2013-10-09 20:57:34,588|98,0|1,9|0,0|995|913|82|3,15|0,60|3,45|0,00
2013-10-09 20:57:40,344|98,0|0,0|0,0|995|913|82|3,15|0,60|2,63|0,06
2013-10-09 20:57:46,080|100,0|0,0|0,0|995|913|82|3,15|0,60|0,98|0,00
2013-10-09 20:57:51,830|100,0|0,0|0,0|995|913|82|3,15|0,60|0,46|0,00
2013-10-09 20:57:57,598|100,0|0,0|0,0|995|913|82|3,15|0,60|2,05|0,00
2013-10-09 20:58:03,348|100,0|0,0|0,0|995|913|82|3,15|0,60|1,29|0,00
2013-10-09 20:58:09,096|98,0|2,0|0,0|995|913|82|3,15|0,60|5,68|0,00
2013-10-09 20:58:14,856|100,0|0,0|0,0|995|913|82|3,15|0,60|1,65|0,00
2013-10-09 20:58:20,596|98,0|2,0|0,0|995|913|82|3,15|0,60|0,67|0,00
2013-10-09 20:58:26,352|100,0|0,0|0,0|995|913|82|3,15|0,60|0,84|0,00
2013-10-09 20:58:32,132|98,0|2,0|0,0|995|913|82|3,15|0,60|0,41|0,00
2013-10-09 20:58:37,888|100,0|0,0|0,0|995|913|82|3,15|0,60|6,17|29,87
2013-10-09 20:58:43,671|100,0|0,0|0,0|995|913|82|3,15|0,60|8,51|260,46
2013-10-09 20:58:49,490|100,0|0,0|0,0|995|919|76|3,15|0,60|9,68|51,42
2013-10-09 20:58:55,233|100,0|0,0|0,0|995|919|76|3,15|0,60|0,83|0,71
2013-10-09 20:59:00,958|98,0|2,0|0,0|995|919|76|3,15|0,60|6,14|22,19
2013-10-09 20:59:06,684|100,0|0,0|0,0|995|919|76|3,15|0,60|6,62|0,71
2013-10-09 20:59:12,431|98,0|2,0|0,0|995|920|75|3,15|0,60|10,38|19,28
2013-10-09 20:59:18,177|100,0|0,0|0,0|995|919|76|3,15|0,61|0,78|0,00
2013-10-09 20:59:23,946|96,0|4,0|0,0|995|919|76|3,15|0,61|0,32|0,00
2013-10-09 20:59:29,681|100,0|0,0|0,0|995|919|75|3,15|0,61|2,15|1,39
2013-10-09 20:59:35,458|96,0|3,9|0,0|995|919|76|3,15|0,61|1,45|0,71
2013-10-09 20:59:41,221|100,0|0,0|0,0|995|919|76|3,15|0,61|9,34|34,00
2013-10-09 20:59:46,968|100,0|0,0|0,0|995|919|76|3,15|0,61|8,29|0,00
2013-10-09 20:59:52,770|100,0|0,0|0,0|995|919|76|3,15|0,61|10,64|54,97
2013-10-09 20:59:58,500|100,0|0,0|0,0|995|919|76|3,15|0,61|1,64|0,00
2013-10-09 21:00:04,288|100,0|0,0|0,0|995|919|76|3,15|0,61|11,54|54,96
2013-10-09 21:00:10,031|100,0|0,0|0,0|995|919|76|3,15|0,61|5,66|0,00
2013-10-09 21:00:15,777|98,0|2,0|0,0|995|919|76|3,15|0,61|4,72|24,18
2013-10-09 21:00:21,508|100,0|0,0|0,0|995|919|76|3,15|0,61|0,69|0,00
2013-10-09 21:00:27,239|96,0|4,0|0,0|995|919|76|3,15|0,61|4,11|23,38
2013-10-09 21:00:32,982|100,0|0,0|0,0|995|919|76|3,15|0,61|2,23|0,71
2013-10-09 21:00:38,756|96,0|4,0|0,0|995|919|76|3,15|0,61|1,36|0,71
2013-10-09 21:00:44,493|62,0|0,0|38,0|995|882|113|3,15|0,61|0,29|0,00
2013-10-09 21:00:50,012|36,0|4,0|60,0|995|883|112|3,15|0,61|5,01|25,00
2013-10-09 21:00:55,532|0,0|0,0|100,0|995|882|113|3,15|0,61|1,12|0,93
2013-10-09 21:01:01,093|0,0|0,0|100,0|995|882|112|3,15|0,61|11,18|59,45
2013-10-09 21:01:06,792|0,0|0,0|100,0|995|882|113|3,15|0,61|2,32|0,64
2013-10-09 21:01:12,536|42,0|0,0|57,9|995|882|113|3,15|0,61|7,76|33,20
2013-10-09 21:01:18,160|0,0|0,0|100,0|995|882|113|3,15|0,61|0,06|0,00
2013-10-09 21:01:23,732|0,0|0,0|100,0|995|882|113|3,15|0,61|0,78|0,00
2013-10-09 21:01:29,272|4,0|6,0|90,0|995|883|112|3,15|0,61|3,05|25,28
2013-10-09 21:01:34,833|1,9|0,0|98,0|995|882|113|3,15|0,61|0,35|0,00
2013-10-09 21:01:40,380|0,0|0,0|100,0|995|882|113|3,15|0,61|12,67|58,91
2013-10-09 21:01:45,896|2,0|0,0|98,0|995|882|113|3,15|0,61|2,02|0,00
2013-10-09 21:01:51,408|0,0|0,0|100,0|995|882|113|3,15|0,61|6,58|32,64
2013-10-09 21:01:56,975|4,0|4,0|91,8|995|882|113|3,15|0,61|0,53|0,00
2013-10-09 21:02:02,514|0,0|0,0|100,0|995|882|113|3,15|0,61|1,58|0,00
2013-10-09 21:02:08,037|2,0|0,0|98,0|995|883|112|3,15|0,61|9,92|57,81
2013-10-09 21:02:13,542|0,0|0,0|98,0|995|882|113|3,15|0,61|2,98|0,00
2013-10-09 21:02:19,116|0,0|0,0|100,0|995|882|113|3,15|0,61|5,96|32,60
2013-10-09 21:02:24,646|8,0|4,0|88,0|995|882|113|3,15|0,61|0,36|0,00
2013-10-09 21:02:30,155|0,0|0,0|100,0|995|882|113|3,15|0,61|0,27|0,00
2013-10-09 21:02:35,642|0,0|0,0|100,0|995|882|113|3,15|0,61|9,80|59,60
2013-10-09 21:02:41,158|2,0|0,0|98,0|995|882|113|3,15|0,61|0,41|0,00
2013-10-09 21:02:46,726|0,0|0,0|100,0|995|882|112|3,15|0,61|0,72|0,00
2013-10-09 21:02:52,300|4,0|4,0|91,8|995|882|112|3,15|0,61|5,29|26,74
2013-10-09 21:02:57,865|0,0|0,0|100,0|995|882|112|3,15|0,61|1,52|0,00
2013-10-09 21:03:03,390|0,0|0,0|100,0|995|882|112|3,15|0,61|6,81|33,54
2013-10-09 21:03:08,977|1,9|3,9|94,1|995|882|112|3,15|0,61|0,12|0,00
2013-10-09 21:03:14,502|98,0|2,0|0,0|995|888|106|3,15|0,61|0,35|0,00
2013-10-09 21:03:20,133|94,1|5,8|0,0|995|907|88|3,15|0,61|3,46|26,43
2013-10-09 21:03:25,880|100,0|0,0|0,0|995|907|88|3,15|0,61|0,79|0,00
2013-10-09 21:03:31,626|100,0|0,0|0,0|995|908|87|3,15|0,61|10,19|60,31
2013-10-09 21:03:37,368|98,0|1,9|0,0|995|908|87|3,15|0,61|1,13|0,00
2013-10-09 21:03:43,166|98,0|1,9|0,0|995|909|86|3,15|0,61|6,72|35,24
2013-10-09 21:03:48,920|100,0|0,0|0,0|995|909|86|3,15|0,61|0,98|0,00
2013-10-09 21:03:54,702|100,0|0,0|0,0|995|909|85|3,15|0,61|5,75|33,81
2013-10-09 21:04:00,470|100,0|0,0|0,0|995|910|85|3,15|0,61|0,68|0,00
2013-10-09 21:04:06,308|100,0|0,0|0,0|995|910|85|3,15|0,61|5,06|33,95
2013-10-09 21:04:12,088|100,0|0,0|0,0|995|910|84|3,15|0,61|0,12|0,00
2013-10-09 21:04:17,868|100,0|0,0|0,0|995|910|84|3,15|0,61|1,39|0,00
2013-10-09 21:04:23,662|96,0|3,9|0,0|995|895|100|3,15|0,61|0,87|0,06
2013-10-09 21:04:29,408|94,0|4,0|0,0|995|898|97|3,15|0,61|18,88|581,80
2013-10-09 21:04:35,218|94,0|4,0|0,0|995|913|81|3,14|0,61|5,18|26,67
2013-10-09 21:04:41,009|100,0|0,0|0,0|995|914|81|3,14|0,61|0,00|0,00
2013-10-09 21:04:46,744|100,0|0,0|0,0|995|914|81|3,14|0,61|9,51|61,35
2013-10-09 21:04:52,478|100,0|0,0|0,0|995|914|81|3,14|0,61|0,52|0,00
2013-10-09 21:04:58,296|100,0|0,0|0,0|995|914|81|3,14|0,61|7,11|34,64
2013-10-09 21:05:04,042|96,0|4,0|0,0|995|914|81|3,14|0,61|1,10|0,00
2013-10-09 21:05:09,802|100,0|0,0|0,0|995|914|81|3,14|0,61|0,12|0,00
2013-10-09 21:05:15,544|100,0|0,0|0,0|995|914|81|3,14|0,61|9,87|61,50
2013-10-09 21:05:21,294|100,0|0,0|0,0|995|914|81|3,14|0,61|0,90|0,00
2013-10-09 21:05:27,105|100,0|0,0|0,0|995|914|81|3,14|0,61|5,42|34,98
2013-10-09 21:05:32,881|100,0|0,0|0,0|995|914|81|3,14|0,61|0,29|0,00
2013-10-09 21:05:38,663|100,0|0,0|0,0|995|914|81|3,14|0,61|3,35|0,00
2013-10-09 21:05:44,488|96,0|2,0|0,0|995|914|81|3,14|0,61|0,41|0,00
2013-10-09 21:05:50,236|100,0|0,0|0,0|995|914|81|3,14|0,61|0,92|0,00
2013-10-09 21:05:55,980|97,9|2,0|0,0|995|914|81|3,14|0,61|6,63|26,79
2013-10-09 21:06:01,710|100,0|0,0|0,0|995|913|81|3,14|0,61|2,15|0,00
2013-10-09 21:06:07,502|100,0|0,0|0,0|995|914|81|3,14|0,61|9,89|62,33
2013-10-09 21:06:13,256|100,0|0,0|0,0|995|914|81|3,14|0,61|0,18|0,00
2013-10-09 21:06:19,008|100,0|0,0|0,0|995|914|81|3,14|0,61|0,46|0,00
2013-10-09 21:06:24,778|98,0|2,0|0,0|995|914|81|3,14|0,61|0,62|0,00
2013-10-09 21:06:30,536|100,0|0,0|0,0|995|914|81|3,14|0,61|0,35|0,00
2013-10-09 21:06:36,334|98,0|1,9|0,0|995|915|80|3,14|0,61|8,09|61,17
2013-10-09 21:06:42,116|100,0|0,0|0,0|995|914|81|3,14|0,61|0,18|0,00
2013-10-09 21:06:47,908|100,0|0,0|0,0|995|914|81|3,14|0,61|6,21|35,96
2013-10-09 21:06:53,700|96,0|4,0|0,0|995|882|112|3,14|0,61|0,89|0,00
2013-10-09 21:06:59,345|0,0|0,0|100,0|995|882|112|3,14|0,61|1,58|0,71
2013-10-09 21:07:04,869|0,0|0,0|100,0|995|882|112|3,14|0,61|7,71|38,52
2013-10-09 21:07:10,424|2,0|2,0|93,8|995|883|112|3,14|0,61|0,12|0,00
2013-10-09 21:07:15,968|0,0|0,0|100,0|995|883|112|3,14|0,61|1,76|0,00
2013-10-09 21:07:21,512|0,0|0,0|100,0|995|883|112|3,14|0,61|13,51|63,19
2013-10-09 21:07:27,044|0,0|0,0|100,0|995|882|112|3,14|0,61|1,62|0,00
2013-10-09 21:07:32,547|0,0|0,0|100,0|995|883|112|3,14|0,61|1,36|0,00
2013-10-09 21:07:38,106|2,0|4,0|93,8|995|883|112|3,14|0,61|6,17|26,74
2013-10-09 21:07:43,554|0,0|0,0|100,0|995|883|112|3,14|0,61|0,44|0,00
2013-10-09 21:07:49,104|0,0|0,0|100,0|995|883|112|3,14|0,61|5,39|36,82
2013-10-09 21:07:54,635|6,1|4,0|89,7|995|883|112|3,14|0,61|0,63|0,00
2013-10-09 21:08:00,181|0,0|0,0|100,0|995|883|112|3,14|0,61|0,36|0,00
2013-10-09 21:08:05,753|0,0|0,0|100,0|995|883|112|3,14|0,61|10,08|63,76
2013-10-09 21:08:11,271|0,0|0,0|100,0|995|883|112|3,14|0,61|0,23|0,00
2013-10-09 21:08:16,859|0,0|0,0|100,0|995|883|112|3,14|0,61|0,06|0,00
2013-10-09 21:08:22,395|0,0|0,0|100,0|995|883|112|3,14|0,61|11,51|63,98
2013-10-09 21:08:27,925|2,0|0,0|98,0|995|883|112|3,14|0,61|1,06|0,00
2013-10-09 21:08:33,490|0,0|0,0|100,0|995|883|112|3,14|0,61|0,06|0,00
2013-10-09 21:08:38,988|0,0|0,0|100,0|995|883|112|3,14|0,61|10,34|64,17
2013-10-09 21:08:44,525|0,0|6,0|94,0|995|883|112|3,14|0,61|3,20|0,00
2013-10-09 21:08:50,060|100,0|0,0|0,0|995|919|76|3,14|0,61|1,69|0,00
2013-10-09 21:08:55,866|100,0|0,0|0,0|995|919|76|3,14|0,61|9,51|64,35
2013-10-09 21:09:01,630|98,0|1,9|0,0|995|919|76|3,14|0,61|5,89|0,00
2013-10-09 21:09:07,410|0,0|0,0|100,0|995|883|112|3,14|0,61|0,71|0,00
2013-10-09 21:09:13,034|1,9|1,9|96,0|995|884|111|3,14|0,61|6,46|62,08
2013-10-09 21:09:18,604|0,0|0,0|100,0|995|883|112|3,14|0,61|0,12|0,00
2013-10-09 21:09:24,156|0,0|0,0|100,0|995|883|112|3,14|0,61|0,87|0,00
2013-10-09 21:09:29,668|0,0|0,0|100,0|995|883|112|3,14|0,61|9,57|64,94
2013-10-09 21:09:35,140|2,0|0,0|98,0|995|883|112|3,14|0,61|0,44|0,00
2013-10-09 21:09:40,729|0,0|0,0|100,0|995|883|112|3,14|0,61|0,92|0,00
2013-10-09 21:09:46,274|0,0|0,0|100,0|995|883|112|3,14|0,61|13,23|65,23
2013-10-09 21:09:51,792|4,0|2,0|94,0|995|883|112|3,14|0,61|0,61|0,00
2013-10-09 21:09:57,295|0,0|0,0|100,0|995|883|112|3,14|0,61|0,18|0,00
2013-10-09 21:10:02,858|0,0|0,0|100,0|995|883|112|3,14|0,61|7,37|38,66
2013-10-09 21:10:08,426|6,0|4,0|90,0|995|883|112|3,14|0,61|0,77|0,00
2013-10-09 21:10:13,975|0,0|0,0|100,0|995|883|112|3,14|0,61|0,41|0,00
2013-10-09 21:10:19,520|0,0|0,0|100,0|995|883|112|3,14|0,61|1,73|0,04
2013-10-09 21:10:25,076|6,0|4,0|88,0|995|883|112|3,14|0,61|4,98|26,85
2013-10-09 21:10:30,588|0,0|0,0|100,0|995|883|112|3,14|0,61|0,43|0,00
2013-10-09 21:10:36,138|2,0|0,0|98,0|995|883|112|3,14|0,61|1,74|0,00
2013-10-09 21:10:41,679|12,0|88,0|0,0|995|884|111|3,14|0,61|10,21|66,07
2013-10-09 21:10:47,476|12,0|88,0|0,0|995|884|111|3,14|0,61|2,63|0,00
2013-10-09 21:10:53,236|14,0|86,0|0,0|995|884|111|3,14|0,61|3,22|0,17
2013-10-09 21:10:58,975|0,0|0,0|100,0|995|883|111|3,14|0,61|11,62|66,15
2013-10-09 21:11:04,485|4,0|2,0|93,8|995|883|111|3,14|0,61|0,78|0,00
2013-10-09 21:11:09,998|0,0|0,0|100,0|995|883|111|3,14|0,61|0,18|0,00
2013-10-09 21:11:15,481|0,0|0,0|100,0|995|883|111|3,14|0,61|0,35|0,00
2013-10-09 21:11:21,031|0,0|0,0|100,0|995|883|111|3,14|0,61|10,62|66,30
2013-10-09 21:11:26,555|4,0|2,0|93,8|995|883|111|3,14|0,61|0,73|0,00
2013-10-09 21:11:32,087|0,0|0,0|100,0|995|883|111|3,14|0,61|0,60|0,00
2013-10-09 21:11:37,613|0,0|0,0|100,0|995|883|111|3,14|0,61|0,91|0,00
2013-10-09 21:11:43,139|0,0|0,0|100,0|995|883|111|3,14|0,61|9,81|66,66
2013-10-09 21:11:48,690|2,0|6,0|92,0|995|883|111|3,14|0,61|5,50|0,00
2013-10-09 21:11:54,263|0,0|0,0|100,0|995|884|111|3,14|0,61|0,78|0,00
2013-10-09 21:11:59,798|0,0|0,0|100,0|995|884|111|3,14|0,61|0,68|0,00
2013-10-09 21:12:05,372|0,0|0,0|100,0|995|884|111|3,14|0,61|8,86|66,58
2013-10-09 21:12:10,905|2,0|2,0|96,0|995|883|111|3,14|0,61|1,78|0,00
2013-10-09 21:12:16,451|0,0|0,0|100,0|995|884|111|3,14|0,61|0,06|0,00
2013-10-09 21:12:22,010|0,0|0,0|100,0|995|884|111|3,14|0,61|1,06|0,00
2013-10-09 21:12:27,592|0,0|0,0|100,0|995|884|111|3,14|0,61|10,74|67,20
2013-10-09 21:12:33,152|2,0|0,0|98,0|995|884|111|3,14|0,61|0,86|0,00
2013-10-09 21:12:38,767|0,0|0,0|100,0|995|884|111|3,14|0,61|1,53|0,00
2013-10-09 21:12:44,333|0,0|0,0|100,0|995|884|111|3,14|0,61|0,33|0,00
2013-10-09 21:12:49,930|0,0|0,0|100,0|995|884|111|3,14|0,61|10,61|67,50
2013-10-09 21:12:55,438|2,0|6,1|91,8|995|884|111|3,14|0,61|0,56|0,00
2013-10-09 21:13:00,990|0,0|0,0|100,0|995|884|111|3,14|0,61|1,16|0,00
2013-10-09 21:13:06,533|0,0|0,0|100,0|995|884|111|3,14|0,61|0,91|0,00
2013-10-09 21:13:12,137|0,0|0,0|100,0|995|884|111|3,14|0,61|9,64|67,80
2013-10-09 21:13:17,708|4,1|4,1|91,6|995|884|111|3,14|0,61|0,29|0,00
2013-10-09 21:13:23,222|0,0|0,0|100,0|995|884|111|3,14|0,61|1,32|0,00
2013-10-09 21:13:28,770|0,0|0,0|100,0|995|884|111|3,14|0,61|1,11|0,00
2013-10-09 21:13:34,294|0,0|0,0|100,0|995|884|111|3,14|0,61|7,24|42,69
2013-10-09 21:13:39,840|4,0|4,0|92,0|995|885|110|3,14|0,61|0,38|0,00
2013-10-09 21:13:45,406|0,0|1,9|98,0|995|884|111|3,14|0,61|0,23|0,00
2013-10-09 21:13:50,991|0,0|0,0|100,0|995|884|111|3,14|0,61|1,28|0,00
2013-10-09 21:13:56,477|0,0|0,0|100,0|995|884|111|3,14|0,61|1,95|1,46
2013-10-09 21:14:02,052|0,0|2,0|98,0|995|885|110|3,14|0,61|9,02|68,27
2013-10-09 21:14:07,541|4,0|6,1|89,7|995|884|111|3,14|0,61|0,81|0,00
2013-10-09 21:14:13,057|0,0|0,0|100,0|995|884|111|3,14|0,61|1,13|0,00
2013-10-09 21:14:18,552|0,0|0,0|100,0|995|884|111|3,14|0,61|0,70|0,00
2013-10-09 21:14:24,060|0,0|0,0|100,0|995|884|111|3,14|0,61|7,83|42,24
2013-10-09 21:14:29,649|4,0|6,1|89,7|995|885|110|3,14|0,61|4,40|26,54
2013-10-09 21:14:35,167|2,0|0,0|98,0|995|884|111|3,14|0,61|1,03|0,00
2013-10-09 21:14:40,718|0,0|0,0|100,0|995|884|111|3,14|0,61|0,00|0,00
2013-10-09 21:14:46,266|0,0|0,0|100,0|995|884|111|3,14|0,61|7,71|0,00
2013-10-09 21:14:51,781|0,0|0,0|100,0|995|884|111|3,14|0,61|10,98|69,15
2013-10-09 21:14:57,291|3,9|5,8|88,2|995|885|109|3,14|0,61|0,18|0,00
2013-10-09 21:15:02,858|0,0|0,0|100,0|995|884|111|3,14|0,61|1,15|0,00
2013-10-09 21:15:08,438|0,0|0,0|100,0|995|884|111|3,14|0,61|0,44|0,00
2013-10-09 21:15:13,975|0,0|0,0|100,0|995|884|111|3,14|0,61|0,47|0,00
2013-10-09 21:15:19,508|0,0|0,0|100,0|995|884|111|3,14|0,61|0,23|0,00
2013-10-09 21:15:25,053|0,0|0,0|100,0|995|884|111|3,14|0,61|0,32|0,00
2013-10-09 21:15:30,560|0,0|0,0|100,0|995|884|111|3,14|0,61|0,41|0,00
2013-10-09 21:15:36,097|0,0|0,0|100,0|995|884|111|3,14|0,61|0,94|0,00
2013-10-09 21:15:41,639|0,0|0,0|100,0|995|884|111|3,14|0,61|0,29|0,00
2013-10-09 21:15:47,168|0,0|0,0|100,0|995|884|111|3,14|0,61|0,86|0,00
2013-10-09 21:15:52,715|0,0|0,0|100,0|995|884|111|3,14|0,61|1,64|0,00
2013-10-09 21:15:58,273|0,0|0,0|100,0|995|884|111|3,14|0,61|6,47|0,00
2013-10-09 21:16:03,802|0,0|0,0|100,0|995|884|111|3,14|0,61|0,59|0,00
2013-10-09 21:16:09,311|0,0|0,0|100,0|995|884|111|3,14|0,61|1,36|0,00
2013-10-09 21:16:14,893|0,0|0,0|100,0|995|884|111|3,14|0,61|0,73|0,00
2013-10-09 21:16:20,423|0,0|0,0|100,0|995|884|111|3,14|0,61|1,53|0,00
2013-10-09 21:16:26,014|0,0|0,0|100,0|995|884|111|3,14|0,61|1,06|0,00
2013-10-09 21:16:31,545|0,0|0,0|100,0|995|884|111|3,14|0,61|1,03|0,00
2013-10-09 21:16:37,134|0,0|0,0|100,0|995|884|111|3,14|0,61|0,99|0,00
2013-10-09 21:16:42,666|0,0|0,0|100,0|995|884|111|3,14|0,61|1,99|0,00
2013-10-09 21:16:48,190|0,0|0,0|100,0|995|884|111|3,14|0,61|1,29|0,00
2013-10-09 21:16:53,693|0,0|0,0|100,0|995|884|111|3,14|0,61|1,64|0,00
2013-10-09 21:16:59,240|0,0|0,0|100,0|995|884|111|3,14|0,61|2,97|0,00
2013-10-09 21:17:04,788|0,0|0,0|100,0|995|884|111|3,14|0,61|1,41|0,00
2013-10-09 21:17:10,300|0,0|0,0|100,0|995|884|111|3,14|0,61|0,35|0,00
2013-10-09 21:17:15,817|0,0|0,0|100,0|995|884|111|3,14|0,61|0,23|0,00
2013-10-09 21:17:21,318|0,0|0,0|100,0|995|884|111|3,14|0,61|0,35|0,00
2013-10-09 21:17:26,864|0,0|0,0|100,0|995|884|111|3,14|0,61|0,79|0,00
2013-10-09 21:17:32,404|0,0|0,0|100,0|995|884|111|3,14|0,61|0,57|0,00
2013-10-09 21:17:37,927|0,0|0,0|100,0|995|884|111|3,14|0,61|1,14|0,00
2013-10-09 21:17:43,442|0,0|0,0|100,0|995|884|111|3,14|0,61|1,33|0,00
2013-10-09 21:17:48,999|0,0|0,0|100,0|995|884|111|3,14|0,61|1,41|0,00
2013-10-09 21:17:54,535|0,0|0,0|100,0|995|884|111|3,14|0,61|1,54|0,00
2013-10-09 21:18:00,051|0,0|0,0|100,0|995|884|111|3,14|0,61|1,14|0,00
