2013-10-25 18:22:37,236|96,0|4,0|0,0|995|439|556|27,05|3,47|1,90|0,00
2013-10-25 18:22:42,988|100,0|0,0|0,0|995|439|556|27,05|3,47|0,29|0,00
2013-10-25 18:22:48,742|100,0|0,0|0,0|995|439|556|27,05|3,47|1,77|0,00
2013-10-25 18:22:54,490|98,0|1,9|0,0|995|439|556|27,05|3,47|0,12|0,00
2013-10-25 18:23:00,236|100,0|0,0|0,0|995|439|556|27,05|3,47|0,41|0,00
2013-10-25 18:23:05,976|76,0|24,0|0,0|995|438|557|27,05|3,47|0,57|0,00
2013-10-25 18:23:11,718|84,0|16,0|0,0|995|437|557|27,05|3,47|1,08|0,00
2013-10-25 18:23:17,459|80,0|20,0|0,0|995|437|557|27,04|3,47|0,77|0,00
2013-10-25 18:23:23,203|84,0|16,0|0,0|995|437|557|27,04|3,47|0,23|0,00
2013-10-25 18:23:28,999|76,0|24,0|0,0|995|440|555|27,04|3,47|0,23|0,00
2013-10-25 18:23:34,739|82,0|18,0|0,0|995|440|555|27,04|3,47|1,09|0,00
2013-10-25 18:23:40,483|78,0|22,0|0,0|995|440|555|27,04|3,47|0,60|0,00
2013-10-25 18:23:46,227|80,3|19,6|0,0|995|440|555|27,04|3,47|0,49|6,22
2013-10-25 18:23:51,967|80,0|20,0|0,0|995|440|555|27,04|3,47|1,70|6,05
2013-10-25 18:23:57,703|84,0|16,0|0,0|995|440|555|27,04|3,47|1,10|1,66
2013-10-25 18:24:03,447|84,3|15,6|0,0|995|440|555|27,04|3,47|1,87|0,54
2013-10-25 18:24:09,187|83,6|16,3|0,0|995|438|557|27,04|3,47|1,07|0,00
2013-10-25 18:24:14,931|80,0|20,0|0,0|995|438|557|27,04|3,47|0,82|0,00
2013-10-25 18:24:20,674|82,0|18,0|0,0|995|438|557|27,04|3,47|1,06|0,00
2013-10-25 18:24:26,414|82,0|18,0|0,0|995|438|557|27,04|3,47|0,53|0,00
2013-10-25 18:24:32,203|86,0|14,0|0,0|995|438|557|27,04|3,47|0,59|0,00
2013-10-25 18:24:37,955|83,6|16,3|0,0|995|438|557|27,04|3,47|0,23|0,00
2013-10-25 18:24:43,698|78,0|22,0|0,0|995|438|557|27,04|3,47|0,29|0,00
2013-10-25 18:24:49,447|84,0|16,0|0,0|995|438|557|27,04|3,47|0,47|0,00
2013-10-25 18:24:55,193|98,0|2,0|0,0|995|438|557|27,04|3,47|0,72|0,00
2013-10-25 18:25:00,943|98,0|1,9|0,0|995|440|554|27,04|3,47|0,54|0,00
2013-10-25 18:25:06,691|98,0|2,0|0,0|995|440|554|27,04|3,47|0,93|1,70
2013-10-25 18:25:12,450|96,0|4,0|0,0|995|440|554|27,04|3,47|0,66|1,66
2013-10-25 18:25:18,202|100,0|0,0|0,0|995|440|554|27,04|3,47|0,89|1,66
2013-10-25 18:25:23,948|96,0|4,0|0,0|995|440|554|27,04|3,47|0,12|0,00
2013-10-25 18:25:29,691|98,0|2,0|0,0|995|440|554|27,04|3,47|0,41|1,71
2013-10-25 18:25:35,459|96,0|4,0|0,0|995|440|554|27,04|3,47|0,91|0,00
2013-10-25 18:25:41,211|100,0|0,0|0,0|995|440|554|27,04|3,47|1,23|0,00
2013-10-25 18:25:46,961|96,0|4,0|0,0|995|440|554|27,04|3,47|0,79|0,00
2013-10-25 18:25:52,707|98,0|2,0|0,0|995|440|554|27,04|3,47|0,65|0,00
2013-10-25 18:25:58,458|97,9|2,0|0,0|995|440|554|27,04|3,47|1,29|0,00
2013-10-25 18:26:04,204|96,0|4,0|0,0|995|440|555|27,04|3,47|1,87|0,68
2013-10-25 18:26:09,955|100,0|0,0|0,0|995|440|555|27,04|3,47|1,22|0,11
2013-10-25 18:26:15,719|94,1|5,8|0,0|995|440|555|27,04|3,47|0,62|0,00
2013-10-25 18:26:21,471|98,0|2,0|0,0|995|440|555|27,04|3,47|0,83|0,00
2013-10-25 18:26:27,214|97,9|2,0|0,0|995|440|555|27,04|3,47|1,39|0,00
2013-10-25 18:26:32,961|98,0|2,0|0,0|995|440|555|27,04|3,47|1,02|0,00
2013-10-25 18:26:38,710|98,0|2,0|0,0|995|440|555|27,04|3,47|1,51|0,00
2013-10-25 18:26:44,452|97,9|2,0|0,0|995|440|555|27,04|3,47|0,52|0,00
2013-10-25 18:26:50,218|100,0|0,0|0,0|995|440|555|27,04|3,47|0,98|0,00
2013-10-25 18:26:55,966|96,0|4,0|0,0|995|440|555|27,04|3,47|0,78|0,00
2013-10-25 18:27:01,767|98,0|2,0|0,0|995|440|555|27,04|3,47|1,93|0,00
2013-10-25 18:27:07,523|80,0|20,0|0,0|995|440|555|27,03|3,47|1,75|0,00
2013-10-25 18:27:13,278|80,0|20,0|0,0|995|440|555|27,03|3,47|6,41|0,00
2013-10-25 18:27:19,023|84,3|15,6|0,0|995|440|555|27,03|3,47|1,88|0,00
2013-10-25 18:27:24,769|79,5|20,4|0,0|995|440|555|27,03|3,47|1,73|0,51
2013-10-25 18:27:30,507|77,5|22,4|0,0|995|441|554|27,03|3,47|0,36|1,67
2013-10-25 18:27:36,271|76,0|24,0|0,0|995|441|554|27,03|3,47|1,30|7,66
2013-10-25 18:27:42,018|81,6|18,3|0,0|995|440|555|27,03|3,47|0,38|0,00
2013-10-25 18:27:47,759|82,0|18,0|0,0|995|440|555|27,03|3,47|1,52|0,48
2013-10-25 18:27:53,501|78,0|22,0|0,0|995|440|555|27,03|3,47|0,74|1,00
2013-10-25 18:27:59,246|96,0|4,0|0,0|995|441|554|27,03|3,47|0,64|0,00
2013-10-25 18:28:04,995|100,0|0,0|0,0|995|440|554|27,03|3,47|1,56|0,30
2013-10-25 18:28:10,747|96,0|3,9|0,0|995|440|554|27,03|3,47|1,47|0,44
2013-10-25 18:28:16,551|94,1|5,8|0,0|995|441|554|27,03|3,47|1,44|6,32
2013-10-25 18:28:22,207|0,0|0,0|100,0|995|132|863|27,03|3,47|0,32|0,00
2013-10-25 18:28:27,735|0,0|0,0|100,0|995|131|863|27,03|3,47|1,27|0,14
2013-10-25 18:28:33,206|0,0|0,0|100,0|995|131|863|27,03|3,47|0,47|0,11
2013-10-25 18:28:38,736|0,0|0,0|100,0|995|131|863|27,03|3,47|0,76|0,00
2013-10-25 18:28:44,280|0,0|2,0|98,0|995|132|863|27,03|3,47|0,71|4,46
2013-10-25 18:28:49,834|0,0|0,0|100,0|995|131|863|27,03|3,47|2,10|0,00
2013-10-25 18:28:55,359|0,0|0,0|100,0|995|132|863|27,03|3,47|1,42|0,00
2013-10-25 18:29:00,902|94,0|6,0|0,0|995|153|841|27,03|3,47|0,69|0,00
2013-10-25 18:29:06,625|0,0|0,0|100,0|995|185|810|27,03|3,47|1,02|0,00
2013-10-25 18:29:12,195|0,0|0,0|100,0|995|185|810|27,03|3,47|0,53|1,66
2013-10-25 18:29:17,727|0,0|0,0|100,0|995|185|810|27,03|3,47|0,33|1,66
2013-10-25 18:29:23,242|100,0|0,0|0,0|995|215|779|27,03|3,47|1,45|0,00
2013-10-25 18:29:29,037|100,0|0,0|0,0|995|215|779|27,03|3,47|0,38|0,00
2013-10-25 18:29:34,791|100,0|0,0|0,0|995|215|779|27,03|3,47|1,99|0,00
2013-10-25 18:29:40,529|100,0|0,0|0,0|995|215|779|27,03|3,47|0,54|0,00
2013-10-25 18:29:46,277|100,0|0,0|0,0|995|215|779|27,03|3,47|0,56|0,00
2013-10-25 18:29:52,033|0,0|0,0|100,0|995|216|779|27,03|3,47|0,91|0,00
2013-10-25 18:29:57,585|0,0|0,0|100,0|995|216|779|27,03|3,47|0,59|0,00
2013-10-25 18:30:03,115|0,0|0,0|100,0|995|216|779|27,03|3,47|2,52|1,66
2013-10-25 18:30:08,660|0,0|0,0|100,0|995|216|779|27,03|3,47|0,79|7,73
2013-10-25 18:30:14,212|0,0|0,0|100,0|995|216|779|27,03|3,47|0,27|0,00
2013-10-25 18:30:19,736|0,0|0,0|100,0|995|216|779|27,03|3,47|1,76|0,00
2013-10-25 18:30:25,289|0,0|0,0|100,0|995|216|779|27,03|3,47|0,66|0,00
2013-10-25 18:30:30,839|0,0|1,9|98,0|995|216|779|27,03|3,47|0,23|0,00
2013-10-25 18:30:36,323|0,0|0,0|100,0|995|216|779|27,03|3,47|1,01|6,02
2013-10-25 18:30:41,855|0,0|0,0|100,0|995|216|779|27,03|3,47|0,32|1,67
2013-10-25 18:30:47,339|0,0|0,0|100,0|995|216|779|27,03|3,47|0,57|0,00
2013-10-25 18:30:52,861|0,0|0,0|100,0|995|216|779|27,03|3,47|0,71|0,00
2013-10-25 18:30:58,371|100,0|0,0|0,0|995|223|772|27,03|3,47|1,71|0,00
2013-10-25 18:31:04,178|100,0|0,0|0,0|995|223|772|27,02|3,47|0,89|0,00
2013-10-25 18:31:09,954|100,0|0,0|0,0|995|223|772|27,02|3,47|1,15|0,00
2013-10-25 18:31:15,710|100,0|0,0|0,0|995|223|772|27,02|3,47|0,56|0,00
2013-10-25 18:31:21,474|100,0|0,0|0,0|995|223|772|27,02|3,47|1,22|6,00
2013-10-25 18:31:27,240|0,0|0,0|100,0|995|223|772|27,02|3,47|0,57|4,72
2013-10-25 18:31:32,749|0,0|0,0|100,0|995|223|772|27,02|3,47|0,43|6,00
2013-10-25 18:31:38,315|0,0|0,0|100,0|995|220|774|27,02|3,47|1,27|0,00
2013-10-25 18:31:43,851|0,0|0,0|100,0|995|220|774|27,02|3,47|0,24|0,13
2013-10-25 18:31:49,372|0,0|0,0|100,0|995|220|774|27,02|3,47|1,40|0,00
2013-10-25 18:31:54,946|0,0|0,0|100,0|995|220|774|27,02|3,47|0,52|0,00
2013-10-25 18:32:00,479|0,0|0,0|100,0|995|220|774|27,02|3,47|0,47|0,00
2013-10-25 18:32:05,996|0,0|0,0|100,0|995|220|774|27,02|3,47|2,14|0,00
2013-10-25 18:32:11,537|0,0|0,0|100,0|995|220|774|27,02|3,47|0,32|0,00
2013-10-25 18:32:17,087|0,0|0,0|100,0|995|220|774|27,02|3,47|6,49|0,00
2013-10-25 18:32:22,611|0,0|0,0|100,0|995|221|774|27,02|3,47|0,99|0,00
2013-10-25 18:32:28,126|0,0|0,0|100,0|995|221|774|27,02|3,47|0,83|0,00
2013-10-25 18:32:33,697|0,0|0,0|100,0|995|221|774|27,02|3,47|1,84|0,00
2013-10-25 18:32:39,220|0,0|0,0|100,0|995|221|774|27,02|3,47|0,35|0,00
2013-10-25 18:32:44,743|0,0|0,0|100,0|995|221|774|27,02|3,47|0,23|0,00
2013-10-25 18:32:50,295|0,0|0,0|100,0|995|221|774|27,02|3,47|1,76|0,00
2013-10-25 18:32:55,844|0,0|0,0|100,0|995|221|774|27,02|3,47|1,70|0,00
2013-10-25 18:33:01,369|0,0|0,0|100,0|995|221|774|27,02|3,47|0,59|0,00
2013-10-25 18:33:06,877|0,0|0,0|100,0|995|221|774|27,02|3,47|1,35|0,00
2013-10-25 18:33:12,449|0,0|0,0|100,0|995|221|774|27,02|3,47|0,50|0,00
2013-10-25 18:33:17,983|0,0|0,0|100,0|995|221|774|27,02|3,47|0,50|0,00
2013-10-25 18:33:23,500|0,0|0,0|100,0|995|221|774|27,02|3,47|0,18|0,00
2013-10-25 18:33:29,073|0,0|0,0|100,0|995|221|774|27,02|3,47|1,02|0,00
2013-10-25 18:33:34,607|1,9|0,0|98,0|995|221|774|27,02|3,47|8,49|0,00
2013-10-25 18:33:40,128|0,0|0,0|100,0|995|221|774|27,02|3,47|2,88|0,00
2013-10-25 18:33:45,638|0,0|0,0|100,0|995|221|774|27,02|3,47|0,23|0,00
2013-10-25 18:33:51,207|0,0|0,0|100,0|995|221|774|27,02|3,47|0,81|0,00
2013-10-25 18:33:56,737|0,0|0,0|100,0|995|221|774|27,02|3,47|0,38|0,00
2013-10-25 18:34:02,249|0,0|0,0|100,0|995|221|774|27,02|3,47|1,51|0,00
2013-10-25 18:34:07,802|0,0|0,0|100,0|995|221|774|27,02|3,47|0,62|0,00
2013-10-25 18:34:13,351|0,0|0,0|100,0|995|221|774|27,02|3,47|0,21|0,00
2013-10-25 18:34:18,876|0,0|0,0|100,0|995|221|774|27,02|3,47|0,38|0,00
2013-10-25 18:34:24,423|0,0|0,0|100,0|995|221|774|27,02|3,47|1,24|0,00
2013-10-25 18:34:29,975|0,0|0,0|100,0|995|221|774|27,02|3,47|0,18|0,00
2013-10-25 18:34:35,537|0,0|0,0|100,0|995|221|774|27,02|3,47|1,03|0,06
2013-10-25 18:34:41,094|1,9|0,0|98,0|995|221|774|27,02|3,47|1,54|0,00
2013-10-25 18:34:46,616|0,0|0,0|100,0|995|221|774|27,02|3,47|9,64|129,40
2013-10-25 18:34:52,138|0,0|0,0|100,0|995|221|774|27,02|3,47|0,49|0,00
2013-10-25 18:34:57,708|6,0|6,0|88,0|995|221|774|27,01|3,47|0,59|0,00
2013-10-25 18:35:03,240|3,9|0,0|96,0|995|222|773|27,01|3,47|4,17|193,87
2013-10-25 18:35:08,772|2,0|6,0|92,0|995|221|774|27,01|3,47|7,29|195,26
2013-10-25 18:35:14,348|6,1|4,0|89,7|995|221|774|27,01|3,47|6,46|195,33
2013-10-25 18:35:19,875|4,0|6,1|89,7|995|221|774|27,01|3,47|7,02|195,39
2013-10-25 18:35:25,423|0,0|2,0|98,0|995|222|773|27,01|3,47|9,06|208,50
2013-10-25 18:35:30,981|0,0|0,0|100,0|995|221|774|27,01|3,47|11,03|208,81
2013-10-25 18:35:36,534|0,0|0,0|100,0|995|221|774|27,01|3,47|7,10|13,49
2013-10-25 18:35:42,121|0,0|0,0|100,0|995|221|774|27,01|3,47|5,29|13,56
2013-10-25 18:35:47,639|0,0|0,0|100,0|995|221|774|27,01|3,47|5,37|13,68
2013-10-25 18:35:53,208|0,0|0,0|100,0|995|221|774|27,01|3,47|0,56|0,00
2013-10-25 18:35:58,856|0,0|0,0|100,0|995|221|774|27,01|3,47|0,96|0,00
2013-10-25 18:36:04,427|2,0|0,0|98,0|995|221|774|27,01|3,47|2,33|0,00
2013-10-25 18:36:10,027|4,0|8,0|88,0|995|221|774|27,01|3,47|1,69|0,00
2013-10-25 18:36:15,600|6,0|6,0|88,0|995|221|774|27,01|3,47|0,53|0,00
2013-10-25 18:36:21,125|2,0|6,0|92,0|995|221|774|27,01|3,47|6,90|195,53
2013-10-25 18:36:26,624|5,8|5,8|86,2|995|221|774|27,01|3,47|6,17|195,27
2013-10-25 18:36:32,188|0,0|0,0|100,0|995|221|774|27,01|3,47|17,43|209,72
2013-10-25 18:36:37,740|0,0|0,0|100,0|995|221|774|27,01|3,47|9,42|15,68
2013-10-25 18:36:43,348|0,0|0,0|100,0|995|221|774|27,01|3,47|4,94|14,37
2013-10-25 18:36:48,960|0,0|0,0|100,0|995|221|774|27,01|3,47|5,43|14,50
2013-10-25 18:36:54,500|0,0|0,0|100,0|995|221|774|27,01|3,48|3,38|1,39
2013-10-25 18:37:00,134|0,0|0,0|100,0|995|221|774|27,01|3,48|1,86|0,00
2013-10-25 18:37:05,691|2,0|0,0|98,0|995|221|774|27,01|3,48|1,36|0,00
2013-10-25 18:37:11,236|5,8|5,8|88,2|995|221|774|27,01|3,48|8,67|0,00
2013-10-25 18:37:16,818|6,0|6,0|88,0|995|221|774|27,01|3,48|4,02|0,00
2013-10-25 18:37:22,392|5,8|5,8|88,2|995|221|774|27,01|3,48|7,23|195,14
2013-10-25 18:37:27,945|2,0|4,0|94,0|995|221|773|27,01|3,48|6,55|195,27
2013-10-25 18:37:33,500|0,0|0,0|100,0|995|221|774|27,01|3,48|9,40|17,93
2013-10-25 18:37:39,086|0,0|0,0|100,0|995|221|774|27,01|3,48|6,12|15,15
2013-10-25 18:37:44,624|2,0|0,0|98,0|995|221|774|27,01|3,48|1,01|0,00
2013-10-25 18:37:50,257|0,0|0,0|100,0|995|221|773|27,01|3,48|0,41|0,00
2013-10-25 18:37:55,758|2,0|10,2|87,7|995|221|773|27,01|3,48|0,41|0,00
2013-10-25 18:38:01,305|0,0|2,0|98,0|995|222|773|27,01|3,48|4,83|195,15
2013-10-25 18:38:06,856|3,9|7,8|86,2|995|221|773|27,01|3,48|7,52|195,33
2013-10-25 18:38:12,431|0,0|0,0|100,0|995|221|774|27,01|3,48|12,38|210,79
2013-10-25 18:38:18,111|78,0|22,0|0,0|995|223|772|27,01|3,48|2,03|0,27
2013-10-25 18:38:23,847|78,0|22,0|0,0|995|223|772|27,01|3,48|1,03|0,27
2013-10-25 18:38:29,767|78,4|21,5|0,0|995|224|771|27,01|3,48|9,23|209,50
2013-10-25 18:38:35,507|56,0|44,0|0,0|995|223|772|27,01|3,48|1,73|0,34
2013-10-25 18:38:41,657|54,0|46,0|0,0|995|223|772|27,01|3,48|8,58|0,27
2013-10-25 18:38:47,783|46,9|53,0|0,0|995|223|771|27,00|3,48|1,85|0,34
2013-10-25 18:38:53,871|40,8|59,1|0,0|995|224|770|27,00|3,48|13,16|210,23
2013-10-25 18:38:59,990|44,0|56,0|0,0|995|223|771|27,00|3,48|6,14|16,52
2013-10-25 18:39:06,111|48,9|51,0|0,0|995|223|771|27,00|3,48|2,39|0,27
2013-10-25 18:39:12,315|44,0|56,0|0,0|995|224|771|27,00|3,48|1,55|0,27
2013-10-25 18:39:18,439|50,0|50,0|0,0|995|224|771|27,00|3,48|0,75|0,06
2013-10-25 18:39:24,543|45,0|54,9|0,0|995|224|771|27,00|3,48|6,24|195,31
2013-10-25 18:39:30,615|52,0|48,0|0,0|995|224|771|27,00|3,48|4,95|16,74
2013-10-25 18:39:36,757|82,0|18,0|0,0|995|223|771|27,00|3,48|7,17|18,00
2013-10-25 18:39:42,530|76,0|24,0|0,0|995|223|771|27,00|3,48|5,20|16,75
2013-10-25 18:39:48,374|90,0|10,0|0,0|995|258|737|27,00|3,48|5,32|16,76
2013-10-25 18:39:54,245|96,0|4,0|0,0|995|258|737|27,00|3,48|5,99|16,83
2013-10-25 18:40:00,031|92,1|7,8|0,0|995|258|736|27,00|3,48|5,28|17,09
2013-10-25 18:40:05,795|94,0|6,0|0,0|995|258|737|27,00|3,48|4,89|1,39
2013-10-25 18:40:11,603|94,1|5,8|0,0|995|259|736|27,00|3,48|1,77|4,46
2013-10-25 18:40:17,435|93,8|6,1|0,0|995|259|736|27,00|3,48|5,18|23,12
2013-10-25 18:40:23,219|96,0|4,0|0,0|995|259|736|27,00|3,48|0,82|0,06
2013-10-25 18:40:29,035|93,8|6,1|0,0|995|259|736|27,00|3,48|0,92|0,06
2013-10-25 18:40:34,862|96,0|4,0|0,0|995|259|736|27,00|3,48|0,61|0,00
2013-10-25 18:40:40,694|96,0|4,0|0,0|995|259|736|27,00|3,48|2,95|0,06
2013-10-25 18:40:46,537|94,0|6,0|0,0|995|308|687|27,00|3,48|0,41|0,00
2013-10-25 18:40:52,348|92,0|8,0|0,0|995|308|687|27,00|3,48|1,45|0,00
2013-10-25 18:40:58,226|96,0|4,0|0,0|995|308|687|27,00|3,48|0,77|0,00
2013-10-25 18:41:04,053|92,0|8,0|0,0|995|308|687|27,00|3,48|0,87|0,00
2013-10-25 18:41:09,871|93,8|6,1|0,0|995|308|687|27,00|3,48|0,62|0,00
2013-10-25 18:41:15,697|90,0|10,0|0,0|995|308|687|27,00|3,48|0,56|0,00
2013-10-25 18:41:21,527|94,0|6,0|0,0|995|308|687|27,00|3,48|2,73|2,99
2013-10-25 18:41:27,343|92,0|8,0|0,0|995|308|687|27,00|3,48|5,14|4,20
2013-10-25 18:41:33,139|94,0|6,0|0,0|995|308|687|27,00|3,48|4,92|24,05
2013-10-25 18:41:38,878|94,0|6,0|0,0|995|308|687|27,00|3,48|1,81|2,08
2013-10-25 18:41:44,675|92,0|8,0|0,0|995|308|687|27,00|3,48|4,99|0,44
2013-10-25 18:41:50,502|98,0|2,0|0,0|995|428|567|27,00|3,48|3,57|6,15
2013-10-25 18:41:56,343|94,0|6,0|0,0|995|428|567|27,00|3,48|2,62|0,06
2013-10-25 18:42:02,175|89,7|10,2|0,0|995|428|567|27,00|3,48|10,94|0,00
2013-10-25 18:42:07,987|90,0|10,0|0,0|995|428|567|27,00|3,48|1,52|0,00
2013-10-25 18:42:13,806|96,0|4,0|0,0|995|428|567|27,00|3,48|1,76|0,00
2013-10-25 18:42:19,635|94,0|6,0|0,0|995|428|567|27,00|3,48|0,38|0,00
2013-10-25 18:42:25,439|94,0|6,0|0,0|995|428|567|27,00|3,48|3,06|0,00
2013-10-25 18:42:31,203|98,0|2,0|0,0|995|428|567|27,00|3,48|0,18|0,00
2013-10-25 18:42:37,016|92,0|8,0|0,0|995|428|567|26,99|3,48|0,90|0,00
2013-10-25 18:42:42,779|93,8|6,1|0,0|995|428|567|26,99|3,48|0,70|0,00
2013-10-25 18:42:48,535|92,0|8,0|0,0|995|428|567|26,99|3,48|0,97|0,00
2013-10-25 18:42:54,282|92,1|7,8|0,0|995|429|566|26,99|3,48|3,13|192,93
2013-10-25 18:43:00,025|87,7|12,2|0,0|995|428|567|26,99|3,48|6,51|195,30
2013-10-25 18:43:05,767|92,1|5,8|0,0|995|428|567|26,99|3,48|6,67|195,27
2013-10-25 18:43:11,511|96,0|4,0|0,0|995|428|567|26,99|3,48|10,90|214,40
2013-10-25 18:43:17,264|92,1|7,8|0,0|995|428|567|26,99|3,48|10,75|214,67
2013-10-25 18:43:23,014|93,8|6,1|0,0|995|428|567|26,99|3,48|7,12|19,72
2013-10-25 18:43:28,799|90,0|10,0|0,0|995|428|567|26,99|3,48|5,16|19,49
2013-10-25 18:43:34,577|94,0|6,0|0,0|995|428|567|26,99|3,48|5,60|19,62
2013-10-25 18:43:40,407|98,0|2,0|0,0|995|428|567|26,99|3,48|2,60|1,39
2013-10-25 18:43:46,175|94,0|6,0|0,0|995|428|567|26,99|3,48|0,23|0,00
2013-10-25 18:43:51,991|92,1|7,8|0,0|995|428|567|26,99|3,48|0,92|0,00
2013-10-25 18:43:57,824|94,0|6,0|0,0|995|428|567|26,99|3,48|1,97|0,00
2013-10-25 18:44:03,575|92,0|8,0|0,0|995|428|567|26,99|3,48|0,29|0,00
2013-10-25 18:44:09,365|94,0|6,0|0,0|995|428|567|26,99|3,48|2,19|0,06
2013-10-25 18:44:15,173|92,1|7,8|0,0|995|428|567|26,99|3,48|0,38|0,00
2013-10-25 18:44:20,927|87,7|12,2|0,0|995|428|567|26,99|3,48|0,29|0,00
2013-10-25 18:44:26,669|84,3|15,6|0,0|995|428|567|26,99|3,48|7,79|195,40
2013-10-25 18:44:32,407|90,0|10,0|0,0|995|429|566|26,99|3,48|8,62|214,39
2013-10-25 18:44:38,201|96,0|4,0|0,0|995|428|567|26,99|3,48|10,85|180,56
2013-10-25 18:44:43,941|92,1|7,8|0,0|995|428|567|26,99|3,48|4,84|20,60
2013-10-25 18:44:49,739|94,1|5,8|0,0|995|428|567|26,99|3,48|4,95|0,00
2013-10-25 18:44:55,559|90,0|10,0|0,0|995|428|567|26,99|3,48|5,10|0,00
2013-10-25 18:45:01,331|84,3|15,6|0,0|995|428|567|26,99|3,48|1,13|0,00
2013-10-25 18:45:07,107|92,0|8,0|0,0|995|429|566|26,99|3,48|8,07|194,89
2013-10-25 18:45:12,904|100,0|0,0|0,0|995|428|567|26,99|3,48|13,39|216,03
2013-10-25 18:45:18,659|98,0|0,0|0,0|995|428|567|26,99|3,48|5,39|21,04
2013-10-25 18:45:24,507|98,0|2,0|0,0|995|428|567|26,99|3,48|0,59|0,00
2013-10-25 18:45:30,323|100,0|0,0|0,0|995|428|566|26,99|3,48|2,32|0,00
2013-10-25 18:45:36,072|93,8|6,1|0,0|995|428|566|26,99|3,48|1,09|0,00
2013-10-25 18:45:41,826|97,9|2,0|0,0|995|428|566|26,99|3,48|6,16|195,13
2013-10-25 18:45:47,631|98,0|1,9|0,0|995|428|567|26,99|3,48|10,26|216,40
2013-10-25 18:45:53,387|98,0|2,0|0,0|995|428|566|26,99|3,48|5,51|21,53
2013-10-25 18:45:59,156|98,0|2,0|0,0|995|428|566|26,99|3,48|2,16|0,00
2013-10-25 18:46:04,970|98,0|2,0|0,0|995|428|566|26,99|3,48|1,00|0,00
2013-10-25 18:46:10,759|94,1|5,8|0,0|995|428|566|26,99|3,48|0,67|0,00
2013-10-25 18:46:16,503|100,0|0,0|0,0|995|429|565|26,99|3,48|8,83|215,43
2013-10-25 18:46:22,260|100,0|0,0|0,0|995|428|566|26,99|3,48|5,24|21,82
2013-10-25 18:46:28,097|98,0|2,0|0,0|995|428|566|26,98|3,48|0,59|0,00
2013-10-25 18:46:33,885|100,0|0,0|0,0|995|428|566|26,98|3,48|0,84|0,00
2013-10-25 18:46:39,646|100,0|0,0|0,0|995|430|565|26,98|3,48|4,30|192,74
2013-10-25 18:46:45,410|94,1|5,8|0,0|995|428|566|26,98|3,48|6,50|194,95
2013-10-25 18:46:51,179|100,0|0,0|0,0|995|428|566|26,98|3,48|7,14|23,59
2013-10-25 18:46:56,946|98,0|1,9|0,0|995|428|566|26,98|3,48|3,05|1,39
2013-10-25 18:47:02,762|98,0|1,9|0,0|995|428|566|26,98|3,48|0,63|0,00
2013-10-25 18:47:08,518|95,9|4,0|0,0|995|428|566|26,98|3,48|0,99|0,00
2013-10-25 18:47:14,264|97,9|2,0|0,0|995|430|565|26,98|3,48|9,07|195,20
2013-10-25 18:47:20,038|100,0|0,0|0,0|995|428|566|26,98|3,48|5,44|22,53
2013-10-25 18:47:25,823|100,0|0,0|0,0|995|428|566|26,98|3,48|2,55|1,39
2013-10-25 18:47:31,603|100,0|0,0|0,0|995|428|566|26,98|3,48|2,16|0,00
2013-10-25 18:47:37,366|95,9|4,0|0,0|995|428|566|26,98|3,48|3,16|0,00
2013-10-25 18:47:43,115|96,0|4,0|0,0|995|430|565|26,98|3,48|8,92|216,51
2013-10-25 18:47:48,862|100,0|0,0|0,0|995|429|566|26,98|3,48|6,09|23,02
2013-10-25 18:47:54,663|100,0|0,0|0,0|995|429|566|26,98|3,48|1,18|0,06
2013-10-25 18:48:00,464|94,0|6,0|0,0|995|429|566|26,98|3,48|2,19|0,00
2013-10-25 18:48:06,248|98,0|2,0|0,0|995|428|566|26,98|3,48|8,64|195,07
2013-10-25 18:48:12,006|97,9|2,0|0,0|995|429|566|26,98|3,48|12,94|218,13
2013-10-25 18:48:17,814|98,0|1,9|0,0|995|429|566|26,98|3,48|2,67|1,46
2013-10-25 18:48:23,607|97,9|2,0|0,0|995|428|566|26,98|3,48|0,38|0,00
2013-10-25 18:48:29,362|96,0|4,0|0,0|995|429|566|26,98|3,48|3,30|0,00
2013-10-25 18:48:35,165|98,0|2,0|0,0|995|429|566|26,98|3,48|6,10|195,17
2013-10-25 18:48:40,923|100,0|0,0|0,0|995|429|566|26,98|3,48|5,36|23,63
2013-10-25 18:48:46,763|98,0|2,0|0,0|995|429|566|26,98|3,48|0,23|0,00
2013-10-25 18:48:52,564|92,0|8,0|0,0|995|429|566|26,98|3,48|1,23|0,00
2013-10-25 18:48:58,409|96,0|4,0|0,0|995|429|566|26,98|3,48|8,04|195,06
2013-10-25 18:49:04,161|100,0|0,0|0,0|995|429|566|26,98|3,48|11,18|219,11
2013-10-25 18:49:09,913|98,0|2,0|0,0|995|429|566|26,98|3,48|5,04|2,21
2013-10-25 18:49:15,690|100,0|0,0|0,0|995|429|566|26,98|3,48|0,21|0,00
2013-10-25 18:49:21,432|100,0|0,0|0,0|995|430|565|26,98|3,48|4,10|194,06
2013-10-25 18:49:27,239|100,0|0,0|0,0|995|429|566|26,98|3,48|11,98|220,76
2013-10-25 18:49:32,991|96,0|3,9|0,0|995|429|566|26,98|3,48|1,34|0,00
2013-10-25 18:49:38,839|100,0|0,0|0,0|995|429|565|26,98|3,48|14,85|0,00
2013-10-25 18:49:44,684|90,0|10,0|0,0|995|429|566|26,98|3,48|6,87|196,67
2013-10-25 18:49:50,437|96,0|4,0|0,0|995|429|566|26,98|3,48|6,48|30,54
2013-10-25 18:49:56,222|94,0|6,0|0,0|995|429|565|26,98|3,48|0,66|4,41
2013-10-25 18:50:02,019|90,0|10,0|0,0|995|429|565|26,98|3,48|0,43|4,41
2013-10-25 18:50:07,791|92,0|8,0|0,0|995|429|565|26,98|3,48|8,67|199,55
2013-10-25 18:50:13,531|90,0|10,0|0,0|995|429|565|26,98|3,48|5,48|24,85
2013-10-25 18:50:19,327|96,0|4,0|0,0|995|429|565|26,97|3,48|0,38|0,00
2013-10-25 18:50:25,074|89,7|10,2|0,0|995|429|565|26,97|3,48|5,97|195,14
2013-10-25 18:50:30,811|98,0|2,0|0,0|995|429|565|26,97|3,48|5,21|25,25
2013-10-25 18:50:36,552|100,0|0,0|0,0|995|429|566|26,97|3,48|1,90|0,00
2013-10-25 18:50:42,303|96,0|4,0|0,0|995|429|566|26,97|3,48|6,84|195,07
2013-10-25 18:50:48,050|100,0|0,0|0,0|995|429|565|26,97|3,48|4,97|26,77
2013-10-25 18:50:53,850|100,0|0,0|0,0|995|429|565|26,97|3,48|0,71|0,00
2013-10-25 18:50:59,666|98,0|2,0|0,0|995|430|564|26,97|3,48|4,71|193,61
2013-10-25 18:51:05,415|100,0|0,0|0,0|995|429|565|26,97|3,48|10,80|29,39
2013-10-25 18:51:11,198|98,0|2,0|0,0|995|429|565|26,97|3,48|2,52|4,41
2013-10-25 18:51:16,986|96,0|4,0|0,0|995|429|565|26,97|3,48|2,92|4,41
2013-10-25 18:51:22,781|100,0|0,0|0,0|995|429|565|26,97|3,48|12,32|226,60
2013-10-25 18:51:28,539|100,0|0,0|0,0|995|429|565|26,97|3,48|1,36|0,00
2013-10-25 18:51:34,314|95,9|4,0|0,0|995|429|565|26,97|3,48|1,62|0,00
2013-10-25 18:51:40,080|98,0|1,9|0,0|995|429|565|26,97|3,48|12,35|222,41
2013-10-25 18:51:45,874|100,0|0,0|0,0|995|429|565|26,97|3,48|1,94|0,00
2013-10-25 18:51:51,739|100,0|0,0|0,0|995|429|565|26,97|3,48|3,39|0,06
2013-10-25 18:51:57,547|96,0|4,0|0,0|995|429|565|26,97|3,48|6,01|194,94
2013-10-25 18:52:03,307|100,0|0,0|0,0|995|429|565|26,97|3,49|4,69|14,61
2013-10-25 18:52:09,071|100,0|0,0|0,0|995|429|565|26,97|3,49|3,01|0,00
2013-10-25 18:52:14,867|98,0|2,0|0,0|995|429|565|26,97|3,49|6,67|195,13
2013-10-25 18:52:20,632|100,0|0,0|0,0|995|430|565|26,97|3,49|4,36|8,81
2013-10-25 18:52:26,399|100,0|0,0|0,0|995|430|565|26,97|3,49|6,22|6,07
2013-10-25 18:52:32,192|92,1|7,8|0,0|995|430|565|26,97|3,49|8,77|199,54
2013-10-25 18:52:37,963|98,0|2,0|0,0|995|430|565|26,97|3,49|3,06|3,41
2013-10-25 18:52:43,791|100,0|0,0|0,0|995|430|565|26,97|3,49|3,57|4,41
2013-10-25 18:52:49,591|94,1|5,8|0,0|995|429|565|26,97|3,49|6,55|195,06
2013-10-25 18:52:55,403|100,0|0,0|0,0|995|430|565|26,97|3,49|5,08|28,44
2013-10-25 18:53:01,162|96,0|4,0|0,0|995|430|565|26,97|3,49|0,41|0,00
2013-10-25 18:53:06,924|96,0|4,0|0,0|995|430|565|26,97|3,49|9,67|195,07
2013-10-25 18:53:12,735|100,0|0,0|0,0|995|430|565|26,97|3,49|6,40|28,65
2013-10-25 18:53:18,483|98,0|2,0|0,0|995|430|565|26,97|3,49|0,67|0,00
2013-10-25 18:53:24,276|100,0|0,0|0,0|995|430|565|26,97|3,49|7,53|195,07
2013-10-25 18:53:30,034|100,0|0,0|0,0|995|430|565|26,97|3,49|0,93|0,00
2013-10-25 18:53:35,840|92,1|7,8|0,0|995|430|565|26,97|3,49|1,51|0,00
2013-10-25 18:53:41,664|100,0|0,0|0,0|995|431|564|26,97|3,49|9,65|226,97
2013-10-25 18:53:47,442|100,0|0,0|0,0|995|430|565|26,97|3,49|0,89|4,41
2013-10-25 18:53:53,244|91,8|8,1|0,0|995|430|565|26,97|3,49|1,62|4,41
2013-10-25 18:53:59,027|98,0|1,9|0,0|995|430|565|26,97|3,49|12,58|228,70
2013-10-25 18:54:04,780|98,0|0,0|0,0|995|430|565|26,97|3,49|1,19|0,00
2013-10-25 18:54:10,587|96,0|4,0|0,0|995|430|565|26,96|3,49|1,60|0,00
2013-10-25 18:54:16,336|100,0|0,0|0,0|995|430|565|26,96|3,49|5,87|29,58
2013-10-25 18:54:22,222|100,0|0,0|0,0|995|430|565|26,96|3,49|0,41|0,00
2013-10-25 18:54:28,022|100,0|0,0|0,0|995|430|565|26,96|3,49|6,19|195,11
2013-10-25 18:54:33,790|100,0|0,0|0,0|995|430|565|26,96|3,49|5,26|29,72
2013-10-25 18:54:39,564|100,0|0,0|0,0|995|430|565|26,96|3,49|2,65|0,00
2013-10-25 18:54:45,318|92,0|8,0|0,0|995|430|565|26,96|3,49|6,93|195,14
2013-10-25 18:54:51,135|98,0|0,0|0,0|995|430|565|26,96|3,49|1,31|0,00
2013-10-25 18:54:56,931|97,9|2,0|0,0|995|430|565|26,96|3,49|1,77|0,00
2013-10-25 18:55:02,733|100,0|0,0|0,0|995|430|565|26,96|3,49|10,76|225,23
2013-10-25 18:55:08,491|98,0|2,0|0,0|995|430|565|26,96|3,49|1,37|4,41
2013-10-25 18:55:14,248|100,0|0,0|0,0|995|432|563|26,96|3,49|1,34|32,14
2013-10-25 18:55:20,028|98,0|1,9|0,0|995|430|565|26,96|3,49|5,43|34,94
2013-10-25 18:55:25,818|100,0|0,0|0,0|995|430|565|26,96|3,49|0,47|0,00
2013-10-25 18:55:31,582|95,9|4,0|0,0|995|430|565|26,96|3,49|10,21|194,81
2013-10-25 18:55:37,344|100,0|0,0|0,0|995|430|565|26,96|3,49|3,88|0,00
2013-10-25 18:55:43,151|98,0|1,9|0,0|995|430|565|26,96|3,49|1,72|0,00
2013-10-25 18:55:48,978|100,0|0,0|0,0|995|430|565|26,96|3,49|11,11|225,60
2013-10-25 18:55:54,803|100,0|0,0|0,0|995|430|565|26,96|3,49|0,67|0,00
2013-10-25 18:56:00,579|98,0|2,0|0,0|995|430|565|26,96|3,49|6,54|195,20
2013-10-25 18:56:06,316|94,0|6,0|0,0|995|430|565|26,96|3,49|8,56|30,77
2013-10-25 18:56:12,103|89,7|10,2|0,0|995|430|565|26,96|3,49|1,69|0,00
2013-10-25 18:56:17,887|94,0|6,0|0,0|995|430|565|26,96|3,49|11,14|232,41
2013-10-25 18:56:23,623|96,0|4,0|0,0|995|430|565|26,96|3,49|0,97|4,41
2013-10-25 18:56:29,393|90,0|10,0|0,0|995|430|565|26,96|3,49|6,25|201,33
2013-10-25 18:56:35,131|92,0|8,0|0,0|995|430|565|26,96|3,49|1,26|4,41
2013-10-25 18:56:40,911|90,0|10,0|0,0|995|430|565|26,96|3,49|1,13|0,00
2013-10-25 18:56:46,668|95,9|4,0|0,0|995|430|565|26,96|3,49|6,18|31,39
2013-10-25 18:56:52,495|98,0|2,0|0,0|995|430|565|26,96|3,49|0,59|0,00
2013-10-25 18:56:58,275|94,0|6,0|0,0|995|430|565|26,96|3,49|9,40|197,67
2013-10-25 18:57:04,020|98,0|1,9|0,0|995|430|565|26,96|3,49|0,58|0,00
2013-10-25 18:57:09,771|94,0|6,0|0,0|995|430|565|26,96|3,49|2,38|0,00
2013-10-25 18:57:15,513|98,0|2,0|0,0|995|430|565|26,96|3,49|6,21|31,69
2013-10-25 18:57:21,322|96,0|3,9|0,0|995|430|564|26,96|3,49|0,65|0,00
2013-10-25 18:57:27,156|100,0|0,0|0,0|995|430|565|26,96|3,49|11,33|229,52
2013-10-25 18:57:32,903|100,0|0,0|0,0|995|430|564|26,96|3,49|0,83|4,41
2013-10-25 18:57:38,695|96,0|4,0|0,0|995|430|565|26,96|3,49|8,14|201,83
2013-10-25 18:57:44,545|98,0|1,9|0,0|995|430|564|26,96|3,49|0,78|4,41
2013-10-25 18:57:50,317|94,0|6,0|0,0|995|430|564|26,96|3,49|0,93|4,41
2013-10-25 18:57:56,113|100,0|0,0|0,0|995|430|564|26,96|3,49|5,75|32,19
2013-10-25 18:58:01,858|98,0|1,9|0,0|995|430|565|26,95|3,49|0,47|0,00
2013-10-25 18:58:07,653|92,1|7,8|0,0|995|430|564|26,95|3,49|11,70|228,03
2013-10-25 18:58:13,411|100,0|0,0|0,0|995|430|564|26,95|3,49|0,38|0,00
2013-10-25 18:58:19,223|94,1|5,8|0,0|995|430|565|26,95|3,49|6,85|197,47
2013-10-25 18:58:24,987|100,0|0,0|0,0|995|430|565|26,95|3,49|0,44|0,00
2013-10-25 18:58:30,738|96,0|4,0|0,0|995|430|565|26,95|3,49|19,84|197,60
2013-10-25 18:58:36,486|100,0|0,0|0,0|995|430|564|26,95|3,49|3,43|0,30
2013-10-25 18:58:42,265|96,0|4,0|0,0|995|430|565|26,95|3,49|2,37|0,00
2013-10-25 18:58:48,039|100,0|0,0|0,0|995|430|564|26,95|3,49|5,72|37,25
2013-10-25 18:58:53,851|98,0|2,0|0,0|995|430|565|26,95|3,49|1,18|4,41
2013-10-25 18:58:59,647|98,0|1,9|0,0|995|430|564|26,95|3,49|10,22|196,48
2013-10-25 18:59:05,399|100,0|0,0|0,0|995|430|565|26,95|3,49|1,34|4,41
2013-10-25 18:59:11,191|98,0|2,0|0,0|995|431|563|26,95|3,49|9,99|227,56
2013-10-25 18:59:16,957|98,0|1,9|0,0|995|430|565|26,95|3,49|0,73|0,00
2013-10-25 18:59:22,757|96,0|4,0|0,0|995|430|564|26,95|3,49|6,07|197,41
2013-10-25 18:59:28,519|100,0|0,0|0,0|995|430|564|26,95|3,49|1,13|0,00
2013-10-25 18:59:34,310|96,0|4,0|0,0|995|430|565|26,95|3,49|1,05|0,40
2013-10-25 18:59:40,060|98,0|1,9|0,0|995|430|565|26,95|3,49|3,38|1,44
2013-10-25 18:59:45,894|96,0|4,0|0,0|995|430|564|26,95|3,49|3,80|0,78
2013-10-25 18:59:51,535|0,0|0,0|100,0|995|133|861|26,95|3,49|3,45|0,30
2013-10-25 18:59:57,092|4,0|2,0|94,0|995|135|860|26,95|3,49|0,44|0,00
2013-10-25 19:00:02,672|0,0|0,0|100,0|995|133|862|26,95|3,49|0,41|0,00
2013-10-25 19:00:08,188|6,0|4,0|88,0|995|133|861|26,95|3,49|7,71|202,55
2013-10-25 19:00:13,762|0,0|0,0|100,0|995|134|861|26,95|3,49|0,74|0,00
2013-10-25 19:00:19,359|0,0|0,0|100,0|995|134|861|26,95|3,49|11,18|232,09
2013-10-25 19:00:24,899|0,0|0,0|100,0|995|134|861|26,95|3,49|0,23|0,00
2013-10-25 19:00:30,436|0,0|1,9|98,0|995|134|861|26,95|3,49|6,08|34,44
2013-10-25 19:00:36,048|1,9|1,9|96,0|995|134|861|26,95|3,49|1,62|0,00
2013-10-25 19:00:41,548|0,0|0,0|100,0|995|134|861|26,95|3,49|6,07|8,67
2013-10-25 19:00:47,080|6,0|6,0|84,0|995|134|861|26,95|3,49|0,86|4,41
2013-10-25 19:00:52,644|0,0|0,0|98,0|995|134|861|26,95|3,49|2,31|0,00
2013-10-25 19:00:58,175|4,0|6,1|89,7|995|134|861|26,95|3,49|7,48|197,71
2013-10-25 19:01:03,692|0,0|0,0|98,0|995|134|861|26,95|3,49|1,32|0,00
2013-10-25 19:01:09,268|0,0|0,0|100,0|995|134|861|26,95|3,49|2,21|0,00
