2013-10-25 20:58:26,446|1,9|0,0|98,0|995|207|787|26,65|3,54|0,75|0,00
2013-10-25 20:58:31,991|0,0|2,0|98,0|995|206|789|26,65|3,54|0,37|0,00
2013-10-25 20:58:37,540|0,0|0,0|100,0|995|206|789|26,65|3,54|0,00|0,00
2013-10-25 20:58:43,065|0,0|0,0|100,0|995|206|789|26,65|3,54|1,73|0,00
2013-10-25 20:58:48,570|0,0|0,0|100,0|995|206|789|26,65|3,54|0,73|0,00
2013-10-25 20:58:54,142|0,0|0,0|100,0|995|206|789|26,65|3,54|0,00|0,00
2013-10-25 20:58:59,675|0,0|0,0|100,0|995|206|789|26,65|3,54|1,36|0,00
2013-10-25 20:59:05,149|0,0|0,0|100,0|995|206|789|26,65|3,54|0,63|0,00
2013-10-25 20:59:10,681|0,0|0,0|100,0|995|206|789|26,65|3,54|0,56|0,00
2013-10-25 20:59:16,195|1,9|9,8|88,2|995|206|789|26,64|3,54|7,27|202,81
2013-10-25 20:59:21,768|6,1|6,1|87,7|995|206|789|26,64|3,54|1,15|0,00
2013-10-25 20:59:27,316|0,0|0,0|100,0|995|206|789|26,64|3,54|4,80|4,33
2013-10-25 20:59:32,905|3,9|0,0|96,0|995|207|788|26,64|3,54|9,08|206,02
2013-10-25 20:59:38,440|2,0|0,0|97,9|995|208|787|26,64|3,54|2,00|103,21
2013-10-25 20:59:44,010|2,0|0,0|98,0|995|206|788|26,64|3,54|1,19|0,00
2013-10-25 20:59:49,603|0,0|1,9|98,0|995|206|788|26,64|3,54|8,95|7,16
2013-10-25 20:59:55,395|96,0|4,0|0,0|995|233|761|26,64|3,54|1,46|1,41
2013-10-25 21:00:01,176|95,9|4,0|0,0|995|233|762|26,64|3,54|3,30|1,72
2013-10-25 21:00:07,078|71,4|8,1|20,4|995|233|762|26,64|3,54|7,63|206,88
2013-10-25 21:00:12,967|86,2|3,9|9,8|995|233|761|26,64|3,54|3,68|1,41
2013-10-25 21:00:18,968|0,0|0,0|100,0|995|233|761|26,64|3,54|8,56|9,24
2013-10-25 21:00:24,547|4,0|6,1|89,7|995|233|761|26,64|3,54|7,33|213,86
2013-10-25 21:00:30,067|4,0|8,1|87,7|995|233|761|26,64|3,54|2,71|4,41
2013-10-25 21:00:35,572|86,0|4,0|10,0|995|234|760|26,64|3,54|1,60|1,41
2013-10-25 21:00:41,340|76,0|0,0|24,0|995|234|761|26,64|3,54|12,32|216,02
2013-10-25 21:00:47,247|83,6|4,0|12,2|995|234|761|26,64|3,54|1,37|1,41
2013-10-25 21:00:53,128|96,0|0,0|4,0|995|235|760|26,64|3,54|4,68|2,87
2013-10-25 21:00:58,995|74,0|2,0|24,0|995|234|761|26,64|3,54|19,70|218,97
2013-10-25 21:01:04,652|2,0|4,0|93,8|995|233|762|26,64|3,54|7,41|213,29
2013-10-25 21:01:10,183|6,1|4,0|89,7|995|233|761|26,64|3,54|1,06|0,00
2013-10-25 21:01:15,755|0,0|1,9|98,0|995|233|761|26,64|3,54|7,39|11,73
2013-10-25 21:01:21,366|0,0|0,0|100,0|995|233|761|26,64|3,54|10,93|224,95
2013-10-25 21:01:26,919|8,0|4,0|88,0|995|233|762|26,64|3,54|5,92|213,34
2013-10-25 21:01:32,474|84,0|14,0|0,0|995|234|761|26,64|3,54|0,42|0,00
2013-10-25 21:01:38,171|91,8|8,1|0,0|995|234|761|26,64|3,54|6,46|6,07
2013-10-25 21:01:44,002|78,0|22,0|0,0|995|235|759|26,64|3,54|5,96|214,91
2013-10-25 21:01:49,779|80,0|18,0|0,0|995|234|761|26,64|3,54|3,79|0,00
2013-10-25 21:01:55,546|80,0|20,0|0,0|995|234|761|26,64|3,54|8,39|9,53
2013-10-25 21:02:01,278|0,0|1,9|98,0|995|234|761|26,64|3,54|10,41|223,49
2013-10-25 21:02:06,851|5,8|7,8|86,2|995|233|762|26,64|3,54|0,26|0,00
2013-10-25 21:02:12,431|2,0|0,0|98,0|995|233|762|26,64|3,54|2,35|1,39
2013-10-25 21:02:17,980|0,0|0,0|100,0|995|233|762|26,64|3,54|11,00|225,12
2013-10-25 21:02:23,540|8,0|4,0|88,0|995|233|762|26,64|3,54|6,62|219,05
2013-10-25 21:02:29,071|91,8|8,1|0,0|995|234|760|26,64|3,54|0,59|0,00
2013-10-25 21:02:34,975|80,3|19,6|0,0|995|234|761|26,64|3,54|17,05|225,40
2013-10-25 21:02:40,751|73,4|26,5|0,0|995|234|760|26,64|3,54|0,65|0,00
2013-10-25 21:02:46,520|87,7|12,2|0,0|995|234|761|26,64|3,54|6,10|6,88
2013-10-25 21:02:52,359|80,0|20,0|0,0|995|234|761|26,64|3,54|5,89|222,85
2013-10-25 21:02:58,021|0,0|1,9|98,0|995|233|761|26,64|3,54|0,36|0,00
2013-10-25 21:03:03,667|0,0|0,0|100,0|995|233|761|26,64|3,54|4,95|7,16
2013-10-25 21:03:09,243|0,0|0,0|100,0|995|233|761|26,64|3,54|12,18|230,97
2013-10-25 21:03:14,802|88,0|4,0|6,0|995|233|761|26,63|3,54|9,17|225,24
2013-10-25 21:03:20,521|89,7|10,2|0,0|995|238|756|26,63|3,54|1,84|12,95
2013-10-25 21:03:26,303|92,0|8,0|0,0|995|239|756|26,63|3,54|2,19|3,71
2013-10-25 21:03:32,107|94,0|6,0|0,0|995|247|748|26,63|3,54|2,65|0,64
2013-10-25 21:03:37,915|88,0|12,0|0,0|995|251|743|26,63|3,54|7,78|9,89
2013-10-25 21:03:43,707|88,2|11,7|0,0|995|248|747|26,63|3,54|13,25|238,43
2013-10-25 21:03:49,463|91,8|8,1|0,0|995|250|745|26,63|3,54|3,06|228,94
2013-10-25 21:03:55,235|2,0|8,0|88,0|995|242|753|26,63|3,54|1,05|0,00
2013-10-25 21:04:00,894|0,0|0,0|100,0|995|242|753|26,63|3,54|0,41|0,00
2013-10-25 21:04:06,454|1,9|0,0|98,0|995|242|753|26,63|3,54|0,74|0,00
2013-10-25 21:04:12,045|0,0|0,0|100,0|995|242|753|26,63|3,54|6,27|8,03
2013-10-25 21:04:17,655|0,0|0,0|100,0|995|242|752|26,63|3,54|6,65|9,50
2013-10-25 21:04:23,231|0,0|0,0|100,0|995|242|752|26,63|3,54|10,51|244,29
2013-10-25 21:04:28,794|90,1|3,9|5,8|995|242|752|26,63|3,54|7,04|237,50
2013-10-25 21:04:34,494|94,0|6,0|0,0|995|245|750|26,63|3,54|6,92|238,44
2013-10-25 21:04:40,283|90,0|10,0|0,0|995|248|747|26,63|3,54|7,66|238,52
2013-10-25 21:04:46,039|90,0|10,0|0,0|995|249|746|26,63|3,54|3,46|4,28
2013-10-25 21:04:51,815|96,0|4,0|0,0|995|254|741|26,63|3,54|1,14|0,27
2013-10-25 21:04:57,638|76,0|24,0|0,0|995|259|735|26,63|3,54|0,27|0,00
2013-10-25 21:05:03,475|94,1|5,8|0,0|995|249|745|26,63|3,54|5,04|9,77
2013-10-25 21:05:09,290|32,0|0,0|68,0|995|244|751|26,63|3,54|8,62|11,51
2013-10-25 21:05:14,968|0,0|0,0|100,0|995|244|751|26,63|3,54|11,44|255,77
2013-10-25 21:05:20,555|96,0|4,0|0,0|995|246|748|26,63|3,54|10,13|255,09
2013-10-25 21:05:26,419|90,0|10,0|0,0|995|250|745|26,63|3,54|7,82|246,99
2013-10-25 21:05:32,175|80,0|20,0|0,0|995|256|739|26,63|3,54|7,74|250,35
2013-10-25 21:05:37,930|90,0|10,0|0,0|995|249|746|26,63|3,54|2,34|1,42
2013-10-25 21:05:43,700|90,0|10,0|0,0|995|260|735|26,63|3,54|1,93|0,00
2013-10-25 21:05:49,463|94,0|6,0|0,0|995|254|741|26,63|3,54|1,47|0,71
2013-10-25 21:05:55,295|97,9|2,0|0,0|995|254|740|26,63|3,54|1,28|0,00
2013-10-25 21:06:01,112|0,0|0,0|100,0|995|245|750|26,63|3,54|5,52|9,36
2013-10-25 21:06:06,675|48,0|8,0|44,0|995|246|749|26,63|3,54|5,40|10,13
2013-10-25 21:06:12,583|93,8|6,1|0,0|995|248|747|26,63|3,54|6,13|11,49
2013-10-25 21:06:18,380|92,0|8,0|0,0|995|251|744|26,63|3,54|7,21|11,24
2013-10-25 21:06:24,210|96,0|4,0|0,0|995|256|738|26,63|3,54|9,71|12,85
2013-10-25 21:06:29,971|93,8|6,1|0,0|995|260|735|26,63|3,54|11,81|275,19
2013-10-25 21:06:35,719|94,0|6,0|0,0|995|253|742|26,63|3,54|11,46|275,01
2013-10-25 21:06:41,510|95,9|4,0|0,0|995|252|743|26,63|3,55|9,37|272,29
2013-10-25 21:06:47,305|91,8|4,0|4,0|995|247|748|26,63|3,55|6,16|267,47
2013-10-25 21:06:53,032|86,0|14,0|0,0|995|248|747|26,63|3,55|5,09|267,22
2013-10-25 21:06:58,853|88,2|11,7|0,0|995|254|741|26,63|3,55|7,55|270,20
2013-10-25 21:07:04,607|80,0|20,0|0,0|995|258|736|26,63|3,55|0,90|0,27
2013-10-25 21:07:10,363|90,0|10,0|0,0|995|254|741|26,63|3,55|1,40|0,27
2013-10-25 21:07:16,118|86,2|13,7|0,0|995|257|737|26,62|3,55|3,03|1,15
2013-10-25 21:07:21,906|92,0|8,0|0,0|995|256|739|26,62|3,55|0,69|0,57
2013-10-25 21:07:27,679|78,0|2,0|20,0|995|245|749|26,62|3,55|0,47|0,00
2013-10-25 21:07:33,322|6,0|4,0|90,0|995|245|749|26,62|3,55|3,39|0,00
2013-10-25 21:07:38,918|6,0|6,0|88,0|995|245|749|26,62|3,55|2,18|0,00
2013-10-25 21:07:44,542|0,0|0,0|100,0|995|245|749|26,62|3,55|2,93|0,71
2013-10-25 21:07:50,244|92,0|8,0|0,0|995|248|746|26,62|3,55|2,11|0,85
2013-10-25 21:07:56,067|84,0|16,0|0,0|995|255|740|26,62|3,55|2,72|0,27
2013-10-25 21:08:01,918|94,0|6,0|0,0|995|256|738|26,62|3,55|1,93|2,57
2013-10-25 21:08:07,695|90,0|10,0|0,0|995|264|731|26,62|3,55|2,20|0,27
2013-10-25 21:08:13,461|92,0|8,0|0,0|995|262|733|26,62|3,55|1,44|0,00
2013-10-25 21:08:19,211|88,2|9,8|0,0|995|263|731|26,62|3,55|1,20|1,72
2013-10-25 21:08:24,959|91,8|8,1|0,0|995|259|736|26,62|3,55|1,93|3,26
2013-10-25 21:08:30,746|0,0|0,0|100,0|995|254|741|26,62|3,55|8,45|0,00
2013-10-25 21:08:36,351|82,3|17,6|0,0|995|255|739|26,62|3,55|1,14|0,85
2013-10-25 21:08:42,161|89,7|10,2|0,0|995|258|736|26,62|3,55|3,47|0,41
2013-10-25 21:08:48,002|97,9|2,0|0,0|995|259|735|26,62|3,55|1,89|3,71
2013-10-25 21:08:53,767|93,8|6,1|0,0|995|265|729|26,62|3,55|1,11|0,27
2013-10-25 21:08:59,568|83,6|16,3|0,0|995|267|727|26,62|3,55|4,76|0,27
2013-10-25 21:09:05,371|92,0|8,0|0,0|995|260|734|26,62|3,55|1,21|2,29
2013-10-25 21:09:11,163|92,0|8,0|0,0|995|256|739|26,62|3,55|2,25|3,64
2013-10-25 21:09:16,925|2,0|4,0|93,8|995|250|745|26,62|3,55|8,54|299,51
2013-10-25 21:09:22,450|6,0|4,0|90,0|995|250|745|26,62|3,55|0,62|0,00
2013-10-25 21:09:27,972|86,2|13,7|0,0|995|251|743|26,62|3,55|1,15|0,84
2013-10-25 21:09:33,787|92,1|7,8|0,0|995|253|741|26,62|3,55|7,87|302,59
2013-10-25 21:09:39,555|92,0|8,0|0,0|995|261|733|26,62|3,55|11,45|313,27
2013-10-25 21:09:45,359|90,0|10,0|0,0|995|257|737|26,62|3,55|13,11|14,60
2013-10-25 21:09:51,159|95,9|4,0|0,0|995|259|735|26,62|3,55|5,45|14,48
2013-10-25 21:09:56,918|94,0|6,0|0,0|995|261|734|26,62|3,55|0,89|0,00
2013-10-25 21:10:02,718|100,0|0,0|0,0|995|255|739|26,62|3,55|0,68|0,00
2013-10-25 21:10:08,564|2,0|0,0|98,0|995|250|745|26,62|3,55|0,23|0,00
2013-10-25 21:10:14,089|2,0|0,0|98,0|995|250|745|26,62|3,55|1,08|0,00
2013-10-25 21:10:19,664|0,0|0,0|100,0|995|250|745|26,62|3,55|0,36|0,00
2013-10-25 21:10:25,228|4,0|4,0|89,7|995|250|745|26,62|3,55|1,32|0,00
2013-10-25 21:10:30,823|4,0|6,1|89,7|995|250|745|26,62|3,55|0,32|0,00
2013-10-25 21:10:36,352|4,0|2,0|94,0|995|252|743|26,62|3,55|0,55|7,53
2013-10-25 21:10:41,939|2,0|4,0|93,8|995|250|744|26,62|3,55|8,14|311,00
2013-10-25 21:10:47,353|4,0|6,1|89,7|995|250|745|26,62|3,55|7,76|311,88
2013-10-25 21:10:52,924|2,0|4,0|94,0|995|249|746|26,62|3,55|6,63|310,80
2013-10-25 21:10:58,455|0,0|0,0|100,0|995|248|747|26,62|3,55|11,21|323,70
2013-10-25 21:11:03,980|0,0|0,0|100,0|995|247|748|26,62|3,55|6,93|14,64
2013-10-25 21:11:09,584|0,0|0,0|100,0|995|247|748|26,61|3,55|5,09|13,26
2013-10-25 21:11:15,157|0,0|0,0|100,0|995|247|748|26,61|3,55|7,11|13,32
2013-10-25 21:11:20,704|0,0|0,0|100,0|995|247|747|26,61|3,55|7,63|1,39
2013-10-25 21:11:26,320|0,0|0,0|100,0|995|247|747|26,61|3,55|2,13|0,00
2013-10-25 21:11:31,861|0,0|2,0|98,0|995|247|747|26,61|3,55|2,03|0,00
2013-10-25 21:11:37,418|3,9|7,8|88,2|995|247|747|26,61|3,55|1,49|4,52
2013-10-25 21:11:43,025|10,0|4,0|86,0|995|248|747|26,61|3,55|4,51|0,00
2013-10-25 21:11:48,575|2,0|2,0|95,9|995|249|746|26,61|3,55|5,51|310,18
2013-10-25 21:11:54,086|4,0|8,0|88,0|995|248|747|26,61|3,55|6,91|311,88
2013-10-25 21:11:59,600|2,0|0,0|97,9|995|249|746|26,61|3,55|8,86|323,38
2013-10-25 21:12:05,181|0,0|0,0|100,0|995|248|747|26,61|3,55|11,25|327,50
2013-10-25 21:12:10,712|0,0|0,0|100,0|995|248|747|26,61|3,55|5,08|16,24
2013-10-25 21:12:16,278|0,0|0,0|100,0|995|248|747|26,61|3,55|8,48|16,07
2013-10-25 21:12:21,828|0,0|0,0|100,0|995|248|747|26,61|3,55|0,59|0,00
2013-10-25 21:12:27,347|0,0|0,0|100,0|995|248|747|26,61|3,55|0,95|0,00
2013-10-25 21:12:32,924|2,0|0,0|98,0|995|248|747|26,61|3,55|0,23|0,00
2013-10-25 21:12:38,458|0,0|1,9|98,0|995|248|747|26,61|3,55|0,70|0,00
2013-10-25 21:12:43,952|0,0|0,0|100,0|995|248|747|26,61|3,55|0,36|0,06
2013-10-25 21:12:49,471|0,0|0,0|100,0|995|248|747|26,61|3,55|0,90|6,00
2013-10-25 21:12:55,019|0,0|0,0|100,0|995|248|747|26,61|3,55|0,69|0,00
2013-10-25 21:13:00,567|0,0|0,0|100,0|995|248|747|26,61|3,55|1,11|0,00
