2013-08-16 23:34:12,1|0|0|0|0|0|0|0|0|0|0
2013-08-16 23:34:12,6|0|0|0|0|0|0|0|0|0|0
2013-08-16 23:34:12,11|0|0|0|0|0|0|0|0|0|0
2013-08-16 23:34:12,16|0|0|0|0|0|0|0|0|0|0
2013-08-16 23:34:12,21|0|0|100|995|153|842|1,77|2,9|0,06|0
2013-08-16 23:34:12,26|0|0|100|995|153|842|1,77|2,9|0,71|0
2013-08-16 23:34:12,31|0|2|98|995|151|843|1,77|2,9|0,61|0
2013-08-16 23:34:12,36|0|0|100|995|151|843|1,77|2,9|0,38|0
2013-08-16 23:34:12,41|0|0|100|995|151|843|1,77|2,9|0,43|0
2013-08-16 23:34:12,46|0|0|100|995|151|843|1,77|2,9|0,18|0
2013-08-16 23:34:12,51|0|0|100|995|151|843|1,77|2,9|0,78|0
2013-08-16 23:34:12,56|0|0|100|995|151|843|1,77|2,9|0,09|0
2013-08-16 23:34:12,61|0|0|100|995|151|843|1,77|2,9|0,55|0
2013-08-16 23:34:12,66|0|0|100|995|151|843|1,77|2,9|0,18|0
2013-08-16 23:34:12,71|0|1,9|98|995|151|843|1,77|2,9|4,66|4,02
2013-08-16 23:34:12,76|4|6,1|89,7|995|151|843|1,77|2,91|0,18|0,06
2013-08-16 23:34:12,81|0|0|100|995|151|843|1,77|2,91|5,37|4,12
2013-08-16 23:34:12,86|0|0|100|995|151|843|1,77|2,91|5,39|4,16
2013-08-16 23:34:12,91|2|0|97,9|995|152|842|1,77|2,91|3,55|2,88
2013-08-16 23:34:12,96|0|0|100|995|151|843|1,77|2,91|5,54|4,26
2013-08-16 23:34:12,101|6|6|88|995|151|843|1,77|2,91|0,42|0,06
2013-08-16 23:34:12,106|0|0|100|995|151|843|1,77|2,91|4,69|4,35
2013-08-16 23:34:12,111|4,1|4,1|91,6|995|152|843|1,77|2,91|0,15|0
2013-08-16 23:34:12,116|0|0|100|995|152|843|1,77|2,91|5,13|4,78
2013-08-16 23:34:12,121|2|4|93,8|995|152|843|1,77|2,91|2,97|0,86
2013-08-16 23:34:12,126|0|0|100|995|152|843|1,77|2,91|5,78|5,04
2013-08-16 23:34:12,131|98|0|0|995|917|77|1,77|2,91|4,53|4,6
2013-08-16 23:34:12,136|96|3,9|0|995|918|77|1,77|2,91|0,66|0
2013-08-16 23:34:12,141|100|0|0|995|920|75|1,77|2,91|4,54|4,79
2013-08-16 23:34:12,146|100|0|0|995|920|75|1,77|2,91|4,61|4,84
2013-08-16 23:34:12,151|96|4|0|995|920|75|1,77|2,91|0,06|0
2013-08-16 23:34:12,156|100|0|0|995|920|75|1,77|2,91|4,53|4,82
2013-08-16 23:34:12,161|100|0|0|995|920|75|1,77|2,91|5,36|4,8
2013-08-16 23:34:12,166|100|0|0|995|920|75|1,77|2,91|0,59|0
2013-08-16 23:34:12,171|94,1|5,8|0|995|920|75|1,77|2,91|0,41|0
2013-08-16 23:34:12,176|100|0|0|995|920|75|1,77|2,91|4,54|5,05
2013-08-16 23:34:12,181|100|0|0|995|920|75|1,77|2,91|4,66|5,12
2013-08-16 23:34:12,186|98|2|0|995|920|75|1,77|2,91|0,12|0
2013-08-16 23:34:12,191|98|0|0|995|920|75|1,77|2,91|5,03|5,26
2013-08-16 23:34:12,196|100|0|0|995|920|74|1,77|2,91|4,8|5,19
2013-08-16 23:34:12,201|97,9|2|0|995|920|75|1,77|2,91|0,93|0
2013-08-16 23:34:12,206|100|0|0|995|920|75|1,77|2,91|5,27|5,35
2013-08-16 23:34:12,211|98|0|0|995|920|75|1,77|2,91|3,68|2,65
2013-08-16 23:34:12,216|100|0|0|995|921|73|1,77|2,91|3,32|5,14
2013-08-16 23:34:12,221|100|0|0|995|920|74|1,77|2,92|5,02|5,67
2013-08-16 23:34:12,226|98|2|0|995|920|74|1,77|2,92|0|0
2013-08-16 23:34:12,231|100|0|0|995|920|74|1,77|2,92|5,02|5,52
2013-08-16 23:34:12,236|96|4|0|995|920|74|1,77|2,92|2,12|0,3
2013-08-16 23:34:12,241|100|0|0|995|920|74|1,77|2,92|4,6|5,73
2013-08-16 23:34:12,246|100|0|0|995|920|74|1,77|2,92|4,6|5,84
2013-08-16 23:34:12,251|98|2|0|995|922|73|1,77|2,92|0,06|0
2013-08-16 23:34:12,256|100|0|0|995|920|74|1,77|2,92|4,54|5,8
2013-08-16 23:34:12,261|96|4|0|995|920|74|1,77|2,92|0|0
2013-08-16 23:34:12,266|100|0|0|995|920|74|1,77|2,92|4,98|5,85
2013-08-16 23:34:12,271|100|0|0|995|920|74|1,77|2,92|4,84|6,01
2013-08-16 23:34:12,276|98|1,9|0|995|922|73|1,77|2,92|2,71|4,55
2013-08-16 23:34:12,281|100|0|0|995|920|74|1,77|2,92|5,02|6,05
2013-08-16 23:34:12,286|96|4|0|995|920|74|1,77|2,92|0|0
2013-08-16 23:34:12,291|100|0|0|995|920|74|1,77|2,92|4,95|6,19
2013-08-16 23:34:12,296|96|4|0|995|921|74|1,77|2,92|1,41|0
2013-08-16 23:34:12,301|100|0|0|995|921|74|1,77|2,92|4,67|6,29
2013-08-16 23:34:12,306|95,9|4|0|995|921|74|1,77|2,92|0,43|0
2013-08-16 23:34:12,311|100|0|0|995|921|74|1,77|2,92|4,48|6,45
2013-08-16 23:34:12,316|33,3|8,3|58,3|995|152|843|1,77|2,92|4,63|6,46
2013-08-16 23:34:12,321|2|8|90|995|152|843|1,77|2,92|0,15|0
2013-08-16 23:34:12,326|0|0|100|995|152|843|1,77|2,92|4,83|6,47
2013-08-16 23:34:12,331|0|0|100|995|152|843|1,77|2,92|4,54|6,52
2013-08-16 23:34:12,336|4|4|92|995|152|843|1,77|2,92|0,35|0
2013-08-16 23:34:12,341|0|0|100|995|152|843|1,77|2,92|0,77|0
2013-08-16 23:34:12,346|0|0|100|995|152|843|1,77|2,92|4,54|6,66
2013-08-16 23:34:12,351|2|0|98|995|152|843|1,77|2,93|4,82|6,64
2013-08-16 23:34:12,356|2|8,1|89,7|995|152|843|1,77|2,93|0,15|0
2013-08-16 23:34:12,361|3,9|5,8|90,1|995|152|843|1,77|2,93|0,3|0
2013-08-16 23:34:12,366|1,9|0|98|995|152|842|1,77|2,93|4,67|6,78
2013-08-16 23:34:12,371|0|0|100|995|152|842|1,77|2,93|6,05|6,83
2013-08-16 23:34:12,376|2|0|98|995|153|841|1,77|2,93|3,41|5,49
2013-08-16 23:34:12,381|0|0|100|995|152|842|1,77|2,93|1,02|0
2013-08-16 23:34:12,386|0|0|100|995|152|842|1,77|2,93|0,89|0
2013-08-16 23:34:12,391|0|0|100|995|152|843|1,77|2,93|0,71|0
