2013-08-16 23:34:12,1|0|0|0|0|0|0|0|0|0|0
2013-08-16 23:34:12,6|0|0|0|0|0|0|0|0|0|0
2013-08-16 23:34:12,11|0|0|0|0|0|0|0|0|0|0
2013-08-16 23:34:12,16|0|0|0|0|0|0|0|0|0|0
2013-08-16 23:34:12,21|0|0|0|0|0|0|0|0|0|0
2013-08-16 23:34:12,26|0|0|0|0|0|0|0|0|0|0
2013-08-16 23:34:12,31|0|0|0|0|0|0|0|0|0|0
2013-08-16 23:34:12,36|0|0|0|0|0|0|0|0|0|0
2013-08-16 23:34:12,41|0|0|100|995|159|835|1,8|2,73|0,06|0
2013-08-16 23:34:12,46|0|0|100|995|159|835|1,8|2,73|0,23|0
2013-08-16 23:34:12,51|0|0|100|995|158|837|1,8|2,73|0,53|0
2013-08-16 23:34:12,56|0|0|100|995|158|837|1,8|2,73|0,06|0
2013-08-16 23:34:12,61|0|0|100|995|158|837|1,8|2,73|1|0
2013-08-16 23:34:12,66|0|0|100|995|158|837|1,8|2,73|0,45|0
2013-08-16 23:34:12,71|0|0|100|995|158|837|1,8|2,73|0,41|0
2013-08-16 23:34:12,76|0|0|100|995|158|837|1,8|2,73|0,57|0
2013-08-16 23:34:12,81|0|0|100|995|158|837|1,8|2,73|4,55|3,86
2013-08-16 23:34:12,86|0|0|100|995|158|837|1,8|2,73|4,63|3,98
2013-08-16 23:34:12,91|0|2|98|995|159|836|1,8|2,73|2,7|2,57
2013-08-16 23:34:12,96|0|0|100|995|158|837|1,8|2,74|4,48|4,07
2013-08-16 23:34:12,101|2|8|90|995|158|837|1,8|2,74|0,06|0
2013-08-16 23:34:12,106|0|0|100|995|158|837|1,8|2,74|4,75|4,16
2013-08-16 23:34:12,111|2|8|90|995|158|837|1,8|2,74|1,61|0,3
2013-08-16 23:34:12,116|1,9|0|98|995|158|837|1,8|2,74|5,24|4,26
2013-08-16 23:34:12,121|0|0|100|995|158|837|1,8|2,74|4,62|4,28
2013-08-16 23:34:12,126|0|0|100|995|158|837|1,8|2,74|4,71|4,35
2013-08-16 23:34:12,131|0|0|100|995|158|837|1,8|2,74|3,95|2,65
2013-08-16 23:34:12,136|0|0|100|995|158|837|1,8|2,74|4,53|4,46
2013-08-16 23:34:12,141|0|0|100|995|158|837|1,8|2,74|4,48|4,51
2013-08-16 23:34:12,146|2|0|98|995|159|836|1,8|2,74|3|3,1
2013-08-16 23:34:12,151|0|0|100|995|158|837|1,8|2,74|4,48|4,6
2013-08-16 23:34:12,156|0|0|100|995|159|836|1,8|2,74|3,27|3,41
2013-08-16 23:34:12,161|0|0|100|995|158|837|1,8|2,74|6,09|5,14
2013-08-16 23:34:12,166|95,9|4|0|995|924|71|1,8|2,74|0,57|0
2013-08-16 23:34:12,171|100|0|0|995|925|70|1,8|2,74|2,97|3,33
2013-08-16 23:34:12,176|100|0|0|995|923|71|1,8|2,74|0,06|0
2013-08-16 23:34:12,181|98|1,9|0|995|924|71|1,8|2,74|4,6|4,93
2013-08-16 23:34:12,186|98|2|0|995|924|71|1,8|2,74|0,35|0
2013-08-16 23:34:12,191|100|0|0|995|925|70|1,8|2,74|2,65|3,69
2013-08-16 23:34:12,196|100|0|0|995|924|71|1,8|2,74|4,48|5,02
2013-08-16 23:34:12,201|98|2|0|995|923|71|1,8|2,74|2,01|1,46
2013-08-16 23:34:12,206|96|4|0|995|923|71|1,8|2,74|0,06|0
2013-08-16 23:34:12,211|100|0|0|995|923|71|1,8|2,74|5,2|5,16
2013-08-16 23:34:12,216|96|4|0|995|923|71|1,8|2,74|0,53|0
2013-08-16 23:34:12,221|100|0|0|995|923|72|1,8|2,74|5,48|5,35
2013-08-16 23:34:12,226|98|2|0|995|923|71|1,8|2,74|0,51|0
2013-08-16 23:34:12,231|100|0|0|995|923|71|1,8|2,75|5,19|5,51
2013-08-16 23:34:12,236|100|0|0|995|923|71|1,8|2,75|4,54|5,56
2013-08-16 23:34:12,241|98|1,9|0|995|924|70|1,8|2,75|1,26|2,84
2013-08-16 23:34:12,246|100|0|0|995|923|71|1,8|2,75|4,96|5,59
2013-08-16 23:34:12,251|96|4|0|995|923|71|1,8|2,75|0,36|0
2013-08-16 23:34:12,256|100|0|0|995|924|71|1,8|2,75|4,92|5,79
2013-08-16 23:34:12,261|100|0|0|995|924|71|1,8|2,75|1,73|0,3
2013-08-16 23:34:12,266|100|0|0|995|925|70|1,8|2,75|2,77|4,38
2013-08-16 23:34:12,271|100|0|0|995|924|71|1,8|2,75|4,69|5,77
2013-08-16 23:34:12,276|94,1|5,8|0|995|923|72|1,8|2,75|0,57|0
2013-08-16 23:34:12,281|100|0|0|995|923|72|1,8|2,75|4,54|5,8
2013-08-16 23:34:12,286|98|2|0|995|923|72|1,8|2,75|0,51|0
2013-08-16 23:34:12,291|100|0|0|995|923|72|1,8|2,75|5,43|6,07
2013-08-16 23:34:12,296|100|0|0|995|923|72|1,8|2,75|5,16|6,12
2013-08-16 23:34:12,301|100|0|0|995|923|72|1,8|2,75|4,6|6,03
2013-08-16 23:34:12,306|2|4|94|995|154|840|1,8|2,75|0,77|0
2013-08-16 23:34:12,311|2|0|98|995|154|840|1,8|2,75|4,54|6,15
2013-08-16 23:34:12,316|0|2|97,9|995|155|839|1,8|2,75|2,87|5,89
2013-08-16 23:34:12,321|4|8|88|995|154|841|1,8|2,75|0,42|0
2013-08-16 23:34:12,326|0|0|100|995|154|840|1,8|2,75|5,54|6,29
2013-08-16 23:34:12,331|1,9|0|98|995|154|840|1,8|2,75|5,48|6,33
2013-08-16 23:34:12,336|2|6,2|91,6|995|154|840|1,8|2,75|0,67|0
2013-08-16 23:34:12,341|0|0|100|995|154|840|1,8|2,75|4,58|2,65
2013-08-16 23:34:12,346|0|0|100|995|155|840|1,8|2,75|5,02|6,47
2013-08-16 23:34:12,351|2|0|98|995|156|839|1,8|2,75|2,65|5,06
2013-08-16 23:34:12,356|7,6|3,8|86,5|995|155|840|1,8|2,75|0,06|0
2013-08-16 23:34:12,361|0|0|100|995|154|840|1,8|2,75|4,73|6,61
2013-08-16 23:34:12,366|0|0|100|995|155|840|1,8|2,76|4,63|6,66
2013-08-16 23:34:12,371|0|0|100|995|155|840|1,8|2,76|4,6|6,72
2013-08-16 23:34:12,376|7,6|5,7|86,5|995|154|840|1,8|2,76|0,06|0
2013-08-16 23:34:12,381|0|0|100|995|155|840|1,8|2,76|0,44|0
2013-08-16 23:34:12,386|2|0|98|995|154|840|1,8|2,76|4,99|6,86
2013-08-16 23:34:12,391|0|0|100|995|155|840|1,8|2,76|0,5|0
