2013-09-12 21:55:35,527|9,5
2013-09-12 21:55:37,580|10,5
2013-09-12 21:55:39,692|10,7
2013-09-12 21:55:41,608|1,5
2013-09-12 21:55:43,589|1,9
2013-09-12 21:55:45,576|12
2013-09-12 21:55:47,468|12
2013-09-12 21:55:49,354|11,9
2013-09-12 21:55:51,280|11,5
2013-09-12 21:55:53,206|20,7
2013-09-12 21:55:55,213|20,9
2013-09-12 21:55:57,278|20,5
2013-09-12 21:55:59,298|30,1
2013-09-12 21:56:06,204|38,2
2013-09-12 21:56:08,256|38,3
2013-09-12 21:56:10,303|38,1
2013-09-12 21:56:12,351|37,5
2013-09-12 21:56:14,317|37,3
2013-09-12 21:56:16,392|37,9
2013-09-12 21:56:18,431|37,9
2013-09-12 21:56:20,500|45,2
2013-09-12 21:56:22,703|45,3
2013-09-12 21:56:24,812|52,3
2013-09-12 21:56:27,008|52,3
2013-09-12 21:56:29,037|46,8
2013-09-12 21:56:31,748|50,3
2013-09-12 21:56:33,785|48,1
2013-09-12 21:56:35,934|48,1
2013-09-12 21:56:38,208|57,6
2013-09-12 21:56:40,269|53,8
2013-09-12 21:56:42,372|53,8
2013-09-12 21:56:44,370|46
2013-09-12 21:56:46,540|44,3
2013-09-12 21:56:48,716|44,3
2013-09-12 21:56:50,852|45,6
2013-09-12 21:56:52,962|47
2013-09-12 21:56:55,060|47
2013-09-12 21:56:57,253|60,3
2013-09-12 21:56:59,409|60,3
2013-09-12 21:57:01,439|60,3
2013-09-12 21:57:03,561|61,7
2013-09-12 21:57:05,694|61,7
2013-09-12 21:57:07,781|61,7
2013-09-12 21:57:10,107|66,2
2013-09-12 21:57:12,267|66,2
2013-09-12 21:57:14,277|63,7
2013-09-12 21:57:16,291|62,7
2013-09-12 21:57:18,297|62,7
2013-09-12 21:57:20,407|47
2013-09-12 21:57:22,507|40,8
2013-09-12 21:57:24,592|40,8
2013-09-12 21:57:26,735|30,1
2013-09-12 21:57:28,808|25,5
2013-09-12 21:57:30,936|18,5
2013-09-12 21:57:33,033|16,1
2013-09-12 21:57:35,152|16,1
2013-09-12 21:57:37,212|32,9
2013-09-12 21:57:39,326|38,6
2013-09-12 21:57:41,768|38,6
2013-09-12 21:57:43,812|54,6
2013-09-12 21:57:45,965|62
2013-09-12 21:57:48,162|62
2013-09-12 21:57:50,415|70,1
2013-09-12 21:57:52,607|72,1
2013-09-12 21:57:54,655|72,1
2013-09-12 21:57:56,757|75,8
2013-09-12 21:57:58,946|76,4
2013-09-12 21:58:01,042|76,4
2013-09-12 21:58:03,176|61,8
2013-09-12 21:58:05,310|61,8
2013-09-12 21:58:07,397|48,8
2013-09-12 21:58:09,535|42,3
2013-09-12 21:58:11,671|42,3
2013-09-12 21:58:13,820|25,5
2013-09-12 21:58:15,997|17,3
2013-09-12 21:58:18,167|17,3
2013-09-12 21:58:20,386|2,7
2013-09-12 21:58:22,374|2,7
2013-09-12 21:58:24,501|11
2013-09-12 21:58:26,669|10,2
2013-09-12 21:58:28,882|10,2
2013-09-12 21:58:31,008|19,2
2013-09-12 21:58:32,984|19,2
2013-09-12 21:58:35,017|19,2
2013-09-12 21:58:37,171|29,3
2013-09-12 21:58:39,306|29,3
2013-09-12 21:58:41,499|29,3
2013-09-12 21:58:43,659|30
2013-09-12 21:58:45,786|30
2013-09-12 21:58:47,887|30,7
2013-09-12 21:58:50,086|30,7
2013-09-12 21:58:52,297|30,7
2013-09-12 21:58:54,402|29,7
2013-09-12 21:58:56,549|29,7
2013-09-12 21:58:58,684|29,7
2013-09-12 21:59:00,895|29,1
2013-09-12 21:59:03,046|29,1
2013-09-12 21:59:05,205|29,5
2013-09-12 21:59:07,295|29,4
2013-09-12 21:59:09,448|29,4
2013-09-12 21:59:11,545|29,2
2013-09-12 21:59:13,711|29,2
2013-09-12 21:59:15,808|34
2013-09-12 21:59:17,886|42,8
2013-09-12 21:59:20,110|42,8
2013-09-12 21:59:22,289|49,5
2013-09-12 21:59:24,492|57,4
2013-09-12 21:59:26,544|57,4
2013-09-12 21:59:28,668|64,6
2013-09-12 21:59:30,847|70,1
2013-09-12 21:59:32,764|70,1
2013-09-12 21:59:34,951|79,7
2013-09-12 21:59:37,089|79,7
2013-09-12 21:59:39,240|79,7
2013-09-12 21:59:41,428|75
2013-09-12 21:59:43,578|75
2013-09-12 21:59:45,827|75
2013-09-12 21:59:47,940|72,2
2013-09-12 21:59:50,165|72,2
2013-09-12 21:59:52,341|72,5
2013-09-12 21:59:54,748|73,8
2013-09-12 21:59:56,929|73,8
2013-09-12 21:59:59,082|52,2
2013-09-12 22:00:01,287|52,2
2013-09-12 22:00:03,494|46
2013-09-12 22:00:05,691|33,9
2013-09-12 22:00:07,870|33,9
2013-09-12 22:00:10,089|9,1
2013-09-12 22:00:12,330|9,1
2013-09-12 22:00:14,593|9,1
2013-09-12 22:00:17,023|5,3
2013-09-12 22:00:19,234|5,3
2013-09-12 22:00:21,451|16,7
2013-09-12 22:00:23,704|16,7
2013-09-12 22:00:26,023|16,7
2013-09-12 22:00:28,482|29,4
2013-09-12 22:00:30,739|29,4
2013-09-12 22:00:33,005|29,4
2013-09-12 22:00:35,318|34,3
2013-09-12 22:00:37,611|37,3
2013-09-12 22:00:39,981|38,1
2013-09-12 22:00:42,237|38,1
2013-09-12 22:00:44,468|37
2013-09-12 22:00:46,639|35,1
2013-09-12 22:00:48,953|25,9
2013-09-12 22:00:51,134|22,8
2013-09-12 22:00:53,352|22,8
2013-09-12 22:00:55,578|16,4
2013-09-12 22:00:57,985|12
2013-09-12 22:01:00,236|6,5
2013-09-12 22:01:02,384|3,4
2013-09-12 22:01:04,651|3,4
2013-09-12 22:01:06,965|20,5
2013-09-12 22:01:09,204|20,3
2013-09-12 22:01:11,477|20,3
2013-09-12 22:01:13,697|38,6
2013-09-12 22:01:15,979|38,6
2013-09-12 22:01:18,109|54,2
2013-09-12 22:01:20,343|54
2013-09-12 22:01:22,535|54
2013-09-12 22:01:24,736|45,6
2013-09-12 22:01:26,974|45,6
2013-09-12 22:01:29,258|45,4
2013-09-12 22:01:31,482|36,8
2013-09-12 22:01:33,628|36,8
2013-09-12 22:01:35,885|29,4
2013-09-12 22:01:38,118|29,4
2013-09-12 22:01:40,356|29,4
2013-09-12 22:01:42,613|30,6
2013-09-12 22:01:44,773|30,6
2013-09-12 22:01:47,023|30,5
2013-09-12 22:01:49,252|30,5
2013-09-12 22:01:51,426|30,5
2013-09-12 22:01:53,664|21,3
2013-09-12 22:01:55,913|21,3
2013-09-12 22:01:58,147|11,5
2013-09-12 22:02:00,413|11,5
2013-09-12 22:02:02,661|11,5
2013-09-12 22:02:04,911|2,4
2013-09-12 22:02:07,146|2,4
2013-09-12 22:02:09,411|2,7
2013-09-12 22:02:11,728|2,7
2013-09-12 22:02:13,993|2,7
2013-09-12 22:02:16,235|1,9
2013-09-12 22:02:18,489|1,9
2013-09-12 22:02:20,673|2,7
