2013-09-12 21:54:02,337|0,0|0,0|100,0|995|914|80|37,51|8,12|0,48|11,02
2013-09-12 21:54:08,033|0,0|0,0|100,0|995|913|82|37,51|8,12|0,06|0,06
2013-09-12 21:54:13,518|0,0|0,0|100,0|995|913|82|37,51|8,12|0,53|12,23
2013-09-12 21:54:19,072|0,0|0,0|100,0|995|913|82|37,51|8,12|0,49|0,00
2013-09-12 21:54:24,594|0,0|0,0|100,0|995|913|82|37,51|8,12|0,00|0,00
2013-09-12 21:54:30,112|0,0|0,0|100,0|995|913|82|37,51|8,12|0,00|0,00
2013-09-12 21:54:35,674|0,0|0,0|100,0|995|913|82|37,51|8,12|0,50|0,00
2013-09-12 21:54:41,209|1,9|0,0|98,0|995|913|82|37,51|8,12|1,34|11,74
2013-09-12 21:54:46,728|0,0|0,0|100,0|995|913|82|37,51|8,12|0,86|11,85
2013-09-12 21:54:52,279|0,0|0,0|100,0|995|913|82|37,51|8,12|0,00|0,00
2013-09-12 21:54:57,830|0,0|0,0|100,0|995|913|82|37,51|8,12|0,00|0,00
2013-09-12 21:55:03,324|0,0|0,0|100,0|995|913|82|37,51|8,12|0,00|0,00
2013-09-12 21:55:08,920|0,0|0,0|100,0|995|913|82|37,51|8,12|0,30|0,00
2013-09-12 21:55:14,471|0,0|0,0|100,0|995|913|82|37,51|8,12|0,75|12,51
2013-09-12 21:55:19,981|1,9|0,0|98,0|995|913|82|37,51|8,12|0,44|11,60
2013-09-12 21:55:25,541|0,0|0,0|100,0|995|913|82|37,51|8,12|0,00|0,00
2013-09-12 21:55:31,127|2,0|8,1|89,7|995|913|82|37,51|8,12|0,00|0,00
2013-09-12 21:55:36,817|9,8|7,8|82,3|995|913|82|37,51|8,12|0,00|0,00
2013-09-12 21:55:42,347|6,2|2,0|91,6|995|913|81|37,50|8,12|5,54|13,20
2013-09-12 21:55:47,863|0,0|2,0|98,0|995|914|81|37,50|8,12|7,80|16,70
2013-09-12 21:55:53,449|0,0|0,0|100,0|995|913|81|37,50|8,12|0,30|2,28
2013-09-12 21:55:58,963|3,9|3,9|92,1|995|913|81|37,50|8,12|4,91|24,19
2013-09-12 21:56:04,591|0,0|0,0|100,0|995|913|81|37,50|8,12|9,36|18,58
2013-09-12 21:56:10,171|73,4|4,0|0,0|995|921|74|37,68|8,12|4,48|5,20
2013-09-12 21:56:16,036|70,5|5,8|0,0|995|918|77|37,86|8,12|1,15|0,00
2013-09-12 21:56:22,693|38,0|2,0|0,0|995|916|79|38,06|8,12|0,56|11,91
2013-09-12 21:56:28,954|94,0|6,0|0,0|995|924|71|38,12|8,12|3,19|23,03
2013-09-12 21:56:34,678|0,0|1,9|98,0|995|919|75|38,12|8,12|9,27|18,85
2013-09-12 21:56:40,260|55,1|4,0|0,0|995|915|80|38,27|8,12|4,57|5,71
2013-09-12 21:56:46,740|90,1|7,8|0,0|995|914|81|38,42|8,12|7,96|12,26
2013-09-12 21:56:52,700|52,9|7,8|0,0|995|915|80|38,60|8,12|5,04|17,64
2013-09-12 21:56:59,115|76,0|6,0|0,0|995|915|80|38,73|8,12|0,63|2,24
2013-09-12 21:57:04,984|4,1|4,1|91,6|995|913|81|38,74|8,12|5,16|24,30
2013-09-12 21:57:10,582|0,0|0,0|100,0|995|913|81|38,74|8,12|9,27|19,27
2013-09-12 21:57:16,172|0,0|2,0|98,0|995|913|81|38,74|8,12|2,72|0,30
2013-09-12 21:57:21,779|50,0|8,0|0,0|995|918|77|38,80|8,12|0,54|0,06
2013-09-12 21:57:27,851|90,0|6,0|0,0|995|925|70|39,01|8,12|0,49|0,00
2013-09-12 21:57:34,362|86,2|7,8|0,0|995|936|59|39,09|8,12|4,93|13,51
2013-09-12 21:57:40,118|76,4|1,9|0,0|995|916|78|39,11|8,12|9,16|19,90
2013-09-12 21:57:46,223|63,2|6,1|0,0|995|921|74|39,26|8,12|5,60|6,32
2013-09-12 21:57:52,429|4,1|4,1|91,6|995|921|74|39,36|8,12|0,00|0,00
2013-09-12 21:57:58,088|4,0|4,0|91,8|995|921|74|39,36|8,12|4,66|13,78
2013-09-12 21:58:03,611|0,0|0,0|97,9|995|921|74|39,36|8,12|4,61|7,52
2013-09-12 21:58:09,205|2,0|10,0|88,0|995|921|74|39,36|8,12|0,00|0,00
2013-09-12 21:58:14,730|0,0|0,0|97,9|995|921|74|39,36|8,12|9,65|32,37
2013-09-12 21:58:20,309|2,0|0,0|98,0|995|921|74|39,36|8,12|0,74|10,30
2013-09-12 21:58:25,955|8,0|2,0|88,0|995|921|74|39,36|8,12|4,53|13,71
2013-09-12 21:58:31,485|0,0|0,0|100,0|995|921|74|39,36|8,12|9,19|20,74
2013-09-12 21:58:37,060|4,0|6,1|83,6|995|921|74|39,36|8,12|0,00|0,00
2013-09-12 21:58:42,607|0,0|1,9|94,1|995|921|74|39,36|8,12|9,86|21,33
2013-09-12 21:58:48,190|2,0|0,0|98,0|995|921|74|39,35|8,12|5,60|18,76
2013-09-12 21:58:53,714|4,0|6,0|88,0|995|921|74|39,35|8,12|5,22|24,71
2013-09-12 21:58:59,220|0,0|2,0|98,0|995|921|74|39,35|8,12|4,77|7,30
2013-09-12 21:59:04,795|94,0|6,0|0,0|995|915|80|39,42|8,12|0,00|0,00
2013-09-12 21:59:10,775|90,0|10,0|0,0|995|917|77|39,60|8,12|1,30|11,13
2013-09-12 21:59:16,648|87,7|6,1|0,0|995|931|64|39,68|8,12|10,18|21,25
2013-09-12 21:59:22,626|84,0|6,0|0,0|995|919|76|39,83|8,13|4,79|7,71
2013-09-12 21:59:28,537|63,2|12,2|0,0|995|932|63|39,86|8,13|3,53|2,59
2013-09-12 21:59:34,976|72,5|5,8|0,0|995|924|71|39,91|8,13|1,83|1,46
2013-09-12 21:59:40,827|73,4|4,0|0,0|995|916|79|39,96|8,13|1,39|11,25
2013-09-12 21:59:46,607|0,0|0,0|100,0|995|907|87|39,97|8,13|5,48|7,88
2013-09-12 21:59:52,244|2,0|8,0|90,0|995|907|87|39,97|8,13|0,00|0,00
2013-09-12 21:59:57,812|0,0|0,0|100,0|995|907|87|39,97|8,13|9,36|22,89
2013-09-12 22:00:03,361|3,9|7,8|88,2|995|907|87|39,97|8,13|0,38|0,00
2013-09-12 22:00:08,925|22,0|0,0|0,0|995|918|77|40,09|8,13|9,54|29,21
2013-09-12 22:00:15,411|31,2|0,0|0,0|995|924|71|40,27|8,13|4,61|9,24
2013-09-12 22:00:22,256|52,0|6,0|0,0|995|935|59|40,36|8,13|4,97|8,24
2013-09-12 22:00:29,725|31,2|6,2|0,0|995|927|68|40,53|8,13|0,00|0,00
2013-09-12 22:00:37,049|6,0|4,0|90,0|995|911|83|40,58|8,13|4,53|14,07
2013-09-12 22:00:42,686|0,0|0,0|100,0|995|911|83|40,58|8,13|3,34|2,98
2013-09-12 22:00:48,222|4,0|6,0|90,0|995|911|83|40,58|8,13|5,61|25,77
2013-09-12 22:00:53,738|86,0|4,0|0,0|995|917|77|40,68|8,13|5,19|20,64
2013-09-12 22:00:59,807|90,0|6,0|0,0|995|913|82|40,94|8,13|0,13|2,24
2013-09-12 22:01:05,735|78,0|4,0|0,0|995|917|77|41,10|8,13|10,16|34,88
2013-09-12 22:01:11,646|2,0|4,0|93,8|995|912|83|41,19|8,13|0,93|10,93
2013-09-12 22:01:17,253|0,0|2,0|98,0|995|913|82|41,19|8,13|7,30|20,88
2013-09-12 22:01:22,850|2,0|0,0|98,0|995|912|83|41,19|8,13|0,00|0,00
2013-09-12 22:01:28,479|6,1|4,0|89,7|995|912|83|41,19|8,13|4,72|14,21
2013-09-12 22:01:34,006|3,9|0,0|96,0|995|912|83|41,19|8,13|2,21|2,03
2013-09-12 22:01:39,636|4,0|4,0|91,8|995|912|83|41,19|8,13|4,72|14,21
2013-09-12 22:01:45,206|2,0|0,0|98,0|995|912|83|41,19|8,13|2,32|3,11
2013-09-12 22:01:50,751|8,0|2,0|90,0|995|912|83|41,19|8,13|5,08|25,21
2013-09-12 22:01:56,298|2,0|0,0|98,0|995|912|83|41,19|8,13|1,70|0,30
2013-09-12 22:02:01,903|2,0|2,0|96,0|995|913|82|41,19|8,13|5,70|21,06
2013-09-12 22:02:07,514|2,0|0,0|98,0|995|912|83|41,19|8,13|0,47|0,00
2013-09-12 22:02:13,143|2,0|0,0|98,0|995|912|82|41,19|8,13|7,45|23,42
