2013-10-25 08:12:54,003|0,0|0,0|100,0|995|545|450|27,91|3,55|1,16|0,00
2013-10-25 08:12:59,575|0,0|0,0|100,0|995|545|450|27,91|3,55|0,59|0,00
2013-10-25 08:13:05,123|0,0|0,0|100,0|995|542|452|27,91|3,55|0,23|0,00
2013-10-25 08:13:10,603|0,0|0,0|100,0|995|543|451|27,91|3,55|0,59|0,13
2013-10-25 08:13:16,132|0,0|0,0|100,0|995|543|451|27,91|3,55|0,59|0,24
2013-10-25 08:13:21,649|0,0|0,0|100,0|995|542|452|27,91|3,55|0,82|0,06
2013-10-25 08:13:27,221|0,0|0,0|100,0|995|543|451|27,91|3,55|0,59|0,00
2013-10-25 08:13:32,752|0,0|0,0|100,0|995|542|452|27,91|3,55|3,53|4,00
2013-10-25 08:13:38,343|0,0|0,0|100,0|995|543|451|27,91|3,55|0,87|0,00
2013-10-25 08:13:43,880|0,0|0,0|100,0|995|543|451|27,91|3,55|0,06|0,00
2013-10-25 08:13:49,395|0,0|0,0|100,0|995|543|451|27,91|3,55|0,51|0,00
2013-10-25 08:13:54,967|0,0|0,0|100,0|995|543|451|27,90|3,55|1,11|0,00
2013-10-25 08:14:00,503|0,0|0,0|100,0|995|543|451|27,90|3,55|0,29|0,00
2013-10-25 08:14:06,022|0,0|0,0|100,0|995|543|451|27,90|3,55|2,09|0,00
2013-10-25 08:14:11,593|0,0|0,0|100,0|995|543|451|27,90|3,55|1,55|0,91
2013-10-25 08:14:17,087|0,0|0,0|100,0|995|543|452|27,90|3,55|0,55|0,00
2013-10-25 08:14:22,623|0,0|0,0|100,0|995|543|452|27,90|3,55|0,12|0,00
2013-10-25 08:14:28,144|0,0|0,0|100,0|995|543|452|27,90|3,55|0,47|0,00
2013-10-25 08:14:33,608|0,0|0,0|100,0|995|543|452|27,90|3,55|9,17|15,49
2013-10-25 08:14:39,145|0,0|0,0|100,0|995|543|452|27,90|3,55|0,74|0,00
2013-10-25 08:14:44,716|2,0|0,0|98,0|995|543|452|27,90|3,55|0,23|0,00
2013-10-25 08:14:50,251|0,0|0,0|100,0|995|543|452|27,90|3,55|0,12|0,00
2013-10-25 08:14:55,764|0,0|0,0|100,0|995|543|452|27,90|3,55|0,12|0,00
2013-10-25 08:15:01,275|0,0|0,0|100,0|995|543|452|27,90|3,55|0,64|0,00
2013-10-25 08:15:06,843|0,0|0,0|100,0|995|543|452|27,90|3,55|1,78|0,00
2013-10-25 08:15:12,379|0,0|0,0|100,0|995|543|452|27,90|3,55|0,12|0,00
2013-10-25 08:15:17,968|0,0|0,0|100,0|995|543|452|27,90|3,55|0,06|0,00
2013-10-25 08:15:23,507|0,0|1,9|98,0|995|543|452|27,90|3,55|0,06|0,00
2013-10-25 08:15:29,100|0,0|0,0|100,0|995|543|452|27,90|3,55|0,72|0,00
2013-10-25 08:15:34,631|0,0|0,0|100,0|995|543|452|27,90|3,55|0,12|0,00
2013-10-25 08:15:40,144|0,0|0,0|100,0|995|543|452|27,90|3,55|0,35|0,00
2013-10-25 08:15:45,697|0,0|0,0|100,0|995|543|452|27,90|3,55|0,06|0,00
2013-10-25 08:15:51,255|0,0|0,0|100,0|995|543|452|27,90|3,55|0,35|0,00
2013-10-25 08:15:56,773|0,0|0,0|100,0|995|543|452|27,90|3,55|1,13|0,00
2013-10-25 08:16:02,348|0,0|0,0|100,0|995|543|452|27,90|3,55|0,12|0,00
2013-10-25 08:16:07,878|1,9|0,0|98,0|995|543|452|27,90|3,55|0,23|0,00
2013-10-25 08:16:13,396|0,0|0,0|100,0|995|543|452|27,90|3,55|0,18|0,00
2013-10-25 08:16:18,948|2,0|4,0|94,0|995|543|452|27,90|3,55|0,06|0,00
2013-10-25 08:16:24,477|2,0|0,0|98,0|995|543|452|27,90|3,55|5,66|6,35
2013-10-25 08:16:30,091|80,3|19,6|0,0|995|788|207|27,90|3,55|10,30|119,48
2013-10-25 08:16:35,939|96,0|4,0|0,0|995|787|207|27,90|3,55|0,58|0,14
2013-10-25 08:16:41,706|88,2|11,7|0,0|995|787|207|27,90|3,55|2,08|1,46
2013-10-25 08:16:47,545|90,0|10,0|0,0|995|787|207|27,90|3,55|9,90|119,48
2013-10-25 08:16:53,293|96,0|4,0|0,0|995|787|207|27,90|3,55|0,29|0,00
2013-10-25 08:16:59,050|100,0|0,0|0,0|995|787|207|27,90|3,55|0,78|0,00
2013-10-25 08:17:04,849|100,0|0,0|0,0|995|787|207|27,90|3,55|5,08|6,80
2013-10-25 08:17:10,642|92,0|8,0|0,0|995|787|207|27,90|3,55|6,28|112,74
2013-10-25 08:17:16,407|94,1|3,9|0,0|995|788|207|27,90|3,55|0,47|0,00
2013-10-25 08:17:22,172|98,0|2,0|0,0|995|788|207|27,90|3,55|0,06|0,00
2013-10-25 08:17:28,015|100,0|0,0|0,0|995|788|207|27,90|3,55|10,85|120,00
2013-10-25 08:17:33,775|96,0|4,0|0,0|995|788|207|27,90|3,56|5,40|112,67
2013-10-25 08:17:39,539|98,0|2,0|0,0|995|788|207|27,90|3,56|1,10|0,00
2013-10-25 08:17:45,303|98,0|2,0|0,0|995|788|207|27,90|3,56|4,73|7,48
2013-10-25 08:17:51,139|96,0|4,0|0,0|995|788|207|27,90|3,56|5,39|112,61
2013-10-25 08:17:56,893|94,0|6,0|0,0|995|788|207|27,90|3,56|0,06|0,00
2013-10-25 08:18:02,668|98,0|2,0|0,0|995|788|207|27,90|3,56|0,00|0,00
2013-10-25 08:18:08,463|100,0|0,0|0,0|995|788|207|27,90|3,56|6,94|8,10
2013-10-25 08:18:14,247|89,7|10,2|0,0|995|789|206|27,90|3,56|8,31|119,07
2013-10-25 08:18:19,998|92,0|8,0|0,0|995|788|207|27,90|3,56|6,47|112,62
2013-10-25 08:18:25,743|89,7|10,2|0,0|995|788|207|27,90|3,56|1,64|0,00
2013-10-25 08:18:31,490|100,0|0,0|0,0|995|788|207|27,90|3,56|0,00|0,00
2013-10-25 08:18:37,295|100,0|0,0|0,0|995|788|207|27,90|3,56|11,56|120,83
2013-10-25 08:18:43,069|94,0|6,0|0,0|995|788|207|27,90|3,56|5,46|112,48
2013-10-25 08:18:48,835|98,0|2,0|0,0|995|788|207|27,90|3,56|0,12|0,00
2013-10-25 08:18:54,631|98,0|2,0|0,0|995|788|207|27,90|3,56|5,53|8,17
2013-10-25 08:19:00,466|88,2|11,7|0,0|995|788|207|27,90|3,56|10,31|121,00
2013-10-25 08:19:06,218|88,0|12,0|0,0|995|788|207|27,90|3,56|5,47|112,75
2013-10-25 08:19:11,978|79,5|20,4|0,0|995|788|206|27,90|3,56|0,53|0,06
2013-10-25 08:19:17,726|72,0|28,0|0,0|995|788|206|27,90|3,56|4,60|8,47
2013-10-25 08:19:23,523|62,0|38,0|0,0|995|788|206|27,90|3,56|5,28|112,62
2013-10-25 08:19:29,273|63,2|36,7|0,0|995|788|206|27,89|3,56|1,00|0,00
2013-10-25 08:19:35,022|63,2|36,7|0,0|995|788|206|27,89|3,56|4,60|8,69
2013-10-25 08:19:40,855|72,0|28,0|0,0|995|789|206|27,89|3,56|8,71|120,42
2013-10-25 08:19:46,639|64,0|36,0|0,0|995|788|207|27,89|3,56|3,81|112,39
2013-10-25 08:19:52,397|56,0|44,0|0,0|995|788|207|27,89|3,56|0,35|0,00
2013-10-25 08:19:58,154|68,0|32,0|0,0|995|788|207|27,89|3,56|1,60|0,00
2013-10-25 08:20:03,954|64,7|35,2|0,0|995|788|207|27,89|3,56|4,94|9,49
2013-10-25 08:20:09,772|60,0|40,0|0,0|995|788|207|27,89|3,56|11,12|121,94
2013-10-25 08:20:15,521|60,0|40,0|0,0|995|788|207|27,89|3,56|5,58|112,49
2013-10-25 08:20:21,271|60,0|40,0|0,0|995|788|207|27,89|3,56|0,41|0,00
2013-10-25 08:20:27,018|62,0|38,0|0,0|995|788|207|27,89|3,56|0,35|0,00
2013-10-25 08:20:32,801|72,5|27,4|0,0|995|788|207|27,89|3,56|4,54|9,42
2013-10-25 08:20:38,663|59,1|40,8|0,0|995|789|206|27,89|3,56|10,28|122,34
2013-10-25 08:20:44,413|62,7|37,2|0,0|995|789|206|27,89|3,56|5,48|112,94
2013-10-25 08:20:50,161|64,0|36,0|0,0|995|789|206|27,89|3,56|0,46|0,00
2013-10-25 08:20:55,981|59,1|40,8|0,0|995|789|206|27,89|3,56|8,42|12,40
2013-10-25 08:21:01,787|70,5|29,4|0,0|995|789|206|27,89|3,56|5,57|112,78
2013-10-25 08:21:07,579|64,0|36,0|0,0|995|789|206|27,89|3,56|1,61|0,00
2013-10-25 08:21:13,382|62,0|38,0|0,0|995|789|206|27,89|3,56|6,06|13,37
2013-10-25 08:21:19,262|92,0|8,0|0,0|995|789|206|27,89|3,56|5,51|112,79
2013-10-25 08:21:25,030|98,0|2,0|0,0|995|789|206|27,89|3,56|1,05|0,00
2013-10-25 08:21:30,799|100,0|0,0|0,0|995|789|206|27,89|3,56|4,54|10,20
2013-10-25 08:21:36,623|100,0|0,0|0,0|995|789|206|27,89|3,56|9,95|124,71
2013-10-25 08:21:42,390|100,0|0,0|0,0|995|789|206|27,89|3,56|0,18|0,00
2013-10-25 08:21:48,159|94,1|5,8|0,0|995|789|206|27,89|3,56|5,28|112,85
2013-10-25 08:21:53,915|91,8|8,1|0,0|995|789|206|27,89|3,56|0,06|0,00
2013-10-25 08:21:59,686|100,0|0,0|0,0|995|790|204|27,89|3,56|0,78|0,00
2013-10-25 08:22:05,515|100,0|0,0|0,0|995|790|204|27,89|3,56|10,43|129,38
2013-10-25 08:22:11,295|96,0|4,0|0,0|995|790|204|27,89|3,56|5,93|112,78
2013-10-25 08:22:17,059|98,0|2,0|0,0|995|790|204|27,89|3,56|0,86|4,41
2013-10-25 08:22:22,855|100,0|0,0|0,0|995|790|204|27,89|3,56|2,00|7,40
2013-10-25 08:22:28,655|100,0|0,0|0,0|995|790|204|27,89|3,56|11,91|128,09
2013-10-25 08:22:34,411|94,0|6,0|0,0|995|791|204|27,89|3,56|5,57|112,97
2013-10-25 08:22:40,179|100,0|0,0|0,0|995|790|205|27,89|3,56|28,55|0,00
2013-10-25 08:22:45,995|100,0|0,0|0,0|995|790|205|27,89|3,56|4,98|11,10
2013-10-25 08:22:51,822|100,0|0,0|0,0|995|790|205|27,89|3,56|9,94|123,89
2013-10-25 08:22:57,590|96,0|3,9|0,0|995|790|205|27,88|3,56|0,12|0,00
2013-10-25 08:23:03,398|100,0|0,0|0,0|995|790|205|27,88|3,56|0,75|0,00
2013-10-25 08:23:09,251|96,0|4,0|0,0|995|790|205|27,88|3,56|6,21|11,69
2013-10-25 08:23:15,047|92,0|8,0|0,0|995|791|204|27,88|3,56|5,40|112,86
2013-10-25 08:23:20,821|94,1|5,8|0,0|995|790|205|27,88|3,56|0,35|0,00
2013-10-25 08:23:26,563|94,0|6,0|0,0|995|790|205|27,88|3,56|0,63|0,00
2013-10-25 08:23:32,383|94,0|6,0|0,0|995|790|205|27,88|3,56|5,36|12,41
2013-10-25 08:23:38,180|0,0|2,0|97,9|995|496|499|27,88|3,56|8,51|124,35
2013-10-25 08:23:43,741|6,0|4,0|88,0|995|495|500|27,88|3,56|5,65|114,61
2013-10-25 08:23:49,207|6,1|2,0|91,8|995|495|500|27,88|3,56|5,41|117,19
2013-10-25 08:23:54,752|6,1|4,0|89,7|995|495|500|27,88|3,56|0,00|0,00
2013-10-25 08:24:00,307|2,0|0,0|98,0|995|495|500|27,88|3,56|0,35|0,00
2013-10-25 08:24:05,884|2,0|6,0|92,0|995|495|500|27,88|3,56|0,25|0,06
2013-10-25 08:24:11,439|4,0|4,0|92,0|995|495|500|27,88|3,56|0,60|0,06
2013-10-25 08:24:16,969|3,9|3,9|92,1|995|495|500|27,88|3,56|0,35|0,00
2013-10-25 08:24:22,510|2,0|0,0|98,0|995|495|500|27,88|3,56|0,06|0,06
2013-10-25 08:24:28,034|0,0|0,0|100,0|995|495|500|27,88|3,56|0,54|4,41
2013-10-25 08:24:33,574|0,0|0,0|100,0|995|495|500|27,88|3,56|5,06|12,47
2013-10-25 08:24:39,166|0,0|0,0|100,0|995|495|500|27,88|3,56|6,78|14,14
2013-10-25 08:24:44,760|0,0|0,0|100,0|995|495|500|27,88|3,56|9,89|127,08
2013-10-25 08:24:50,287|0,0|2,0|98,0|995|495|500|27,88|3,56|10,61|127,18
2013-10-25 08:24:55,842|0,0|0,0|100,0|995|495|500|27,88|3,56|11,38|131,74
2013-10-25 08:25:01,388|0,0|0,0|100,0|995|495|500|27,88|3,56|10,49|131,77
2013-10-25 08:25:06,914|0,0|0,0|100,0|995|495|500|27,88|3,56|9,70|125,87
2013-10-25 08:25:12,431|0,0|0,0|100,0|995|495|500|27,88|3,56|10,23|127,90
2013-10-25 08:25:17,999|0,0|0,0|100,0|995|495|500|27,88|3,56|8,33|17,37
2013-10-25 08:25:23,551|0,0|0,0|100,0|995|495|500|27,88|3,56|8,43|17,74
2013-10-25 08:25:29,138|0,0|0,0|100,0|995|495|500|27,88|3,56|9,10|17,13
2013-10-25 08:25:34,726|0,0|0,0|100,0|995|495|500|27,88|3,56|5,29|19,34
2013-10-25 08:25:40,315|0,0|0,0|100,0|995|495|500|27,88|3,56|4,97|17,83
2013-10-25 08:25:45,928|0,0|0,0|100,0|995|495|500|27,88|3,56|8,38|16,01
2013-10-25 08:25:51,519|0,0|0,0|100,0|995|495|499|27,88|3,56|10,25|128,00
2013-10-25 08:25:57,044|0,0|0,0|100,0|995|495|499|27,88|3,56|10,07|128,73
2013-10-25 08:26:02,594|2,0|0,0|98,0|995|495|500|27,88|3,56|8,26|17,90
2013-10-25 08:26:08,163|0,0|0,0|100,0|995|495|500|27,88|3,56|10,14|128,23
2013-10-25 08:26:13,675|0,0|0,0|100,0|995|495|500|27,88|3,56|6,75|17,04
2013-10-25 08:26:19,279|0,0|0,0|100,0|995|495|500|27,88|3,56|6,78|15,95
2013-10-25 08:26:24,835|46,0|54,0|0,0|995|495|500|27,88|3,56|9,88|127,29
2013-10-25 08:26:30,626|42,0|57,9|0,0|995|496|498|27,88|3,56|8,08|125,46
2013-10-25 08:26:36,386|6,1|4,0|89,7|995|495|500|27,87|3,56|5,77|112,84
2013-10-25 08:26:41,915|6,0|4,0|90,0|995|495|500|27,87|3,56|6,40|112,91
2013-10-25 08:26:47,470|8,1|2,0|89,7|995|495|500|27,87|3,56|5,67|112,84
2013-10-25 08:26:53,022|6,0|6,0|88,0|995|495|500|27,87|3,56|5,52|113,01
2013-10-25 08:26:58,543|42,0|57,9|0,0|995|496|498|27,87|3,56|3,92|112,49
2013-10-25 08:27:04,313|37,2|50,9|11,7|995|495|500|27,87|3,56|6,15|112,78
2013-10-25 08:27:09,922|0,0|0,0|100,0|995|495|500|27,87|3,56|11,90|127,21
2013-10-25 08:27:15,478|2,0|0,0|98,0|995|496|499|27,87|3,56|8,44|127,27
2013-10-25 08:27:21,026|0,0|0,0|100,0|995|495|500|27,87|3,56|10,25|127,59
2013-10-25 08:27:26,552|0,0|0,0|100,0|995|495|500|27,87|3,56|10,94|127,72
2013-10-25 08:27:32,127|0,0|0,0|100,0|995|495|500|27,87|3,56|9,88|127,84
2013-10-25 08:27:37,661|0,0|0,0|100,0|995|495|500|27,87|3,56|9,76|127,80
2013-10-25 08:27:43,236|1,9|0,0|98,0|995|495|500|27,87|3,56|10,56|129,17
2013-10-25 08:27:48,935|68,0|32,0|0,0|995|556|439|27,87|3,56|8,30|126,54
2013-10-25 08:27:54,709|54,9|45,0|0,0|995|795|200|27,87|3,56|5,16|112,72
2013-10-25 08:28:00,498|60,0|40,0|0,0|995|794|200|27,87|3,56|3,86|111,40
2013-10-25 08:28:06,234|68,6|31,3|0,0|995|793|202|27,87|3,56|0,12|0,00
2013-10-25 08:28:11,979|68,0|32,0|0,0|995|793|202|27,87|3,56|1,16|0,00
2013-10-25 08:28:17,765|60,7|39,2|0,0|995|793|202|27,87|3,56|0,32|0,00
2013-10-25 08:28:23,543|70,5|29,4|0,0|995|793|201|27,87|3,56|1,89|1,46
2013-10-25 08:28:29,351|76,0|24,0|0,0|995|793|201|27,87|3,56|5,09|15,69
2013-10-25 08:28:35,138|78,4|21,5|0,0|995|793|201|27,87|3,56|6,56|17,17
2013-10-25 08:28:40,918|71,4|28,5|0,0|995|793|201|27,87|3,56|10,36|128,80
2013-10-25 08:28:46,671|74,5|25,4|0,0|995|793|201|27,87|3,56|5,16|113,05
2013-10-25 08:28:52,463|70,0|30,0|0,0|995|793|201|27,87|3,56|4,03|112,88
2013-10-25 08:28:58,240|66,6|33,3|0,0|995|793|201|27,87|3,56|0,25|0,00
2013-10-25 08:29:04,034|62,0|38,0|0,0|995|793|202|27,87|3,56|0,92|0,00
2013-10-25 08:29:09,774|62,0|38,0|0,0|995|793|202|27,87|3,56|1,96|0,00
2013-10-25 08:29:15,509|62,0|38,0|0,0|995|793|202|27,87|3,56|0,53|0,00
2013-10-25 08:29:21,285|60,0|40,0|0,0|995|793|202|27,87|3,56|0,41|0,00
2013-10-25 08:29:27,062|74,5|25,4|0,0|995|793|202|27,87|3,56|1,28|0,00
2013-10-25 08:29:32,847|74,0|26,0|0,0|995|793|202|27,87|3,56|3,65|2,59
2013-10-25 08:29:38,634|78,4|21,5|0,0|995|793|202|27,87|3,56|5,05|16,51
2013-10-25 08:29:44,418|73,4|26,5|0,0|995|793|202|27,87|3,56|8,26|19,30
2013-10-25 08:29:50,185|96,0|4,0|0,0|995|793|202|27,87|3,56|9,23|19,83
2013-10-25 08:29:55,942|98,0|2,0|0,0|995|806|189|27,87|3,56|9,77|131,57
2013-10-25 08:30:01,697|98,0|2,0|0,0|995|806|189|27,87|3,56|10,11|131,43
2013-10-25 08:30:07,453|97,9|2,0|0,0|995|806|189|27,86|3,56|5,16|113,08
2013-10-25 08:30:13,198|96,0|3,9|0,0|995|806|189|27,86|3,56|5,63|113,18
2013-10-25 08:30:18,946|98,0|2,0|0,0|995|806|189|27,86|3,56|5,51|113,05
2013-10-25 08:30:24,687|98,0|2,0|0,0|995|805|189|27,86|3,56|5,27|112,98
2013-10-25 08:30:30,435|96,0|4,0|0,0|995|806|189|27,86|3,56|6,90|119,00
2013-10-25 08:30:36,190|96,0|4,0|0,0|995|806|189|27,86|3,57|5,39|113,05
2013-10-25 08:30:41,946|96,0|3,9|0,0|995|806|189|27,86|3,57|6,21|117,39
2013-10-25 08:30:47,754|98,0|2,0|0,0|995|806|189|27,86|3,57|6,02|113,78
2013-10-25 08:30:53,503|96,0|3,9|0,0|995|805|189|27,86|3,57|5,39|112,98
2013-10-25 08:30:59,250|96,0|4,0|0,0|995|805|189|27,86|3,57|5,75|113,18
2013-10-25 08:31:05,008|98,0|2,0|0,0|995|805|189|27,86|3,57|5,57|113,05
2013-10-25 08:31:10,794|98,0|1,9|0,0|995|806|188|27,86|3,57|5,51|112,87
2013-10-25 08:31:16,582|94,0|6,0|0,0|995|805|189|27,86|3,57|0,50|0,00
2013-10-25 08:31:22,339|100,0|0,0|0,0|995|806|188|27,86|3,57|2,34|110,46
2013-10-25 08:31:28,122|96,0|3,9|0,0|995|806|188|27,86|3,57|3,96|112,74
2013-10-25 08:31:33,895|100,0|0,0|0,0|995|805|189|27,86|3,57|5,99|113,05
2013-10-25 08:31:39,658|97,9|2,0|0,0|995|805|189|27,86|3,57|5,58|113,18
2013-10-25 08:31:45,407|96,0|4,0|0,0|995|806|189|27,86|3,57|5,16|113,05
2013-10-25 08:31:51,161|100,0|0,0|0,0|995|806|188|27,86|3,57|8,59|129,90
2013-10-25 08:31:56,919|98,0|1,9|0,0|995|805|189|27,86|3,57|11,17|131,30
2013-10-25 08:32:02,670|100,0|0,0|0,0|995|805|189|27,86|3,57|6,29|18,71
2013-10-25 08:32:08,442|100,0|0,0|0,0|995|805|189|27,86|3,57|5,12|18,49
2013-10-25 08:32:14,236|100,0|0,0|0,0|995|806|189|27,86|3,57|1,95|1,46
2013-10-25 08:32:20,019|100,0|0,0|0,0|995|805|189|27,86|3,57|0,70|0,00
2013-10-25 08:32:25,842|100,0|0,0|0,0|995|806|189|27,86|3,57|0,59|0,33
2013-10-25 08:32:31,602|100,0|0,0|0,0|995|806|189|27,86|3,57|0,12|0,00
2013-10-25 08:32:37,406|97,9|2,0|0,0|995|805|189|27,86|3,57|0,53|0,33
2013-10-25 08:32:43,208|2,0|6,0|92,0|995|496|499|27,86|3,57|1,10|0,00
2013-10-25 08:32:48,756|2,0|4,1|93,7|995|496|499|27,86|3,57|5,21|113,34
2013-10-25 08:32:54,272|0,0|0,0|100,0|995|496|499|27,86|3,57|4,67|19,05
2013-10-25 08:32:59,842|0,0|0,0|100,0|995|496|499|27,86|3,57|2,50|1,46
2013-10-25 08:33:05,409|1,9|0,0|98,0|995|496|499|27,86|3,57|0,29|0,00
2013-10-25 08:33:10,930|4,0|8,0|88,0|995|496|499|27,86|3,57|1,96|0,00
2013-10-25 08:33:16,485|0,0|6,1|93,8|995|496|499|27,86|3,57|5,64|113,34
2013-10-25 08:33:22,022|0,0|0,0|100,0|995|496|499|27,86|3,57|10,30|132,82
2013-10-25 08:33:27,519|0,0|0,0|100,0|995|496|499|27,86|3,57|5,49|2,86
2013-10-25 08:33:33,063|2,0|0,0|98,0|995|496|499|27,86|3,57|0,06|0,00
2013-10-25 08:33:38,641|2,0|8,1|89,7|995|496|498|27,85|3,57|0,51|0,00
2013-10-25 08:33:44,181|6,0|6,0|88,0|995|496|498|27,85|3,57|5,47|113,41
2013-10-25 08:33:49,754|0,0|0,0|100,0|995|496|498|27,85|3,57|4,73|21,48
2013-10-25 08:33:55,316|0,0|0,0|100,0|995|496|498|27,85|3,57|0,00|0,00
2013-10-25 08:34:00,895|2,0|0,0|98,0|995|496|498|27,85|3,57|1,94|0,00
2013-10-25 08:34:06,440|2,0|2,0|96,0|995|497|497|27,85|3,57|4,06|117,45
2013-10-25 08:34:12,016|0,0|0,0|100,0|995|496|498|27,85|3,57|10,75|139,57
2013-10-25 08:34:17,556|0,0|0,0|100,0|995|496|498|27,85|3,57|2,02|1,46
2013-10-25 08:34:23,140|1,9|0,0|98,0|995|497|498|27,85|3,57|0,29|0,00
2013-10-25 08:34:28,681|4,0|2,0|94,0|995|496|499|27,85|3,57|5,89|113,28
2013-10-25 08:34:34,195|0,0|0,0|100,0|995|496|499|27,85|3,57|10,31|133,62
2013-10-25 08:34:39,772|0,0|0,0|100,0|995|496|499|27,85|3,57|0,60|0,00
2013-10-25 08:34:45,345|1,9|1,9|96,0|995|496|499|27,85|3,57|0,12|0,00
2013-10-25 08:34:50,928|0,0|0,0|100,0|995|496|498|27,85|3,57|0,40|0,00
2013-10-25 08:34:56,482|0,0|0,0|100,0|995|496|498|27,85|3,57|0,12|0,00
2013-10-25 08:35:02,039|0,0|0,0|100,0|995|496|498|27,85|3,57|1,18|0,00
2013-10-25 08:35:07,564|0,0|0,0|100,0|995|496|498|27,85|3,57|0,00|0,00
2013-10-25 08:35:13,144|0,0|0,0|100,0|995|496|498|27,85|3,57|0,92|0,00
