MV1===========================================
2013-10-25 08:12:54,003|0,0|0,0|100,0|995|545|450|27,91|3,55|1,16|0,00
2013-10-25 08:12:59,575|0,0|0,0|100,0|995|545|450|27,91|3,55|0,59|0,00
2013-10-25 08:13:05,123|0,0|0,0|100,0|995|542|452|27,91|3,55|0,23|0,00
2013-10-25 08:13:10,603|0,0|0,0|100,0|995|543|451|27,91|3,55|0,59|0,13
2013-10-25 08:13:16,132|0,0|0,0|100,0|995|543|451|27,91|3,55|0,59|0,24
2013-10-25 08:13:21,649|0,0|0,0|100,0|995|542|452|27,91|3,55|0,82|0,06
2013-10-25 08:13:27,221|0,0|0,0|100,0|995|543|451|27,91|3,55|0,59|0,00
2013-10-25 08:13:32,752|0,0|0,0|100,0|995|542|452|27,91|3,55|3,53|4,00
2013-10-25 08:13:38,343|0,0|0,0|100,0|995|543|451|27,91|3,55|0,87|0,00
2013-10-25 08:13:43,880|0,0|0,0|100,0|995|543|451|27,91|3,55|0,06|0,00
2013-10-25 08:13:49,395|0,0|0,0|100,0|995|543|451|27,91|3,55|0,51|0,00
2013-10-25 08:13:54,967|0,0|0,0|100,0|995|543|451|27,90|3,55|1,11|0,00
2013-10-25 08:14:00,503|0,0|0,0|100,0|995|543|451|27,90|3,55|0,29|0,00
2013-10-25 08:14:06,022|0,0|0,0|100,0|995|543|451|27,90|3,55|2,09|0,00
2013-10-25 08:14:11,593|0,0|0,0|100,0|995|543|451|27,90|3,55|1,55|0,91
2013-10-25 08:14:17,087|0,0|0,0|100,0|995|543|452|27,90|3,55|0,55|0,00
2013-10-25 08:14:22,623|0,0|0,0|100,0|995|543|452|27,90|3,55|0,12|0,00
2013-10-25 08:14:28,144|0,0|0,0|100,0|995|543|452|27,90|3,55|0,47|0,00
2013-10-25 08:14:33,608|0,0|0,0|100,0|995|543|452|27,90|3,55|9,17|15,49
2013-10-25 08:14:39,145|0,0|0,0|100,0|995|543|452|27,90|3,55|0,74|0,00
2013-10-25 08:14:44,716|2,0|0,0|98,0|995|543|452|27,90|3,55|0,23|0,00
2013-10-25 08:14:50,251|0,0|0,0|100,0|995|543|452|27,90|3,55|0,12|0,00
2013-10-25 08:14:55,764|0,0|0,0|100,0|995|543|452|27,90|3,55|0,12|0,00
2013-10-25 08:15:01,275|0,0|0,0|100,0|995|543|452|27,90|3,55|0,64|0,00
2013-10-25 08:15:06,843|0,0|0,0|100,0|995|543|452|27,90|3,55|1,78|0,00
2013-10-25 08:15:12,379|0,0|0,0|100,0|995|543|452|27,90|3,55|0,12|0,00
2013-10-25 08:15:17,968|0,0|0,0|100,0|995|543|452|27,90|3,55|0,06|0,00
2013-10-25 08:15:23,507|0,0|1,9|98,0|995|543|452|27,90|3,55|0,06|0,00
2013-10-25 08:15:29,100|0,0|0,0|100,0|995|543|452|27,90|3,55|0,72|0,00
2013-10-25 08:15:34,631|0,0|0,0|100,0|995|543|452|27,90|3,55|0,12|0,00
2013-10-25 08:15:40,144|0,0|0,0|100,0|995|543|452|27,90|3,55|0,35|0,00
2013-10-25 08:15:45,697|0,0|0,0|100,0|995|543|452|27,90|3,55|0,06|0,00
2013-10-25 08:15:51,255|0,0|0,0|100,0|995|543|452|27,90|3,55|0,35|0,00
2013-10-25 08:15:56,773|0,0|0,0|100,0|995|543|452|27,90|3,55|1,13|0,00
2013-10-25 08:16:02,348|0,0|0,0|100,0|995|543|452|27,90|3,55|0,12|0,00
2013-10-25 08:16:07,878|1,9|0,0|98,0|995|543|452|27,90|3,55|0,23|0,00
2013-10-25 08:16:13,396|0,0|0,0|100,0|995|543|452|27,90|3,55|0,18|0,00
2013-10-25 08:16:18,948|2,0|4,0|94,0|995|543|452|27,90|3,55|0,06|0,00
2013-10-25 08:16:24,477|2,0|0,0|98,0|995|543|452|27,90|3,55|5,66|6,35
2013-10-25 08:16:30,091|80,3|19,6|0,0|995|788|207|27,90|3,55|10,30|119,48
2013-10-25 08:16:35,939|96,0|4,0|0,0|995|787|207|27,90|3,55|0,58|0,14
2013-10-25 08:16:41,706|88,2|11,7|0,0|995|787|207|27,90|3,55|2,08|1,46
2013-10-25 08:16:47,545|90,0|10,0|0,0|995|787|207|27,90|3,55|9,90|119,48
2013-10-25 08:16:53,293|96,0|4,0|0,0|995|787|207|27,90|3,55|0,29|0,00
2013-10-25 08:16:59,050|100,0|0,0|0,0|995|787|207|27,90|3,55|0,78|0,00
2013-10-25 08:17:04,849|100,0|0,0|0,0|995|787|207|27,90|3,55|5,08|6,80
2013-10-25 08:17:10,642|92,0|8,0|0,0|995|787|207|27,90|3,55|6,28|112,74
2013-10-25 08:17:16,407|94,1|3,9|0,0|995|788|207|27,90|3,55|0,47|0,00
2013-10-25 08:17:22,172|98,0|2,0|0,0|995|788|207|27,90|3,55|0,06|0,00
2013-10-25 08:17:28,015|100,0|0,0|0,0|995|788|207|27,90|3,55|10,85|120,00
2013-10-25 08:17:33,775|96,0|4,0|0,0|995|788|207|27,90|3,56|5,40|112,67
2013-10-25 08:17:39,539|98,0|2,0|0,0|995|788|207|27,90|3,56|1,10|0,00
2013-10-25 08:17:45,303|98,0|2,0|0,0|995|788|207|27,90|3,56|4,73|7,48
2013-10-25 08:17:51,139|96,0|4,0|0,0|995|788|207|27,90|3,56|5,39|112,61
2013-10-25 08:17:56,893|94,0|6,0|0,0|995|788|207|27,90|3,56|0,06|0,00
2013-10-25 08:18:02,668|98,0|2,0|0,0|995|788|207|27,90|3,56|0,00|0,00
2013-10-25 08:18:08,463|100,0|0,0|0,0|995|788|207|27,90|3,56|6,94|8,10
2013-10-25 08:18:14,247|89,7|10,2|0,0|995|789|206|27,90|3,56|8,31|119,07
2013-10-25 08:18:19,998|92,0|8,0|0,0|995|788|207|27,90|3,56|6,47|112,62
2013-10-25 08:18:25,743|89,7|10,2|0,0|995|788|207|27,90|3,56|1,64|0,00
2013-10-25 08:18:31,490|100,0|0,0|0,0|995|788|207|27,90|3,56|0,00|0,00
2013-10-25 08:18:37,295|100,0|0,0|0,0|995|788|207|27,90|3,56|11,56|120,83
2013-10-25 08:18:43,069|94,0|6,0|0,0|995|788|207|27,90|3,56|5,46|112,48
2013-10-25 08:18:48,835|98,0|2,0|0,0|995|788|207|27,90|3,56|0,12|0,00
2013-10-25 08:18:54,631|98,0|2,0|0,0|995|788|207|27,90|3,56|5,53|8,17
2013-10-25 08:19:00,466|88,2|11,7|0,0|995|788|207|27,90|3,56|10,31|121,00
2013-10-25 08:19:06,218|88,0|12,0|0,0|995|788|207|27,90|3,56|5,47|112,75
2013-10-25 08:19:11,978|79,5|20,4|0,0|995|788|206|27,90|3,56|0,53|0,06
2013-10-25 08:19:17,726|72,0|28,0|0,0|995|788|206|27,90|3,56|4,60|8,47
2013-10-25 08:19:23,523|62,0|38,0|0,0|995|788|206|27,90|3,56|5,28|112,62
2013-10-25 08:19:29,273|63,2|36,7|0,0|995|788|206|27,89|3,56|1,00|0,00
2013-10-25 08:19:35,022|63,2|36,7|0,0|995|788|206|27,89|3,56|4,60|8,69
2013-10-25 08:19:40,855|72,0|28,0|0,0|995|789|206|27,89|3,56|8,71|120,42
2013-10-25 08:19:46,639|64,0|36,0|0,0|995|788|207|27,89|3,56|3,81|112,39
2013-10-25 08:19:52,397|56,0|44,0|0,0|995|788|207|27,89|3,56|0,35|0,00
2013-10-25 08:19:58,154|68,0|32,0|0,0|995|788|207|27,89|3,56|1,60|0,00
2013-10-25 08:20:03,954|64,7|35,2|0,0|995|788|207|27,89|3,56|4,94|9,49
2013-10-25 08:20:09,772|60,0|40,0|0,0|995|788|207|27,89|3,56|11,12|121,94
2013-10-25 08:20:15,521|60,0|40,0|0,0|995|788|207|27,89|3,56|5,58|112,49
2013-10-25 08:20:21,271|60,0|40,0|0,0|995|788|207|27,89|3,56|0,41|0,00
2013-10-25 08:20:27,018|62,0|38,0|0,0|995|788|207|27,89|3,56|0,35|0,00
2013-10-25 08:20:32,801|72,5|27,4|0,0|995|788|207|27,89|3,56|4,54|9,42
2013-10-25 08:20:38,663|59,1|40,8|0,0|995|789|206|27,89|3,56|10,28|122,34
2013-10-25 08:20:44,413|62,7|37,2|0,0|995|789|206|27,89|3,56|5,48|112,94
2013-10-25 08:20:50,161|64,0|36,0|0,0|995|789|206|27,89|3,56|0,46|0,00
2013-10-25 08:20:55,981|59,1|40,8|0,0|995|789|206|27,89|3,56|8,42|12,40
2013-10-25 08:21:01,787|70,5|29,4|0,0|995|789|206|27,89|3,56|5,57|112,78
2013-10-25 08:21:07,579|64,0|36,0|0,0|995|789|206|27,89|3,56|1,61|0,00
2013-10-25 08:21:13,382|62,0|38,0|0,0|995|789|206|27,89|3,56|6,06|13,37
2013-10-25 08:21:19,262|92,0|8,0|0,0|995|789|206|27,89|3,56|5,51|112,79
2013-10-25 08:21:25,030|98,0|2,0|0,0|995|789|206|27,89|3,56|1,05|0,00
2013-10-25 08:21:30,799|100,0|0,0|0,0|995|789|206|27,89|3,56|4,54|10,20
2013-10-25 08:21:36,623|100,0|0,0|0,0|995|789|206|27,89|3,56|9,95|124,71
2013-10-25 08:21:42,390|100,0|0,0|0,0|995|789|206|27,89|3,56|0,18|0,00
2013-10-25 08:21:48,159|94,1|5,8|0,0|995|789|206|27,89|3,56|5,28|112,85
2013-10-25 08:21:53,915|91,8|8,1|0,0|995|789|206|27,89|3,56|0,06|0,00
2013-10-25 08:21:59,686|100,0|0,0|0,0|995|790|204|27,89|3,56|0,78|0,00
2013-10-25 08:22:05,515|100,0|0,0|0,0|995|790|204|27,89|3,56|10,43|129,38
2013-10-25 08:22:11,295|96,0|4,0|0,0|995|790|204|27,89|3,56|5,93|112,78
2013-10-25 08:22:17,059|98,0|2,0|0,0|995|790|204|27,89|3,56|0,86|4,41
2013-10-25 08:22:22,855|100,0|0,0|0,0|995|790|204|27,89|3,56|2,00|7,40
2013-10-25 08:22:28,655|100,0|0,0|0,0|995|790|204|27,89|3,56|11,91|128,09
2013-10-25 08:22:34,411|94,0|6,0|0,0|995|791|204|27,89|3,56|5,57|112,97
2013-10-25 08:22:40,179|100,0|0,0|0,0|995|790|205|27,89|3,56|28,55|0,00
2013-10-25 08:22:45,995|100,0|0,0|0,0|995|790|205|27,89|3,56|4,98|11,10
2013-10-25 08:22:51,822|100,0|0,0|0,0|995|790|205|27,89|3,56|9,94|123,89
2013-10-25 08:22:57,590|96,0|3,9|0,0|995|790|205|27,88|3,56|0,12|0,00
2013-10-25 08:23:03,398|100,0|0,0|0,0|995|790|205|27,88|3,56|0,75|0,00
2013-10-25 08:23:09,251|96,0|4,0|0,0|995|790|205|27,88|3,56|6,21|11,69
2013-10-25 08:23:15,047|92,0|8,0|0,0|995|791|204|27,88|3,56|5,40|112,86
2013-10-25 08:23:20,821|94,1|5,8|0,0|995|790|205|27,88|3,56|0,35|0,00
2013-10-25 08:23:26,563|94,0|6,0|0,0|995|790|205|27,88|3,56|0,63|0,00
2013-10-25 08:23:32,383|94,0|6,0|0,0|995|790|205|27,88|3,56|5,36|12,41
2013-10-25 08:23:38,180|0,0|2,0|97,9|995|496|499|27,88|3,56|8,51|124,35
2013-10-25 08:23:43,741|6,0|4,0|88,0|995|495|500|27,88|3,56|5,65|114,61
2013-10-25 08:23:49,207|6,1|2,0|91,8|995|495|500|27,88|3,56|5,41|117,19
2013-10-25 08:23:54,752|6,1|4,0|89,7|995|495|500|27,88|3,56|0,00|0,00
2013-10-25 08:24:00,307|2,0|0,0|98,0|995|495|500|27,88|3,56|0,35|0,00
2013-10-25 08:24:05,884|2,0|6,0|92,0|995|495|500|27,88|3,56|0,25|0,06
2013-10-25 08:24:11,439|4,0|4,0|92,0|995|495|500|27,88|3,56|0,60|0,06
2013-10-25 08:24:16,969|3,9|3,9|92,1|995|495|500|27,88|3,56|0,35|0,00
2013-10-25 08:24:22,510|2,0|0,0|98,0|995|495|500|27,88|3,56|0,06|0,06
2013-10-25 08:24:28,034|0,0|0,0|100,0|995|495|500|27,88|3,56|0,54|4,41
2013-10-25 08:24:33,574|0,0|0,0|100,0|995|495|500|27,88|3,56|5,06|12,47
2013-10-25 08:24:39,166|0,0|0,0|100,0|995|495|500|27,88|3,56|6,78|14,14
2013-10-25 08:24:44,760|0,0|0,0|100,0|995|495|500|27,88|3,56|9,89|127,08
2013-10-25 08:24:50,287|0,0|2,0|98,0|995|495|500|27,88|3,56|10,61|127,18
2013-10-25 08:24:55,842|0,0|0,0|100,0|995|495|500|27,88|3,56|11,38|131,74
2013-10-25 08:25:01,388|0,0|0,0|100,0|995|495|500|27,88|3,56|10,49|131,77
2013-10-25 08:25:06,914|0,0|0,0|100,0|995|495|500|27,88|3,56|9,70|125,87
2013-10-25 08:25:12,431|0,0|0,0|100,0|995|495|500|27,88|3,56|10,23|127,90
2013-10-25 08:25:17,999|0,0|0,0|100,0|995|495|500|27,88|3,56|8,33|17,37
2013-10-25 08:25:23,551|0,0|0,0|100,0|995|495|500|27,88|3,56|8,43|17,74
2013-10-25 08:25:29,138|0,0|0,0|100,0|995|495|500|27,88|3,56|9,10|17,13
2013-10-25 08:25:34,726|0,0|0,0|100,0|995|495|500|27,88|3,56|5,29|19,34
2013-10-25 08:25:40,315|0,0|0,0|100,0|995|495|500|27,88|3,56|4,97|17,83
2013-10-25 08:25:45,928|0,0|0,0|100,0|995|495|500|27,88|3,56|8,38|16,01
2013-10-25 08:25:51,519|0,0|0,0|100,0|995|495|499|27,88|3,56|10,25|128,00
2013-10-25 08:25:57,044|0,0|0,0|100,0|995|495|499|27,88|3,56|10,07|128,73
2013-10-25 08:26:02,594|2,0|0,0|98,0|995|495|500|27,88|3,56|8,26|17,90
2013-10-25 08:26:08,163|0,0|0,0|100,0|995|495|500|27,88|3,56|10,14|128,23
2013-10-25 08:26:13,675|0,0|0,0|100,0|995|495|500|27,88|3,56|6,75|17,04
2013-10-25 08:26:19,279|0,0|0,0|100,0|995|495|500|27,88|3,56|6,78|15,95
2013-10-25 08:26:24,835|46,0|54,0|0,0|995|495|500|27,88|3,56|9,88|127,29
2013-10-25 08:26:30,626|42,0|57,9|0,0|995|496|498|27,88|3,56|8,08|125,46
2013-10-25 08:26:36,386|6,1|4,0|89,7|995|495|500|27,87|3,56|5,77|112,84
2013-10-25 08:26:41,915|6,0|4,0|90,0|995|495|500|27,87|3,56|6,40|112,91
2013-10-25 08:26:47,470|8,1|2,0|89,7|995|495|500|27,87|3,56|5,67|112,84
2013-10-25 08:26:53,022|6,0|6,0|88,0|995|495|500|27,87|3,56|5,52|113,01
2013-10-25 08:26:58,543|42,0|57,9|0,0|995|496|498|27,87|3,56|3,92|112,49
2013-10-25 08:27:04,313|37,2|50,9|11,7|995|495|500|27,87|3,56|6,15|112,78
2013-10-25 08:27:09,922|0,0|0,0|100,0|995|495|500|27,87|3,56|11,90|127,21
2013-10-25 08:27:15,478|2,0|0,0|98,0|995|496|499|27,87|3,56|8,44|127,27
2013-10-25 08:27:21,026|0,0|0,0|100,0|995|495|500|27,87|3,56|10,25|127,59
2013-10-25 08:27:26,552|0,0|0,0|100,0|995|495|500|27,87|3,56|10,94|127,72
2013-10-25 08:27:32,127|0,0|0,0|100,0|995|495|500|27,87|3,56|9,88|127,84
2013-10-25 08:27:37,661|0,0|0,0|100,0|995|495|500|27,87|3,56|9,76|127,80
2013-10-25 08:27:43,236|1,9|0,0|98,0|995|495|500|27,87|3,56|10,56|129,17
2013-10-25 08:27:48,935|68,0|32,0|0,0|995|556|439|27,87|3,56|8,30|126,54
2013-10-25 08:27:54,709|54,9|45,0|0,0|995|795|200|27,87|3,56|5,16|112,72
2013-10-25 08:28:00,498|60,0|40,0|0,0|995|794|200|27,87|3,56|3,86|111,40
2013-10-25 08:28:06,234|68,6|31,3|0,0|995|793|202|27,87|3,56|0,12|0,00
2013-10-25 08:28:11,979|68,0|32,0|0,0|995|793|202|27,87|3,56|1,16|0,00
2013-10-25 08:28:17,765|60,7|39,2|0,0|995|793|202|27,87|3,56|0,32|0,00
2013-10-25 08:28:23,543|70,5|29,4|0,0|995|793|201|27,87|3,56|1,89|1,46
2013-10-25 08:28:29,351|76,0|24,0|0,0|995|793|201|27,87|3,56|5,09|15,69
2013-10-25 08:28:35,138|78,4|21,5|0,0|995|793|201|27,87|3,56|6,56|17,17
2013-10-25 08:28:40,918|71,4|28,5|0,0|995|793|201|27,87|3,56|10,36|128,80
2013-10-25 08:28:46,671|74,5|25,4|0,0|995|793|201|27,87|3,56|5,16|113,05
2013-10-25 08:28:52,463|70,0|30,0|0,0|995|793|201|27,87|3,56|4,03|112,88
2013-10-25 08:28:58,240|66,6|33,3|0,0|995|793|201|27,87|3,56|0,25|0,00
2013-10-25 08:29:04,034|62,0|38,0|0,0|995|793|202|27,87|3,56|0,92|0,00
2013-10-25 08:29:09,774|62,0|38,0|0,0|995|793|202|27,87|3,56|1,96|0,00
2013-10-25 08:29:15,509|62,0|38,0|0,0|995|793|202|27,87|3,56|0,53|0,00
2013-10-25 08:29:21,285|60,0|40,0|0,0|995|793|202|27,87|3,56|0,41|0,00
2013-10-25 08:29:27,062|74,5|25,4|0,0|995|793|202|27,87|3,56|1,28|0,00
2013-10-25 08:29:32,847|74,0|26,0|0,0|995|793|202|27,87|3,56|3,65|2,59
2013-10-25 08:29:38,634|78,4|21,5|0,0|995|793|202|27,87|3,56|5,05|16,51
2013-10-25 08:29:44,418|73,4|26,5|0,0|995|793|202|27,87|3,56|8,26|19,30
2013-10-25 08:29:50,185|96,0|4,0|0,0|995|793|202|27,87|3,56|9,23|19,83
2013-10-25 08:29:55,942|98,0|2,0|0,0|995|806|189|27,87|3,56|9,77|131,57
2013-10-25 08:30:01,697|98,0|2,0|0,0|995|806|189|27,87|3,56|10,11|131,43
2013-10-25 08:30:07,453|97,9|2,0|0,0|995|806|189|27,86|3,56|5,16|113,08
2013-10-25 08:30:13,198|96,0|3,9|0,0|995|806|189|27,86|3,56|5,63|113,18
2013-10-25 08:30:18,946|98,0|2,0|0,0|995|806|189|27,86|3,56|5,51|113,05
2013-10-25 08:30:24,687|98,0|2,0|0,0|995|805|189|27,86|3,56|5,27|112,98
2013-10-25 08:30:30,435|96,0|4,0|0,0|995|806|189|27,86|3,56|6,90|119,00
2013-10-25 08:30:36,190|96,0|4,0|0,0|995|806|189|27,86|3,57|5,39|113,05
2013-10-25 08:30:41,946|96,0|3,9|0,0|995|806|189|27,86|3,57|6,21|117,39
2013-10-25 08:30:47,754|98,0|2,0|0,0|995|806|189|27,86|3,57|6,02|113,78
2013-10-25 08:30:53,503|96,0|3,9|0,0|995|805|189|27,86|3,57|5,39|112,98
2013-10-25 08:30:59,250|96,0|4,0|0,0|995|805|189|27,86|3,57|5,75|113,18
2013-10-25 08:31:05,008|98,0|2,0|0,0|995|805|189|27,86|3,57|5,57|113,05
2013-10-25 08:31:10,794|98,0|1,9|0,0|995|806|188|27,86|3,57|5,51|112,87
2013-10-25 08:31:16,582|94,0|6,0|0,0|995|805|189|27,86|3,57|0,50|0,00
2013-10-25 08:31:22,339|100,0|0,0|0,0|995|806|188|27,86|3,57|2,34|110,46
2013-10-25 08:31:28,122|96,0|3,9|0,0|995|806|188|27,86|3,57|3,96|112,74
2013-10-25 08:31:33,895|100,0|0,0|0,0|995|805|189|27,86|3,57|5,99|113,05
2013-10-25 08:31:39,658|97,9|2,0|0,0|995|805|189|27,86|3,57|5,58|113,18
2013-10-25 08:31:45,407|96,0|4,0|0,0|995|806|189|27,86|3,57|5,16|113,05
2013-10-25 08:31:51,161|100,0|0,0|0,0|995|806|188|27,86|3,57|8,59|129,90
2013-10-25 08:31:56,919|98,0|1,9|0,0|995|805|189|27,86|3,57|11,17|131,30
2013-10-25 08:32:02,670|100,0|0,0|0,0|995|805|189|27,86|3,57|6,29|18,71
2013-10-25 08:32:08,442|100,0|0,0|0,0|995|805|189|27,86|3,57|5,12|18,49
2013-10-25 08:32:14,236|100,0|0,0|0,0|995|806|189|27,86|3,57|1,95|1,46
2013-10-25 08:32:20,019|100,0|0,0|0,0|995|805|189|27,86|3,57|0,70|0,00
2013-10-25 08:32:25,842|100,0|0,0|0,0|995|806|189|27,86|3,57|0,59|0,33
2013-10-25 08:32:31,602|100,0|0,0|0,0|995|806|189|27,86|3,57|0,12|0,00
2013-10-25 08:32:37,406|97,9|2,0|0,0|995|805|189|27,86|3,57|0,53|0,33
2013-10-25 08:32:43,208|2,0|6,0|92,0|995|496|499|27,86|3,57|1,10|0,00
2013-10-25 08:32:48,756|2,0|4,1|93,7|995|496|499|27,86|3,57|5,21|113,34
2013-10-25 08:32:54,272|0,0|0,0|100,0|995|496|499|27,86|3,57|4,67|19,05
2013-10-25 08:32:59,842|0,0|0,0|100,0|995|496|499|27,86|3,57|2,50|1,46
2013-10-25 08:33:05,409|1,9|0,0|98,0|995|496|499|27,86|3,57|0,29|0,00
2013-10-25 08:33:10,930|4,0|8,0|88,0|995|496|499|27,86|3,57|1,96|0,00
2013-10-25 08:33:16,485|0,0|6,1|93,8|995|496|499|27,86|3,57|5,64|113,34
2013-10-25 08:33:22,022|0,0|0,0|100,0|995|496|499|27,86|3,57|10,30|132,82
2013-10-25 08:33:27,519|0,0|0,0|100,0|995|496|499|27,86|3,57|5,49|2,86
2013-10-25 08:33:33,063|2,0|0,0|98,0|995|496|499|27,86|3,57|0,06|0,00
2013-10-25 08:33:38,641|2,0|8,1|89,7|995|496|498|27,85|3,57|0,51|0,00
2013-10-25 08:33:44,181|6,0|6,0|88,0|995|496|498|27,85|3,57|5,47|113,41
2013-10-25 08:33:49,754|0,0|0,0|100,0|995|496|498|27,85|3,57|4,73|21,48
2013-10-25 08:33:55,316|0,0|0,0|100,0|995|496|498|27,85|3,57|0,00|0,00
2013-10-25 08:34:00,895|2,0|0,0|98,0|995|496|498|27,85|3,57|1,94|0,00
2013-10-25 08:34:06,440|2,0|2,0|96,0|995|497|497|27,85|3,57|4,06|117,45
2013-10-25 08:34:12,016|0,0|0,0|100,0|995|496|498|27,85|3,57|10,75|139,57
2013-10-25 08:34:17,556|0,0|0,0|100,0|995|496|498|27,85|3,57|2,02|1,46
2013-10-25 08:34:23,140|1,9|0,0|98,0|995|497|498|27,85|3,57|0,29|0,00
2013-10-25 08:34:28,681|4,0|2,0|94,0|995|496|499|27,85|3,57|5,89|113,28
2013-10-25 08:34:34,195|0,0|0,0|100,0|995|496|499|27,85|3,57|10,31|133,62
2013-10-25 08:34:39,772|0,0|0,0|100,0|995|496|499|27,85|3,57|0,60|0,00
2013-10-25 08:34:45,345|1,9|1,9|96,0|995|496|499|27,85|3,57|0,12|0,00
2013-10-25 08:34:50,928|0,0|0,0|100,0|995|496|498|27,85|3,57|0,40|0,00
2013-10-25 08:34:56,482|0,0|0,0|100,0|995|496|498|27,85|3,57|0,12|0,00
2013-10-25 08:35:02,039|0,0|0,0|100,0|995|496|498|27,85|3,57|1,18|0,00
2013-10-25 08:35:07,564|0,0|0,0|100,0|995|496|498|27,85|3,57|0,00|0,00
2013-10-25 08:35:13,144|0,0|0,0|100,0|995|496|498|27,85|3,57|0,92|0,00
MV2===========================================
2013-10-25 08:13:09,866|0,0|0,0|100,0|995|660|335|18,94|3,52|0,81|0,00
2013-10-25 08:13:15,420|0,0|0,0|100,0|995|660|335|18,94|3,52|0,18|0,00
2013-10-25 08:13:20,937|1,9|0,0|98,0|995|660|335|18,94|3,52|0,51|0,00
2013-10-25 08:13:26,508|0,0|0,0|100,0|995|658|336|18,94|3,52|1,11|0,00
2013-10-25 08:13:32,042|0,0|0,0|100,0|995|658|336|18,94|3,52|0,06|0,00
2013-10-25 08:13:37,562|0,0|0,0|100,0|995|658|336|18,94|3,52|0,06|0,00
2013-10-25 08:13:43,131|0,0|0,0|100,0|995|658|336|18,94|3,52|0,23|0,00
2013-10-25 08:13:48,685|0,0|0,0|100,0|995|658|336|18,94|3,52|0,50|0,00
2013-10-25 08:13:54,228|0,0|0,0|100,0|995|658|336|18,94|3,52|0,35|0,00
2013-10-25 08:13:59,793|0,0|0,0|100,0|995|658|336|18,94|3,52|0,42|0,00
2013-10-25 08:14:05,311|0,0|0,0|100,0|995|658|336|18,94|3,52|0,99|0,00
2013-10-25 08:14:10,816|0,0|0,0|100,0|995|658|336|18,94|3,52|1,26|0,00
2013-10-25 08:14:16,384|0,0|0,0|100,0|995|658|336|18,94|3,52|0,18|0,00
2013-10-25 08:14:21,926|0,0|0,0|100,0|995|658|336|18,94|3,52|0,92|0,00
2013-10-25 08:14:27,438|0,0|0,0|100,0|995|658|336|18,94|3,52|0,06|0,00
2013-10-25 08:14:33,003|0,0|0,0|100,0|995|658|336|18,94|3,52|0,19|0,00
2013-10-25 08:14:38,515|0,0|0,0|100,0|995|658|336|18,94|3,52|1,78|0,00
2013-10-25 08:14:44,044|0,0|0,0|100,0|995|658|336|18,94|3,52|0,29|0,00
2013-10-25 08:14:49,559|2,0|2,0|96,0|995|658|336|18,94|3,52|0,18|0,00
2013-10-25 08:14:55,068|1,9|0,0|98,0|995|658|336|18,94|3,52|0,41|0,00
2013-10-25 08:15:00,638|0,0|1,9|98,0|995|658|336|18,94|3,52|0,78|0,00
2013-10-25 08:15:06,163|0,0|0,0|100,0|995|658|336|18,94|3,52|0,53|0,00
2013-10-25 08:15:11,679|0,0|0,0|100,0|995|658|336|18,94|3,52|1,81|0,69
2013-10-25 08:15:17,194|0,0|0,0|100,0|995|658|336|18,94|3,52|0,29|0,00
2013-10-25 08:15:22,770|0,0|0,0|100,0|995|658|336|18,94|3,52|0,41|0,00
2013-10-25 08:15:28,299|0,0|0,0|100,0|995|658|336|18,94|3,52|0,06|0,00
2013-10-25 08:15:33,816|0,0|0,0|100,0|995|658|336|18,94|3,52|0,19|0,00
2013-10-25 08:15:39,381|0,0|0,0|100,0|995|658|336|18,94|3,52|1,73|0,00
2013-10-25 08:15:44,916|0,0|0,0|100,0|995|658|336|18,94|3,52|0,06|0,00
2013-10-25 08:15:50,437|0,0|0,0|100,0|995|658|336|18,94|3,52|0,00|0,00
2013-10-25 08:15:55,980|0,0|0,0|100,0|995|658|336|18,94|3,52|0,06|0,00
2013-10-25 08:16:01,531|0,0|0,0|100,0|995|658|336|18,94|3,52|1,31|0,00
2013-10-25 08:16:07,057|0,0|0,0|100,0|995|658|336|18,94|3,52|0,29|0,00
2013-10-25 08:16:12,525|0,0|1,9|98,0|995|658|336|18,94|3,52|0,35|0,00
2013-10-25 08:16:18,046|0,0|0,0|100,0|995|658|336|18,94|3,52|0,35|0,00
2013-10-25 08:16:23,562|6,0|4,0|90,0|995|658|336|18,94|3,52|0,35|0,00
2013-10-25 08:16:29,072|2,0|0,0|98,0|995|658|336|18,94|3,52|5,74|6,14
2013-10-25 08:16:34,666|0,0|0,0|100,0|995|658|336|18,94|3,52|9,58|77,49
2013-10-25 08:16:40,184|6,0|6,0|88,0|995|658|336|18,94|3,52|5,10|71,22
2013-10-25 08:16:45,690|7,5|13,2|79,2|995|659|336|18,94|3,52|0,12|0,00
2013-10-25 08:16:51,188|0,0|0,0|100,0|995|659|336|18,93|3,52|0,51|0,00
2013-10-25 08:16:56,769|0,0|0,0|100,0|995|658|336|18,93|3,52|5,70|6,57
2013-10-25 08:17:02,304|0,0|0,0|100,0|995|658|336|18,93|3,52|6,79|7,97
2013-10-25 08:17:07,843|1,9|1,9|96,0|995|660|335|18,93|3,52|6,65|75,47
2013-10-25 08:17:13,400|8,0|6,0|86,0|995|659|336|18,93|3,52|0,58|0,00
2013-10-25 08:17:18,918|6,0|4,0|90,0|995|659|336|18,93|3,52|0,79|0,00
2013-10-25 08:17:24,460|0,0|0,0|100,0|995|659|336|18,93|3,52|0,06|0,00
2013-10-25 08:17:30,071|0,0|1,9|98,0|995|658|336|18,93|3,52|5,37|7,01
2013-10-25 08:17:35,693|0,0|0,0|100,0|995|658|336|18,93|3,52|10,03|78,35
2013-10-25 08:17:41,271|4,0|4,0|90,0|995|659|336|18,93|3,52|6,35|71,47
2013-10-25 08:17:46,799|4,0|8,0|88,0|995|658|336|18,93|3,52|0,12|0,00
2013-10-25 08:17:52,334|0,0|0,0|100,0|995|659|336|18,93|3,52|1,78|0,30
2013-10-25 08:17:57,921|0,0|0,0|100,0|995|659|336|18,93|3,52|6,15|7,67
2013-10-25 08:18:03,497|0,0|0,0|100,0|995|659|336|18,93|3,52|9,69|78,90
2013-10-25 08:18:09,035|6,1|4,0|89,7|995|659|336|18,93|3,52|6,90|71,48
2013-10-25 08:18:14,559|6,0|6,0|88,0|995|660|335|18,93|3,52|1,56|68,63
2013-10-25 08:18:20,120|4,0|6,1|89,7|995|659|336|18,93|3,52|0,15|0,00
2013-10-25 08:18:25,681|1,9|0,0|98,0|995|659|336|18,93|3,52|7,76|0,06
2013-10-25 08:18:31,282|0,0|0,0|100,0|995|659|336|18,93|3,52|1,65|0,06
2013-10-25 08:18:36,916|0,0|0,0|100,0|995|659|336|18,93|3,52|7,37|10,01
2013-10-25 08:18:42,451|0,0|0,0|100,0|995|659|336|18,93|3,52|10,06|79,35
2013-10-25 08:18:48,006|4,0|8,0|88,0|995|660|334|18,93|3,52|0,47|0,32
2013-10-25 08:18:53,564|73,4|26,5|0,0|995|909|86|18,94|3,52|0,35|0,00
2013-10-25 08:18:59,472|68,0|32,0|0,0|995|910|84|18,94|3,52|5,61|8,26
2013-10-25 08:19:05,280|82,0|18,0|0,0|995|911|84|18,94|3,52|10,35|79,57
2013-10-25 08:19:11,025|80,3|19,6|0,0|995|911|84|18,94|3,52|5,68|71,46
2013-10-25 08:19:16,775|84,0|16,0|0,0|995|911|84|18,94|3,52|0,00|0,00
2013-10-25 08:19:22,514|81,6|18,3|0,0|995|911|84|18,94|3,52|5,18|8,44
2013-10-25 08:19:28,347|82,0|18,0|0,0|995|911|84|18,94|3,52|5,17|71,42
2013-10-25 08:19:34,091|86,2|13,7|0,0|995|911|84|18,94|3,52|0,06|0,00
2013-10-25 08:19:39,840|80,3|19,6|0,0|995|911|84|18,94|3,52|8,04|10,05
2013-10-25 08:19:45,609|74,0|26,0|0,0|995|911|84|18,94|3,52|9,64|80,21
2013-10-25 08:19:51,355|90,0|10,0|0,0|995|910|84|18,93|3,52|5,55|71,42
2013-10-25 08:19:57,094|90,0|10,0|0,0|995|911|84|18,93|3,52|1,11|0,00
2013-10-25 08:20:02,848|94,0|6,0|0,0|995|911|84|18,93|3,52|0,35|0,00
2013-10-25 08:20:08,641|90,0|10,0|0,0|995|911|84|18,93|3,52|4,54|8,95
2013-10-25 08:20:14,460|88,0|12,0|0,0|995|911|84|18,93|3,52|9,64|80,43
2013-10-25 08:20:20,207|84,0|16,0|0,0|995|910|84|18,93|3,52|5,16|71,42
2013-10-25 08:20:25,961|86,0|14,0|0,0|995|911|84|18,93|3,52|0,12|0,00
2013-10-25 08:20:31,703|92,0|8,0|0,0|995|911|84|18,93|3,52|0,00|0,00
2013-10-25 08:20:37,548|100,0|0,0|0,0|995|910|85|18,93|3,52|4,97|15,49
2013-10-25 08:20:43,348|98,0|1,9|0,0|995|911|84|18,93|3,52|9,52|80,79
2013-10-25 08:20:49,087|92,1|7,8|0,0|995|911|84|18,93|3,52|5,36|71,48
2013-10-25 08:20:54,868|100,0|0,0|0,0|995|910|85|18,93|3,52|0,18|0,00
2013-10-25 08:21:00,668|100,0|0,0|0,0|995|910|85|18,93|3,52|9,49|13,79
2013-10-25 08:21:06,432|96,0|4,0|0,0|995|910|85|18,93|3,52|5,32|71,42
2013-10-25 08:21:12,189|97,9|2,0|0,0|995|910|85|18,93|3,52|1,10|0,00
2013-10-25 08:21:17,936|100,0|0,0|0,0|995|910|85|18,93|3,52|4,77|11,41
2013-10-25 08:21:23,753|98,0|2,0|0,0|995|910|84|18,93|3,52|9,75|82,96
2013-10-25 08:21:29,492|92,1|7,8|0,0|995|911|84|18,93|3,52|0,47|0,00
2013-10-25 08:21:35,303|94,0|6,0|0,0|995|911|84|18,93|3,52|0,76|0,06
2013-10-25 08:21:41,108|94,0|6,0|0,0|995|911|84|18,93|3,52|9,25|19,18
2013-10-25 08:21:46,844|100,0|0,0|0,0|995|911|84|18,93|3,52|4,79|13,69
2013-10-25 08:21:52,676|98,0|2,0|0,0|995|911|84|18,93|3,52|9,71|86,13
2013-10-25 08:21:58,439|94,0|6,0|0,0|995|911|84|18,93|3,52|0,38|0,00
2013-10-25 08:22:04,179|98,0|2,0|0,0|995|911|84|18,93|3,52|0,06|0,00
2013-10-25 08:22:09,957|98,0|2,0|0,0|995|911|84|18,93|3,53|7,76|10,81
2013-10-25 08:22:15,716|96,0|4,0|0,0|995|912|83|18,93|3,53|5,55|78,94
2013-10-25 08:22:21,530|90,0|10,0|0,0|995|911|84|18,93|3,53|0,81|0,00
2013-10-25 08:22:27,276|98,0|2,0|0,0|995|911|84|18,93|3,53|1,16|0,00
2013-10-25 08:22:33,060|96,0|4,0|0,0|995|910|85|18,93|3,53|4,96|11,06
2013-10-25 08:22:38,837|76,4|23,5|0,0|995|912|83|18,93|3,53|7,74|80,89
2013-10-25 08:22:44,584|72,0|28,0|0,0|995|911|84|18,93|3,53|0,29|0,00
2013-10-25 08:22:50,332|62,0|38,0|0,0|995|911|84|18,93|3,53|0,23|0,00
2013-10-25 08:22:56,140|66,0|34,0|0,0|995|911|84|18,93|3,53|6,33|11,36
2013-10-25 08:23:01,912|62,7|37,2|0,0|995|910|84|18,93|3,53|5,56|71,48
2013-10-25 08:23:07,638|62,0|38,0|0,0|995|910|84|18,93|3,53|0,12|0,00
2013-10-25 08:23:13,384|57,9|42,0|0,0|995|910|84|18,93|3,53|0,41|0,00
2013-10-25 08:23:19,178|56,0|44,0|0,0|995|910|84|18,93|3,53|5,04|11,40
2013-10-25 08:23:24,943|68,6|31,3|0,0|995|910|84|18,93|3,53|9,64|82,86
2013-10-25 08:23:30,687|68,0|32,0|0,0|995|910|84|18,93|3,53|1,96|0,00
2013-10-25 08:23:36,440|70,0|30,0|0,0|995|910|84|18,93|3,53|0,27|0,00
2013-10-25 08:23:42,216|76,0|24,0|0,0|995|910|84|18,93|3,53|6,04|11,70
2013-10-25 08:23:48,113|73,4|26,5|0,0|995|910|84|18,93|3,53|9,53|83,20
2013-10-25 08:23:53,871|86,0|14,0|0,0|995|910|84|18,93|3,53|5,21|71,42
2013-10-25 08:23:59,637|88,0|12,0|0,0|995|910|84|18,93|3,53|0,18|0,00
2013-10-25 08:24:05,399|91,8|8,1|0,0|995|910|84|18,93|3,53|0,81|0,06
2013-10-25 08:24:11,189|90,0|10,0|0,0|995|910|84|18,93|3,53|2,23|0,00
2013-10-25 08:24:16,984|90,0|10,0|0,0|995|910|84|18,93|3,53|0,29|0,00
2013-10-25 08:24:22,829|88,0|12,0|0,0|995|911|84|18,93|3,53|8,36|14,74
2013-10-25 08:24:28,604|92,1|7,8|0,0|995|912|83|18,93|3,53|7,69|82,18
2013-10-25 08:24:34,408|90,0|10,0|0,0|995|911|84|18,93|3,53|5,44|71,41
2013-10-25 08:24:40,192|84,0|14,0|0,0|995|911|84|18,93|3,53|0,00|0,00
2013-10-25 08:24:45,935|90,0|10,0|0,0|995|911|84|18,93|3,53|0,06|0,00
2013-10-25 08:24:51,687|58,8|41,1|0,0|995|911|84|18,93|3,53|2,12|0,34
2013-10-25 08:24:57,479|60,0|40,0|0,0|995|910|85|18,92|3,53|4,73|12,51
2013-10-25 08:25:03,252|58,8|41,1|0,0|995|910|85|18,92|3,53|5,08|12,59
2013-10-25 08:25:09,026|64,7|35,2|0,0|995|910|85|18,92|3,53|9,40|84,16
2013-10-25 08:25:14,754|57,1|42,8|0,0|995|910|85|18,92|3,53|9,64|84,13
2013-10-25 08:25:20,480|62,0|38,0|0,0|995|910|84|18,92|3,53|9,53|84,30
2013-10-25 08:25:26,212|57,9|42,0|0,0|995|912|83|18,92|3,53|4,97|71,49
2013-10-25 08:25:31,964|59,1|40,8|0,0|995|910|84|18,92|3,53|5,48|71,42
2013-10-25 08:25:37,692|66,0|34,0|0,0|995|910|84|18,92|3,53|4,97|71,48
2013-10-25 08:25:43,470|69,3|30,6|0,0|995|911|84|18,92|3,53|4,03|70,03
2013-10-25 08:25:49,239|72,0|26,0|0,0|995|911|84|18,92|3,53|0,44|0,00
2013-10-25 08:25:54,972|72,0|28,0|0,0|995|911|84|18,92|3,53|0,90|0,00
2013-10-25 08:26:00,736|78,0|22,0|0,0|995|911|84|18,92|3,53|0,12|0,00
2013-10-25 08:26:06,495|74,0|26,0|0,0|995|911|84|18,92|3,53|1,02|0,00
2013-10-25 08:26:12,264|86,0|14,0|0,0|995|911|84|18,92|3,53|0,35|0,00
2013-10-25 08:26:18,081|84,0|16,0|0,0|995|911|84|18,92|3,53|4,96|13,53
2013-10-25 08:26:23,977|83,6|16,3|0,0|995|911|84|18,92|3,53|5,17|13,60
2013-10-25 08:26:29,756|82,0|18,0|0,0|995|911|84|18,92|3,53|9,92|85,32
2013-10-25 08:26:35,507|80,0|20,0|0,0|995|911|84|18,92|3,53|10,04|85,25
2013-10-25 08:26:41,242|84,0|16,0|0,0|995|912|83|18,92|3,53|8,29|82,75
2013-10-25 08:26:47,000|80,0|20,0|0,0|995|911|84|18,92|3,53|5,04|71,52
2013-10-25 08:26:52,783|76,0|24,0|0,0|995|911|84|18,92|3,53|0,40|0,00
2013-10-25 08:26:58,528|62,0|38,0|0,0|995|911|84|18,92|3,53|1,11|0,00
2013-10-25 08:27:04,259|60,0|40,0|0,0|995|911|84|18,92|3,53|0,12|0,00
2013-10-25 08:27:10,024|59,1|40,8|0,0|995|911|84|18,92|3,53|0,00|0,00
2013-10-25 08:27:15,764|58,8|41,1|0,0|995|911|84|18,92|3,53|0,12|0,00
2013-10-25 08:27:21,491|83,6|16,3|0,0|995|911|84|18,92|3,53|0,35|0,00
2013-10-25 08:27:27,291|80,3|19,6|0,0|995|911|84|18,92|3,53|0,90|0,14
2013-10-25 08:27:33,100|78,0|22,0|0,0|995|911|84|18,92|3,53|0,12|0,00
2013-10-25 08:27:38,917|82,0|18,0|0,0|995|911|84|18,92|3,53|0,06|0,00
2013-10-25 08:27:44,816|80,0|20,0|0,0|995|911|84|18,92|3,53|4,72|14,60
2013-10-25 08:27:50,621|81,6|18,3|0,0|995|911|84|18,92|3,53|7,26|16,58
2013-10-25 08:27:56,407|75,5|24,4|0,0|995|911|84|18,92|3,53|9,46|86,44
2013-10-25 08:28:02,165|91,8|8,1|0,0|995|911|84|18,92|3,53|11,24|86,33
2013-10-25 08:28:07,939|86,2|13,7|0,0|995|911|84|18,92|3,53|5,03|71,46
2013-10-25 08:28:13,721|90,0|10,0|0,0|995|911|84|18,92|3,53|1,16|0,00
2013-10-25 08:28:19,491|91,8|8,1|0,0|995|911|84|18,92|3,53|0,38|0,00
2013-10-25 08:28:25,249|92,0|8,0|0,0|995|911|84|18,92|3,53|0,06|0,00
2013-10-25 08:28:31,038|95,9|4,0|0,0|995|911|84|18,92|3,53|0,35|0,06
2013-10-25 08:28:36,863|92,0|8,0|0,0|995|911|84|18,92|3,53|3,85|2,75
2013-10-25 08:28:42,667|92,0|8,0|0,0|995|911|84|18,92|3,53|5,19|15,44
2013-10-25 08:28:48,471|94,0|6,0|0,0|995|911|84|18,92|3,53|9,89|86,97
2013-10-25 08:28:54,264|90,0|10,0|0,0|995|912|83|18,92|3,53|7,16|84,83
2013-10-25 08:29:00,039|91,8|8,1|0,0|995|911|84|18,92|3,53|5,23|71,53
2013-10-25 08:29:05,813|88,0|12,0|0,0|995|911|84|18,92|3,53|5,90|71,52
2013-10-25 08:29:11,581|76,0|24,0|0,0|995|911|84|18,92|3,53|6,29|71,38
2013-10-25 08:29:17,373|74,0|26,0|0,0|995|910|84|18,92|3,53|0,47|0,00
2013-10-25 08:29:23,120|76,0|24,0|0,0|995|911|84|18,92|3,53|0,41|0,00
2013-10-25 08:29:28,897|76,4|23,5|0,0|995|911|84|18,92|3,53|1,28|0,00
2013-10-25 08:29:34,653|78,0|22,0|0,0|995|911|84|18,92|3,53|0,12|0,00
2013-10-25 08:29:40,463|76,0|24,0|0,0|995|911|84|18,92|3,53|0,51|0,00
2013-10-25 08:29:46,313|88,0|12,0|0,0|995|911|84|18,92|3,53|4,72|17,84
2013-10-25 08:29:52,160|90,0|10,0|0,0|995|911|84|18,92|3,53|5,00|18,25
2013-10-25 08:29:57,948|92,0|8,0|0,0|995|911|84|18,92|3,53|8,07|20,63
2013-10-25 08:30:03,720|96,0|4,0|0,0|995|911|84|18,92|3,53|9,94|89,98
2013-10-25 08:30:09,468|92,0|8,0|0,0|995|911|84|18,91|3,53|9,59|90,12
2013-10-25 08:30:15,223|90,0|10,0|0,0|995|911|84|18,91|3,53|10,07|92,53
2013-10-25 08:30:20,995|100,0|0,0|0,0|995|911|84|18,91|3,53|9,82|89,77
2013-10-25 08:30:26,757|100,0|0,0|0,0|995|910|84|18,91|3,53|9,71|89,80
2013-10-25 08:30:32,529|96,0|4,0|0,0|995|912|83|18,91|3,53|9,28|88,13
2013-10-25 08:30:38,292|98,0|1,9|0,0|995|912|82|18,91|3,53|5,15|71,54
2013-10-25 08:30:44,077|94,0|6,0|0,0|995|911|84|18,91|3,53|5,78|71,53
2013-10-25 08:30:49,832|84,0|16,0|0,0|995|910|84|18,91|3,53|5,30|71,64
2013-10-25 08:30:55,572|88,0|12,0|0,0|995|910|85|18,91|3,53|5,15|71,53
2013-10-25 08:31:01,308|82,3|15,6|0,0|995|910|85|18,91|3,53|5,38|71,59
2013-10-25 08:31:07,068|82,0|18,0|0,0|995|910|85|18,91|3,53|5,33|71,53
2013-10-25 08:31:12,799|86,0|14,0|0,0|995|910|85|18,91|3,53|6,82|71,53
2013-10-25 08:31:18,535|96,0|4,0|0,0|995|910|85|18,91|3,53|5,41|71,53
2013-10-25 08:31:24,272|88,0|12,0|0,0|995|910|85|18,91|3,53|5,56|71,59
2013-10-25 08:31:30,012|84,0|16,0|0,0|995|910|85|18,91|3,53|5,33|71,59
2013-10-25 08:31:35,764|86,0|14,0|0,0|995|910|85|18,91|3,53|9,84|89,12
2013-10-25 08:31:41,519|90,0|10,0|0,0|995|910|85|18,91|3,53|9,76|89,26
2013-10-25 08:31:47,256|90,0|10,0|0,0|995|910|85|18,91|3,53|9,46|89,19
2013-10-25 08:31:53,011|100,0|0,0|0,0|995|910|85|18,91|3,53|9,98|89,27
2013-10-25 08:31:58,759|100,0|0,0|0,0|995|910|85|18,91|3,53|5,89|17,82
2013-10-25 08:32:04,617|100,0|0,0|0,0|995|910|85|18,91|3,53|4,55|17,88
2013-10-25 08:32:10,428|98,0|2,0|0,0|995|910|85|18,91|3,53|0,97|0,33
2013-10-25 08:32:16,235|98,0|2,0|0,0|995|910|85|18,91|3,53|0,12|0,00
2013-10-25 08:32:22,083|100,0|0,0|0,0|995|910|85|18,91|3,53|0,70|0,00
2013-10-25 08:32:27,856|98,0|1,9|0,0|995|910|85|18,91|3,53|0,06|0,00
2013-10-25 08:32:33,656|95,9|4,0|0,0|995|910|85|18,91|3,53|0,12|0,00
2013-10-25 08:32:39,425|91,8|8,1|0,0|995|909|85|18,91|3,53|0,00|0,00
2013-10-25 08:32:45,180|94,1|5,8|0,0|995|909|86|18,91|3,53|1,10|0,00
2013-10-25 08:32:50,937|94,0|6,0|0,0|995|909|85|18,91|3,53|5,27|71,53
2013-10-25 08:32:56,685|98,0|2,0|0,0|995|909|85|18,91|3,53|9,59|90,11
2013-10-25 08:33:02,437|98,0|2,0|0,0|995|909|86|18,91|3,53|5,20|18,67
2013-10-25 08:33:08,239|96,0|3,9|0,0|995|909|86|18,91|3,53|4,97|18,66
2013-10-25 08:33:13,999|98,0|2,0|0,0|995|909|86|18,91|3,53|0,41|0,00
2013-10-25 08:33:19,836|98,0|2,0|0,0|995|910|85|18,91|3,53|0,38|0,00
2013-10-25 08:33:25,651|98,0|2,0|0,0|995|909|85|18,91|3,53|0,27|0,00
2013-10-25 08:33:31,496|92,0|8,0|0,0|995|909|86|18,91|3,53|0,55|0,00
2013-10-25 08:33:37,236|94,0|6,0|0,0|995|909|85|18,91|3,53|5,15|71,53
2013-10-25 08:33:43,061|100,0|0,0|0,0|995|909|85|18,91|3,53|11,38|92,29
2013-10-25 08:33:48,803|100,0|0,0|0,0|995|910|84|18,91|3,53|4,55|21,35
2013-10-25 08:33:54,587|98,0|1,9|0,0|995|910|84|18,91|3,53|0,35|0,00
2013-10-25 08:34:00,412|100,0|0,0|0,0|995|911|84|18,91|3,53|0,34|0,00
2013-10-25 08:34:06,185|100,0|0,0|0,0|995|910|84|18,91|3,53|1,06|4,41
2013-10-25 08:34:11,964|96,0|4,0|0,0|995|910|85|18,91|3,53|1,17|0,44
2013-10-25 08:34:17,700|96,0|3,9|0,0|995|910|85|18,91|3,53|5,68|71,88
2013-10-25 08:34:23,491|0,0|0,0|100,0|995|611|384|18,91|3,53|6,84|19,95
2013-10-25 08:34:29,095|0,0|0,0|100,0|995|610|384|18,91|3,53|0,23|0,00
2013-10-25 08:34:34,613|4,0|2,0|94,0|995|610|384|18,91|3,53|0,06|0,00
2013-10-25 08:34:40,215|6,1|4,0|89,7|995|610|384|18,91|3,53|5,23|71,64
2013-10-25 08:34:45,733|0,0|0,0|100,0|995|610|384|18,91|3,53|5,47|20,06
2013-10-25 08:34:51,346|0,0|0,0|100,0|995|611|384|18,91|3,53|0,82|0,00
2013-10-25 08:34:56,918|0,0|0,0|100,0|995|611|384|18,91|3,53|0,18|0,00
2013-10-25 08:35:02,458|0,0|0,0|100,0|995|610|384|18,91|3,54|1,13|0,00
2013-10-25 08:35:07,981|0,0|0,0|100,0|995|610|384|18,91|3,54|0,64|0,06
2013-10-25 08:35:13,529|0,0|0,0|100,0|995|611|384|18,91|3,54|1,96|0,00
MV3===========================================
2013-10-25 08:13:45,299|2,0|0,0|98,0|995|671|324|16,71|3,53|0,06|0,00
2013-10-25 08:13:50,890|0,0|0,0|100,0|995|671|324|16,71|3,53|0,31|0,04
2013-10-25 08:13:56,433|0,0|0,0|100,0|995|670|325|16,71|3,53|1,61|0,00
2013-10-25 08:14:01,951|0,0|0,0|100,0|995|670|325|16,71|3,53|0,06|0,00
2013-10-25 08:14:07,454|0,0|0,0|100,0|995|670|325|16,71|3,53|0,55|0,00
2013-10-25 08:14:13,003|0,0|0,0|100,0|995|670|325|16,71|3,53|0,23|0,00
2013-10-25 08:14:18,551|0,0|0,0|100,0|995|670|325|16,71|3,53|0,43|0,00
2013-10-25 08:14:24,082|0,0|0,0|100,0|995|670|325|16,71|3,53|0,99|0,00
2013-10-25 08:14:29,656|0,0|0,0|100,0|995|670|325|16,71|3,53|0,29|0,00
2013-10-25 08:14:35,187|0,0|0,0|100,0|995|670|325|16,71|3,53|0,21|0,00
2013-10-25 08:14:40,776|0,0|0,0|100,0|995|670|325|16,71|3,53|0,53|0,00
2013-10-25 08:14:46,316|0,0|0,0|100,0|995|670|325|16,71|3,53|0,06|0,00
2013-10-25 08:14:51,835|0,0|0,0|100,0|995|670|325|16,71|3,53|0,06|0,00
2013-10-25 08:14:57,409|0,0|0,0|100,0|995|670|325|16,71|3,53|0,18|0,00
2013-10-25 08:15:02,950|0,0|0,0|100,0|995|670|325|16,71|3,53|0,70|0,00
2013-10-25 08:15:08,466|0,0|0,0|100,0|995|670|325|16,71|3,53|0,12|0,00
2013-10-25 08:15:14,038|0,0|1,9|98,0|995|670|325|16,71|3,53|0,23|0,00
2013-10-25 08:15:19,578|0,0|0,0|100,0|995|670|325|16,71|3,53|1,13|0,00
2013-10-25 08:15:25,090|0,0|0,0|100,0|995|670|325|16,71|3,53|1,25|0,97
2013-10-25 08:15:30,658|0,0|0,0|100,0|995|670|325|16,71|3,53|0,35|0,00
2013-10-25 08:15:36,188|0,0|0,0|100,0|995|670|325|16,71|3,53|0,47|0,00
2013-10-25 08:15:41,710|0,0|0,0|100,0|995|670|325|16,71|3,53|0,47|0,00
2013-10-25 08:15:47,262|0,0|0,0|100,0|995|670|325|16,71|3,53|1,24|0,00
2013-10-25 08:15:52,806|0,0|1,9|98,0|995|670|325|16,71|3,53|0,19|0,00
2013-10-25 08:15:58,330|0,0|0,0|100,0|995|670|325|16,71|3,53|0,12|0,00
2013-10-25 08:16:03,881|0,0|0,0|100,0|995|670|325|16,71|3,53|0,35|0,00
2013-10-25 08:16:09,433|0,0|0,0|100,0|995|670|325|16,71|3,53|0,40|0,00
2013-10-25 08:16:14,960|0,0|0,0|100,0|995|670|325|16,71|3,53|1,05|0,00
2013-10-25 08:16:20,508|0,0|0,0|100,0|995|670|325|16,71|3,53|0,47|0,00
2013-10-25 08:16:26,058|0,0|0,0|100,0|995|670|325|16,71|3,53|0,06|0,00
2013-10-25 08:16:31,586|0,0|0,0|100,0|995|670|325|16,71|3,53|0,29|0,00
2013-10-25 08:16:37,164|0,0|0,0|100,0|995|670|325|16,71|3,53|5,06|5,87
2013-10-25 08:16:42,699|0,0|0,0|100,0|995|670|325|16,71|3,53|4,48|5,91
2013-10-25 08:16:48,296|4,0|8,0|88,0|995|670|325|16,71|3,53|5,69|85,62
2013-10-25 08:16:53,825|2,0|0,0|98,0|995|671|324|16,71|3,53|3,90|84,16
2013-10-25 08:16:59,390|2,0|0,0|98,0|995|670|325|16,71|3,53|1,43|0,00
2013-10-25 08:17:04,973|0,0|0,0|100,0|995|670|325|16,71|3,53|4,73|6,19
2013-10-25 08:17:10,563|1,9|1,9|96,0|995|671|324|16,71|3,53|6,11|89,26
2013-10-25 08:17:16,132|4,0|2,0|94,0|995|670|325|16,71|3,53|5,04|85,62
2013-10-25 08:17:21,677|4,0|4,0|92,0|995|670|325|16,71|3,53|0,00|0,00
2013-10-25 08:17:27,211|1,9|0,0|98,0|995|670|325|16,71|3,53|3,55|0,30
2013-10-25 08:17:32,761|0,0|0,0|100,0|995|670|325|16,71|3,53|4,82|6,57
2013-10-25 08:17:38,281|0,0|0,0|100,0|995|670|325|16,71|3,53|6,22|6,89
2013-10-25 08:17:43,867|4,0|4,0|91,8|995|670|325|16,71|3,53|5,04|85,62
2013-10-25 08:17:49,419|0,0|0,0|100,0|995|670|325|16,71|3,53|4,07|85,19
2013-10-25 08:17:54,932|6,1|6,1|87,7|995|670|325|16,71|3,53|0,06|0,00
2013-10-25 08:18:00,523|0,0|0,0|100,0|995|670|325|16,71|3,53|4,96|6,86
2013-10-25 08:18:06,086|0,0|0,0|100,0|995|670|325|16,71|3,53|4,60|7,00
2013-10-25 08:18:11,680|8,0|4,0|88,0|995|670|325|16,70|3,53|5,59|85,68
2013-10-25 08:18:17,232|2,0|0,0|98,0|995|671|324|16,70|3,53|4,28|84,29
2013-10-25 08:18:22,804|5,8|5,8|88,2|995|670|325|16,70|3,53|0,00|0,00
2013-10-25 08:18:28,405|0,0|0,0|100,0|995|670|325|16,70|3,53|3,53|2,65
2013-10-25 08:18:33,949|0,0|0,0|100,0|995|670|325|16,70|3,53|4,60|7,36
2013-10-25 08:18:39,525|0,0|0,0|100,0|995|670|325|16,70|3,53|5,54|7,36
2013-10-25 08:18:45,085|0,0|0,0|100,0|995|670|325|16,70|3,53|12,94|92,99
2013-10-25 08:18:50,661|4,0|4,0|89,7|995|670|325|16,70|3,53|5,20|85,62
2013-10-25 08:18:56,211|70,0|30,0|0,0|995|917|78|16,70|3,53|2,63|0,00
2013-10-25 08:19:02,019|78,0|22,0|0,0|995|916|78|16,70|3,53|5,13|7,66
2013-10-25 08:19:07,747|76,4|23,5|0,0|995|916|78|16,70|3,53|9,52|93,16
2013-10-25 08:19:13,485|74,0|26,0|0,0|995|916|78|16,70|3,53|5,16|85,69
2013-10-25 08:19:19,261|74,0|26,0|0,0|995|916|78|16,70|3,53|0,72|0,00
2013-10-25 08:19:25,000|76,4|23,5|0,0|995|916|78|16,70|3,53|0,29|0,00
2013-10-25 08:19:30,763|60,7|39,2|0,0|995|916|78|16,70|3,53|5,46|8,02
2013-10-25 08:19:36,581|70,0|30,0|0,0|995|916|78|16,70|3,53|5,40|85,56
2013-10-25 08:19:42,329|72,0|28,0|0,0|995|916|79|16,70|3,53|0,65|0,00
2013-10-25 08:19:48,131|74,0|26,0|0,0|995|916|79|16,70|3,53|6,14|8,24
2013-10-25 08:19:53,937|72,0|28,0|0,0|995|916|79|16,70|3,53|5,74|85,69
2013-10-25 08:19:59,672|75,5|24,4|0,0|995|916|79|16,70|3,53|1,04|0,00
2013-10-25 08:20:05,500|80,0|20,0|0,0|995|916|78|16,70|3,53|4,48|8,44
2013-10-25 08:20:11,269|80,0|20,0|0,0|995|916|79|16,70|3,53|4,83|8,52
2013-10-25 08:20:17,048|78,0|22,0|0,0|995|916|78|16,70|3,53|5,28|85,50
2013-10-25 08:20:22,777|78,0|22,0|0,0|995|916|79|16,70|3,53|5,10|85,49
2013-10-25 08:20:28,509|80,0|20,0|0,0|995|916|78|16,70|3,53|2,12|0,00
2013-10-25 08:20:34,263|100,0|0,0|0,0|995|916|78|16,70|3,53|0,12|0,00
2013-10-25 08:20:40,033|100,0|0,0|0,0|995|916|79|16,70|3,53|5,24|10,48
2013-10-25 08:20:45,806|94,0|6,0|0,0|995|917|78|16,70|3,53|8,91|93,05
2013-10-25 08:20:51,531|90,0|10,0|0,0|995|916|79|16,70|3,53|5,17|85,63
2013-10-25 08:20:57,254|90,0|10,0|0,0|995|916|79|16,70|3,53|0,06|0,00
2013-10-25 08:21:02,997|100,0|0,0|0,0|995|916|79|16,70|3,53|0,50|4,41
2013-10-25 08:21:08,785|98,0|1,9|0,0|995|916|79|16,70|3,53|4,72|11,27
2013-10-25 08:21:14,597|96,0|4,0|0,0|995|916|79|16,70|3,53|5,24|91,63
2013-10-25 08:21:20,327|94,1|5,8|0,0|995|916|79|16,70|3,53|0,54|4,41
2013-10-25 08:21:26,113|100,0|0,0|0,0|995|916|79|16,70|3,53|4,72|9,57
2013-10-25 08:21:31,909|94,0|6,0|0,0|995|916|79|16,70|3,53|5,45|85,63
2013-10-25 08:21:37,649|94,0|6,0|0,0|995|916|79|16,70|3,53|0,32|0,00
2013-10-25 08:21:43,389|100,0|0,0|0,0|995|916|79|16,70|3,53|1,82|0,30
2013-10-25 08:21:49,152|90,0|10,0|0,0|995|916|79|16,70|3,53|9,15|13,98
2013-10-25 08:21:54,904|90,0|10,0|0,0|995|916|79|16,70|3,53|5,28|85,63
2013-10-25 08:22:00,632|88,0|12,0|0,0|995|916|79|16,70|3,53|1,22|0,00
2013-10-25 08:22:06,405|98,0|2,0|0,0|995|917|78|16,70|3,53|1,10|82,65
2013-10-25 08:22:12,157|100,0|0,0|0,0|995|915|79|16,70|3,53|0,36|0,06
2013-10-25 08:22:17,967|100,0|0,0|0,0|995|916|79|16,70|3,53|4,73|16,16
2013-10-25 08:22:23,799|91,8|8,1|0,0|995|916|79|16,70|3,53|6,09|87,66
2013-10-25 08:22:29,523|88,0|12,0|0,0|995|915|79|16,70|3,53|0,06|0,06
2013-10-25 08:22:35,257|90,0|10,0|0,0|995|915|79|16,70|3,53|2,23|5,67
2013-10-25 08:22:41,012|90,1|9,8|0,0|995|915|79|16,70|3,53|4,89|10,44
2013-10-25 08:22:46,805|89,7|10,2|0,0|995|915|80|16,70|3,53|5,47|86,23
2013-10-25 08:22:52,537|62,0|38,0|0,0|995|915|79|16,70|3,53|0,12|0,00
2013-10-25 08:22:58,287|58,8|41,1|0,0|995|915|79|16,70|3,53|28,83|0,00
2013-10-25 08:23:04,054|60,0|40,0|0,0|995|915|79|16,70|3,53|6,39|11,03
2013-10-25 08:23:09,816|62,0|38,0|0,0|995|915|79|16,70|3,53|5,62|85,63
2013-10-25 08:23:15,547|59,1|40,8|0,0|995|915|79|16,70|3,53|1,16|0,00
2013-10-25 08:23:21,279|57,9|42,0|0,0|995|915|79|16,70|3,53|0,35|0,00
2013-10-25 08:23:27,056|90,0|10,0|0,0|995|915|79|16,70|3,53|4,60|10,95
2013-10-25 08:23:32,837|84,3|15,6|0,0|995|916|79|16,70|3,53|5,22|85,62
2013-10-25 08:23:38,577|84,3|15,6|0,0|995|917|78|16,70|3,53|0,06|0,00
2013-10-25 08:23:44,333|92,0|8,0|0,0|995|915|79|16,70|3,53|0,18|0,00
2013-10-25 08:23:50,145|92,0|8,0|0,0|995|915|79|16,70|3,53|4,54|11,23
2013-10-25 08:23:55,961|88,0|12,0|0,0|995|915|79|16,70|3,53|5,45|85,61
2013-10-25 08:24:01,708|89,7|10,2|0,0|995|917|78|16,70|3,53|3,33|84,10
2013-10-25 08:24:07,457|86,2|13,7|0,0|995|915|79|16,69|3,53|0,32|0,00
2013-10-25 08:24:13,244|90,0|10,0|0,0|995|915|79|16,69|3,53|4,66|11,62
2013-10-25 08:24:19,012|90,0|10,0|0,0|995|915|79|16,69|3,53|7,63|11,90
2013-10-25 08:24:24,784|66,0|34,0|0,0|995|915|79|16,69|3,53|6,78|13,13
2013-10-25 08:24:30,539|73,4|26,5|0,0|995|916|79|16,69|3,54|9,52|14,32
2013-10-25 08:24:36,292|77,5|22,4|0,0|995|916|79|16,69|3,54|5,51|85,63
2013-10-25 08:24:42,023|74,0|26,0|0,0|995|917|78|16,69|3,54|3,86|85,33
2013-10-25 08:24:47,752|72,0|28,0|0,0|995|916|79|16,69|3,54|0,35|0,00
2013-10-25 08:24:53,564|98,0|2,0|0,0|995|916|79|16,69|3,54|0,57|0,00
2013-10-25 08:24:59,336|90,0|10,0|0,0|995|916|79|16,69|3,54|6,79|12,09
2013-10-25 08:25:05,161|94,0|6,0|0,0|995|916|78|16,69|3,54|9,79|102,48
2013-10-25 08:25:10,893|88,0|12,0|0,0|995|916|79|16,69|3,54|5,34|85,84
2013-10-25 08:25:16,641|76,4|9,8|13,7|995|618|377|16,69|3,54|6,21|85,93
2013-10-25 08:25:22,314|4,0|4,0|91,8|995|618|377|16,69|3,54|5,40|85,92
2013-10-25 08:25:27,869|44,0|56,0|0,0|995|618|377|16,69|3,54|5,04|85,87
2013-10-25 08:25:33,693|51,0|48,9|0,0|995|619|376|16,69|3,54|2,98|86,43
2013-10-25 08:25:39,362|0,0|2,0|97,9|995|619|376|16,69|3,54|3,70|85,52
2013-10-25 08:25:44,935|0,0|0,0|100,0|995|618|376|16,69|3,54|3,36|85,42
2013-10-25 08:25:50,477|0,0|0,0|100,0|995|618|377|16,69|3,54|5,17|85,85
2013-10-25 08:25:55,988|2,0|6,0|92,0|995|618|377|16,69|3,54|5,10|85,85
2013-10-25 08:26:01,558|8,0|2,0|90,0|995|618|377|16,69|3,54|5,97|85,85
2013-10-25 08:26:07,105|4,0|4,0|91,8|995|618|377|16,69|3,54|5,29|85,66
2013-10-25 08:26:12,620|6,1|2,0|91,8|995|618|377|16,69|3,54|5,71|85,83
2013-10-25 08:26:18,186|6,0|4,0|90,0|995|618|377|16,69|3,54|6,10|86,36
2013-10-25 08:26:23,716|96,0|4,0|0,0|995|657|337|16,69|3,54|5,97|85,79
2013-10-25 08:26:29,513|80,0|20,0|0,0|995|900|95|16,69|3,54|2,61|0,14
2013-10-25 08:26:35,366|88,0|12,0|0,0|995|917|78|16,69|3,54|0,23|0,00
2013-10-25 08:26:41,226|90,0|10,0|0,0|995|917|78|16,69|3,54|0,71|0,00
2013-10-25 08:26:47,049|88,0|12,0|0,0|995|917|78|16,69|3,54|0,52|0,06
2013-10-25 08:26:52,825|90,0|10,0|0,0|995|917|78|16,69|3,54|4,48|13,61
2013-10-25 08:26:58,605|90,0|10,0|0,0|995|917|78|16,69|3,54|5,05|13,61
2013-10-25 08:27:04,388|88,2|11,7|0,0|995|917|78|16,69|3,54|6,37|15,08
2013-10-25 08:27:10,165|92,0|8,0|0,0|995|918|77|16,69|3,54|8,09|98,04
2013-10-25 08:27:15,916|84,3|15,6|0,0|995|917|78|16,69|3,54|5,10|85,80
2013-10-25 08:27:21,656|90,0|10,0|0,0|995|917|78|16,69|3,54|5,52|85,86
2013-10-25 08:27:27,385|70,0|30,0|0,0|995|917|78|16,69|3,54|5,27|85,67
2013-10-25 08:27:33,121|82,0|18,0|0,0|995|916|79|16,69|3,54|5,16|86,09
2013-10-25 08:27:38,899|78,4|21,5|0,0|995|916|79|16,69|3,54|5,11|86,21
2013-10-25 08:27:44,648|78,0|22,0|0,0|995|916|79|16,69|3,54|5,10|86,15
2013-10-25 08:27:50,384|78,0|22,0|0,0|995|916|79|16,69|3,54|3,44|85,85
2013-10-25 08:27:56,132|84,0|16,0|0,0|995|917|78|16,69|3,54|2,55|83,33
2013-10-25 08:28:01,875|76,0|24,0|0,0|995|916|79|16,69|3,54|0,92|0,00
2013-10-25 08:28:07,633|62,0|38,0|0,0|995|916|78|16,69|3,54|0,50|0,00
2013-10-25 08:28:13,423|66,0|34,0|0,0|995|916|78|16,69|3,54|0,06|0,00
2013-10-25 08:28:19,256|66,0|34,0|0,0|995|916|79|16,69|3,54|2,55|1,39
2013-10-25 08:28:25,085|70,0|30,0|0,0|995|916|79|16,69|3,54|4,83|14,79
2013-10-25 08:28:30,861|66,6|33,3|0,0|995|916|79|16,69|3,54|9,83|101,08
2013-10-25 08:28:36,598|64,7|35,2|0,0|995|917|78|16,69|3,54|8,12|99,73
2013-10-25 08:28:42,348|62,0|38,0|0,0|995|916|79|16,69|3,54|5,33|85,96
2013-10-25 08:28:48,088|78,0|22,0|0,0|995|916|79|16,69|3,54|5,66|86,29
2013-10-25 08:28:53,852|84,0|16,0|0,0|995|916|79|16,69|3,54|0,57|0,00
2013-10-25 08:28:59,599|80,0|20,0|0,0|995|916|79|16,69|3,54|1,90|0,00
2013-10-25 08:29:05,345|84,0|16,0|0,0|995|916|79|16,69|3,54|0,12|0,00
2013-10-25 08:29:11,152|81,6|18,3|0,0|995|916|79|16,69|3,54|2,09|1,46
2013-10-25 08:29:16,962|82,0|18,0|0,0|995|916|79|16,69|3,54|5,65|15,40
2013-10-25 08:29:22,767|70,0|30,0|0,0|995|915|79|16,69|3,54|4,72|15,53
2013-10-25 08:29:28,549|63,2|36,7|0,0|995|915|79|16,69|3,54|4,99|15,61
2013-10-25 08:29:34,347|74,0|26,0|0,0|995|915|79|16,69|3,54|6,49|17,08
2013-10-25 08:29:40,123|65,3|34,6|0,0|995|915|79|16,69|3,54|10,00|101,90
2013-10-25 08:29:45,868|84,0|16,0|0,0|995|917|78|16,69|3,54|5,10|86,09
2013-10-25 08:29:51,650|98,0|2,0|0,0|995|915|79|16,69|3,54|5,30|92,22
2013-10-25 08:29:57,405|100,0|0,0|0,0|995|915|79|16,69|3,54|5,17|86,22
2013-10-25 08:30:03,165|98,0|1,9|0,0|995|915|79|16,69|3,54|0,59|0,06
2013-10-25 08:30:08,922|92,3|5,7|0,0|995|916|79|16,69|3,54|0,06|0,00
2013-10-25 08:30:14,684|96,0|2,0|0,0|995|915|79|16,69|3,54|0,06|0,00
2013-10-25 08:30:20,505|98,0|2,0|0,0|995|915|79|16,69|3,54|1,97|0,00
2013-10-25 08:30:26,308|100,0|0,0|0,0|995|915|79|16,69|3,54|0,18|0,00
2013-10-25 08:30:32,081|96,0|3,9|0,0|995|915|79|16,69|3,54|1,22|0,00
2013-10-25 08:30:37,888|98,0|2,0|0,0|995|915|79|16,69|3,54|0,55|0,00
2013-10-25 08:30:43,755|98,0|1,9|0,0|995|915|79|16,69|3,54|1,73|1,90
2013-10-25 08:30:49,556|100,0|0,0|0,0|995|915|80|16,69|3,54|4,28|4,34
2013-10-25 08:30:55,337|100,0|0,0|0,0|995|915|79|16,69|3,54|4,78|18,20
2013-10-25 08:31:01,117|100,0|0,0|0,0|995|915|80|16,69|3,54|4,92|22,69
2013-10-25 08:31:06,881|100,0|0,0|0,0|995|915|79|16,69|3,54|4,86|22,85
2013-10-25 08:31:12,617|100,0|0,0|0,0|995|915|80|16,69|3,54|5,01|16,97
2013-10-25 08:31:18,367|100,0|0,0|0,0|995|915|80|16,69|3,54|4,79|17,01
2013-10-25 08:31:24,109|100,0|0,0|0,0|995|915|80|16,69|3,54|5,59|17,04
2013-10-25 08:31:29,861|100,0|0,0|0,0|995|915|80|16,68|3,54|4,84|17,11
2013-10-25 08:31:35,597|100,0|0,0|0,0|995|915|80|16,68|3,54|5,58|17,61
2013-10-25 08:31:41,391|100,0|0,0|0,0|995|915|80|16,68|3,54|5,13|17,25
2013-10-25 08:31:47,140|100,0|0,0|0,0|995|915|80|16,68|3,54|6,24|17,64
2013-10-25 08:31:52,893|100,0|0,0|0,0|995|915|80|16,68|3,54|5,25|17,86
2013-10-25 08:31:58,674|100,0|0,0|0,0|995|912|83|16,68|3,54|5,35|17,68
2013-10-25 08:32:04,472|0,0|0,0|100,0|995|598|396|16,68|3,54|0,41|0,22
2013-10-25 08:32:10,100|1,9|0,0|98,0|995|598|397|16,68|3,54|0,18|0,00
2013-10-25 08:32:15,647|6,0|4,0|90,0|995|598|397|16,68|3,54|0,29|0,00
2013-10-25 08:32:21,242|1,9|1,9|96,0|995|599|396|16,68|3,54|5,05|84,82
2013-10-25 08:32:26,763|2,0|8,1|89,7|995|598|397|16,68|3,54|5,22|86,28
2013-10-25 08:32:32,327|0,0|0,0|100,0|995|598|397|16,68|3,54|6,73|19,36
2013-10-25 08:32:37,909|0,0|0,0|100,0|995|598|397|16,68|3,54|5,29|17,91
2013-10-25 08:32:43,462|0,0|0,0|100,0|995|598|397|16,68|3,54|0,06|0,00
2013-10-25 08:32:49,005|4,0|2,0|94,0|995|598|397|16,68|3,54|0,41|0,00
2013-10-25 08:32:54,596|4,0|6,0|90,0|995|598|397|16,68|3,54|0,75|0,00
2013-10-25 08:33:00,123|7,6|3,8|86,5|995|598|397|16,68|3,54|5,46|86,27
2013-10-25 08:33:05,642|0,0|0,0|100,0|995|598|397|16,68|3,54|8,55|21,20
2013-10-25 08:33:11,193|0,0|0,0|100,0|995|598|397|16,68|3,54|5,00|18,40
2013-10-25 08:33:16,791|0,0|0,0|100,0|995|598|397|16,68|3,54|0,06|0,06
2013-10-25 08:33:22,305|8,0|4,0|88,0|995|598|397|16,68|3,54|0,06|0,00
2013-10-25 08:33:27,882|0,0|0,0|100,0|995|598|397|16,68|3,54|5,10|86,15
2013-10-25 08:33:33,450|0,0|2,0|97,9|995|599|395|16,68|3,54|6,16|86,21
2013-10-25 08:33:38,964|0,0|0,0|100,0|995|598|397|16,68|3,54|5,37|19,17
2013-10-25 08:33:44,501|0,0|0,0|100,0|995|598|396|16,68|3,54|0,12|0,00
2013-10-25 08:33:50,119|4,1|2,0|93,7|995|598|396|16,68|3,54|0,43|0,00
2013-10-25 08:33:55,631|0,0|0,0|100,0|995|598|396|16,68|3,54|5,28|87,87
2013-10-25 08:34:01,190|0,0|0,0|100,0|995|599|395|16,68|3,54|9,80|109,89
2013-10-25 08:34:06,738|0,0|0,0|100,0|995|598|396|16,68|3,54|4,67|21,59
2013-10-25 08:34:12,310|0,0|0,0|100,0|995|598|396|16,68|3,54|0,76|4,41
2013-10-25 08:34:17,889|8,0|4,0|88,0|995|598|396|16,68|3,54|1,33|0,00
2013-10-25 08:34:23,485|3,9|7,8|88,2|995|598|396|16,68|3,54|5,16|86,13
2013-10-25 08:34:29,040|0,0|0,0|100,0|995|598|396|16,68|3,54|6,85|19,72
2013-10-25 08:34:34,629|0,0|0,0|100,0|995|598|396|16,68|3,54|1,73|1,90
2013-10-25 08:34:40,204|4,0|4,0|91,8|995|598|396|16,68|3,54|0,25|4,41
2013-10-25 08:34:45,738|2,0|4,0|93,8|995|598|396|16,68|3,54|5,36|86,28
2013-10-25 08:34:51,249|0,0|0,0|100,0|995|598|396|16,68|3,54|6,17|21,86
2013-10-25 08:34:56,870|0,0|0,0|100,0|995|598|396|16,68|3,54|0,12|0,00
2013-10-25 08:35:02,491|6,0|6,0|88,0|995|598|396|16,68|3,54|0,12|0,00
2013-10-25 08:35:08,068|3,9|5,8|90,1|995|598|396|16,68|3,54|10,23|86,27
2013-10-25 08:35:13,614|0,0|0,0|100,0|995|598|396|16,68|3,54|0,41|0,00
2013-10-25 08:35:19,134|0,0|0,0|100,0|995|598|396|16,68|3,54|0,31|6,97
2013-10-25 08:35:24,710|0,0|0,0|100,0|995|598|396|16,68|3,54|0,93|1,66
2013-10-25 08:35:30,245|0,0|0,0|100,0|995|598|396|16,68|3,54|0,49|0,00
MV4===========================================
2013-10-25 08:15:10,081|0,0|0,0|100,0|995|615|380|11,29|1,81|0,06|0,00
2013-10-25 08:15:15,532|0,0|0,0|100,0|995|615|380|11,29|1,81|0,59|0,00
2013-10-25 08:15:20,969|0,0|0,0|100,0|995|615|380|11,29|1,81|0,12|0,00
2013-10-25 08:15:26,399|0,0|0,0|100,0|995|615|380|11,29|1,81|0,47|0,00
2013-10-25 08:15:31,847|0,0|0,0|100,0|995|615|380|11,29|1,81|1,07|0,00
2013-10-25 08:15:37,294|0,0|0,0|100,0|995|615|380|11,29|1,81|0,42|0,00
2013-10-25 08:15:42,732|0,0|0,0|100,0|995|615|380|11,29|1,81|0,30|0,00
2013-10-25 08:15:48,170|0,0|0,0|100,0|995|613|381|11,29|1,81|0,18|0,00
2013-10-25 08:15:53,606|1,9|0,0|98,0|995|614|381|11,29|1,81|0,12|0,00
2013-10-25 08:15:59,045|0,0|0,0|100,0|995|614|381|11,29|1,81|0,06|0,00
2013-10-25 08:16:04,478|0,0|0,0|100,0|995|614|381|11,29|1,81|0,61|0,00
2013-10-25 08:16:09,915|0,0|1,9|98,0|995|614|381|11,29|1,81|0,18|0,00
2013-10-25 08:16:15,346|0,0|0,0|100,0|995|614|381|11,29|1,81|0,53|0,00
2013-10-25 08:16:20,782|0,0|0,0|100,0|995|614|381|11,29|1,81|0,35|0,00
2013-10-25 08:16:26,224|0,0|0,0|100,0|995|613|381|11,29|1,81|0,23|0,00
2013-10-25 08:16:31,657|0,0|0,0|100,0|995|614|381|11,29|1,81|1,18|0,00
2013-10-25 08:16:37,097|0,0|0,0|100,0|995|614|381|11,29|1,81|0,54|0,00
2013-10-25 08:16:42,521|0,0|0,0|100,0|995|614|381|11,29|1,81|0,29|0,00
2013-10-25 08:16:47,957|0,0|0,0|100,0|995|614|381|11,29|1,81|0,12|0,00
2013-10-25 08:16:53,393|0,0|0,0|100,0|995|614|381|11,29|1,81|0,20|0,00
2013-10-25 08:16:58,834|0,0|0,0|100,0|995|614|381|11,29|1,81|0,06|0,00
2013-10-25 08:17:04,271|0,0|0,0|100,0|995|614|381|11,29|1,81|0,67|0,00
2013-10-25 08:17:09,709|0,0|0,0|100,0|995|614|381|11,29|1,81|0,12|0,00
2013-10-25 08:17:15,147|0,0|0,0|100,0|995|614|381|11,29|1,81|0,35|0,00
2013-10-25 08:17:20,584|0,0|0,0|100,0|995|614|381|11,29|1,81|0,06|0,00
2013-10-25 08:17:26,019|0,0|0,0|100,0|995|614|381|11,29|1,81|0,12|0,00
2013-10-25 08:17:31,454|0,0|0,0|100,0|995|614|381|11,29|1,81|0,00|0,00
2013-10-25 08:17:36,899|0,0|0,0|100,0|995|614|381|11,29|1,81|0,12|0,00
2013-10-25 08:17:42,335|0,0|0,0|100,0|995|614|381|11,29|1,81|1,78|0,00
2013-10-25 08:17:47,770|0,0|0,0|100,0|995|614|381|11,28|1,82|0,12|0,00
2013-10-25 08:17:53,213|0,0|0,0|100,0|995|614|381|11,28|1,82|9,52|100,40
2013-10-25 08:17:58,648|4,0|4,0|92,0|995|614|381|11,28|1,82|4,98|94,54
2013-10-25 08:18:04,113|4,1|2,0|93,7|995|614|381|11,28|1,82|0,67|0,00
2013-10-25 08:18:09,541|2,0|0,0|98,0|995|614|381|11,28|1,82|0,43|0,00
2013-10-25 08:18:15,011|0,0|0,0|100,0|995|614|381|11,28|1,82|4,83|6,07
2013-10-25 08:18:20,488|0,0|0,0|100,0|995|614|381|11,28|1,82|9,77|100,55
2013-10-25 08:18:25,925|6,0|4,0|90,0|995|614|381|11,28|1,82|5,29|94,48
2013-10-25 08:18:31,358|6,1|2,0|91,8|995|614|381|11,28|1,82|5,10|94,54
2013-10-25 08:18:36,801|5,8|3,9|90,1|995|614|381|11,28|1,82|0,00|0,00
2013-10-25 08:18:42,244|0,0|0,0|100,0|995|614|381|11,28|1,82|1,94|0,00
2013-10-25 08:18:47,710|2,0|0,0|98,0|995|614|381|11,28|1,82|2,17|1,46
2013-10-25 08:18:53,186|0,0|0,0|100,0|995|614|381|11,28|1,82|4,91|6,50
2013-10-25 08:18:58,621|0,0|0,0|100,0|995|614|381|11,28|1,82|9,65|101,13
2013-10-25 08:19:04,060|2,0|0,0|97,9|995|615|379|11,28|1,82|6,49|95,00
2013-10-25 08:19:09,519|6,0|4,0|90,0|995|614|381|11,28|1,82|5,22|94,54
2013-10-25 08:19:14,973|4,0|4,0|91,8|995|614|381|11,28|1,82|1,16|0,00
2013-10-25 08:19:20,408|2,0|0,0|97,9|995|614|381|11,28|1,82|0,12|0,00
2013-10-25 08:19:25,874|0,0|0,0|100,0|995|614|381|11,28|1,82|4,73|6,94
2013-10-25 08:19:31,348|0,0|0,0|100,0|995|614|381|11,28|1,82|6,15|7,39
2013-10-25 08:19:36,820|0,0|0,0|100,0|995|614|381|11,28|1,82|9,46|101,69
2013-10-25 08:19:42,257|6,0|4,0|90,0|995|614|381|11,28|1,82|7,12|94,48
2013-10-25 08:19:47,694|4,0|4,0|91,8|995|614|381|11,28|1,82|5,28|94,48
2013-10-25 08:19:53,131|76,4|23,5|0,0|995|857|138|11,28|1,82|0,15|0,00
2013-10-25 08:19:59,019|68,0|32,0|0,0|995|859|136|11,28|1,82|7,70|0,00
2013-10-25 08:20:04,943|78,0|22,0|0,0|995|859|136|11,28|1,82|7,24|8,83
2013-10-25 08:20:10,807|80,3|19,6|0,0|995|859|136|11,28|1,82|5,22|94,48
2013-10-25 08:20:16,635|78,0|22,0|0,0|995|859|136|11,28|1,82|0,64|0,06
2013-10-25 08:20:22,525|82,0|18,0|0,0|995|859|136|11,28|1,82|4,86|7,66
2013-10-25 08:20:28,411|80,0|20,0|0,0|995|859|136|11,28|1,82|5,23|94,57
2013-10-25 08:20:34,239|80,0|20,0|0,0|995|859|136|11,28|1,82|0,72|0,00
2013-10-25 08:20:40,086|78,0|22,0|0,0|995|859|136|11,28|1,82|0,23|0,00
2013-10-25 08:20:45,994|88,2|11,7|0,0|995|859|136|11,28|1,82|5,59|8,02
2013-10-25 08:20:51,891|90,0|10,0|0,0|995|859|136|11,28|1,82|5,65|94,48
2013-10-25 08:20:57,715|88,2|11,7|0,0|995|859|136|11,28|1,82|0,35|0,00
2013-10-25 08:21:03,618|88,0|12,0|0,0|995|859|136|11,28|1,82|10,30|102,66
2013-10-25 08:21:09,469|86,2|13,7|0,0|995|859|136|11,28|1,82|0,18|0,00
2013-10-25 08:21:15,307|90,0|10,0|0,0|995|859|136|11,28|1,82|4,97|8,32
2013-10-25 08:21:21,191|90,0|10,0|0,0|995|859|136|11,28|1,82|9,58|102,99
2013-10-25 08:21:27,034|86,0|14,0|0,0|995|859|136|11,28|1,82|5,52|94,55
2013-10-25 08:21:32,869|88,0|12,0|0,0|995|859|136|11,28|1,82|1,24|0,00
2013-10-25 08:21:38,721|100,0|0,0|0,0|995|858|136|11,28|1,82|1,23|4,57
2013-10-25 08:21:44,618|100,0|0,0|0,0|995|859|136|11,28|1,82|5,83|14,69
2013-10-25 08:21:50,506|98,0|2,0|0,0|995|859|136|11,28|1,82|10,14|107,77
2013-10-25 08:21:56,334|92,0|8,0|0,0|995|860|134|11,28|1,82|0,47|0,06
2013-10-25 08:22:02,191|100,0|0,0|0,0|995|859|136|11,28|1,82|0,35|0,00
2013-10-25 08:22:08,117|98,0|1,9|0,0|995|859|136|11,28|1,82|5,06|9,03
2013-10-25 08:22:14,055|100,0|0,0|0,0|995|859|136|11,28|1,82|10,22|103,53
2013-10-25 08:22:19,911|92,1|5,8|0,0|995|860|135|11,28|1,82|3,22|93,17
2013-10-25 08:22:25,741|100,0|0,0|0,0|995|859|136|11,28|1,82|0,06|0,00
2013-10-25 08:22:31,667|100,0|0,0|0,0|995|859|136|11,28|1,82|9,64|103,97
2013-10-25 08:22:37,518|96,0|4,0|0,0|995|859|136|11,28|1,82|0,06|0,00
2013-10-25 08:22:43,352|100,0|0,0|0,0|995|859|136|11,28|1,82|3,81|0,37
2013-10-25 08:22:49,210|100,0|0,0|0,0|995|860|135|11,28|1,82|9,78|104,16
2013-10-25 08:22:55,064|92,0|8,0|0,0|995|861|134|11,28|1,82|4,13|93,03
2013-10-25 08:23:00,883|95,9|4,0|0,0|995|860|135|11,28|1,82|1,40|0,00
2013-10-25 08:23:06,785|92,0|8,0|0,0|995|860|135|11,28|1,82|9,82|105,80
2013-10-25 08:23:12,600|92,0|8,0|0,0|995|860|135|11,28|1,82|5,30|96,10
2013-10-25 08:23:18,418|94,0|6,0|0,0|995|860|135|11,28|1,82|0,31|4,41
2013-10-25 08:23:24,230|88,0|12,0|0,0|995|860|135|11,28|1,82|0,31|4,41
2013-10-25 08:23:30,071|96,0|4,0|0,0|995|860|135|11,28|1,82|2,89|4,24
2013-10-25 08:23:35,934|93,8|6,1|0,0|995|859|135|11,28|1,82|9,93|104,74
2013-10-25 08:23:41,769|62,0|38,0|0,0|995|861|134|11,28|1,82|2,50|92,21
2013-10-25 08:23:47,605|63,2|36,7|0,0|995|860|135|11,28|1,82|0,41|0,00
2013-10-25 08:23:53,529|64,0|36,0|0,0|995|860|135|11,28|1,82|4,54|10,28
2013-10-25 08:23:59,421|62,0|38,0|0,0|995|860|135|11,28|1,82|5,10|94,49
2013-10-25 08:24:05,281|57,9|42,0|0,0|995|860|135|11,28|1,82|0,18|0,00
2013-10-25 08:24:11,111|74,5|25,4|0,0|995|860|134|11,28|1,82|4,66|10,50
2013-10-25 08:24:17,003|71,4|28,5|0,0|995|860|134|11,28|1,82|9,70|105,10
2013-10-25 08:24:22,827|71,4|28,5|0,0|995|860|134|11,28|1,82|0,55|0,00
2013-10-25 08:24:28,671|71,4|28,5|0,0|995|860|134|11,28|1,82|0,18|0,00
2013-10-25 08:24:34,585|76,0|24,0|0,0|995|860|134|11,28|1,82|10,61|105,46
2013-10-25 08:24:40,423|76,0|24,0|0,0|995|860|134|11,28|1,82|5,22|94,60
2013-10-25 08:24:46,249|57,9|42,0|0,0|995|860|135|11,28|1,82|0,41|0,00
2013-10-25 08:24:52,089|60,0|40,0|0,0|995|860|135|11,28|1,82|4,98|11,02
2013-10-25 08:24:57,958|57,1|42,8|0,0|995|860|135|11,28|1,82|9,71|105,74
2013-10-25 08:25:03,785|61,2|38,7|0,0|995|860|135|11,28|1,82|6,93|94,60
2013-10-25 08:25:09,610|76,4|23,5|0,0|995|860|135|11,28|1,82|0,27|0,00
2013-10-25 08:25:15,527|88,0|12,0|0,0|995|860|135|11,28|1,82|5,98|11,36
2013-10-25 08:25:21,447|85,7|14,2|0,0|995|861|134|11,28|1,82|7,69|104,64
2013-10-25 08:25:27,307|86,0|14,0|0,0|995|860|135|11,28|1,82|0,23|0,00
2013-10-25 08:25:33,155|88,0|12,0|0,0|995|860|135|11,28|1,82|0,18|0,00
2013-10-25 08:25:39,068|86,0|14,0|0,0|995|860|135|11,28|1,82|0,92|0,00
2013-10-25 08:25:44,995|84,0|16,0|0,0|995|860|135|11,28|1,82|4,34|5,56
2013-10-25 08:25:50,898|100,0|0,0|0,0|995|860|135|11,28|1,82|10,19|112,40
2013-10-25 08:25:56,739|98,0|2,0|0,0|995|860|135|11,28|1,82|5,80|94,88
2013-10-25 08:26:02,574|3,8|1,9|94,2|995|564|431|11,28|1,82|0,23|0,00
2013-10-25 08:26:08,075|1,9|1,9|96,0|995|564|431|11,28|1,82|0,06|0,00
2013-10-25 08:26:13,534|26,0|46,0|28,0|995|563|432|11,28|1,82|0,45|0,00
2013-10-25 08:26:19,191|32,0|68,0|0,0|995|563|432|11,28|1,82|0,06|0,00
2013-10-25 08:26:25,055|0,0|0,0|100,0|995|562|432|11,28|1,82|2,26|0,30
2013-10-25 08:26:30,561|0,0|0,0|100,0|995|562|432|11,27|1,82|1,95|1,46
2013-10-25 08:26:36,070|0,0|0,0|100,0|995|562|432|11,27|1,82|0,41|0,00
2013-10-25 08:26:41,552|0,0|0,0|100,0|995|563|432|11,27|1,82|0,06|0,00
2013-10-25 08:26:46,993|1,9|0,0|98,0|995|562|432|11,27|1,82|0,53|0,00
2013-10-25 08:26:52,438|0,0|0,0|100,0|995|562|432|11,27|1,82|0,71|0,22
2013-10-25 08:26:57,894|4,0|4,0|92,0|995|563|432|11,27|1,82|0,12|0,00
2013-10-25 08:27:03,370|6,0|4,0|90,0|995|563|432|11,27|1,82|0,59|0,22
2013-10-25 08:27:08,855|90,0|10,0|0,0|995|590|404|11,27|1,82|0,92|0,19
2013-10-25 08:27:14,515|58,8|41,1|0,0|995|847|147|11,27|1,82|1,84|0,00
2013-10-25 08:27:20,479|60,0|40,0|0,0|995|868|127|11,27|1,82|0,06|0,00
2013-10-25 08:27:26,350|61,2|38,7|0,0|995|868|127|11,27|1,82|5,42|13,10
2013-10-25 08:27:32,210|70,0|30,0|0,0|995|868|127|11,27|1,82|4,72|13,04
2013-10-25 08:27:38,084|61,2|38,7|0,0|995|868|127|11,27|1,82|9,83|107,71
2013-10-25 08:27:43,913|65,3|34,6|0,0|995|868|127|11,27|1,82|7,22|94,60
2013-10-25 08:27:49,746|83,6|16,3|0,0|995|868|127|11,27|1,82|5,17|94,66
2013-10-25 08:27:55,578|84,0|16,0|0,0|995|868|127|11,27|1,82|5,86|94,53
2013-10-25 08:28:01,411|80,0|20,0|0,0|995|868|127|11,27|1,82|1,31|0,00
2013-10-25 08:28:07,232|82,3|17,6|0,0|995|868|127|11,27|1,83|0,00|0,00
2013-10-25 08:28:13,107|90,0|10,0|0,0|995|868|127|11,27|1,83|0,12|0,00
2013-10-25 08:28:18,995|84,0|16,0|0,0|995|868|127|11,27|1,83|4,54|13,62
2013-10-25 08:28:24,891|86,0|14,0|0,0|995|868|127|11,27|1,83|6,63|15,09
2013-10-25 08:28:30,759|86,0|14,0|0,0|995|869|126|11,27|1,83|7,75|106,96
2013-10-25 08:28:36,611|84,0|16,0|0,0|995|868|127|11,27|1,83|5,65|94,79
2013-10-25 08:28:42,439|84,0|16,0|0,0|995|870|125|11,27|1,83|5,34|94,72
2013-10-25 08:28:48,291|92,0|8,0|0,0|995|868|127|11,27|1,83|5,23|94,53
2013-10-25 08:28:54,139|95,9|4,0|0,0|995|868|127|11,27|1,83|5,04|94,59
2013-10-25 08:28:59,991|90,0|10,0|0,0|995|868|127|11,27|1,83|0,25|0,00
2013-10-25 08:29:05,827|89,7|10,2|0,0|995|868|127|11,27|1,83|0,12|0,00
2013-10-25 08:29:11,730|96,0|4,0|0,0|995|868|127|11,27|1,83|0,06|0,00
2013-10-25 08:29:17,614|94,1|5,8|0,0|995|868|127|11,27|1,83|0,18|0,00
2013-10-25 08:29:23,487|95,9|4,0|0,0|995|868|127|11,27|1,83|4,72|14,42
2013-10-25 08:29:29,379|94,0|6,0|0,0|995|868|127|11,27|1,83|4,48|14,56
2013-10-25 08:29:35,271|98,0|2,0|0,0|995|868|127|11,27|1,83|11,24|109,13
2013-10-25 08:29:41,111|93,8|6,1|0,0|995|868|127|11,27|1,83|5,10|94,59
2013-10-25 08:29:46,951|92,0|8,0|0,0|995|868|127|11,27|1,83|1,16|0,00
2013-10-25 08:29:52,787|90,0|10,0|0,0|995|868|127|11,27|1,83|0,32|0,00
2013-10-25 08:29:58,638|96,0|4,0|0,0|995|868|127|11,27|1,83|0,06|0,00
2013-10-25 08:30:04,546|94,1|5,8|0,0|995|868|127|11,27|1,83|5,50|2,69
2013-10-25 08:30:10,443|94,1|5,8|0,0|995|868|127|11,27|1,83|4,72|15,12
2013-10-25 08:30:16,331|93,8|6,1|0,0|995|868|127|11,27|1,83|10,45|109,73
2013-10-25 08:30:22,182|90,0|10,0|0,0|995|868|127|11,27|1,83|4,98|94,59
2013-10-25 08:30:28,015|100,0|0,0|0,0|995|869|126|11,27|1,83|2,70|96,79
2013-10-25 08:30:33,860|96,0|4,0|0,0|995|868|127|11,27|1,83|0,25|4,41
2013-10-25 08:30:39,695|96,0|2,0|0,0|995|868|127|11,27|1,83|0,94|4,41
2013-10-25 08:30:45,542|100,0|0,0|0,0|995|868|127|11,27|1,83|0,71|0,06
2013-10-25 08:30:51,427|100,0|0,0|0,0|995|868|127|11,27|1,83|0,36|0,06
2013-10-25 08:30:57,314|100,0|0,0|0,0|995|868|127|11,27|1,83|4,84|15,64
2013-10-25 08:31:03,210|100,0|0,0|0,0|995|868|127|11,27|1,83|4,96|15,71
2013-10-25 08:31:09,087|98,0|2,0|0,0|995|868|127|11,27|1,83|10,16|110,37
2013-10-25 08:31:14,934|95,9|4,0|0,0|995|868|127|11,27|1,83|6,94|94,66
2013-10-25 08:31:20,779|94,0|6,0|0,0|995|868|127|11,27|1,83|5,23|94,67
2013-10-25 08:31:26,618|96,0|4,0|0,0|995|869|126|11,27|1,83|3,50|93,20
2013-10-25 08:31:32,463|94,0|6,0|0,0|995|868|127|11,27|1,83|0,41|0,00
2013-10-25 08:31:38,288|89,7|10,2|0,0|995|868|127|11,27|1,83|0,29|0,00
2013-10-25 08:31:44,132|98,0|1,9|0,0|995|868|126|11,27|1,83|0,62|0,00
2013-10-25 08:31:50,031|100,0|0,0|0,0|995|869|126|11,27|1,83|0,12|0,00
2013-10-25 08:31:55,899|100,0|0,0|0,0|995|868|126|11,27|1,83|0,81|0,00
2013-10-25 08:32:01,826|100,0|0,0|0,0|995|868|126|11,27|1,83|3,05|3,05
2013-10-25 08:32:07,739|100,0|0,0|0,0|995|868|126|11,27|1,83|4,55|16,51
2013-10-25 08:32:13,615|100,0|0,0|0,0|995|869|126|11,27|1,83|5,20|18,17
2013-10-25 08:32:19,488|100,0|0,0|0,0|995|869|126|11,27|1,83|10,25|117,33
2013-10-25 08:32:25,316|98,0|2,0|0,0|995|869|126|11,27|1,83|8,97|25,32
2013-10-25 08:32:31,155|98,0|2,0|0,0|995|868|127|11,27|1,83|9,53|111,40
2013-10-25 08:32:37,002|100,0|0,0|0,0|995|868|127|11,27|1,83|9,71|111,46
2013-10-25 08:32:42,833|98,0|2,0|0,0|995|869|125|11,27|1,83|8,59|110,55
2013-10-25 08:32:48,675|0,0|0,0|100,0|995|563|431|11,27|1,83|9,64|111,68
2013-10-25 08:32:54,118|0,0|0,0|100,0|995|563|432|11,27|1,83|6,92|19,04
2013-10-25 08:32:59,585|0,0|0,0|100,0|995|563|432|11,27|1,83|4,72|17,23
2013-10-25 08:33:05,028|0,0|0,0|98,0|995|563|431|11,27|1,83|0,43|0,00
2013-10-25 08:33:10,503|0,0|0,0|100,0|995|563|432|11,27|1,83|0,12|0,00
2013-10-25 08:33:15,957|4,0|6,0|90,0|995|563|431|11,27|1,83|1,96|0,00
2013-10-25 08:33:21,394|5,8|3,9|90,1|995|563|431|11,27|1,83|5,11|94,59
2013-10-25 08:33:26,825|0,0|0,0|100,0|995|564|430|11,27|1,83|8,33|112,00
2013-10-25 08:33:32,268|0,0|0,0|100,0|995|563|431|11,27|1,83|5,96|17,60
2013-10-25 08:33:37,741|0,0|0,0|100,0|995|563|431|11,27|1,83|1,61|0,30
2013-10-25 08:33:43,203|0,0|0,0|100,0|995|563|432|11,27|1,83|0,00|0,00
2013-10-25 08:33:48,642|7,8|1,9|90,1|995|563|431|11,27|1,83|0,06|0,00
2013-10-25 08:33:54,082|3,9|0,0|94,1|995|565|430|11,27|1,83|5,56|99,53
2013-10-25 08:33:59,535|0,0|0,0|100,0|995|563|431|11,27|1,83|4,67|17,96
2013-10-25 08:34:05,017|0,0|0,0|100,0|995|563|431|11,27|1,83|2,39|1,39
2013-10-25 08:34:10,485|2,0|0,0|98,0|995|563|432|11,27|1,83|0,31|0,00
2013-10-25 08:34:15,922|6,0|4,0|90,0|995|563|431|11,27|1,83|1,90|0,00
2013-10-25 08:34:21,365|4,0|4,0|91,8|995|563|431|11,27|1,83|5,04|94,65
2013-10-25 08:34:26,801|0,0|0,0|98,0|995|563|431|11,27|1,83|4,84|18,38
2013-10-25 08:34:32,281|0,0|0,0|100,0|995|563|431|11,27|1,83|1,11|0,00
2013-10-25 08:34:37,757|0,0|0,0|100,0|995|563|431|11,27|1,83|0,06|0,00
2013-10-25 08:34:43,193|2,0|0,0|98,0|995|564|430|11,27|1,83|3,15|93,20
2013-10-25 08:34:48,633|0,0|0,0|100,0|995|563|431|11,27|1,83|10,71|113,33
2013-10-25 08:34:54,074|0,0|0,0|100,0|995|563|431|11,27|1,83|4,79|18,74
2013-10-25 08:34:59,510|0,0|0,0|100,0|995|564|431|11,27|1,83|0,12|0,00
2013-10-25 08:35:04,968|4,0|4,0|91,8|995|564|431|11,27|1,83|0,43|0,00
2013-10-25 08:35:10,413|4,0|4,0|92,0|995|566|429|11,27|1,83|5,34|94,59
2013-10-25 08:35:15,873|0,0|0,0|98,0|995|564|431|11,26|1,83|6,77|25,06
2013-10-25 08:35:21,310|0,0|0,0|100,0|995|564|431|11,26|1,83|0,19|4,41
2013-10-25 08:35:26,772|4,0|4,0|90,0|995|564|431|11,26|1,83|0,80|0,00
2013-10-25 08:35:32,207|4,0|2,0|93,8|995|564|431|11,26|1,83|6,21|94,59
2013-10-25 08:35:37,653|0,0|0,0|100,0|995|564|431|11,26|1,83|4,55|20,93
2013-10-25 08:35:43,089|0,0|0,0|100,0|995|564|431|11,26|1,83|0,06|0,00
2013-10-25 08:35:48,527|2,0|8,0|90,0|995|564|431|11,26|1,83|1,12|4,41
2013-10-25 08:35:53,977|0,0|0,0|100,0|995|564|431|11,26|1,83|9,65|115,78
2013-10-25 08:35:59,417|0,0|0,0|100,0|995|564|431|11,26|1,83|0,00|0,00
2013-10-25 08:36:04,899|2,0|6,0|92,0|995|564|431|11,26|1,83|0,49|0,00
2013-10-25 08:36:10,367|2,0|8,0|90,0|995|564|431|11,26|1,83|5,10|94,65
2013-10-25 08:36:15,806|0,0|0,0|98,0|995|564|431|11,26|1,83|5,21|25,95
2013-10-25 08:36:21,242|0,0|0,0|100,0|995|564|431|11,26|1,83|1,48|4,41
2013-10-25 08:36:26,687|0,0|0,0|98,0|995|564|431|11,26|1,83|0,57|0,00
2013-10-25 08:36:32,128|1,9|0,0|98,0|995|564|431|11,26|1,83|0,12|0,00
2013-10-25 08:36:37,577|0,0|0,0|100,0|995|564|431|11,26|1,83|0,18|0,00
2013-10-25 08:36:43,013|0,0|0,0|98,0|995|564|431|11,26|1,83|0,06|0,04
2013-10-25 08:36:48,448|0,0|0,0|100,0|995|564|431|11,26|1,83|1,12|6,02
