2013-08-16 23:34:12,1|0,0|0,0|100,0|995|354|640|0,33|6,24|0,43|0,00
2013-08-16 23:34:12,6|0,0|0,0|100,0|995|353|642|0,33|6,24|0,12|0,00
2013-08-16 23:34:12,11|0,0|0,0|100,0|995|353|642|0,33|6,24|0,35|0,00
2013-08-16 23:34:12,16|0,0|0,0|100,0|995|353|642|0,33|6,24|0,57|0,00
2013-08-16 23:34:12,21|0,0|0,0|100,0|995|353|642|0,33|6,24|1,14|2,99
2013-08-16 23:34:12,26|0,0|0,0|100,0|995|353|642|0,33|6,24|1,39|1,50
2013-08-16 23:34:12,31|0,0|0,0|100,0|995|353|642|0,33|6,24|1,08|2,99
2013-08-16 23:34:12,36|0,0|0,0|100,0|995|353|642|0,33|6,24|1,32|2,99
2013-08-16 23:34:12,41|0,0|0,0|100,0|995|353|642|0,33|6,24|1,58|2,99
2013-08-16 23:34:12,46|0,0|0,0|100,0|995|353|642|0,33|6,24|1,02|2,99
2013-08-16 23:34:12,51|0,0|0,0|100,0|995|353|642|0,33|6,24|0,87|1,50
2013-08-16 23:34:12,56|8,3|4,1|87,5|995|354|640|0,33|6,24|0,78|1,50
2013-08-16 23:34:12,61|0,0|0,0|100,0|995|353|642|0,33|6,24|1,43|2,99
2013-08-16 23:34:12,66|3,9|0,0|96,0|995|354|641|0,33|6,24|6,79|18,03
2013-08-16 23:34:12,71|2,0|0,0|98,0|995|354|641|0,33|6,24|6,06|15,08
2013-08-16 23:34:12,76|7,8|3,9|88,2|995|353|642|0,33|6,24|4,82|14,62
2013-08-16 23:34:12,81|4,0|6,1|89,7|995|353|642|0,33|6,24|5,11|14,62
2013-08-16 23:34:12,86|4,0|6,1|89,7|995|353|642|0,33|6,24|4,90|14,62
2013-08-16 23:34:12,91|0,0|0,0|100,0|995|353|642|0,33|6,24|9,33|18,97
2013-08-16 23:34:12,96|1,9|0,0|98,0|995|353|642|0,33|6,24|9,12|19,01
2013-08-16 23:34:12,101|2,0|0,0|98,0|995|353|642|0,33|6,24|9,18|19,06
2013-08-16 23:34:12,106|0,0|0,0|100,0|995|353|642|0,33|6,24|3,65|2,65
2013-08-16 23:34:12,111|4,0|4,0|91,8|995|353|642|0,33|6,24|0,29|0,00
2013-08-16 23:34:12,116|2,0|0,0|97,9|995|355|640|0,33|6,24|4,74|14,68
2013-08-16 23:34:12,121|0,0|0,0|100,0|995|353|642|0,33|6,24|9,60|19,25
2013-08-16 23:34:12,126|0,0|0,0|100,0|995|353|642|0,33|6,24|6,79|6,13
2013-08-16 23:34:12,131|2,0|0,0|98,0|995|353|642|0,33|6,24|8,66|7,68
2013-08-16 23:34:12,136|4,0|6,0|90,0|995|353|642|0,33|6,24|1,17|0,56
2013-08-16 23:34:12,141|8,0|6,0|86,0|995|354|641|0,33|6,24|3,30|13,23
2013-08-16 23:34:12,146|4,0|6,0|90,0|995|354|641|0,33|6,24|2,84|14,25
2013-08-16 23:34:12,151|6,0|4,0|90,0|995|353|642|0,33|6,24|4,65|14,62
2013-08-16 23:34:12,156|2,0|0,0|98,0|995|354|641|0,33|6,24|7,24|18,25
2013-08-16 23:34:12,161|1,9|0,0|98,0|995|353|642|0,33|6,24|9,14|19,77
2013-08-16 23:34:12,166|1,9|1,9|96,0|995|353|642|0,33|6,24|4,83|5,13
2013-08-16 23:34:12,171|2,0|4,0|93,8|995|353|642|0,33|6,24|0,34|0,00
2013-08-16 23:34:12,176|5,8|3,9|90,1|995|353|642|0,33|6,24|5,09|14,62
2013-08-16 23:34:12,181|2,0|0,0|98,0|995|354|641|0,33|6,24|5,77|17,30
2013-08-16 23:34:12,186|0,0|0,0|100,0|995|353|642|0,33|6,24|9,16|19,94
2013-08-16 23:34:12,191|0,0|0,0|100,0|995|353|642|0,33|6,24|9,35|19,98
2013-08-16 23:34:12,196|2,0|0,0|98,0|995|353|642|0,33|6,24|8,68|8,00
2013-08-16 23:34:12,201|0,0|0,0|100,0|995|353|642|0,33|6,24|4,48|5,46
2013-08-16 23:34:12,206|6,0|6,0|88,0|995|353|642|0,33|6,24|0,81|0,00
2013-08-16 23:34:12,211|4,0|2,0|92,0|995|353|642|0,33|6,24|4,59|14,68
2013-08-16 23:34:12,216|0,0|0,0|100,0|995|353|642|0,33|6,24|4,73|5,60
2013-08-16 23:34:12,221|6,0|4,0|90,0|995|353|642|0,33|6,24|0,06|0,00
2013-08-16 23:34:12,226|0,0|0,0|100,0|995|354|641|0,33|6,24|7,30|18,98
2013-08-16 23:34:12,231|1,9|0,0|98,0|995|353|642|0,33|6,24|4,79|6,01
2013-08-16 23:34:12,236|4,0|8,0|88,0|995|355|640|0,33|6,24|0,06|0,00
2013-08-16 23:34:12,241|0,0|0,0|100,0|995|353|641|0,33|6,24|9,26|20,52
2013-08-16 23:34:12,246|0,0|0,0|100,0|995|353|641|0,33|6,24|1,87|1,33
2013-08-16 23:34:12,251|2,0|4,0|94,0|995|353|641|0,33|6,24|5,47|14,91
2013-08-16 23:34:12,256|0,0|0,0|100,0|995|353|641|0,33|6,24|9,79|21,07
2013-08-16 23:34:12,261|6,0|4,0|90,0|995|353|641|0,33|6,24|0,29|0,06
2013-08-16 23:34:12,266|68,0|32,0|0,0|995|785|209|0,33|6,24|4,53|14,81
2013-08-16 23:34:12,271|100,0|0,0|0,0|995|918|77|0,35|6,24|8,36|8,94
2013-08-16 23:34:12,276|100,0|0,0|0,0|995|920|75|0,35|6,24|4,85|6,18
2013-08-16 23:34:12,281|98,0|2,0|0,0|995|920|74|0,35|6,24|0,35|0,00
2013-08-16 23:34:12,286|96,0|4,0|0,0|995|921|73|0,35|6,24|3,27|13,34
2013-08-16 23:34:12,291|93,8|6,1|0,0|995|921|74|0,35|6,24|4,88|14,73
2013-08-16 23:34:12,296|98,0|1,9|0,0|995|921|74|0,35|6,24|9,88|22,83
2013-08-16 23:34:12,301|100,0|0,0|0,0|995|921|74|0,35|6,24|5,74|9,47
2013-08-16 23:34:12,306|96,0|4,0|0,0|995|921|74|0,35|6,24|1,70|2,99
2013-08-16 23:34:12,311|93,8|6,1|0,0|995|921|73|0,35|6,24|3,42|16,79
2013-08-16 23:34:12,316|100,0|0,0|0,0|995|921|74|0,35|6,24|10,16|28,35
2013-08-16 23:34:12,321|100,0|0,0|0,0|995|921|74|0,35|6,24|0,96|2,99
2013-08-16 23:34:12,326|96,0|4,0|0,0|995|921|74|0,35|6,24|0,76|1,50
2013-08-16 23:34:12,331|100,0|0,0|0,0|995|921|74|0,35|6,24|10,58|32,18
2013-08-16 23:34:12,336|100,0|0,0|0,0|995|921|74|0,35|6,24|6,67|8,71
2013-08-16 23:34:12,341|94,0|6,0|0,0|995|921|74|0,35|6,24|0,96|2,99
2013-08-16 23:34:12,346|98,0|1,9|0,0|995|921|73|0,35|6,24|10,16|33,99
2013-08-16 23:34:12,351|100,0|0,0|0,0|995|921|74|0,35|6,24|0,56|1,50
2013-08-16 23:34:12,356|96,0|4,0|0,0|995|921|73|0,35|6,24|6,25|30,62
2013-08-16 23:34:12,361|0,0|0,0|100,0|995|153|841|0,35|6,24|8,50|11,48
2013-08-16 23:34:12,366|4,1|8,3|87,5|995|153|841|0,35|6,24|1,49|2,99
2013-08-16 23:34:12,371|2,0|0,0|98,0|995|153|841|0,35|6,24|6,84|8,93
2013-08-16 23:34:12,376|8,0|6,0|86,0|995|155|840|0,35|6,24|0,92|1,50
2013-08-16 23:34:12,381|2,0|0,0|98,0|995|153|842|0,35|6,24|5,55|7,16
2013-08-16 23:34:12,386|4,0|4,0|91,8|995|153|841|0,35|6,24|5,54|32,09
2013-08-16 23:34:12,391|2,0|0,0|98,0|995|153|841|0,35|6,24|5,23|7,32
2013-08-16 23:34:12,396|4,0|6,1|89,7|995|155|840|0,35|6,24|0,64|0,00
2013-08-16 23:34:12,401|0,0|0,0|100,0|995|153|841|0,35|6,24|4,83|7,41
2013-08-16 23:34:12,406|4,0|10,2|85,7|995|153|841|0,35|6,24|0,23|0,00
2013-08-16 23:34:12,411|0,0|0,0|100,0|995|153|841|0,35|6,24|7,08|9,39
2013-08-16 23:34:12,416|2,0|8,0|90,0|995|153|841|0,35|6,24|0,48|0,00
2013-08-16 23:34:12,421|0,0|0,0|100,0|995|153|841|0,35|6,24|9,93|39,63
2013-08-16 23:34:12,426|3,9|9,8|84,3|995|153|841|0,35|6,24|0,35|0,00
2013-08-16 23:34:12,431|0,0|0,0|100,0|995|153|841|0,35|6,24|0,18|0,00
2013-08-16 23:34:12,436|0,0|0,0|94,0|995|153|841|0,35|6,24|0,54|0,00
2013-08-16 23:34:12,441|0,0|0,0|100,0|995|153|841|0,35|6,24|0,72|0,00
2013-08-16 23:34:12,446|0,0|0,0|100,0|995|153|841|0,35|6,24|0,23|0,00
2013-08-16 23:34:12,451|0,0|0,0|94,0|995|153|841|0,35|6,24|6,72|9,35
2013-08-16 23:34:12,456|4,0|4,0|67,3|995|155|840|0,35|6,24|1,90|29,44
2013-08-16 23:34:12,461|0,0|0,0|98,0|995|153|841|0,35|6,24|5,19|7,96
2013-08-16 23:34:12,466|4,0|6,1|44,8|995|153|841|0,35|6,24|5,71|32,09
2013-08-16 23:34:12,471|1,9|0,0|98,0|995|153|841|0,35|6,24|4,30|2,65
2013-08-16 23:34:12,476|1,9|0,0|98,0|995|154|841|0,35|6,24|9,75|40,22
2013-08-16 23:34:12,481|2,0|6,1|91,8|995|154|841|0,35|6,24|0,35|0,00
2013-08-16 23:34:12,486|0,0|0,0|100,0|995|154|841|0,35|6,24|1,29|0,67
2013-08-16 23:34:12,491|0,0|0,0|100,0|995|154|840|0,35|6,24|11,33|40,96
2013-08-16 23:34:12,496|10,0|8,0|20,0|995|217|778|0,41|6,25|0,86|0,06
2013-08-16 23:34:12,501|0,0|0,0|100,0|995|246|749|0,46|6,30|4,66|8,30
2013-08-16 23:34:12,506|2,0|0,0|97,9|995|247|747|0,46|6,30|8,27|39,04
2013-08-16 23:34:12,511|0,0|2,0|97,9|995|246|748|0,46|6,30|0,64|0,00
2013-08-16 23:34:12,516|0,0|0,0|100,0|995|246|748|0,46|6,30|5,31|8,44
2013-08-16 23:34:12,521|6,1|4,0|89,7|995|246|748|0,46|6,30|4,90|32,03
2013-08-16 23:34:12,526|0,0|0,0|100,0|995|246|748|0,46|6,30|4,87|2,59
2013-08-16 23:34:12,531|5,8|7,8|86,2|995|246|748|0,46|6,30|0,47|0,00
2013-08-16 23:34:12,536|0,0|0,0|100,0|995|246|748|0,46|6,30|0,47|0,00
2013-08-16 23:34:12,541|0,0|0,0|100,0|995|246|748|0,46|6,30|0,35|0,00
2013-08-16 23:34:12,546|0,0|0,0|100,0|995|246|748|0,46|6,30|0,35|0,00
2013-08-16 23:34:12,551|0,0|0,0|100,0|995|246|748|0,46|6,30|0,23|0,00
2013-08-16 23:34:12,556|0,0|0,0|100,0|995|246|748|0,46|6,30|0,55|0,00
2013-08-16 23:34:12,561|0,0|0,0|100,0|995|247|748|0,46|6,30|0,18|0,00
2013-08-16 23:34:12,566|7,8|3,9|88,2|995|248|747|0,46|6,30|3,80|31,79
2013-08-16 23:34:12,571|1,9|0,0|98,0|995|246|748|0,46|6,30|5,24|9,03
2013-08-16 23:34:12,576|1,9|0,0|98,0|995|247|748|0,46|6,30|9,95|41,17
2013-08-16 23:34:12,581|6,1|4,0|89,7|995|248|747|0,46|6,30|3,71|30,64
2013-08-16 23:34:12,586|0,0|0,0|100,0|995|246|748|0,46|6,30|2,06|1,39
2013-08-16 23:34:12,591|6,1|93,8|0,0|995|250|745|0,46|6,30|9,63|41,37
2013-08-16 23:34:12,596|8,3|6,2|0,0|995|576|419|0,46|6,52|0,29|0,00
2013-08-16 23:34:12,601|0,0|0,0|0,0|995|927|68|0,46|7,73|2,81|2,00
2013-08-16 23:34:12,606|0,0|0,0|0,0|995|914|80|0,56|8,95|9,18|41,38
2013-08-16 23:34:12,611|4,1|8,3|0,0|995|926|69|0,74|9,22|1,77|29,44
2013-08-16 23:34:12,616|0,0|0,0|0,0|995|914|80|0,89|9,37|5,52|32,02
2013-08-16 23:34:12,621|2,0|8,3|0,0|995|916|79|1,13|9,51|4,83|9,44
2013-08-16 23:34:12,626|4,2|8,5|0,0|995|915|80|1,28|9,67|5,80|32,09
2013-08-16 23:34:12,631|0,0|2,0|0,0|995|917|78|1,49|9,95|10,10|41,61
2013-08-16 23:34:12,636|6,3|4,2|0,0|995|924|71|1,72|10,19|0,59|0,00
2013-08-16 23:34:12,641|0,0|6,2|0,0|995|920|75|1,95|10,34|5,52|9,67
2013-08-16 23:34:12,646|0,0|7,8|0,0|995|914|81|2,25|10,73|5,07|32,15
2013-08-16 23:34:12,651|0,0|6,0|0,0|995|914|80|2,49|10,93|9,57|41,79
2013-08-16 23:34:12,656|4,0|12,0|0,0|995|924|71|2,84|11,20|0,41|0,00
2013-08-16 23:34:12,661|0,0|0,0|100,0|995|140|855|2,85|11,33|6,27|10,16
2013-08-16 23:34:12,666|4,0|6,0|90,0|995|140|855|2,85|11,33|4,90|32,09
2013-08-16 23:34:12,671|1,9|1,9|96,0|995|140|855|2,85|11,33|0,12|0,00
2013-08-16 23:34:12,676|0,0|0,0|100,0|995|140|855|2,85|11,33|9,46|41,98
2013-08-16 23:34:12,681|2,0|6,1|91,8|995|140|855|2,85|11,33|5,12|32,09
2013-08-16 23:34:12,686|0,0|0,0|100,0|995|140|855|2,85|11,33|0,00|0,00
2013-08-16 23:34:12,691|0,0|0,0|100,0|995|140|854|2,85|11,33|9,62|42,18
2013-08-16 23:34:12,696|2,0|6,1|91,8|995|140|855|2,85|11,33|5,16|32,09
2013-08-16 23:34:12,701|0,0|0,0|100,0|995|140|854|2,85|11,33|0,00|0,00
2013-08-16 23:34:12,706|0,0|0,0|100,0|995|140|854|2,85|11,33|9,45|42,34
2013-08-16 23:34:12,711|4,0|6,1|89,7|995|140|854|2,85|11,33|5,01|32,07
2013-08-16 23:34:12,716|2,0|0,0|97,9|995|140|854|2,85|11,33|0,00|0,00
2013-08-16 23:34:12,721|0,0|0,0|100,0|995|140|854|2,85|11,33|6,51|10,69
2013-08-16 23:34:12,726|4,0|4,0|91,8|995|140|854|2,85|11,33|5,12|32,09
2013-08-16 23:34:12,731|0,0|0,0|100,0|995|140|854|2,85|11,33|0,06|0,00
2013-08-16 23:34:12,736|0,0|0,0|100,0|995|140|854|2,85|11,33|0,00|0,00