2013-08-16 23:34:12,1|0,0|0,0|100,0|995|346|649|0,33|6,22|0,34|0,00
2013-08-16 23:34:12,6|0,0|0,0|100,0|995|344|650|0,33|6,22|0,67|0,00
2013-08-16 23:34:12,11|0,0|0,0|100,0|995|344|650|0,33|6,22|0,29|0,00
2013-08-16 23:34:12,16|0,0|0,0|100,0|995|344|650|0,33|6,22|0,51|1,50
2013-08-16 23:34:12,21|1,9|0,0|98,0|995|344|650|0,33|6,22|1,86|2,99
2013-08-16 23:34:12,26|1,9|0,0|98,0|995|344|650|0,33|6,22|1,31|2,99
2013-08-16 23:34:12,31|0,0|0,0|100,0|995|344|650|0,33|6,22|1,08|2,99
2013-08-16 23:34:12,36|0,0|0,0|100,0|995|344|650|0,33|6,22|1,83|2,99
2013-08-16 23:34:12,41|0,0|0,0|100,0|995|344|650|0,33|6,22|0,57|1,50
2013-08-16 23:34:12,46|0,0|0,0|100,0|995|344|650|0,33|6,22|0,63|1,50
2013-08-16 23:34:12,51|0,0|0,0|100,0|995|344|650|0,33|6,22|1,33|2,99
2013-08-16 23:34:12,56|0,0|0,0|100,0|995|344|650|0,33|6,22|1,02|2,99
2013-08-16 23:34:12,61|4,0|8,0|88,0|995|344|650|0,33|6,22|7,71|19,57
2013-08-16 23:34:12,66|4,0|6,1|89,7|995|344|650|0,33|6,22|7,33|22,55
2013-08-16 23:34:12,71|8,0|6,0|86,0|995|346|649|0,33|6,22|3,98|19,96
2013-08-16 23:34:12,76|8,1|10,2|81,6|995|344|650|0,33|6,22|2,62|7,48
2013-08-16 23:34:12,81|4,0|6,1|89,7|995|344|650|0,33|6,22|7,86|33,56
2013-08-16 23:34:12,86|0,0|0,0|100,0|995|346|649|0,33|6,22|9,73|36,53
2013-08-16 23:34:12,91|4,0|0,0|95,9|995|345|650|0,33|6,22|12,49|43,51
2013-08-16 23:34:12,96|1,9|1,9|96,0|995|345|650|0,33|6,22|11,76|43,56
2013-08-16 23:34:12,101|2,0|0,0|98,0|995|345|650|0,33|6,22|7,02|11,98
2013-08-16 23:34:12,106|6,0|6,0|88,0|995|345|650|0,33|6,22|0,30|0,00
2013-08-16 23:34:12,111|0,0|6,0|94,0|995|345|650|0,33|6,22|7,28|48,36
2013-08-16 23:34:12,116|2,0|0,0|98,0|995|345|650|0,33|6,22|12,05|56,96
2013-08-16 23:34:12,121|0,0|0,0|100,0|995|345|650|0,33|6,22|11,75|56,93
2013-08-16 23:34:12,126|2,0|0,0|98,0|995|345|650|0,33|6,22|7,09|12,22
2013-08-16 23:34:12,131|6,0|6,0|88,0|995|345|650|0,33|6,22|2,78|7,48
2013-08-16 23:34:12,136|10,2|8,1|81,6|995|345|650|0,33|6,22|2,42|7,48
2013-08-16 23:34:12,141|8,0|8,0|84,0|995|346|648|0,33|6,22|2,93|7,48
2013-08-16 23:34:12,146|4,0|6,0|88,0|995|346|649|0,33|6,22|5,51|67,40
2013-08-16 23:34:12,151|2,0|2,0|96,0|995|347|648|0,33|6,22|7,28|68,73
2013-08-16 23:34:12,156|3,9|0,0|96,0|995|345|650|0,33|6,22|12,06|79,24
2013-08-16 23:34:12,161|2,0|0,0|98,0|995|345|650|0,33|6,22|8,97|12,86
2013-08-16 23:34:12,166|4,0|4,0|92,0|995|345|650|0,33|6,22|3,20|7,62
2013-08-16 23:34:12,171|6,1|10,2|83,6|995|345|649|0,33|6,22|2,43|7,48
2013-08-16 23:34:12,176|4,0|10,0|86,0|995|346|648|0,33|6,22|4,78|83,05
2013-08-16 23:34:12,181|5,8|7,8|86,2|995|345|650|0,33|6,22|7,43|90,55
2013-08-16 23:34:12,186|0,0|0,0|100,0|995|345|649|0,33|6,22|12,05|95,86
2013-08-16 23:34:12,191|2,0|0,0|98,0|995|345|650|0,33|6,22|12,82|101,57
2013-08-16 23:34:12,196|2,0|0,0|98,0|995|345|650|0,33|6,22|12,45|101,54
2013-08-16 23:34:12,201|2,0|4,0|93,8|995|345|650|0,33|6,22|0,14|0,06
2013-08-16 23:34:12,206|3,9|7,8|88,2|995|345|650|0,33|6,22|5,41|94,27
2013-08-16 23:34:12,211|0,0|0,0|100,0|995|345|650|0,33|6,22|8,00|8,28
2013-08-16 23:34:12,216|6,0|4,0|90,0|995|345|650|0,33|6,22|0,47|0,00
2013-08-16 23:34:12,221|4,0|8,0|88,0|995|345|650|0,33|6,22|5,46|95,67
2013-08-16 23:34:12,226|0,0|0,0|100,0|995|345|650|0,33|6,22|6,93|6,31
2013-08-16 23:34:12,231|6,1|4,0|89,7|995|345|649|0,33|6,22|0,35|0,00
2013-08-16 23:34:12,236|0,0|0,0|100,0|995|346|648|0,33|6,22|7,63|99,89
2013-08-16 23:34:12,241|0,0|0,0|100,0|995|346|649|0,33|6,22|4,72|5,91
2013-08-16 23:34:12,246|4,0|6,1|89,7|995|347|648|0,33|6,22|3,82|94,22
2013-08-16 23:34:12,251|0,0|0,0|100,0|995|346|649|0,33|6,22|9,53|101,49
2013-08-16 23:34:12,256|4,0|4,0|92,0|995|345|649|0,33|6,22|0,29|0,00
2013-08-16 23:34:12,261|2,0|2,0|96,0|995|347|648|0,33|6,22|6,18|99,13
2013-08-16 23:34:12,266|1,9|0,0|98,0|995|346|649|0,33|6,22|5,03|6,42
2013-08-16 23:34:12,271|6,1|4,0|89,7|995|346|649|0,33|6,22|0,88|0,51
2013-08-16 23:34:12,276|62,0|38,0|0,0|995|935|60|0,34|6,22|5,60|95,61
2013-08-16 23:34:12,281|95,9|4,0|0,0|995|932|62|0,35|6,22|5,11|95,55
2013-08-16 23:34:12,286|98,0|2,0|0,0|995|930|64|0,35|6,22|7,90|101,45
2013-08-16 23:34:12,291|100,0|0,0|0,0|995|927|68|0,36|6,22|11,29|106,37
2013-08-16 23:34:12,296|100,0|0,0|0,0|995|924|71|0,36|6,22|2,64|5,98
2013-08-16 23:34:12,301|92,0|8,0|0,0|995|924|70|0,36|6,22|1,84|4,49
2013-08-16 23:34:12,306|100,0|0,0|0,0|995|925|70|0,36|6,22|8,83|111,38
2013-08-16 23:34:12,311|100,0|0,0|0,0|995|924|71|0,36|6,22|6,52|12,57
2013-08-16 23:34:12,316|95,9|4,0|0,0|995|924|71|0,36|6,22|3,78|5,88
2013-08-16 23:34:12,321|95,9|4,0|0,0|995|925|70|0,36|6,22|7,17|114,31
2013-08-16 23:34:12,326|100,0|0,0|0,0|995|925|70|0,36|6,22|12,51|121,30
2013-08-16 23:34:12,331|98,0|2,0|0,0|995|925|70|0,36|6,22|3,82|5,94
2013-08-16 23:34:12,336|85,7|14,2|0,0|995|937|58|0,43|6,22|1,88|4,63
2013-08-16 23:34:12,341|96,0|4,0|0,0|995|935|60|0,52|6,22|7,64|121,52
2013-08-16 23:34:12,346|90,0|10,0|0,0|995|937|58|0,60|6,22|13,07|134,74
2013-08-16 23:34:12,351|98,0|1,9|0,0|995|930|64|0,64|6,22|12,06|133,38
2013-08-16 23:34:12,356|96,0|4,0|0,0|995|915|80|0,64|6,22|2,75|4,49
2013-08-16 23:34:12,361|100,0|0,0|0,0|995|919|76|0,65|6,22|9,95|135,33
2013-08-16 23:34:12,366|98,0|0,0|0,0|995|919|76|0,65|6,22|6,84|11,52
2013-08-16 23:34:12,371|94,0|6,0|0,0|995|923|72|0,65|6,22|8,27|139,60
2013-08-16 23:34:12,376|0,0|0,0|100,0|995|155|840|0,65|6,22|5,30|7,19
2013-08-16 23:34:12,381|2,0|12,0|86,0|995|156|839|0,65|6,22|3,87|131,77
2013-08-16 23:34:12,386|0,0|0,0|100,0|995|155|840|0,65|6,22|6,38|7,60
2013-08-16 23:34:12,391|8,0|4,0|88,0|995|156|839|0,65|6,22|0,70|16,66
2013-08-16 23:34:12,396|0,0|0,0|89,7|995|208|787|0,71|6,23|6,55|9,07
2013-08-16 23:34:12,401|4,1|4,1|91,6|995|236|758|0,75|6,28|0,59|0,00
2013-08-16 23:34:12,406|0,0|0,0|100,0|995|236|759|0,75|6,28|11,63|141,26
2013-08-16 23:34:12,411|8,0|92,0|0,0|995|238|756|0,75|6,28|0,47|0,00
2013-08-16 23:34:12,416|4,3|10,8|0,0|995|741|254|0,75|6,74|5,87|133,16
2013-08-16 23:34:12,421|0,0|8,3|0,0|995|919|75|0,89|8,97|10,00|140,73
2013-08-16 23:34:12,426|0,0|8,3|0,0|995|915|80|1,18|9,26|4,72|7,68
2013-08-16 23:34:12,431|6,1|8,1|0,0|995|914|81|1,43|9,61|5,89|8,33
2013-08-16 23:34:12,436|0,0|10,6|0,0|995|920|74|1,81|9,88|9,28|10,84
2013-08-16 23:34:12,441|0,0|8,1|0,0|995|915|79|2,10|10,17|11,17|141,05
2013-08-16 23:34:12,446|3,9|3,9|0,0|995|915|80|2,38|10,41|4,83|7,86
2013-08-16 23:34:12,451|0,0|4,0|0,0|995|920|74|2,64|10,75|2,71|7,48
2013-08-16 23:34:12,456|12,2|12,2|0,0|995|918|77|2,95|10,96|4,94|145,04
2013-08-16 23:34:12,461|0,0|4,0|0,0|995|916|79|3,23|11,23|12,86|154,20
2013-08-16 23:34:12,466|1,9|9,8|0,0|995|914|81|3,48|11,46|7,44|15,68
2013-08-16 23:34:12,471|2,1|6,3|0,0|995|924|71|3,93|11,59|12,60|165,29
2013-08-16 23:34:12,476|2,0|8,1|0,0|995|920|75|4,59|11,59|2,85|7,41
2013-08-16 23:34:12,481|6,1|10,2|0,0|995|915|80|5,27|11,59|8,07|162,64
2013-08-16 23:34:12,486|0,0|0,0|100,0|995|913|82|5,69|11,59|7,18|10,41
2013-08-16 23:34:12,491|2,0|98,0|0,0|995|921|74|5,71|11,59|8,45|168,33
2013-08-16 23:34:12,496|0,0|0,0|0,0|995|926|69|5,73|12,33|7,55|23,33
2013-08-16 23:34:12,501|2,0|2,0|0,0|995|913|81|5,89|14,32|2,90|7,48
2013-08-16 23:34:12,506|0,0|0,0|0,0|995|915|80|6,06|14,56|10,66|192,77
2013-08-16 23:34:12,511|6,0|10,0|0,0|995|915|80|6,27|14,74|0,49|0,06
2013-08-16 23:34:12,516|2,0|6,1|0,0|995|916|79|6,57|14,97|9,64|17,40
2013-08-16 23:34:12,521|2,1|10,6|0,0|995|919|75|6,83|15,22|7,27|16,06
2013-08-16 23:34:12,526|5,8|3,9|0,0|995|914|80|7,02|15,50|2,61|7,48
2013-08-16 23:34:12,531|0,0|2,0|0,0|995|915|79|7,17|15,64|3,11|8,18
2013-08-16 23:34:12,536|2,0|0,0|0,0|995|923|72|7,32|15,82|3,19|7,70
2013-08-16 23:34:12,541|4,0|2,0|0,0|995|914|81|7,56|15,97|2,54|7,48
2013-08-16 23:34:12,546|2,0|0,0|0,0|995|915|80|7,72|16,15|2,85|7,48
2013-08-16 23:34:12,551|0,0|10,2|0,0|995|914|80|8,01|16,41|3,06|7,48
2013-08-16 23:34:12,556|4,0|4,0|0,0|995|918|76|8,19|16,61|3,72|7,48
2013-08-16 23:34:12,561|0,0|4,0|0,0|995|914|81|8,38|16,79|2,55|6,18
2013-08-16 23:34:12,566|2,0|6,0|0,0|995|915|79|8,57|16,95|2,91|7,41
2013-08-16 23:34:12,571|0,0|6,1|0,0|995|915|80|8,92|16,95|5,13|9,28
2013-08-16 23:34:12,576|6,0|10,0|0,0|995|921|73|9,38|16,95|3,03|7,48
2013-08-16 23:34:12,581|4,0|6,0|0,0|995|914|81|9,91|16,95|13,42|253,26
2013-08-16 23:34:12,586|2,0|2,0|0,0|995|917|77|10,35|16,95|3,01|7,48
2013-08-16 23:34:12,591|5,8|7,8|86,2|995|915|80|10,64|16,95|6,09|242,11
2013-08-16 23:34:12,596|0,0|0,0|0,0|995|920|74|10,65|16,95|0,70|0,00
2013-08-16 23:34:12,601|0,0|0,0|0,0|995|914|80|10,66|16,95|11,06|251,97
2013-08-16 23:34:12,606|4,0|8,1|0,0|995|922|72|10,67|16,95|6,44|242,40
2013-08-16 23:34:12,611|0,0|2,0|0,0|995|919|76|10,68|16,95|10,99|252,06
2013-08-16 23:34:12,616|6,0|14,0|0,0|995|914|81|10,69|16,95|0,53|0,00
2013-08-16 23:34:12,621|0,0|2,0|0,0|995|925|70|10,70|16,95|0,37|0,14
2013-08-16 23:34:12,626|6,0|6,0|86,0|995|144|850|10,70|16,96|1,17|0,21
2013-08-16 23:34:12,631|0,0|0,0|100,0|995|142|852|10,70|16,96|0,70|0,00
2013-08-16 23:34:12,636|0,0|0,0|100,0|995|142|852|10,70|16,96|10,51|252,32
2013-08-16 23:34:12,641|4,0|6,1|89,7|995|142|852|10,70|16,96|0,12|0,00
2013-08-16 23:34:12,646|0,0|0,0|100,0|995|142|852|10,70|16,96|4,48|9,71
2013-08-16 23:34:12,651|0,0|0,0|100,0|995|142|852|10,70|16,96|11,01|252,52
2013-08-16 23:34:12,656|6,0|8,0|86,0|995|142|852|10,70|16,96|0,35|0,00
2013-08-16 23:34:12,661|0,0|0,0|100,0|995|142|852|10,70|16,96|4,30|2,65
2013-08-16 23:34:12,666|0,0|0,0|100,0|995|142|852|10,70|16,96|10,45|252,62
2013-08-16 23:34:12,671|7,8|5,8|86,2|995|142|852|10,70|16,96|0,59|0,00
2013-08-16 23:34:12,676|0,0|2,0|98,0|995|142|852|10,70|16,96|2,04|0,30
2013-08-16 23:34:12,681|0,0|0,0|100,0|995|142|852|10,70|16,96|10,45|252,77
2013-08-16 23:34:12,686|7,8|3,9|88,2|995|143|851|10,70|16,96|4,25|241,18
2013-08-16 23:34:12,691|0,0|0,0|100,0|995|142|852|10,70|16,96|0,15|0,00
2013-08-16 23:34:12,696|0,0|0,0|100,0|995|142|852|10,70|16,96|0,35|0,00
2013-08-16 23:34:12,701|0,0|0,0|100,0|995|142|852|10,70|16,96|0,29|0,00
