2013-10-25 18:22:37,236|96,0|4,0|0,0|995|439|556|27,05|3,47|1,90|0,00
2013-10-25 18:22:42,988|100,0|0,0|0,0|995|439|556|27,05|3,47|0,29|0,00
2013-10-25 18:22:48,742|100,0|0,0|0,0|995|439|556|27,05|3,47|1,77|0,00
2013-10-25 18:22:54,490|98,0|1,9|0,0|995|439|556|27,05|3,47|0,12|0,00
2013-10-25 18:23:00,236|100,0|0,0|0,0|995|439|556|27,05|3,47|0,41|0,00
2013-10-25 18:23:05,976|76,0|24,0|0,0|995|438|557|27,05|3,47|0,57|0,00
2013-10-25 18:23:11,718|84,0|16,0|0,0|995|437|557|27,05|3,47|1,08|0,00
2013-10-25 18:23:17,459|80,0|20,0|0,0|995|437|557|27,04|3,47|0,77|0,00
2013-10-25 18:23:23,203|84,0|16,0|0,0|995|437|557|27,04|3,47|0,23|0,00
2013-10-25 18:23:28,999|76,0|24,0|0,0|995|440|555|27,04|3,47|0,23|0,00
2013-10-25 18:23:34,739|82,0|18,0|0,0|995|440|555|27,04|3,47|1,09|0,00
2013-10-25 18:23:40,483|78,0|22,0|0,0|995|440|555|27,04|3,47|0,60|0,00
2013-10-25 18:23:46,227|80,3|19,6|0,0|995|440|555|27,04|3,47|0,49|6,22
2013-10-25 18:23:51,967|80,0|20,0|0,0|995|440|555|27,04|3,47|1,70|6,05
2013-10-25 18:23:57,703|84,0|16,0|0,0|995|440|555|27,04|3,47|1,10|1,66
2013-10-25 18:24:03,447|84,3|15,6|0,0|995|440|555|27,04|3,47|1,87|0,54
2013-10-25 18:24:09,187|83,6|16,3|0,0|995|438|557|27,04|3,47|1,07|0,00
2013-10-25 18:24:14,931|80,0|20,0|0,0|995|438|557|27,04|3,47|0,82|0,00
2013-10-25 18:24:20,674|82,0|18,0|0,0|995|438|557|27,04|3,47|1,06|0,00
2013-10-25 18:24:26,414|82,0|18,0|0,0|995|438|557|27,04|3,47|0,53|0,00
2013-10-25 18:24:32,203|86,0|14,0|0,0|995|438|557|27,04|3,47|0,59|0,00
2013-10-25 18:24:37,955|83,6|16,3|0,0|995|438|557|27,04|3,47|0,23|0,00
2013-10-25 18:24:43,698|78,0|22,0|0,0|995|438|557|27,04|3,47|0,29|0,00
2013-10-25 18:24:49,447|84,0|16,0|0,0|995|438|557|27,04|3,47|0,47|0,00
2013-10-25 18:24:55,193|98,0|2,0|0,0|995|438|557|27,04|3,47|0,72|0,00
2013-10-25 18:25:00,943|98,0|1,9|0,0|995|440|554|27,04|3,47|0,54|0,00
2013-10-25 18:25:06,691|98,0|2,0|0,0|995|440|554|27,04|3,47|0,93|1,70
2013-10-25 18:25:12,450|96,0|4,0|0,0|995|440|554|27,04|3,47|0,66|1,66
2013-10-25 18:25:18,202|100,0|0,0|0,0|995|440|554|27,04|3,47|0,89|1,66
2013-10-25 18:25:23,948|96,0|4,0|0,0|995|440|554|27,04|3,47|0,12|0,00
2013-10-25 18:25:29,691|98,0|2,0|0,0|995|440|554|27,04|3,47|0,41|1,71
2013-10-25 18:25:35,459|96,0|4,0|0,0|995|440|554|27,04|3,47|0,91|0,00
2013-10-25 18:25:41,211|100,0|0,0|0,0|995|440|554|27,04|3,47|1,23|0,00
2013-10-25 18:25:46,961|96,0|4,0|0,0|995|440|554|27,04|3,47|0,79|0,00
2013-10-25 18:25:52,707|98,0|2,0|0,0|995|440|554|27,04|3,47|0,65|0,00
2013-10-25 18:25:58,458|97,9|2,0|0,0|995|440|554|27,04|3,47|1,29|0,00
2013-10-25 18:26:04,204|96,0|4,0|0,0|995|440|555|27,04|3,47|1,87|0,68
2013-10-25 18:26:09,955|100,0|0,0|0,0|995|440|555|27,04|3,47|1,22|0,11
2013-10-25 18:26:15,719|94,1|5,8|0,0|995|440|555|27,04|3,47|0,62|0,00
2013-10-25 18:26:21,471|98,0|2,0|0,0|995|440|555|27,04|3,47|0,83|0,00
2013-10-25 18:26:27,214|97,9|2,0|0,0|995|440|555|27,04|3,47|1,39|0,00
2013-10-25 18:26:32,961|98,0|2,0|0,0|995|440|555|27,04|3,47|1,02|0,00
2013-10-25 18:26:38,710|98,0|2,0|0,0|995|440|555|27,04|3,47|1,51|0,00
2013-10-25 18:26:44,452|97,9|2,0|0,0|995|440|555|27,04|3,47|0,52|0,00
2013-10-25 18:26:50,218|100,0|0,0|0,0|995|440|555|27,04|3,47|0,98|0,00
2013-10-25 18:26:55,966|96,0|4,0|0,0|995|440|555|27,04|3,47|0,78|0,00
2013-10-25 18:27:01,767|98,0|2,0|0,0|995|440|555|27,04|3,47|1,93|0,00
2013-10-25 18:27:07,523|80,0|20,0|0,0|995|440|555|27,03|3,47|1,75|0,00
2013-10-25 18:27:13,278|80,0|20,0|0,0|995|440|555|27,03|3,47|6,41|0,00
2013-10-25 18:27:19,023|84,3|15,6|0,0|995|440|555|27,03|3,47|1,88|0,00
2013-10-25 18:27:24,769|79,5|20,4|0,0|995|440|555|27,03|3,47|1,73|0,51
2013-10-25 18:27:30,507|77,5|22,4|0,0|995|441|554|27,03|3,47|0,36|1,67
2013-10-25 18:27:36,271|76,0|24,0|0,0|995|441|554|27,03|3,47|1,30|7,66
2013-10-25 18:27:42,018|81,6|18,3|0,0|995|440|555|27,03|3,47|0,38|0,00
2013-10-25 18:27:47,759|82,0|18,0|0,0|995|440|555|27,03|3,47|1,52|0,48
2013-10-25 18:27:53,501|78,0|22,0|0,0|995|440|555|27,03|3,47|0,74|1,00
2013-10-25 18:27:59,246|96,0|4,0|0,0|995|441|554|27,03|3,47|0,64|0,00
2013-10-25 18:28:04,995|100,0|0,0|0,0|995|440|554|27,03|3,47|1,56|0,30
2013-10-25 18:28:10,747|96,0|3,9|0,0|995|440|554|27,03|3,47|1,47|0,44
2013-10-25 18:28:16,551|94,1|5,8|0,0|995|441|554|27,03|3,47|1,44|6,32
2013-10-25 18:28:22,207|0,0|0,0|100,0|995|132|863|27,03|3,47|0,32|0,00
2013-10-25 18:28:27,735|0,0|0,0|100,0|995|131|863|27,03|3,47|1,27|0,14
2013-10-25 18:28:33,206|0,0|0,0|100,0|995|131|863|27,03|3,47|0,47|0,11
2013-10-25 18:28:38,736|0,0|0,0|100,0|995|131|863|27,03|3,47|0,76|0,00
2013-10-25 18:28:44,280|0,0|2,0|98,0|995|132|863|27,03|3,47|0,71|4,46
2013-10-25 18:28:49,834|0,0|0,0|100,0|995|131|863|27,03|3,47|2,10|0,00
2013-10-25 18:28:55,359|0,0|0,0|100,0|995|132|863|27,03|3,47|1,42|0,00
2013-10-25 18:29:00,902|94,0|6,0|0,0|995|153|841|27,03|3,47|0,69|0,00
2013-10-25 18:29:06,625|0,0|0,0|100,0|995|185|810|27,03|3,47|1,02|0,00
2013-10-25 18:29:12,195|0,0|0,0|100,0|995|185|810|27,03|3,47|0,53|1,66
2013-10-25 18:29:17,727|0,0|0,0|100,0|995|185|810|27,03|3,47|0,33|1,66
2013-10-25 18:29:23,242|100,0|0,0|0,0|995|215|779|27,03|3,47|1,45|0,00
2013-10-25 18:29:29,037|100,0|0,0|0,0|995|215|779|27,03|3,47|0,38|0,00
2013-10-25 18:29:34,791|100,0|0,0|0,0|995|215|779|27,03|3,47|1,99|0,00
2013-10-25 18:29:40,529|100,0|0,0|0,0|995|215|779|27,03|3,47|0,54|0,00
2013-10-25 18:29:46,277|100,0|0,0|0,0|995|215|779|27,03|3,47|0,56|0,00
2013-10-25 18:29:52,033|0,0|0,0|100,0|995|216|779|27,03|3,47|0,91|0,00
2013-10-25 18:29:57,585|0,0|0,0|100,0|995|216|779|27,03|3,47|0,59|0,00
2013-10-25 18:30:03,115|0,0|0,0|100,0|995|216|779|27,03|3,47|2,52|1,66
2013-10-25 18:30:08,660|0,0|0,0|100,0|995|216|779|27,03|3,47|0,79|7,73
2013-10-25 18:30:14,212|0,0|0,0|100,0|995|216|779|27,03|3,47|0,27|0,00
2013-10-25 18:30:19,736|0,0|0,0|100,0|995|216|779|27,03|3,47|1,76|0,00
2013-10-25 18:30:25,289|0,0|0,0|100,0|995|216|779|27,03|3,47|0,66|0,00
2013-10-25 18:30:30,839|0,0|1,9|98,0|995|216|779|27,03|3,47|0,23|0,00
2013-10-25 18:30:36,323|0,0|0,0|100,0|995|216|779|27,03|3,47|1,01|6,02
2013-10-25 18:30:41,855|0,0|0,0|100,0|995|216|779|27,03|3,47|0,32|1,67
2013-10-25 18:30:47,339|0,0|0,0|100,0|995|216|779|27,03|3,47|0,57|0,00
2013-10-25 18:30:52,861|0,0|0,0|100,0|995|216|779|27,03|3,47|0,71|0,00
2013-10-25 18:30:58,371|100,0|0,0|0,0|995|223|772|27,03|3,47|1,71|0,00
2013-10-25 18:31:04,178|100,0|0,0|0,0|995|223|772|27,02|3,47|0,89|0,00
2013-10-25 18:31:09,954|100,0|0,0|0,0|995|223|772|27,02|3,47|1,15|0,00
2013-10-25 18:31:15,710|100,0|0,0|0,0|995|223|772|27,02|3,47|0,56|0,00
2013-10-25 18:31:21,474|100,0|0,0|0,0|995|223|772|27,02|3,47|1,22|6,00
2013-10-25 18:31:27,240|0,0|0,0|100,0|995|223|772|27,02|3,47|0,57|4,72
2013-10-25 18:31:32,749|0,0|0,0|100,0|995|223|772|27,02|3,47|0,43|6,00
2013-10-25 18:31:38,315|0,0|0,0|100,0|995|220|774|27,02|3,47|1,27|0,00
2013-10-25 18:31:43,851|0,0|0,0|100,0|995|220|774|27,02|3,47|0,24|0,13
2013-10-25 18:31:49,372|0,0|0,0|100,0|995|220|774|27,02|3,47|1,40|0,00
2013-10-25 18:31:54,946|0,0|0,0|100,0|995|220|774|27,02|3,47|0,52|0,00
2013-10-25 18:32:00,479|0,0|0,0|100,0|995|220|774|27,02|3,47|0,47|0,00
2013-10-25 18:32:05,996|0,0|0,0|100,0|995|220|774|27,02|3,47|2,14|0,00
2013-10-25 18:32:11,537|0,0|0,0|100,0|995|220|774|27,02|3,47|0,32|0,00
2013-10-25 18:32:17,087|0,0|0,0|100,0|995|220|774|27,02|3,47|6,49|0,00
2013-10-25 18:32:22,611|0,0|0,0|100,0|995|221|774|27,02|3,47|0,99|0,00
2013-10-25 18:32:28,126|0,0|0,0|100,0|995|221|774|27,02|3,47|0,83|0,00
2013-10-25 18:32:33,697|0,0|0,0|100,0|995|221|774|27,02|3,47|1,84|0,00
2013-10-25 18:32:39,220|0,0|0,0|100,0|995|221|774|27,02|3,47|0,35|0,00
2013-10-25 18:32:44,743|0,0|0,0|100,0|995|221|774|27,02|3,47|0,23|0,00
2013-10-25 18:32:50,295|0,0|0,0|100,0|995|221|774|27,02|3,47|1,76|0,00
2013-10-25 18:32:55,844|0,0|0,0|100,0|995|221|774|27,02|3,47|1,70|0,00
2013-10-25 18:33:01,369|0,0|0,0|100,0|995|221|774|27,02|3,47|0,59|0,00
2013-10-25 18:33:06,877|0,0|0,0|100,0|995|221|774|27,02|3,47|1,35|0,00
2013-10-25 18:33:12,449|0,0|0,0|100,0|995|221|774|27,02|3,47|0,50|0,00
2013-10-25 18:33:17,983|0,0|0,0|100,0|995|221|774|27,02|3,47|0,50|0,00
2013-10-25 18:33:23,500|0,0|0,0|100,0|995|221|774|27,02|3,47|0,18|0,00
2013-10-25 18:33:29,073|0,0|0,0|100,0|995|221|774|27,02|3,47|1,02|0,00
2013-10-25 18:33:34,607|1,9|0,0|98,0|995|221|774|27,02|3,47|8,49|0,00
2013-10-25 18:33:40,128|0,0|0,0|100,0|995|221|774|27,02|3,47|2,88|0,00
2013-10-25 18:33:45,638|0,0|0,0|100,0|995|221|774|27,02|3,47|0,23|0,00
2013-10-25 18:33:51,207|0,0|0,0|100,0|995|221|774|27,02|3,47|0,81|0,00
2013-10-25 18:33:56,737|0,0|0,0|100,0|995|221|774|27,02|3,47|0,38|0,00
2013-10-25 18:34:02,249|0,0|0,0|100,0|995|221|774|27,02|3,47|1,51|0,00
2013-10-25 18:34:07,802|0,0|0,0|100,0|995|221|774|27,02|3,47|0,62|0,00
2013-10-25 18:34:13,351|0,0|0,0|100,0|995|221|774|27,02|3,47|0,21|0,00
2013-10-25 18:34:18,876|0,0|0,0|100,0|995|221|774|27,02|3,47|0,38|0,00
2013-10-25 18:34:24,423|0,0|0,0|100,0|995|221|774|27,02|3,47|1,24|0,00
2013-10-25 18:34:29,975|0,0|0,0|100,0|995|221|774|27,02|3,47|0,18|0,00
2013-10-25 18:34:35,537|0,0|0,0|100,0|995|221|774|27,02|3,47|1,03|0,06
2013-10-25 18:34:41,094|1,9|0,0|98,0|995|221|774|27,02|3,47|1,54|0,00
2013-10-25 18:34:46,616|0,0|0,0|100,0|995|221|774|27,02|3,47|9,64|129,40
2013-10-25 18:34:52,138|0,0|0,0|100,0|995|221|774|27,02|3,47|0,49|0,00
2013-10-25 18:34:57,708|6,0|6,0|88,0|995|221|774|27,01|3,47|0,59|0,00
2013-10-25 18:35:03,240|3,9|0,0|96,0|995|222|773|27,01|3,47|4,17|193,87
2013-10-25 18:35:08,772|2,0|6,0|92,0|995|221|774|27,01|3,47|7,29|195,26
2013-10-25 18:35:14,348|6,1|4,0|89,7|995|221|774|27,01|3,47|6,46|195,33
2013-10-25 18:35:19,875|4,0|6,1|89,7|995|221|774|27,01|3,47|7,02|195,39
2013-10-25 18:35:25,423|0,0|2,0|98,0|995|222|773|27,01|3,47|9,06|208,50
2013-10-25 18:35:30,981|0,0|0,0|100,0|995|221|774|27,01|3,47|11,03|208,81
2013-10-25 18:35:36,534|0,0|0,0|100,0|995|221|774|27,01|3,47|7,10|13,49
2013-10-25 18:35:42,121|0,0|0,0|100,0|995|221|774|27,01|3,47|5,29|13,56
2013-10-25 18:35:47,639|0,0|0,0|100,0|995|221|774|27,01|3,47|5,37|13,68
2013-10-25 18:35:53,208|0,0|0,0|100,0|995|221|774|27,01|3,47|0,56|0,00
2013-10-25 18:35:58,856|0,0|0,0|100,0|995|221|774|27,01|3,47|0,96|0,00
2013-10-25 18:36:04,427|2,0|0,0|98,0|995|221|774|27,01|3,47|2,33|0,00
2013-10-25 18:36:10,027|4,0|8,0|88,0|995|221|774|27,01|3,47|1,69|0,00
2013-10-25 18:36:15,600|6,0|6,0|88,0|995|221|774|27,01|3,47|0,53|0,00
2013-10-25 18:36:21,125|2,0|6,0|92,0|995|221|774|27,01|3,47|6,90|195,53
2013-10-25 18:36:26,624|5,8|5,8|86,2|995|221|774|27,01|3,47|6,17|195,27
2013-10-25 18:36:32,188|0,0|0,0|100,0|995|221|774|27,01|3,47|17,43|209,72
2013-10-25 18:36:37,740|0,0|0,0|100,0|995|221|774|27,01|3,47|9,42|15,68
2013-10-25 18:36:43,348|0,0|0,0|100,0|995|221|774|27,01|3,47|4,94|14,37
2013-10-25 18:36:48,960|0,0|0,0|100,0|995|221|774|27,01|3,47|5,43|14,50
2013-10-25 18:36:54,500|0,0|0,0|100,0|995|221|774|27,01|3,48|3,38|1,39
2013-10-25 18:37:00,134|0,0|0,0|100,0|995|221|774|27,01|3,48|1,86|0,00
2013-10-25 18:37:05,691|2,0|0,0|98,0|995|221|774|27,01|3,48|1,36|0,00
2013-10-25 18:37:11,236|5,8|5,8|88,2|995|221|774|27,01|3,48|8,67|0,00
2013-10-25 18:37:16,818|6,0|6,0|88,0|995|221|774|27,01|3,48|4,02|0,00
2013-10-25 18:37:22,392|5,8|5,8|88,2|995|221|774|27,01|3,48|7,23|195,14
2013-10-25 18:37:27,945|2,0|4,0|94,0|995|221|773|27,01|3,48|6,55|195,27
2013-10-25 18:37:33,500|0,0|0,0|100,0|995|221|774|27,01|3,48|9,40|17,93
2013-10-25 18:37:39,086|0,0|0,0|100,0|995|221|774|27,01|3,48|6,12|15,15
2013-10-25 18:37:44,624|2,0|0,0|98,0|995|221|774|27,01|3,48|1,01|0,00
2013-10-25 18:37:50,257|0,0|0,0|100,0|995|221|773|27,01|3,48|0,41|0,00
2013-10-25 18:37:55,758|2,0|10,2|87,7|995|221|773|27,01|3,48|0,41|0,00
2013-10-25 18:38:01,305|0,0|2,0|98,0|995|222|773|27,01|3,48|4,83|195,15
2013-10-25 18:38:06,856|3,9|7,8|86,2|995|221|773|27,01|3,48|7,52|195,33
2013-10-25 18:38:12,431|0,0|0,0|100,0|995|221|774|27,01|3,48|12,38|210,79
2013-10-25 18:38:18,111|78,0|22,0|0,0|995|223|772|27,01|3,48|2,03|0,27
2013-10-25 18:38:23,847|78,0|22,0|0,0|995|223|772|27,01|3,48|1,03|0,27
2013-10-25 18:38:29,767|78,4|21,5|0,0|995|224|771|27,01|3,48|9,23|209,50
2013-10-25 18:38:35,507|56,0|44,0|0,0|995|223|772|27,01|3,48|1,73|0,34
2013-10-25 18:38:41,657|54,0|46,0|0,0|995|223|772|27,01|3,48|8,58|0,27
2013-10-25 18:38:47,783|46,9|53,0|0,0|995|223|771|27,00|3,48|1,85|0,34
2013-10-25 18:38:53,871|40,8|59,1|0,0|995|224|770|27,00|3,48|13,16|210,23
2013-10-25 18:38:59,990|44,0|56,0|0,0|995|223|771|27,00|3,48|6,14|16,52
2013-10-25 18:39:06,111|48,9|51,0|0,0|995|223|771|27,00|3,48|2,39|0,27
2013-10-25 18:39:12,315|44,0|56,0|0,0|995|224|771|27,00|3,48|1,55|0,27
2013-10-25 18:39:18,439|50,0|50,0|0,0|995|224|771|27,00|3,48|0,75|0,06
2013-10-25 18:39:24,543|45,0|54,9|0,0|995|224|771|27,00|3,48|6,24|195,31
2013-10-25 18:39:30,615|52,0|48,0|0,0|995|224|771|27,00|3,48|4,95|16,74
2013-10-25 18:39:36,757|82,0|18,0|0,0|995|223|771|27,00|3,48|7,17|18,00
2013-10-25 18:39:42,530|76,0|24,0|0,0|995|223|771|27,00|3,48|5,20|16,75
2013-10-25 18:39:48,374|90,0|10,0|0,0|995|258|737|27,00|3,48|5,32|16,76
2013-10-25 18:39:54,245|96,0|4,0|0,0|995|258|737|27,00|3,48|5,99|16,83
2013-10-25 18:40:00,031|92,1|7,8|0,0|995|258|736|27,00|3,48|5,28|17,09
2013-10-25 18:40:05,795|94,0|6,0|0,0|995|258|737|27,00|3,48|4,89|1,39
2013-10-25 18:40:11,603|94,1|5,8|0,0|995|259|736|27,00|3,48|1,77|4,46
2013-10-25 18:40:17,435|93,8|6,1|0,0|995|259|736|27,00|3,48|5,18|23,12
2013-10-25 18:40:23,219|96,0|4,0|0,0|995|259|736|27,00|3,48|0,82|0,06
2013-10-25 18:40:29,035|93,8|6,1|0,0|995|259|736|27,00|3,48|0,92|0,06
2013-10-25 18:40:34,862|96,0|4,0|0,0|995|259|736|27,00|3,48|0,61|0,00
2013-10-25 18:40:40,694|96,0|4,0|0,0|995|259|736|27,00|3,48|2,95|0,06
2013-10-25 18:40:46,537|94,0|6,0|0,0|995|308|687|27,00|3,48|0,41|0,00
2013-10-25 18:40:52,348|92,0|8,0|0,0|995|308|687|27,00|3,48|1,45|0,00
2013-10-25 18:40:58,226|96,0|4,0|0,0|995|308|687|27,00|3,48|0,77|0,00
2013-10-25 18:41:04,053|92,0|8,0|0,0|995|308|687|27,00|3,48|0,87|0,00
2013-10-25 18:41:09,871|93,8|6,1|0,0|995|308|687|27,00|3,48|0,62|0,00
2013-10-25 18:41:15,697|90,0|10,0|0,0|995|308|687|27,00|3,48|0,56|0,00
2013-10-25 18:41:21,527|94,0|6,0|0,0|995|308|687|27,00|3,48|2,73|2,99
2013-10-25 18:41:27,343|92,0|8,0|0,0|995|308|687|27,00|3,48|5,14|4,20
2013-10-25 18:41:33,139|94,0|6,0|0,0|995|308|687|27,00|3,48|4,92|24,05
2013-10-25 18:41:38,878|94,0|6,0|0,0|995|308|687|27,00|3,48|1,81|2,08
2013-10-25 18:41:44,675|92,0|8,0|0,0|995|308|687|27,00|3,48|4,99|0,44
2013-10-25 18:41:50,502|98,0|2,0|0,0|995|428|567|27,00|3,48|3,57|6,15
2013-10-25 18:41:56,343|94,0|6,0|0,0|995|428|567|27,00|3,48|2,62|0,06
2013-10-25 18:42:02,175|89,7|10,2|0,0|995|428|567|27,00|3,48|10,94|0,00
2013-10-25 18:42:07,987|90,0|10,0|0,0|995|428|567|27,00|3,48|1,52|0,00
2013-10-25 18:42:13,806|96,0|4,0|0,0|995|428|567|27,00|3,48|1,76|0,00
2013-10-25 18:42:19,635|94,0|6,0|0,0|995|428|567|27,00|3,48|0,38|0,00
2013-10-25 18:42:25,439|94,0|6,0|0,0|995|428|567|27,00|3,48|3,06|0,00
2013-10-25 18:42:31,203|98,0|2,0|0,0|995|428|567|27,00|3,48|0,18|0,00
2013-10-25 18:42:37,016|92,0|8,0|0,0|995|428|567|26,99|3,48|0,90|0,00
2013-10-25 18:42:42,779|93,8|6,1|0,0|995|428|567|26,99|3,48|0,70|0,00
2013-10-25 18:42:48,535|92,0|8,0|0,0|995|428|567|26,99|3,48|0,97|0,00
2013-10-25 18:42:54,282|92,1|7,8|0,0|995|429|566|26,99|3,48|3,13|192,93
2013-10-25 18:43:00,025|87,7|12,2|0,0|995|428|567|26,99|3,48|6,51|195,30
2013-10-25 18:43:05,767|92,1|5,8|0,0|995|428|567|26,99|3,48|6,67|195,27
2013-10-25 18:43:11,511|96,0|4,0|0,0|995|428|567|26,99|3,48|10,90|214,40
2013-10-25 18:43:17,264|92,1|7,8|0,0|995|428|567|26,99|3,48|10,75|214,67
2013-10-25 18:43:23,014|93,8|6,1|0,0|995|428|567|26,99|3,48|7,12|19,72
2013-10-25 18:43:28,799|90,0|10,0|0,0|995|428|567|26,99|3,48|5,16|19,49
2013-10-25 18:43:34,577|94,0|6,0|0,0|995|428|567|26,99|3,48|5,60|19,62
2013-10-25 18:43:40,407|98,0|2,0|0,0|995|428|567|26,99|3,48|2,60|1,39
2013-10-25 18:43:46,175|94,0|6,0|0,0|995|428|567|26,99|3,48|0,23|0,00
2013-10-25 18:43:51,991|92,1|7,8|0,0|995|428|567|26,99|3,48|0,92|0,00
2013-10-25 18:43:57,824|94,0|6,0|0,0|995|428|567|26,99|3,48|1,97|0,00
2013-10-25 18:44:03,575|92,0|8,0|0,0|995|428|567|26,99|3,48|0,29|0,00
2013-10-25 18:44:09,365|94,0|6,0|0,0|995|428|567|26,99|3,48|2,19|0,06
2013-10-25 18:44:15,173|92,1|7,8|0,0|995|428|567|26,99|3,48|0,38|0,00
2013-10-25 18:44:20,927|87,7|12,2|0,0|995|428|567|26,99|3,48|0,29|0,00
2013-10-25 18:44:26,669|84,3|15,6|0,0|995|428|567|26,99|3,48|7,79|195,40
2013-10-25 18:44:32,407|90,0|10,0|0,0|995|429|566|26,99|3,48|8,62|214,39
2013-10-25 18:44:38,201|96,0|4,0|0,0|995|428|567|26,99|3,48|10,85|180,56
2013-10-25 18:44:43,941|92,1|7,8|0,0|995|428|567|26,99|3,48|4,84|20,60
2013-10-25 18:44:49,739|94,1|5,8|0,0|995|428|567|26,99|3,48|4,95|0,00
2013-10-25 18:44:55,559|90,0|10,0|0,0|995|428|567|26,99|3,48|5,10|0,00
2013-10-25 18:45:01,331|84,3|15,6|0,0|995|428|567|26,99|3,48|1,13|0,00
2013-10-25 18:45:07,107|92,0|8,0|0,0|995|429|566|26,99|3,48|8,07|194,89
2013-10-25 18:45:12,904|100,0|0,0|0,0|995|428|567|26,99|3,48|13,39|216,03
2013-10-25 18:45:18,659|98,0|0,0|0,0|995|428|567|26,99|3,48|5,39|21,04
2013-10-25 18:45:24,507|98,0|2,0|0,0|995|428|567|26,99|3,48|0,59|0,00
2013-10-25 18:45:30,323|100,0|0,0|0,0|995|428|566|26,99|3,48|2,32|0,00
2013-10-25 18:45:36,072|93,8|6,1|0,0|995|428|566|26,99|3,48|1,09|0,00
2013-10-25 18:45:41,826|97,9|2,0|0,0|995|428|566|26,99|3,48|6,16|195,13
2013-10-25 18:45:47,631|98,0|1,9|0,0|995|428|567|26,99|3,48|10,26|216,40
2013-10-25 18:45:53,387|98,0|2,0|0,0|995|428|566|26,99|3,48|5,51|21,53
2013-10-25 18:45:59,156|98,0|2,0|0,0|995|428|566|26,99|3,48|2,16|0,00
2013-10-25 18:46:04,970|98,0|2,0|0,0|995|428|566|26,99|3,48|1,00|0,00
2013-10-25 18:46:10,759|94,1|5,8|0,0|995|428|566|26,99|3,48|0,67|0,00
2013-10-25 18:46:16,503|100,0|0,0|0,0|995|429|565|26,99|3,48|8,83|215,43
2013-10-25 18:46:22,260|100,0|0,0|0,0|995|428|566|26,99|3,48|5,24|21,82
2013-10-25 18:46:28,097|98,0|2,0|0,0|995|428|566|26,98|3,48|0,59|0,00
2013-10-25 18:46:33,885|100,0|0,0|0,0|995|428|566|26,98|3,48|0,84|0,00
2013-10-25 18:46:39,646|100,0|0,0|0,0|995|430|565|26,98|3,48|4,30|192,74
2013-10-25 18:46:45,410|94,1|5,8|0,0|995|428|566|26,98|3,48|6,50|194,95
2013-10-25 18:46:51,179|100,0|0,0|0,0|995|428|566|26,98|3,48|7,14|23,59
2013-10-25 18:46:56,946|98,0|1,9|0,0|995|428|566|26,98|3,48|3,05|1,39
2013-10-25 18:47:02,762|98,0|1,9|0,0|995|428|566|26,98|3,48|0,63|0,00
2013-10-25 18:47:08,518|95,9|4,0|0,0|995|428|566|26,98|3,48|0,99|0,00
2013-10-25 18:47:14,264|97,9|2,0|0,0|995|430|565|26,98|3,48|9,07|195,20
2013-10-25 18:47:20,038|100,0|0,0|0,0|995|428|566|26,98|3,48|5,44|22,53
2013-10-25 18:47:25,823|100,0|0,0|0,0|995|428|566|26,98|3,48|2,55|1,39
2013-10-25 18:47:31,603|100,0|0,0|0,0|995|428|566|26,98|3,48|2,16|0,00
2013-10-25 18:47:37,366|95,9|4,0|0,0|995|428|566|26,98|3,48|3,16|0,00
2013-10-25 18:47:43,115|96,0|4,0|0,0|995|430|565|26,98|3,48|8,92|216,51
2013-10-25 18:47:48,862|100,0|0,0|0,0|995|429|566|26,98|3,48|6,09|23,02
2013-10-25 18:47:54,663|100,0|0,0|0,0|995|429|566|26,98|3,48|1,18|0,06
2013-10-25 18:48:00,464|94,0|6,0|0,0|995|429|566|26,98|3,48|2,19|0,00
2013-10-25 18:48:06,248|98,0|2,0|0,0|995|428|566|26,98|3,48|8,64|195,07
2013-10-25 18:48:12,006|97,9|2,0|0,0|995|429|566|26,98|3,48|12,94|218,13
2013-10-25 18:48:17,814|98,0|1,9|0,0|995|429|566|26,98|3,48|2,67|1,46
2013-10-25 18:48:23,607|97,9|2,0|0,0|995|428|566|26,98|3,48|0,38|0,00
2013-10-25 18:48:29,362|96,0|4,0|0,0|995|429|566|26,98|3,48|3,30|0,00
2013-10-25 18:48:35,165|98,0|2,0|0,0|995|429|566|26,98|3,48|6,10|195,17
2013-10-25 18:48:40,923|100,0|0,0|0,0|995|429|566|26,98|3,48|5,36|23,63
2013-10-25 18:48:46,763|98,0|2,0|0,0|995|429|566|26,98|3,48|0,23|0,00
2013-10-25 18:48:52,564|92,0|8,0|0,0|995|429|566|26,98|3,48|1,23|0,00
2013-10-25 18:48:58,409|96,0|4,0|0,0|995|429|566|26,98|3,48|8,04|195,06
2013-10-25 18:49:04,161|100,0|0,0|0,0|995|429|566|26,98|3,48|11,18|219,11
2013-10-25 18:49:09,913|98,0|2,0|0,0|995|429|566|26,98|3,48|5,04|2,21
2013-10-25 18:49:15,690|100,0|0,0|0,0|995|429|566|26,98|3,48|0,21|0,00
2013-10-25 18:49:21,432|100,0|0,0|0,0|995|430|565|26,98|3,48|4,10|194,06
2013-10-25 18:49:27,239|100,0|0,0|0,0|995|429|566|26,98|3,48|11,98|220,76
2013-10-25 18:49:32,991|96,0|3,9|0,0|995|429|566|26,98|3,48|1,34|0,00
2013-10-25 18:49:38,839|100,0|0,0|0,0|995|429|565|26,98|3,48|14,85|0,00
2013-10-25 18:49:44,684|90,0|10,0|0,0|995|429|566|26,98|3,48|6,87|196,67
2013-10-25 18:49:50,437|96,0|4,0|0,0|995|429|566|26,98|3,48|6,48|30,54
2013-10-25 18:49:56,222|94,0|6,0|0,0|995|429|565|26,98|3,48|0,66|4,41
2013-10-25 18:50:02,019|90,0|10,0|0,0|995|429|565|26,98|3,48|0,43|4,41
2013-10-25 18:50:07,791|92,0|8,0|0,0|995|429|565|26,98|3,48|8,67|199,55
2013-10-25 18:50:13,531|90,0|10,0|0,0|995|429|565|26,98|3,48|5,48|24,85
2013-10-25 18:50:19,327|96,0|4,0|0,0|995|429|565|26,97|3,48|0,38|0,00
2013-10-25 18:50:25,074|89,7|10,2|0,0|995|429|565|26,97|3,48|5,97|195,14
2013-10-25 18:50:30,811|98,0|2,0|0,0|995|429|565|26,97|3,48|5,21|25,25
2013-10-25 18:50:36,552|100,0|0,0|0,0|995|429|566|26,97|3,48|1,90|0,00
2013-10-25 18:50:42,303|96,0|4,0|0,0|995|429|566|26,97|3,48|6,84|195,07
2013-10-25 18:50:48,050|100,0|0,0|0,0|995|429|565|26,97|3,48|4,97|26,77
2013-10-25 18:50:53,850|100,0|0,0|0,0|995|429|565|26,97|3,48|0,71|0,00
2013-10-25 18:50:59,666|98,0|2,0|0,0|995|430|564|26,97|3,48|4,71|193,61
2013-10-25 18:51:05,415|100,0|0,0|0,0|995|429|565|26,97|3,48|10,80|29,39
2013-10-25 18:51:11,198|98,0|2,0|0,0|995|429|565|26,97|3,48|2,52|4,41
2013-10-25 18:51:16,986|96,0|4,0|0,0|995|429|565|26,97|3,48|2,92|4,41
2013-10-25 18:51:22,781|100,0|0,0|0,0|995|429|565|26,97|3,48|12,32|226,60
2013-10-25 18:51:28,539|100,0|0,0|0,0|995|429|565|26,97|3,48|1,36|0,00
2013-10-25 18:51:34,314|95,9|4,0|0,0|995|429|565|26,97|3,48|1,62|0,00
2013-10-25 18:51:40,080|98,0|1,9|0,0|995|429|565|26,97|3,48|12,35|222,41
2013-10-25 18:51:45,874|100,0|0,0|0,0|995|429|565|26,97|3,48|1,94|0,00
2013-10-25 18:51:51,739|100,0|0,0|0,0|995|429|565|26,97|3,48|3,39|0,06
2013-10-25 18:51:57,547|96,0|4,0|0,0|995|429|565|26,97|3,48|6,01|194,94
2013-10-25 18:52:03,307|100,0|0,0|0,0|995|429|565|26,97|3,49|4,69|14,61
2013-10-25 18:52:09,071|100,0|0,0|0,0|995|429|565|26,97|3,49|3,01|0,00
2013-10-25 18:52:14,867|98,0|2,0|0,0|995|429|565|26,97|3,49|6,67|195,13
2013-10-25 18:52:20,632|100,0|0,0|0,0|995|430|565|26,97|3,49|4,36|8,81
2013-10-25 18:52:26,399|100,0|0,0|0,0|995|430|565|26,97|3,49|6,22|6,07
2013-10-25 18:52:32,192|92,1|7,8|0,0|995|430|565|26,97|3,49|8,77|199,54
2013-10-25 18:52:37,963|98,0|2,0|0,0|995|430|565|26,97|3,49|3,06|3,41
2013-10-25 18:52:43,791|100,0|0,0|0,0|995|430|565|26,97|3,49|3,57|4,41
2013-10-25 18:52:49,591|94,1|5,8|0,0|995|429|565|26,97|3,49|6,55|195,06
2013-10-25 18:52:55,403|100,0|0,0|0,0|995|430|565|26,97|3,49|5,08|28,44
2013-10-25 18:53:01,162|96,0|4,0|0,0|995|430|565|26,97|3,49|0,41|0,00
2013-10-25 18:53:06,924|96,0|4,0|0,0|995|430|565|26,97|3,49|9,67|195,07
2013-10-25 18:53:12,735|100,0|0,0|0,0|995|430|565|26,97|3,49|6,40|28,65
2013-10-25 18:53:18,483|98,0|2,0|0,0|995|430|565|26,97|3,49|0,67|0,00
2013-10-25 18:53:24,276|100,0|0,0|0,0|995|430|565|26,97|3,49|7,53|195,07
2013-10-25 18:53:30,034|100,0|0,0|0,0|995|430|565|26,97|3,49|0,93|0,00
2013-10-25 18:53:35,840|92,1|7,8|0,0|995|430|565|26,97|3,49|1,51|0,00
2013-10-25 18:53:41,664|100,0|0,0|0,0|995|431|564|26,97|3,49|9,65|226,97
2013-10-25 18:53:47,442|100,0|0,0|0,0|995|430|565|26,97|3,49|0,89|4,41
2013-10-25 18:53:53,244|91,8|8,1|0,0|995|430|565|26,97|3,49|1,62|4,41
2013-10-25 18:53:59,027|98,0|1,9|0,0|995|430|565|26,97|3,49|12,58|228,70
2013-10-25 18:54:04,780|98,0|0,0|0,0|995|430|565|26,97|3,49|1,19|0,00
2013-10-25 18:54:10,587|96,0|4,0|0,0|995|430|565|26,96|3,49|1,60|0,00
2013-10-25 18:54:16,336|100,0|0,0|0,0|995|430|565|26,96|3,49|5,87|29,58
2013-10-25 18:54:22,222|100,0|0,0|0,0|995|430|565|26,96|3,49|0,41|0,00
2013-10-25 18:54:28,022|100,0|0,0|0,0|995|430|565|26,96|3,49|6,19|195,11
2013-10-25 18:54:33,790|100,0|0,0|0,0|995|430|565|26,96|3,49|5,26|29,72
2013-10-25 18:54:39,564|100,0|0,0|0,0|995|430|565|26,96|3,49|2,65|0,00
2013-10-25 18:54:45,318|92,0|8,0|0,0|995|430|565|26,96|3,49|6,93|195,14
2013-10-25 18:54:51,135|98,0|0,0|0,0|995|430|565|26,96|3,49|1,31|0,00
2013-10-25 18:54:56,931|97,9|2,0|0,0|995|430|565|26,96|3,49|1,77|0,00
2013-10-25 18:55:02,733|100,0|0,0|0,0|995|430|565|26,96|3,49|10,76|225,23
2013-10-25 18:55:08,491|98,0|2,0|0,0|995|430|565|26,96|3,49|1,37|4,41
2013-10-25 18:55:14,248|100,0|0,0|0,0|995|432|563|26,96|3,49|1,34|32,14
2013-10-25 18:55:20,028|98,0|1,9|0,0|995|430|565|26,96|3,49|5,43|34,94
2013-10-25 18:55:25,818|100,0|0,0|0,0|995|430|565|26,96|3,49|0,47|0,00
2013-10-25 18:55:31,582|95,9|4,0|0,0|995|430|565|26,96|3,49|10,21|194,81
2013-10-25 18:55:37,344|100,0|0,0|0,0|995|430|565|26,96|3,49|3,88|0,00
2013-10-25 18:55:43,151|98,0|1,9|0,0|995|430|565|26,96|3,49|1,72|0,00
2013-10-25 18:55:48,978|100,0|0,0|0,0|995|430|565|26,96|3,49|11,11|225,60
2013-10-25 18:55:54,803|100,0|0,0|0,0|995|430|565|26,96|3,49|0,67|0,00
2013-10-25 18:56:00,579|98,0|2,0|0,0|995|430|565|26,96|3,49|6,54|195,20
2013-10-25 18:56:06,316|94,0|6,0|0,0|995|430|565|26,96|3,49|8,56|30,77
2013-10-25 18:56:12,103|89,7|10,2|0,0|995|430|565|26,96|3,49|1,69|0,00
2013-10-25 18:56:17,887|94,0|6,0|0,0|995|430|565|26,96|3,49|11,14|232,41
2013-10-25 18:56:23,623|96,0|4,0|0,0|995|430|565|26,96|3,49|0,97|4,41
2013-10-25 18:56:29,393|90,0|10,0|0,0|995|430|565|26,96|3,49|6,25|201,33
2013-10-25 18:56:35,131|92,0|8,0|0,0|995|430|565|26,96|3,49|1,26|4,41
2013-10-25 18:56:40,911|90,0|10,0|0,0|995|430|565|26,96|3,49|1,13|0,00
2013-10-25 18:56:46,668|95,9|4,0|0,0|995|430|565|26,96|3,49|6,18|31,39
2013-10-25 18:56:52,495|98,0|2,0|0,0|995|430|565|26,96|3,49|0,59|0,00
2013-10-25 18:56:58,275|94,0|6,0|0,0|995|430|565|26,96|3,49|9,40|197,67
2013-10-25 18:57:04,020|98,0|1,9|0,0|995|430|565|26,96|3,49|0,58|0,00
2013-10-25 18:57:09,771|94,0|6,0|0,0|995|430|565|26,96|3,49|2,38|0,00
2013-10-25 18:57:15,513|98,0|2,0|0,0|995|430|565|26,96|3,49|6,21|31,69
2013-10-25 18:57:21,322|96,0|3,9|0,0|995|430|564|26,96|3,49|0,65|0,00
2013-10-25 18:57:27,156|100,0|0,0|0,0|995|430|565|26,96|3,49|11,33|229,52
2013-10-25 18:57:32,903|100,0|0,0|0,0|995|430|564|26,96|3,49|0,83|4,41
2013-10-25 18:57:38,695|96,0|4,0|0,0|995|430|565|26,96|3,49|8,14|201,83
2013-10-25 18:57:44,545|98,0|1,9|0,0|995|430|564|26,96|3,49|0,78|4,41
2013-10-25 18:57:50,317|94,0|6,0|0,0|995|430|564|26,96|3,49|0,93|4,41
2013-10-25 18:57:56,113|100,0|0,0|0,0|995|430|564|26,96|3,49|5,75|32,19
2013-10-25 18:58:01,858|98,0|1,9|0,0|995|430|565|26,95|3,49|0,47|0,00
2013-10-25 18:58:07,653|92,1|7,8|0,0|995|430|564|26,95|3,49|11,70|228,03
2013-10-25 18:58:13,411|100,0|0,0|0,0|995|430|564|26,95|3,49|0,38|0,00
2013-10-25 18:58:19,223|94,1|5,8|0,0|995|430|565|26,95|3,49|6,85|197,47
2013-10-25 18:58:24,987|100,0|0,0|0,0|995|430|565|26,95|3,49|0,44|0,00
2013-10-25 18:58:30,738|96,0|4,0|0,0|995|430|565|26,95|3,49|19,84|197,60
2013-10-25 18:58:36,486|100,0|0,0|0,0|995|430|564|26,95|3,49|3,43|0,30
2013-10-25 18:58:42,265|96,0|4,0|0,0|995|430|565|26,95|3,49|2,37|0,00
2013-10-25 18:58:48,039|100,0|0,0|0,0|995|430|564|26,95|3,49|5,72|37,25
2013-10-25 18:58:53,851|98,0|2,0|0,0|995|430|565|26,95|3,49|1,18|4,41
2013-10-25 18:58:59,647|98,0|1,9|0,0|995|430|564|26,95|3,49|10,22|196,48
2013-10-25 18:59:05,399|100,0|0,0|0,0|995|430|565|26,95|3,49|1,34|4,41
2013-10-25 18:59:11,191|98,0|2,0|0,0|995|431|563|26,95|3,49|9,99|227,56
2013-10-25 18:59:16,957|98,0|1,9|0,0|995|430|565|26,95|3,49|0,73|0,00
2013-10-25 18:59:22,757|96,0|4,0|0,0|995|430|564|26,95|3,49|6,07|197,41
2013-10-25 18:59:28,519|100,0|0,0|0,0|995|430|564|26,95|3,49|1,13|0,00
2013-10-25 18:59:34,310|96,0|4,0|0,0|995|430|565|26,95|3,49|1,05|0,40
2013-10-25 18:59:40,060|98,0|1,9|0,0|995|430|565|26,95|3,49|3,38|1,44
2013-10-25 18:59:45,894|96,0|4,0|0,0|995|430|564|26,95|3,49|3,80|0,78
2013-10-25 18:59:51,535|0,0|0,0|100,0|995|133|861|26,95|3,49|3,45|0,30
2013-10-25 18:59:57,092|4,0|2,0|94,0|995|135|860|26,95|3,49|0,44|0,00
2013-10-25 19:00:02,672|0,0|0,0|100,0|995|133|862|26,95|3,49|0,41|0,00
2013-10-25 19:00:08,188|6,0|4,0|88,0|995|133|861|26,95|3,49|7,71|202,55
2013-10-25 19:00:13,762|0,0|0,0|100,0|995|134|861|26,95|3,49|0,74|0,00
2013-10-25 19:00:19,359|0,0|0,0|100,0|995|134|861|26,95|3,49|11,18|232,09
2013-10-25 19:00:24,899|0,0|0,0|100,0|995|134|861|26,95|3,49|0,23|0,00
2013-10-25 19:00:30,436|0,0|1,9|98,0|995|134|861|26,95|3,49|6,08|34,44
2013-10-25 19:00:36,048|1,9|1,9|96,0|995|134|861|26,95|3,49|1,62|0,00
2013-10-25 19:00:41,548|0,0|0,0|100,0|995|134|861|26,95|3,49|6,07|8,67
2013-10-25 19:00:47,080|6,0|6,0|84,0|995|134|861|26,95|3,49|0,86|4,41
2013-10-25 19:00:52,644|0,0|0,0|98,0|995|134|861|26,95|3,49|2,31|0,00
2013-10-25 19:00:58,175|4,0|6,1|89,7|995|134|861|26,95|3,49|7,48|197,71
2013-10-25 19:01:03,692|0,0|0,0|98,0|995|134|861|26,95|3,49|1,32|0,00
2013-10-25 19:01:09,268|0,0|0,0|100,0|995|134|861|26,95|3,49|2,21|0,00
2013-10-25 19:01:14,799|7,8|3,9|86,2|995|134|861|26,95|3,49|13,48|6,07
2013-10-25 19:01:20,319|0,0|0,0|100,0|995|134|861|26,95|3,49|1,12|6,00
2013-10-25 19:01:25,894|0,0|0,0|100,0|995|134|861|26,95|3,49|0,70|0,00
2013-10-25 19:01:31,431|0,0|0,0|100,0|995|134|861|26,95|3,49|3,17|0,00
2013-10-25 19:01:36,986|0,0|0,0|98,0|995|134|861|26,95|3,49|1,90|0,00
2013-10-25 19:01:42,536|0,0|0,0|100,0|995|134|861|26,95|3,49|13,32|0,00
2013-10-25 19:01:48,064|0,0|0,0|92,1|995|134|861|26,95|3,49|5,70|4,41
2013-10-25 19:01:53,636|0,0|0,0|96,0|995|134|861|26,94|3,49|1,70|4,39
2013-10-25 19:01:59,171|0,0|0,0|100,0|995|134|861|26,94|3,49|1,48|6,02
2013-10-25 19:02:04,695|0,0|0,0|100,0|995|134|861|26,94|3,49|1,07|0,00
2013-10-25 19:02:10,263|0,0|0,0|100,0|995|134|861|26,94|3,49|1,22|0,00
2013-10-25 19:02:15,799|0,0|0,0|100,0|995|134|861|26,94|3,49|0,68|0,00
2013-10-25 19:02:21,274|0,0|0,0|100,0|995|134|861|26,94|3,49|0,52|0,00
2013-10-25 19:02:26,803|0,0|0,0|98,0|995|134|861|26,94|3,49|0,46|6,05
2013-10-25 19:02:32,318|0,0|0,0|100,0|995|134|861|26,94|3,49|5,20|4,42
2013-10-25 19:02:37,849|0,0|0,0|100,0|995|134|861|26,94|3,49|2,09|0,00
2013-10-25 19:02:43,402|0,0|0,0|100,0|995|134|861|26,94|3,49|5,66|0,00
2013-10-25 19:02:48,908|0,0|0,0|98,0|995|134|861|26,94|3,49|0,71|0,00
2013-10-25 19:02:54,422|0,0|0,0|100,0|995|134|861|26,94|3,49|1,07|0,00
2013-10-25 19:02:59,911|0,0|0,0|98,0|995|134|861|26,94|3,49|1,17|6,05
2013-10-25 19:03:05,506|0,0|0,0|100,0|995|134|861|26,94|3,49|1,95|5,90
2013-10-25 19:03:11,048|0,0|0,0|98,0|995|134|861|26,94|3,49|5,58|0,00
2013-10-25 19:03:16,632|0,0|0,0|100,0|995|134|861|26,94|3,49|3,95|0,00
2013-10-25 19:03:22,172|0,0|0,0|100,0|995|134|861|26,94|3,49|1,26|0,00
2013-10-25 19:03:27,756|0,0|1,9|98,0|995|134|861|26,94|3,49|1,52|0,00
2013-10-25 19:03:33,291|0,0|0,0|100,0|995|134|861|26,94|3,49|1,04|1,70
2013-10-25 19:03:38,815|0,0|0,0|98,0|995|134|861|26,94|3,49|2,39|3,21
2013-10-25 19:03:44,357|0,0|0,0|100,0|995|134|861|26,94|3,49|3,46|0,00
2013-10-25 19:03:49,850|0,0|0,0|100,0|995|134|861|26,94|3,49|10,36|0,00
2013-10-25 19:03:55,376|0,0|0,0|100,0|995|134|861|26,94|3,49|1,24|0,00
2013-10-25 19:04:00,920|0,0|0,0|100,0|995|134|861|26,94|3,49|0,93|0,00
2013-10-25 19:04:06,397|0,0|0,0|100,0|995|134|861|26,94|3,49|13,69|0,04
2013-10-25 19:04:11,975|0,0|0,0|98,0|995|134|861|26,94|3,49|3,11|1,67
2013-10-25 19:04:17,483|0,0|0,0|100,0|995|134|861|26,94|3,49|1,24|6,00
2013-10-25 19:04:23,038|0,0|0,0|100,0|995|134|861|26,94|3,49|1,20|0,00
2013-10-25 19:04:28,608|0,0|0,0|100,0|995|134|861|26,94|3,49|1,24|0,00
2013-10-25 19:04:34,160|0,0|0,0|100,0|995|134|861|26,94|3,49|0,47|0,00
2013-10-25 19:04:39,691|0,0|1,9|96,0|995|134|861|26,94|3,49|1,87|0,00
2013-10-25 19:04:45,244|0,0|0,0|100,0|995|134|861|26,94|3,49|1,86|6,00
2013-10-25 19:04:50,796|0,0|0,0|100,0|995|134|861|26,94|3,49|0,75|6,00
2013-10-25 19:04:56,362|0,0|0,0|100,0|995|134|861|26,94|3,49|1,51|0,00
2013-10-25 19:05:01,918|0,0|0,0|98,0|995|134|861|26,94|3,49|1,62|0,00
2013-10-25 19:05:07,478|0,0|0,0|100,0|995|134|861|26,94|3,49|0,99|0,00
2013-10-25 19:05:13,034|0,0|2,0|98,0|995|134|861|26,94|3,49|1,69|0,00
2013-10-25 19:05:18,594|0,0|0,0|100,0|995|134|861|26,94|3,49|0,56|1,66
2013-10-25 19:05:24,071|0,0|0,0|100,0|995|134|861|26,94|3,49|0,94|5,90
2013-10-25 19:05:29,647|0,0|0,0|100,0|995|134|861|26,94|3,49|0,49|4,94
2013-10-25 19:05:35,181|0,0|0,0|100,0|995|134|861|26,94|3,49|4,56|0,00
2013-10-25 19:05:40,702|0,0|0,0|98,0|995|134|860|26,94|3,49|0,57|0,00
2013-10-25 19:05:46,276|0,0|0,0|100,0|995|134|860|26,93|3,49|0,85|0,00
2013-10-25 19:05:51,811|0,0|0,0|100,0|995|134|860|26,93|3,49|0,41|0,00
2013-10-25 19:05:57,357|0,0|0,0|100,0|995|134|861|26,93|3,49|0,75|6,02
2013-10-25 19:06:02,912|0,0|0,0|98,0|995|134|860|26,93|3,49|1,50|1,55
2013-10-25 19:06:08,494|0,0|0,0|100,0|995|134|861|26,93|3,49|1,49|0,00
2013-10-25 19:06:14,041|0,0|0,0|100,0|995|134|861|26,93|3,49|1,23|0,00
2013-10-25 19:06:19,535|0,0|0,0|100,0|995|134|860|26,93|3,49|0,64|0,00
2013-10-25 19:06:25,030|0,0|0,0|100,0|995|134|860|26,93|3,49|0,41|0,00
2013-10-25 19:06:30,595|0,0|0,0|98,0|995|134|860|26,93|3,49|0,80|1,66
2013-10-25 19:06:36,154|0,0|0,0|100,0|995|134|860|26,93|3,49|0,95|1,67
2013-10-25 19:06:41,692|0,0|0,0|100,0|995|134|860|26,93|3,49|1,43|0,00
2013-10-25 19:06:47,250|0,0|0,0|100,0|995|134|861|26,93|3,49|1,08|0,00
2013-10-25 19:06:52,801|0,0|0,0|96,0|995|134|861|26,93|3,49|1,38|0,00
2013-10-25 19:06:58,318|0,0|0,0|100,0|995|134|861|26,93|3,49|2,26|0,00
2013-10-25 19:07:03,876|0,0|0,0|98,0|995|134|861|26,93|3,49|2,17|0,00
2013-10-25 19:07:09,424|0,0|0,0|100,0|995|134|861|26,93|3,49|1,84|1,66
2013-10-25 19:07:14,948|0,0|0,0|100,0|995|134|861|26,93|3,49|2,46|3,10
2013-10-25 19:07:20,475|0,0|0,0|100,0|995|134|860|26,93|3,49|1,00|0,00
2013-10-25 19:07:25,951|0,0|0,0|98,0|995|134|860|26,93|3,49|2,63|1,66
2013-10-25 19:07:31,536|0,0|0,0|100,0|995|134|860|26,93|3,49|1,40|0,00
2013-10-25 19:07:37,072|0,0|0,0|100,0|995|134|860|26,93|3,49|0,61|0,00
2013-10-25 19:07:42,626|0,0|0,0|100,0|995|134|860|26,93|3,49|2,73|6,05
2013-10-25 19:07:48,178|0,0|0,0|100,0|995|134|860|26,93|3,49|1,39|5,90
2013-10-25 19:07:53,702|0,0|0,0|100,0|995|134|860|26,93|3,49|1,01|0,00
2013-10-25 19:07:59,280|0,0|0,0|100,0|995|134|860|26,93|3,49|0,29|0,00
2013-10-25 19:08:04,814|0,0|0,0|96,0|995|134|860|26,93|3,49|0,29|0,00
2013-10-25 19:08:10,332|0,0|0,0|100,0|995|134|860|26,93|3,49|1,04|0,00
2013-10-25 19:08:15,897|0,0|0,0|100,0|995|134|860|26,93|3,49|0,76|6,05
2013-10-25 19:08:21,436|0,0|0,0|100,0|995|134|860|26,93|3,49|0,72|5,89
2013-10-25 19:08:27,001|0,0|0,0|98,0|995|134|860|26,93|3,49|0,69|6,02
2013-10-25 19:08:32,552|0,0|0,0|100,0|995|134|860|26,93|3,49|1,84|0,00
2013-10-25 19:08:38,076|0,0|0,0|100,0|995|134|860|26,93|3,49|1,27|0,00
2013-10-25 19:08:43,628|0,0|0,0|98,0|995|134|860|26,93|3,49|2,88|0,00
2013-10-25 19:08:49,175|0,0|1,9|98,0|995|134|860|26,93|3,49|1,12|0,00
2013-10-25 19:08:54,736|0,0|0,0|100,0|995|134|860|26,93|3,49|0,81|0,00
2013-10-25 19:09:00,254|0,0|0,0|96,0|995|134|860|26,93|3,49|3,16|0,00
2013-10-25 19:09:05,821|0,0|0,0|100,0|995|134|860|26,93|3,49|0,41|0,00
2013-10-25 19:09:11,311|0,0|0,0|100,0|995|134|860|26,93|3,49|9,67|1,48
2013-10-25 19:09:16,845|0,0|0,0|100,0|995|134|860|26,93|3,49|5,17|1,48
2013-10-25 19:09:22,412|0,0|0,0|100,0|995|134|860|26,93|3,49|4,82|0,00
2013-10-25 19:09:27,948|0,0|0,0|98,0|995|135|860|26,93|3,49|1,00|0,00
2013-10-25 19:09:33,503|0,0|0,0|100,0|995|135|860|26,93|3,49|2,52|0,00
2013-10-25 19:09:39,053|0,0|0,0|100,0|995|135|860|26,92|3,49|1,38|0,00
2013-10-25 19:09:44,580|0,0|0,0|98,0|995|135|860|26,92|3,49|1,50|0,00
2013-10-25 19:09:50,181|0,0|0,0|100,0|995|135|860|26,92|3,49|1,70|0,00
2013-10-25 19:09:55,707|0,0|0,0|100,0|995|135|860|26,92|3,49|1,35|0,00
2013-10-25 19:10:01,284|0,0|0,0|100,0|995|135|860|26,92|3,49|1,14|0,00
2013-10-25 19:10:06,819|0,0|0,0|100,0|995|135|860|26,92|3,49|1,30|0,00
2013-10-25 19:10:12,321|0,0|0,0|100,0|995|135|860|26,92|3,49|1,71|0,00
2013-10-25 19:10:17,840|0,0|0,0|100,0|995|135|860|26,92|3,49|1,12|0,00
2013-10-25 19:10:23,414|0,0|0,0|100,0|995|135|860|26,92|3,49|0,85|0,00
2013-10-25 19:10:28,953|0,0|0,0|98,0|995|135|860|26,92|3,49|0,59|0,00
2013-10-25 19:10:34,419|1,9|0,0|98,0|995|135|860|26,92|3,49|0,76|0,00
2013-10-25 19:10:39,952|0,0|0,0|100,0|995|135|860|26,92|3,49|0,92|0,00
2013-10-25 19:10:45,507|0,0|0,0|100,0|995|135|860|26,92|3,49|1,78|0,00
2013-10-25 19:10:51,055|0,0|0,0|98,0|995|135|860|26,92|3,49|1,12|0,00
2013-10-25 19:10:56,550|0,0|0,0|100,0|995|135|860|26,92|3,49|1,46|0,00
2013-10-25 19:11:02,080|0,0|0,0|100,0|995|135|860|26,92|3,49|1,85|0,00
2013-10-25 19:11:07,637|0,0|0,0|100,0|995|135|860|26,92|3,49|0,87|0,00
2013-10-25 19:11:13,182|0,0|0,0|100,0|995|135|860|26,92|3,49|1,09|0,00
2013-10-25 19:11:18,708|0,0|0,0|98,0|995|135|860|26,92|3,49|0,94|0,00
2013-10-25 19:11:24,255|0,0|0,0|100,0|995|135|860|26,92|3,49|1,56|0,00
2013-10-25 19:11:29,813|0,0|0,0|100,0|995|135|860|26,92|3,49|0,70|0,00
2013-10-25 19:11:35,313|0,0|0,0|100,0|995|135|860|26,92|3,49|0,94|0,00
2013-10-25 19:11:40,836|0,0|0,0|100,0|995|135|860|26,92|3,49|1,34|0,00
2013-10-25 19:11:46,411|0,0|0,0|100,0|995|135|860|26,92|3,49|4,26|0,00
2013-10-25 19:11:51,947|0,0|0,0|98,0|995|135|860|26,92|3,49|0,68|0,00
2013-10-25 19:11:57,464|0,0|0,0|100,0|995|135|860|26,92|3,49|1,43|0,00
2013-10-25 19:12:03,040|0,0|0,0|100,0|995|135|860|26,92|3,49|1,14|0,00
2013-10-25 19:12:08,580|0,0|0,0|100,0|995|135|860|26,92|3,49|3,75|0,04
2013-10-25 19:12:14,139|0,0|0,0|100,0|995|135|860|26,92|3,49|4,02|0,00
2013-10-25 19:12:19,701|0,0|0,0|98,0|995|135|860|26,92|3,49|0,99|0,05
2013-10-25 19:12:25,216|0,0|0,0|100,0|995|135|860|26,92|3,49|4,44|0,00
2013-10-25 19:12:30,796|0,0|0,0|100,0|995|135|860|26,92|3,49|0,41|0,00
2013-10-25 19:12:36,329|0,0|0,0|100,0|995|135|860|26,92|3,49|1,24|0,00
2013-10-25 19:12:41,888|0,0|0,0|100,0|995|135|860|26,92|3,49|1,47|0,00
2013-10-25 19:12:47,441|0,0|0,0|100,0|995|135|860|26,92|3,49|1,52|0,00
2013-10-25 19:12:52,964|1,9|0,0|96,1|995|135|860|26,92|3,49|0,84|0,00
2013-10-25 19:12:58,540|0,0|0,0|100,0|995|135|859|26,92|3,49|1,23|0,00
2013-10-25 19:13:04,076|0,0|0,0|100,0|995|135|859|26,92|3,49|1,54|0,00
2013-10-25 19:13:09,606|0,0|0,0|100,0|995|135|859|26,92|3,49|1,12|0,00
2013-10-25 19:13:15,172|0,0|0,0|100,0|995|135|859|26,92|3,49|1,38|0,00
2013-10-25 19:13:20,703|0,0|0,0|98,0|995|135|859|26,92|3,49|1,93|0,00
2013-10-25 19:13:26,263|0,0|0,0|100,0|995|135|859|26,92|3,49|0,85|0,00
2013-10-25 19:13:31,812|0,0|1,9|98,0|995|135|859|26,91|3,50|1,11|0,00
2013-10-25 19:13:37,340|0,0|0,0|100,0|995|135|859|26,91|3,50|0,91|0,00
2013-10-25 19:13:42,914|0,0|0,0|100,0|995|135|859|26,91|3,50|0,67|0,00
2013-10-25 19:13:48,452|0,0|0,0|100,0|995|135|859|26,91|3,50|0,83|0,00
2013-10-25 19:13:53,971|0,0|0,0|98,0|995|135|859|26,91|3,50|0,47|0,00
2013-10-25 19:13:59,555|0,0|0,0|100,0|995|135|859|26,91|3,50|1,07|0,00
2013-10-25 19:14:05,052|0,0|2,0|98,0|995|135|859|26,91|3,50|1,48|0,00
2013-10-25 19:14:10,597|0,0|0,0|100,0|995|135|859|26,91|3,50|3,01|0,00
2013-10-25 19:14:16,161|0,0|0,0|100,0|995|135|859|26,91|3,50|2,11|0,00
2013-10-25 19:14:21,765|0,0|0,0|98,0|995|136|859|26,91|3,50|1,60|0,00
2013-10-25 19:14:27,316|0,0|0,0|100,0|995|136|859|26,91|3,50|0,95|0,00
2013-10-25 19:14:32,840|0,0|0,0|97,9|995|136|859|26,91|3,50|3,66|0,00
2013-10-25 19:14:38,399|0,0|0,0|100,0|995|136|859|26,91|3,50|7,76|0,00
2013-10-25 19:14:43,954|0,0|0,0|96,0|995|136|859|26,91|3,50|1,79|0,00
2013-10-25 19:14:49,510|0,0|0,0|100,0|995|136|859|26,91|3,50|1,25|0,00
2013-10-25 19:14:55,064|0,0|0,0|98,0|995|136|859|26,91|3,50|9,94|0,00
2013-10-25 19:15:00,631|0,0|0,0|100,0|995|136|859|26,91|3,50|0,76|0,00
2013-10-25 19:15:06,220|0,0|0,0|100,0|995|136|859|26,91|3,50|0,47|0,00
2013-10-25 19:15:11,796|0,0|0,0|98,0|995|136|859|26,91|3,50|2,32|0,00
2013-10-25 19:15:17,331|0,0|0,0|100,0|995|136|859|26,91|3,50|1,60|0,00
2013-10-25 19:15:22,878|2,0|0,0|98,0|995|136|859|26,91|3,50|2,07|0,00
2013-10-25 19:15:28,464|0,0|0,0|100,0|995|136|859|26,91|3,50|1,07|0,00
2013-10-25 19:15:34,029|0,0|0,0|100,0|995|136|859|26,91|3,50|1,29|0,00
2013-10-25 19:15:39,595|0,0|1,9|94,1|995|136|859|26,91|3,50|1,06|0,00
2013-10-25 19:15:45,180|0,0|0,0|100,0|995|136|859|26,91|3,50|2,49|0,00
2013-10-25 19:15:50,712|0,0|0,0|100,0|995|136|859|26,91|3,50|2,20|0,00
2013-10-25 19:15:56,280|0,0|0,0|100,0|995|136|859|26,91|3,50|0,88|0,00
2013-10-25 19:16:01,848|0,0|0,0|100,0|995|136|859|26,91|3,50|1,20|0,00
2013-10-25 19:16:07,419|0,0|0,0|100,0|995|136|859|26,91|3,50|8,76|0,00
2013-10-25 19:16:12,957|0,0|0,0|98,0|995|136|859|26,91|3,50|1,96|0,00
2013-10-25 19:16:18,540|0,0|0,0|100,0|995|136|859|26,91|3,50|1,48|0,00
2013-10-25 19:16:24,075|0,0|0,0|100,0|995|136|859|26,91|3,50|1,26|0,00
2013-10-25 19:16:29,641|0,0|0,0|98,0|995|136|859|26,91|3,50|0,79|0,00
2013-10-25 19:16:35,194|0,0|0,0|100,0|995|136|859|26,91|3,50|1,89|0,00
2013-10-25 19:16:40,788|0,0|0,0|100,0|995|136|859|26,91|3,50|1,76|0,00
2013-10-25 19:16:46,364|0,0|0,0|100,0|995|136|859|26,91|3,50|1,42|0,00
2013-10-25 19:16:51,937|0,0|0,0|100,0|995|136|859|26,91|3,50|1,47|0,04
2013-10-25 19:16:57,467|0,0|0,0|100,0|995|136|859|26,91|3,50|1,10|0,00
2013-10-25 19:17:03,018|0,0|0,0|100,0|995|136|859|26,91|3,50|1,72|0,00
2013-10-25 19:17:08,569|0,0|0,0|100,0|995|136|859|26,91|3,50|1,68|0,00
2013-10-25 19:17:14,139|0,0|0,0|100,0|995|136|859|26,91|3,50|1,83|0,00
2013-10-25 19:17:19,693|0,0|0,0|100,0|995|136|859|26,91|3,50|0,53|0,00
2013-10-25 19:17:25,280|0,0|0,0|100,0|995|136|859|26,90|3,50|1,28|0,00
2013-10-25 19:17:30,828|0,0|0,0|98,0|995|136|859|26,90|3,50|1,39|0,00
2013-10-25 19:17:36,351|0,0|0,0|100,0|995|136|859|26,90|3,50|1,87|0,00
2013-10-25 19:17:41,932|0,0|0,0|100,0|995|136|859|26,90|3,50|2,20|0,00
2013-10-25 19:17:47,464|2,0|0,0|98,0|995|136|859|26,90|3,50|3,73|0,04
2013-10-25 19:17:53,005|0,0|0,0|100,0|995|136|859|26,90|3,50|0,70|0,00
2013-10-25 19:17:58,567|0,0|0,0|100,0|995|136|859|26,90|3,50|1,38|0,00
2013-10-25 19:18:04,091|0,0|0,0|100,0|995|136|859|26,90|3,50|0,91|0,00
2013-10-25 19:18:09,651|0,0|0,0|98,0|995|136|859|26,90|3,50|1,24|0,00
2013-10-25 19:18:15,191|0,0|0,0|100,0|995|136|859|26,90|3,50|3,80|0,00
2013-10-25 19:18:20,716|0,0|0,0|100,0|995|136|859|26,90|3,50|1,71|0,00
2013-10-25 19:18:26,229|0,0|1,9|98,0|995|136|859|26,90|3,50|0,88|0,00
2013-10-25 19:18:31,800|0,0|0,0|98,0|995|136|859|26,90|3,50|12,78|0,00
2013-10-25 19:18:37,358|0,0|0,0|100,0|995|136|859|26,90|3,50|3,94|0,00
2013-10-25 19:18:42,957|0,0|0,0|100,0|995|136|858|26,90|3,50|17,18|0,04
2013-10-25 19:18:48,480|0,0|0,0|100,0|995|136|858|26,90|3,50|1,92|0,00
2013-10-25 19:18:54,001|0,0|0,0|100,0|995|136|858|26,90|3,50|1,04|0,00
2013-10-25 19:18:59,566|0,0|0,0|100,0|995|136|858|26,90|3,50|1,59|0,00
2013-10-25 19:19:05,095|0,0|0,0|100,0|995|136|858|26,90|3,50|0,97|0,00
2013-10-25 19:19:10,608|0,0|0,0|98,0|995|136|858|26,90|3,50|4,86|0,00
2013-10-25 19:19:16,187|0,0|0,0|100,0|995|136|858|26,90|3,50|2,64|0,00
2013-10-25 19:19:21,721|0,0|0,0|100,0|995|136|858|26,90|3,50|1,57|0,00
2013-10-25 19:19:27,276|0,0|0,0|100,0|995|136|858|26,90|3,50|0,73|0,00
2013-10-25 19:19:32,825|1,9|0,0|94,1|995|136|858|26,90|3,50|0,99|0,00
2013-10-25 19:19:38,356|0,0|0,0|100,0|995|136|858|26,90|3,50|1,99|0,00
2013-10-25 19:19:43,936|0,0|0,0|100,0|995|136|858|26,90|3,50|0,53|0,00
2013-10-25 19:19:49,472|0,0|0,0|100,0|995|136|858|26,90|3,50|1,07|0,00
2013-10-25 19:19:55,027|0,0|0,0|98,0|995|136|858|26,90|3,50|1,33|0,00
2013-10-25 19:20:00,581|0,0|0,0|100,0|995|136|858|26,90|3,50|0,64|0,00
2013-10-25 19:20:06,108|0,0|0,0|100,0|995|136|858|26,90|3,50|1,71|0,00
2013-10-25 19:20:11,683|0,0|0,0|100,0|995|136|858|26,90|3,50|1,51|0,00
2013-10-25 19:20:17,217|0,0|0,0|100,0|995|136|858|26,90|3,50|1,56|0,00
2013-10-25 19:20:22,732|0,0|0,0|100,0|995|136|858|26,90|3,50|1,49|0,00
2013-10-25 19:20:28,315|0,0|0,0|100,0|995|137|858|26,90|3,50|0,97|0,00
2013-10-25 19:20:33,853|0,0|0,0|96,0|995|136|858|26,90|3,50|0,99|0,00
2013-10-25 19:20:39,407|0,0|0,0|100,0|995|137|858|26,90|3,50|1,52|0,00
2013-10-25 19:20:44,951|0,0|0,0|100,0|995|137|858|26,90|3,50|1,38|0,00
2013-10-25 19:20:50,476|0,0|0,0|100,0|995|137|858|26,90|3,50|1,57|0,00
2013-10-25 19:20:56,027|0,0|0,0|100,0|995|137|858|26,90|3,50|1,19|0,00
2013-10-25 19:21:01,581|0,0|0,0|100,0|995|137|858|26,90|3,50|0,72|0,00
2013-10-25 19:21:07,107|0,0|0,0|100,0|995|137|858|26,90|3,50|1,24|0,00
2013-10-25 19:21:12,685|0,0|0,0|100,0|995|137|858|26,90|3,50|1,41|0,00
2013-10-25 19:21:18,221|0,0|0,0|100,0|995|137|858|26,89|3,50|1,54|0,00
2013-10-25 19:21:23,736|0,0|0,0|98,0|995|137|858|26,89|3,50|0,84|0,00
2013-10-25 19:21:29,310|0,0|0,0|100,0|995|137|858|26,89|3,50|13,75|0,00
2013-10-25 19:21:34,848|1,9|0,0|98,0|995|137|858|26,89|3,50|1,79|0,00
2013-10-25 19:21:40,399|0,0|0,0|100,0|995|137|858|26,89|3,50|7,48|0,00
2013-10-25 19:21:45,952|0,0|0,0|100,0|995|137|858|26,89|3,50|0,94|0,00
2013-10-25 19:21:51,481|0,0|1,9|98,0|995|137|858|26,89|3,50|1,89|0,00
2013-10-25 19:21:57,062|0,0|0,0|100,0|995|137|858|26,89|3,50|0,97|0,00
2013-10-25 19:22:02,597|0,0|0,0|100,0|995|137|858|26,89|3,50|1,85|0,00
2013-10-25 19:22:08,112|0,0|0,0|100,0|995|137|858|26,89|3,50|0,79|0,00
2013-10-25 19:22:13,689|0,0|0,0|100,0|995|137|858|26,89|3,50|9,48|0,00
2013-10-25 19:22:19,224|0,0|0,0|100,0|995|137|858|26,89|3,50|9,19|0,00
2013-10-25 19:22:24,740|0,0|0,0|100,0|995|137|858|26,89|3,50|3,75|0,00
2013-10-25 19:22:30,332|0,0|0,0|98,0|995|137|858|26,89|3,50|0,82|0,00
2013-10-25 19:22:35,859|0,0|0,0|100,0|995|137|858|26,89|3,50|0,70|0,00
2013-10-25 19:22:41,457|0,0|0,0|100,0|995|137|858|26,89|3,50|2,75|0,00
2013-10-25 19:22:46,984|0,0|0,0|100,0|995|137|858|26,89|3,50|4,08|0,00
2013-10-25 19:22:52,559|0,0|0,0|100,0|995|137|858|26,89|3,50|3,74|0,04
2013-10-25 19:22:58,096|0,0|0,0|98,0|995|137|858|26,89|3,50|3,36|1,48
2013-10-25 19:23:03,617|0,0|0,0|100,0|995|137|858|26,89|3,50|0,90|0,00
2013-10-25 19:23:09,191|0,0|0,0|100,0|995|137|858|26,89|3,50|1,47|0,00
2013-10-25 19:23:14,728|0,0|0,0|100,0|995|137|858|26,89|3,50|1,21|0,00
2013-10-25 19:23:20,285|0,0|0,0|100,0|995|137|858|26,89|3,50|1,07|0,00
2013-10-25 19:23:25,849|0,0|0,0|100,0|995|137|858|26,89|3,50|0,98|0,00
2013-10-25 19:23:31,364|0,0|0,0|100,0|995|137|858|26,89|3,50|1,01|0,00
2013-10-25 19:23:36,940|0,0|0,0|100,0|995|137|858|26,89|3,50|3,06|0,00
2013-10-25 19:23:42,476|0,0|0,0|100,0|995|137|858|26,89|3,50|1,27|0,00
2013-10-25 19:23:47,995|0,0|0,0|98,0|995|137|858|26,89|3,50|1,55|0,00
2013-10-25 19:23:53,569|0,0|0,0|100,0|995|137|858|26,89|3,50|0,84|0,00
2013-10-25 19:23:59,104|0,0|0,0|100,0|995|137|858|26,89|3,50|6,37|0,00
2013-10-25 19:24:04,660|0,0|0,0|100,0|995|137|858|26,89|3,50|0,88|0,00
2013-10-25 19:24:10,212|0,0|0,0|100,0|995|137|858|26,89|3,50|9,93|0,00
2013-10-25 19:24:15,737|0,0|0,0|98,0|995|137|858|26,89|3,50|2,07|0,00
2013-10-25 19:24:21,317|0,0|0,0|100,0|995|137|858|26,89|3,50|2,07|0,00
2013-10-25 19:24:26,853|0,0|0,0|100,0|995|137|858|26,89|3,50|0,88|0,00
2013-10-25 19:24:32,368|0,0|0,0|100,0|995|137|858|26,89|3,50|1,14|0,00
2013-10-25 19:24:37,941|0,0|0,0|100,0|995|137|858|26,89|3,50|1,61|0,00
2013-10-25 19:24:43,477|0,0|0,0|100,0|995|137|858|26,89|3,50|1,31|0,00
2013-10-25 19:24:49,063|0,0|0,0|98,0|995|137|858|26,89|3,50|2,09|0,00
2013-10-25 19:24:54,605|0,0|0,0|100,0|995|133|861|26,89|3,50|0,99|0,00
2013-10-25 19:25:00,116|0,0|0,0|100,0|995|133|862|26,89|3,50|2,86|0,00
2013-10-25 19:25:05,694|0,0|0,0|100,0|995|133|862|26,89|3,50|0,70|0,00
2013-10-25 19:25:11,228|0,0|0,0|100,0|995|133|862|26,88|3,50|2,28|0,00
2013-10-25 19:25:16,745|0,0|0,0|98,0|995|133|862|26,88|3,50|0,97|0,00
2013-10-25 19:25:22,317|0,0|0,0|100,0|995|133|862|26,88|3,50|1,64|0,00
2013-10-25 19:25:27,856|0,0|0,0|100,0|995|133|862|26,88|3,50|1,23|0,00
2013-10-25 19:25:33,373|0,0|0,0|100,0|995|133|862|26,88|3,50|0,82|0,00
2013-10-25 19:25:38,945|0,0|0,0|100,0|995|133|861|26,88|3,50|1,10|0,00
2013-10-25 19:25:44,480|0,0|0,0|100,0|995|133|861|26,88|3,50|0,64|0,00
2013-10-25 19:25:49,996|0,0|0,0|98,0|995|133|861|26,88|3,50|2,69|0,00
2013-10-25 19:25:55,571|0,0|0,0|100,0|995|133|862|26,88|3,50|9,88|0,00
2013-10-25 19:26:01,107|0,0|0,0|100,0|995|133|861|26,88|3,50|2,63|0,00
2013-10-25 19:26:06,626|0,0|0,0|98,0|995|133|861|26,88|3,50|1,07|0,00
2013-10-25 19:26:12,191|0,0|0,0|100,0|995|133|861|26,88|3,50|3,91|0,04
2013-10-25 19:26:17,729|0,0|0,0|100,0|995|133|861|26,88|3,50|2,69|0,00
2013-10-25 19:26:23,248|0,0|0,0|100,0|995|133|862|26,88|3,50|1,91|0,00
2013-10-25 19:26:28,825|0,0|0,0|100,0|995|133|861|26,88|3,50|1,03|0,00
2013-10-25 19:26:34,360|0,0|0,0|100,0|995|133|861|26,88|3,50|1,14|0,00
2013-10-25 19:26:39,915|0,0|0,0|98,0|995|133|861|26,88|3,50|1,52|0,00
2013-10-25 19:26:45,470|0,0|0,0|100,0|995|133|862|26,88|3,50|1,27|0,00
2013-10-25 19:26:51,052|0,0|0,0|100,0|995|133|861|26,88|3,50|9,67|0,00
2013-10-25 19:26:56,601|0,0|0,0|100,0|995|133|861|26,88|3,50|1,00|0,00
2013-10-25 19:27:02,123|0,0|0,0|100,0|995|133|861|26,88|3,50|4,11|0,00
2013-10-25 19:27:07,700|0,0|0,0|98,0|995|133|861|26,88|3,50|4,89|0,04
2013-10-25 19:27:13,235|0,0|0,0|100,0|995|133|862|26,88|3,50|2,28|0,00
2013-10-25 19:27:18,794|0,0|0,0|100,0|995|133|861|26,88|3,50|1,35|0,00
2013-10-25 19:27:24,349|0,0|0,0|100,0|995|133|861|26,88|3,50|1,48|0,00
2013-10-25 19:27:29,876|0,0|0,0|100,0|995|133|861|26,88|3,50|0,70|0,00
2013-10-25 19:27:35,450|0,0|0,0|100,0|995|133|861|26,88|3,50|0,82|0,00
2013-10-25 19:27:40,984|0,0|0,0|98,0|995|133|861|26,88|3,50|13,90|0,00
2013-10-25 19:27:46,543|0,0|0,0|100,0|995|133|861|26,88|3,50|1,73|0,00
2013-10-25 19:27:52,093|0,0|0,0|100,0|995|133|861|26,88|3,50|3,00|0,00
2013-10-25 19:27:57,620|0,0|0,0|98,0|995|133|861|26,88|3,50|1,38|0,00
2013-10-25 19:28:03,206|0,0|0,0|100,0|995|133|861|26,88|3,50|19,23|0,04
2013-10-25 19:28:08,751|0,0|0,0|100,0|995|133|861|26,88|3,50|2,64|0,00
2013-10-25 19:28:14,327|0,0|0,0|100,0|995|133|861|26,88|3,50|0,93|0,00
2013-10-25 19:28:19,864|0,0|0,0|100,0|995|133|861|26,88|3,50|1,33|0,00
2013-10-25 19:28:25,419|0,0|0,0|98,0|995|133|861|26,88|3,50|1,34|0,00
2013-10-25 19:28:30,969|0,0|0,0|100,0|995|133|861|26,88|3,50|0,91|0,00
2013-10-25 19:28:36,496|0,0|0,0|100,0|995|133|861|26,88|3,50|1,35|0,00
2013-10-25 19:28:42,076|0,0|0,0|98,0|995|133|861|26,88|3,50|0,76|0,00
2013-10-25 19:28:47,613|0,0|0,0|100,0|995|133|861|26,88|3,50|1,76|0,00
2013-10-25 19:28:53,178|0,0|0,0|100,0|995|133|861|26,88|3,50|1,23|0,00
2013-10-25 19:28:58,739|0,0|0,0|100,0|995|134|861|26,88|3,50|1,83|0,00
2013-10-25 19:29:04,304|0,0|0,0|100,0|995|134|861|26,87|3,50|2,78|0,04
2013-10-25 19:29:09,850|0,0|0,0|100,0|995|134|861|26,87|3,50|1,10|0,00
2013-10-25 19:29:15,377|0,0|0,0|100,0|995|133|861|26,87|3,50|1,06|0,00
2013-10-25 19:29:20,948|0,0|0,0|98,0|995|133|861|26,87|3,50|1,81|0,00
2013-10-25 19:29:26,483|0,0|0,0|100,0|995|134|861|26,87|3,50|1,31|0,00
2013-10-25 19:29:32,003|0,0|0,0|100,0|995|133|861|26,87|3,50|1,17|0,00
2013-10-25 19:29:37,581|0,0|0,0|100,0|995|133|861|26,87|3,50|1,68|0,00
2013-10-25 19:29:43,165|0,0|0,0|100,0|995|134|861|26,87|3,50|1,60|0,00
2013-10-25 19:29:48,718|0,0|0,0|98,0|995|134|861|26,87|3,50|3,47|0,00
2013-10-25 19:29:54,311|0,0|0,0|100,0|995|133|861|26,87|3,50|1,34|0,00
2013-10-25 19:29:59,875|0,0|0,0|100,0|995|134|861|26,87|3,50|0,59|0,00
2013-10-25 19:30:05,456|0,0|0,0|100,0|995|134|861|26,87|3,50|0,59|0,00
2013-10-25 19:30:10,992|0,0|0,0|98,0|995|134|861|26,87|3,50|1,42|0,00
2013-10-25 19:30:16,545|0,0|0,0|100,0|995|134|861|26,87|3,50|1,97|0,00
2013-10-25 19:30:22,095|0,0|0,0|100,0|995|134|861|26,87|3,50|1,60|0,00
2013-10-25 19:30:27,687|0,0|0,0|98,0|995|134|861|26,87|3,50|0,83|0,00
2013-10-25 19:30:33,232|0,0|0,0|100,0|995|134|861|26,87|3,50|8,04|0,00
2013-10-25 19:30:38,823|0,0|0,0|100,0|995|134|861|26,87|3,50|3,28|0,00
2013-10-25 19:30:44,405|0,0|0,0|100,0|995|134|861|26,87|3,50|10,09|0,00
2013-10-25 19:30:49,960|0,0|0,0|100,0|995|134|861|26,87|3,50|2,41|0,00
2013-10-25 19:30:55,535|0,0|0,0|100,0|995|134|861|26,87|3,50|8,95|0,00
2013-10-25 19:31:01,091|0,0|0,0|100,0|995|134|861|26,87|3,50|5,82|0,00
2013-10-25 19:31:06,663|0,0|0,0|98,0|995|134|861|26,87|3,50|1,99|0,00
2013-10-25 19:31:12,227|0,0|0,0|100,0|995|134|861|26,87|3,50|1,51|0,00
2013-10-25 19:31:17,729|0,0|0,0|100,0|995|134|861|26,87|3,50|4,02|0,00
2013-10-25 19:31:23,252|0,0|0,0|100,0|995|134|861|26,87|3,50|2,02|0,00
2013-10-25 19:31:28,834|0,0|0,0|100,0|995|134|861|26,87|3,50|1,61|0,00
2013-10-25 19:31:34,438|0,0|0,0|100,0|995|134|861|26,87|3,50|1,84|0,00
2013-10-25 19:31:40,021|0,0|0,0|98,0|995|134|861|26,87|3,50|1,93|0,00
2013-10-25 19:31:45,584|0,0|0,0|100,0|995|134|861|26,87|3,50|0,76|0,00
2013-10-25 19:31:51,118|0,0|0,0|100,0|995|134|861|26,87|3,50|2,68|0,00
2013-10-25 19:31:56,676|0,0|0,0|100,0|995|134|861|26,87|3,50|3,91|0,00
2013-10-25 19:32:02,231|0,0|0,0|100,0|995|134|861|26,87|3,50|2,35|0,00
2013-10-25 19:32:07,818|0,0|0,0|100,0|995|134|861|26,87|3,50|1,76|0,00
2013-10-25 19:32:13,365|0,0|0,0|100,0|995|134|861|26,87|3,50|2,22|0,00
2013-10-25 19:32:18,888|0,0|0,0|98,0|995|134|861|26,87|3,50|2,31|0,00
2013-10-25 19:32:24,466|0,0|0,0|100,0|995|134|861|26,87|3,50|1,10|0,00
2013-10-25 19:32:30,039|0,0|0,0|100,0|995|134|861|26,87|3,50|1,52|0,00
2013-10-25 19:32:35,634|0,0|0,0|100,0|995|134|861|26,87|3,50|2,38|0,00
2013-10-25 19:32:41,232|0,0|0,0|100,0|995|134|861|26,87|3,50|1,27|0,00
2013-10-25 19:32:46,814|0,0|0,0|98,0|995|134|861|26,87|3,50|1,80|0,00
2013-10-25 19:32:52,401|0,0|0,0|100,0|995|134|861|26,87|3,50|2,12|0,00
2013-10-25 19:32:57,970|0,0|0,0|100,0|995|134|861|26,86|3,50|1,48|0,00
2013-10-25 19:33:03,494|0,0|0,0|100,0|995|134|861|26,86|3,50|1,41|0,00
2013-10-25 19:33:09,076|0,0|0,0|100,0|995|134|861|26,86|3,50|1,34|0,00
2013-10-25 19:33:14,657|0,0|0,0|98,0|995|134|861|26,86|3,50|1,82|0,00
2013-10-25 19:33:20,223|0,0|0,0|100,0|995|134|861|26,86|3,50|0,99|0,00
2013-10-25 19:33:25,816|0,0|0,0|100,0|995|134|861|26,86|3,50|1,73|0,00
2013-10-25 19:33:31,360|0,0|0,0|100,0|995|134|861|26,86|3,50|0,70|0,00
2013-10-25 19:33:36,936|0,0|0,0|100,0|995|134|861|26,86|3,50|3,12|0,00
2013-10-25 19:33:42,471|0,0|0,0|100,0|995|134|861|26,86|3,50|2,68|0,00
2013-10-25 19:33:48,035|0,0|0,0|98,0|995|134|861|26,86|3,50|8,89|0,00
2013-10-25 19:33:53,588|0,0|0,0|100,0|995|134|861|26,86|3,50|1,46|0,00
2013-10-25 19:33:59,156|0,0|0,0|100,0|995|134|861|26,86|3,50|1,18|0,00
2013-10-25 19:34:04,708|0,0|0,0|100,0|995|134|861|26,86|3,50|0,91|0,00
2013-10-25 19:34:10,244|0,0|0,0|100,0|995|134|861|26,86|3,50|1,34|0,00
2013-10-25 19:34:15,814|0,0|0,0|100,0|995|134|861|26,86|3,50|0,73|0,00
2013-10-25 19:34:21,347|0,0|0,0|100,0|995|134|861|26,86|3,50|1,12|0,00
2013-10-25 19:34:26,883|0,0|0,0|100,0|995|134|861|26,86|3,50|1,04|0,00
2013-10-25 19:34:32,449|0,0|0,0|100,0|995|134|861|26,86|3,50|0,35|0,00
2013-10-25 19:34:37,980|0,0|0,0|100,0|995|134|861|26,86|3,50|1,60|0,00
2013-10-25 19:34:43,531|0,0|0,0|100,0|995|134|861|26,86|3,50|2,07|0,00
2013-10-25 19:34:49,075|0,0|0,0|98,0|995|134|861|26,86|3,50|0,52|0,00
2013-10-25 19:34:54,617|0,0|0,0|100,0|995|134|861|26,86|3,50|0,70|0,00
2013-10-25 19:35:00,135|0,0|0,0|100,0|995|134|861|26,86|3,50|5,30|0,00
2013-10-25 19:35:05,699|0,0|0,0|98,0|995|134|861|26,86|3,50|8,52|0,00
2013-10-25 19:35:11,244|0,0|0,0|100,0|995|134|861|26,86|3,50|5,75|0,00
2013-10-25 19:35:16,794|0,0|0,0|97,9|995|134|861|26,86|3,50|2,30|0,00
2013-10-25 19:35:22,340|0,0|0,0|100,0|995|134|861|26,86|3,50|2,98|0,00
2013-10-25 19:35:27,876|0,0|0,0|98,0|995|134|861|26,86|3,50|0,94|0,00
2013-10-25 19:35:33,394|0,0|0,0|100,0|995|134|861|26,86|3,50|0,79|0,00
2013-10-25 19:35:38,950|0,0|0,0|100,0|995|134|861|26,86|3,50|1,66|0,00
2013-10-25 19:35:44,527|0,0|0,0|100,0|995|134|861|26,86|3,50|0,89|0,00
2013-10-25 19:35:50,000|0,0|0,0|100,0|995|134|861|26,86|3,50|2,19|0,00
2013-10-25 19:35:55,568|0,0|0,0|100,0|995|134|861|26,86|3,50|0,88|0,00
2013-10-25 19:36:01,116|0,0|0,0|100,0|995|134|861|26,86|3,50|0,64|0,00
2013-10-25 19:36:06,640|0,0|0,0|98,0|995|134|861|26,86|3,50|0,76|0,00
2013-10-25 19:36:12,216|0,0|0,0|100,0|995|134|861|26,86|3,50|3,80|0,00
2013-10-25 19:36:17,785|0,0|0,0|97,9|995|134|861|26,86|3,50|0,73|0,00
2013-10-25 19:36:23,349|0,0|0,0|100,0|995|134|861|26,86|3,50|1,72|0,00
2013-10-25 19:36:28,880|0,0|0,0|98,0|995|134|861|26,86|3,50|0,49|0,00
2013-10-25 19:36:34,396|0,0|0,0|100,0|995|134|861|26,86|3,50|0,47|0,00
2013-10-25 19:36:39,972|0,0|0,0|100,0|995|134|861|26,86|3,50|1,72|0,00
2013-10-25 19:36:45,535|0,0|0,0|100,0|995|134|860|26,86|3,50|3,26|0,00
2013-10-25 19:36:51,087|0,0|0,0|98,0|995|134|860|26,85|3,50|0,73|0,00
2013-10-25 19:36:56,624|0,0|0,0|100,0|995|134|860|26,85|3,50|1,51|0,00
2013-10-25 19:37:02,159|0,0|0,0|100,0|995|134|860|26,85|3,50|1,89|0,00
2013-10-25 19:37:07,693|0,0|0,0|93,8|995|134|860|26,85|3,50|1,11|0,00
2013-10-25 19:37:13,230|0,0|0,0|100,0|995|134|860|26,85|3,50|2,32|0,00
2013-10-25 19:37:18,761|0,0|0,0|100,0|995|134|860|26,85|3,50|1,14|0,00
2013-10-25 19:37:24,292|0,0|0,0|100,0|995|134|860|26,85|3,50|1,10|0,00
2013-10-25 19:37:29,845|0,0|0,0|98,0|995|134|860|26,85|3,50|0,29|0,00
2013-10-25 19:37:35,412|0,0|0,0|100,0|995|134|860|26,85|3,50|0,47|0,00
2013-10-25 19:37:40,962|0,0|0,0|100,0|995|134|860|26,85|3,50|1,00|0,00
2013-10-25 19:37:46,500|0,0|0,0|100,0|995|134|860|26,85|3,50|1,41|0,00
2013-10-25 19:37:52,076|0,0|0,0|100,0|995|134|860|26,85|3,50|0,50|0,00
2013-10-25 19:37:57,623|0,0|0,0|98,0|995|134|860|26,85|3,50|1,00|0,00
2013-10-25 19:38:03,142|0,0|0,0|100,0|995|134|860|26,85|3,50|0,84|0,00
2013-10-25 19:38:08,631|0,0|0,0|100,0|995|134|860|26,85|3,50|2,81|0,00
2013-10-25 19:38:14,198|0,0|0,0|100,0|995|134|860|26,85|3,50|1,94|0,00
2013-10-25 19:38:19,746|0,0|0,0|96,0|995|134|860|26,85|3,50|1,17|0,00
2013-10-25 19:38:25,268|0,0|0,0|100,0|995|134|860|26,85|3,50|0,71|0,00
2013-10-25 19:38:30,844|0,0|0,0|98,0|995|134|860|26,85|3,50|1,07|0,00
2013-10-25 19:38:36,383|0,0|0,0|100,0|995|134|860|26,85|3,50|0,32|0,00
2013-10-25 19:38:41,929|0,0|0,0|100,0|995|134|860|26,85|3,50|0,62|0,00
2013-10-25 19:38:47,436|0,0|0,0|100,0|995|134|860|26,85|3,50|1,51|0,00
2013-10-25 19:38:52,982|0,0|0,0|98,0|995|134|860|26,85|3,50|1,43|0,00
2013-10-25 19:38:58,548|0,0|0,0|100,0|995|134|860|26,85|3,50|0,76|0,00
2013-10-25 19:39:04,110|0,0|0,0|100,0|995|134|860|26,85|3,50|1,08|0,00
2013-10-25 19:39:09,640|0,0|0,0|100,0|995|134|860|26,85|3,50|0,84|0,00
2013-10-25 19:39:15,192|0,0|0,0|100,0|995|134|860|26,85|3,50|0,62|0,00
2013-10-25 19:39:20,744|0,0|0,0|100,0|995|134|860|26,85|3,50|3,37|0,00
2013-10-25 19:39:26,271|0,0|0,0|100,0|995|134|860|26,85|3,50|0,35|0,00
2013-10-25 19:39:31,844|0,0|0,0|100,0|995|134|860|26,85|3,50|1,29|0,00
2013-10-25 19:39:37,383|0,0|0,0|100,0|995|134|860|26,85|3,50|0,89|0,00
2013-10-25 19:39:42,947|0,0|0,0|100,0|995|134|860|26,85|3,50|3,78|0,00
2013-10-25 19:39:48,492|0,0|0,0|100,0|995|134|860|26,85|3,50|0,62|0,00
2013-10-25 19:39:54,020|0,0|0,0|100,0|995|134|860|26,85|3,50|1,43|0,00
2013-10-25 19:39:59,572|0,0|0,0|100,0|995|134|860|26,85|3,50|1,57|0,00
2013-10-25 19:40:05,116|0,0|0,0|100,0|995|134|860|26,85|3,50|1,12|0,00
2013-10-25 19:40:10,644|0,0|0,0|98,0|995|134|860|26,85|3,50|3,91|0,04
2013-10-25 19:40:16,189|0,0|0,0|100,0|995|134|860|26,85|3,50|0,56|0,00
2013-10-25 19:40:21,743|0,0|0,0|100,0|995|134|860|26,85|3,50|1,84|0,00
2013-10-25 19:40:27,272|0,0|0,0|100,0|995|134|860|26,85|3,50|4,26|0,00
2013-10-25 19:40:32,824|0,0|0,0|94,0|995|134|860|26,85|3,50|3,71|0,00
2013-10-25 19:40:38,369|0,0|0,0|100,0|995|134|860|26,85|3,50|2,31|0,00
2013-10-25 19:40:43,892|0,0|0,0|100,0|995|134|860|26,84|3,50|11,67|0,00
2013-10-25 19:40:49,442|0,0|0,0|100,0|995|135|860|26,84|3,50|0,92|0,00
2013-10-25 19:40:54,994|0,0|0,0|100,0|995|135|860|26,84|3,50|9,19|0,00
2013-10-25 19:41:00,520|0,0|0,0|100,0|995|135|860|26,84|3,50|2,25|0,00
2013-10-25 19:41:06,071|0,0|0,0|100,0|995|135|860|26,84|3,50|0,47|0,00
2013-10-25 19:41:11,624|0,0|0,0|98,0|995|135|860|26,84|3,50|6,09|0,00
2013-10-25 19:41:17,177|0,0|0,0|100,0|995|135|860|26,84|3,50|2,47|0,00
2013-10-25 19:41:22,737|0,0|0,0|100,0|995|135|860|26,84|3,50|0,67|0,00
2013-10-25 19:41:28,264|0,0|0,0|100,0|995|135|860|26,84|3,50|0,91|0,00
2013-10-25 19:41:33,782|0,0|0,0|98,0|995|135|860|26,84|3,50|1,00|0,00
2013-10-25 19:41:39,351|0,0|0,0|100,0|995|135|860|26,84|3,50|1,37|0,00
2013-10-25 19:41:44,885|0,0|0,0|100,0|995|135|860|26,84|3,50|0,64|0,00
2013-10-25 19:41:50,398|0,0|0,0|100,0|995|135|860|26,84|3,50|5,07|0,00
2013-10-25 19:41:55,933|0,0|0,0|100,0|995|135|860|26,84|3,50|0,88|0,00
2013-10-25 19:42:01,485|0,0|0,0|100,0|995|135|860|26,84|3,50|0,56|0,00
2013-10-25 19:42:07,012|0,0|0,0|100,0|995|135|860|26,84|3,50|0,81|0,00
2013-10-25 19:42:12,531|0,0|0,0|100,0|995|135|860|26,84|3,50|2,06|0,00
2013-10-25 19:42:18,093|0,0|0,0|98,0|995|135|860|26,84|3,50|1,50|0,00
2013-10-25 19:42:23,628|0,0|0,0|100,0|995|135|860|26,84|3,50|2,24|0,00
2013-10-25 19:42:29,210|0,0|0,0|100,0|995|135|860|26,84|3,50|0,59|0,00
2013-10-25 19:42:34,745|0,0|0,0|98,0|995|135|860|26,84|3,50|0,53|0,00
2013-10-25 19:42:40,327|0,0|0,0|100,0|995|135|860|26,84|3,50|1,03|0,00
2013-10-25 19:42:45,876|0,0|0,0|100,0|995|135|860|26,84|3,50|2,11|0,00
2013-10-25 19:42:51,395|0,0|0,0|100,0|995|135|860|26,84|3,50|1,12|0,00
2013-10-25 19:42:56,960|0,0|0,0|100,0|995|135|860|26,84|3,50|6,94|0,00
2013-10-25 19:43:02,494|0,0|0,0|100,0|995|135|860|26,84|3,50|0,35|0,00
2013-10-25 19:43:08,079|0,0|0,0|100,0|995|135|860|26,84|3,50|1,02|0,00
2013-10-25 19:43:13,625|0,0|0,0|98,0|995|135|860|26,84|3,50|4,20|0,00
2013-10-25 19:43:19,151|0,0|0,0|100,0|995|135|860|26,84|3,50|0,64|0,00
2013-10-25 19:43:24,691|0,0|0,0|100,0|995|135|860|26,84|3,50|5,60|0,00
2013-10-25 19:43:30,268|0,0|0,0|100,0|995|135|860|26,84|3,50|0,44|0,00
2013-10-25 19:43:35,779|0,0|0,0|98,0|995|135|860|26,84|3,50|7,00|0,00
2013-10-25 19:43:41,270|0,0|0,0|100,0|995|135|860|26,84|3,50|4,36|0,00
2013-10-25 19:43:46,851|0,0|0,0|100,0|995|135|860|26,84|3,50|1,14|0,00
2013-10-25 19:43:52,390|0,0|0,0|100,0|995|135|860|26,84|3,50|5,12|0,00
2013-10-25 19:43:57,937|0,0|0,0|100,0|995|135|860|26,84|3,50|3,01|0,00
2013-10-25 19:44:03,496|0,0|0,0|100,0|995|135|860|26,84|3,50|2,07|0,00
2013-10-25 19:44:09,026|0,0|0,0|100,0|995|135|860|26,84|3,50|1,04|0,00
2013-10-25 19:44:14,543|0,0|0,0|100,0|995|135|860|26,84|3,50|2,35|0,00
2013-10-25 19:44:20,107|0,0|0,0|98,0|995|135|860|26,84|3,50|0,82|0,00
2013-10-25 19:44:25,676|0,0|0,0|100,0|995|135|860|26,84|3,50|0,43|0,00
2013-10-25 19:44:31,231|0,0|0,0|100,0|995|135|860|26,84|3,50|0,59|0,00
2013-10-25 19:44:36,760|0,0|0,0|98,0|995|135|860|26,84|3,50|0,29|0,00
2013-10-25 19:44:42,343|0,0|0,0|100,0|995|135|860|26,83|3,50|0,29|0,00
2013-10-25 19:44:47,883|0,0|0,0|100,0|995|135|860|26,83|3,50|1,85|0,00
2013-10-25 19:44:53,407|0,0|0,0|100,0|995|135|860|26,83|3,50|0,56|0,00
2013-10-25 19:44:58,951|0,0|0,0|100,0|995|135|860|26,83|3,50|0,72|0,00
2013-10-25 19:45:04,491|0,0|0,0|100,0|995|135|860|26,83|3,50|15,92|0,00
2013-10-25 19:45:10,023|0,0|0,0|100,0|995|135|860|26,83|3,50|1,55|0,00
2013-10-25 19:45:15,535|0,0|0,0|100,0|995|135|860|26,83|3,50|0,47|0,00
2013-10-25 19:45:21,099|0,0|0,0|100,0|995|135|860|26,83|3,50|1,12|0,00
2013-10-25 19:45:26,640|0,0|0,0|100,0|995|135|860|26,83|3,50|0,40|0,00
2013-10-25 19:45:32,211|0,0|0,0|100,0|995|135|860|26,83|3,50|1,22|0,00
2013-10-25 19:45:37,755|0,0|0,0|98,0|995|135|860|26,83|3,50|1,59|0,00
2013-10-25 19:45:43,279|0,0|0,0|100,0|995|135|860|26,83|3,50|2,24|0,00
2013-10-25 19:45:48,819|0,0|0,0|100,0|995|135|860|26,83|3,50|2,03|0,00
2013-10-25 19:45:54,369|0,0|0,0|100,0|995|135|860|26,83|3,50|0,72|0,00
2013-10-25 19:45:59,906|0,0|0,0|98,0|995|135|860|26,83|3,50|0,71|0,00
2013-10-25 19:46:05,454|0,0|0,0|100,0|995|135|860|26,83|3,50|0,59|0,00
2013-10-25 19:46:10,933|0,0|0,0|100,0|995|135|860|26,83|3,50|12,02|0,00
2013-10-25 19:46:16,498|0,0|0,0|100,0|995|135|860|26,83|3,51|0,62|0,00
2013-10-25 19:46:22,028|0,0|0,0|98,0|995|135|860|26,83|3,51|0,47|0,00
2013-10-25 19:46:27,538|0,0|0,0|100,0|995|135|860|26,83|3,51|7,42|0,00
2013-10-25 19:46:33,106|0,0|0,0|100,0|995|135|860|26,83|3,51|1,64|0,00
2013-10-25 19:46:38,641|0,0|0,0|100,0|995|135|860|26,83|3,51|0,61|0,00
2013-10-25 19:46:44,215|0,0|0,0|100,0|995|135|860|26,83|3,51|2,35|0,00
2013-10-25 19:46:49,759|0,0|0,0|98,0|995|135|860|26,83|3,51|0,23|0,00
2013-10-25 19:46:55,276|0,0|0,0|100,0|995|135|860|26,83|3,51|2,18|0,00
2013-10-25 19:47:00,854|0,0|0,0|98,0|995|135|860|26,83|3,51|0,63|0,00
2013-10-25 19:47:06,388|0,0|0,0|100,0|995|135|860|26,83|3,51|0,53|0,00
2013-10-25 19:47:11,964|0,0|0,0|100,0|995|135|860|26,83|3,51|7,94|0,00
2013-10-25 19:47:17,505|0,0|0,0|100,0|995|135|860|26,83|3,51|1,62|0,00
2013-10-25 19:47:23,030|0,0|0,0|100,0|995|135|860|26,83|3,51|2,22|0,00
2013-10-25 19:47:28,568|0,0|0,0|100,0|995|135|860|26,83|3,51|1,70|0,00
2013-10-25 19:47:34,115|0,0|0,0|100,0|995|135|860|26,83|3,51|1,22|0,00
2013-10-25 19:47:39,645|0,0|0,0|98,0|995|135|859|26,83|3,51|0,72|0,00
2013-10-25 19:47:45,221|0,0|0,0|100,0|995|135|859|26,83|3,51|2,07|0,00
2013-10-25 19:47:50,755|0,0|0,0|98,0|995|135|860|26,83|3,51|0,65|0,00
2013-10-25 19:47:56,283|0,0|0,0|100,0|995|135|859|26,83|3,51|12,32|0,00
2013-10-25 19:48:01,821|0,0|0,0|96,0|995|135|860|26,83|3,51|0,47|0,00
2013-10-25 19:48:07,367|0,0|0,0|100,0|995|135|860|26,83|3,51|0,70|0,00
2013-10-25 19:48:13,115|0,0|0,0|100,0|995|135|859|26,83|3,51|1,40|0,00
2013-10-25 19:48:18,653|0,0|0,0|100,0|995|135|859|26,83|3,51|2,52|0,00
2013-10-25 19:48:24,169|0,0|0,0|100,0|995|135|860|26,83|3,51|7,57|0,00
2013-10-25 19:48:29,742|0,0|0,0|98,0|995|135|859|26,83|3,51|1,05|0,00
2013-10-25 19:48:35,276|0,0|0,0|100,0|995|135|859|26,82|3,51|1,01|0,00
2013-10-25 19:48:40,797|0,0|0,0|100,0|995|135|859|26,82|3,51|1,21|0,00
2013-10-25 19:48:46,370|0,0|0,0|100,0|995|135|859|26,82|3,51|3,30|0,00
2013-10-25 19:48:51,903|0,0|0,0|100,0|995|135|859|26,82|3,51|0,51|0,00
2013-10-25 19:48:57,467|0,0|0,0|100,0|995|135|859|26,82|3,51|0,65|0,00
2013-10-25 19:49:03,016|0,0|0,0|98,0|995|135|859|26,82|3,51|13,96|0,00
2013-10-25 19:49:08,543|0,0|0,0|100,0|995|135|859|26,82|3,51|1,15|0,00
2013-10-25 19:49:14,120|0,0|0,0|100,0|995|135|859|26,82|3,51|1,46|0,00
2013-10-25 19:49:19,655|0,0|0,0|100,0|995|135|859|26,82|3,51|1,91|0,00
2013-10-25 19:49:25,172|0,0|0,0|100,0|995|135|859|26,82|3,51|1,58|0,00
2013-10-25 19:49:30,758|0,0|0,0|100,0|995|135|859|26,82|3,51|0,35|0,00
2013-10-25 19:49:36,285|0,0|0,0|100,0|995|135|859|26,82|3,51|0,74|0,00
2013-10-25 19:49:41,844|0,0|0,0|98,0|995|135|859|26,82|3,51|0,29|0,00
2013-10-25 19:49:47,390|0,0|0,0|100,0|995|135|859|26,82|3,51|0,36|0,00
2013-10-25 19:49:52,916|0,0|0,0|100,0|995|135|859|26,82|3,51|0,38|0,00
2013-10-25 19:49:58,466|0,0|0,0|100,0|995|135|859|26,82|3,51|1,28|0,00
2013-10-25 19:50:04,013|0,0|0,0|98,0|995|135|859|26,82|3,51|0,29|0,00
2013-10-25 19:50:09,541|0,0|0,0|100,0|995|135|859|26,82|3,51|1,10|0,00
2013-10-25 19:50:15,092|0,0|0,0|100,0|995|135|859|26,82|3,51|1,22|0,00
2013-10-25 19:50:20,644|0,0|0,0|98,0|995|135|859|26,82|3,51|1,78|0,00
2013-10-25 19:50:26,168|0,0|0,0|100,0|995|135|859|26,82|3,51|1,10|0,00
2013-10-25 19:50:31,721|0,0|0,0|98,0|995|135|859|26,82|3,51|1,77|0,00
2013-10-25 19:50:37,273|0,0|0,0|100,0|995|135|859|26,82|3,51|0,73|0,00
2013-10-25 19:50:42,793|0,0|0,0|100,0|995|135|859|26,82|3,51|1,43|0,00
2013-10-25 19:50:48,347|0,0|0,0|100,0|995|135|859|26,82|3,51|1,13|0,00
2013-10-25 19:50:53,894|0,0|0,0|100,0|995|135|859|26,82|3,51|0,18|0,00
2013-10-25 19:50:59,421|0,0|0,0|100,0|995|135|859|26,82|3,51|0,81|0,00
2013-10-25 19:51:04,964|0,0|0,0|100,0|995|135|859|26,82|3,51|0,94|0,00
2013-10-25 19:51:10,517|0,0|0,0|100,0|995|135|859|26,82|3,51|1,69|0,00
2013-10-25 19:51:16,044|0,0|0,0|98,0|995|135|859|26,82|3,51|0,36|0,00
2013-10-25 19:51:21,591|0,0|0,0|100,0|995|135|859|26,82|3,51|3,94|0,00
2013-10-25 19:51:27,144|0,0|0,0|100,0|995|135|859|26,82|3,51|0,88|0,00
2013-10-25 19:51:32,668|0,0|0,0|100,0|995|135|859|26,82|3,51|10,28|0,00
2013-10-25 19:51:38,176|0,0|0,0|100,0|995|136|859|26,82|3,51|2,10|0,00
2013-10-25 19:51:43,741|0,0|0,0|98,0|995|136|859|26,82|3,51|1,43|0,00
2013-10-25 19:51:49,275|0,0|0,0|100,0|995|136|859|26,82|3,51|1,03|0,00
2013-10-25 19:51:54,788|0,0|0,0|100,0|995|136|859|26,82|3,51|2,08|0,00
2013-10-25 19:52:00,295|0,0|0,0|100,0|995|136|859|26,82|3,51|1,20|0,00
2013-10-25 19:52:05,816|0,0|0,0|98,0|995|136|859|26,82|3,51|0,68|0,00
2013-10-25 19:52:11,388|0,0|0,0|100,0|995|136|859|26,82|3,51|0,81|0,00
2013-10-25 19:52:16,917|0,0|0,0|100,0|995|136|859|26,82|3,51|13,80|0,00
2013-10-25 19:52:22,472|0,0|0,0|100,0|995|136|859|26,82|3,51|1,72|0,00
2013-10-25 19:52:28,028|0,0|0,0|100,0|995|136|859|26,81|3,51|1,93|0,00
2013-10-25 19:52:33,576|0,0|0,0|100,0|995|136|859|26,81|3,51|0,52|0,00
2013-10-25 19:52:39,138|0,0|0,0|100,0|995|136|859|26,81|3,51|0,82|0,00
2013-10-25 19:52:44,653|0,0|0,0|98,0|995|136|859|26,81|3,51|2,68|0,00
2013-10-25 19:52:50,239|0,0|0,0|100,0|995|136|859|26,81|3,51|0,83|0,00
2013-10-25 19:52:55,816|0,0|0,0|100,0|995|136|859|26,81|3,51|1,96|0,00
2013-10-25 19:53:01,376|0,0|0,0|100,0|995|136|859|26,81|3,51|0,23|0,00
2013-10-25 19:53:06,915|0,0|0,0|100,0|995|136|859|26,81|3,51|0,23|0,00
2013-10-25 19:53:12,430|0,0|0,0|100,0|995|136|859|26,81|3,51|0,32|0,00
2013-10-25 19:53:17,992|0,0|0,0|98,0|995|136|859|26,81|3,51|0,88|0,00
2013-10-25 19:53:23,531|0,0|0,0|100,0|995|136|859|26,81|3,51|1,51|0,00
2013-10-25 19:53:29,100|0,0|0,0|100,0|995|136|859|26,81|3,51|0,41|0,00
2013-10-25 19:53:34,637|0,0|0,0|95,9|995|136|859|26,81|3,51|2,16|0,00
2013-10-25 19:53:40,203|0,0|0,0|100,0|995|136|859|26,81|3,51|0,89|0,00
2013-10-25 19:53:45,752|0,0|0,0|100,0|995|136|859|26,81|3,51|1,14|0,00
2013-10-25 19:53:51,287|0,0|0,0|100,0|995|136|859|26,81|3,51|0,71|0,00
2013-10-25 19:53:56,805|0,0|0,0|98,0|995|136|859|26,81|3,51|1,17|0,00
2013-10-25 19:54:02,309|0,0|0,0|100,0|995|136|859|26,81|3,51|0,59|0,00
2013-10-25 19:54:07,884|0,0|0,0|100,0|995|136|859|26,81|3,51|0,44|0,00
2013-10-25 19:54:13,420|0,0|0,0|100,0|995|136|859|26,81|3,51|1,25|0,00
2013-10-25 19:54:19,003|0,0|0,0|98,0|995|136|859|26,81|3,51|1,39|0,00
2013-10-25 19:54:24,543|0,0|0,0|100,0|995|136|859|26,81|3,51|4,88|0,00
2013-10-25 19:54:30,100|0,0|0,0|100,0|995|136|859|26,81|3,51|0,35|0,00
2013-10-25 19:54:35,652|0,0|0,0|100,0|995|136|859|26,81|3,51|0,35|0,00
2013-10-25 19:54:41,214|0,0|0,0|100,0|995|136|859|26,81|3,51|1,15|0,00
2013-10-25 19:54:46,771|0,0|0,0|100,0|995|136|859|26,81|3,51|0,99|0,00
2013-10-25 19:54:52,300|0,0|0,0|100,0|995|136|859|26,81|3,51|2,40|0,00
2013-10-25 19:54:57,860|0,0|0,0|100,0|995|136|859|26,81|3,51|3,28|0,00
2013-10-25 19:55:03,403|0,0|0,0|100,0|995|136|859|26,81|3,51|0,61|0,00
2013-10-25 19:55:08,927|0,0|0,0|100,0|995|136|859|26,81|3,51|0,62|0,00
2013-10-25 19:55:14,479|0,0|0,0|100,0|995|136|859|26,81|3,51|3,95|0,00
2013-10-25 19:55:20,039|0,0|0,0|96,0|995|136|859|26,81|3,51|1,98|0,00
2013-10-25 19:55:25,560|0,0|0,0|100,0|995|136|859|26,81|3,51|9,48|0,00
2013-10-25 19:55:31,148|0,0|0,0|100,0|995|136|859|26,81|3,51|0,81|0,00
2013-10-25 19:55:36,681|0,0|0,0|98,0|995|136|859|26,81|3,51|0,89|0,00
2013-10-25 19:55:42,257|0,0|0,0|100,0|995|136|859|26,81|3,51|0,23|0,00
2013-10-25 19:55:47,793|0,0|0,0|100,0|995|136|859|26,81|3,51|8,36|0,00
2013-10-25 19:55:53,273|0,0|0,0|100,0|995|136|859|26,81|3,51|1,05|0,00
2013-10-25 19:55:58,805|0,0|0,0|100,0|995|136|859|26,81|3,51|1,01|0,00
2013-10-25 19:56:04,359|0,0|0,0|100,0|995|136|859|26,81|3,51|0,23|0,00
2013-10-25 19:56:09,909|0,0|0,0|100,0|995|136|859|26,81|3,51|0,38|0,00
2013-10-25 19:56:15,433|0,0|0,0|100,0|995|136|859|26,81|3,51|2,14|0,00
2013-10-25 19:56:21,012|0,0|0,0|100,0|995|136|859|26,80|3,51|1,42|0,00
2013-10-25 19:56:26,544|0,0|0,0|100,0|995|136|859|26,80|3,51|3,47|0,00
2013-10-25 19:56:32,060|0,0|0,0|100,0|995|136|859|26,80|3,51|0,73|0,00
2013-10-25 19:56:37,627|0,0|0,0|100,0|995|136|859|26,80|3,51|0,27|0,00
2013-10-25 19:56:43,167|0,0|0,0|100,0|995|136|859|26,80|3,51|1,01|0,00
2013-10-25 19:56:48,730|0,0|0,0|100,0|995|136|859|26,80|3,51|1,54|0,00
2013-10-25 19:56:54,282|0,0|0,0|100,0|995|136|859|26,80|3,51|0,00|0,00
2013-10-25 19:56:59,809|0,0|0,0|100,0|995|136|859|26,80|3,51|0,62|0,00
2013-10-25 19:57:05,385|0,0|0,0|100,0|995|136|859|26,80|3,51|0,44|0,00
2013-10-25 19:57:10,920|0,0|0,0|98,0|995|136|859|26,80|3,51|1,61|0,00
2013-10-25 19:57:16,440|0,0|0,0|100,0|995|136|859|26,80|3,51|1,61|0,00
2013-10-25 19:57:22,011|0,0|0,0|100,0|995|136|859|26,80|3,51|1,14|0,00
2013-10-25 19:57:27,549|0,0|0,0|100,0|995|136|859|26,80|3,51|0,47|0,00
2013-10-25 19:57:33,109|0,0|0,0|100,0|995|136|859|26,80|3,51|1,48|0,00
2013-10-25 19:57:38,682|0,0|0,0|98,0|995|136|859|26,80|3,51|1,49|0,00
2013-10-25 19:57:44,235|0,0|0,0|100,0|995|136|859|26,80|3,51|0,57|0,00
2013-10-25 19:57:49,783|0,0|0,0|100,0|995|136|859|26,80|3,51|1,39|0,00
2013-10-25 19:57:55,361|0,0|0,0|100,0|995|136|859|26,80|3,51|0,42|0,00
2013-10-25 19:58:00,940|0,0|0,0|98,0|995|136|859|26,80|3,51|0,90|0,00
2013-10-25 19:58:06,513|0,0|0,0|100,0|995|136|859|26,80|3,51|2,87|0,00
2013-10-25 19:58:12,053|0,0|0,0|100,0|995|136|859|26,80|3,51|3,03|0,04
2013-10-25 19:58:17,567|0,0|0,0|100,0|995|136|859|26,80|3,51|0,27|0,00
2013-10-25 19:58:23,140|0,0|0,0|100,0|995|136|859|26,80|3,51|0,38|0,00
2013-10-25 19:58:28,681|0,0|0,0|100,0|995|136|859|26,80|3,51|1,93|0,00
2013-10-25 19:58:34,191|0,0|0,0|100,0|995|136|859|26,80|3,51|0,29|0,00
2013-10-25 19:58:39,801|0,0|0,0|98,0|995|136|859|26,80|3,51|0,53|0,00
2013-10-25 19:58:45,359|0,0|0,0|100,0|995|136|859|26,80|3,51|2,49|0,00
2013-10-25 19:58:50,906|0,0|0,0|100,0|995|136|859|26,80|3,51|1,12|0,00
2013-10-25 19:58:56,503|0,0|0,0|100,0|995|136|859|26,80|3,51|5,49|0,00
2013-10-25 19:59:02,048|0,0|0,0|100,0|995|136|859|26,80|3,51|0,70|0,00
2013-10-25 19:59:07,568|0,0|0,0|100,0|995|136|859|26,80|3,51|2,37|0,00
2013-10-25 19:59:13,147|0,0|0,0|100,0|995|136|859|26,80|3,51|1,07|0,00
2013-10-25 19:59:18,719|0,0|0,0|98,0|995|136|859|26,80|3,51|1,51|0,00
2013-10-25 19:59:24,278|0,0|0,0|100,0|995|136|859|26,80|3,51|0,30|0,00
2013-10-25 19:59:29,875|0,0|0,0|100,0|995|136|859|26,80|3,51|0,18|0,00
2013-10-25 19:59:35,416|0,0|0,0|100,0|995|136|859|26,80|3,51|8,63|0,00
2013-10-25 19:59:40,977|0,0|0,0|98,0|995|136|859|26,80|3,51|0,84|0,00
2013-10-25 19:59:46,535|0,0|0,0|100,0|995|136|859|26,80|3,51|0,49|0,00
2013-10-25 19:59:52,052|0,0|0,0|100,0|995|136|858|26,80|3,51|0,53|0,00
2013-10-25 19:59:57,637|0,0|0,0|100,0|995|136|858|26,80|3,51|4,33|0,00
2013-10-25 20:00:03,210|0,0|0,0|100,0|995|136|858|26,80|3,51|0,80|0,00
2013-10-25 20:00:08,767|0,0|0,0|98,0|995|136|858|26,80|3,51|0,56|0,00
2013-10-25 20:00:14,338|0,0|0,0|100,0|995|136|858|26,80|3,51|0,82|0,00
2013-10-25 20:00:19,901|0,0|0,0|100,0|995|136|858|26,79|3,51|0,71|0,00
2013-10-25 20:00:25,432|0,0|0,0|100,0|995|136|858|26,79|3,51|0,30|0,00
2013-10-25 20:00:30,971|0,0|0,0|98,0|995|136|858|26,79|3,51|0,48|0,00
2013-10-25 20:00:36,531|0,0|0,0|100,0|995|136|858|26,79|3,51|0,75|0,00
2013-10-25 20:00:42,091|0,0|0,0|100,0|995|136|858|26,79|3,51|1,14|0,00
2013-10-25 20:00:47,604|0,0|0,0|100,0|995|136|858|26,79|3,51|0,41|0,00
2013-10-25 20:00:53,163|0,0|0,0|100,0|995|136|858|26,79|3,51|0,77|0,00
2013-10-25 20:00:58,751|0,0|0,0|100,0|995|136|858|26,79|3,51|2,00|0,00
2013-10-25 20:01:04,288|0,0|0,0|100,0|995|136|858|26,79|3,51|0,85|0,00
2013-10-25 20:01:09,811|0,0|0,0|98,0|995|136|858|26,79|3,51|0,85|0,00
2013-10-25 20:01:15,375|0,0|0,0|100,0|995|136|858|26,79|3,51|0,30|0,00
2013-10-25 20:01:20,915|0,0|0,0|100,0|995|136|858|26,79|3,51|1,45|0,00
2013-10-25 20:01:26,432|0,0|0,0|100,0|995|136|858|26,79|3,51|0,18|0,00
2013-10-25 20:01:31,967|0,0|0,0|98,0|995|136|858|26,79|3,51|0,68|0,00
2013-10-25 20:01:37,524|0,0|0,0|100,0|995|136|858|26,79|3,51|0,29|0,00
2013-10-25 20:01:43,060|0,0|0,0|100,0|995|136|858|26,79|3,51|0,71|0,00
2013-10-25 20:01:48,601|0,0|0,0|100,0|995|136|858|26,79|3,51|0,99|0,00
2013-10-25 20:01:54,153|0,0|0,0|100,0|995|136|858|26,79|3,51|0,95|0,00
2013-10-25 20:01:59,573|0,0|0,0|100,0|995|136|858|26,79|3,51|3,38|0,00
2013-10-25 20:02:05,066|0,0|0,0|100,0|995|136|858|26,79|3,51|0,91|0,00
2013-10-25 20:02:10,624|0,0|0,0|98,0|995|136|858|26,79|3,51|0,27|0,00
2013-10-25 20:02:16,171|0,0|0,0|100,0|995|136|858|26,79|3,51|2,12|0,00
2013-10-25 20:02:21,696|0,0|0,0|100,0|995|136|858|26,79|3,51|0,41|0,00
2013-10-25 20:02:27,274|0,0|0,0|100,0|995|136|858|26,79|3,51|0,42|0,00
2013-10-25 20:02:32,842|0,0|0,0|98,0|995|137|858|26,79|3,51|0,99|0,00
2013-10-25 20:02:38,385|0,0|0,0|100,0|995|137|858|26,79|3,51|0,18|0,00
2013-10-25 20:02:43,881|0,0|0,0|100,0|995|137|858|26,79|3,51|0,86|0,00
2013-10-25 20:02:49,411|0,0|0,0|100,0|995|137|858|26,79|3,51|10,15|0,00
2013-10-25 20:02:54,998|0,0|0,0|100,0|995|137|858|26,79|3,51|0,29|0,00
2013-10-25 20:03:00,541|0,0|0,0|100,0|995|137|858|26,79|3,51|2,51|0,00
2013-10-25 20:03:06,066|0,0|0,0|100,0|995|137|858|26,79|3,51|0,44|0,00
2013-10-25 20:03:11,631|0,0|0,0|98,0|995|137|858|26,79|3,51|1,12|0,00
2013-10-25 20:03:17,170|0,0|0,0|100,0|995|137|858|26,79|3,51|0,38|0,00
2013-10-25 20:03:22,688|0,0|0,0|100,0|995|137|858|26,79|3,51|0,84|0,00
2013-10-25 20:03:28,266|0,0|0,0|100,0|995|137|858|26,79|3,51|2,32|0,00
2013-10-25 20:03:33,797|0,0|0,0|98,0|995|137|858|26,79|3,51|1,69|0,00
2013-10-25 20:03:39,314|0,0|0,0|100,0|995|137|858|26,79|3,51|0,23|0,00
2013-10-25 20:03:44,823|0,0|0,0|100,0|995|137|858|26,79|3,51|0,75|0,00
2013-10-25 20:03:50,354|0,0|0,0|100,0|995|137|858|26,79|3,51|2,23|0,00
2013-10-25 20:03:55,823|0,0|0,0|100,0|995|137|858|26,79|3,51|0,44|0,00
2013-10-25 20:04:01,392|0,0|0,0|100,0|995|137|858|26,79|3,51|0,18|0,00
2013-10-25 20:04:06,939|0,0|0,0|98,0|995|137|858|26,79|3,51|9,20|0,00
2013-10-25 20:04:12,507|0,0|0,0|100,0|995|137|858|26,78|3,51|2,11|0,00
2013-10-25 20:04:18,047|0,0|0,0|100,0|995|137|858|26,78|3,51|0,70|0,00
2013-10-25 20:04:23,571|0,0|0,0|100,0|995|137|858|26,78|3,51|1,26|0,00
2013-10-25 20:04:29,075|0,0|0,0|98,0|995|137|858|26,78|3,51|3,58|0,00
2013-10-25 20:04:34,619|0,0|0,0|100,0|995|137|858|26,78|3,51|0,18|0,00
2013-10-25 20:04:40,174|0,0|0,0|100,0|995|137|858|26,78|3,51|0,41|0,00
2013-10-25 20:04:45,668|0,0|0,0|100,0|995|137|858|26,78|3,51|0,53|0,00
2013-10-25 20:04:51,200|0,0|0,0|100,0|995|137|858|26,78|3,51|3,24|0,00
2013-10-25 20:04:56,755|0,0|0,0|100,0|995|137|858|26,78|3,51|4,98|0,00
2013-10-25 20:05:02,304|0,0|0,0|100,0|995|137|858|26,78|3,51|0,23|0,00
2013-10-25 20:05:07,824|0,0|0,0|98,0|995|137|858|26,78|3,51|0,98|0,00
2013-10-25 20:05:13,380|0,0|0,0|100,0|995|137|858|26,78|3,51|0,62|0,00
2013-10-25 20:05:18,963|0,0|0,0|100,0|995|137|858|26,78|3,51|1,28|0,00
2013-10-25 20:05:24,535|0,0|0,0|100,0|995|137|858|26,78|3,51|0,83|0,00
2013-10-25 20:05:30,068|0,0|0,0|98,0|995|137|858|26,78|3,51|0,67|0,00
2013-10-25 20:05:35,651|0,0|0,0|100,0|995|137|858|26,78|3,51|1,25|0,00
2013-10-25 20:05:41,176|0,0|0,0|100,0|995|137|858|26,78|3,51|2,19|0,00
2013-10-25 20:05:46,704|0,0|0,0|100,0|995|137|858|26,78|3,51|2,87|0,04
