2013-10-25 18:26:14,808|0,0|0,0|100,0|995|762|233|10,63|1,96|1,18|0,00
2013-10-25 18:26:20,242|0,0|0,0|100,0|995|762|233|10,63|1,96|0,35|0,00
2013-10-25 18:26:25,673|0,0|0,0|100,0|995|760|234|10,63|1,96|0,47|0,00
2013-10-25 18:26:31,112|0,0|0,0|100,0|995|760|234|10,63|1,96|0,72|0,00
2013-10-25 18:26:36,541|0,0|0,0|100,0|995|760|234|10,63|1,96|0,43|0,00
2013-10-25 18:26:41,999|0,0|0,0|100,0|995|760|234|10,63|1,96|1,38|0,00
2013-10-25 18:26:47,435|0,0|0,0|100,0|995|760|234|10,63|1,96|0,77|0,00
2013-10-25 18:26:52,873|0,0|0,0|100,0|995|760|234|10,63|1,96|0,36|0,00
2013-10-25 18:26:58,310|0,0|0,0|100,0|995|760|234|10,63|1,96|1,24|0,00
2013-10-25 18:27:03,754|0,0|1,9|98,0|995|760|234|10,63|1,96|1,03|0,00
2013-10-25 18:27:09,190|0,0|0,0|100,0|995|760|234|10,63|1,96|0,23|0,00
2013-10-25 18:27:14,619|0,0|0,0|100,0|995|760|234|10,63|1,96|4,21|0,00
2013-10-25 18:27:20,057|0,0|0,0|100,0|995|760|234|10,63|1,96|0,81|0,00
2013-10-25 18:27:25,489|0,0|0,0|100,0|995|760|234|10,63|1,96|1,66|0,00
2013-10-25 18:27:30,928|0,0|0,0|100,0|995|760|234|10,63|1,96|0,44|0,00
2013-10-25 18:27:36,358|0,0|0,0|100,0|995|760|234|10,63|1,96|0,47|0,00
2013-10-25 18:27:41,793|0,0|0,0|100,0|995|760|234|10,63|1,96|7,01|0,00
2013-10-25 18:27:47,257|0,0|0,0|100,0|995|760|234|10,63|1,96|3,07|0,04
2013-10-25 18:27:52,696|0,0|0,0|100,0|995|760|234|10,63|1,96|0,65|0,00
2013-10-25 18:27:58,133|0,0|0,0|100,0|995|760|234|10,63|1,97|1,53|0,00
2013-10-25 18:28:03,565|0,0|0,0|100,0|995|760|234|10,63|1,97|1,08|0,00
2013-10-25 18:28:09,020|0,0|0,0|100,0|995|760|234|10,63|1,97|1,02|0,00
2013-10-25 18:28:14,451|0,0|0,0|100,0|995|760|234|10,63|1,97|0,95|0,00
2013-10-25 18:28:19,907|100,0|0,0|0,0|995|769|226|10,63|1,97|0,43|0,06
2013-10-25 18:28:25,775|100,0|0,0|0,0|995|769|225|10,63|1,97|0,47|0,00
2013-10-25 18:28:31,643|100,0|0,0|0,0|995|769|226|10,63|1,97|0,78|0,00
2013-10-25 18:28:37,503|100,0|0,0|0,0|995|769|226|10,63|1,97|0,38|0,00
2013-10-25 18:28:43,371|100,0|0,0|0,0|995|769|226|10,63|1,97|1,75|0,00
2013-10-25 18:28:49,239|100,0|0,0|0,0|995|769|226|10,63|1,97|7,05|0,00
2013-10-25 18:28:55,090|0,0|0,0|100,0|995|769|225|10,63|1,97|1,97|0,00
2013-10-25 18:29:00,530|0,0|0,0|100,0|995|769|225|10,63|1,97|1,03|0,00
2013-10-25 18:29:05,962|0,0|0,0|100,0|995|769|225|10,63|1,97|0,35|0,00
2013-10-25 18:29:11,397|0,0|0,0|100,0|995|769|225|10,63|1,97|0,97|0,00
2013-10-25 18:29:16,827|0,0|0,0|100,0|995|769|225|10,63|1,97|0,29|0,00
2013-10-25 18:29:22,265|0,0|0,0|100,0|995|769|225|10,63|1,97|0,69|0,00
2013-10-25 18:29:27,698|0,0|0,0|100,0|995|769|225|10,63|1,97|0,49|0,00
2013-10-25 18:29:33,139|0,0|0,0|100,0|995|769|225|10,63|1,97|0,62|0,00
2013-10-25 18:29:38,573|0,0|0,0|100,0|995|769|225|10,63|1,97|2,14|0,00
2013-10-25 18:29:44,019|0,0|0,0|100,0|995|769|225|10,63|1,97|1,72|0,00
2013-10-25 18:29:49,457|0,0|0,0|100,0|995|769|225|10,63|1,97|0,27|0,00
2013-10-25 18:29:54,892|0,0|0,0|100,0|995|769|225|10,63|1,97|2,08|0,00
2013-10-25 18:30:00,326|0,0|0,0|100,0|995|769|225|10,63|1,97|0,23|0,00
2013-10-25 18:30:05,764|0,0|0,0|100,0|995|769|225|10,63|1,97|0,54|0,00
2013-10-25 18:30:11,200|0,0|0,0|100,0|995|769|225|10,63|1,97|2,08|0,00
2013-10-25 18:30:16,633|0,0|0,0|100,0|995|769|225|10,63|1,97|0,29|0,00
2013-10-25 18:30:22,069|0,0|0,0|100,0|995|769|225|10,63|1,97|0,37|0,00
2013-10-25 18:30:27,497|0,0|0,0|100,0|995|769|225|10,63|1,97|0,52|0,00
2013-10-25 18:30:32,932|0,0|0,0|100,0|995|769|225|10,63|1,97|0,60|0,00
2013-10-25 18:30:38,373|0,0|0,0|100,0|995|769|225|10,63|1,97|2,10|0,00
2013-10-25 18:30:43,813|0,0|0,0|100,0|995|769|225|10,63|1,97|1,66|0,00
2013-10-25 18:30:49,257|0,0|0,0|100,0|995|769|225|10,63|1,97|0,35|0,00
2013-10-25 18:30:54,693|0,0|0,0|100,0|995|769|225|10,63|1,97|0,44|0,00
2013-10-25 18:31:00,124|0,0|0,0|100,0|995|769|225|10,63|1,97|0,41|0,00
2013-10-25 18:31:05,566|0,0|0,0|100,0|995|769|225|10,63|1,97|0,44|0,00
2013-10-25 18:31:10,996|0,0|0,0|100,0|995|769|225|10,63|1,97|2,08|0,00
2013-10-25 18:31:16,430|0,0|0,0|100,0|995|769|225|10,63|1,97|0,97|4,57
2013-10-25 18:31:21,872|0,0|0,0|100,0|995|770|225|10,62|1,97|1,20|1,62
2013-10-25 18:31:27,514|100,0|0,0|0,0|995|784|211|10,62|1,97|0,79|0,00
2013-10-25 18:31:33,358|100,0|0,0|0,0|995|784|211|10,62|1,97|0,67|0,00
2013-10-25 18:31:39,203|100,0|0,0|0,0|995|784|211|10,62|1,97|2,26|0,00
2013-10-25 18:31:45,042|100,0|0,0|0,0|995|784|211|10,62|1,97|0,53|0,00
2013-10-25 18:31:50,878|100,0|0,0|0,0|995|784|211|10,62|1,97|0,51|1,86
2013-10-25 18:31:56,512|0,0|1,9|98,0|995|784|211|10,62|1,97|0,59|0,00
2013-10-25 18:32:01,949|0,0|0,0|100,0|995|784|211|10,62|1,97|0,58|6,05
2013-10-25 18:32:07,384|0,0|0,0|100,0|995|784|211|10,62|1,97|0,44|0,00
2013-10-25 18:32:12,821|2,0|0,0|98,0|995|784|211|10,62|1,97|0,90|0,00
2013-10-25 18:32:18,257|0,0|0,0|100,0|995|784|211|10,62|1,97|0,26|0,00
2013-10-25 18:32:23,686|0,0|0,0|100,0|995|784|211|10,62|1,97|0,78|0,00
2013-10-25 18:32:29,121|0,0|0,0|100,0|995|784|211|10,62|1,97|1,66|0,00
2013-10-25 18:32:34,559|0,0|0,0|100,0|995|784|211|10,62|1,97|1,71|0,00
2013-10-25 18:32:40,007|0,0|0,0|100,0|995|784|211|10,62|1,97|0,95|0,00
2013-10-25 18:32:45,443|0,0|0,0|100,0|995|784|211|10,62|1,97|0,84|0,00
2013-10-25 18:32:50,890|0,0|0,0|100,0|995|784|211|10,62|1,97|0,41|0,00
2013-10-25 18:32:56,320|0,0|0,0|100,0|995|784|211|10,62|1,97|0,29|0,00
2013-10-25 18:33:01,753|0,0|0,0|100,0|995|784|211|10,62|1,97|0,49|0,00
2013-10-25 18:33:07,193|0,0|0,0|100,0|995|784|211|10,62|1,97|0,47|0,00
2013-10-25 18:33:12,622|0,0|0,0|100,0|995|784|211|10,62|1,97|0,96|0,00
2013-10-25 18:33:18,057|0,0|0,0|100,0|995|784|211|10,62|1,97|1,45|0,00
2013-10-25 18:33:23,488|0,0|0,0|100,0|995|784|211|10,62|1,97|0,32|0,00
2013-10-25 18:33:28,921|0,0|0,0|100,0|995|784|211|10,62|1,97|0,47|0,00
2013-10-25 18:33:34,358|0,0|0,0|100,0|995|784|211|10,62|1,97|2,34|0,00
2013-10-25 18:33:39,794|0,0|0,0|100,0|995|784|211|10,62|1,97|2,25|0,00
2013-10-25 18:33:45,229|0,0|0,0|100,0|995|784|211|10,62|1,97|0,50|0,00
2013-10-25 18:33:50,670|0,0|0,0|100,0|995|784|211|10,62|1,97|0,27|0,00
2013-10-25 18:33:56,105|0,0|0,0|100,0|995|784|211|10,62|1,97|3,57|0,00
2013-10-25 18:34:01,538|0,0|0,0|100,0|995|784|211|10,62|1,97|0,29|0,00
2013-10-25 18:34:06,978|0,0|0,0|100,0|995|783|211|10,62|1,97|1,69|0,00
2013-10-25 18:34:12,417|0,0|0,0|100,0|995|784|211|10,62|1,97|1,18|0,00
2013-10-25 18:34:17,855|0,0|0,0|100,0|995|784|211|10,62|1,97|0,55|0,00
2013-10-25 18:34:23,299|0,0|0,0|100,0|995|784|211|10,62|1,97|0,44|0,00
2013-10-25 18:34:28,728|0,0|0,0|100,0|995|784|211|10,62|1,97|9,83|0,00
2013-10-25 18:34:34,166|0,0|0,0|100,0|995|784|211|10,62|1,97|0,67|0,00
2013-10-25 18:34:39,603|0,0|0,0|100,0|995|784|211|10,62|1,97|2,25|0,00
2013-10-25 18:34:45,040|0,0|0,0|100,0|995|784|211|10,62|1,97|0,69|0,00
2013-10-25 18:34:50,474|0,0|0,0|100,0|995|784|211|10,62|1,97|0,21|0,00
2013-10-25 18:34:55,913|0,0|0,0|100,0|995|784|211|10,62|1,97|1,46|0,00
2013-10-25 18:35:01,346|0,0|0,0|100,0|995|784|211|10,62|1,97|0,18|0,00
2013-10-25 18:35:06,784|0,0|0,0|100,0|995|784|211|10,62|1,97|0,18|0,00
2013-10-25 18:35:12,221|0,0|0,0|100,0|995|784|211|10,62|1,97|3,75|0,00
2013-10-25 18:35:17,651|2,0|0,0|98,0|995|784|211|10,62|1,97|3,95|0,00
2013-10-25 18:35:23,090|0,0|0,0|100,0|995|784|211|10,62|1,97|1,90|0,00
2013-10-25 18:35:28,522|0,0|0,0|100,0|995|784|211|10,62|1,97|0,55|0,00
2013-10-25 18:35:33,960|0,0|0,0|100,0|995|784|211|10,62|1,97|0,65|0,00
2013-10-25 18:35:39,388|0,0|0,0|100,0|995|784|211|10,62|1,97|0,41|0,00
2013-10-25 18:35:44,828|0,0|0,0|100,0|995|784|211|10,62|1,97|1,78|0,00
2013-10-25 18:35:50,259|0,0|0,0|100,0|995|784|211|10,62|1,97|0,21|0,00
2013-10-25 18:35:55,685|0,0|0,0|100,0|995|784|211|10,62|1,97|2,48|0,00
2013-10-25 18:36:01,126|0,0|0,0|100,0|995|784|211|10,62|1,97|0,23|0,00
2013-10-25 18:36:06,557|0,0|0,0|100,0|995|784|211|10,62|1,97|2,31|0,32
2013-10-25 18:36:12,028|0,0|0,0|100,0|995|784|211|10,62|1,97|1,84|0,06
2013-10-25 18:36:17,465|0,0|0,0|100,0|995|784|211|10,62|1,97|0,96|0,00
2013-10-25 18:36:22,900|0,0|0,0|100,0|995|784|211|10,62|1,97|4,86|11,62
2013-10-25 18:36:28,378|0,0|0,0|100,0|995|784|211|10,62|1,97|0,49|0,00
2013-10-25 18:36:33,840|2,0|4,0|93,8|995|784|211|10,62|1,97|6,24|215,94
2013-10-25 18:36:39,281|6,0|4,0|90,0|995|784|211|10,62|1,97|6,37|215,87
2013-10-25 18:36:44,714|0,0|0,0|100,0|995|785|210|10,62|1,97|10,15|227,35
2013-10-25 18:36:50,164|0,0|0,0|100,0|995|784|211|10,62|1,97|7,77|14,20
2013-10-25 18:36:55,631|0,0|0,0|100,0|995|784|211|10,62|1,97|4,84|12,00
2013-10-25 18:37:01,070|0,0|0,0|100,0|995|784|211|10,62|1,97|5,87|12,14
2013-10-25 18:37:06,496|0,0|0,0|100,0|995|784|211|10,62|1,97|0,85|0,06
2013-10-25 18:37:11,974|2,0|0,0|98,0|995|784|211|10,62|1,97|2,48|0,00
2013-10-25 18:37:17,412|8,0|2,0|90,0|995|784|211|10,62|1,97|1,30|0,00
2013-10-25 18:37:22,889|5,8|5,8|88,2|995|784|211|10,62|1,97|0,80|0,00
2013-10-25 18:37:28,321|6,0|4,0|90,0|995|784|211|10,62|1,97|6,56|215,94
2013-10-25 18:37:33,757|2,0|0,0|98,0|995|785|210|10,62|1,97|7,48|225,91
2013-10-25 18:37:39,219|0,0|0,0|100,0|995|784|211|10,62|1,97|5,48|12,64
2013-10-25 18:37:44,700|0,0|0,0|100,0|995|784|211|10,62|1,97|6,12|12,65
2013-10-25 18:37:50,136|0,0|0,0|100,0|995|784|211|10,62|1,97|0,58|0,06
2013-10-25 18:37:55,647|1,9|0,0|98,0|995|784|211|10,62|1,97|0,53|0,00
2013-10-25 18:38:01,089|5,8|3,9|88,2|995|784|211|10,62|1,97|1,24|0,00
2013-10-25 18:38:06,562|4,0|4,0|92,0|995|784|211|10,62|1,97|0,18|0,00
2013-10-25 18:38:12,024|2,0|4,0|93,8|995|784|211|10,62|1,97|7,20|216,01
2013-10-25 18:38:17,464|1,9|1,9|96,0|995|785|210|10,62|1,97|9,72|227,56
2013-10-25 18:38:22,918|0,0|0,0|100,0|995|784|211|10,62|1,97|4,86|13,22
2013-10-25 18:38:28,393|0,0|0,0|100,0|995|784|211|10,62|1,97|7,59|13,29
2013-10-25 18:38:33,832|0,0|0,0|100,0|995|784|211|10,62|1,97|1,26|0,00
2013-10-25 18:38:39,347|2,0|0,0|98,0|995|784|211|10,62|1,97|0,62|0,00
2013-10-25 18:38:44,777|4,0|4,0|92,0|995|784|211|10,62|1,97|1,63|0,00
2013-10-25 18:38:50,254|0,0|2,0|97,9|995|785|210|10,62|1,97|8,46|214,43
2013-10-25 18:38:55,691|4,0|4,0|90,0|995|784|211|10,62|1,97|8,23|215,94
2013-10-25 18:39:01,126|0,0|0,0|100,0|995|784|211|10,62|1,97|11,32|229,65
2013-10-25 18:39:06,557|0,0|0,0|100,0|995|784|211|10,62|1,97|4,97|13,74
2013-10-25 18:39:11,992|0,0|0,0|100,0|995|784|211|10,62|1,97|1,06|0,00
2013-10-25 18:39:17,474|2,0|2,0|96,0|995|784|211|10,62|1,97|1,24|0,00
2013-10-25 18:39:22,945|0,0|2,0|97,9|995|785|209|10,62|1,97|1,16|0,32
2013-10-25 18:39:28,403|3,9|5,8|88,2|995|784|211|10,62|1,97|6,40|216,00
2013-10-25 18:39:33,840|0,0|0,0|100,0|995|784|211|10,62|1,97|7,37|16,17
2013-10-25 18:39:39,313|0,0|0,0|100,0|995|784|211|10,62|1,97|5,56|14,17
2013-10-25 18:39:44,747|0,0|0,0|100,0|995|784|211|10,62|1,97|9,38|0,00
2013-10-25 18:39:50,195|4,0|4,0|92,0|995|784|211|10,62|1,97|1,00|0,00
2013-10-25 18:39:55,665|0,0|0,0|100,0|995|784|211|10,62|1,97|10,97|230,42
2013-10-25 18:40:01,105|0,0|0,0|100,0|995|784|211|10,62|1,97|1,36|0,00
2013-10-25 18:40:06,543|4,0|4,0|91,8|995|784|211|10,62|1,97|6,70|216,20
2013-10-25 18:40:11,989|0,0|0,0|100,0|995|784|211|10,62|1,97|0,91|0,00
2013-10-25 18:40:17,417|2,0|6,1|91,8|995|784|211|10,62|1,97|2,88|0,00
2013-10-25 18:40:22,858|1,9|0,0|98,0|995|784|211|10,62|1,97|6,48|14,78
2013-10-25 18:40:28,296|6,1|2,0|91,8|995|784|211|10,62|1,97|3,14|0,00
2013-10-25 18:40:33,796|0,0|0,0|100,0|995|784|211|10,62|1,97|11,16|231,42
2013-10-25 18:40:39,236|52,0|48,0|0,0|995|791|204|10,62|1,97|0,59|0,00
2013-10-25 18:40:45,563|54,9|45,0|0,0|995|791|204|10,62|1,97|0,85|0,00
2013-10-25 18:40:51,903|54,0|46,0|0,0|995|791|204|10,62|1,97|0,62|0,00
2013-10-25 18:40:58,168|46,0|54,0|0,0|995|791|203|10,62|1,97|2,17|0,00
2013-10-25 18:41:04,414|42,0|57,9|0,0|995|791|203|10,62|1,97|6,86|215,96
2013-10-25 18:41:10,641|44,8|55,1|0,0|995|791|203|10,61|1,97|6,09|215,77
2013-10-25 18:41:16,858|46,0|54,0|0,0|995|793|202|10,61|1,97|4,78|214,44
2013-10-25 18:41:23,090|47,0|52,9|0,0|995|792|203|10,61|1,97|0,26|0,00
2013-10-25 18:41:29,342|46,9|53,0|0,0|995|792|203|10,61|1,97|0,12|0,00
2013-10-25 18:41:35,591|44,8|55,1|0,0|995|792|203|10,61|1,97|0,47|0,00
2013-10-25 18:41:41,891|51,0|48,9|0,0|995|792|203|10,61|1,97|2,92|1,39
2013-10-25 18:41:48,173|53,0|46,9|0,0|995|792|203|10,61|1,97|6,06|15,84
2013-10-25 18:41:54,469|57,9|42,0|0,0|995|793|202|10,61|1,97|10,47|233,95
2013-10-25 18:42:00,499|82,0|18,0|0,0|995|791|203|10,61|1,97|11,85|231,81
2013-10-25 18:42:06,334|83,6|16,3|0,0|995|792|203|10,61|1,97|11,14|234,21
2013-10-25 18:42:12,166|78,0|22,0|0,0|995|792|203|10,61|1,97|22,19|234,13
2013-10-25 18:42:17,998|80,0|20,0|0,0|995|792|203|10,61|1,97|12,30|234,17
2013-10-25 18:42:23,827|80,3|19,6|0,0|995|792|203|10,61|1,97|11,70|238,31
2013-10-25 18:42:29,666|80,0|20,0|0,0|995|792|203|10,61|1,97|20,12|234,79
2013-10-25 18:42:35,499|82,0|18,0|0,0|995|809|186|10,61|1,97|14,00|238,57
2013-10-25 18:42:41,331|78,0|22,0|0,0|995|809|186|10,61|1,97|13,27|238,91
2013-10-25 18:42:47,170|82,0|18,0|0,0|995|809|186|10,61|1,97|11,16|238,93
2013-10-25 18:42:53,008|82,0|18,0|0,0|995|809|186|10,61|1,97|11,34|237,33
2013-10-25 18:42:58,834|83,6|16,3|0,0|995|809|186|10,61|1,97|9,54|232,73
2013-10-25 18:43:04,663|81,6|18,3|0,0|995|810|185|10,61|1,97|8,97|231,37
2013-10-25 18:43:10,490|79,5|20,4|0,0|995|809|186|10,61|1,97|6,02|216,00
2013-10-25 18:43:16,326|76,0|24,0|0,0|995|811|184|10,61|1,98|6,12|216,14
2013-10-25 18:43:22,167|80,0|20,0|0,0|995|809|186|10,61|1,98|12,21|216,26
2013-10-25 18:43:28,019|78,0|20,0|0,0|995|809|186|10,61|1,98|7,72|216,13
2013-10-25 18:43:33,862|82,0|18,0|0,0|995|810|185|10,61|1,98|8,20|230,91
2013-10-25 18:43:39,703|82,3|17,6|0,0|995|809|186|10,61|1,98|7,73|216,53
2013-10-25 18:43:45,543|80,0|20,0|0,0|995|810|184|10,61|1,98|10,00|232,13
2013-10-25 18:43:51,378|78,0|22,0|0,0|995|825|170|10,61|1,98|9,03|216,12
2013-10-25 18:43:57,219|82,0|18,0|0,0|995|824|170|10,61|1,98|11,48|233,60
2013-10-25 18:44:03,046|84,0|16,0|0,0|995|825|170|10,61|1,98|11,34|233,62
2013-10-25 18:44:08,862|84,3|15,6|0,0|995|825|170|10,61|1,98|5,85|22,20
2013-10-25 18:44:14,723|83,6|16,3|0,0|995|825|170|10,61|1,98|6,84|21,04
2013-10-25 18:44:20,592|82,0|18,0|0,0|995|825|170|10,61|1,98|8,95|20,82
2013-10-25 18:44:26,437|84,0|16,0|0,0|995|825|170|10,61|1,98|5,07|17,90
2013-10-25 18:44:32,306|86,0|14,0|0,0|995|825|170|10,61|1,98|7,64|18,04
2013-10-25 18:44:38,158|82,3|17,6|0,0|995|825|170|10,61|1,98|4,78|17,99
2013-10-25 18:44:44,033|83,6|16,3|0,0|995|825|170|10,61|1,98|5,89|18,07
2013-10-25 18:44:49,858|82,3|17,6|0,0|995|825|170|10,61|1,98|3,79|2,59
2013-10-25 18:44:55,743|80,0|20,0|0,0|995|825|170|10,61|1,98|2,30|0,51
2013-10-25 18:45:01,642|80,3|19,6|0,0|995|866|129|10,61|1,98|1,32|0,51
2013-10-25 18:45:07,562|82,0|18,0|0,0|995|866|129|10,61|1,98|0,91|0,79
2013-10-25 18:45:13,549|84,0|16,0|0,0|995|866|129|10,61|1,98|1,50|0,00
2013-10-25 18:45:19,471|82,0|18,0|0,0|995|866|129|10,61|1,98|0,23|0,00
2013-10-25 18:45:25,374|78,0|22,0|0,0|995|866|129|10,61|1,98|1,25|0,00
2013-10-25 18:45:31,285|86,0|14,0|0,0|995|866|129|10,61|1,98|0,51|0,00
2013-10-25 18:45:37,162|82,0|18,0|0,0|995|866|129|10,61|1,98|1,23|0,45
2013-10-25 18:45:43,013|79,5|20,4|0,0|995|866|129|10,61|1,98|0,96|0,00
2013-10-25 18:45:48,854|84,0|16,0|0,0|995|866|129|10,61|1,98|6,68|0,00
2013-10-25 18:45:54,710|80,0|20,0|0,0|995|866|128|10,61|1,98|0,68|0,22
2013-10-25 18:46:00,386|1,9|3,9|94,1|995|660|335|10,61|1,98|4,00|214,77
2013-10-25 18:46:05,833|0,0|0,0|100,0|995|659|336|10,61|1,98|12,40|236,97
2013-10-25 18:46:11,281|0,0|0,0|100,0|995|659|336|10,61|1,98|4,84|21,16
2013-10-25 18:46:16,727|0,0|0,0|100,0|995|659|336|10,61|1,98|0,29|0,00
2013-10-25 18:46:22,199|6,0|4,0|90,0|995|659|336|10,61|1,98|0,52|4,41
2013-10-25 18:46:27,660|4,0|4,0|92,0|995|659|336|10,61|1,98|7,63|220,63
2013-10-25 18:46:33,106|0,0|0,0|100,0|995|659|336|10,61|1,98|8,60|21,04
2013-10-25 18:46:38,583|0,0|0,0|100,0|995|659|336|10,61|1,98|0,94|0,00
2013-10-25 18:46:44,068|4,0|6,0|90,0|995|659|336|10,61|1,98|1,90|0,00
2013-10-25 18:46:49,502|0,0|0,0|100,0|995|660|335|10,61|1,98|9,42|236,53
2013-10-25 18:46:54,959|0,0|0,0|100,0|995|659|336|10,61|1,98|5,69|25,92
2013-10-25 18:47:00,393|0,0|0,0|100,0|995|659|336|10,61|1,98|0,80|0,00
2013-10-25 18:47:05,831|2,0|4,0|94,0|995|659|336|10,61|1,98|9,35|216,42
2013-10-25 18:47:11,273|0,0|0,0|100,0|995|659|336|10,61|1,98|6,51|22,39
2013-10-25 18:47:16,742|0,0|0,0|100,0|995|659|336|10,61|1,98|0,44|0,00
2013-10-25 18:47:22,191|4,0|4,0|91,8|995|659|336|10,61|1,98|0,43|4,41
2013-10-25 18:47:27,646|4,0|4,0|92,0|995|659|336|10,61|1,98|5,77|216,23
2013-10-25 18:47:33,086|0,0|0,0|100,0|995|659|336|10,61|1,98|5,98|21,94
2013-10-25 18:47:38,525|0,0|0,0|100,0|995|659|336|10,61|1,98|0,42|0,00
2013-10-25 18:47:43,959|0,0|4,0|96,0|995|660|335|10,61|1,98|5,21|214,84
2013-10-25 18:47:49,396|1,9|0,0|98,0|995|659|336|10,61|1,98|5,83|26,47
2013-10-25 18:47:54,889|0,0|0,0|100,0|995|659|336|10,61|1,98|0,63|4,41
2013-10-25 18:48:00,359|8,0|2,0|90,0|995|659|336|10,61|1,98|1,08|0,00
2013-10-25 18:48:05,810|2,0|0,0|97,9|995|660|335|10,61|1,98|9,93|234,87
2013-10-25 18:48:11,265|0,0|0,0|100,0|995|659|336|10,61|1,98|4,02|3,87
2013-10-25 18:48:16,728|4,0|0,0|96,0|995|659|336|10,61|1,98|1,22|0,06
2013-10-25 18:48:22,199|4,0|4,0|91,8|995|659|336|10,61|1,98|6,08|220,64
2013-10-25 18:48:27,637|0,0|0,0|100,0|995|659|336|10,61|1,98|5,39|22,68
2013-10-25 18:48:33,136|2,0|0,0|98,0|995|659|336|10,61|1,98|1,30|0,00
2013-10-25 18:48:38,621|4,0|6,1|89,7|995|659|336|10,61|1,98|0,29|0,00
2013-10-25 18:48:44,056|0,0|1,9|98,0|995|659|336|10,61|1,98|11,38|237,64
2013-10-25 18:48:49,495|0,0|0,0|100,0|995|659|336|10,61|1,98|7,53|0,06
2013-10-25 18:48:54,929|4,0|6,0|90,0|995|659|336|10,61|1,98|3,62|4,45
2013-10-25 18:49:00,406|4,0|4,0|91,8|995|659|336|10,61|1,98|7,09|216,10
2013-10-25 18:49:05,854|0,0|0,0|100,0|995|659|336|10,61|1,98|5,48|23,32
2013-10-25 18:49:11,297|0,0|0,0|100,0|995|659|336|10,61|1,98|0,86|0,00
2013-10-25 18:49:16,739|5,8|3,9|90,1|995|659|336|10,61|1,98|7,45|222,36
2013-10-25 18:49:22,181|0,0|0,0|100,0|995|659|336|10,61|1,98|5,88|27,95
2013-10-25 18:49:27,616|1,9|0,0|98,0|995|659|336|10,61|1,98|0,18|0,00
2013-10-25 18:49:33,055|2,0|0,0|98,0|995|660|335|10,61|1,98|4,51|214,77
2013-10-25 18:49:38,493|0,0|1,9|98,0|995|659|336|10,61|1,98|15,05|23,74
2013-10-25 18:49:43,971|0,0|0,0|100,0|995|659|336|10,61|1,98|8,53|4,41
2013-10-25 18:49:49,425|1,9|1,9|96,0|995|660|335|10,61|1,98|4,84|214,90
2013-10-25 18:49:54,862|0,0|0,0|100,0|995|659|336|10,61|1,98|5,29|23,98
2013-10-25 18:50:00,345|0,0|0,0|100,0|995|659|336|10,61|1,98|0,29|0,00
2013-10-25 18:50:05,823|4,0|4,0|90,0|995|659|336|10,61|1,98|3,39|0,00
2013-10-25 18:50:11,263|0,0|0,0|100,0|995|659|336|10,61|1,98|11,59|240,80
2013-10-25 18:50:16,699|0,0|0,0|100,0|995|659|336|10,61|1,98|1,38|4,41
2013-10-25 18:50:22,186|2,0|0,0|98,0|995|660|335|10,61|1,98|4,47|220,21
2013-10-25 18:50:27,621|0,0|0,0|100,0|995|659|336|10,61|1,98|4,91|24,44
2013-10-25 18:50:33,086|0,0|0,0|100,0|995|659|336|10,61|1,98|0,74|0,00
2013-10-25 18:50:38,579|6,1|4,0|89,7|995|659|336|10,61|1,98|0,41|0,00
2013-10-25 18:50:44,014|0,0|0,0|100,0|995|659|336|10,61|1,98|14,25|245,27
2013-10-25 18:50:49,449|0,0|0,0|100,0|995|659|336|10,61|1,98|1,06|4,41
2013-10-25 18:50:54,890|5,7|7,6|86,5|995|659|336|10,60|1,98|1,10|0,00
2013-10-25 18:51:00,328|0,0|0,0|100,0|995|659|336|10,60|1,98|11,01|138,51
2013-10-25 18:51:05,778|0,0|0,0|100,0|995|659|336|10,60|1,98|1,75|0,00
2013-10-25 18:51:11,272|2,0|4,0|93,8|995|659|336|10,60|1,98|5,97|217,74
2013-10-25 18:51:16,706|0,0|0,0|100,0|995|659|336|10,60|1,98|7,82|25,43
2013-10-25 18:51:22,144|1,9|0,0|98,0|995|659|336|10,60|1,98|0,29|0,00
2013-10-25 18:51:27,581|2,0|4,0|93,8|995|659|336|10,60|1,98|6,01|216,16
2013-10-25 18:51:33,020|0,0|0,0|100,0|995|659|336|10,60|1,98|0,74|0,00
2013-10-25 18:51:38,505|5,8|3,9|90,1|995|659|336|10,60|1,98|1,43|0,00
2013-10-25 18:51:43,942|0,0|0,0|100,0|995|659|336|10,60|1,98|9,74|31,28
2013-10-25 18:51:49,408|0,0|0,0|100,0|995|659|336|10,60|1,98|1,15|4,41
2013-10-25 18:51:54,891|2,0|4,0|93,8|995|659|336|10,60|1,98|6,67|216,35
2013-10-25 18:52:00,326|0,0|0,0|100,0|995|659|336|10,60|1,98|2,28|2,99
2013-10-25 18:52:05,797|4,0|4,0|92,0|995|659|336|10,60|1,98|1,14|0,00
2013-10-25 18:52:11,285|0,0|0,0|100,0|995|659|336|10,60|1,98|12,83|246,40
2013-10-25 18:52:16,717|0,0|0,0|100,0|995|659|336|10,60|1,98|3,24|0,06
2013-10-25 18:52:22,201|2,0|4,1|93,7|995|659|336|10,60|1,98|6,51|216,29
2013-10-25 18:52:27,648|0,0|0,0|100,0|995|659|336|10,60|1,98|0,12|0,00
2013-10-25 18:52:33,133|8,0|2,0|90,0|995|659|335|10,60|1,98|0,35|0,00
2013-10-25 18:52:38,580|0,0|0,0|100,0|995|659|335|10,60|1,98|5,75|26,13
2013-10-25 18:52:44,066|0,0|0,0|100,0|995|659|335|10,60|1,98|5,10|4,41
2013-10-25 18:52:49,551|2,0|6,1|91,8|995|659|335|10,60|1,98|12,12|216,29
2013-10-25 18:52:54,988|0,0|0,0|100,0|995|659|335|10,60|1,98|0,68|0,00
2013-10-25 18:53:00,472|4,0|4,0|91,8|995|659|335|10,60|1,98|0,41|0,00
2013-10-25 18:53:05,913|0,0|0,0|100,0|995|659|335|10,60|1,98|5,53|26,44
2013-10-25 18:53:11,391|2,0|0,0|98,0|995|659|335|10,60|1,98|0,38|0,06
2013-10-25 18:53:16,826|2,0|0,0|97,9|995|660|335|10,60|1,98|11,55|245,76
2013-10-25 18:53:22,277|0,0|0,0|100,0|995|659|335|10,60|1,98|6,18|0,00
2013-10-25 18:53:27,713|2,0|0,0|98,0|995|660|334|10,60|1,98|7,36|214,84
2013-10-25 18:53:33,157|0,0|0,0|100,0|995|659|335|10,60|1,98|5,20|26,86
2013-10-25 18:53:38,596|2,0|0,0|98,0|995|659|335|10,60|1,98|0,29|0,00
2013-10-25 18:53:44,068|0,0|0,0|100,0|995|659|335|10,60|1,98|12,76|247,59
2013-10-25 18:53:49,510|0,0|0,0|100,0|995|659|335|10,60|1,98|0,93|6,07
2013-10-25 18:53:54,996|7,8|1,9|90,1|995|659|335|10,60|1,98|6,27|216,23
2013-10-25 18:54:00,436|0,0|0,0|100,0|995|659|335|10,60|1,98|0,23|0,00
2013-10-25 18:54:05,885|6,1|4,0|89,7|995|659|335|10,60|1,98|2,31|0,00
2013-10-25 18:54:11,319|0,0|0,0|100,0|995|659|335|10,60|1,98|5,42|31,79
2013-10-25 18:54:16,775|6,0|2,0|92,0|995|659|335|10,60|1,98|2,77|4,41
2013-10-25 18:54:22,249|0,0|0,0|100,0|995|659|335|10,60|1,98|10,93|244,06
2013-10-25 18:54:27,683|0,0|0,0|100,0|995|659|335|10,60|1,98|0,23|0,00
2013-10-25 18:54:33,161|4,0|4,0|91,8|995|659|335|10,60|1,98|6,67|216,23
2013-10-25 18:54:38,600|0,0|0,0|100,0|995|659|335|10,60|1,98|0,53|0,00
2013-10-25 18:54:44,080|4,0|4,0|91,8|995|659|335|10,60|1,98|1,38|4,41
2013-10-25 18:54:49,516|0,0|0,0|100,0|995|659|335|10,60|1,98|5,24|26,20
2013-10-25 18:54:54,959|4,0|4,0|92,0|995|659|335|10,60|1,98|0,56|0,00
2013-10-25 18:55:00,425|0,0|0,0|100,0|995|659|335|10,60|1,98|8,62|27,82
2013-10-25 18:55:05,897|2,0|0,0|98,0|995|659|335|10,60|1,98|0,91|0,00
2013-10-25 18:55:11,330|2,0|0,0|98,0|995|661|334|10,60|1,98|9,92|242,38
2013-10-25 18:55:16,775|0,0|0,0|100,0|995|659|335|10,60|1,98|3,74|5,38
2013-10-25 18:55:22,225|4,0|4,0|92,0|995|659|335|10,60|1,99|6,46|216,04
2013-10-25 18:55:27,659|0,0|0,0|100,0|995|659|335|10,60|1,99|0,41|0,00
2013-10-25 18:55:33,143|6,1|2,0|91,8|995|659|335|10,60|1,99|0,99|0,00
2013-10-25 18:55:38,578|0,0|0,0|100,0|995|659|335|10,60|1,99|5,79|32,78
2013-10-25 18:55:44,021|4,0|2,0|94,0|995|659|335|10,60|1,99|1,31|4,41
2013-10-25 18:55:49,488|0,0|0,0|100,0|995|659|335|10,60|1,99|5,20|28,67
2013-10-25 18:55:54,980|2,0|0,0|98,0|995|659|335|10,60|1,99|1,35|0,00
2013-10-25 18:56:00,417|0,0|0,0|100,0|995|659|335|10,60|1,99|10,70|245,34
2013-10-25 18:56:05,848|0,0|0,0|100,0|995|659|335|10,60|1,99|1,68|0,00
2013-10-25 18:56:11,331|2,0|8,0|90,0|995|659|335|10,60|1,99|6,79|222,17
2013-10-25 18:56:16,773|0,0|0,0|100,0|995|659|335|10,60|1,99|1,32|0,00
2013-10-25 18:56:22,229|4,0|4,0|91,8|995|659|335|10,60|1,99|6,23|216,36
2013-10-25 18:56:27,666|0,0|0,0|100,0|995|659|335|10,60|1,99|2,53|0,00
2013-10-25 18:56:33,113|2,0|2,0|96,0|995|661|334|10,60|1,99|5,84|214,84
2013-10-25 18:56:38,548|0,0|0,0|100,0|995|659|335|10,60|1,99|4,20|8,54
2013-10-25 18:56:43,997|5,8|3,9|88,2|995|659|335|10,60|1,99|1,34|0,06
2013-10-25 18:56:49,442|0,0|0,0|100,0|995|659|335|10,60|1,99|7,28|27,88
2013-10-25 18:56:54,887|0,0|1,9|98,0|995|659|335|10,60|1,99|1,50|0,00
2013-10-25 18:57:00,385|0,0|0,0|100,0|995|659|335|10,60|1,99|6,46|30,98
2013-10-25 18:57:05,866|1,9|0,0|98,0|995|660|335|10,60|1,99|1,69|0,06
2013-10-25 18:57:11,304|0,0|0,0|100,0|995|660|335|10,60|1,99|12,43|252,01
2013-10-25 18:57:16,745|0,0|0,0|100,0|995|660|335|10,60|1,99|1,28|0,00
2013-10-25 18:57:22,189|2,0|0,0|98,0|995|661|334|10,60|1,99|9,82|243,09
2013-10-25 18:57:27,628|0,0|0,0|100,0|995|660|335|10,60|1,99|0,48|0,00
2013-10-25 18:57:33,094|4,0|6,0|90,0|995|660|335|10,60|1,99|6,07|216,16
2013-10-25 18:57:38,527|0,0|0,0|100,0|995|660|335|10,60|1,99|5,46|5,36
2013-10-25 18:57:43,996|6,0|4,0|90,0|995|660|335|10,60|1,99|10,75|220,64
2013-10-25 18:57:49,429|0,0|0,0|100,0|995|660|335|10,60|1,99|0,81|0,00
2013-10-25 18:57:54,873|2,0|6,1|91,8|995|660|335|10,60|1,99|6,51|216,36
2013-10-25 18:58:00,324|0,0|0,0|100,0|995|660|335|10,60|1,99|0,23|0,00
2013-10-25 18:58:05,777|5,7|5,7|88,4|995|660|335|10,60|1,99|7,62|222,32
2013-10-25 18:58:11,213|0,0|0,0|100,0|995|660|335|10,60|1,99|1,26|4,41
2013-10-25 18:58:16,649|4,0|4,0|92,0|995|660|335|10,60|1,99|7,53|216,29
2013-10-25 18:58:22,095|0,0|0,0|100,0|995|660|335|10,60|1,99|1,98|0,00
2013-10-25 18:58:27,542|6,1|4,0|89,7|995|660|335|10,60|1,99|6,28|216,23
2013-10-25 18:58:33,003|0,0|0,0|100,0|995|660|335|10,60|1,99|2,36|4,39
2013-10-25 18:58:38,446|2,0|6,1|91,8|995|660|335|10,60|1,99|6,23|220,64
2013-10-25 18:58:43,892|0,0|0,0|100,0|995|660|335|10,60|1,99|1,64|0,00
2013-10-25 18:58:49,333|9,6|3,8|86,5|995|660|335|10,60|1,99|6,29|216,23
2013-10-25 18:58:54,769|0,0|0,0|100,0|995|660|335|10,60|1,99|0,79|0,00
2013-10-25 18:59:00,245|0,0|0,0|100,0|995|660|335|10,60|1,99|11,17|247,38
2013-10-25 18:59:05,687|0,0|0,0|100,0|995|660|335|10,60|1,99|0,66|4,41
2013-10-25 18:59:11,138|0,0|0,0|100,0|995|660|335|10,60|1,99|11,58|247,46
2013-10-25 18:59:16,582|2,0|0,0|98,0|995|660|335|10,60|1,99|2,83|0,00
2013-10-25 18:59:22,013|0,0|0,0|100,0|995|660|335|10,60|1,99|7,90|33,03
2013-10-25 18:59:27,481|0,0|2,0|98,0|995|660|335|10,60|1,99|0,55|0,00
2013-10-25 18:59:32,922|0,0|0,0|100,0|995|660|335|10,60|1,99|5,32|36,13
2013-10-25 18:59:38,368|0,0|0,0|100,0|995|660|335|10,60|1,99|0,24|0,06
2013-10-25 18:59:43,838|0,0|0,0|100,0|995|660|335|10,60|1,99|6,47|31,87
2013-10-25 18:59:49,277|3,9|7,8|88,2|995|660|335|10,60|1,99|0,38|0,00
2013-10-25 18:59:54,753|0,0|0,0|100,0|995|660|335|10,60|1,99|15,21|32,38
2013-10-25 19:00:00,190|4,0|6,0|90,0|995|660|335|10,60|1,99|0,43|4,41
2013-10-25 19:00:05,621|0,0|0,0|100,0|995|660|335|10,60|1,99|2,57|4,41
2013-10-25 19:00:11,074|0,0|0,0|100,0|995|660|334|10,60|1,99|5,56|214,77
2013-10-25 19:00:16,521|0,0|0,0|100,0|995|660|335|10,60|1,99|2,86|0,00
2013-10-25 19:00:21,954|5,8|5,8|88,2|995|660|335|10,60|1,99|6,58|216,29
2013-10-25 19:00:27,394|0,0|1,9|98,0|995|660|335|10,60|1,99|0,61|0,00
2013-10-25 19:00:32,825|0,0|0,0|100,0|995|661|334|10,60|1,99|9,58|252,85
2013-10-25 19:00:38,278|0,0|0,0|100,0|995|660|335|10,60|1,99|0,23|2,23
2013-10-25 19:00:43,755|0,0|0,0|100,0|995|660|335|10,60|1,99|9,77|35,73
2013-10-25 19:00:49,202|0,0|0,0|100,0|995|660|335|10,59|1,99|0,71|0,00
2013-10-25 19:00:54,646|1,9|0,0|98,0|995|660|335|10,59|1,99|5,29|31,22
2013-10-25 19:01:00,106|4,1|2,0|93,7|995|660|335|10,59|1,99|1,00|4,41
2013-10-25 19:01:05,578|0,0|0,0|100,0|995|660|335|10,59|1,99|5,53|37,36
2013-10-25 19:01:11,014|4,0|6,0|90,0|995|660|335|10,59|1,99|0,29|0,00
2013-10-25 19:01:16,451|0,0|0,0|100,0|995|660|335|10,59|1,99|3,15|0,00
2013-10-25 19:01:21,906|2,0|4,0|94,0|995|660|335|10,59|1,99|8,43|216,29
2013-10-25 19:01:27,341|0,0|0,0|100,0|995|660|335|10,59|1,99|1,93|0,06
2013-10-25 19:01:32,774|0,0|0,0|100,0|995|660|335|10,59|1,99|11,05|255,52
2013-10-25 19:01:38,234|2,0|0,0|98,0|995|660|335|10,59|1,99|0,32|0,00
2013-10-25 19:01:43,675|0,0|0,0|100,0|995|660|335|10,59|1,99|7,00|33,47
2013-10-25 19:01:49,109|5,8|5,8|88,2|995|660|335|10,59|1,99|1,63|0,00
2013-10-25 19:01:54,551|2,0|0,0|98,0|995|660|335|10,59|1,99|0,82|0,00
2013-10-25 19:01:59,988|4,0|6,0|90,0|995|660|335|10,59|1,99|6,63|217,99
2013-10-25 19:02:05,428|0,0|0,0|100,0|995|660|335|10,59|1,99|0,80|0,00
2013-10-25 19:02:10,913|0,0|0,0|100,0|995|660|335|10,59|1,99|6,91|35,22
2013-10-25 19:02:16,386|2,0|0,0|98,0|995|660|335|10,59|1,99|0,86|0,00
2013-10-25 19:02:21,821|0,0|0,0|100,0|995|660|335|10,59|1,99|3,65|3,05
2013-10-25 19:02:27,292|0,0|0,0|100,0|995|660|335|10,59|1,99|7,44|220,71
2013-10-25 19:02:32,725|0,0|0,0|100,0|995|660|335|10,59|1,99|1,36|4,41
2013-10-25 19:02:38,171|2,0|0,0|98,0|995|661|334|10,59|1,99|6,49|33,61
2013-10-25 19:02:43,609|0,0|0,0|100,0|995|660|335|10,59|1,99|2,34|0,00
2013-10-25 19:02:49,056|0,0|0,0|100,0|995|660|335|10,59|1,99|1,78|0,00
2013-10-25 19:02:54,497|0,0|0,0|100,0|995|660|335|10,59|1,99|1,09|7,66
2013-10-25 19:02:59,933|0,0|0,0|100,0|995|660|335|10,59|1,99|2,50|5,90
2013-10-25 19:03:05,366|0,0|0,0|100,0|995|660|335|10,59|1,99|7,44|0,00
2013-10-25 19:03:10,810|0,0|0,0|100,0|995|660|335|10,59|1,99|1,03|0,00
2013-10-25 19:03:16,261|0,0|0,0|100,0|995|660|335|10,59|1,99|2,47|0,00
2013-10-25 19:03:21,701|0,0|0,0|100,0|995|660|335|10,59|1,99|1,06|0,00
2013-10-25 19:03:27,157|0,0|0,0|100,0|995|660|335|10,59|1,99|2,14|4,41
2013-10-25 19:03:32,594|0,0|0,0|100,0|995|660|335|10,59|1,99|1,50|0,00
2013-10-25 19:03:38,038|0,0|0,0|100,0|995|660|335|10,59|1,99|2,43|0,00
2013-10-25 19:03:43,474|0,0|0,0|100,0|995|660|335|10,59|1,99|1,83|0,00
2013-10-25 19:03:48,905|0,0|0,0|100,0|995|660|335|10,59|1,99|2,65|0,00
2013-10-25 19:03:54,346|0,0|0,0|100,0|995|660|335|10,59|1,99|0,86|1,70
2013-10-25 19:03:59,783|0,0|1,9|98,0|995|660|335|10,59|1,99|0,84|1,66
2013-10-25 19:04:05,236|0,0|0,0|100,0|995|660|335|10,59|1,99|5,47|0,00
2013-10-25 19:04:10,673|0,0|0,0|100,0|995|660|335|10,59|1,99|4,32|0,00
2013-10-25 19:04:16,109|0,0|0,0|100,0|995|660|335|10,59|1,99|1,25|0,00
2013-10-25 19:04:21,542|0,0|0,0|100,0|995|660|335|10,59|1,99|0,78|4,94
2013-10-25 19:04:27,005|0,0|0,0|100,0|995|660|335|10,59|1,99|1,34|0,04
2013-10-25 19:04:32,437|0,0|0,0|100,0|995|660|335|10,59|1,99|1,45|0,00
2013-10-25 19:04:37,877|0,0|0,0|100,0|995|660|335|10,59|1,99|1,68|0,00
2013-10-25 19:04:43,313|0,0|1,9|98,0|995|660|335|10,59|1,99|1,17|0,00
2013-10-25 19:04:48,754|0,0|0,0|100,0|995|660|335|10,59|1,99|12,51|4,41
2013-10-25 19:04:54,190|0,0|0,0|100,0|995|660|335|10,59|1,99|2,99|1,66
2013-10-25 19:04:59,623|0,0|0,0|100,0|995|660|335|10,59|1,99|1,49|0,00
2013-10-25 19:05:05,062|0,0|0,0|100,0|995|660|335|10,59|1,99|0,65|0,00
2013-10-25 19:05:10,493|0,0|0,0|100,0|995|660|335|10,59|1,99|0,36|0,00
2013-10-25 19:05:15,933|2,0|0,0|98,0|995|660|335|10,59|1,99|0,95|0,00
2013-10-25 19:05:21,365|0,0|0,0|100,0|995|660|335|10,59|1,99|0,66|5,36
2013-10-25 19:05:26,805|0,0|0,0|100,0|995|660|335|10,59|1,99|6,00|0,00
2013-10-25 19:05:32,243|0,0|0,0|100,0|995|660|335|10,59|1,99|2,25|0,00
2013-10-25 19:05:37,681|0,0|0,0|100,0|995|660|335|10,59|1,99|1,94|0,00
2013-10-25 19:05:43,120|0,0|0,0|100,0|995|660|335|10,59|1,99|6,30|0,00
2013-10-25 19:05:48,554|0,0|0,0|100,0|995|660|335|10,59|1,99|2,89|1,66
2013-10-25 19:05:53,997|0,0|0,0|100,0|995|660|335|10,59|1,99|1,21|7,57
2013-10-25 19:05:59,428|0,0|0,0|100,0|995|660|335|10,59|1,99|1,14|0,00
2013-10-25 19:06:04,912|0,0|0,0|100,0|995|660|335|10,59|1,99|0,95|0,00
2013-10-25 19:06:10,353|0,0|0,0|100,0|995|660|335|10,59|1,99|0,47|0,00
2013-10-25 19:06:15,790|0,0|0,0|100,0|995|660|335|10,59|1,99|2,01|6,05
2013-10-25 19:06:21,226|0,0|0,0|100,0|995|660|335|10,59|1,99|1,78|1,55
2013-10-25 19:06:26,663|0,0|0,0|100,0|995|660|335|10,59|1,99|0,55|0,00
2013-10-25 19:06:32,104|0,0|0,0|100,0|995|660|335|10,59|1,99|1,45|0,00
2013-10-25 19:06:37,541|0,0|0,0|100,0|995|660|335|10,59|1,99|1,11|0,00
2013-10-25 19:06:42,977|0,0|0,0|100,0|995|660|335|10,59|1,99|0,86|0,06
2013-10-25 19:06:48,414|0,0|0,0|100,0|995|660|335|10,59|1,99|2,27|5,90
2013-10-25 19:06:53,855|0,0|0,0|100,0|995|660|335|10,59|1,99|0,73|0,00
2013-10-25 19:06:59,302|0,0|0,0|100,0|995|660|335|10,59|1,99|0,29|0,00
2013-10-25 19:07:04,740|0,0|0,0|100,0|995|660|335|10,59|1,99|0,29|0,00
2013-10-25 19:07:10,181|0,0|0,0|100,0|995|660|335|10,59|1,99|0,29|0,00
2013-10-25 19:07:15,614|0,0|0,0|100,0|995|660|335|10,59|1,99|1,07|4,41
2013-10-25 19:07:21,064|0,0|0,0|100,0|995|660|335|10,59|1,99|2,40|1,66
2013-10-25 19:07:26,508|0,0|0,0|100,0|995|660|335|10,59|1,99|0,53|0,00
2013-10-25 19:07:31,951|0,0|0,0|100,0|995|660|335|10,59|1,99|1,02|0,00
2013-10-25 19:07:37,386|0,0|0,0|100,0|995|660|335|10,59|1,99|1,29|0,00
2013-10-25 19:07:42,821|0,0|0,0|100,0|995|660|335|10,59|1,99|0,49|6,00
2013-10-25 19:07:48,261|0,0|0,0|100,0|995|660|335|10,59|1,99|2,83|0,06
2013-10-25 19:07:53,702|0,0|0,0|100,0|995|660|335|10,59|1,99|0,41|0,00
2013-10-25 19:07:59,142|0,0|0,0|100,0|995|660|335|10,59|1,99|0,35|0,00
2013-10-25 19:08:04,575|0,0|0,0|100,0|995|660|335|10,59|1,99|1,52|0,00
2013-10-25 19:08:10,018|0,0|0,0|100,0|995|660|335|10,59|1,99|0,45|1,66
2013-10-25 19:08:15,452|0,0|0,0|100,0|995|660|335|10,59|1,99|0,67|0,59
2013-10-25 19:08:20,890|0,0|0,0|100,0|995|660|335|10,59|1,99|2,00|0,00
2013-10-25 19:08:26,321|0,0|0,0|100,0|995|660|335|10,59|1,99|1,59|0,00
2013-10-25 19:08:31,762|0,0|0,0|100,0|995|660|335|10,59|1,99|1,59|0,00
2013-10-25 19:08:37,198|0,0|0,0|100,0|995|660|334|10,59|1,99|1,86|1,66
2013-10-25 19:08:42,628|0,0|0,0|100,0|995|660|335|10,59|1,99|2,06|1,67
2013-10-25 19:08:48,071|0,0|0,0|100,0|995|660|335|10,59|1,99|1,28|0,00
2013-10-25 19:08:53,505|0,0|0,0|100,0|995|660|334|10,59|1,99|7,61|0,00
2013-10-25 19:08:58,941|0,0|0,0|100,0|995|660|334|10,59|1,99|0,59|0,00
2013-10-25 19:09:04,373|0,0|0,0|100,0|995|660|334|10,59|1,99|1,18|0,00
2013-10-25 19:09:09,808|0,0|0,0|100,0|995|660|334|10,59|1,99|1,25|1,66
2013-10-25 19:09:15,250|0,0|0,0|100,0|995|660|334|10,59|1,99|1,09|0,00
2013-10-25 19:09:20,686|0,0|0,0|100,0|995|660|334|10,59|1,99|1,96|0,00
2013-10-25 19:09:26,122|0,0|0,0|100,0|995|660|334|10,59|1,99|0,94|0,00
2013-10-25 19:09:31,551|0,0|0,0|100,0|995|660|334|10,59|1,99|0,35|0,00
2013-10-25 19:09:36,989|0,0|0,0|100,0|995|660|334|10,59|1,99|0,84|6,00
2013-10-25 19:09:42,422|0,0|0,0|100,0|995|660|334|10,59|1,99|1,44|1,66
2013-10-25 19:09:47,860|2,0|0,0|98,0|995|660|334|10,59|1,99|1,00|0,00
2013-10-25 19:09:53,305|0,0|0,0|100,0|995|660|334|10,59|1,99|1,85|0,00
2013-10-25 19:09:58,747|0,0|1,9|98,0|995|660|334|10,59|1,99|0,55|0,00
2013-10-25 19:10:04,181|0,0|0,0|100,0|995|660|334|10,59|1,99|1,07|7,68
2013-10-25 19:10:09,616|0,0|0,0|100,0|995|660|334|10,59|1,99|1,87|1,66
2013-10-25 19:10:15,053|0,0|0,0|100,0|995|660|334|10,59|1,99|0,47|0,00
2013-10-25 19:10:20,489|0,0|0,0|100,0|995|660|334|10,59|1,99|0,83|0,00
2013-10-25 19:10:25,924|0,0|0,0|100,0|995|660|334|10,59|1,99|0,95|0,00
2013-10-25 19:10:31,362|0,0|0,0|100,0|995|660|334|10,59|1,99|0,47|0,00
2013-10-25 19:10:36,797|0,0|0,0|100,0|995|660|334|10,58|1,99|2,40|0,00
2013-10-25 19:10:42,237|0,0|0,0|100,0|995|660|334|10,58|1,99|1,07|0,00
2013-10-25 19:10:47,669|0,0|0,0|100,0|995|660|334|10,58|1,99|6,94|1,48
2013-10-25 19:10:53,138|0,0|0,0|100,0|995|660|334|10,58|1,99|5,33|0,00
2013-10-25 19:10:58,586|0,0|2,0|98,0|995|660|334|10,58|1,99|5,64|0,00
2013-10-25 19:11:04,034|0,0|0,0|100,0|995|660|334|10,58|1,99|1,00|0,00
2013-10-25 19:11:09,518|0,0|0,0|100,0|995|660|334|10,58|1,99|2,58|0,00
2013-10-25 19:11:14,962|0,0|0,0|100,0|995|660|334|10,58|1,99|1,48|0,00
2013-10-25 19:11:20,392|0,0|0,0|100,0|995|660|334|10,58|1,99|1,56|0,00
2013-10-25 19:11:25,842|0,0|0,0|100,0|995|660|334|10,58|1,99|1,93|0,00
2013-10-25 19:11:31,277|0,0|0,0|100,0|995|660|334|10,58|1,99|0,85|0,00
2013-10-25 19:11:36,712|0,0|0,0|100,0|995|660|334|10,58|1,99|0,88|0,00
2013-10-25 19:11:42,153|0,0|0,0|100,0|995|660|334|10,58|1,99|1,30|0,00
2013-10-25 19:11:47,586|0,0|0,0|100,0|995|660|334|10,58|1,99|1,36|0,00
2013-10-25 19:11:53,026|0,0|0,0|100,0|995|660|334|10,58|2,00|0,91|0,00
2013-10-25 19:11:58,462|0,0|0,0|100,0|995|660|334|10,58|2,00|0,74|0,00
2013-10-25 19:12:03,896|0,0|0,0|100,0|995|660|334|10,58|2,00|0,97|0,00
2013-10-25 19:12:09,334|0,0|0,0|100,0|995|660|334|10,58|2,00|1,94|0,00
2013-10-25 19:12:14,770|0,0|0,0|100,0|995|660|334|10,58|2,00|1,25|0,00
2013-10-25 19:12:20,210|0,0|0,0|100,0|995|660|334|10,58|2,00|2,94|0,00
2013-10-25 19:12:25,642|0,0|0,0|100,0|995|660|334|10,58|2,00|2,68|0,00
2013-10-25 19:12:31,082|0,0|0,0|100,0|995|660|334|10,58|2,00|1,33|0,00
2013-10-25 19:12:36,520|0,0|0,0|100,0|995|660|334|10,58|2,00|1,11|0,00
2013-10-25 19:12:41,959|0,0|0,0|100,0|995|660|334|10,58|2,00|1,52|0,00
2013-10-25 19:12:47,393|0,0|0,0|100,0|995|660|334|10,58|2,00|1,71|0,00
2013-10-25 19:12:52,838|0,0|0,0|100,0|995|660|334|10,58|2,00|0,82|0,00
2013-10-25 19:12:58,281|0,0|0,0|100,0|995|660|334|10,58|2,00|0,79|0,00
2013-10-25 19:13:03,712|0,0|0,0|100,0|995|660|334|10,58|2,00|1,92|0,00
2013-10-25 19:13:09,153|0,0|0,0|100,0|995|660|334|10,58|2,00|1,00|0,00
2013-10-25 19:13:14,585|0,0|0,0|100,0|995|661|334|10,58|2,00|1,38|0,00
2013-10-25 19:13:20,021|0,0|0,0|100,0|995|661|334|10,58|2,00|13,43|0,04
2013-10-25 19:13:25,454|0,0|0,0|100,0|995|661|334|10,58|2,00|2,45|0,00
2013-10-25 19:13:30,902|0,0|0,0|100,0|995|661|334|10,58|2,00|1,16|0,00
2013-10-25 19:13:36,339|0,0|0,0|100,0|995|661|334|10,58|2,00|0,94|0,00
2013-10-25 19:13:41,787|0,0|0,0|100,0|995|661|334|10,58|2,00|0,64|0,00
2013-10-25 19:13:47,231|0,0|0,0|100,0|995|661|334|10,58|2,00|2,17|0,00
2013-10-25 19:13:52,669|0,0|0,0|100,0|995|661|334|10,58|2,00|0,83|0,00
2013-10-25 19:13:58,108|0,0|0,0|100,0|995|661|334|10,58|2,00|8,64|0,15
2013-10-25 19:14:03,544|0,0|0,0|100,0|995|661|334|10,58|2,00|5,06|0,00
2013-10-25 19:14:08,981|0,0|0,0|100,0|995|661|334|10,58|2,00|1,73|0,00
2013-10-25 19:14:14,417|0,0|0,0|100,0|995|661|334|10,58|2,00|2,55|0,00
2013-10-25 19:14:19,904|0,0|0,0|100,0|995|661|334|10,58|2,00|3,38|0,00
2013-10-25 19:14:25,337|0,0|0,0|100,0|995|661|334|10,58|2,00|1,25|0,00
2013-10-25 19:14:30,772|0,0|0,0|100,0|995|661|334|10,58|2,00|1,29|0,00
2013-10-25 19:14:36,208|0,0|0,0|100,0|995|661|334|10,58|2,00|0,82|0,00
2013-10-25 19:14:41,641|0,0|0,0|100,0|995|661|334|10,58|2,00|0,53|0,00
2013-10-25 19:14:47,081|0,0|0,0|100,0|995|661|334|10,58|2,00|2,25|0,00
2013-10-25 19:14:52,522|0,0|0,0|100,0|995|661|334|10,58|2,00|1,88|0,00
2013-10-25 19:14:57,958|0,0|0,0|100,0|995|661|334|10,58|2,00|1,25|0,00
2013-10-25 19:15:03,395|0,0|0,0|100,0|995|661|334|10,58|2,00|0,93|0,00
2013-10-25 19:15:08,844|0,0|0,0|100,0|995|661|334|10,58|2,00|0,64|0,00
2013-10-25 19:15:14,294|2,0|0,0|98,0|995|661|334|10,58|2,00|1,70|0,00
2013-10-25 19:15:19,740|0,0|0,0|100,0|995|661|334|10,58|2,00|1,38|0,00
2013-10-25 19:15:25,180|0,0|0,0|100,0|995|661|334|10,58|2,00|0,95|0,00
2013-10-25 19:15:30,614|0,0|0,0|100,0|995|661|334|10,58|2,00|1,04|0,00
2013-10-25 19:15:36,051|0,0|0,0|100,0|995|661|334|10,58|2,00|1,13|0,00
2013-10-25 19:15:41,490|0,0|1,9|98,0|995|661|334|10,58|2,00|0,83|0,00
2013-10-25 19:15:46,935|0,0|0,0|100,0|995|661|334|10,58|2,00|2,02|0,00
2013-10-25 19:15:52,370|0,0|0,0|100,0|995|661|334|10,58|2,00|1,69|0,00
2013-10-25 19:15:57,818|0,0|0,0|100,0|995|661|334|10,58|2,00|1,60|0,00
2013-10-25 19:16:03,263|0,0|0,0|100,0|995|661|334|10,58|2,00|0,91|0,00
2013-10-25 19:16:08,704|0,0|0,0|100,0|995|661|334|10,58|2,00|0,85|0,00
2013-10-25 19:16:14,140|0,0|0,0|100,0|995|661|334|10,58|2,00|1,45|0,00
2013-10-25 19:16:19,573|0,0|0,0|100,0|995|661|334|10,58|2,00|1,05|0,00
2013-10-25 19:16:25,013|0,0|0,0|100,0|995|661|334|10,58|2,00|1,36|0,00
2013-10-25 19:16:30,454|0,0|0,0|100,0|995|661|334|10,58|2,00|3,16|0,00
2013-10-25 19:16:35,894|0,0|0,0|100,0|995|661|334|10,58|2,00|0,99|0,00
2013-10-25 19:16:41,329|0,0|0,0|100,0|995|661|334|10,58|2,00|1,54|0,00
2013-10-25 19:16:46,768|0,0|0,0|100,0|995|661|334|10,58|2,00|2,18|0,00
2013-10-25 19:16:52,208|0,0|0,0|100,0|995|661|334|10,58|2,00|2,85|0,00
2013-10-25 19:16:57,652|0,0|0,0|100,0|995|661|334|10,58|2,00|0,59|0,00
2013-10-25 19:17:03,089|0,0|0,0|100,0|995|661|334|10,58|2,00|0,80|0,00
2013-10-25 19:17:08,522|0,0|0,0|100,0|995|661|334|10,58|2,00|7,36|0,00
2013-10-25 19:17:13,970|0,0|0,0|100,0|995|661|334|10,58|2,00|2,13|0,00
2013-10-25 19:17:19,406|0,0|0,0|100,0|995|661|334|10,58|2,00|0,90|0,00
2013-10-25 19:17:24,844|0,0|0,0|100,0|995|661|334|10,58|2,00|1,63|0,00
2013-10-25 19:17:30,289|0,0|0,0|100,0|995|661|334|10,58|2,00|0,65|0,00
2013-10-25 19:17:35,725|0,0|1,9|98,0|995|661|334|10,58|2,00|1,85|0,00
2013-10-25 19:17:41,161|0,0|0,0|100,0|995|661|334|10,58|2,00|1,83|0,00
2013-10-25 19:17:46,597|0,0|0,0|100,0|995|661|334|10,58|2,00|3,11|0,00
2013-10-25 19:17:52,037|0,0|0,0|100,0|995|661|334|10,58|2,00|1,07|0,04
2013-10-25 19:17:57,473|0,0|0,0|100,0|995|661|334|10,58|2,00|1,46|0,00
2013-10-25 19:18:02,918|0,0|0,0|100,0|995|661|334|10,58|2,00|1,09|0,00
2013-10-25 19:18:08,356|0,0|0,0|100,0|995|661|334|10,58|2,00|1,85|0,00
2013-10-25 19:18:13,802|0,0|0,0|100,0|995|661|334|10,58|2,00|1,33|0,00
2013-10-25 19:18:19,251|0,0|0,0|100,0|995|661|334|10,58|2,00|1,06|0,00
2013-10-25 19:18:24,686|0,0|0,0|100,0|995|661|333|10,58|2,00|1,13|0,00
2013-10-25 19:18:30,130|0,0|0,0|100,0|995|661|333|10,58|2,00|2,09|0,00
2013-10-25 19:18:35,561|0,0|1,9|98,0|995|661|333|10,58|2,00|1,05|0,00
2013-10-25 19:18:40,997|0,0|0,0|100,0|995|661|333|10,58|2,00|2,71|0,00
2013-10-25 19:18:46,437|0,0|0,0|100,0|995|661|333|10,58|2,00|1,78|0,00
2013-10-25 19:18:51,878|0,0|0,0|100,0|995|661|333|10,58|2,00|2,46|0,00
2013-10-25 19:18:57,318|0,0|0,0|100,0|995|661|333|10,58|2,00|9,24|0,00
2013-10-25 19:19:02,752|0,0|0,0|100,0|995|661|333|10,58|2,00|1,35|0,00
2013-10-25 19:19:08,188|0,0|0,0|100,0|995|661|333|10,58|2,00|1,76|0,00
2013-10-25 19:19:13,622|0,0|0,0|100,0|995|661|333|10,58|2,00|2,06|0,00
2013-10-25 19:19:19,066|0,0|0,0|100,0|995|661|333|10,58|2,00|1,05|0,00
2013-10-25 19:19:24,504|0,0|0,0|100,0|995|661|333|10,58|2,00|0,79|0,00
2013-10-25 19:19:30,002|0,0|0,0|100,0|995|661|333|10,58|2,00|0,88|0,00
2013-10-25 19:19:35,441|0,0|0,0|100,0|995|661|333|10,58|2,00|1,92|0,00
2013-10-25 19:19:40,887|0,0|0,0|100,0|995|661|333|10,58|2,00|2,66|0,00
2013-10-25 19:19:46,332|0,0|0,0|100,0|995|661|333|10,58|2,00|1,48|0,00
2013-10-25 19:19:51,782|0,0|0,0|100,0|995|661|333|10,58|2,00|2,73|0,04
2013-10-25 19:19:57,225|0,0|0,0|100,0|995|661|333|10,58|2,00|1,22|0,00
2013-10-25 19:20:02,662|0,0|0,0|100,0|995|661|333|10,58|2,00|0,78|0,00
2013-10-25 19:20:08,105|0,0|0,0|100,0|995|661|333|10,58|2,00|5,59|0,00
2013-10-25 19:20:13,552|0,0|0,0|100,0|995|661|333|10,58|2,00|6,06|0,00
2013-10-25 19:20:18,994|0,0|0,0|100,0|995|661|333|10,58|2,00|14,96|0,04
2013-10-25 19:20:24,429|0,0|0,0|100,0|995|661|333|10,58|2,00|1,98|0,00
2013-10-25 19:20:29,869|0,0|0,0|100,0|995|662|333|10,57|2,00|0,47|0,00
2013-10-25 19:20:35,318|0,0|0,0|100,0|995|662|333|10,57|2,00|2,08|0,00
2013-10-25 19:20:40,756|0,0|0,0|100,0|995|662|333|10,57|2,00|0,62|0,00
2013-10-25 19:20:46,197|0,0|0,0|100,0|995|662|333|10,57|2,00|3,55|0,00
2013-10-25 19:20:51,627|0,0|0,0|98,0|995|662|333|10,57|2,00|2,52|0,00
2013-10-25 19:20:57,073|0,0|0,0|100,0|995|662|333|10,57|2,00|1,60|0,00
2013-10-25 19:21:02,554|0,0|0,0|100,0|995|662|333|10,57|2,00|0,95|0,00
2013-10-25 19:21:07,991|0,0|0,0|100,0|995|662|333|10,57|2,00|0,79|0,00
2013-10-25 19:21:13,432|0,0|0,0|100,0|995|662|333|10,57|2,00|2,01|0,00
2013-10-25 19:21:18,869|0,0|0,0|100,0|995|662|333|10,57|2,00|1,00|0,00
2013-10-25 19:21:24,305|0,0|0,0|100,0|995|662|333|10,57|2,00|2,61|0,00
2013-10-25 19:21:29,740|0,0|0,0|100,0|995|662|333|10,57|2,00|1,17|0,00
2013-10-25 19:21:35,186|0,0|0,0|100,0|995|662|333|10,57|2,00|1,29|0,00
2013-10-25 19:21:40,624|0,0|0,0|100,0|995|662|333|10,57|2,00|0,29|0,00
2013-10-25 19:21:46,071|0,0|0,0|100,0|995|662|333|10,57|2,00|4,49|0,00
2013-10-25 19:21:51,507|0,0|0,0|100,0|995|662|333|10,57|2,00|1,77|0,00
2013-10-25 19:21:56,945|1,9|0,0|98,0|995|662|333|10,57|2,00|1,83|1,48
2013-10-25 19:22:02,382|0,0|0,0|100,0|995|662|333|10,57|2,00|1,90|0,00
2013-10-25 19:22:07,817|0,0|0,0|100,0|995|662|333|10,57|2,00|1,21|0,00
2013-10-25 19:22:13,265|0,0|0,0|100,0|995|662|333|10,57|2,00|0,89|0,00
2013-10-25 19:22:18,710|0,0|0,0|100,0|995|662|333|10,57|2,00|1,07|0,00
2013-10-25 19:22:24,149|0,0|0,0|100,0|995|662|333|10,57|2,00|1,71|0,00
2013-10-25 19:22:29,591|0,0|0,0|100,0|995|662|333|10,57|2,00|0,82|0,00
2013-10-25 19:22:35,033|0,0|0,0|100,0|995|662|333|10,57|2,00|1,29|0,00
2013-10-25 19:22:40,474|0,0|0,0|100,0|995|662|333|10,57|2,00|0,47|0,00
2013-10-25 19:22:45,905|0,0|0,0|100,0|995|662|333|10,57|2,00|0,98|0,00
2013-10-25 19:22:51,342|0,0|0,0|100,0|995|662|333|10,57|2,00|1,47|0,00
2013-10-25 19:22:56,782|0,0|0,0|100,0|995|662|333|10,57|2,00|1,60|0,00
2013-10-25 19:23:02,218|0,0|0,0|100,0|995|662|333|10,57|2,00|0,88|0,00
2013-10-25 19:23:07,652|0,0|0,0|100,0|995|662|333|10,57|2,00|1,99|0,00
2013-10-25 19:23:13,093|0,0|0,0|100,0|995|662|333|10,57|2,00|3,30|0,00
2013-10-25 19:23:18,533|0,0|0,0|100,0|995|662|333|10,57|2,00|4,29|0,00
2013-10-25 19:23:23,973|0,0|0,0|100,0|995|662|333|10,57|2,00|2,29|0,00
2013-10-25 19:23:29,413|0,0|0,0|100,0|995|662|333|10,57|2,00|1,20|0,00
2013-10-25 19:23:34,853|0,0|0,0|100,0|995|662|333|10,57|2,00|1,88|0,00
2013-10-25 19:23:40,293|0,0|0,0|100,0|995|662|333|10,57|2,00|0,79|0,00
2013-10-25 19:23:45,735|0,0|0,0|100,0|995|662|333|10,57|2,00|1,31|0,00
2013-10-25 19:23:51,182|0,0|0,0|100,0|995|662|333|10,57|2,00|8,99|0,00
2013-10-25 19:23:56,622|0,0|0,0|100,0|995|662|333|10,57|2,00|8,90|1,48
2013-10-25 19:24:02,110|0,0|0,0|100,0|995|662|333|10,57|2,00|2,33|0,00
2013-10-25 19:24:07,541|0,0|0,0|100,0|995|662|333|10,57|2,00|1,05|0,00
2013-10-25 19:24:12,988|0,0|0,0|100,0|995|662|333|10,57|2,00|2,59|0,00
2013-10-25 19:24:18,434|0,0|0,0|100,0|995|662|333|10,57|2,00|3,01|0,00
2013-10-25 19:24:23,878|0,0|0,0|100,0|995|662|333|10,57|2,00|2,55|0,00
2013-10-25 19:24:29,308|0,0|0,0|100,0|995|662|333|10,57|2,00|2,16|0,00
2013-10-25 19:24:34,744|0,0|0,0|100,0|995|662|333|10,57|2,00|3,04|0,00
2013-10-25 19:24:40,181|0,0|0,0|100,0|995|662|333|10,57|2,00|0,59|0,00
2013-10-25 19:24:45,610|0,0|0,0|100,0|995|662|333|10,57|2,00|1,16|0,00
2013-10-25 19:24:51,046|0,0|0,0|100,0|995|662|333|10,57|2,00|2,04|0,00
2013-10-25 19:24:56,481|0,0|0,0|100,0|995|662|333|10,57|2,00|1,12|0,00
2013-10-25 19:25:01,923|0,0|0,0|100,0|995|662|333|10,57|2,00|0,98|0,00
2013-10-25 19:25:07,365|0,0|0,0|100,0|995|662|333|10,57|2,00|1,13|0,00
2013-10-25 19:25:12,802|0,0|0,0|100,0|995|662|333|10,57|2,00|3,00|0,00
2013-10-25 19:25:18,238|0,0|0,0|100,0|995|662|333|10,57|2,00|0,97|0,00
2013-10-25 19:25:23,667|0,0|0,0|100,0|995|662|333|10,57|2,00|0,82|0,00
2013-10-25 19:25:29,104|0,0|0,0|100,0|995|662|333|10,57|2,00|0,93|0,00
2013-10-25 19:25:34,533|0,0|0,0|100,0|995|662|333|10,57|2,00|6,00|0,00
2013-10-25 19:25:39,970|0,0|0,0|100,0|995|662|333|10,57|2,00|0,90|0,00
2013-10-25 19:25:45,400|0,0|0,0|100,0|995|662|333|10,57|2,00|1,94|0,00
2013-10-25 19:25:50,846|0,0|0,0|100,0|995|662|333|10,57|2,00|1,15|0,00
2013-10-25 19:25:56,289|0,0|0,0|100,0|995|658|337|10,57|2,00|1,59|0,00
2013-10-25 19:26:01,720|0,0|0,0|100,0|995|658|337|10,57|2,00|1,37|0,00
2013-10-25 19:26:07,156|0,0|0,0|100,0|995|658|337|10,57|2,00|0,88|0,00
2013-10-25 19:26:12,589|0,0|0,0|100,0|995|658|337|10,57|2,00|1,80|0,00
2013-10-25 19:26:18,033|0,0|0,0|100,0|995|658|337|10,57|2,00|1,65|0,00
2013-10-25 19:26:23,472|0,0|0,0|100,0|995|658|337|10,57|2,00|2,70|0,00
2013-10-25 19:26:28,911|0,0|0,0|100,0|995|658|337|10,57|2,00|0,75|0,00
2013-10-25 19:26:34,342|0,0|0,0|100,0|995|658|337|10,57|2,00|1,17|0,00
2013-10-25 19:26:39,792|0,0|0,0|100,0|995|658|337|10,57|2,00|0,90|0,00
2013-10-25 19:26:45,232|0,0|0,0|100,0|995|658|337|10,57|2,00|2,75|0,00
2013-10-25 19:26:50,665|0,0|0,0|100,0|995|658|337|10,57|2,00|1,15|0,00
2013-10-25 19:26:56,104|0,0|0,0|100,0|995|658|337|10,57|2,00|1,01|0,00
2013-10-25 19:27:01,546|0,0|0,0|100,0|995|658|337|10,57|2,00|2,04|0,00
2013-10-25 19:27:06,981|0,0|0,0|100,0|995|658|337|10,57|2,00|3,18|0,00
2013-10-25 19:27:12,413|0,0|0,0|100,0|995|658|337|10,57|2,00|0,76|0,00
2013-10-25 19:27:17,865|0,0|0,0|100,0|995|658|337|10,57|2,00|3,29|0,04
2013-10-25 19:27:23,307|0,0|0,0|100,0|995|658|337|10,57|2,00|2,60|0,00
2013-10-25 19:27:28,749|0,0|0,0|100,0|995|658|337|10,57|2,00|0,89|0,00
2013-10-25 19:27:34,186|0,0|0,0|100,0|995|658|337|10,57|2,00|1,27|0,00
2013-10-25 19:27:39,617|0,0|0,0|100,0|995|658|337|10,57|2,00|3,39|0,00
2013-10-25 19:27:45,052|0,0|0,0|100,0|995|658|337|10,57|2,00|1,64|0,00
2013-10-25 19:27:50,486|0,0|0,0|100,0|995|658|337|10,57|2,00|0,85|0,00
2013-10-25 19:27:55,925|0,0|0,0|100,0|995|658|337|10,57|2,00|1,33|0,00
2013-10-25 19:28:01,359|0,0|0,0|100,0|995|658|337|10,57|2,00|1,24|0,00
2013-10-25 19:28:06,802|0,0|0,0|100,0|995|658|337|10,57|2,00|0,62|0,00
2013-10-25 19:28:12,239|0,0|0,0|100,0|995|658|337|10,57|2,00|0,88|0,00
2013-10-25 19:28:17,677|0,0|0,0|100,0|995|658|337|10,57|2,00|1,04|0,00
2013-10-25 19:28:23,117|0,0|0,0|100,0|995|658|337|10,57|2,00|0,53|0,00
2013-10-25 19:28:28,552|0,0|0,0|100,0|995|658|337|10,57|2,00|7,39|0,00
2013-10-25 19:28:33,996|0,0|0,0|100,0|995|658|337|10,57|2,00|0,97|0,00
2013-10-25 19:28:39,430|0,0|0,0|100,0|995|658|337|10,57|2,00|3,54|0,00
2013-10-25 19:28:44,872|0,0|0,0|100,0|995|658|337|10,57|2,00|1,16|0,00
2013-10-25 19:28:50,304|0,0|0,0|100,0|995|658|337|10,57|2,00|1,05|0,00
2013-10-25 19:28:55,750|0,0|0,0|100,0|995|658|337|10,57|2,00|1,51|0,00
2013-10-25 19:29:01,195|0,0|1,9|98,0|995|658|336|10,57|2,00|1,24|0,00
2013-10-25 19:29:06,634|0,0|0,0|100,0|995|658|336|10,57|2,00|1,05|0,00
2013-10-25 19:29:12,071|0,0|0,0|100,0|995|658|336|10,57|2,00|1,11|0,00
2013-10-25 19:29:17,512|0,0|0,0|100,0|995|658|336|10,57|2,00|13,84|0,00
2013-10-25 19:29:22,960|0,0|0,0|100,0|995|658|336|10,57|2,00|2,14|0,00
2013-10-25 19:29:28,395|0,0|0,0|100,0|995|658|336|10,57|2,00|3,06|0,00
2013-10-25 19:29:33,839|0,0|0,0|100,0|995|658|336|10,57|2,00|1,32|0,00
2013-10-25 19:29:39,281|0,0|0,0|100,0|995|658|336|10,57|2,00|19,17|0,04
2013-10-25 19:29:44,716|0,0|0,0|100,0|995|658|336|10,57|2,00|2,88|0,00
2013-10-25 19:29:50,152|0,0|0,0|100,0|995|658|336|10,57|2,00|0,99|0,00
2013-10-25 19:29:55,589|0,0|0,0|100,0|995|658|336|10,57|2,00|0,77|0,00
2013-10-25 19:30:01,025|0,0|1,9|98,0|995|658|336|10,57|2,00|1,27|0,00
2013-10-25 19:30:06,458|0,0|0,0|100,0|995|658|336|10,57|2,00|0,76|0,00
2013-10-25 19:30:11,902|0,0|0,0|100,0|995|658|336|10,57|2,00|2,22|0,00
2013-10-25 19:30:17,340|0,0|0,0|100,0|995|658|336|10,57|2,00|2,26|0,00
2013-10-25 19:30:22,784|0,0|0,0|100,0|995|658|336|10,56|2,00|1,66|0,00
2013-10-25 19:30:28,222|0,0|0,0|100,0|995|658|336|10,56|2,00|2,03|0,00
2013-10-25 19:30:33,661|0,0|0,0|100,0|995|658|336|10,56|2,00|1,32|0,00
2013-10-25 19:30:39,111|0,0|0,0|100,0|995|658|336|10,56|2,00|3,50|0,00
2013-10-25 19:30:44,546|0,0|0,0|100,0|995|658|336|10,56|2,00|2,85|0,00
2013-10-25 19:30:49,989|0,0|0,0|100,0|995|658|336|10,56|2,00|0,82|0,00
2013-10-25 19:30:55,420|0,0|0,0|100,0|995|658|336|10,56|2,00|0,85|0,00
2013-10-25 19:31:00,865|0,0|0,0|100,0|995|658|336|10,56|2,00|1,16|0,00
2013-10-25 19:31:06,304|0,0|0,0|100,0|995|658|336|10,56|2,00|0,70|0,00
2013-10-25 19:31:11,740|0,0|0,0|100,0|995|658|336|10,56|2,00|0,63|0,00
2013-10-25 19:31:17,180|0,0|0,0|100,0|995|658|336|10,56|2,00|1,09|0,00
2013-10-25 19:31:22,618|0,0|0,0|100,0|995|658|336|10,56|2,00|1,47|0,00
2013-10-25 19:31:28,054|0,0|0,0|100,0|995|658|336|10,56|2,00|1,95|0,00
2013-10-25 19:31:33,484|0,0|0,0|100,0|995|658|336|10,56|2,00|1,38|0,00
2013-10-25 19:31:38,921|0,0|0,0|100,0|995|658|336|10,56|2,00|1,02|0,00
2013-10-25 19:31:44,352|0,0|0,0|100,0|995|658|336|10,56|2,00|1,48|0,00
2013-10-25 19:31:49,792|0,0|0,0|100,0|995|658|336|10,56|2,00|1,59|0,00
2013-10-25 19:31:55,239|0,0|0,0|100,0|995|658|336|10,56|2,00|2,62|0,00
2013-10-25 19:32:00,675|0,0|0,0|100,0|995|658|336|10,56|2,00|1,31|0,00
2013-10-25 19:32:06,122|0,0|0,0|100,0|995|658|336|10,56|2,00|1,11|0,00
2013-10-25 19:32:11,557|0,0|0,0|100,0|995|658|336|10,56|2,00|3,22|0,04
2013-10-25 19:32:17,000|0,0|0,0|100,0|995|658|336|10,56|2,00|2,33|0,00
2013-10-25 19:32:22,432|0,0|0,0|100,0|995|658|336|10,56|2,00|3,26|0,00
2013-10-25 19:32:27,869|0,0|0,0|100,0|995|658|336|10,56|2,00|2,18|0,00
2013-10-25 19:32:33,304|0,0|0,0|100,0|995|658|336|10,56|2,00|11,91|0,00
2013-10-25 19:32:38,747|0,0|0,0|100,0|995|658|336|10,56|2,00|4,85|0,04
2013-10-25 19:32:44,189|0,0|0,0|100,0|995|658|336|10,56|2,00|2,00|0,00
2013-10-25 19:32:49,621|0,0|0,0|100,0|995|658|336|10,56|2,00|2,62|0,00
2013-10-25 19:32:55,060|0,0|0,0|100,0|995|658|336|10,56|2,00|2,75|0,00
2013-10-25 19:33:00,494|0,0|0,0|100,0|995|658|336|10,56|2,00|1,02|0,00
2013-10-25 19:33:05,937|0,0|0,0|100,0|995|658|336|10,56|2,00|8,84|0,00
2013-10-25 19:33:11,373|0,0|0,0|100,0|995|658|336|10,56|2,00|2,84|0,00
2013-10-25 19:33:16,864|0,0|0,0|100,0|995|658|336|10,56|2,01|1,74|0,00
2013-10-25 19:33:22,306|0,0|0,0|100,0|995|658|336|10,56|2,01|1,39|0,00
2013-10-25 19:33:27,740|0,0|0,0|100,0|995|658|336|10,56|2,01|2,05|0,00
2013-10-25 19:33:33,177|0,0|0,0|100,0|995|658|336|10,56|2,01|3,19|0,00
2013-10-25 19:33:38,609|0,0|0,0|100,0|995|658|336|10,56|2,01|1,53|0,00
2013-10-25 19:33:44,049|0,0|0,0|100,0|995|658|336|10,56|2,01|2,30|0,00
2013-10-25 19:33:49,482|0,0|0,0|100,0|995|658|336|10,56|2,01|2,22|0,00
2013-10-25 19:33:54,917|0,0|0,0|100,0|995|658|336|10,56|2,01|0,62|0,00
2013-10-25 19:34:00,352|0,0|0,0|100,0|995|658|336|10,56|2,01|1,04|0,00
2013-10-25 19:34:05,799|0,0|0,0|100,0|995|658|336|10,56|2,01|1,31|0,00
2013-10-25 19:34:11,237|0,0|0,0|100,0|995|658|336|10,56|2,01|1,01|0,00
2013-10-25 19:34:16,683|0,0|0,0|100,0|995|658|336|10,56|2,01|3,40|0,00
2013-10-25 19:34:22,146|0,0|0,0|100,0|995|658|336|10,56|2,01|0,59|0,00
2013-10-25 19:34:27,581|0,0|0,0|100,0|995|658|336|10,56|2,01|2,84|0,00
2013-10-25 19:34:33,026|0,0|0,0|100,0|995|658|336|10,56|2,01|1,71|0,00
2013-10-25 19:34:38,471|0,0|0,0|100,0|995|658|336|10,56|2,01|4,19|0,00
2013-10-25 19:34:43,913|0,0|0,0|100,0|995|658|336|10,56|2,01|0,64|0,00
2013-10-25 19:34:49,351|0,0|0,0|100,0|995|658|336|10,56|2,01|2,04|0,00
2013-10-25 19:34:54,786|0,0|0,0|100,0|995|658|336|10,56|2,01|0,86|0,00
2013-10-25 19:35:00,229|0,0|0,0|100,0|995|658|336|10,56|2,01|1,40|0,00
2013-10-25 19:35:05,669|0,0|0,0|100,0|995|658|336|10,56|2,01|0,94|0,00
2013-10-25 19:35:11,111|0,0|0,0|100,0|995|658|336|10,56|2,01|0,91|0,00
2013-10-25 19:35:16,549|0,0|0,0|100,0|995|658|336|10,56|2,01|12,05|0,00
2013-10-25 19:35:21,995|0,0|0,0|100,0|995|658|336|10,56|2,01|0,99|0,00
2013-10-25 19:35:27,430|0,0|0,0|100,0|995|658|336|10,56|2,01|8,94|0,00
2013-10-25 19:35:32,867|0,0|0,0|100,0|995|658|336|10,56|2,01|2,53|0,00
2013-10-25 19:35:38,308|0,0|0,0|100,0|995|658|336|10,56|2,01|1,67|0,00
2013-10-25 19:35:43,750|0,0|0,0|100,0|995|658|336|10,56|2,01|1,19|0,00
2013-10-25 19:35:49,194|0,0|0,0|100,0|995|658|336|10,56|2,01|1,71|0,00
2013-10-25 19:35:54,640|0,0|0,0|100,0|995|658|336|10,56|2,01|0,94|0,00
2013-10-25 19:36:00,077|0,0|0,0|100,0|995|658|336|10,56|2,01|0,67|0,00
2013-10-25 19:36:05,521|0,0|0,0|100,0|995|658|336|10,56|2,01|0,52|0,00
2013-10-25 19:36:10,965|0,0|0,0|100,0|995|658|336|10,56|2,01|0,85|0,00
2013-10-25 19:36:16,403|0,0|0,0|100,0|995|658|336|10,56|2,01|6,45|0,00
2013-10-25 19:36:21,850|0,0|0,0|100,0|995|658|336|10,56|2,01|0,71|0,00
2013-10-25 19:36:27,292|0,0|0,0|100,0|995|658|336|10,56|2,01|0,65|0,00
2013-10-25 19:36:32,737|0,0|0,0|100,0|995|658|336|10,56|2,01|1,02|0,00
2013-10-25 19:36:38,181|0,0|0,0|100,0|995|658|336|10,56|2,01|4,57|0,00
2013-10-25 19:36:43,614|0,0|0,0|100,0|995|658|336|10,56|2,01|6,56|0,00
2013-10-25 19:36:49,052|0,0|0,0|100,0|995|658|336|10,56|2,01|6,02|0,04
2013-10-25 19:36:54,490|0,0|0,0|100,0|995|658|336|10,56|2,01|1,14|0,00
2013-10-25 19:36:59,927|0,0|0,0|100,0|995|658|336|10,56|2,01|0,12|0,00
2013-10-25 19:37:05,363|0,0|0,0|100,0|995|658|336|10,56|2,01|1,43|0,00
2013-10-25 19:37:10,814|0,0|0,0|100,0|995|658|336|10,56|2,01|0,55|0,00
2013-10-25 19:37:16,257|0,0|0,0|100,0|995|658|336|10,56|2,01|1,11|0,00
2013-10-25 19:37:21,696|0,0|0,0|100,0|995|658|336|10,56|2,01|0,85|0,00
2013-10-25 19:37:27,141|0,0|0,0|100,0|995|658|336|10,56|2,01|0,41|0,00
2013-10-25 19:37:32,578|0,0|0,0|100,0|995|658|336|10,56|2,01|11,95|0,00
2013-10-25 19:37:38,018|0,0|0,0|100,0|995|658|336|10,56|2,01|1,70|0,00
2013-10-25 19:37:43,467|0,0|0,0|100,0|995|658|336|10,56|2,01|0,99|0,00
2013-10-25 19:37:48,913|0,0|0,0|100,0|995|658|336|10,56|2,01|1,92|0,00
2013-10-25 19:37:54,357|0,0|0,0|100,0|995|658|336|10,56|2,01|0,94|0,00
2013-10-25 19:37:59,809|0,0|0,0|100,0|995|658|336|10,56|2,01|1,46|0,00
2013-10-25 19:38:05,249|0,0|0,0|100,0|995|658|336|10,56|2,01|0,49|0,00
2013-10-25 19:38:10,691|0,0|0,0|100,0|995|658|336|10,56|2,01|0,47|0,00
2013-10-25 19:38:16,139|0,0|0,0|100,0|995|658|336|10,56|2,01|1,63|0,00
2013-10-25 19:38:21,593|0,0|0,0|100,0|995|658|336|10,56|2,01|3,26|0,00
2013-10-25 19:38:27,042|0,0|0,0|100,0|995|658|336|10,56|2,01|2,34|0,00
2013-10-25 19:38:32,486|0,0|0,0|100,0|995|658|336|10,56|2,01|0,85|0,00
2013-10-25 19:38:37,929|0,0|0,0|100,0|995|658|336|10,56|2,01|3,53|0,00
2013-10-25 19:38:43,366|0,0|0,0|100,0|995|658|336|10,56|2,01|0,99|0,00
2013-10-25 19:38:48,812|0,0|0,0|100,0|995|658|336|10,56|2,01|3,22|0,00
2013-10-25 19:38:54,250|0,0|0,0|100,0|995|658|336|10,56|2,01|1,12|0,00
2013-10-25 19:38:59,686|0,0|0,0|100,0|995|658|336|10,56|2,01|2,05|0,00
2013-10-25 19:39:05,128|0,0|0,0|100,0|995|659|336|10,56|2,01|0,35|0,00
2013-10-25 19:39:10,574|0,0|0,0|100,0|995|659|336|10,56|2,01|1,08|0,00
2013-10-25 19:39:16,013|0,0|0,0|100,0|995|659|336|10,56|2,01|3,34|0,00
2013-10-25 19:39:21,449|0,0|0,0|100,0|995|659|336|10,56|2,01|2,24|0,00
2013-10-25 19:39:26,906|0,0|0,0|100,0|995|659|336|10,56|2,01|2,34|0,00
2013-10-25 19:39:32,347|0,0|0,0|100,0|995|659|336|10,56|2,01|1,14|0,00
2013-10-25 19:39:37,792|0,0|0,0|100,0|995|659|336|10,56|2,01|0,29|0,00
2013-10-25 19:39:43,234|0,0|0,0|100,0|995|659|336|10,56|2,01|5,86|0,00
2013-10-25 19:39:48,673|0,0|0,0|100,0|995|659|336|10,56|2,01|4,77|0,00
2013-10-25 19:39:54,113|0,0|0,0|100,0|995|659|336|10,56|2,01|0,82|0,00
2013-10-25 19:39:59,549|0,0|0,0|100,0|995|659|336|10,56|2,01|2,19|0,00
2013-10-25 19:40:04,990|0,0|0,0|100,0|995|659|336|10,56|2,01|0,99|0,00
2013-10-25 19:40:10,427|0,0|0,0|100,0|995|659|336|10,56|2,01|0,23|0,00
2013-10-25 19:40:15,869|0,0|0,0|100,0|995|659|336|10,56|2,01|2,09|0,00
2013-10-25 19:40:21,310|0,0|0,0|100,0|995|659|336|10,55|2,01|0,74|0,00
2013-10-25 19:40:26,749|0,0|0,0|100,0|995|659|336|10,55|2,01|2,19|0,00
2013-10-25 19:40:32,189|0,0|0,0|100,0|995|659|336|10,55|2,01|0,56|0,00
2013-10-25 19:40:37,625|0,0|0,0|100,0|995|659|336|10,55|2,01|0,53|0,00
2013-10-25 19:40:43,070|0,0|0,0|100,0|995|659|336|10,55|2,01|0,63|0,00
2013-10-25 19:40:48,509|0,0|0,0|100,0|995|659|336|10,55|2,01|2,27|0,00
2013-10-25 19:40:53,945|0,0|0,0|100,0|995|659|336|10,55|2,01|1,95|0,00
2013-10-25 19:40:59,392|0,0|0,0|100,0|995|659|336|10,55|2,01|1,49|0,00
2013-10-25 19:41:04,841|0,0|0,0|100,0|995|659|336|10,55|2,01|0,59|0,00
2013-10-25 19:41:10,283|0,0|0,0|100,0|995|659|336|10,55|2,01|0,50|0,00
2013-10-25 19:41:15,713|0,0|0,0|100,0|995|659|336|10,55|2,01|1,44|0,00
2013-10-25 19:41:21,158|0,0|0,0|100,0|995|659|336|10,55|2,01|0,29|0,00
2013-10-25 19:41:26,594|0,0|0,0|100,0|995|659|336|10,55|2,01|0,83|0,00
2013-10-25 19:41:32,039|0,0|0,0|100,0|995|659|336|10,55|2,01|10,01|0,00
2013-10-25 19:41:37,479|0,0|0,0|100,0|995|659|336|10,55|2,01|6,97|0,00
2013-10-25 19:41:42,929|0,0|0,0|100,0|995|659|336|10,55|2,01|0,75|0,00
2013-10-25 19:41:48,371|0,0|0,0|100,0|995|659|336|10,55|2,01|3,24|0,00
2013-10-25 19:41:53,818|0,0|0,0|100,0|995|659|336|10,55|2,01|1,83|0,00
2013-10-25 19:41:59,255|0,0|1,9|98,0|995|659|336|10,55|2,01|6,22|0,00
2013-10-25 19:42:04,691|0,0|0,0|100,0|995|659|336|10,55|2,01|2,20|0,00
2013-10-25 19:42:10,137|0,0|0,0|100,0|995|659|336|10,55|2,01|0,85|0,00
2013-10-25 19:42:15,575|0,0|0,0|100,0|995|659|336|10,55|2,01|5,91|0,00
2013-10-25 19:42:21,023|0,0|0,0|100,0|995|659|336|10,55|2,01|2,66|0,00
2013-10-25 19:42:26,465|0,0|0,0|100,0|995|659|336|10,55|2,01|0,63|0,00
2013-10-25 19:42:31,913|0,0|0,0|100,0|995|659|336|10,55|2,01|6,07|0,00
2013-10-25 19:42:37,358|0,0|0,0|100,0|995|659|336|10,55|2,01|2,28|0,04
2013-10-25 19:42:42,797|0,0|0,0|100,0|995|659|336|10,55|2,01|0,69|0,00
2013-10-25 19:42:48,242|0,0|1,9|98,0|995|659|336|10,55|2,01|8,61|0,00
2013-10-25 19:42:53,678|0,0|0,0|100,0|995|659|336|10,55|2,01|2,72|0,00
2013-10-25 19:42:59,122|0,0|0,0|100,0|995|659|336|10,55|2,01|0,80|0,00
2013-10-25 19:43:04,559|0,0|0,0|100,0|995|659|336|10,55|2,01|1,03|0,00
2013-10-25 19:43:10,007|0,0|0,0|100,0|995|659|336|10,55|2,01|1,00|0,00
2013-10-25 19:43:15,442|0,0|0,0|100,0|995|659|336|10,55|2,01|1,37|0,00
2013-10-25 19:43:20,879|0,0|0,0|100,0|995|659|336|10,55|2,01|1,05|0,00
2013-10-25 19:43:26,318|0,0|0,0|100,0|995|659|336|10,55|2,01|5,56|0,00
2013-10-25 19:43:31,762|0,0|0,0|100,0|995|659|336|10,55|2,01|1,06|0,00
2013-10-25 19:43:37,211|0,0|0,0|100,0|995|659|336|10,55|2,01|0,36|0,00
2013-10-25 19:43:42,647|0,0|0,0|100,0|995|659|336|10,55|2,01|1,01|0,00
2013-10-25 19:43:48,092|0,0|0,0|100,0|995|659|336|10,55|2,01|1,79|0,00
2013-10-25 19:43:53,539|0,0|0,0|100,0|995|659|336|10,55|2,01|1,42|0,00
2013-10-25 19:43:58,979|0,0|0,0|100,0|995|659|336|10,55|2,01|2,56|0,00
2013-10-25 19:44:04,415|0,0|0,0|100,0|995|659|336|10,55|2,01|1,61|0,00
2013-10-25 19:44:09,862|0,0|0,0|100,0|995|659|336|10,55|2,01|0,97|0,00
2013-10-25 19:44:15,296|0,0|0,0|100,0|995|659|336|10,55|2,01|0,89|0,00
2013-10-25 19:44:20,735|0,0|0,0|100,0|995|659|336|10,55|2,01|10,46|0,00
2013-10-25 19:44:26,191|0,0|0,0|100,0|995|659|336|10,55|2,01|0,82|0,00
2013-10-25 19:44:31,625|0,0|0,0|100,0|995|659|336|10,55|2,01|0,74|0,00
2013-10-25 19:44:37,067|0,0|1,9|98,0|995|659|336|10,55|2,01|0,18|0,00
2013-10-25 19:44:42,504|0,0|0,0|100,0|995|659|336|10,55|2,01|0,64|0,00
2013-10-25 19:44:47,951|0,0|0,0|100,0|995|659|336|10,55|2,01|0,98|0,00
2013-10-25 19:44:53,393|0,0|0,0|100,0|995|659|336|10,55|2,01|0,79|0,00
2013-10-25 19:44:58,828|0,0|0,0|100,0|995|659|336|10,55|2,01|2,28|0,00
2013-10-25 19:45:04,271|0,0|0,0|100,0|995|659|336|10,55|2,01|1,08|0,00
2013-10-25 19:45:09,711|0,0|0,0|100,0|995|659|336|10,55|2,01|7,97|0,00
2013-10-25 19:45:15,154|0,0|0,0|100,0|995|659|336|10,55|2,01|1,22|0,00
2013-10-25 19:45:20,590|0,0|0,0|100,0|995|659|336|10,55|2,01|5,14|0,00
2013-10-25 19:45:26,032|0,0|0,0|100,0|995|659|336|10,55|2,01|7,11|0,00
2013-10-25 19:45:31,475|0,0|0,0|100,0|995|659|336|10,55|2,01|0,95|0,00
2013-10-25 19:45:36,917|0,0|0,0|100,0|995|659|336|10,55|2,01|0,65|0,00
2013-10-25 19:45:42,353|0,0|0,0|100,0|995|659|336|10,55|2,01|0,99|0,00
2013-10-25 19:45:47,795|0,0|0,0|100,0|995|659|336|10,55|2,01|0,44|0,00
2013-10-25 19:45:53,253|0,0|0,0|100,0|995|659|336|10,55|2,01|0,99|0,00
2013-10-25 19:45:58,694|0,0|0,0|100,0|995|659|336|10,55|2,01|1,96|0,00
2013-10-25 19:46:04,138|0,0|0,0|100,0|995|659|336|10,55|2,01|2,19|0,00
2013-10-25 19:46:09,578|0,0|0,0|100,0|995|659|336|10,55|2,01|0,26|0,00
2013-10-25 19:46:15,018|0,0|0,0|100,0|995|659|336|10,55|2,01|0,53|0,00
2013-10-25 19:46:20,459|0,0|0,0|100,0|995|659|336|10,55|2,01|2,73|0,00
2013-10-25 19:46:25,911|0,0|0,0|100,0|995|659|336|10,55|2,01|0,74|0,00
2013-10-25 19:46:31,355|0,0|0,0|100,0|995|659|336|10,55|2,01|1,39|0,00
2013-10-25 19:46:36,803|0,0|0,0|100,0|995|659|336|10,55|2,01|0,41|0,00
2013-10-25 19:46:42,251|0,0|0,0|100,0|995|659|336|10,55|2,01|8,08|0,00
2013-10-25 19:46:47,692|0,0|0,0|100,0|995|659|336|10,55|2,01|0,56|0,00
2013-10-25 19:46:53,151|0,0|0,0|100,0|995|659|336|10,55|2,01|0,67|0,00
2013-10-25 19:46:58,592|0,0|0,0|100,0|995|659|336|10,55|2,01|1,96|0,00
2013-10-25 19:47:04,037|0,0|0,0|100,0|995|659|336|10,55|2,01|1,65|0,00
2013-10-25 19:47:09,474|0,0|0,0|100,0|995|659|336|10,55|2,01|1,30|0,00
2013-10-25 19:47:14,915|0,0|0,0|100,0|995|659|336|10,55|2,01|0,74|0,00
2013-10-25 19:47:20,354|0,0|0,0|100,0|995|659|336|10,55|2,01|1,28|0,00
2013-10-25 19:47:25,799|0,0|0,0|100,0|995|659|336|10,55|2,01|0,62|0,00
2013-10-25 19:47:31,240|0,0|0,0|100,0|995|659|336|10,55|2,01|2,29|0,00
2013-10-25 19:47:36,673|0,0|0,0|100,0|995|659|336|10,55|2,01|0,84|0,00
2013-10-25 19:47:42,122|0,0|0,0|100,0|995|659|336|10,55|2,01|0,65|0,00
2013-10-25 19:47:47,558|0,0|0,0|100,0|995|659|336|10,55|2,01|8,39|0,00
2013-10-25 19:47:53,003|0,0|0,0|100,0|995|659|336|10,55|2,01|1,69|0,00
2013-10-25 19:47:58,438|0,0|0,0|100,0|995|659|336|10,55|2,01|0,53|0,00
2013-10-25 19:48:03,881|0,0|0,0|100,0|995|659|336|10,55|2,01|8,04|0,00
2013-10-25 19:48:09,329|0,0|0,0|100,0|995|659|336|10,55|2,01|1,58|0,00
2013-10-25 19:48:14,771|0,0|0,0|100,0|995|659|336|10,55|2,01|0,61|0,00
2013-10-25 19:48:20,213|0,0|0,0|100,0|995|659|336|10,55|2,01|2,00|0,00
2013-10-25 19:48:25,645|0,0|0,0|100,0|995|659|336|10,55|2,01|0,29|0,00
2013-10-25 19:48:31,090|0,0|0,0|100,0|995|659|336|10,55|2,01|2,42|0,00
2013-10-25 19:48:36,525|0,0|0,0|100,0|995|659|336|10,55|2,01|2,55|0,04
2013-10-25 19:48:41,963|0,0|0,0|100,0|995|659|336|10,55|2,01|0,71|0,00
2013-10-25 19:48:47,405|0,0|0,0|100,0|995|659|336|10,55|2,01|5,99|0,00
2013-10-25 19:48:52,849|0,0|0,0|100,0|995|659|336|10,55|2,01|1,35|0,00
2013-10-25 19:48:58,289|0,0|0,0|100,0|995|659|336|10,55|2,01|0,90|0,00
2013-10-25 19:49:03,731|0,0|0,0|100,0|995|659|336|10,55|2,01|1,29|0,00
2013-10-25 19:49:09,179|0,0|0,0|100,0|995|659|336|10,55|2,01|1,04|0,00
2013-10-25 19:49:14,621|0,0|1,9|98,0|995|659|336|10,55|2,01|0,38|0,00
2013-10-25 19:49:20,064|0,0|0,0|100,0|995|659|336|10,55|2,01|3,39|0,00
2013-10-25 19:49:25,505|0,0|0,0|100,0|995|659|336|10,55|2,01|0,80|0,00
2013-10-25 19:49:30,946|0,0|0,0|100,0|995|659|336|10,55|2,01|8,43|0,00
2013-10-25 19:49:36,383|0,0|0,0|100,0|995|659|336|10,55|2,01|0,23|0,00
2013-10-25 19:49:41,830|0,0|0,0|100,0|995|659|336|10,55|2,01|0,83|0,00
2013-10-25 19:49:47,276|0,0|0,0|100,0|995|659|336|10,55|2,01|0,92|0,00
2013-10-25 19:49:52,714|0,0|0,0|100,0|995|659|336|10,55|2,01|0,27|0,00
2013-10-25 19:49:58,151|0,0|0,0|100,0|995|659|336|10,55|2,01|0,44|0,00
2013-10-25 19:50:03,589|0,0|0,0|100,0|995|659|336|10,55|2,01|3,16|0,00
2013-10-25 19:50:09,035|0,0|0,0|100,0|995|659|336|10,55|2,01|4,71|0,00
2013-10-25 19:50:14,474|0,0|0,0|100,0|995|659|336|10,54|2,01|0,61|0,00
2013-10-25 19:50:19,914|0,0|0,0|100,0|995|659|336|10,54|2,01|1,96|0,00
2013-10-25 19:50:25,401|0,0|0,0|100,0|995|659|336|10,54|2,01|2,80|0,00
2013-10-25 19:50:30,841|0,0|0,0|100,0|995|659|336|10,54|2,01|1,38|0,00
2013-10-25 19:50:36,287|0,0|0,0|100,0|995|659|336|10,54|2,01|4,10|0,00
2013-10-25 19:50:41,723|0,0|0,0|100,0|995|659|336|10,54|2,01|1,02|0,00
2013-10-25 19:50:47,165|0,0|0,0|100,0|995|659|336|10,54|2,01|1,04|0,00
2013-10-25 19:50:52,598|0,0|0,0|100,0|995|659|336|10,54|2,01|3,68|0,00
2013-10-25 19:50:58,037|0,0|0,0|100,0|995|659|336|10,54|2,01|1,93|0,04
2013-10-25 19:51:03,481|0,0|0,0|100,0|995|659|336|10,54|2,01|0,56|0,00
2013-10-25 19:51:08,930|0,0|0,0|100,0|995|659|336|10,54|2,01|0,88|0,00
2013-10-25 19:51:14,369|0,0|0,0|100,0|995|659|336|10,54|2,01|0,73|0,00
2013-10-25 19:51:19,810|0,0|0,0|100,0|995|659|336|10,54|2,01|1,49|0,00
2013-10-25 19:51:25,251|0,0|0,0|100,0|995|659|336|10,54|2,01|1,15|0,00
2013-10-25 19:51:30,686|0,0|0,0|100,0|995|659|336|10,54|2,01|2,80|0,00
2013-10-25 19:51:36,134|0,0|0,0|100,0|995|659|336|10,54|2,01|0,93|0,00
2013-10-25 19:51:41,572|0,0|0,0|100,0|995|659|336|10,54|2,01|0,23|0,00
2013-10-25 19:51:47,013|0,0|0,0|100,0|995|659|336|10,54|2,01|1,00|0,00
2013-10-25 19:51:52,450|0,0|0,0|100,0|995|659|336|10,54|2,01|11,88|0,00
2013-10-25 19:51:57,887|0,0|0,0|100,0|995|659|336|10,54|2,01|0,41|0,00
2013-10-25 19:52:03,329|0,0|0,0|100,0|995|659|336|10,54|2,01|0,76|0,00
2013-10-25 19:52:08,767|0,0|0,0|100,0|995|659|336|10,54|2,01|1,76|0,00
2013-10-25 19:52:14,222|0,0|0,0|100,0|995|659|336|10,54|2,01|0,67|0,00
2013-10-25 19:52:19,659|0,0|0,0|100,0|995|659|336|10,54|2,01|1,40|0,00
2013-10-25 19:52:25,106|0,0|0,0|100,0|995|659|336|10,54|2,01|1,39|0,00
2013-10-25 19:52:30,545|0,0|0,0|100,0|995|659|336|10,54|2,01|1,78|0,00
2013-10-25 19:52:35,989|0,0|0,0|100,0|995|659|336|10,54|2,01|0,97|0,00
2013-10-25 19:52:41,428|0,0|0,0|100,0|995|659|336|10,54|2,01|0,62|0,00
2013-10-25 19:52:46,865|0,0|0,0|100,0|995|659|335|10,54|2,01|0,96|0,00
2013-10-25 19:52:52,305|0,0|0,0|100,0|995|659|335|10,54|2,01|1,31|0,00
2013-10-25 19:52:57,749|0,0|0,0|100,0|995|659|335|10,54|2,01|3,07|0,00
2013-10-25 19:53:03,193|0,0|0,0|100,0|995|659|335|10,54|2,01|1,63|0,00
2013-10-25 19:53:08,630|0,0|0,0|100,0|995|659|335|10,54|2,01|8,81|0,00
2013-10-25 19:53:14,069|0,0|0,0|100,0|995|659|336|10,54|2,01|3,28|0,00
2013-10-25 19:53:19,505|0,0|0,0|100,0|995|659|335|10,54|2,01|2,69|0,00
2013-10-25 19:53:24,958|0,0|0,0|100,0|995|659|335|10,54|2,01|1,33|0,00
2013-10-25 19:53:30,393|0,0|0,0|100,0|995|659|335|10,54|2,01|2,02|0,00
2013-10-25 19:53:35,831|0,0|0,0|100,0|995|659|335|10,54|2,01|0,44|0,00
2013-10-25 19:53:41,278|0,0|0,0|100,0|995|659|335|10,54|2,01|0,89|0,00
2013-10-25 19:53:46,721|0,0|0,0|100,0|995|659|335|10,54|2,01|1,27|0,00
2013-10-25 19:53:52,168|0,0|0,0|100,0|995|659|335|10,54|2,01|0,50|0,00
2013-10-25 19:53:57,606|0,0|0,0|100,0|995|659|335|10,54|2,01|0,59|0,00
2013-10-25 19:54:03,049|0,0|0,0|100,0|995|659|336|10,54|2,01|0,92|0,00
2013-10-25 19:54:08,494|0,0|0,0|100,0|995|659|335|10,54|2,01|2,00|0,00
2013-10-25 19:54:13,931|0,0|0,0|100,0|995|659|335|10,54|2,01|0,32|0,00
2013-10-25 19:54:19,372|0,0|0,0|100,0|995|659|335|10,54|2,01|2,59|0,00
2013-10-25 19:54:24,813|0,0|0,0|100,0|995|659|335|10,54|2,01|1,00|0,00
2013-10-25 19:54:30,263|0,0|0,0|100,0|995|659|335|10,54|2,01|0,18|0,00
2013-10-25 19:54:35,705|0,0|0,0|100,0|995|659|335|10,54|2,01|0,71|0,00
2013-10-25 19:54:41,151|0,0|0,0|100,0|995|659|335|10,54|2,01|0,70|0,00
2013-10-25 19:54:46,598|0,0|0,0|100,0|995|659|335|10,54|2,01|1,51|0,00
2013-10-25 19:54:52,049|0,0|0,0|100,0|995|659|335|10,54|2,01|0,63|0,00
2013-10-25 19:54:57,485|0,0|0,0|100,0|995|659|335|10,54|2,01|1,04|0,00
2013-10-25 19:55:02,921|0,0|0,0|100,0|995|659|335|10,54|2,01|1,16|0,00
2013-10-25 19:55:08,357|0,0|0,0|100,0|995|659|335|10,54|2,01|8,18|0,00
2013-10-25 19:55:13,802|0,0|0,0|100,0|995|659|335|10,54|2,02|1,12|0,00
2013-10-25 19:55:19,246|0,0|0,0|100,0|995|659|335|10,54|2,02|1,71|0,00
2013-10-25 19:55:24,683|0,0|0,0|100,0|995|659|335|10,54|2,02|0,44|0,00
2013-10-25 19:55:30,135|0,0|0,0|100,0|995|659|335|10,54|2,02|2,61|0,00
2013-10-25 19:55:35,576|0,0|0,0|100,0|995|659|335|10,54|2,02|0,38|0,00
2013-10-25 19:55:41,015|0,0|0,0|100,0|995|659|335|10,54|2,02|1,56|0,00
2013-10-25 19:55:46,457|0,0|0,0|100,0|995|659|335|10,54|2,02|1,50|0,00
2013-10-25 19:55:51,900|0,0|0,0|100,0|995|659|335|10,54|2,02|0,93|0,00
2013-10-25 19:55:57,338|0,0|0,0|100,0|995|659|335|10,54|2,02|0,98|0,00
2013-10-25 19:56:02,780|0,0|1,9|98,0|995|659|335|10,54|2,02|1,42|0,00
2013-10-25 19:56:08,217|0,0|0,0|100,0|995|659|335|10,54|2,02|0,41|0,00
2013-10-25 19:56:13,652|0,0|0,0|100,0|995|659|335|10,54|2,02|0,53|0,00
2013-10-25 19:56:19,090|0,0|0,0|100,0|995|659|335|10,54|2,02|8,14|0,00
2013-10-25 19:56:24,521|0,0|0,0|100,0|995|659|335|10,54|2,02|1,73|0,00
2013-10-25 19:56:29,957|0,0|0,0|100,0|995|659|335|10,54|2,02|1,70|0,00
2013-10-25 19:56:35,389|0,0|0,0|100,0|995|659|335|10,54|2,02|0,71|0,00
2013-10-25 19:56:40,828|0,0|0,0|100,0|995|659|335|10,54|2,02|2,19|0,00
2013-10-25 19:56:46,263|0,0|0,0|100,0|995|659|335|10,54|2,02|3,03|0,04
2013-10-25 19:56:51,696|0,0|0,0|100,0|995|659|335|10,54|2,02|7,74|0,00
2013-10-25 19:56:57,141|0,0|0,0|100,0|995|659|335|10,54|2,02|0,67|0,00
2013-10-25 19:57:02,572|0,0|0,0|100,0|995|659|335|10,54|2,02|2,89|0,00
2013-10-25 19:57:08,013|0,0|0,0|100,0|995|659|335|10,54|2,02|0,35|0,00
2013-10-25 19:57:13,444|0,0|0,0|100,0|995|659|335|10,54|2,02|0,89|0,00
2013-10-25 19:57:18,874|0,0|0,0|100,0|995|659|335|10,54|2,02|0,32|0,00
2013-10-25 19:57:24,310|0,0|0,0|100,0|995|659|335|10,54|2,02|6,37|0,00
2013-10-25 19:57:29,746|0,0|0,0|100,0|995|659|335|10,54|2,02|1,11|0,00
2013-10-25 19:57:35,181|0,0|0,0|100,0|995|659|335|10,54|2,02|0,84|0,00
2013-10-25 19:57:40,613|0,0|0,0|100,0|995|660|335|10,54|2,02|0,23|0,00
2013-10-25 19:57:46,053|0,0|0,0|100,0|995|660|335|10,54|2,02|0,38|0,00
2013-10-25 19:57:51,484|0,0|0,0|100,0|995|660|335|10,54|2,02|2,14|0,00
2013-10-25 19:57:56,920|0,0|0,0|100,0|995|660|335|10,54|2,02|1,34|0,00
2013-10-25 19:58:02,350|0,0|0,0|100,0|995|660|335|10,54|2,02|2,72|0,00
2013-10-25 19:58:07,786|0,0|0,0|100,0|995|660|335|10,54|2,02|0,73|0,00
2013-10-25 19:58:13,227|0,0|0,0|100,0|995|660|335|10,54|2,02|0,32|0,00
2013-10-25 19:58:18,670|0,0|0,0|100,0|995|660|335|10,54|2,02|0,42|0,00
2013-10-25 19:58:24,113|0,0|0,0|100,0|995|660|335|10,54|2,02|1,27|0,00
2013-10-25 19:58:29,554|0,0|0,0|100,0|995|660|335|10,54|2,02|0,39|0,00
2013-10-25 19:58:34,984|0,0|0,0|100,0|995|660|335|10,54|2,02|0,93|0,00
2013-10-25 19:58:40,417|0,0|0,0|100,0|995|660|335|10,54|2,02|0,00|0,00
2013-10-25 19:58:45,867|0,0|0,0|100,0|995|660|335|10,54|2,02|0,59|0,00
2013-10-25 19:58:51,298|0,0|0,0|100,0|995|660|335|10,54|2,02|5,25|0,00
2013-10-25 19:58:56,733|0,0|0,0|100,0|995|660|335|10,54|2,02|0,41|0,00
2013-10-25 19:59:02,185|0,0|0,0|100,0|995|660|335|10,54|2,02|3,34|0,00
2013-10-25 19:59:07,621|0,0|0,0|100,0|995|660|335|10,54|2,02|0,40|0,00
2013-10-25 19:59:13,066|0,0|0,0|100,0|995|660|335|10,54|2,02|8,14|0,00
2013-10-25 19:59:18,496|0,0|0,0|100,0|995|660|335|10,54|2,02|0,90|0,00
2013-10-25 19:59:23,932|0,0|0,0|100,0|995|660|335|10,54|2,02|1,12|0,00
2013-10-25 19:59:29,370|0,0|0,0|100,0|995|660|335|10,54|2,02|0,51|0,00
2013-10-25 19:59:34,804|0,0|0,0|100,0|995|660|335|10,54|2,02|1,61|0,00
2013-10-25 19:59:40,241|0,0|0,0|100,0|995|660|335|10,54|2,02|6,32|0,00
2013-10-25 19:59:45,676|0,0|0,0|100,0|995|660|335|10,54|2,02|0,71|0,00
2013-10-25 19:59:51,113|0,0|0,0|100,0|995|660|335|10,54|2,02|0,50|0,00
2013-10-25 19:59:56,542|0,0|0,0|100,0|995|660|335|10,54|2,02|1,09|0,00
2013-10-25 20:00:01,978|0,0|0,0|100,0|995|660|335|10,54|2,02|0,38|0,00
2013-10-25 20:00:07,411|0,0|0,0|100,0|995|660|335|10,54|2,02|0,18|0,00
2013-10-25 20:00:12,869|0,0|0,0|100,0|995|660|335|10,53|2,02|0,66|0,00
2013-10-25 20:00:18,315|0,0|0,0|100,0|995|660|335|10,53|2,02|0,57|0,00
2013-10-25 20:00:23,776|0,0|0,0|100,0|995|660|335|10,53|2,02|0,41|0,00
2013-10-25 20:00:29,211|0,0|0,0|100,0|995|660|335|10,53|2,02|8,82|0,00
2013-10-25 20:00:34,650|0,0|0,0|100,0|995|660|335|10,53|2,02|3,49|0,00
2013-10-25 20:00:40,083|0,0|0,0|100,0|995|660|335|10,53|2,02|0,00|0,00
2013-10-25 20:00:45,519|0,0|0,0|100,0|995|660|335|10,53|2,02|0,47|0,00
2013-10-25 20:00:50,961|0,0|0,0|100,0|995|660|335|10,53|2,02|1,70|0,00
2013-10-25 20:00:56,402|0,0|0,0|100,0|995|660|335|10,53|2,02|1,03|0,00
2013-10-25 20:01:01,846|0,0|0,0|100,0|995|660|335|10,53|2,02|0,09|0,00
2013-10-25 20:01:07,287|0,0|0,0|100,0|995|660|335|10,53|2,02|0,36|0,00
2013-10-25 20:01:12,721|0,0|0,0|100,0|995|660|335|10,53|2,02|3,75|0,00
2013-10-25 20:01:18,160|0,0|0,0|100,0|995|660|335|10,53|2,02|1,43|0,00
2013-10-25 20:01:23,593|0,0|0,0|100,0|995|660|335|10,53|2,02|0,12|0,00
2013-10-25 20:01:29,025|0,0|0,0|100,0|995|660|335|10,53|2,02|1,03|0,00
2013-10-25 20:01:34,461|0,0|0,0|100,0|995|660|335|10,53|2,02|2,61|0,00
2013-10-25 20:01:39,912|0,0|0,0|100,0|995|660|335|10,53|2,02|0,75|0,00
2013-10-25 20:01:45,353|0,0|0,0|100,0|995|660|335|10,53|2,02|0,74|0,00
2013-10-25 20:01:50,788|0,0|0,0|100,0|995|660|335|10,53|2,02|1,00|0,00
2013-10-25 20:01:56,224|0,0|0,0|100,0|995|660|335|10,53|2,02|1,60|0,00
2013-10-25 20:02:01,661|0,0|0,0|100,0|995|660|335|10,53|2,02|0,30|0,00
2013-10-25 20:02:07,102|0,0|0,0|100,0|995|660|335|10,53|2,02|0,48|0,00
2013-10-25 20:02:12,531|0,0|0,0|100,0|995|660|335|10,53|2,02|0,36|0,00
2013-10-25 20:02:17,974|0,0|0,0|100,0|995|660|335|10,53|2,02|1,08|0,00
2013-10-25 20:02:23,405|0,0|0,0|100,0|995|660|335|10,53|2,02|1,26|0,00
2013-10-25 20:02:28,845|0,0|0,0|100,0|995|660|335|10,53|2,02|0,56|0,00
2013-10-25 20:02:34,282|0,0|0,0|100,0|995|660|335|10,53|2,02|2,45|0,00
2013-10-25 20:02:39,717|0,0|0,0|100,0|995|660|335|10,53|2,02|1,32|0,00
2013-10-25 20:02:45,163|0,0|0,0|100,0|995|660|335|10,53|2,02|0,74|0,00
2013-10-25 20:02:50,603|0,0|0,0|100,0|995|660|335|10,53|2,02|1,02|0,00
2013-10-25 20:02:56,044|0,0|0,0|100,0|995|660|335|10,53|2,02|1,80|0,00
2013-10-25 20:03:01,477|0,0|0,0|100,0|995|660|335|10,53|2,02|0,12|0,00
2013-10-25 20:03:06,917|0,0|0,0|100,0|995|660|335|10,53|2,02|0,86|0,00
2013-10-25 20:03:12,359|0,0|0,0|100,0|995|660|335|10,53|2,02|0,56|0,00
2013-10-25 20:03:17,800|0,0|0,0|100,0|995|660|335|10,53|2,02|1,46|0,00
2013-10-25 20:03:23,237|0,0|0,0|100,0|995|660|335|10,53|2,02|0,23|0,00
2013-10-25 20:03:28,678|0,0|0,0|100,0|995|660|335|10,53|2,02|0,79|0,00
2013-10-25 20:03:34,137|0,0|0,0|100,0|995|660|335|10,53|2,02|4,16|0,00
2013-10-25 20:03:39,569|1,9|0,0|98,0|995|660|335|10,53|2,02|1,61|0,00
2013-10-25 20:03:45,011|0,0|0,0|100,0|995|660|335|10,53|2,02|1,01|0,00
2013-10-25 20:03:50,447|0,0|0,0|100,0|995|660|335|10,53|2,02|0,99|0,00
2013-10-25 20:03:55,889|0,0|0,0|100,0|995|660|335|10,53|2,02|2,09|0,00
2013-10-25 20:04:01,323|0,0|0,0|100,0|995|660|335|10,53|2,02|0,47|0,00
2013-10-25 20:04:06,766|0,0|0,0|100,0|995|660|335|10,53|2,02|1,66|0,00
2013-10-25 20:04:12,215|0,0|0,0|100,0|995|660|335|10,53|2,02|0,44|0,00
2013-10-25 20:04:17,654|0,0|0,0|100,0|995|660|335|10,53|2,02|1,15|0,00
2013-10-25 20:04:23,102|0,0|0,0|100,0|995|660|335|10,53|2,02|0,23|0,00
2013-10-25 20:04:28,541|0,0|0,0|100,0|995|660|335|10,53|2,02|2,13|0,00
2013-10-25 20:04:33,988|0,0|0,0|100,0|995|660|335|10,53|2,02|2,89|0,00
2013-10-25 20:04:39,422|0,0|0,0|100,0|995|660|335|10,53|2,02|1,72|0,00
2013-10-25 20:04:44,869|0,0|0,0|100,0|995|660|335|10,53|2,02|0,53|0,00
2013-10-25 20:04:50,308|0,0|0,0|100,0|995|660|335|10,53|2,02|0,72|0,00
2013-10-25 20:04:55,745|0,0|0,0|100,0|995|660|335|10,53|2,02|0,80|0,00
2013-10-25 20:05:01,189|0,0|0,0|100,0|995|660|335|10,53|2,02|0,06|0,00
2013-10-25 20:05:06,629|0,0|0,0|100,0|995|660|335|10,53|2,02|2,24|0,00
2013-10-25 20:05:12,075|0,0|0,0|100,0|995|660|335|10,53|2,02|1,03|0,00
2013-10-25 20:05:17,518|0,0|0,0|100,0|995|660|335|10,53|2,02|0,43|0,00
2013-10-25 20:05:22,955|0,0|0,0|100,0|995|660|335|10,53|2,02|1,47|0,00
2013-10-25 20:05:28,395|0,0|0,0|100,0|995|660|335|10,53|2,02|0,30|0,00
2013-10-25 20:05:33,833|0,0|0,0|100,0|995|660|335|10,53|2,02|0,99|0,00
2013-10-25 20:05:39,269|0,0|0,0|100,0|995|660|335|10,53|2,02|0,52|0,00
2013-10-25 20:05:44,705|0,0|0,0|100,0|995|660|335|10,53|2,02|9,31|0,00
2013-10-25 20:05:50,147|0,0|0,0|100,0|995|660|335|10,53|2,02|0,85|0,00
2013-10-25 20:05:55,583|0,0|0,0|100,0|995|660|335|10,53|2,02|0,77|0,00
2013-10-25 20:06:01,029|0,0|0,0|100,0|995|660|335|10,53|2,02|1,09|0,00
2013-10-25 20:06:06,465|0,0|0,0|100,0|995|660|335|10,53|2,02|0,98|0,00
2013-10-25 20:06:11,913|0,0|0,0|100,0|995|660|335|10,53|2,02|0,87|0,00
2013-10-25 20:06:17,351|0,0|0,0|100,0|995|660|335|10,53|2,02|0,55|0,00
2013-10-25 20:06:22,806|0,0|0,0|100,0|995|660|335|10,53|2,02|1,82|0,00
2013-10-25 20:06:28,250|0,0|0,0|100,0|995|660|335|10,53|2,02|1,92|0,00
2013-10-25 20:06:33,689|0,0|0,0|100,0|995|660|335|10,53|2,02|3,14|0,00
2013-10-25 20:06:39,131|0,0|0,0|100,0|995|660|335|10,53|2,02|0,68|0,00
2013-10-25 20:06:44,570|0,0|0,0|100,0|995|660|335|10,53|2,02|0,67|0,00
2013-10-25 20:06:50,015|0,0|0,0|100,0|995|660|335|10,53|2,02|0,81|0,00
2013-10-25 20:06:55,451|0,0|0,0|100,0|995|660|335|10,53|2,02|0,62|0,00
2013-10-25 20:07:00,947|0,0|0,0|100,0|995|660|335|10,53|2,02|1,01|0,00
2013-10-25 20:07:06,386|0,0|0,0|100,0|995|660|335|10,53|2,02|0,61|0,00
2013-10-25 20:07:11,834|0,0|0,0|100,0|995|660|335|10,53|2,02|0,74|0,00
2013-10-25 20:07:17,279|0,0|0,0|100,0|995|660|335|10,53|2,02|2,19|0,00
2013-10-25 20:07:22,715|0,0|0,0|100,0|995|660|335|10,53|2,02|2,93|0,04
