MV1===========================================
[25/Oct/2013:17:20:04 +0000]|1
[25/Oct/2013:17:23:34 +0000]|1038
[25/Oct/2013:17:24:53 +0000]|764
[25/Oct/2013:17:24:53 +0000]|734
[25/Oct/2013:17:24:54 +0000]|744
[25/Oct/2013:17:25:58 +0000]|716
[25/Oct/2013:17:26:02 +0000]|758
[25/Oct/2013:17:30:52 +0000]|734
[25/Oct/2013:17:31:04 +0000]|1391
[25/Oct/2013:17:34:25 +0000]|728
[25/Oct/2013:17:34:31 +0000]|757
[25/Oct/2013:17:50:57 +0000]|742
[25/Oct/2013:17:50:59 +0000]|742
[25/Oct/2013:17:54:34 +0000]|708
[25/Oct/2013:17:54:35 +0000]|708
[25/Oct/2013:17:54:36 +0000]|707
[25/Oct/2013:17:54:37 +0000]|709
[25/Oct/2013:17:54:40 +0000]|2653
[25/Oct/2013:17:54:41 +0000]|2391
[25/Oct/2013:17:54:42 +0000]|2280
[25/Oct/2013:17:54:43 +0000]|2290
[25/Oct/2013:17:54:43 +0000]|1160
[25/Oct/2013:17:54:45 +0000]|1272
[25/Oct/2013:17:54:46 +0000]|2453
[25/Oct/2013:17:54:47 +0000]|2678
[25/Oct/2013:17:54:47 +0000]|1148
[25/Oct/2013:17:54:48 +0000]|864
[25/Oct/2013:17:54:48 +0000]|845
[25/Oct/2013:17:54:49 +0000]|707
[25/Oct/2013:17:54:50 +0000]|708
[25/Oct/2013:17:54:51 +0000]|712
[25/Oct/2013:17:54:53 +0000]|1382
[25/Oct/2013:17:54:53 +0000]|698
[25/Oct/2013:17:54:54 +0000]|1173
[25/Oct/2013:17:54:55 +0000]|572
[25/Oct/2013:17:54:56 +0000]|709
[25/Oct/2013:17:54:57 +0000]|708
[25/Oct/2013:17:54:58 +0000]|709
[25/Oct/2013:17:55:01 +0000]|2637
[25/Oct/2013:17:55:03 +0000]|3546
[25/Oct/2013:17:55:03 +0000]|2293
[25/Oct/2013:17:55:03 +0000]|1150
[25/Oct/2013:17:55:04 +0000]|1151
[25/Oct/2013:17:56:00 +0000]|725
[25/Oct/2013:17:56:17 +0000]|2121
[25/Oct/2013:17:57:30 +0000]|728
[25/Oct/2013:17:57:31 +0000]|727
[25/Oct/2013:17:57:32 +0000]|728
[25/Oct/2013:17:57:33 +0000]|770
[25/Oct/2013:17:57:34 +0000]|730
[25/Oct/2013:17:57:35 +0000]|731
[25/Oct/2013:17:57:38 +0000]|2664
[25/Oct/2013:17:57:40 +0000]|2603
[25/Oct/2013:17:57:40 +0000]|1344
[25/Oct/2013:17:57:41 +0000]|1335
[25/Oct/2013:17:57:42 +0000]|2254
[25/Oct/2013:17:57:43 +0000]|2403
[25/Oct/2013:17:57:43 +0000]|1156
[25/Oct/2013:17:57:46 +0000]|2518
[25/Oct/2013:17:57:47 +0000]|2786
[25/Oct/2013:17:57:47 +0000]|1409
[25/Oct/2013:17:57:49 +0000]|1660
[25/Oct/2013:17:57:49 +0000]|2245
[25/Oct/2013:17:57:50 +0000]|2703
[25/Oct/2013:17:57:53 +0000]|3425
[25/Oct/2013:17:57:54 +0000]|3423
[25/Oct/2013:17:57:55 +0000]|4009
[25/Oct/2013:17:57:55 +0000]|1726
[25/Oct/2013:17:57:55 +0000]|2869
[25/Oct/2013:17:57:55 +0000]|1723
[25/Oct/2013:17:57:57 +0000]|1294
[25/Oct/2013:17:57:57 +0000]|1145
[25/Oct/2013:17:57:59 +0000]|2278
[25/Oct/2013:17:58:01 +0000]|2325
[25/Oct/2013:17:58:01 +0000]|3471
[25/Oct/2013:17:58:03 +0000]|2319
[25/Oct/2013:17:58:03 +0000]|1179
[25/Oct/2013:17:58:04 +0000]|1068
[25/Oct/2013:17:58:04 +0000]|1132
[25/Oct/2013:17:58:06 +0000]|2434
[25/Oct/2013:17:58:07 +0000]|2314
[25/Oct/2013:17:58:09 +0000]|3464
[25/Oct/2013:17:58:09 +0000]|2295
[25/Oct/2013:17:58:09 +0000]|1148
[25/Oct/2013:17:58:11 +0000]|1075
[25/Oct/2013:17:58:12 +0000]|2486
[25/Oct/2013:17:58:13 +0000]|2626
[25/Oct/2013:17:58:16 +0000]|2325
[25/Oct/2013:17:58:16 +0000]|3466
[25/Oct/2013:17:58:16 +0000]|1150
[25/Oct/2013:17:58:18 +0000]|2263
[25/Oct/2013:17:58:18 +0000]|2214
[25/Oct/2013:17:58:19 +0000]|2444
[25/Oct/2013:17:58:20 +0000]|2374
[25/Oct/2013:17:58:20 +0000]|1141
[25/Oct/2013:17:58:55 +0000]|3670
[25/Oct/2013:17:59:02 +0000]|6234
[25/Oct/2013:17:59:02 +0000]|6272
[25/Oct/2013:17:59:02 +0000]|10152
[25/Oct/2013:17:59:02 +0000]|9753
[25/Oct/2013:17:59:02 +0000]|9553
[25/Oct/2013:17:59:02 +0000]|9356
[25/Oct/2013:17:59:08 +0000]|6193
[25/Oct/2013:17:59:08 +0000]|6179
[25/Oct/2013:17:59:08 +0000]|6179
[25/Oct/2013:17:59:08 +0000]|6167
[25/Oct/2013:17:59:08 +0000]|6183
[25/Oct/2013:17:59:08 +0000]|6179
[25/Oct/2013:17:59:11 +0000]|2952
[25/Oct/2013:17:59:11 +0000]|2950
[25/Oct/2013:17:59:11 +0000]|2956
[25/Oct/2013:17:59:11 +0000]|2970
[25/Oct/2013:17:59:11 +0000]|15393
[25/Oct/2013:17:59:11 +0000]|15436
[25/Oct/2013:17:59:11 +0000]|15401
[25/Oct/2013:17:59:11 +0000]|15433
[25/Oct/2013:17:59:11 +0000]|15445
[25/Oct/2013:17:59:11 +0000]|18320
[25/Oct/2013:17:59:19 +0000]|16969
[25/Oct/2013:17:59:19 +0000]|7850
[25/Oct/2013:17:59:19 +0000]|10831
[25/Oct/2013:17:59:19 +0000]|7856
[25/Oct/2013:17:59:19 +0000]|10820
[25/Oct/2013:17:59:19 +0000]|7827
[25/Oct/2013:17:59:19 +0000]|7835
[25/Oct/2013:17:59:22 +0000]|3881
[25/Oct/2013:17:59:22 +0000]|3885
[25/Oct/2013:17:59:22 +0000]|11707
[25/Oct/2013:17:59:22 +0000]|3900
[25/Oct/2013:17:59:22 +0000]|3888
[25/Oct/2013:17:59:28 +0000]|5590
[25/Oct/2013:17:59:28 +0000]|9515
[25/Oct/2013:17:59:28 +0000]|17311
[25/Oct/2013:17:59:28 +0000]|5593
[25/Oct/2013:17:59:28 +0000]|5606
[25/Oct/2013:17:59:28 +0000]|5598
[25/Oct/2013:17:59:28 +0000]|9525
[25/Oct/2013:17:59:28 +0000]|20360
[25/Oct/2013:17:59:28 +0000]|17364
[25/Oct/2013:17:59:31 +0000]|8861
[25/Oct/2013:17:59:31 +0000]|8873
[25/Oct/2013:17:59:31 +0000]|12769
[25/Oct/2013:17:59:33 +0000]|4985
[25/Oct/2013:17:59:33 +0000]|10607
[25/Oct/2013:17:59:33 +0000]|22314
[25/Oct/2013:18:02:08 +0000]|49
[25/Oct/2013:18:02:54 +0000]|21839
[25/Oct/2013:18:04:54 +0000]|25255
[25/Oct/2013:18:07:00 +0000]|78422
[25/Oct/2013:18:07:00 +0000]|78623
[25/Oct/2013:18:07:53 +0000]|131926
[25/Oct/2013:18:08:37 +0000]|97509
[25/Oct/2013:18:09:30 +0000]|150695
[25/Oct/2013:18:13:06 +0000]|365739
[25/Oct/2013:18:13:06 +0000]|365872
[25/Oct/2013:18:13:06 +0000]|312168
[25/Oct/2013:18:13:06 +0000]|312184
[25/Oct/2013:18:13:06 +0000]|365890
[25/Oct/2013:18:13:06 +0000]|312190
[25/Oct/2013:18:11:50 +0000]|193000
[25/Oct/2013:18:13:55 +0000]|264696
[25/Oct/2013:18:15:55 +0000]|384735
[25/Oct/2013:18:15:55 +0000]|169586
[25/Oct/2013:18:15:55 +0000]|535463
[25/Oct/2013:18:15:55 +0000]|169566
[25/Oct/2013:18:17:10 +0000]|459909
[25/Oct/2013:18:17:10 +0000]|244737
[25/Oct/2013:18:18:13 +0000]|138091
[25/Oct/2013:18:18:13 +0000]|307668
[25/Oct/2013:18:20:15 +0000]|429841
[25/Oct/2013:18:20:15 +0000]|429848
[25/Oct/2013:18:20:15 +0000]|429849
[25/Oct/2013:18:20:15 +0000]|380309
[25/Oct/2013:18:21:26 +0000]|255375
[25/Oct/2013:18:21:26 +0000]|255404
[25/Oct/2013:18:23:08 +0000]|295187
[25/Oct/2013:18:23:08 +0000]|553304
[25/Oct/2013:18:23:08 +0000]|173007
[25/Oct/2013:18:24:03 +0000]|349413
[25/Oct/2013:18:27:05 +0000]|531287
[25/Oct/2013:18:27:05 +0000]|409105
[25/Oct/2013:18:27:05 +0000]|338811
[25/Oct/2013:18:27:05 +0000]|409126
[25/Oct/2013:18:27:05 +0000]|338856
[25/Oct/2013:18:27:56 +0000]|645588
[25/Oct/2013:18:29:50 +0000]|27837
[25/Oct/2013:18:31:25 +0000]|27757
[25/Oct/2013:18:39:47 +0000]|93448
[25/Oct/2013:18:48:03 +0000]|496054
[25/Oct/2013:18:48:03 +0000]|496045
[25/Oct/2013:18:46:48 +0000]|420957
[25/Oct/2013:18:49:43 +0000]|595921
[25/Oct/2013:18:49:43 +0000]|595931
[25/Oct/2013:18:49:43 +0000]|595915
[25/Oct/2013:18:50:31 +0000]|644076
[25/Oct/2013:18:53:06 +0000]|798561
[25/Oct/2013:18:53:06 +0000]|798570
[25/Oct/2013:18:40:42 +0000]|54803
[25/Oct/2013:18:41:46 +0000]|118636
[25/Oct/2013:18:42:37 +0000]|169282
[25/Oct/2013:18:43:26 +0000]|218694
[25/Oct/2013:18:44:18 +0000]|270585
[25/Oct/2013:18:45:09 +0000]|321745
[25/Oct/2013:18:46:48 +0000]|420957
[25/Oct/2013:18:46:48 +0000]|420954
[25/Oct/2013:18:56:06 +0000]|978524
[25/Oct/2013:18:56:06 +0000]|978523
[25/Oct/2013:18:56:53 +0000]|1025495
MV2===========================================
[25/Oct/2013:17:25:54 +0000]|911
[25/Oct/2013:17:31:17 +0000]|747
[25/Oct/2013:17:34:36 +0000]|806
[25/Oct/2013:17:51:03 +0000]|730
[25/Oct/2013:17:56:27 +0000]|785
[25/Oct/2013:18:26:31 +0000]|879
[25/Oct/2013:18:27:25 +0000]|29322
[25/Oct/2013:18:40:15 +0000]|96543
[25/Oct/2013:18:41:12 +0000]|153252
[25/Oct/2013:18:42:03 +0000]|50884
[25/Oct/2013:18:44:01 +0000]|226822
[25/Oct/2013:18:44:01 +0000]|226830
[25/Oct/2013:18:44:02 +0000]|226840
[25/Oct/2013:18:46:07 +0000]|352169
[25/Oct/2013:18:46:07 +0000]|352202
MV3===========================================
[25/Oct/2013:17:26:06 +0000]|905
[25/Oct/2013:17:28:31 +0000]|770
[25/Oct/2013:17:31:43 +0000]|717
[25/Oct/2013:17:34:56 +0000]|749
[25/Oct/2013:17:51:27 +0000]|722
[25/Oct/2013:17:56:57 +0000]|726
[25/Oct/2013:18:19:30 +0000]|727
[25/Oct/2013:18:27:22 +0000]|23471
[25/Oct/2013:18:40:46 +0000]|87474
[25/Oct/2013:18:41:35 +0000]|135931
[25/Oct/2013:18:42:25 +0000]|98793
[25/Oct/2013:18:43:13 +0000]|147177
MV4===========================================
[25/Oct/2013:17:27:14 +0000]|1
[25/Oct/2013:17:33:06 +0000]|1
[25/Oct/2013:17:43:44 +0000]|1
[25/Oct/2013:17:52:30 +0000]|1509
[25/Oct/2013:17:52:31 +0000]|694
[25/Oct/2013:17:53:03 +0000]|663
[25/Oct/2013:17:58:24 +0000]|684
[25/Oct/2013:18:28:54 +0000]|37330
[25/Oct/2013:18:31:52 +0000]|28537
[25/Oct/2013:18:42:35 +0000]|118132
[25/Oct/2013:18:43:49 +0000]|191866
