MV1===========================================
[09/Oct/2013:08:14:41 +0000]|8
[09/Oct/2013:09:08:00 +0000]|4
[09/Oct/2013:09:44:42 +0000]|245
[09/Oct/2013:09:44:44 +0000]|16
[09/Oct/2013:09:44:45 +0000]|22
[09/Oct/2013:09:44:47 +0000]|19
[09/Oct/2013:09:44:49 +0000]|37
[09/Oct/2013:09:44:50 +0000]|12
[09/Oct/2013:09:44:51 +0000]|13
[09/Oct/2013:09:44:52 +0000]|21
[09/Oct/2013:09:44:53 +0000]|19
[09/Oct/2013:09:44:54 +0000]|26
[09/Oct/2013:09:44:55 +0000]|5
[09/Oct/2013:09:44:56 +0000]|4
[09/Oct/2013:09:44:57 +0000]|4
[09/Oct/2013:09:44:58 +0000]|4
[09/Oct/2013:09:44:59 +0000]|4
[09/Oct/2013:09:45:00 +0000]|5
[09/Oct/2013:09:45:01 +0000]|3
[09/Oct/2013:09:45:02 +0000]|3
[09/Oct/2013:09:45:03 +0000]|9
[09/Oct/2013:09:45:04 +0000]|4
[09/Oct/2013:09:45:05 +0000]|39
[09/Oct/2013:09:45:06 +0000]|3
[09/Oct/2013:09:45:07 +0000]|3
[09/Oct/2013:09:45:08 +0000]|5
[09/Oct/2013:09:45:09 +0000]|3
[09/Oct/2013:09:45:10 +0000]|13
[09/Oct/2013:09:45:11 +0000]|11
[09/Oct/2013:09:45:12 +0000]|12
[09/Oct/2013:09:45:13 +0000]|3
[09/Oct/2013:09:45:14 +0000]|3
[09/Oct/2013:09:45:15 +0000]|48
[09/Oct/2013:09:45:16 +0000]|3
[09/Oct/2013:09:45:17 +0000]|3
[09/Oct/2013:09:45:18 +0000]|176
[09/Oct/2013:09:45:19 +0000]|3
[09/Oct/2013:09:45:20 +0000]|12
[09/Oct/2013:09:45:21 +0000]|3
[09/Oct/2013:09:45:22 +0000]|3
[09/Oct/2013:09:45:23 +0000]|3
[09/Oct/2013:09:45:24 +0000]|18
[09/Oct/2013:09:45:25 +0000]|6
[09/Oct/2013:09:45:26 +0000]|3
[09/Oct/2013:09:45:27 +0000]|3
[09/Oct/2013:09:45:28 +0000]|3
[09/Oct/2013:09:45:29 +0000]|3
[09/Oct/2013:09:45:30 +0000]|6
[09/Oct/2013:09:45:31 +0000]|4
[09/Oct/2013:09:45:33 +0000]|3
[09/Oct/2013:09:45:35 +0000]|3
[09/Oct/2013:09:45:37 +0000]|10
[09/Oct/2013:09:45:42 +0000]|24
[09/Oct/2013:09:45:44 +0000]|5
[09/Oct/2013:09:45:46 +0000]|5
[09/Oct/2013:09:45:48 +0000]|8
[09/Oct/2013:09:45:49 +0000]|4
[09/Oct/2013:09:45:50 +0000]|5
[09/Oct/2013:09:45:51 +0000]|7
[09/Oct/2013:09:45:52 +0000]|4
[09/Oct/2013:09:45:53 +0000]|3
[09/Oct/2013:09:45:54 +0000]|5
[09/Oct/2013:09:45:55 +0000]|7
[09/Oct/2013:09:45:56 +0000]|11
[09/Oct/2013:09:45:57 +0000]|5
[09/Oct/2013:09:45:58 +0000]|4
[09/Oct/2013:09:45:59 +0000]|3
[09/Oct/2013:09:46:00 +0000]|4
[09/Oct/2013:09:46:01 +0000]|14
[09/Oct/2013:09:46:02 +0000]|11
[09/Oct/2013:09:46:03 +0000]|4
[09/Oct/2013:09:46:04 +0000]|3
[09/Oct/2013:09:46:05 +0000]|3
[09/Oct/2013:09:46:06 +0000]|6
[09/Oct/2013:09:46:07 +0000]|4
[09/Oct/2013:09:46:08 +0000]|4
[09/Oct/2013:09:46:09 +0000]|4
[09/Oct/2013:09:46:10 +0000]|17
[09/Oct/2013:09:46:11 +0000]|26
[09/Oct/2013:09:46:12 +0000]|18
[09/Oct/2013:09:46:13 +0000]|3
[09/Oct/2013:09:46:14 +0000]|3
[09/Oct/2013:09:46:15 +0000]|3
[09/Oct/2013:09:46:16 +0000]|10
[09/Oct/2013:09:46:17 +0000]|4
[09/Oct/2013:09:46:18 +0000]|3
[09/Oct/2013:09:46:19 +0000]|4
[09/Oct/2013:09:46:20 +0000]|3
[09/Oct/2013:09:46:21 +0000]|48
[09/Oct/2013:09:46:22 +0000]|3
[09/Oct/2013:09:46:23 +0000]|5
[09/Oct/2013:09:46:24 +0000]|4
[09/Oct/2013:20:27:24 +0000]|4
[09/Oct/2013:20:27:25 +0000]|4
[09/Oct/2013:20:27:25 +0000]|3
[09/Oct/2013:20:27:26 +0000]|3
[09/Oct/2013:20:27:26 +0000]|17
[09/Oct/2013:20:27:27 +0000]|3
[09/Oct/2013:20:27:27 +0000]|3
[09/Oct/2013:20:27:28 +0000]|3
[09/Oct/2013:20:27:28 +0000]|39
[09/Oct/2013:20:27:29 +0000]|29
[09/Oct/2013:20:27:29 +0000]|3
[09/Oct/2013:20:27:30 +0000]|8
[09/Oct/2013:20:27:30 +0000]|3
[09/Oct/2013:20:27:31 +0000]|3
[09/Oct/2013:20:27:31 +0000]|8
[09/Oct/2013:20:27:32 +0000]|80
[09/Oct/2013:20:27:32 +0000]|24
[09/Oct/2013:20:27:33 +0000]|2
[09/Oct/2013:20:27:33 +0000]|3
[09/Oct/2013:20:27:34 +0000]|3
[09/Oct/2013:20:27:34 +0000]|45
[09/Oct/2013:20:27:35 +0000]|3
[09/Oct/2013:20:27:35 +0000]|29
[09/Oct/2013:20:27:36 +0000]|4
[09/Oct/2013:20:27:36 +0000]|5
[09/Oct/2013:20:27:37 +0000]|3
[09/Oct/2013:20:27:37 +0000]|3
[09/Oct/2013:20:27:38 +0000]|38
[09/Oct/2013:20:27:38 +0000]|26
[09/Oct/2013:20:27:39 +0000]|11
[09/Oct/2013:20:27:39 +0000]|3
[09/Oct/2013:20:27:40 +0000]|4
[09/Oct/2013:20:27:40 +0000]|66
[09/Oct/2013:20:27:41 +0000]|43
[09/Oct/2013:20:27:41 +0000]|3
[09/Oct/2013:20:27:42 +0000]|3
[09/Oct/2013:20:27:42 +0000]|3
[09/Oct/2013:20:27:43 +0000]|26
[09/Oct/2013:20:27:43 +0000]|3
[09/Oct/2013:20:27:44 +0000]|14
[09/Oct/2013:20:27:44 +0000]|4
[09/Oct/2013:20:27:45 +0000]|3
[09/Oct/2013:20:27:45 +0000]|3
[09/Oct/2013:20:27:46 +0000]|3
[09/Oct/2013:20:27:46 +0000]|220
[09/Oct/2013:20:27:47 +0000]|3
[09/Oct/2013:20:27:47 +0000]|3
[09/Oct/2013:20:27:48 +0000]|4
[09/Oct/2013:20:27:48 +0000]|4
[09/Oct/2013:20:27:49 +0000]|4
[09/Oct/2013:20:27:49 +0000]|18
[09/Oct/2013:20:27:50 +0000]|4
[09/Oct/2013:20:27:50 +0000]|3
[09/Oct/2013:20:27:51 +0000]|3
[09/Oct/2013:20:27:51 +0000]|3
[09/Oct/2013:20:27:52 +0000]|41
[09/Oct/2013:20:27:52 +0000]|15
[09/Oct/2013:20:27:53 +0000]|4
[09/Oct/2013:20:27:53 +0000]|3
[09/Oct/2013:20:27:54 +0000]|4
[09/Oct/2013:20:27:54 +0000]|3
[09/Oct/2013:20:27:55 +0000]|3
[09/Oct/2013:20:27:55 +0000]|40
[09/Oct/2013:20:27:56 +0000]|20
[09/Oct/2013:20:27:56 +0000]|3
[09/Oct/2013:20:27:57 +0000]|3
[09/Oct/2013:20:27:57 +0000]|3
[09/Oct/2013:20:27:58 +0000]|63
[09/Oct/2013:20:27:58 +0000]|3
[09/Oct/2013:20:27:59 +0000]|4
[09/Oct/2013:20:27:59 +0000]|2
[09/Oct/2013:20:28:00 +0000]|3
[09/Oct/2013:20:28:00 +0000]|3
[09/Oct/2013:20:28:01 +0000]|3
[09/Oct/2013:20:28:01 +0000]|99
[09/Oct/2013:20:28:02 +0000]|3
[09/Oct/2013:20:28:02 +0000]|3
[09/Oct/2013:20:28:03 +0000]|3
[09/Oct/2013:20:28:03 +0000]|3
[09/Oct/2013:20:28:04 +0000]|3
[09/Oct/2013:20:28:04 +0000]|4
[09/Oct/2013:20:28:05 +0000]|3
[09/Oct/2013:20:28:05 +0000]|3
[09/Oct/2013:20:28:06 +0000]|3
[09/Oct/2013:20:28:06 +0000]|3
[09/Oct/2013:20:28:07 +0000]|22
[09/Oct/2013:20:28:07 +0000]|3
[09/Oct/2013:20:28:08 +0000]|3
[09/Oct/2013:20:28:08 +0000]|4
[09/Oct/2013:20:28:09 +0000]|2
[09/Oct/2013:20:28:09 +0000]|54
[09/Oct/2013:20:28:10 +0000]|4
[09/Oct/2013:20:28:10 +0000]|4
[09/Oct/2013:20:28:11 +0000]|4
[09/Oct/2013:20:28:11 +0000]|4
[09/Oct/2013:20:28:12 +0000]|4
[09/Oct/2013:20:28:12 +0000]|2
[09/Oct/2013:20:28:13 +0000]|47
[09/Oct/2013:20:28:13 +0000]|43
[09/Oct/2013:20:28:14 +0000]|3
[09/Oct/2013:20:29:20 +0000]|4
[09/Oct/2013:20:29:21 +0000]|41
[09/Oct/2013:20:29:21 +0000]|16
[09/Oct/2013:20:29:22 +0000]|3
[09/Oct/2013:20:29:22 +0000]|8
[09/Oct/2013:20:29:23 +0000]|22
[09/Oct/2013:20:29:23 +0000]|69
[09/Oct/2013:20:29:24 +0000]|37
[09/Oct/2013:20:29:24 +0000]|367
[09/Oct/2013:20:29:24 +0000]|437
[09/Oct/2013:20:29:24 +0000]|382
[09/Oct/2013:20:29:26 +0000]|1478
[09/Oct/2013:20:29:26 +0000]|312
[09/Oct/2013:20:29:26 +0000]|830
[09/Oct/2013:20:29:26 +0000]|985
[09/Oct/2013:20:29:26 +0000]|1004
[09/Oct/2013:20:29:26 +0000]|1869
[09/Oct/2013:20:29:26 +0000]|752
[09/Oct/2013:20:29:26 +0000]|283
[09/Oct/2013:20:29:31 +0000]|4407
[09/Oct/2013:20:29:31 +0000]|154
[09/Oct/2013:20:29:31 +0000]|211
[09/Oct/2013:20:29:31 +0000]|275
[09/Oct/2013:20:29:31 +0000]|308
[09/Oct/2013:20:29:31 +0000]|329
[09/Oct/2013:20:29:31 +0000]|4789
[09/Oct/2013:20:29:32 +0000]|368
[09/Oct/2013:20:29:32 +0000]|437
[09/Oct/2013:20:29:32 +0000]|637
[09/Oct/2013:20:29:32 +0000]|639
[09/Oct/2013:20:29:32 +0000]|639
[09/Oct/2013:20:29:36 +0000]|2133
[09/Oct/2013:20:29:36 +0000]|1184
[09/Oct/2013:20:29:38 +0000]|39
[09/Oct/2013:20:29:38 +0000]|7353
[09/Oct/2013:20:29:38 +0000]|6882
[09/Oct/2013:20:29:39 +0000]|6427
[09/Oct/2013:20:29:39 +0000]|6036
[09/Oct/2013:20:29:39 +0000]|2448
[09/Oct/2013:20:29:39 +0000]|6093
[09/Oct/2013:20:29:40 +0000]|1972
[09/Oct/2013:20:29:41 +0000]|904
[09/Oct/2013:20:29:41 +0000]|107
[09/Oct/2013:20:29:42 +0000]|29
[09/Oct/2013:20:29:42 +0000]|40
[09/Oct/2013:20:29:43 +0000]|12
[09/Oct/2013:20:29:44 +0000]|11
[09/Oct/2013:20:29:45 +0000]|19
[09/Oct/2013:20:29:46 +0000]|47
[09/Oct/2013:20:29:47 +0000]|3
[09/Oct/2013:20:29:48 +0000]|4
[09/Oct/2013:20:29:49 +0000]|16
[09/Oct/2013:20:29:50 +0000]|15
[09/Oct/2013:20:29:51 +0000]|35
[09/Oct/2013:20:29:52 +0000]|16
[09/Oct/2013:20:29:53 +0000]|4
[09/Oct/2013:20:29:54 +0000]|16
[09/Oct/2013:20:29:55 +0000]|3
[09/Oct/2013:20:29:56 +0000]|7
[09/Oct/2013:20:29:57 +0000]|4
[09/Oct/2013:20:29:58 +0000]|3
[09/Oct/2013:20:29:59 +0000]|2
[09/Oct/2013:20:30:00 +0000]|3
[09/Oct/2013:20:30:01 +0000]|6
[09/Oct/2013:20:30:02 +0000]|4
[09/Oct/2013:20:30:03 +0000]|3
[09/Oct/2013:20:30:04 +0000]|4
[09/Oct/2013:20:30:05 +0000]|3
[09/Oct/2013:20:30:06 +0000]|7
[09/Oct/2013:20:30:07 +0000]|4
[09/Oct/2013:20:30:08 +0000]|4
[09/Oct/2013:20:30:09 +0000]|3
[09/Oct/2013:20:30:10 +0000]|4
[09/Oct/2013:20:30:12 +0000]|3
[09/Oct/2013:20:31:49 +0000]|3
[09/Oct/2013:20:31:51 +0000]|627
[09/Oct/2013:20:31:51 +0000]|366
[09/Oct/2013:20:31:51 +0000]|877
[09/Oct/2013:20:31:52 +0000]|466
[09/Oct/2013:20:31:52 +0000]|545
[09/Oct/2013:20:31:53 +0000]|541
[09/Oct/2013:20:31:53 +0000]|513
[09/Oct/2013:20:31:54 +0000]|358
[09/Oct/2013:20:31:54 +0000]|61
[09/Oct/2013:20:31:55 +0000]|446
[09/Oct/2013:20:31:55 +0000]|394
[09/Oct/2013:20:31:57 +0000]|834
[09/Oct/2013:20:31:57 +0000]|364
[09/Oct/2013:20:31:57 +0000]|1418
[09/Oct/2013:20:31:58 +0000]|709
[09/Oct/2013:20:31:58 +0000]|1338
[09/Oct/2013:20:31:59 +0000]|521
[09/Oct/2013:20:31:59 +0000]|545
[09/Oct/2013:20:32:00 +0000]|673
[09/Oct/2013:20:32:00 +0000]|701
[09/Oct/2013:20:32:01 +0000]|981
[09/Oct/2013:20:32:02 +0000]|529
[09/Oct/2013:20:32:02 +0000]|546
[09/Oct/2013:20:32:02 +0000]|1994
[09/Oct/2013:20:32:03 +0000]|65
[09/Oct/2013:20:32:04 +0000]|1174
[09/Oct/2013:20:32:04 +0000]|76
[09/Oct/2013:20:32:05 +0000]|65
[09/Oct/2013:20:32:06 +0000]|543
[09/Oct/2013:20:32:06 +0000]|1053
[09/Oct/2013:20:32:06 +0000]|2429
[09/Oct/2013:20:32:06 +0000]|1628
[09/Oct/2013:20:32:07 +0000]|1161
[09/Oct/2013:20:32:07 +0000]|109
[09/Oct/2013:20:32:08 +0000]|1008
[09/Oct/2013:20:32:08 +0000]|477
[09/Oct/2013:20:32:09 +0000]|422
[09/Oct/2013:20:32:10 +0000]|1041
[09/Oct/2013:20:32:10 +0000]|1111
[09/Oct/2013:20:32:11 +0000]|158
[09/Oct/2013:20:32:11 +0000]|1562
[09/Oct/2013:20:32:12 +0000]|160
[09/Oct/2013:20:32:12 +0000]|1552
[09/Oct/2013:20:32:12 +0000]|33
[09/Oct/2013:20:32:12 +0000]|941
[09/Oct/2013:20:32:13 +0000]|34
[09/Oct/2013:20:32:13 +0000]|699
[09/Oct/2013:20:32:14 +0000]|106
[09/Oct/2013:20:32:14 +0000]|113
[09/Oct/2013:20:32:15 +0000]|53
[09/Oct/2013:20:32:15 +0000]|54
[09/Oct/2013:20:32:16 +0000]|98
[09/Oct/2013:20:32:16 +0000]|32
[09/Oct/2013:20:32:16 +0000]|25
[09/Oct/2013:20:32:17 +0000]|13
[09/Oct/2013:20:32:17 +0000]|5
[09/Oct/2013:20:32:18 +0000]|62
[09/Oct/2013:20:32:19 +0000]|29
[09/Oct/2013:20:32:19 +0000]|57
[09/Oct/2013:20:32:20 +0000]|38
[09/Oct/2013:20:32:20 +0000]|12
[09/Oct/2013:20:32:21 +0000]|74
[09/Oct/2013:20:32:21 +0000]|41
[09/Oct/2013:20:32:22 +0000]|25
[09/Oct/2013:20:32:22 +0000]|142
[09/Oct/2013:20:32:23 +0000]|34
[09/Oct/2013:20:32:23 +0000]|16
[09/Oct/2013:20:32:24 +0000]|48
[09/Oct/2013:20:32:24 +0000]|34
[09/Oct/2013:20:32:25 +0000]|62
[09/Oct/2013:20:32:25 +0000]|33
[09/Oct/2013:20:32:26 +0000]|30
[09/Oct/2013:20:32:26 +0000]|13
[09/Oct/2013:20:32:26 +0000]|15
[09/Oct/2013:20:32:27 +0000]|19
[09/Oct/2013:20:32:28 +0000]|63
[09/Oct/2013:20:32:28 +0000]|48
[09/Oct/2013:20:32:29 +0000]|52
[09/Oct/2013:20:32:29 +0000]|18
[09/Oct/2013:20:32:30 +0000]|50
[09/Oct/2013:20:32:30 +0000]|32
[09/Oct/2013:20:32:31 +0000]|33
[09/Oct/2013:20:32:31 +0000]|17
[09/Oct/2013:20:32:31 +0000]|10
[09/Oct/2013:20:32:32 +0000]|18
[09/Oct/2013:20:32:32 +0000]|14
[09/Oct/2013:20:32:33 +0000]|59
[09/Oct/2013:20:32:34 +0000]|50
[09/Oct/2013:20:32:34 +0000]|35
[09/Oct/2013:20:32:34 +0000]|12
[09/Oct/2013:20:32:35 +0000]|13
[09/Oct/2013:20:32:36 +0000]|86
[09/Oct/2013:20:32:36 +0000]|50
[09/Oct/2013:20:32:36 +0000]|11
[09/Oct/2013:20:32:37 +0000]|3
[09/Oct/2013:20:32:37 +0000]|14
[09/Oct/2013:20:32:38 +0000]|5
[09/Oct/2013:20:32:38 +0000]|22
[09/Oct/2013:20:32:39 +0000]|33
[09/Oct/2013:20:33:36 +0000]|3
[09/Oct/2013:20:33:37 +0000]|8
[09/Oct/2013:20:33:37 +0000]|28
[09/Oct/2013:20:33:37 +0000]|4
[09/Oct/2013:20:33:38 +0000]|4
[09/Oct/2013:20:33:38 +0000]|3
[09/Oct/2013:20:33:39 +0000]|41
[09/Oct/2013:20:33:40 +0000]|26
[09/Oct/2013:20:33:40 +0000]|3
[09/Oct/2013:20:33:40 +0000]|3
[09/Oct/2013:20:33:41 +0000]|2
[09/Oct/2013:20:33:41 +0000]|3
[09/Oct/2013:20:33:42 +0000]|3
[09/Oct/2013:20:33:43 +0000]|52
[09/Oct/2013:20:33:43 +0000]|3
[09/Oct/2013:20:33:44 +0000]|7
[09/Oct/2013:20:33:44 +0000]|3
[09/Oct/2013:20:33:44 +0000]|3
[09/Oct/2013:20:33:45 +0000]|18
[09/Oct/2013:20:33:45 +0000]|3
[09/Oct/2013:20:33:46 +0000]|2
[09/Oct/2013:20:33:46 +0000]|3
[09/Oct/2013:20:33:47 +0000]|3
[09/Oct/2013:20:33:47 +0000]|3
[09/Oct/2013:20:33:48 +0000]|64
[09/Oct/2013:20:33:49 +0000]|35
[09/Oct/2013:20:33:49 +0000]|6
[09/Oct/2013:20:33:49 +0000]|4
[09/Oct/2013:20:33:50 +0000]|2
[09/Oct/2013:20:33:51 +0000]|39
[09/Oct/2013:20:33:51 +0000]|38
[09/Oct/2013:20:33:51 +0000]|2
[09/Oct/2013:20:33:52 +0000]|3
[09/Oct/2013:20:33:52 +0000]|3
[09/Oct/2013:20:33:53 +0000]|3
[09/Oct/2013:20:33:54 +0000]|5
[09/Oct/2013:20:33:54 +0000]|12
[09/Oct/2013:20:33:54 +0000]|3
[09/Oct/2013:20:33:55 +0000]|2
[09/Oct/2013:20:33:55 +0000]|2
[09/Oct/2013:20:33:56 +0000]|4
[09/Oct/2013:20:33:57 +0000]|31
[09/Oct/2013:20:33:57 +0000]|29
[09/Oct/2013:20:33:57 +0000]|4
[09/Oct/2013:20:33:58 +0000]|3
[09/Oct/2013:20:33:59 +0000]|7
[09/Oct/2013:20:33:59 +0000]|2
[09/Oct/2013:20:33:59 +0000]|4
[09/Oct/2013:20:34:00 +0000]|40
[09/Oct/2013:20:34:01 +0000]|24
[09/Oct/2013:20:34:01 +0000]|3
[09/Oct/2013:20:34:01 +0000]|4
[09/Oct/2013:20:34:02 +0000]|3
[09/Oct/2013:20:34:03 +0000]|24
[09/Oct/2013:20:34:03 +0000]|11
[09/Oct/2013:20:34:04 +0000]|3
[09/Oct/2013:20:34:04 +0000]|3
[09/Oct/2013:20:34:04 +0000]|3
[09/Oct/2013:20:34:05 +0000]|3
[09/Oct/2013:20:34:05 +0000]|2
[09/Oct/2013:20:34:06 +0000]|32
[09/Oct/2013:20:34:07 +0000]|20
[09/Oct/2013:20:34:07 +0000]|3
[09/Oct/2013:20:34:07 +0000]|2
[09/Oct/2013:20:34:08 +0000]|3
[09/Oct/2013:20:34:09 +0000]|78
[09/Oct/2013:20:34:09 +0000]|35
[09/Oct/2013:20:34:09 +0000]|3
[09/Oct/2013:20:34:10 +0000]|3
[09/Oct/2013:20:34:11 +0000]|335
[09/Oct/2013:20:34:11 +0000]|3
[09/Oct/2013:20:34:11 +0000]|3
[09/Oct/2013:20:34:12 +0000]|16
[09/Oct/2013:20:34:12 +0000]|2
[09/Oct/2013:20:34:13 +0000]|4
[09/Oct/2013:20:34:13 +0000]|3
[09/Oct/2013:20:34:14 +0000]|32
[09/Oct/2013:20:34:15 +0000]|33
[09/Oct/2013:20:34:16 +0000]|69
[09/Oct/2013:20:34:16 +0000]|942
[09/Oct/2013:20:34:16 +0000]|967
[09/Oct/2013:20:34:16 +0000]|999
[09/Oct/2013:20:34:16 +0000]|174
[09/Oct/2013:20:34:16 +0000]|207
[09/Oct/2013:20:34:19 +0000]|220
[09/Oct/2013:20:34:19 +0000]|279
[09/Oct/2013:20:34:19 +0000]|350
[09/Oct/2013:20:34:19 +0000]|399
[09/Oct/2013:20:34:19 +0000]|480
[09/Oct/2013:20:34:19 +0000]|536
[09/Oct/2013:20:34:19 +0000]|616
[09/Oct/2013:20:34:19 +0000]|660
[09/Oct/2013:20:34:21 +0000]|4797
[09/Oct/2013:20:34:27 +0000]|184
[09/Oct/2013:20:34:27 +0000]|6224
[09/Oct/2013:20:34:27 +0000]|6304
[09/Oct/2013:20:34:27 +0000]|6410
[09/Oct/2013:20:34:27 +0000]|6478
[09/Oct/2013:20:34:29 +0000]|9985
[09/Oct/2013:20:34:32 +0000]|12804
[09/Oct/2013:20:34:32 +0000]|12772
[09/Oct/2013:20:34:32 +0000]|12779
[09/Oct/2013:20:34:32 +0000]|4484
[09/Oct/2013:20:34:32 +0000]|5302
[09/Oct/2013:20:34:32 +0000]|4572
[09/Oct/2013:20:34:32 +0000]|4955
[09/Oct/2013:20:34:32 +0000]|5000
[09/Oct/2013:20:34:32 +0000]|58
[09/Oct/2013:20:34:32 +0000]|77
[09/Oct/2013:20:34:32 +0000]|26
[09/Oct/2013:20:34:32 +0000]|58
[09/Oct/2013:20:34:33 +0000]|5473
[09/Oct/2013:20:34:37 +0000]|16561
[09/Oct/2013:20:34:41 +0000]|9442
[09/Oct/2013:20:34:41 +0000]|9496
[09/Oct/2013:20:34:42 +0000]|9548
[09/Oct/2013:20:34:42 +0000]|9574
[09/Oct/2013:20:34:42 +0000]|9968
[09/Oct/2013:20:34:42 +0000]|9952
[09/Oct/2013:20:34:42 +0000]|9951
[09/Oct/2013:20:34:42 +0000]|9925
[09/Oct/2013:20:34:42 +0000]|9924
[09/Oct/2013:20:34:44 +0000]|25193
[09/Oct/2013:20:34:48 +0000]|29426
[09/Oct/2013:20:34:48 +0000]|21232
[09/Oct/2013:20:34:50 +0000]|17316
[09/Oct/2013:20:34:54 +0000]|21552
[09/Oct/2013:20:34:54 +0000]|21575
[09/Oct/2013:20:34:54 +0000]|21634
[09/Oct/2013:20:34:54 +0000]|21675
[09/Oct/2013:20:34:55 +0000]|23391
[09/Oct/2013:20:34:56 +0000]|15206
[09/Oct/2013:20:34:56 +0000]|18548
[09/Oct/2013:20:34:56 +0000]|18623
[09/Oct/2013:20:34:56 +0000]|29763
[09/Oct/2013:20:34:58 +0000]|25547
[09/Oct/2013:20:34:59 +0000]|5980
[09/Oct/2013:20:34:59 +0000]|21790
[09/Oct/2013:20:34:59 +0000]|16
[09/Oct/2013:20:34:59 +0000]|24
[09/Oct/2013:20:34:59 +0000]|21863
[09/Oct/2013:20:34:59 +0000]|21903
[09/Oct/2013:20:35:00 +0000]|25076
[09/Oct/2013:20:35:04 +0000]|5616
[09/Oct/2013:20:35:04 +0000]|32466
[09/Oct/2013:20:35:04 +0000]|29144
[09/Oct/2013:20:35:06 +0000]|28191
[09/Oct/2013:20:35:06 +0000]|28235
[09/Oct/2013:20:35:07 +0000]|34795
[09/Oct/2013:20:35:07 +0000]|34843
[09/Oct/2013:20:35:08 +0000]|29891
[09/Oct/2013:20:35:11 +0000]|17156
[09/Oct/2013:20:35:14 +0000]|20919
[09/Oct/2013:20:35:15 +0000]|20990
[09/Oct/2013:20:35:15 +0000]|22325
[09/Oct/2013:20:35:15 +0000]|24993
[09/Oct/2013:20:35:16 +0000]|24129
[09/Oct/2013:20:35:17 +0000]|23425
[09/Oct/2013:20:35:17 +0000]|23440
[09/Oct/2013:20:35:18 +0000]|24912
[09/Oct/2013:20:35:18 +0000]|8271
[09/Oct/2013:20:35:18 +0000]|8
[09/Oct/2013:20:35:18 +0000]|68
[09/Oct/2013:20:35:18 +0000]|47
[09/Oct/2013:20:35:18 +0000]|22132
[09/Oct/2013:20:35:18 +0000]|20412
[09/Oct/2013:20:35:20 +0000]|27411
[09/Oct/2013:20:35:22 +0000]|28346
[09/Oct/2013:20:35:24 +0000]|30288
[09/Oct/2013:20:35:24 +0000]|30304
[09/Oct/2013:20:35:25 +0000]|20840
[09/Oct/2013:20:35:25 +0000]|27257
[09/Oct/2013:20:35:25 +0000]|27344
[09/Oct/2013:20:35:26 +0000]|28309
[09/Oct/2013:20:35:28 +0000]|29874
[09/Oct/2013:20:35:28 +0000]|24139
[09/Oct/2013:20:35:27 +0000]|29116
[09/Oct/2013:20:35:31 +0000]|27402
[09/Oct/2013:20:35:31 +0000]|27395
[09/Oct/2013:20:35:31 +0000]|18764
[09/Oct/2013:20:35:32 +0000]|28354
[09/Oct/2013:20:35:32 +0000]|28368
[09/Oct/2013:20:35:32 +0000]|28376
[09/Oct/2013:20:35:33 +0000]|29086
[09/Oct/2013:20:35:33 +0000]|29092
[09/Oct/2013:20:35:35 +0000]|22060
[09/Oct/2013:20:35:35 +0000]|16922
[09/Oct/2013:20:35:36 +0000]|25440
[09/Oct/2013:20:35:38 +0000]|24072
[09/Oct/2013:20:35:38 +0000]|25984
[09/Oct/2013:20:35:39 +0000]|26048
[09/Oct/2013:20:35:39 +0000]|26065
[09/Oct/2013:20:35:39 +0000]|26844
[09/Oct/2013:20:35:42 +0000]|24195
[09/Oct/2013:20:35:42 +0000]|15795
[09/Oct/2013:20:35:42 +0000]|25107
[09/Oct/2013:20:35:43 +0000]|21552
[09/Oct/2013:20:35:43 +0000]|27236
[09/Oct/2013:20:35:44 +0000]|18220
[09/Oct/2013:20:35:44 +0000]|26786
[09/Oct/2013:20:35:46 +0000]|807
[09/Oct/2013:20:35:46 +0000]|840
[09/Oct/2013:20:35:48 +0000]|627
[09/Oct/2013:20:35:48 +0000]|1577
[09/Oct/2013:20:35:48 +0000]|1599
[09/Oct/2013:20:35:49 +0000]|2323
[09/Oct/2013:20:35:49 +0000]|716
[09/Oct/2013:20:35:51 +0000]|936
[09/Oct/2013:20:35:51 +0000]|983
[09/Oct/2013:20:35:53 +0000]|339
[09/Oct/2013:20:35:53 +0000]|428
[09/Oct/2013:20:35:53 +0000]|828
[09/Oct/2013:20:35:53 +0000]|3313
[09/Oct/2013:20:35:53 +0000]|4841
[09/Oct/2013:20:35:53 +0000]|860
[09/Oct/2013:20:35:53 +0000]|4896
[09/Oct/2013:20:35:53 +0000]|862
[09/Oct/2013:20:35:57 +0000]|100
[09/Oct/2013:20:35:57 +0000]|136
[09/Oct/2013:20:35:57 +0000]|51
[09/Oct/2013:20:35:58 +0000]|680
[09/Oct/2013:20:35:59 +0000]|1076
[09/Oct/2013:20:35:59 +0000]|1112
[09/Oct/2013:20:35:59 +0000]|1195
[09/Oct/2013:20:35:59 +0000]|51
[09/Oct/2013:20:36:00 +0000]|424
[09/Oct/2013:20:36:03 +0000]|1840
[09/Oct/2013:20:36:05 +0000]|7553
[09/Oct/2013:20:36:06 +0000]|3590
[09/Oct/2013:20:36:06 +0000]|3799
[09/Oct/2013:20:36:06 +0000]|3846
[09/Oct/2013:20:36:06 +0000]|4185
[09/Oct/2013:20:36:06 +0000]|4186
[09/Oct/2013:20:36:06 +0000]|13447
[09/Oct/2013:20:36:10 +0000]|917
[09/Oct/2013:20:36:10 +0000]|1500
[09/Oct/2013:20:36:11 +0000]|1664
[09/Oct/2013:20:36:11 +0000]|1671
[09/Oct/2013:20:36:12 +0000]|686
[09/Oct/2013:20:36:14 +0000]|7305
[09/Oct/2013:20:36:14 +0000]|14448
[09/Oct/2013:20:36:15 +0000]|15172
[09/Oct/2013:20:36:16 +0000]|9911
[09/Oct/2013:20:36:16 +0000]|10881
[09/Oct/2013:20:36:16 +0000]|10943
[09/Oct/2013:20:36:16 +0000]|10977
[09/Oct/2013:20:36:16 +0000]|4437
[09/Oct/2013:20:36:16 +0000]|11092
[09/Oct/2013:20:36:16 +0000]|10463
[09/Oct/2013:20:36:21 +0000]|9747
[09/Oct/2013:20:36:21 +0000]|2578
[09/Oct/2013:20:36:21 +0000]|9891
[09/Oct/2013:20:36:21 +0000]|2685
[09/Oct/2013:20:36:21 +0000]|2754
[09/Oct/2013:20:36:21 +0000]|16696
[09/Oct/2013:20:36:22 +0000]|2852
[09/Oct/2013:20:36:22 +0000]|364
[09/Oct/2013:20:36:27 +0000]|21121
[09/Oct/2013:20:36:27 +0000]|6249
[09/Oct/2013:20:36:27 +0000]|6288
[09/Oct/2013:20:36:27 +0000]|6366
[09/Oct/2013:20:36:31 +0000]|12488
[09/Oct/2013:20:36:32 +0000]|13407
[09/Oct/2013:20:36:32 +0000]|13438
[09/Oct/2013:20:36:34 +0000]|24601
[09/Oct/2013:20:36:35 +0000]|20799
[09/Oct/2013:20:36:35 +0000]|23844
[09/Oct/2013:20:36:37 +0000]|23193
[09/Oct/2013:20:36:37 +0000]|23208
[09/Oct/2013:20:36:38 +0000]|23865
[09/Oct/2013:20:36:38 +0000]|15184
[09/Oct/2013:20:36:38 +0000]|19735
[09/Oct/2013:20:36:38 +0000]|23880
[09/Oct/2013:20:36:40 +0000]|21476
[09/Oct/2013:20:36:42 +0000]|15832
[09/Oct/2013:20:36:42 +0000]|15844
[09/Oct/2013:20:36:42 +0000]|12466
[09/Oct/2013:20:36:42 +0000]|12577
[09/Oct/2013:20:36:42 +0000]|16002
[09/Oct/2013:20:36:43 +0000]|22035
[09/Oct/2013:20:36:44 +0000]|22735
[09/Oct/2013:20:36:45 +0000]|18381
[09/Oct/2013:20:36:45 +0000]|18564
[09/Oct/2013:20:36:46 +0000]|23184
[09/Oct/2013:20:36:49 +0000]|22409
[09/Oct/2013:20:36:49 +0000]|19960
[09/Oct/2013:20:36:49 +0000]|23233
[09/Oct/2013:20:36:50 +0000]|15097
[09/Oct/2013:20:36:50 +0000]|15136
[09/Oct/2013:20:36:50 +0000]|17556
[09/Oct/2013:20:36:51 +0000]|22508
[09/Oct/2013:20:36:51 +0000]|22524
[09/Oct/2013:20:36:51 +0000]|22542
[09/Oct/2013:20:36:52 +0000]|23416
[09/Oct/2013:20:36:54 +0000]|21960
[09/Oct/2013:20:36:56 +0000]|22027
[09/Oct/2013:20:36:56 +0000]|22039
[09/Oct/2013:20:36:57 +0000]|24587
[09/Oct/2013:20:36:57 +0000]|24604
[09/Oct/2013:20:36:57 +0000]|24624
[09/Oct/2013:20:50:20 +0000]|21
[09/Oct/2013:20:50:21 +0000]|32
[09/Oct/2013:20:50:21 +0000]|25
[09/Oct/2013:20:50:22 +0000]|41
[09/Oct/2013:20:50:22 +0000]|56
[09/Oct/2013:20:50:24 +0000]|26
[09/Oct/2013:20:50:24 +0000]|176
[09/Oct/2013:20:50:24 +0000]|215
[09/Oct/2013:20:50:25 +0000]|55
[09/Oct/2013:20:50:26 +0000]|946
[09/Oct/2013:20:50:26 +0000]|1014
[09/Oct/2013:20:50:26 +0000]|44
[09/Oct/2013:20:50:28 +0000]|889
[09/Oct/2013:20:50:28 +0000]|224
[09/Oct/2013:20:50:28 +0000]|308
[09/Oct/2013:20:50:29 +0000]|3108
[09/Oct/2013:20:50:31 +0000]|1583
[09/Oct/2013:20:50:31 +0000]|3153
[09/Oct/2013:20:50:31 +0000]|63
[09/Oct/2013:20:50:33 +0000]|3291
[09/Oct/2013:20:50:33 +0000]|823
[09/Oct/2013:20:50:33 +0000]|3351
[09/Oct/2013:20:50:35 +0000]|2645
[09/Oct/2013:20:50:37 +0000]|5436
[09/Oct/2013:20:50:37 +0000]|3249
[09/Oct/2013:20:50:37 +0000]|3276
[09/Oct/2013:20:50:37 +0000]|5500
[09/Oct/2013:20:50:37 +0000]|26
[09/Oct/2013:20:50:40 +0000]|6752
[09/Oct/2013:20:50:40 +0000]|1107
[09/Oct/2013:20:50:41 +0000]|128
[09/Oct/2013:20:50:41 +0000]|203
[09/Oct/2013:20:50:41 +0000]|237
[09/Oct/2013:20:50:41 +0000]|1692
[09/Oct/2013:20:50:45 +0000]|4173
[09/Oct/2013:20:50:46 +0000]|884
[09/Oct/2013:20:50:46 +0000]|907
[09/Oct/2013:20:50:46 +0000]|14
[09/Oct/2013:20:50:46 +0000]|16
[09/Oct/2013:20:50:46 +0000]|29
[09/Oct/2013:20:50:46 +0000]|993
[09/Oct/2013:20:50:46 +0000]|1004
[09/Oct/2013:20:50:46 +0000]|1024
[09/Oct/2013:20:50:46 +0000]|13
[09/Oct/2013:20:50:46 +0000]|11263
[09/Oct/2013:20:50:47 +0000]|11299
[09/Oct/2013:20:50:47 +0000]|11363
[09/Oct/2013:20:50:48 +0000]|9485
[09/Oct/2013:20:50:48 +0000]|20
[09/Oct/2013:20:50:48 +0000]|11239
[09/Oct/2013:20:50:48 +0000]|11272
[09/Oct/2013:20:50:56 +0000]|9221
[09/Oct/2013:20:50:56 +0000]|797
[09/Oct/2013:20:50:56 +0000]|50
[09/Oct/2013:20:50:57 +0000]|930
[09/Oct/2013:20:50:57 +0000]|35
[09/Oct/2013:20:50:57 +0000]|748
[09/Oct/2013:20:50:59 +0000]|1137
[09/Oct/2013:20:51:01 +0000]|2641
[09/Oct/2013:20:51:01 +0000]|2704
[09/Oct/2013:20:51:01 +0000]|2757
[09/Oct/2013:20:51:01 +0000]|2804
[09/Oct/2013:20:51:07 +0000]|6280
[09/Oct/2013:20:51:07 +0000]|5497
[09/Oct/2013:20:51:07 +0000]|5582
[09/Oct/2013:20:51:07 +0000]|5653
[09/Oct/2013:20:51:07 +0000]|5724
[09/Oct/2013:20:51:07 +0000]|11575
[09/Oct/2013:20:51:09 +0000]|12973
[09/Oct/2013:20:51:09 +0000]|12997
[09/Oct/2013:20:51:09 +0000]|13045
[09/Oct/2013:20:51:09 +0000]|11340
[09/Oct/2013:20:51:09 +0000]|11428
[09/Oct/2013:20:51:12 +0000]|158
[09/Oct/2013:20:51:12 +0000]|38
[09/Oct/2013:20:51:12 +0000]|50
[09/Oct/2013:20:51:12 +0000]|69
[09/Oct/2013:20:51:12 +0000]|25
[09/Oct/2013:20:51:12 +0000]|1067
[09/Oct/2013:20:51:12 +0000]|1104
[09/Oct/2013:20:51:12 +0000]|1153
[09/Oct/2013:20:51:12 +0000]|14959
[09/Oct/2013:20:51:12 +0000]|1229
[09/Oct/2013:20:51:12 +0000]|6271
[09/Oct/2013:20:51:12 +0000]|1248
[09/Oct/2013:20:51:12 +0000]|6309
[09/Oct/2013:20:51:12 +0000]|25
[09/Oct/2013:20:51:14 +0000]|8325
[09/Oct/2013:20:51:16 +0000]|20333
[09/Oct/2013:20:51:22 +0000]|16450
[09/Oct/2013:20:51:22 +0000]|8357
[09/Oct/2013:20:51:26 +0000]|28589
[09/Oct/2013:20:51:27 +0000]|29476
[09/Oct/2013:20:51:27 +0000]|29487
[09/Oct/2013:20:51:27 +0000]|29503
[09/Oct/2013:20:51:27 +0000]|29511
[09/Oct/2013:20:51:27 +0000]|29521
[09/Oct/2013:20:51:27 +0000]|29535
[09/Oct/2013:20:51:28 +0000]|15725
[09/Oct/2013:20:51:28 +0000]|15980
[09/Oct/2013:20:58:56 +0000]|3
[09/Oct/2013:20:58:58 +0000]|2
[09/Oct/2013:20:59:00 +0000]|3
[09/Oct/2013:20:59:02 +0000]|3
[09/Oct/2013:20:59:04 +0000]|3
[09/Oct/2013:20:59:06 +0000]|2
[09/Oct/2013:20:59:08 +0000]|2
[09/Oct/2013:20:59:10 +0000]|3
[09/Oct/2013:20:59:12 +0000]|329
[09/Oct/2013:20:59:14 +0000]|2
[09/Oct/2013:20:59:16 +0000]|3
[09/Oct/2013:20:59:18 +0000]|2
[09/Oct/2013:20:59:20 +0000]|2
[09/Oct/2013:20:59:22 +0000]|2
[09/Oct/2013:20:59:24 +0000]|2
[09/Oct/2013:20:59:26 +0000]|2
[09/Oct/2013:20:59:28 +0000]|2
[09/Oct/2013:20:59:30 +0000]|3
[09/Oct/2013:20:59:32 +0000]|2
[09/Oct/2013:20:59:34 +0000]|2
[09/Oct/2013:20:59:36 +0000]|2
[09/Oct/2013:20:59:38 +0000]|3
[09/Oct/2013:20:59:40 +0000]|2
[09/Oct/2013:20:59:42 +0000]|2
[09/Oct/2013:20:59:44 +0000]|17
[09/Oct/2013:21:00:26 +0000]|3
[09/Oct/2013:21:00:28 +0000]|3
[09/Oct/2013:21:00:31 +0000]|386
[09/Oct/2013:21:00:32 +0000]|2
[09/Oct/2013:21:00:34 +0000]|2
[09/Oct/2013:21:00:36 +0000]|3
[09/Oct/2013:21:00:38 +0000]|3
[09/Oct/2013:21:00:40 +0000]|3
[09/Oct/2013:21:00:42 +0000]|2
[09/Oct/2013:21:00:44 +0000]|3
[09/Oct/2013:21:00:46 +0000]|2
[09/Oct/2013:21:00:48 +0000]|3
[09/Oct/2013:21:00:50 +0000]|3
[09/Oct/2013:21:00:52 +0000]|3
[09/Oct/2013:21:00:54 +0000]|3
[09/Oct/2013:21:00:56 +0000]|2
[09/Oct/2013:21:00:58 +0000]|2
[09/Oct/2013:21:01:00 +0000]|2
[09/Oct/2013:21:01:02 +0000]|2
[09/Oct/2013:21:01:04 +0000]|5
[09/Oct/2013:21:01:06 +0000]|2
[09/Oct/2013:21:01:08 +0000]|3
[09/Oct/2013:21:01:10 +0000]|2
[09/Oct/2013:21:01:12 +0000]|3
[09/Oct/2013:21:01:14 +0000]|3
[09/Oct/2013:21:03:39 +0000]|3
[09/Oct/2013:21:03:40 +0000]|42
[09/Oct/2013:21:03:40 +0000]|56
[09/Oct/2013:21:03:41 +0000]|105
[09/Oct/2013:21:03:42 +0000]|52
[09/Oct/2013:21:03:43 +0000]|792
[09/Oct/2013:21:03:43 +0000]|25
[09/Oct/2013:21:03:44 +0000]|45
[09/Oct/2013:21:03:44 +0000]|70
[09/Oct/2013:21:03:44 +0000]|86
[09/Oct/2013:21:03:44 +0000]|103
[09/Oct/2013:21:03:44 +0000]|116
[09/Oct/2013:21:03:47 +0000]|105
[09/Oct/2013:21:03:47 +0000]|2725
[09/Oct/2013:21:03:49 +0000]|1816
[09/Oct/2013:21:03:49 +0000]|1840
[09/Oct/2013:21:03:49 +0000]|1850
[09/Oct/2013:21:03:49 +0000]|1869
[09/Oct/2013:21:03:49 +0000]|1897
[09/Oct/2013:21:03:49 +0000]|1921
[09/Oct/2013:21:03:49 +0000]|977
[09/Oct/2013:21:03:49 +0000]|1945
[09/Oct/2013:21:03:49 +0000]|987
[09/Oct/2013:21:03:49 +0000]|8
[09/Oct/2013:21:03:49 +0000]|2
[09/Oct/2013:21:03:49 +0000]|111
[09/Oct/2013:21:03:49 +0000]|167
[09/Oct/2013:21:03:49 +0000]|256
[09/Oct/2013:21:03:49 +0000]|329
[09/Oct/2013:21:03:49 +0000]|364
[09/Oct/2013:21:03:57 +0000]|7604
[09/Oct/2013:21:03:57 +0000]|30
[09/Oct/2013:21:03:57 +0000]|4
[09/Oct/2013:21:03:57 +0000]|31
[09/Oct/2013:21:03:57 +0000]|5
[09/Oct/2013:21:03:57 +0000]|31
[09/Oct/2013:21:04:06 +0000]|2691
[09/Oct/2013:21:04:07 +0000]|18336
[09/Oct/2013:21:04:07 +0000]|1840
[09/Oct/2013:21:04:07 +0000]|1911
[09/Oct/2013:21:04:07 +0000]|1949
[09/Oct/2013:21:04:07 +0000]|11440
[09/Oct/2013:21:04:08 +0000]|2039
[09/Oct/2013:21:04:08 +0000]|2507
[09/Oct/2013:21:04:08 +0000]|1653
[09/Oct/2013:21:04:08 +0000]|1656
[09/Oct/2013:21:04:08 +0000]|19250
[09/Oct/2013:21:04:13 +0000]|2564
[09/Oct/2013:21:04:13 +0000]|761
[09/Oct/2013:21:04:13 +0000]|3420
[09/Oct/2013:21:04:13 +0000]|23878
[09/Oct/2013:21:04:15 +0000]|9963
[09/Oct/2013:21:04:16 +0000]|8468
[09/Oct/2013:21:04:17 +0000]|8519
[09/Oct/2013:21:04:17 +0000]|8593
[09/Oct/2013:21:04:24 +0000]|29089
[09/Oct/2013:21:04:28 +0000]|20294
[09/Oct/2013:21:04:30 +0000]|21900
[09/Oct/2013:21:04:31 +0000]|22881
[09/Oct/2013:21:04:33 +0000]|25415
[09/Oct/2013:21:04:34 +0000]|26371
[09/Oct/2013:21:04:35 +0000]|27203
[09/Oct/2013:21:04:36 +0000]|27882
[09/Oct/2013:21:04:37 +0000]|28887
[09/Oct/2013:21:04:37 +0000]|28982
[09/Oct/2013:21:04:38 +0000]|29656
[09/Oct/2013:21:04:39 +0000]|30632
[09/Oct/2013:21:04:39 +0000]|31311
[09/Oct/2013:21:04:39 +0000]|31320
[09/Oct/2013:21:04:39 +0000]|31340
[09/Oct/2013:21:04:39 +0000]|31335
[09/Oct/2013:21:04:40 +0000]|32273
[09/Oct/2013:21:04:40 +0000]|32264
[09/Oct/2013:21:04:40 +0000]|32301
[09/Oct/2013:21:04:41 +0000]|32986
[09/Oct/2013:21:04:41 +0000]|33015
[09/Oct/2013:21:04:41 +0000]|33112
[09/Oct/2013:21:04:41 +0000]|33127
[09/Oct/2013:21:04:41 +0000]|33099
[09/Oct/2013:21:04:42 +0000]|33816
[09/Oct/2013:21:04:42 +0000]|33832
[09/Oct/2013:21:04:42 +0000]|33819
[09/Oct/2013:21:04:42 +0000]|33866
[09/Oct/2013:21:04:46 +0000]|37835
[09/Oct/2013:21:04:48 +0000]|39550
[09/Oct/2013:21:04:48 +0000]|39565
[09/Oct/2013:21:04:48 +0000]|40264
[09/Oct/2013:21:04:53 +0000]|45240
[09/Oct/2013:21:04:54 +0000]|45996
[09/Oct/2013:21:04:54 +0000]|46039
[09/Oct/2013:21:04:55 +0000]|46938
[09/Oct/2013:21:04:55 +0000]|46952
[09/Oct/2013:21:04:55 +0000]|46992
[09/Oct/2013:21:04:55 +0000]|47002
[09/Oct/2013:21:04:55 +0000]|47025
[09/Oct/2013:21:04:56 +0000]|47658
[09/Oct/2013:21:04:56 +0000]|47675
[09/Oct/2013:21:04:56 +0000]|47694
[09/Oct/2013:21:04:56 +0000]|47701
[09/Oct/2013:21:04:56 +0000]|47716
[09/Oct/2013:21:04:56 +0000]|47735
[09/Oct/2013:21:04:57 +0000]|48584
[09/Oct/2013:21:04:57 +0000]|48595
[09/Oct/2013:21:04:57 +0000]|48622
[09/Oct/2013:21:04:58 +0000]|42775
[09/Oct/2013:21:05:04 +0000]|55727
[09/Oct/2013:21:05:04 +0000]|55750
[09/Oct/2013:21:05:04 +0000]|55759
[09/Oct/2013:21:05:04 +0000]|55768
[09/Oct/2013:21:05:04 +0000]|55786
[09/Oct/2013:21:05:04 +0000]|55803
[09/Oct/2013:21:05:05 +0000]|56609
[09/Oct/2013:21:05:05 +0000]|52301
[09/Oct/2013:21:05:05 +0000]|52325
[09/Oct/2013:21:05:09 +0000]|55617
[09/Oct/2013:21:05:16 +0000]|63059
[09/Oct/2013:21:05:18 +0000]|50759
[09/Oct/2013:21:05:18 +0000]|50787
[09/Oct/2013:21:05:18 +0000]|50796
[09/Oct/2013:21:05:18 +0000]|50808
[09/Oct/2013:21:05:18 +0000]|50817
[09/Oct/2013:21:05:18 +0000]|50834
[09/Oct/2013:21:05:18 +0000]|50851
[09/Oct/2013:21:05:19 +0000]|51722
[09/Oct/2013:21:05:19 +0000]|51743
[09/Oct/2013:21:05:19 +0000]|51777
[09/Oct/2013:21:05:19 +0000]|51788
[09/Oct/2013:21:05:19 +0000]|51802
[09/Oct/2013:21:05:19 +0000]|51819
[09/Oct/2013:21:05:19 +0000]|51835
[09/Oct/2013:21:05:19 +0000]|51866
[09/Oct/2013:21:05:19 +0000]|51874
[09/Oct/2013:21:05:20 +0000]|52960
[09/Oct/2013:21:05:20 +0000]|52992
[09/Oct/2013:21:05:20 +0000]|53003
[09/Oct/2013:21:05:20 +0000]|53009
[09/Oct/2013:21:05:20 +0000]|53026
[09/Oct/2013:21:05:20 +0000]|53043
[09/Oct/2013:21:05:20 +0000]|53055
[09/Oct/2013:21:05:21 +0000]|53956
[09/Oct/2013:21:05:21 +0000]|53990
[09/Oct/2013:21:05:21 +0000]|54004
[09/Oct/2013:21:05:21 +0000]|54021
[09/Oct/2013:21:05:21 +0000]|54029
[09/Oct/2013:21:05:21 +0000]|54054
[09/Oct/2013:21:05:21 +0000]|54063
[09/Oct/2013:21:05:21 +0000]|54079
[09/Oct/2013:21:05:21 +0000]|54101
[09/Oct/2013:21:05:21 +0000]|54118
[09/Oct/2013:21:05:21 +0000]|53978
[09/Oct/2013:21:05:22 +0000]|55016
[09/Oct/2013:21:05:22 +0000]|55040
[09/Oct/2013:21:05:22 +0000]|55057
[09/Oct/2013:21:05:22 +0000]|55082
[09/Oct/2013:21:05:22 +0000]|55099
[09/Oct/2013:21:05:22 +0000]|55119
[09/Oct/2013:21:05:22 +0000]|55128
[09/Oct/2013:21:05:22 +0000]|55152
[09/Oct/2013:21:05:23 +0000]|56217
[09/Oct/2013:21:05:23 +0000]|56254
[09/Oct/2013:21:05:23 +0000]|56295
[09/Oct/2013:21:05:23 +0000]|56314
[09/Oct/2013:21:05:23 +0000]|56332
[09/Oct/2013:21:05:25 +0000]|72355
[09/Oct/2013:21:05:27 +0000]|73461
[09/Oct/2013:21:05:27 +0000]|73475
[09/Oct/2013:21:05:27 +0000]|73520
[09/Oct/2013:21:05:28 +0000]|74432
[09/Oct/2013:21:05:32 +0000]|57596
[09/Oct/2013:21:05:34 +0000]|73019
[09/Oct/2013:21:05:36 +0000]|55261
[09/Oct/2013:21:05:36 +0000]|55259
[09/Oct/2013:21:05:36 +0000]|54539
[09/Oct/2013:21:05:36 +0000]|54536
[09/Oct/2013:21:05:38 +0000]|59943
[09/Oct/2013:21:05:41 +0000]|59504
[09/Oct/2013:21:05:44 +0000]|76732
[09/Oct/2013:21:05:45 +0000]|91497
[09/Oct/2013:21:05:45 +0000]|91511
[09/Oct/2013:21:05:45 +0000]|91525
[09/Oct/2013:21:05:45 +0000]|91571
[09/Oct/2013:21:05:45 +0000]|91596
[09/Oct/2013:21:05:45 +0000]|91614
[09/Oct/2013:21:05:45 +0000]|91631
[09/Oct/2013:21:05:45 +0000]|91645
[09/Oct/2013:21:05:46 +0000]|92704
[09/Oct/2013:21:05:50 +0000]|74304
[09/Oct/2013:21:05:50 +0000]|89242
[09/Oct/2013:21:05:52 +0000]|91262
[09/Oct/2013:21:05:52 +0000]|91282
[09/Oct/2013:21:05:52 +0000]|91297
[09/Oct/2013:21:05:52 +0000]|71286
[09/Oct/2013:21:05:56 +0000]|88944
[09/Oct/2013:21:06:01 +0000]|84328
[09/Oct/2013:21:06:01 +0000]|84352
[09/Oct/2013:21:06:01 +0000]|92348
[09/Oct/2013:21:06:02 +0000]|80450
[09/Oct/2013:21:06:04 +0000]|87877
[09/Oct/2013:21:06:04 +0000]|81093
[09/Oct/2013:21:06:04 +0000]|81176
MV2===========================================
[09/Oct/2013:09:10:16 +0000]|74
[09/Oct/2013:09:21:43 +0000]|4
[09/Oct/2013:09:21:43 +0000]|196
[09/Oct/2013:09:21:49 +0000]|6375
[09/Oct/2013:09:21:49 +0000]|6381
[09/Oct/2013:09:21:50 +0000]|6800
[09/Oct/2013:09:21:50 +0000]|7384
[09/Oct/2013:09:22:01 +0000]|17959
[09/Oct/2013:09:22:09 +0000]|25900
[09/Oct/2013:09:22:09 +0000]|5364
[09/Oct/2013:09:38:19 +0000]|487629
[09/Oct/2013:09:54:37 +0000]|978829
[09/Oct/2013:09:54:37 +0000]|978914
[09/Oct/2013:20:29:28 +0000]|15
[09/Oct/2013:20:29:29 +0000]|69
[09/Oct/2013:20:29:30 +0000]|18
[09/Oct/2013:20:29:30 +0000]|20
[09/Oct/2013:20:29:31 +0000]|18
[09/Oct/2013:20:29:32 +0000]|12
[09/Oct/2013:20:29:32 +0000]|5
[09/Oct/2013:20:29:33 +0000]|4
[09/Oct/2013:20:29:33 +0000]|11
[09/Oct/2013:20:29:34 +0000]|5
[09/Oct/2013:20:29:35 +0000]|13
[09/Oct/2013:20:29:36 +0000]|17
[09/Oct/2013:20:29:37 +0000]|17
[09/Oct/2013:20:29:38 +0000]|10
[09/Oct/2013:20:29:39 +0000]|17
[09/Oct/2013:20:29:40 +0000]|3
[09/Oct/2013:20:29:41 +0000]|4
[09/Oct/2013:20:29:42 +0000]|18
[09/Oct/2013:20:29:43 +0000]|5
[09/Oct/2013:20:29:44 +0000]|6
[09/Oct/2013:20:29:45 +0000]|123
[09/Oct/2013:20:29:46 +0000]|31
[09/Oct/2013:20:29:47 +0000]|15
[09/Oct/2013:20:29:48 +0000]|10
[09/Oct/2013:20:29:49 +0000]|5
[09/Oct/2013:20:29:50 +0000]|5
[09/Oct/2013:20:29:51 +0000]|5
[09/Oct/2013:20:29:52 +0000]|3
[09/Oct/2013:20:29:54 +0000]|402
[09/Oct/2013:20:29:54 +0000]|19
[09/Oct/2013:20:29:55 +0000]|4
[09/Oct/2013:20:29:56 +0000]|3
[09/Oct/2013:20:29:57 +0000]|5
[09/Oct/2013:20:29:58 +0000]|6
[09/Oct/2013:20:29:59 +0000]|4
[09/Oct/2013:20:30:00 +0000]|3
[09/Oct/2013:20:30:01 +0000]|4
[09/Oct/2013:20:30:02 +0000]|4
[09/Oct/2013:20:30:03 +0000]|25
[09/Oct/2013:20:30:04 +0000]|4
[09/Oct/2013:20:30:05 +0000]|3
[09/Oct/2013:20:30:06 +0000]|5
[09/Oct/2013:20:30:07 +0000]|4
[09/Oct/2013:20:30:08 +0000]|4
[09/Oct/2013:20:30:09 +0000]|258
[09/Oct/2013:20:30:11 +0000]|5
[09/Oct/2013:20:30:13 +0000]|5
[09/Oct/2013:20:36:56 +0000]|14
[09/Oct/2013:20:36:57 +0000]|16
[09/Oct/2013:20:36:57 +0000]|42
[09/Oct/2013:20:36:58 +0000]|15
[09/Oct/2013:20:36:58 +0000]|14
[09/Oct/2013:20:36:59 +0000]|16
[09/Oct/2013:20:36:59 +0000]|15
[09/Oct/2013:20:37:00 +0000]|16
[09/Oct/2013:20:37:00 +0000]|17
[09/Oct/2013:20:37:01 +0000]|28
[09/Oct/2013:20:37:01 +0000]|16
[09/Oct/2013:20:37:02 +0000]|16
[09/Oct/2013:20:37:02 +0000]|16
[09/Oct/2013:20:37:03 +0000]|17
[09/Oct/2013:20:37:03 +0000]|16
[09/Oct/2013:20:37:04 +0000]|12
[09/Oct/2013:20:37:04 +0000]|14
[09/Oct/2013:20:37:05 +0000]|16
[09/Oct/2013:20:37:05 +0000]|16
[09/Oct/2013:20:37:06 +0000]|16
[09/Oct/2013:20:37:06 +0000]|36
[09/Oct/2013:20:37:07 +0000]|15
[09/Oct/2013:20:37:07 +0000]|32
[09/Oct/2013:20:37:08 +0000]|16
[09/Oct/2013:20:37:08 +0000]|15
[09/Oct/2013:20:37:09 +0000]|59
[09/Oct/2013:20:37:09 +0000]|15
[09/Oct/2013:20:37:10 +0000]|20
[09/Oct/2013:20:37:10 +0000]|21
[09/Oct/2013:20:37:11 +0000]|19
[09/Oct/2013:20:37:11 +0000]|18
[09/Oct/2013:20:37:12 +0000]|4
[09/Oct/2013:20:37:12 +0000]|19
[09/Oct/2013:20:37:13 +0000]|3
[09/Oct/2013:20:37:13 +0000]|4
[09/Oct/2013:20:37:14 +0000]|3
[09/Oct/2013:20:37:14 +0000]|34
[09/Oct/2013:20:37:15 +0000]|14
[09/Oct/2013:20:37:15 +0000]|22
[09/Oct/2013:20:37:16 +0000]|30
[09/Oct/2013:20:37:16 +0000]|4
[09/Oct/2013:20:37:17 +0000]|4
[09/Oct/2013:20:37:17 +0000]|5
[09/Oct/2013:20:37:18 +0000]|72
[09/Oct/2013:20:37:18 +0000]|25
[09/Oct/2013:20:37:19 +0000]|6
[09/Oct/2013:20:37:19 +0000]|3
[09/Oct/2013:20:37:20 +0000]|5
[09/Oct/2013:20:37:20 +0000]|62
[09/Oct/2013:20:37:21 +0000]|6
[09/Oct/2013:20:37:21 +0000]|12
[09/Oct/2013:20:37:22 +0000]|33
[09/Oct/2013:20:37:22 +0000]|4
[09/Oct/2013:20:37:23 +0000]|3
[09/Oct/2013:20:37:23 +0000]|3
[09/Oct/2013:20:37:24 +0000]|91
[09/Oct/2013:20:37:24 +0000]|48
[09/Oct/2013:20:37:25 +0000]|275
[09/Oct/2013:20:37:25 +0000]|3
[09/Oct/2013:20:37:26 +0000]|20
[09/Oct/2013:20:37:26 +0000]|56
[09/Oct/2013:20:37:27 +0000]|42
[09/Oct/2013:20:37:27 +0000]|5
[09/Oct/2013:20:37:28 +0000]|2
[09/Oct/2013:20:37:28 +0000]|19
[09/Oct/2013:20:37:29 +0000]|4
[09/Oct/2013:20:37:29 +0000]|3
[09/Oct/2013:20:37:30 +0000]|32
[09/Oct/2013:20:37:30 +0000]|47
[09/Oct/2013:20:37:31 +0000]|20
[09/Oct/2013:20:37:31 +0000]|3
[09/Oct/2013:20:37:32 +0000]|3
[09/Oct/2013:20:37:32 +0000]|3
[09/Oct/2013:20:37:33 +0000]|45
[09/Oct/2013:20:37:33 +0000]|3
[09/Oct/2013:20:37:34 +0000]|3
[09/Oct/2013:20:37:34 +0000]|4
[09/Oct/2013:20:37:35 +0000]|4
[09/Oct/2013:20:37:35 +0000]|80
[09/Oct/2013:20:37:36 +0000]|46
[09/Oct/2013:20:37:36 +0000]|3
[09/Oct/2013:20:37:37 +0000]|15
[09/Oct/2013:20:37:37 +0000]|3
[09/Oct/2013:20:37:38 +0000]|54
[09/Oct/2013:20:37:38 +0000]|26
[09/Oct/2013:20:37:39 +0000]|6
[09/Oct/2013:20:37:39 +0000]|3
[09/Oct/2013:20:37:40 +0000]|3
[09/Oct/2013:20:37:40 +0000]|2
[09/Oct/2013:20:37:41 +0000]|3
[09/Oct/2013:20:37:41 +0000]|25
[09/Oct/2013:20:37:42 +0000]|172
[09/Oct/2013:20:37:42 +0000]|2
[09/Oct/2013:20:37:43 +0000]|17
[09/Oct/2013:20:37:43 +0000]|3
[09/Oct/2013:20:37:44 +0000]|10
[09/Oct/2013:20:37:44 +0000]|38
[09/Oct/2013:20:37:45 +0000]|6
[09/Oct/2013:20:37:45 +0000]|4
[09/Oct/2013:20:37:46 +0000]|3
[09/Oct/2013:20:58:56 +0000]|16
[09/Oct/2013:20:58:58 +0000]|30
[09/Oct/2013:20:59:00 +0000]|11
[09/Oct/2013:20:59:02 +0000]|16
[09/Oct/2013:20:59:04 +0000]|11
[09/Oct/2013:20:59:06 +0000]|17
[09/Oct/2013:20:59:08 +0000]|13
[09/Oct/2013:20:59:10 +0000]|16
[09/Oct/2013:20:59:12 +0000]|16
[09/Oct/2013:20:59:14 +0000]|17
[09/Oct/2013:20:59:16 +0000]|17
[09/Oct/2013:20:59:18 +0000]|13
[09/Oct/2013:20:59:20 +0000]|21
[09/Oct/2013:20:59:22 +0000]|17
[09/Oct/2013:20:59:24 +0000]|11
[09/Oct/2013:20:59:26 +0000]|16
[09/Oct/2013:20:59:28 +0000]|13
[09/Oct/2013:20:59:30 +0000]|13
[09/Oct/2013:20:59:32 +0000]|13
[09/Oct/2013:20:59:34 +0000]|15
[09/Oct/2013:20:59:36 +0000]|13
[09/Oct/2013:20:59:38 +0000]|11
[09/Oct/2013:20:59:40 +0000]|13
[09/Oct/2013:20:59:42 +0000]|16
[09/Oct/2013:20:59:44 +0000]|13
[09/Oct/2013:21:00:27 +0000]|13
[09/Oct/2013:21:00:29 +0000]|13
[09/Oct/2013:21:00:31 +0000]|13
[09/Oct/2013:21:00:33 +0000]|17
[09/Oct/2013:21:00:35 +0000]|13
[09/Oct/2013:21:00:37 +0000]|13
[09/Oct/2013:21:00:39 +0000]|15
[09/Oct/2013:21:00:41 +0000]|11
[09/Oct/2013:21:00:43 +0000]|13
[09/Oct/2013:21:00:45 +0000]|4
[09/Oct/2013:21:00:47 +0000]|4
[09/Oct/2013:21:00:49 +0000]|3
[09/Oct/2013:21:00:51 +0000]|3
[09/Oct/2013:21:00:53 +0000]|3
[09/Oct/2013:21:00:55 +0000]|22
[09/Oct/2013:21:00:57 +0000]|4
[09/Oct/2013:21:00:59 +0000]|4
[09/Oct/2013:21:01:01 +0000]|6
[09/Oct/2013:21:01:03 +0000]|3
[09/Oct/2013:21:01:05 +0000]|4
[09/Oct/2013:21:01:07 +0000]|3
[09/Oct/2013:21:01:09 +0000]|2
[09/Oct/2013:21:01:11 +0000]|4
[09/Oct/2013:21:01:13 +0000]|3
[09/Oct/2013:21:01:15 +0000]|3
MV3===========================================
[09/Oct/2013:09:10:21 +0000]|342
[09/Oct/2013:09:11:24 +0000]|8
[09/Oct/2013:09:11:25 +0000]|65
[09/Oct/2013:09:12:21 +0000]|4
[09/Oct/2013:09:12:25 +0000]|45
[09/Oct/2013:09:16:06 +0000]|7
[09/Oct/2013:09:16:55 +0000]|8
[09/Oct/2013:09:21:43 +0000]|4
[09/Oct/2013:09:22:00 +0000]|4
[09/Oct/2013:09:22:04 +0000]|38
[09/Oct/2013:09:25:42 +0000]|5
[09/Oct/2013:09:44:48 +0000]|42
[09/Oct/2013:09:44:50 +0000]|8
[09/Oct/2013:09:44:52 +0000]|4
[09/Oct/2013:09:44:54 +0000]|4
[09/Oct/2013:09:44:55 +0000]|2
[09/Oct/2013:09:44:56 +0000]|3
[09/Oct/2013:09:44:57 +0000]|10
[09/Oct/2013:09:44:58 +0000]|11
[09/Oct/2013:09:44:59 +0000]|3
[09/Oct/2013:09:45:00 +0000]|4
[09/Oct/2013:09:45:01 +0000]|5
[09/Oct/2013:09:45:02 +0000]|3
[09/Oct/2013:09:45:03 +0000]|5
[09/Oct/2013:09:45:04 +0000]|4
[09/Oct/2013:09:45:05 +0000]|10
[09/Oct/2013:09:45:06 +0000]|5
[09/Oct/2013:09:45:07 +0000]|6
[09/Oct/2013:09:45:08 +0000]|5
[09/Oct/2013:09:45:09 +0000]|5
[09/Oct/2013:09:45:10 +0000]|5
[09/Oct/2013:09:45:11 +0000]|8
[09/Oct/2013:09:45:12 +0000]|5
[09/Oct/2013:09:45:13 +0000]|4
[09/Oct/2013:09:45:14 +0000]|12
[09/Oct/2013:09:45:15 +0000]|5
[09/Oct/2013:09:45:16 +0000]|8
[09/Oct/2013:09:45:17 +0000]|5
[09/Oct/2013:09:45:18 +0000]|5
[09/Oct/2013:09:45:19 +0000]|18
[09/Oct/2013:09:45:20 +0000]|5
[09/Oct/2013:09:45:21 +0000]|7
[09/Oct/2013:09:45:22 +0000]|8
[09/Oct/2013:09:45:23 +0000]|5
[09/Oct/2013:09:45:24 +0000]|5
[09/Oct/2013:09:45:25 +0000]|5
[09/Oct/2013:09:45:26 +0000]|6
[09/Oct/2013:09:45:27 +0000]|4
[09/Oct/2013:09:45:28 +0000]|5
[09/Oct/2013:09:45:29 +0000]|4
[09/Oct/2013:09:45:30 +0000]|5
[09/Oct/2013:09:45:31 +0000]|6
[09/Oct/2013:09:45:32 +0000]|63
[09/Oct/2013:09:45:33 +0000]|5
[09/Oct/2013:09:45:34 +0000]|6
[09/Oct/2013:09:45:35 +0000]|5
[09/Oct/2013:09:45:36 +0000]|5
[09/Oct/2013:09:45:37 +0000]|5
[09/Oct/2013:09:45:39 +0000]|5
[09/Oct/2013:09:45:41 +0000]|4
[09/Oct/2013:09:45:43 +0000]|5
[09/Oct/2013:20:29:37 +0000]|51
[09/Oct/2013:20:29:38 +0000]|50
[09/Oct/2013:20:29:38 +0000]|100
[09/Oct/2013:20:29:40 +0000]|35
[09/Oct/2013:20:29:40 +0000]|48
[09/Oct/2013:20:29:41 +0000]|16
[09/Oct/2013:20:29:42 +0000]|57
[09/Oct/2013:20:29:43 +0000]|33
[09/Oct/2013:20:29:44 +0000]|14
[09/Oct/2013:20:29:45 +0000]|22
[09/Oct/2013:20:29:46 +0000]|3
[09/Oct/2013:20:29:47 +0000]|29
[09/Oct/2013:20:29:48 +0000]|20
[09/Oct/2013:20:29:49 +0000]|22
[09/Oct/2013:20:29:50 +0000]|22
[09/Oct/2013:20:29:51 +0000]|22
[09/Oct/2013:20:29:52 +0000]|58
[09/Oct/2013:20:29:53 +0000]|23
[09/Oct/2013:20:29:54 +0000]|12
[09/Oct/2013:20:29:55 +0000]|180
[09/Oct/2013:20:29:56 +0000]|16
[09/Oct/2013:20:29:57 +0000]|58
[09/Oct/2013:20:29:58 +0000]|33
[09/Oct/2013:20:29:59 +0000]|21
[09/Oct/2013:20:30:00 +0000]|18
[09/Oct/2013:20:30:01 +0000]|16
[09/Oct/2013:20:30:02 +0000]|85
[09/Oct/2013:20:30:03 +0000]|24
[09/Oct/2013:20:30:04 +0000]|21
[09/Oct/2013:20:30:05 +0000]|15
[09/Oct/2013:20:30:06 +0000]|16
[09/Oct/2013:20:30:07 +0000]|49
[09/Oct/2013:20:30:08 +0000]|24
[09/Oct/2013:20:30:09 +0000]|10
[09/Oct/2013:20:30:10 +0000]|12
[09/Oct/2013:20:30:11 +0000]|4
[09/Oct/2013:20:30:12 +0000]|11
[09/Oct/2013:20:30:13 +0000]|42
[09/Oct/2013:20:30:14 +0000]|3
[09/Oct/2013:20:30:15 +0000]|16
[09/Oct/2013:20:30:17 +0000]|3
[09/Oct/2013:20:37:52 +0000]|7
[09/Oct/2013:20:37:52 +0000]|57
[09/Oct/2013:20:37:53 +0000]|61
[09/Oct/2013:20:37:53 +0000]|49
[09/Oct/2013:20:37:54 +0000]|8
[09/Oct/2013:20:37:54 +0000]|12
[09/Oct/2013:20:37:55 +0000]|2
[09/Oct/2013:20:37:55 +0000]|4
[09/Oct/2013:20:37:56 +0000]|6
[09/Oct/2013:20:37:56 +0000]|62
[09/Oct/2013:20:37:57 +0000]|5
[09/Oct/2013:20:37:57 +0000]|2
[09/Oct/2013:20:37:58 +0000]|2
[09/Oct/2013:20:37:58 +0000]|3
[09/Oct/2013:20:37:59 +0000]|31
[09/Oct/2013:20:37:59 +0000]|3
[09/Oct/2013:20:38:00 +0000]|3
[09/Oct/2013:20:38:00 +0000]|4
[09/Oct/2013:20:38:01 +0000]|3
[09/Oct/2013:20:38:01 +0000]|4
[09/Oct/2013:20:38:02 +0000]|50
[09/Oct/2013:20:38:02 +0000]|38
[09/Oct/2013:20:38:03 +0000]|3
[09/Oct/2013:20:38:03 +0000]|3
[09/Oct/2013:20:38:04 +0000]|4
[09/Oct/2013:20:38:04 +0000]|63
[09/Oct/2013:20:38:05 +0000]|41
[09/Oct/2013:20:38:05 +0000]|4
[09/Oct/2013:20:38:06 +0000]|4
[09/Oct/2013:20:38:06 +0000]|4
[09/Oct/2013:20:38:07 +0000]|5
[09/Oct/2013:20:38:07 +0000]|4
[09/Oct/2013:20:38:08 +0000]|73
[09/Oct/2013:20:38:08 +0000]|10
[09/Oct/2013:20:38:09 +0000]|3
[09/Oct/2013:20:38:09 +0000]|3
[09/Oct/2013:20:38:10 +0000]|11
[09/Oct/2013:20:38:10 +0000]|58
[09/Oct/2013:20:38:11 +0000]|22
[09/Oct/2013:20:38:11 +0000]|2
[09/Oct/2013:20:38:12 +0000]|3
[09/Oct/2013:20:38:12 +0000]|2
[09/Oct/2013:20:38:13 +0000]|3
[09/Oct/2013:20:38:13 +0000]|3
[09/Oct/2013:20:38:14 +0000]|64
[09/Oct/2013:20:38:14 +0000]|3
[09/Oct/2013:20:38:15 +0000]|4
[09/Oct/2013:20:38:15 +0000]|3
[09/Oct/2013:20:38:16 +0000]|4
[09/Oct/2013:20:38:16 +0000]|61
[09/Oct/2013:20:38:17 +0000]|33
[09/Oct/2013:20:38:17 +0000]|5
[09/Oct/2013:20:38:18 +0000]|3
[09/Oct/2013:20:38:18 +0000]|4
[09/Oct/2013:20:38:19 +0000]|3
[09/Oct/2013:20:38:19 +0000]|3
[09/Oct/2013:20:38:20 +0000]|62
[09/Oct/2013:20:38:20 +0000]|3
[09/Oct/2013:20:38:21 +0000]|3
[09/Oct/2013:20:38:21 +0000]|3
[09/Oct/2013:20:38:22 +0000]|2
[09/Oct/2013:20:38:22 +0000]|53
[09/Oct/2013:20:38:23 +0000]|3
[09/Oct/2013:20:38:23 +0000]|3
[09/Oct/2013:20:38:24 +0000]|2
[09/Oct/2013:20:38:24 +0000]|3
[09/Oct/2013:20:38:25 +0000]|2
[09/Oct/2013:20:38:25 +0000]|3
[09/Oct/2013:20:38:26 +0000]|3
[09/Oct/2013:20:38:26 +0000]|3
[09/Oct/2013:20:38:27 +0000]|3
[09/Oct/2013:20:38:27 +0000]|3
[09/Oct/2013:20:38:28 +0000]|3
[09/Oct/2013:20:38:28 +0000]|3
[09/Oct/2013:20:38:29 +0000]|4
[09/Oct/2013:20:38:29 +0000]|4
[09/Oct/2013:20:38:30 +0000]|4
[09/Oct/2013:20:38:30 +0000]|5
[09/Oct/2013:20:38:31 +0000]|3
[09/Oct/2013:20:38:31 +0000]|53
[09/Oct/2013:20:38:32 +0000]|3
[09/Oct/2013:20:38:32 +0000]|3
[09/Oct/2013:20:38:33 +0000]|4
[09/Oct/2013:20:38:33 +0000]|3
[09/Oct/2013:20:38:34 +0000]|51
[09/Oct/2013:20:38:34 +0000]|3
[09/Oct/2013:20:38:35 +0000]|3
[09/Oct/2013:20:38:35 +0000]|2
[09/Oct/2013:20:38:36 +0000]|3
[09/Oct/2013:20:38:36 +0000]|2
[09/Oct/2013:20:38:37 +0000]|3
[09/Oct/2013:20:38:37 +0000]|53
[09/Oct/2013:20:38:38 +0000]|2
[09/Oct/2013:20:38:38 +0000]|2
[09/Oct/2013:20:38:39 +0000]|2
[09/Oct/2013:20:38:39 +0000]|2
[09/Oct/2013:20:38:40 +0000]|8
[09/Oct/2013:20:38:40 +0000]|2
[09/Oct/2013:20:38:41 +0000]|2
[09/Oct/2013:20:38:41 +0000]|2
[09/Oct/2013:20:59:03 +0000]|6
[09/Oct/2013:20:59:05 +0000]|2
[09/Oct/2013:20:59:07 +0000]|3
[09/Oct/2013:20:59:09 +0000]|2
[09/Oct/2013:20:59:11 +0000]|2
[09/Oct/2013:20:59:13 +0000]|2
[09/Oct/2013:20:59:15 +0000]|3
[09/Oct/2013:20:59:17 +0000]|3
[09/Oct/2013:20:59:19 +0000]|2
[09/Oct/2013:20:59:21 +0000]|3
[09/Oct/2013:20:59:23 +0000]|2
[09/Oct/2013:20:59:25 +0000]|3
[09/Oct/2013:20:59:27 +0000]|7
[09/Oct/2013:20:59:29 +0000]|2
[09/Oct/2013:20:59:31 +0000]|2
[09/Oct/2013:20:59:33 +0000]|2
[09/Oct/2013:20:59:35 +0000]|2
[09/Oct/2013:20:59:37 +0000]|2
[09/Oct/2013:20:59:39 +0000]|2
[09/Oct/2013:20:59:41 +0000]|3
[09/Oct/2013:20:59:43 +0000]|2
[09/Oct/2013:20:59:45 +0000]|2
[09/Oct/2013:20:59:47 +0000]|2
[09/Oct/2013:20:59:49 +0000]|3
[09/Oct/2013:20:59:51 +0000]|2
[09/Oct/2013:21:00:33 +0000]|6
[09/Oct/2013:21:00:35 +0000]|3
[09/Oct/2013:21:00:37 +0000]|2
[09/Oct/2013:21:00:39 +0000]|2
[09/Oct/2013:21:00:41 +0000]|16
[09/Oct/2013:21:00:43 +0000]|9
[09/Oct/2013:21:00:45 +0000]|2
[09/Oct/2013:21:00:47 +0000]|3
[09/Oct/2013:21:00:49 +0000]|3
[09/Oct/2013:21:00:51 +0000]|2
[09/Oct/2013:21:00:53 +0000]|3
[09/Oct/2013:21:00:55 +0000]|2
[09/Oct/2013:21:00:57 +0000]|5
[09/Oct/2013:21:00:59 +0000]|4
[09/Oct/2013:21:01:01 +0000]|2
[09/Oct/2013:21:01:03 +0000]|3
[09/Oct/2013:21:01:05 +0000]|2
[09/Oct/2013:21:01:07 +0000]|2
[09/Oct/2013:21:01:09 +0000]|3
[09/Oct/2013:21:01:11 +0000]|2
[09/Oct/2013:21:01:13 +0000]|3
[09/Oct/2013:21:01:15 +0000]|3
[09/Oct/2013:21:01:17 +0000]|2
[09/Oct/2013:21:01:19 +0000]|2
[09/Oct/2013:21:01:21 +0000]|3
MV4===========================================
200.17.41.179 - - [09/Oct/2013:08:15:35 +0000] "GET /Benchmarks/MultiplicaMatrizServlet?i=3&j=2&k=4&x=200&y=200&z=200 HTTP/1.0" 200 218|
200.17.41.179 - - [09/Oct/2013:08:15:37 +0000] "GET /Benchmarks/MultiplicaMatrizServlet?i=3&j=2&k=4&x=200&y=200&z=200 HTTP/1.0" 200 218|
200.17.41.179 - - [09/Oct/2013:08:15:38 +0000] "GET /Benchmarks/MultiplicaMatrizServlet?i=3&j=2&k=4&x=200&y=200&z=200 HTTP/1.0" 200 218|
200.17.41.179 - - [09/Oct/2013:08:15:38 +0000] "GET /Benchmarks/MultiplicaMatrizServlet?i=3&j=2&k=4&x=200&y=200&z=200 HTTP/1.0" 200 218|
200.17.41.179 - - [09/Oct/2013:08:15:39 +0000] "GET /Benchmarks/MultiplicaMatrizServlet?i=3&j=2&k=4&x=200&y=200&z=200 HTTP/1.0" 200 218|
200.17.41.179 - - [09/Oct/2013:08:15:39 +0000] "GET /Benchmarks/MultiplicaMatrizServlet?i=3&j=2&k=4&x=200&y=200&z=200 HTTP/1.0" 200 218|
200.17.41.179 - - [09/Oct/2013:08:15:39 +0000] "GET /Benchmarks/MultiplicaMatrizServlet?i=3&j=2&k=4&x=200&y=200&z=200 HTTP/1.0" 200 219|
200.17.41.179 - - [09/Oct/2013:08:15:40 +0000] "GET /Benchmarks/MultiplicaMatrizServlet?i=3&j=2&k=4&x=200&y=200&z=200 HTTP/1.0" 200 218|
200.17.41.179 - - [09/Oct/2013:08:15:40 +0000] "GET /Benchmarks/MultiplicaMatrizServlet?i=3&j=2&k=4&x=200&y=200&z=200 HTTP/1.0" 200 220|
200.17.41.179 - - [09/Oct/2013:08:57:34 +0000] "GET /Benchmarks/MultiplicaMatrizServlet?i=3&j=2&k=4&x=200&y=200&z=200 HTTP/1.0" 200 220|
200.17.41.179 - - [09/Oct/2013:08:57:35 +0000] "GET /Benchmarks/MultiplicaMatrizServlet?i=3&j=2&k=4&x=200&y=200&z=200 HTTP/1.0" 200 219|
200.17.41.179 - - [09/Oct/2013:08:57:36 +0000] "GET /Benchmarks/MultiplicaMatrizServlet?i=3&j=2&k=4&x=200&y=200&z=200 HTTP/1.0" 200 219|
200.17.41.179 - - [09/Oct/2013:08:57:37 +0000] "GET /Benchmarks/MultiplicaMatrizServlet?i=3&j=2&k=4&x=200&y=200&z=200 HTTP/1.0" 200 219|
200.17.41.179 - - [09/Oct/2013:08:57:37 +0000] "GET /Benchmarks/MultiplicaMatrizServlet?i=3&j=2&k=4&x=200&y=200&z=200 HTTP/1.0" 200 219|
200.17.41.179 - - [09/Oct/2013:08:58:09 +0000] "GET /Benchmarks/MultiplicaMatrizServlet?i=3&j=2&k=4&x=200&y=200&z=2000 HTTP/1.0" 200 221|
200.17.41.179 - - [09/Oct/2013:09:08:24 +0000] "GET /Benchmarks/MultiplicaMatrizServlet?i=3&j=2&k=4&x=200&y=200&z=2000 HTTP/1.0" 200 220|
200.17.41.179 - - [09/Oct/2013:09:08:54 +0000] "GET /Benchmarks/MultiplicaMatrizServlet?i=3&j=2&k=4&x=200&y=200&z=2000 HTTP/1.0" 200 220|
200.17.41.179 - - [09/Oct/2013:09:10:49 +0000] "GET /Benchmarks/MultiplicaMatrizServlet?i=3&j=2&k=4&x=200&y=200&z=2000 HTTP/1.0" 200 220|
200.17.41.179 - - [09/Oct/2013:09:11:53 +0000] "GET /Benchmarks/MultiplicaMatrizServlet?i=3&j=2&k=4&x=200&y=200&z=2000 HTTP/1.0" 200 220|
200.17.41.179 - - [09/Oct/2013:09:12:00 +0000] "GET /Benchmarks/MultiplicaMatrizServlet?i=3&j=2&k=4&x=200&y=200&z=2000 HTTP/1.0" 200 221|
200.17.41.179 - - [09/Oct/2013:09:12:09 +0000] "GET /Benchmarks/MultiplicaMatrizServlet?i=3&j=2&k=4&x=200&y=200&z=2000 HTTP/1.0" 200 223|
200.17.41.179 - - [09/Oct/2013:09:12:50 +0000] "GET /Benchmarks/MultiplicaMatrizServlet?i=3&j=2&k=4&x=200&y=200&z=2000 HTTP/1.0" 200 220|
200.17.41.179 - - [09/Oct/2013:09:12:57 +0000] "GET /Benchmarks/MultiplicaMatrizServlet?i=3&j=2&k=4&x=200&y=200&z=2000 HTTP/1.0" 200 223|
200.17.41.179 - - [09/Oct/2013:09:16:35 +0000] "GET /Benchmarks/MultiplicaMatrizServlet?i=3&j=2&k=4&x=200&y=200&z=2000 HTTP/1.0" 200 220|
200.17.41.179 - - [09/Oct/2013:09:17:23 +0000] "GET /Benchmarks/MultiplicaMatrizServlet?i=3&j=2&k=4&x=200&y=200&z=2000 HTTP/1.0" 200 220|
200.17.41.179 - - [09/Oct/2013:09:22:11 +0000] "GET /Benchmarks/MultiplicaMatrizServlet?i=3&j=2&k=4&x=200&y=200&z=2000 HTTP/1.0" 200 220|
200.17.41.179 - - [09/Oct/2013:09:22:32 +0000] "GET /Benchmarks/MultiplicaMatrizServlet?i=3&j=2&k=4&x=200&y=200&z=2000 HTTP/1.0" 200 220|
200.17.41.179 - - [09/Oct/2013:09:26:13 +0000] "GET /Benchmarks/MultiplicaMatrizServlet?i=3&j=2&k=4&x=200&y=200&z=2000 HTTP/1.0" 200 220|
10.102.12.52 - - [09/Oct/2013:09:45:16 +0000] "GET /Benchmarks/MultiplicaMatrizServlet?i=3&j=2&k=4&x=200&y=200&z=200 HTTP/1.0" 200 219|
10.102.12.52 - - [09/Oct/2013:09:45:18 +0000] "GET /Benchmarks/MultiplicaMatrizServlet?i=3&j=2&k=4&x=200&y=200&z=200 HTTP/1.0" 200 219|
10.102.12.52 - - [09/Oct/2013:09:45:20 +0000] "GET /Benchmarks/MultiplicaMatrizServlet?i=3&j=2&k=4&x=200&y=200&z=200 HTTP/1.0" 200 219|
10.102.12.52 - - [09/Oct/2013:09:45:22 +0000] "GET /Benchmarks/MultiplicaMatrizServlet?i=3&j=2&k=4&x=200&y=200&z=200 HTTP/1.0" 200 219|
10.102.12.52 - - [09/Oct/2013:09:45:24 +0000] "GET /Benchmarks/MultiplicaMatrizServlet?i=3&j=2&k=4&x=200&y=200&z=200 HTTP/1.0" 200 219|
10.102.12.52 - - [09/Oct/2013:09:45:25 +0000] "GET /Benchmarks/MultiplicaMatrizServlet?i=3&j=2&k=4&x=200&y=200&z=200 HTTP/1.0" 200 219|
10.102.12.52 - - [09/Oct/2013:09:45:26 +0000] "GET /Benchmarks/MultiplicaMatrizServlet?i=3&j=2&k=4&x=200&y=200&z=200 HTTP/1.0" 200 219|
10.102.12.52 - - [09/Oct/2013:09:45:27 +0000] "GET /Benchmarks/MultiplicaMatrizServlet?i=3&j=2&k=4&x=200&y=200&z=200 HTTP/1.0" 200 219|
10.102.12.52 - - [09/Oct/2013:09:45:28 +0000] "GET /Benchmarks/MultiplicaMatrizServlet?i=3&j=2&k=4&x=200&y=200&z=200 HTTP/1.0" 200 219|
10.102.12.52 - - [09/Oct/2013:09:45:29 +0000] "GET /Benchmarks/MultiplicaMatrizServlet?i=3&j=2&k=4&x=200&y=200&z=200 HTTP/1.0" 200 219|
10.102.12.52 - - [09/Oct/2013:09:45:30 +0000] "GET /Benchmarks/MultiplicaMatrizServlet?i=3&j=2&k=4&x=200&y=200&z=200 HTTP/1.0" 200 219|
10.102.12.52 - - [09/Oct/2013:09:45:31 +0000] "GET /Benchmarks/MultiplicaMatrizServlet?i=3&j=2&k=4&x=200&y=200&z=200 HTTP/1.0" 200 219|
10.102.12.52 - - [09/Oct/2013:09:45:32 +0000] "GET /Benchmarks/MultiplicaMatrizServlet?i=3&j=2&k=4&x=200&y=200&z=200 HTTP/1.0" 200 220|
10.102.12.52 - - [09/Oct/2013:09:45:33 +0000] "GET /Benchmarks/MultiplicaMatrizServlet?i=3&j=2&k=4&x=200&y=200&z=200 HTTP/1.0" 200 219|
10.102.12.52 - - [09/Oct/2013:09:45:34 +0000] "GET /Benchmarks/MultiplicaMatrizServlet?i=3&j=2&k=4&x=200&y=200&z=200 HTTP/1.0" 200 219|
10.102.12.52 - - [09/Oct/2013:09:45:35 +0000] "GET /Benchmarks/MultiplicaMatrizServlet?i=3&j=2&k=4&x=200&y=200&z=200 HTTP/1.0" 200 219|
10.102.12.52 - - [09/Oct/2013:09:45:36 +0000] "GET /Benchmarks/MultiplicaMatrizServlet?i=3&j=2&k=4&x=200&y=200&z=200 HTTP/1.0" 200 219|
10.102.12.52 - - [09/Oct/2013:09:45:37 +0000] "GET /Benchmarks/MultiplicaMatrizServlet?i=3&j=2&k=4&x=200&y=200&z=200 HTTP/1.0" 200 219|
10.102.12.52 - - [09/Oct/2013:09:45:38 +0000] "GET /Benchmarks/MultiplicaMatrizServlet?i=3&j=2&k=4&x=200&y=200&z=200 HTTP/1.0" 200 219|
10.102.12.52 - - [09/Oct/2013:09:45:39 +0000] "GET /Benchmarks/MultiplicaMatrizServlet?i=3&j=2&k=4&x=200&y=200&z=200 HTTP/1.0" 200 220|
10.102.12.52 - - [09/Oct/2013:09:45:40 +0000] "GET /Benchmarks/MultiplicaMatrizServlet?i=3&j=2&k=4&x=200&y=200&z=200 HTTP/1.0" 200 219|
10.102.12.52 - - [09/Oct/2013:09:45:41 +0000] "GET /Benchmarks/MultiplicaMatrizServlet?i=3&j=2&k=4&x=200&y=200&z=200 HTTP/1.0" 200 219|
10.102.12.52 - - [09/Oct/2013:09:45:42 +0000] "GET /Benchmarks/MultiplicaMatrizServlet?i=3&j=2&k=4&x=200&y=200&z=200 HTTP/1.0" 200 219|
10.102.12.52 - - [09/Oct/2013:09:45:43 +0000] "GET /Benchmarks/MultiplicaMatrizServlet?i=3&j=2&k=4&x=200&y=200&z=200 HTTP/1.0" 200 219|
10.102.12.52 - - [09/Oct/2013:09:45:44 +0000] "GET /Benchmarks/MultiplicaMatrizServlet?i=3&j=2&k=4&x=200&y=200&z=200 HTTP/1.0" 200 219|
10.102.12.52 - - [09/Oct/2013:09:45:45 +0000] "GET /Benchmarks/MultiplicaMatrizServlet?i=3&j=2&k=4&x=200&y=200&z=200 HTTP/1.0" 200 219|
10.102.12.52 - - [09/Oct/2013:09:45:46 +0000] "GET /Benchmarks/MultiplicaMatrizServlet?i=3&j=2&k=4&x=200&y=200&z=200 HTTP/1.0" 200 219|
10.102.12.52 - - [09/Oct/2013:09:45:47 +0000] "GET /Benchmarks/MultiplicaMatrizServlet?i=3&j=2&k=4&x=200&y=200&z=200 HTTP/1.0" 200 220|
10.102.12.52 - - [09/Oct/2013:09:45:48 +0000] "GET /Benchmarks/MultiplicaMatrizServlet?i=3&j=2&k=4&x=200&y=200&z=200 HTTP/1.0" 200 219|
10.102.12.52 - - [09/Oct/2013:09:45:49 +0000] "GET /Benchmarks/MultiplicaMatrizServlet?i=3&j=2&k=4&x=200&y=200&z=200 HTTP/1.0" 200 219|
10.102.12.52 - - [09/Oct/2013:09:45:50 +0000] "GET /Benchmarks/MultiplicaMatrizServlet?i=3&j=2&k=4&x=200&y=200&z=200 HTTP/1.0" 200 219|
10.102.12.52 - - [09/Oct/2013:09:45:51 +0000] "GET /Benchmarks/MultiplicaMatrizServlet?i=3&j=2&k=4&x=200&y=200&z=200 HTTP/1.0" 200 219|
10.102.12.52 - - [09/Oct/2013:09:45:52 +0000] "GET /Benchmarks/MultiplicaMatrizServlet?i=3&j=2&k=4&x=200&y=200&z=200 HTTP/1.0" 200 219|
10.102.12.52 - - [09/Oct/2013:09:45:53 +0000] "GET /Benchmarks/MultiplicaMatrizServlet?i=3&j=2&k=4&x=200&y=200&z=200 HTTP/1.0" 200 219|
10.102.12.52 - - [09/Oct/2013:09:45:54 +0000] "GET /Benchmarks/MultiplicaMatrizServlet?i=3&j=2&k=4&x=200&y=200&z=200 HTTP/1.0" 200 219|
10.102.12.52 - - [09/Oct/2013:09:45:55 +0000] "GET /Benchmarks/MultiplicaMatrizServlet?i=3&j=2&k=4&x=200&y=200&z=200 HTTP/1.0" 200 219|
10.102.12.52 - - [09/Oct/2013:09:45:56 +0000] "GET /Benchmarks/MultiplicaMatrizServlet?i=3&j=2&k=4&x=200&y=200&z=200 HTTP/1.0" 200 219|
10.102.12.52 - - [09/Oct/2013:09:45:57 +0000] "GET /Benchmarks/MultiplicaMatrizServlet?i=3&j=2&k=4&x=200&y=200&z=200 HTTP/1.0" 200 220|
10.102.12.52 - - [09/Oct/2013:09:45:58 +0000] "GET /Benchmarks/MultiplicaMatrizServlet?i=3&j=2&k=4&x=200&y=200&z=200 HTTP/1.0" 200 219|
10.102.12.52 - - [09/Oct/2013:09:45:59 +0000] "GET /Benchmarks/MultiplicaMatrizServlet?i=3&j=2&k=4&x=200&y=200&z=200 HTTP/1.0" 200 219|
10.102.12.52 - - [09/Oct/2013:09:46:00 +0000] "GET /Benchmarks/MultiplicaMatrizServlet?i=3&j=2&k=4&x=200&y=200&z=200 HTTP/1.0" 200 219|
10.102.12.52 - - [09/Oct/2013:09:46:01 +0000] "GET /Benchmarks/MultiplicaMatrizServlet?i=3&j=2&k=4&x=200&y=200&z=200 HTTP/1.0" 200 219|
10.102.12.52 - - [09/Oct/2013:09:46:02 +0000] "GET /Benchmarks/MultiplicaMatrizServlet?i=3&j=2&k=4&x=200&y=200&z=200 HTTP/1.0" 200 220|
10.102.12.52 - - [09/Oct/2013:09:46:03 +0000] "GET /Benchmarks/MultiplicaMatrizServlet?i=3&j=2&k=4&x=200&y=200&z=200 HTTP/1.0" 200 219|
10.102.12.52 - - [09/Oct/2013:09:46:04 +0000] "GET /Benchmarks/MultiplicaMatrizServlet?i=3&j=2&k=4&x=200&y=200&z=200 HTTP/1.0" 200 219|
10.102.12.52 - - [09/Oct/2013:09:46:05 +0000] "GET /Benchmarks/MultiplicaMatrizServlet?i=3&j=2&k=4&x=200&y=200&z=200 HTTP/1.0" 200 219|
10.102.12.52 - - [09/Oct/2013:09:46:06 +0000] "GET /Benchmarks/MultiplicaMatrizServlet?i=3&j=2&k=4&x=200&y=200&z=200 HTTP/1.0" 200 219|
10.102.12.52 - - [09/Oct/2013:09:46:07 +0000] "GET /Benchmarks/MultiplicaMatrizServlet?i=3&j=2&k=4&x=200&y=200&z=200 HTTP/1.0" 200 219|
10.102.12.52 - - [09/Oct/2013:09:46:09 +0000] "GET /Benchmarks/MultiplicaMatrizServlet?i=3&j=2&k=4&x=200&y=200&z=200 HTTP/1.0" 200 219|
10.102.12.52 - - [09/Oct/2013:09:46:11 +0000] "GET /Benchmarks/MultiplicaMatrizServlet?i=3&j=2&k=4&x=200&y=200&z=200 HTTP/1.0" 200 219|
[09/Oct/2013:20:30:10 +0000]|21
[09/Oct/2013:20:30:11 +0000]|15
[09/Oct/2013:20:30:12 +0000]|11
[09/Oct/2013:20:30:13 +0000]|19
[09/Oct/2013:20:30:14 +0000]|18
[09/Oct/2013:20:30:15 +0000]|45
[09/Oct/2013:20:30:16 +0000]|19
[09/Oct/2013:20:30:17 +0000]|20
[09/Oct/2013:20:30:18 +0000]|31
[09/Oct/2013:20:30:19 +0000]|17
[09/Oct/2013:20:30:20 +0000]|58
[09/Oct/2013:20:30:21 +0000]|140
[09/Oct/2013:20:30:22 +0000]|19
[09/Oct/2013:20:30:23 +0000]|19
[09/Oct/2013:20:30:24 +0000]|19
[09/Oct/2013:20:30:25 +0000]|22
[09/Oct/2013:20:30:26 +0000]|27
[09/Oct/2013:20:30:27 +0000]|31
[09/Oct/2013:20:30:28 +0000]|40
[09/Oct/2013:20:30:29 +0000]|17
[09/Oct/2013:20:30:30 +0000]|54
[09/Oct/2013:20:30:31 +0000]|29
[09/Oct/2013:20:30:32 +0000]|17
[09/Oct/2013:20:30:33 +0000]|21
[09/Oct/2013:20:30:34 +0000]|16
[09/Oct/2013:20:30:35 +0000]|35
[09/Oct/2013:20:30:36 +0000]|15
[09/Oct/2013:20:30:37 +0000]|15
[09/Oct/2013:20:30:38 +0000]|15
[09/Oct/2013:20:30:39 +0000]|15
[09/Oct/2013:20:30:40 +0000]|22
[09/Oct/2013:20:30:41 +0000]|17
[09/Oct/2013:20:30:42 +0000]|12
[09/Oct/2013:20:30:43 +0000]|22
[09/Oct/2013:20:30:44 +0000]|16
[09/Oct/2013:20:30:45 +0000]|23
[09/Oct/2013:20:30:46 +0000]|4
[09/Oct/2013:20:30:48 +0000]|3
[09/Oct/2013:20:59:34 +0000]|48
[09/Oct/2013:20:59:36 +0000]|24
[09/Oct/2013:20:59:38 +0000]|17
[09/Oct/2013:20:59:40 +0000]|17
[09/Oct/2013:20:59:42 +0000]|33
[09/Oct/2013:20:59:44 +0000]|18
[09/Oct/2013:20:59:46 +0000]|21
[09/Oct/2013:20:59:48 +0000]|17
[09/Oct/2013:20:59:50 +0000]|24
[09/Oct/2013:20:59:52 +0000]|17
[09/Oct/2013:20:59:54 +0000]|24
[09/Oct/2013:20:59:56 +0000]|27
[09/Oct/2013:20:59:58 +0000]|23
[09/Oct/2013:21:00:00 +0000]|17
[09/Oct/2013:21:00:02 +0000]|17
[09/Oct/2013:21:00:04 +0000]|27
[09/Oct/2013:21:00:06 +0000]|17
[09/Oct/2013:21:00:08 +0000]|17
[09/Oct/2013:21:00:10 +0000]|20
[09/Oct/2013:21:00:12 +0000]|17
[09/Oct/2013:21:00:14 +0000]|13
[09/Oct/2013:21:00:16 +0000]|24
[09/Oct/2013:21:00:18 +0000]|16
[09/Oct/2013:21:00:20 +0000]|24
[09/Oct/2013:21:00:22 +0000]|16
[09/Oct/2013:21:01:04 +0000]|3
[09/Oct/2013:21:01:06 +0000]|4
[09/Oct/2013:21:01:08 +0000]|3
[09/Oct/2013:21:01:10 +0000]|3
[09/Oct/2013:21:01:12 +0000]|4
[09/Oct/2013:21:01:14 +0000]|3
[09/Oct/2013:21:01:16 +0000]|4
[09/Oct/2013:21:01:18 +0000]|3
[09/Oct/2013:21:01:20 +0000]|3
[09/Oct/2013:21:01:22 +0000]|3
[09/Oct/2013:21:01:24 +0000]|3
[09/Oct/2013:21:01:26 +0000]|4
[09/Oct/2013:21:01:28 +0000]|8
[09/Oct/2013:21:01:30 +0000]|3
[09/Oct/2013:21:01:32 +0000]|13
[09/Oct/2013:21:01:34 +0000]|22
[09/Oct/2013:21:01:36 +0000]|4
[09/Oct/2013:21:01:38 +0000]|3
[09/Oct/2013:21:01:40 +0000]|3
[09/Oct/2013:21:01:42 +0000]|11
[09/Oct/2013:21:01:44 +0000]|3
[09/Oct/2013:21:01:46 +0000]|4
[09/Oct/2013:21:01:48 +0000]|3
[09/Oct/2013:21:01:50 +0000]|6
[09/Oct/2013:21:01:52 +0000]|3
