2013-09-12 22:14:09,137|0,4
2013-09-12 22:14:11,145|0,2
2013-09-12 22:14:13,240|0,1
2013-09-12 22:14:15,265|0,3
2013-09-12 22:14:17,267|0,3
2013-09-12 22:14:19,254|0,6
2013-09-12 22:14:21,162|1
2013-09-12 22:14:23,040|1
2013-09-12 22:14:24,965|10,3
2013-09-12 22:14:26,943|10,7
2013-09-12 22:14:28,874|10,7
2013-09-12 22:14:30,742|20,8
2013-09-12 22:14:32,668|20,9
2013-09-12 22:14:34,706|20,9
2013-09-12 22:14:36,518|30,7
2013-09-12 22:14:38,416|30,3
2013-09-12 22:14:40,324|30,3
2013-09-12 22:14:42,160|46,4
2013-09-12 22:14:43,984|52,9
2013-09-12 22:14:45,854|52,9
2013-09-12 22:14:47,720|52,4
2013-09-12 22:14:49,508|56,8
2013-09-12 22:14:51,300|56,8
2013-09-12 22:14:53,176|48,1
2013-09-12 22:14:55,144|48,1
2013-09-12 22:14:57,238|48,1
2013-09-12 22:14:59,160|31,7
2013-09-12 22:15:01,148|24,1
2013-09-12 22:15:03,172|24,1
2013-09-12 22:15:05,024|26,5
2013-09-12 22:15:06,971|32,1
2013-09-12 22:15:09,020|32,1
2013-09-12 22:15:11,067|39,7
2013-09-12 22:15:13,078|39,1
2013-09-12 22:15:15,102|39,1
2013-09-12 22:15:17,205|38,3
2013-09-12 22:15:19,168|38
2013-09-12 22:15:21,094|37,3
2013-09-12 22:15:23,013|35,5
2013-09-12 22:15:24,980|35,5
2013-09-12 22:15:26,944|29,8
2013-09-12 22:15:28,884|29,8
2013-09-12 22:15:30,844|30,9
2013-09-12 22:15:32,760|23,4
2013-09-12 22:15:34,646|23,4
2013-09-12 22:15:36,537|25,1
2013-09-12 22:15:38,539|28,1
2013-09-12 22:15:40,472|28,1
2013-09-12 22:15:42,380|24,5
2013-09-12 22:15:44,418|29,4
2013-09-12 22:15:46,408|31,9
2013-09-12 22:15:48,424|31,9
2013-09-12 22:15:50,517|36,5
2013-09-12 22:15:52,608|45,2
2013-09-12 22:15:54,668|45,2
2013-09-12 22:15:56,660|46
2013-09-12 22:15:58,570|47,8
2013-09-12 22:16:00,597|47,8
2013-09-12 22:16:02,676|38,9
2013-09-12 22:16:04,552|33,6
2013-09-12 22:16:06,496|23,4
2013-09-12 22:16:08,577|23,4
2013-09-12 22:16:10,597|20,8
2013-09-12 22:16:12,635|11,3
2013-09-12 22:16:14,796|11,5
2013-09-12 22:16:16,859|11,5
2013-09-12 22:16:18,961|18
2013-09-12 22:16:21,012|18,4
2013-09-12 22:16:23,033|18,4
2013-09-12 22:16:25,102|20,1
2013-09-12 22:16:27,044|14,2
2013-09-12 22:16:29,125|13,9
2013-09-12 22:16:31,182|13,9
2013-09-12 22:16:33,246|13,7
2013-09-12 22:16:35,204|22,7
2013-09-12 22:16:37,320|22,7
2013-09-12 22:16:39,418|32,4
2013-09-12 22:16:41,580|23
2013-09-12 22:16:43,693|23,1
2013-09-12 22:16:45,684|23,1
2013-09-12 22:16:47,670|31
2013-09-12 22:16:49,697|30,7
2013-09-12 22:16:51,744|20,9
2013-09-12 22:16:53,793|24,3
2013-09-12 22:16:55,872|33,5
2013-09-12 22:16:58,020|29,7
2013-09-12 22:17:00,068|29,7
2013-09-12 22:17:02,107|35,6
2013-09-12 22:17:04,077|43
2013-09-12 22:17:06,114|43,7
2013-09-12 22:17:08,140|43,7
2013-09-12 22:17:10,192|34,7
2013-09-12 22:17:12,244|34,9
2013-09-12 22:17:14,274|34,9
2013-09-12 22:17:16,243|34
2013-09-12 22:17:18,318|29,4
2013-09-12 22:17:20,333|28,2
2013-09-12 22:17:22,443|33,8
2013-09-12 22:17:24,520|35,6
2013-09-12 22:17:26,547|47,2
2013-09-12 22:17:28,656|47,2
2013-09-12 22:17:30,568|50
2013-09-12 22:17:32,689|49,8
2013-09-12 22:17:34,745|49,9
2013-09-12 22:17:36,886|40,1
2013-09-12 22:17:38,971|31,4
2013-09-12 22:17:41,060|29,8
2013-09-12 22:17:43,179|24
2013-09-12 22:17:45,330|18
2013-09-12 22:17:47,530|9
2013-09-12 22:17:49,691|9,4
2013-09-12 22:17:51,869|6
2013-09-12 22:17:53,933|6,2
2013-09-12 22:17:56,080|15
2013-09-12 22:17:58,191|15
2013-09-12 22:18:00,385|15,2
2013-09-12 22:18:02,560|24,8
2013-09-12 22:18:04,752|24,8
2013-09-12 22:18:06,780|33,9
2013-09-12 22:18:08,995|34,2
2013-09-12 22:18:11,180|41,9
2013-09-12 22:18:13,136|48,3
2013-09-12 22:18:15,102|55,2
2013-09-12 22:18:17,180|55,3
2013-09-12 22:18:19,203|55,1
2013-09-12 22:18:21,381|54,9
2013-09-12 22:18:23,499|54,6
2013-09-12 22:18:25,611|54
2013-09-12 22:18:27,744|46,9
2013-09-12 22:18:29,876|38,2
2013-09-12 22:18:32,018|30,5
2013-09-12 22:18:34,184|30,5
2013-09-12 22:18:36,229|27,9
2013-09-12 22:18:38,290|35,6
2013-09-12 22:18:40,389|38,4
2013-09-12 22:18:42,528|40,2
2013-09-12 22:18:44,634|44,4
2013-09-12 22:18:46,868|39,7
2013-09-12 22:18:49,060|45,8
2013-09-12 22:18:51,172|46
2013-09-12 22:18:53,314|49,8
2013-09-12 22:18:55,542|59,8
2013-09-12 22:18:57,680|61,6
2013-09-12 22:18:59,718|61
2013-09-12 22:19:01,881|60,5
2013-09-12 22:19:04,020|60,5
2013-09-12 22:19:06,105|60,8
2013-09-12 22:19:08,161|58,9
2013-09-12 22:19:10,252|55,8
2013-09-12 22:19:12,338|48
2013-09-12 22:19:14,505|48,1
2013-09-12 22:19:16,641|43,5
2013-09-12 22:19:18,850|36
2013-09-12 22:19:21,035|36
2013-09-12 22:19:23,223|30
2013-09-12 22:19:25,436|30,2
2013-09-12 22:19:27,645|20,8
2013-09-12 22:19:29,847|12,7
2013-09-12 22:19:32,003|12,7
2013-09-12 22:19:34,230|3
2013-09-12 22:19:36,403|2,6
2013-09-12 22:19:38,554|2,9
2013-09-12 22:19:40,700|2,7
2013-09-12 22:19:42,920|2,7
2013-09-12 22:19:45,111|11,3
2013-09-12 22:19:47,244|11
2013-09-12 22:19:49,412|20,4
2013-09-12 22:19:51,531|20,2
2013-09-12 22:19:53,646|20,2
2013-09-12 22:19:55,762|29,4
2013-09-12 22:19:57,936|29,2
2013-09-12 22:20:00,211|29,2
2013-09-12 22:20:02,401|39
2013-09-12 22:20:04,578|39,4
2013-09-12 22:20:06,824|39,4
2013-09-12 22:20:08,964|37,3
2013-09-12 22:20:11,273|43,3
2013-09-12 22:20:13,545|46
2013-09-12 22:20:15,796|48,2
2013-09-12 22:20:17,983|48,2
2013-09-12 22:20:20,112|45,6
2013-09-12 22:20:22,266|45,6
2013-09-12 22:20:24,408|38,8
2013-09-12 22:20:26,584|30,3
2013-09-12 22:20:28,835|30,3
2013-09-12 22:20:31,056|24,5
2013-09-12 22:20:33,201|17,7
2013-09-12 22:20:35,392|17,7
2013-09-12 22:20:37,568|8,7
2013-09-12 22:20:39,785|8,7
2013-09-12 22:20:42,011|9,7
2013-09-12 22:20:44,175|9,7
2013-09-12 22:20:46,410|9,7
2013-09-12 22:20:48,593|9,2
2013-09-12 22:20:50,785|9,2
2013-09-12 22:20:53,019|2,3
2013-09-12 22:20:55,264|1,9
2013-09-12 22:20:57,502|1,9
2013-09-12 22:20:59,697|1,7
2013-09-12 22:21:01,936|1,7
2013-09-12 22:21:04,165|2,1
2013-09-12 22:21:06,412|1,7
2013-09-12 22:21:08,651|1,7
2013-09-12 22:21:10,892|1,5
2013-09-12 22:21:13,062|1,5
2013-09-12 22:21:15,305|2,2
