MV1===========================================
[12/Sep/2013:21:18:56 +0000]|90
[12/Sep/2013:21:18:56 +0000]|66
[12/Sep/2013:21:18:58 +0000]|197
[12/Sep/2013:21:18:58 +0000]|737
[12/Sep/2013:21:18:59 +0000]|1184
[12/Sep/2013:21:18:59 +0000]|2256
[12/Sep/2013:21:19:00 +0000]|24
[12/Sep/2013:21:19:00 +0000]|185
[12/Sep/2013:21:19:02 +0000]|1308
[12/Sep/2013:21:19:02 +0000]|2396
[12/Sep/2013:21:19:02 +0000]|1580
[12/Sep/2013:21:19:02 +0000]|2444
[12/Sep/2013:21:19:06 +0000]|2821
[12/Sep/2013:21:19:06 +0000]|2903
[12/Sep/2013:21:19:06 +0000]|3000
[12/Sep/2013:21:19:06 +0000]|2185
[12/Sep/2013:21:19:09 +0000]|1723
[12/Sep/2013:21:19:09 +0000]|1897
[12/Sep/2013:21:19:09 +0000]|2093
[12/Sep/2013:21:19:09 +0000]|3644
[12/Sep/2013:21:19:09 +0000]|2178
[12/Sep/2013:21:19:12 +0000]|4574
[12/Sep/2013:21:19:12 +0000]|4612
[12/Sep/2013:21:19:15 +0000]|3219
[12/Sep/2013:21:19:15 +0000]|3266
[12/Sep/2013:21:19:15 +0000]|3289
[12/Sep/2013:21:19:15 +0000]|3324
[12/Sep/2013:21:19:15 +0000]|3368
[12/Sep/2013:21:19:18 +0000]|1674
[12/Sep/2013:21:19:18 +0000]|130
[12/Sep/2013:21:19:18 +0000]|219
[12/Sep/2013:21:19:18 +0000]|344
[12/Sep/2013:21:19:18 +0000]|5220
[12/Sep/2013:21:19:18 +0000]|3800
[12/Sep/2013:21:19:19 +0000]|3863
[12/Sep/2013:21:19:19 +0000]|6211
[12/Sep/2013:21:19:19 +0000]|2457
[12/Sep/2013:21:19:19 +0000]|13272
[12/Sep/2013:21:19:19 +0000]|5626
[12/Sep/2013:21:19:21 +0000]|5828
[12/Sep/2013:21:19:21 +0000]|5856
[12/Sep/2013:21:19:21 +0000]|22
[12/Sep/2013:21:19:21 +0000]|5020
[12/Sep/2013:21:19:21 +0000]|5063
[12/Sep/2013:21:19:21 +0000]|9773
[12/Sep/2013:21:19:21 +0000]|1677
[12/Sep/2013:21:19:21 +0000]|1701
[12/Sep/2013:21:19:21 +0000]|5232
[12/Sep/2013:21:19:22 +0000]|63
[12/Sep/2013:21:19:27 +0000]|9402
[12/Sep/2013:21:19:31 +0000]|1696
[12/Sep/2013:21:19:35 +0000]|7968
[12/Sep/2013:21:19:35 +0000]|7987
[12/Sep/2013:21:19:37 +0000]|1563
[12/Sep/2013:21:19:39 +0000]|11252
[12/Sep/2013:21:19:39 +0000]|11330
[12/Sep/2013:21:19:39 +0000]|11497
[12/Sep/2013:21:19:42 +0000]|14220
[12/Sep/2013:21:19:42 +0000]|14269
[12/Sep/2013:21:19:42 +0000]|14357
[12/Sep/2013:21:19:42 +0000]|18924
[12/Sep/2013:21:19:42 +0000]|14482
[12/Sep/2013:21:19:42 +0000]|19103
[12/Sep/2013:21:19:42 +0000]|19195
[12/Sep/2013:21:19:42 +0000]|5494
[12/Sep/2013:21:19:42 +0000]|5595
[12/Sep/2013:21:19:42 +0000]|14956
[12/Sep/2013:21:19:43 +0000]|577
[12/Sep/2013:21:19:52 +0000]|9241
[12/Sep/2013:21:19:52 +0000]|22809
[12/Sep/2013:21:19:52 +0000]|22874
[12/Sep/2013:21:19:52 +0000]|30711
[12/Sep/2013:21:19:52 +0000]|9023
[12/Sep/2013:21:19:52 +0000]|33600
[12/Sep/2013:21:19:52 +0000]|9966
[12/Sep/2013:21:19:53 +0000]|866
[12/Sep/2013:21:19:53 +0000]|1300
[12/Sep/2013:21:19:54 +0000]|89
[12/Sep/2013:21:19:58 +0000]|5273
[12/Sep/2013:21:19:59 +0000]|16325
[12/Sep/2013:21:19:59 +0000]|16434
[12/Sep/2013:21:19:59 +0000]|16547
[12/Sep/2013:21:20:02 +0000]|19603
[12/Sep/2013:21:20:02 +0000]|19627
[12/Sep/2013:21:20:02 +0000]|19654
[12/Sep/2013:21:20:02 +0000]|19671
[12/Sep/2013:21:20:02 +0000]|19698
[12/Sep/2013:21:20:02 +0000]|19732
[12/Sep/2013:21:20:02 +0000]|19764
[12/Sep/2013:21:20:02 +0000]|19825
[12/Sep/2013:21:20:02 +0000]|19881
[12/Sep/2013:21:20:02 +0000]|19924
[12/Sep/2013:21:20:02 +0000]|19968
[12/Sep/2013:21:20:02 +0000]|20150
[12/Sep/2013:21:20:03 +0000]|20241
[12/Sep/2013:21:20:03 +0000]|20303
[12/Sep/2013:21:20:03 +0000]|20368
[12/Sep/2013:21:20:03 +0000]|20477
[12/Sep/2013:21:20:13 +0000]|30752
[12/Sep/2013:21:20:16 +0000]|34190
[12/Sep/2013:21:20:32 +0000]|8
[12/Sep/2013:21:20:33 +0000]|3
[12/Sep/2013:21:20:33 +0000]|22
[12/Sep/2013:21:20:34 +0000]|3
[12/Sep/2013:21:20:34 +0000]|2
[12/Sep/2013:21:20:35 +0000]|218
[12/Sep/2013:21:20:36 +0000]|5
[12/Sep/2013:21:20:36 +0000]|230
[12/Sep/2013:21:20:36 +0000]|12
[12/Sep/2013:21:20:37 +0000]|72
[12/Sep/2013:21:20:38 +0000]|676
[12/Sep/2013:21:20:38 +0000]|10
[12/Sep/2013:21:20:39 +0000]|536
[12/Sep/2013:21:20:39 +0000]|70
[12/Sep/2013:21:20:40 +0000]|423
[12/Sep/2013:21:20:40 +0000]|439
[12/Sep/2013:21:20:41 +0000]|371
[12/Sep/2013:21:20:41 +0000]|709
[12/Sep/2013:21:20:41 +0000]|8
[12/Sep/2013:21:20:42 +0000]|108
[12/Sep/2013:21:20:43 +0000]|423
[12/Sep/2013:21:20:43 +0000]|6
[12/Sep/2013:21:20:44 +0000]|562
[12/Sep/2013:21:20:44 +0000]|7
[12/Sep/2013:21:20:45 +0000]|406
[12/Sep/2013:21:20:45 +0000]|3
[12/Sep/2013:21:20:45 +0000]|19
[12/Sep/2013:21:20:46 +0000]|14
[12/Sep/2013:21:20:46 +0000]|3
[12/Sep/2013:21:20:47 +0000]|2
[12/Sep/2013:21:20:47 +0000]|61
[12/Sep/2013:21:20:48 +0000]|47
[12/Sep/2013:21:20:48 +0000]|3
[12/Sep/2013:21:20:49 +0000]|2
[12/Sep/2013:21:20:49 +0000]|2
[12/Sep/2013:21:20:50 +0000]|55
[12/Sep/2013:21:20:50 +0000]|67
[12/Sep/2013:21:20:51 +0000]|3
[12/Sep/2013:21:20:51 +0000]|4
[12/Sep/2013:21:20:52 +0000]|3
[12/Sep/2013:21:20:52 +0000]|7
[12/Sep/2013:21:20:53 +0000]|3
[12/Sep/2013:21:20:53 +0000]|57
[12/Sep/2013:21:20:54 +0000]|3
[12/Sep/2013:21:20:54 +0000]|4
[12/Sep/2013:21:20:55 +0000]|3
[12/Sep/2013:21:20:55 +0000]|4
[12/Sep/2013:21:20:56 +0000]|67
[12/Sep/2013:21:20:56 +0000]|23
[12/Sep/2013:21:20:57 +0000]|3
[12/Sep/2013:21:20:57 +0000]|5
[12/Sep/2013:21:20:58 +0000]|4
[12/Sep/2013:21:20:58 +0000]|3
[12/Sep/2013:21:20:59 +0000]|4
[12/Sep/2013:21:20:59 +0000]|30
[12/Sep/2013:21:21:00 +0000]|3
[12/Sep/2013:21:21:00 +0000]|2
[12/Sep/2013:21:21:01 +0000]|3
[12/Sep/2013:21:21:01 +0000]|34
[12/Sep/2013:21:21:02 +0000]|25
[12/Sep/2013:21:21:02 +0000]|6
[12/Sep/2013:21:21:03 +0000]|2
[12/Sep/2013:21:21:03 +0000]|2
[12/Sep/2013:21:21:04 +0000]|2
[12/Sep/2013:21:21:04 +0000]|3
[12/Sep/2013:21:21:05 +0000]|48
[12/Sep/2013:21:21:05 +0000]|35
[12/Sep/2013:21:21:06 +0000]|3
[12/Sep/2013:21:21:06 +0000]|2
[12/Sep/2013:21:21:07 +0000]|4
[12/Sep/2013:21:21:07 +0000]|57
[12/Sep/2013:21:21:08 +0000]|255
[12/Sep/2013:21:21:08 +0000]|2
[12/Sep/2013:21:21:09 +0000]|4
[12/Sep/2013:21:21:09 +0000]|3
[12/Sep/2013:21:21:10 +0000]|3
[12/Sep/2013:21:21:10 +0000]|3
[12/Sep/2013:21:21:11 +0000]|70
[12/Sep/2013:21:21:11 +0000]|3
[12/Sep/2013:21:21:12 +0000]|4
[12/Sep/2013:21:21:12 +0000]|18
[12/Sep/2013:21:21:13 +0000]|3
[12/Sep/2013:21:21:13 +0000]|66
[12/Sep/2013:21:21:14 +0000]|20
[12/Sep/2013:21:21:14 +0000]|2
[12/Sep/2013:21:21:15 +0000]|2
[12/Sep/2013:21:21:15 +0000]|2
[12/Sep/2013:21:21:16 +0000]|2
[12/Sep/2013:21:21:16 +0000]|2
[12/Sep/2013:21:21:17 +0000]|36
[12/Sep/2013:21:21:17 +0000]|19
[12/Sep/2013:21:21:18 +0000]|3
[12/Sep/2013:21:21:18 +0000]|3
[12/Sep/2013:21:21:19 +0000]|3
[12/Sep/2013:21:21:19 +0000]|62
[12/Sep/2013:21:21:20 +0000]|3
[12/Sep/2013:21:21:20 +0000]|4
[12/Sep/2013:21:21:21 +0000]|4
[12/Sep/2013:21:21:21 +0000]|3
[12/Sep/2013:21:21:22 +0000]|3
[12/Sep/2013:21:21:29 +0000]|4
[12/Sep/2013:21:21:30 +0000]|3
[12/Sep/2013:21:21:32 +0000]|3
[12/Sep/2013:21:21:33 +0000]|4
[12/Sep/2013:21:21:35 +0000]|7
[12/Sep/2013:21:21:36 +0000]|3
[12/Sep/2013:21:21:38 +0000]|3
[12/Sep/2013:21:21:39 +0000]|3
[12/Sep/2013:21:21:41 +0000]|3
[12/Sep/2013:21:21:42 +0000]|3
[12/Sep/2013:21:21:44 +0000]|4
[12/Sep/2013:21:21:45 +0000]|4
[12/Sep/2013:21:21:47 +0000]|4
[12/Sep/2013:21:21:48 +0000]|4
[12/Sep/2013:21:21:50 +0000]|3
[12/Sep/2013:21:21:51 +0000]|3
[12/Sep/2013:21:21:53 +0000]|3
[12/Sep/2013:21:21:54 +0000]|3
[12/Sep/2013:21:21:56 +0000]|6
[12/Sep/2013:21:21:57 +0000]|3
[12/Sep/2013:21:21:59 +0000]|3
[12/Sep/2013:21:22:00 +0000]|4
[12/Sep/2013:21:22:02 +0000]|6
[12/Sep/2013:21:22:03 +0000]|3
[12/Sep/2013:21:22:05 +0000]|3
[12/Sep/2013:21:22:06 +0000]|3
[12/Sep/2013:21:22:08 +0000]|15
[12/Sep/2013:21:22:09 +0000]|4
[12/Sep/2013:21:22:11 +0000]|481
[12/Sep/2013:21:22:13 +0000]|295
[12/Sep/2013:21:22:14 +0000]|411
[12/Sep/2013:21:22:16 +0000]|419
[12/Sep/2013:21:22:17 +0000]|478
[12/Sep/2013:21:22:18 +0000]|259
[12/Sep/2013:21:22:31 +0000]|459
[12/Sep/2013:21:22:32 +0000]|226
[12/Sep/2013:21:22:32 +0000]|515
[12/Sep/2013:21:22:33 +0000]|112
[12/Sep/2013:21:22:33 +0000]|460
[12/Sep/2013:21:22:34 +0000]|184
[12/Sep/2013:21:22:34 +0000]|434
[12/Sep/2013:21:22:35 +0000]|175
[12/Sep/2013:21:22:35 +0000]|406
[12/Sep/2013:21:22:35 +0000]|2
[12/Sep/2013:21:22:36 +0000]|202
[12/Sep/2013:21:22:37 +0000]|52
[12/Sep/2013:21:22:37 +0000]|505
[12/Sep/2013:21:22:37 +0000]|51
[12/Sep/2013:21:22:39 +0000]|690
[12/Sep/2013:21:22:39 +0000]|9
[12/Sep/2013:21:22:39 +0000]|58
[12/Sep/2013:21:22:39 +0000]|12
[12/Sep/2013:21:22:40 +0000]|3
[12/Sep/2013:21:22:40 +0000]|3
[12/Sep/2013:21:22:41 +0000]|2
[12/Sep/2013:21:22:41 +0000]|2
[12/Sep/2013:21:22:42 +0000]|63
[12/Sep/2013:21:22:42 +0000]|24
[12/Sep/2013:21:22:43 +0000]|3
[12/Sep/2013:21:22:43 +0000]|2
[12/Sep/2013:21:22:44 +0000]|2
[12/Sep/2013:21:22:44 +0000]|31
[12/Sep/2013:21:22:45 +0000]|60
[12/Sep/2013:21:22:45 +0000]|2
[12/Sep/2013:21:22:46 +0000]|3
[12/Sep/2013:21:22:46 +0000]|3
[12/Sep/2013:21:22:47 +0000]|3
[12/Sep/2013:21:22:47 +0000]|3
[12/Sep/2013:21:22:48 +0000]|44
[12/Sep/2013:21:22:48 +0000]|9
[12/Sep/2013:21:22:49 +0000]|2
[12/Sep/2013:21:22:49 +0000]|2
[12/Sep/2013:21:22:50 +0000]|6
[12/Sep/2013:21:22:50 +0000]|60
[12/Sep/2013:21:22:51 +0000]|68
[12/Sep/2013:21:22:51 +0000]|52
[12/Sep/2013:21:22:52 +0000]|2
[12/Sep/2013:21:22:53 +0000]|3
[12/Sep/2013:21:22:54 +0000]|3
[12/Sep/2013:21:22:54 +0000]|4
[12/Sep/2013:21:22:56 +0000]|2
[12/Sep/2013:21:22:57 +0000]|4
[12/Sep/2013:21:22:59 +0000]|3
[12/Sep/2013:21:23:00 +0000]|3
[12/Sep/2013:21:23:02 +0000]|3
[12/Sep/2013:21:23:03 +0000]|3
[12/Sep/2013:21:23:05 +0000]|4
[12/Sep/2013:21:23:06 +0000]|3
[12/Sep/2013:21:23:08 +0000]|3
[12/Sep/2013:21:23:09 +0000]|3
[12/Sep/2013:21:23:11 +0000]|2
[12/Sep/2013:21:23:12 +0000]|3
[12/Sep/2013:21:23:14 +0000]|3
[12/Sep/2013:21:23:15 +0000]|3
[12/Sep/2013:21:23:17 +0000]|4
[12/Sep/2013:21:23:18 +0000]|4
[12/Sep/2013:21:23:20 +0000]|21
[12/Sep/2013:21:24:44 +0000]|4
[12/Sep/2013:21:24:45 +0000]|60
[12/Sep/2013:21:24:45 +0000]|81
[12/Sep/2013:21:24:46 +0000]|28
[12/Sep/2013:21:24:46 +0000]|78
[12/Sep/2013:21:24:47 +0000]|100
[12/Sep/2013:21:24:48 +0000]|1169
[12/Sep/2013:21:24:50 +0000]|144
[12/Sep/2013:21:24:50 +0000]|180
[12/Sep/2013:21:24:50 +0000]|229
[12/Sep/2013:21:24:50 +0000]|273
[12/Sep/2013:21:24:50 +0000]|384
[12/Sep/2013:21:24:53 +0000]|1833
[12/Sep/2013:21:24:53 +0000]|1924
[12/Sep/2013:21:24:53 +0000]|2106
[12/Sep/2013:21:24:53 +0000]|2228
[12/Sep/2013:21:24:53 +0000]|2596
[12/Sep/2013:21:24:54 +0000]|2684
[12/Sep/2013:21:24:54 +0000]|4183
[12/Sep/2013:21:24:54 +0000]|4247
[12/Sep/2013:21:24:54 +0000]|4349
[12/Sep/2013:21:24:54 +0000]|4500
[12/Sep/2013:21:24:55 +0000]|5969
[12/Sep/2013:21:25:02 +0000]|8275
[12/Sep/2013:21:25:02 +0000]|8400
[12/Sep/2013:21:25:02 +0000]|8560
[12/Sep/2013:21:25:05 +0000]|11219
[12/Sep/2013:21:25:05 +0000]|11265
[12/Sep/2013:21:25:05 +0000]|11356
[12/Sep/2013:21:25:05 +0000]|11492
[12/Sep/2013:21:25:05 +0000]|11648
[12/Sep/2013:21:25:05 +0000]|11780
[12/Sep/2013:21:25:08 +0000]|14563
[12/Sep/2013:21:25:08 +0000]|14608
[12/Sep/2013:21:25:08 +0000]|14631
[12/Sep/2013:21:25:08 +0000]|14694
[12/Sep/2013:21:25:08 +0000]|14742
[12/Sep/2013:21:25:08 +0000]|14813
[12/Sep/2013:21:25:08 +0000]|14880
[12/Sep/2013:21:25:08 +0000]|14920
[12/Sep/2013:21:25:11 +0000]|17630
[12/Sep/2013:21:25:14 +0000]|20289
[12/Sep/2013:21:25:14 +0000]|20314
[12/Sep/2013:21:25:14 +0000]|12460
[12/Sep/2013:21:25:14 +0000]|1900
[12/Sep/2013:21:25:14 +0000]|17305
[12/Sep/2013:21:25:14 +0000]|12692
[12/Sep/2013:21:25:14 +0000]|2131
[12/Sep/2013:21:25:14 +0000]|2231
[12/Sep/2013:21:25:23 +0000]|3143
[12/Sep/2013:21:25:23 +0000]|3143
[12/Sep/2013:21:25:23 +0000]|3144
[12/Sep/2013:21:25:23 +0000]|7842
[12/Sep/2013:21:25:23 +0000]|3145
[12/Sep/2013:21:25:23 +0000]|7843
[12/Sep/2013:21:25:23 +0000]|3146
[12/Sep/2013:21:25:23 +0000]|3152
[12/Sep/2013:21:25:23 +0000]|9246
[12/Sep/2013:21:25:23 +0000]|9246
[12/Sep/2013:21:25:23 +0000]|9247
[12/Sep/2013:21:25:23 +0000]|9248
[12/Sep/2013:21:25:23 +0000]|9249
[12/Sep/2013:21:25:23 +0000]|9249
[12/Sep/2013:21:25:23 +0000]|9237
[12/Sep/2013:21:25:23 +0000]|7855
[12/Sep/2013:21:25:23 +0000]|9228
[12/Sep/2013:21:25:26 +0000]|4199
[12/Sep/2013:21:25:26 +0000]|4231
[12/Sep/2013:21:25:26 +0000]|4245
[12/Sep/2013:21:25:26 +0000]|4275
[12/Sep/2013:21:25:26 +0000]|4312
[12/Sep/2013:21:25:26 +0000]|4322
[12/Sep/2013:21:25:26 +0000]|4349
[12/Sep/2013:21:25:26 +0000]|4364
[12/Sep/2013:21:25:26 +0000]|4375
[12/Sep/2013:21:25:26 +0000]|4551
[12/Sep/2013:21:25:26 +0000]|4596
[12/Sep/2013:21:25:26 +0000]|4602
[12/Sep/2013:21:25:26 +0000]|4639
[12/Sep/2013:21:25:26 +0000]|4648
[12/Sep/2013:21:25:26 +0000]|4680
[12/Sep/2013:21:25:26 +0000]|4767
[12/Sep/2013:21:25:26 +0000]|4815
[12/Sep/2013:21:25:26 +0000]|4826
[12/Sep/2013:21:25:27 +0000]|4868
[12/Sep/2013:21:25:27 +0000]|4902
[12/Sep/2013:21:25:27 +0000]|4918
[12/Sep/2013:21:25:27 +0000]|4928
[12/Sep/2013:21:25:27 +0000]|4936
[12/Sep/2013:21:25:27 +0000]|4939
[12/Sep/2013:21:25:27 +0000]|5025
[12/Sep/2013:21:25:27 +0000]|5037
[12/Sep/2013:21:25:27 +0000]|5054
[12/Sep/2013:21:25:27 +0000]|5067
[12/Sep/2013:21:25:27 +0000]|5077
[12/Sep/2013:21:25:27 +0000]|5085
[12/Sep/2013:21:25:28 +0000]|5926
[12/Sep/2013:21:25:28 +0000]|6315
[12/Sep/2013:21:25:28 +0000]|6042
[12/Sep/2013:21:25:28 +0000]|6142
[12/Sep/2013:21:25:28 +0000]|6151
[12/Sep/2013:21:25:28 +0000]|6248
[12/Sep/2013:21:25:28 +0000]|6308
[12/Sep/2013:21:25:28 +0000]|6364
[12/Sep/2013:21:25:28 +0000]|6448
[12/Sep/2013:21:25:28 +0000]|6519
[12/Sep/2013:21:25:29 +0000]|6550
[12/Sep/2013:21:25:29 +0000]|6559
[12/Sep/2013:21:25:29 +0000]|6567
[12/Sep/2013:21:25:29 +0000]|6574
[12/Sep/2013:21:25:29 +0000]|6580
[12/Sep/2013:21:25:29 +0000]|6588
[12/Sep/2013:21:25:29 +0000]|6597
[12/Sep/2013:21:25:29 +0000]|6603
[12/Sep/2013:21:25:29 +0000]|6610
[12/Sep/2013:21:25:29 +0000]|6616
[12/Sep/2013:21:25:29 +0000]|6620
[12/Sep/2013:21:25:29 +0000]|6631
[12/Sep/2013:21:25:29 +0000]|6633
[12/Sep/2013:21:25:29 +0000]|6645
[12/Sep/2013:21:25:29 +0000]|6654
[12/Sep/2013:21:25:29 +0000]|6664
[12/Sep/2013:21:25:29 +0000]|6665
[12/Sep/2013:21:25:29 +0000]|6672
[12/Sep/2013:21:25:29 +0000]|6688
[12/Sep/2013:21:25:29 +0000]|6689
[12/Sep/2013:21:25:29 +0000]|6698
[12/Sep/2013:21:25:29 +0000]|6710
[12/Sep/2013:21:25:29 +0000]|6708
[12/Sep/2013:21:25:29 +0000]|6716
[12/Sep/2013:21:25:29 +0000]|6728
[12/Sep/2013:21:25:29 +0000]|6733
[12/Sep/2013:21:25:29 +0000]|6734
[12/Sep/2013:21:25:29 +0000]|6745
[12/Sep/2013:21:25:29 +0000]|6755
[12/Sep/2013:21:25:29 +0000]|6757
[12/Sep/2013:21:25:29 +0000]|6766
[12/Sep/2013:21:25:29 +0000]|6792
[12/Sep/2013:21:25:29 +0000]|6793
[12/Sep/2013:21:25:29 +0000]|6805
[12/Sep/2013:21:25:29 +0000]|6807
[12/Sep/2013:21:25:29 +0000]|6821
[12/Sep/2013:21:25:29 +0000]|6826
[12/Sep/2013:21:25:29 +0000]|6850
[12/Sep/2013:21:25:29 +0000]|6869
[12/Sep/2013:21:25:29 +0000]|6880
[12/Sep/2013:21:25:29 +0000]|6890
[12/Sep/2013:21:25:29 +0000]|6899
[12/Sep/2013:21:25:29 +0000]|6907
[12/Sep/2013:21:25:29 +0000]|6909
[12/Sep/2013:21:25:29 +0000]|6917
[12/Sep/2013:21:25:29 +0000]|6920
[12/Sep/2013:21:25:29 +0000]|6918
[12/Sep/2013:21:25:29 +0000]|6924
[12/Sep/2013:21:25:29 +0000]|6927
[12/Sep/2013:21:25:29 +0000]|6935
[12/Sep/2013:21:25:29 +0000]|6937
[12/Sep/2013:21:25:29 +0000]|6938
[12/Sep/2013:21:25:29 +0000]|6940
[12/Sep/2013:21:25:29 +0000]|6948
[12/Sep/2013:21:25:29 +0000]|6950
[12/Sep/2013:21:25:29 +0000]|6958
[12/Sep/2013:21:25:29 +0000]|6959
[12/Sep/2013:21:25:29 +0000]|6961
[12/Sep/2013:21:25:29 +0000]|6963
[12/Sep/2013:21:25:29 +0000]|6972
[12/Sep/2013:21:25:29 +0000]|6974
[12/Sep/2013:21:25:29 +0000]|6972
[12/Sep/2013:21:25:29 +0000]|6971
[12/Sep/2013:21:25:29 +0000]|6972
[12/Sep/2013:21:25:29 +0000]|6974
[12/Sep/2013:21:25:29 +0000]|6970
[12/Sep/2013:21:25:29 +0000]|6975
[12/Sep/2013:21:25:29 +0000]|6985
[12/Sep/2013:21:25:29 +0000]|6987
[12/Sep/2013:21:25:29 +0000]|6994
[12/Sep/2013:21:25:29 +0000]|6996
[12/Sep/2013:21:25:31 +0000]|34524
[12/Sep/2013:21:25:58 +0000]|35890
[12/Sep/2013:21:26:20 +0000]|78491
[12/Sep/2013:21:26:48 +0000]|106617
[12/Sep/2013:21:26:54 +0000]|92225
[12/Sep/2013:21:26:55 +0000]|93131
[12/Sep/2013:21:26:58 +0000]|96264
[12/Sep/2013:21:26:58 +0000]|96256
[12/Sep/2013:21:26:58 +0000]|96254
[12/Sep/2013:21:26:58 +0000]|96259
[12/Sep/2013:21:27:00 +0000]|108381
[12/Sep/2013:21:27:01 +0000]|110407
[12/Sep/2013:21:27:02 +0000]|100147
[12/Sep/2013:21:27:02 +0000]|100155
[12/Sep/2013:21:27:02 +0000]|100162
[12/Sep/2013:21:27:02 +0000]|100160
[12/Sep/2013:21:27:03 +0000]|100848
[12/Sep/2013:21:27:03 +0000]|100860
[12/Sep/2013:21:27:03 +0000]|100923
[12/Sep/2013:21:27:03 +0000]|100931
[12/Sep/2013:21:27:03 +0000]|100938
[12/Sep/2013:21:27:03 +0000]|100960
[12/Sep/2013:21:27:06 +0000]|111911
[12/Sep/2013:21:27:09 +0000]|117156
[12/Sep/2013:21:27:09 +0000]|115492
[12/Sep/2013:21:27:09 +0000]|115516
[12/Sep/2013:21:27:12 +0000]|105624
[12/Sep/2013:21:27:13 +0000]|119618
[12/Sep/2013:21:27:15 +0000]|121268
[12/Sep/2013:21:27:16 +0000]|122000
[12/Sep/2013:21:27:16 +0000]|122039
[12/Sep/2013:21:27:17 +0000]|122763
[12/Sep/2013:21:27:17 +0000]|93539
[12/Sep/2013:21:27:17 +0000]|93615
[12/Sep/2013:21:27:17 +0000]|93703
[12/Sep/2013:21:27:19 +0000]|99818
[12/Sep/2013:21:27:19 +0000]|99816
[12/Sep/2013:21:27:19 +0000]|99824
[12/Sep/2013:21:27:19 +0000]|99831
[12/Sep/2013:21:27:19 +0000]|99839
[12/Sep/2013:21:27:19 +0000]|99840
[12/Sep/2013:21:27:19 +0000]|99848
[12/Sep/2013:21:27:19 +0000]|99856
[12/Sep/2013:21:27:19 +0000]|99863
[12/Sep/2013:21:27:19 +0000]|99871
[12/Sep/2013:21:27:20 +0000]|100491
[12/Sep/2013:21:27:20 +0000]|100498
[12/Sep/2013:21:27:20 +0000]|100506
[12/Sep/2013:21:27:20 +0000]|100514
[12/Sep/2013:21:27:20 +0000]|100522
[12/Sep/2013:21:27:20 +0000]|100524
[12/Sep/2013:21:27:22 +0000]|69759
[12/Sep/2013:21:27:24 +0000]|121453
[12/Sep/2013:21:27:24 +0000]|100696
[12/Sep/2013:21:27:25 +0000]|100755
[12/Sep/2013:21:27:25 +0000]|101523
[12/Sep/2013:21:27:26 +0000]|102234
[12/Sep/2013:21:27:28 +0000]|103873
[12/Sep/2013:21:27:29 +0000]|105279
[12/Sep/2013:21:27:30 +0000]|106103
[12/Sep/2013:21:27:30 +0000]|106114
[12/Sep/2013:21:27:30 +0000]|106142
[12/Sep/2013:21:27:30 +0000]|106127
[12/Sep/2013:21:27:30 +0000]|106135
[12/Sep/2013:21:27:31 +0000]|106848
[12/Sep/2013:21:27:31 +0000]|78960
[12/Sep/2013:21:27:31 +0000]|78972
[12/Sep/2013:21:27:31 +0000]|107591
[12/Sep/2013:21:27:31 +0000]|107599
[12/Sep/2013:21:27:31 +0000]|107607
[12/Sep/2013:21:27:32 +0000]|108531
[12/Sep/2013:21:27:32 +0000]|108535
[12/Sep/2013:21:27:33 +0000]|54112
[12/Sep/2013:21:27:34 +0000]|110003
[12/Sep/2013:21:27:34 +0000]|110028
[12/Sep/2013:21:27:34 +0000]|110036
[12/Sep/2013:21:27:34 +0000]|110043
[12/Sep/2013:21:27:34 +0000]|110695
[12/Sep/2013:21:27:34 +0000]|110703
[12/Sep/2013:21:27:34 +0000]|110711
[12/Sep/2013:21:27:35 +0000]|42430
[12/Sep/2013:21:27:35 +0000]|111574
[12/Sep/2013:21:27:35 +0000]|111590
[12/Sep/2013:21:27:36 +0000]|112278
[12/Sep/2013:21:27:36 +0000]|112284
[12/Sep/2013:21:27:36 +0000]|112292
[12/Sep/2013:21:27:36 +0000]|112300
[12/Sep/2013:21:27:36 +0000]|112346
[12/Sep/2013:21:27:36 +0000]|112358
[12/Sep/2013:21:27:36 +0000]|112372
[12/Sep/2013:21:27:37 +0000]|113029
[12/Sep/2013:21:27:37 +0000]|113059
[12/Sep/2013:21:27:37 +0000]|113076
[12/Sep/2013:21:27:37 +0000]|113084
[12/Sep/2013:21:27:37 +0000]|113100
[12/Sep/2013:21:27:37 +0000]|113662
[12/Sep/2013:21:27:37 +0000]|113670
[12/Sep/2013:21:27:37 +0000]|113681
[12/Sep/2013:21:27:37 +0000]|113689
[12/Sep/2013:21:27:37 +0000]|113696
[12/Sep/2013:21:27:37 +0000]|113721
[12/Sep/2013:21:27:38 +0000]|113746
[12/Sep/2013:21:27:38 +0000]|113754
[12/Sep/2013:21:27:38 +0000]|114609
[12/Sep/2013:21:27:38 +0000]|114619
[12/Sep/2013:21:27:38 +0000]|114622
[12/Sep/2013:21:27:38 +0000]|114631
[12/Sep/2013:21:27:38 +0000]|114638
[12/Sep/2013:21:27:38 +0000]|114647
[12/Sep/2013:21:27:38 +0000]|114651
[12/Sep/2013:21:27:38 +0000]|114666
[12/Sep/2013:21:27:39 +0000]|115314
[12/Sep/2013:21:27:39 +0000]|115337
[12/Sep/2013:21:27:39 +0000]|115346
[12/Sep/2013:21:27:39 +0000]|115372
[12/Sep/2013:21:27:40 +0000]|116086
[12/Sep/2013:21:27:40 +0000]|116124
[12/Sep/2013:21:27:40 +0000]|116132
[12/Sep/2013:21:27:40 +0000]|116139
[12/Sep/2013:21:27:41 +0000]|116875
[12/Sep/2013:21:27:41 +0000]|116876
[12/Sep/2013:21:27:41 +0000]|116883
[12/Sep/2013:21:27:41 +0000]|116890
[12/Sep/2013:21:27:41 +0000]|116896
[12/Sep/2013:21:27:41 +0000]|116900
[12/Sep/2013:21:27:41 +0000]|116907
[12/Sep/2013:21:27:42 +0000]|117748
[12/Sep/2013:21:27:42 +0000]|117755
[12/Sep/2013:21:27:42 +0000]|117759
[12/Sep/2013:21:27:42 +0000]|117763
[12/Sep/2013:21:27:36 +0000]|112384
[12/Sep/2013:21:27:42 +0000]|50251
[12/Sep/2013:21:27:42 +0000]|50278
[12/Sep/2013:21:27:43 +0000]|44943
[12/Sep/2013:21:27:43 +0000]|119408
[12/Sep/2013:21:27:43 +0000]|119413
[12/Sep/2013:21:27:44 +0000]|120252
[12/Sep/2013:21:27:44 +0000]|120259
[12/Sep/2013:21:27:44 +0000]|120266
[12/Sep/2013:21:27:44 +0000]|120270
[12/Sep/2013:21:27:44 +0000]|120275
[12/Sep/2013:21:27:44 +0000]|120287
[12/Sep/2013:21:27:44 +0000]|78023
[12/Sep/2013:21:27:44 +0000]|120282
[12/Sep/2013:21:27:44 +0000]|120290
[12/Sep/2013:21:27:44 +0000]|120295
[12/Sep/2013:21:27:44 +0000]|120302
[12/Sep/2013:21:27:44 +0000]|120310
[12/Sep/2013:21:27:45 +0000]|120982
[12/Sep/2013:21:27:45 +0000]|120990
[12/Sep/2013:21:27:45 +0000]|120988
[12/Sep/2013:21:27:45 +0000]|121035
[12/Sep/2013:21:27:45 +0000]|121070
[12/Sep/2013:21:27:46 +0000]|121775
[12/Sep/2013:21:27:46 +0000]|80300
[12/Sep/2013:21:27:46 +0000]|122583
[12/Sep/2013:21:27:46 +0000]|93916
[12/Sep/2013:21:27:46 +0000]|122598
[12/Sep/2013:21:27:46 +0000]|122606
[12/Sep/2013:21:27:48 +0000]|124304
[12/Sep/2013:21:27:51 +0000]|48583
[12/Sep/2013:21:27:52 +0000]|50945
[12/Sep/2013:21:27:53 +0000]|129454
[12/Sep/2013:21:27:53 +0000]|129458
[12/Sep/2013:21:27:53 +0000]|129466
[12/Sep/2013:21:27:53 +0000]|129474
[12/Sep/2013:21:27:53 +0000]|129482
[12/Sep/2013:21:27:53 +0000]|129490
[12/Sep/2013:21:27:53 +0000]|129498
[12/Sep/2013:21:27:53 +0000]|129510
[12/Sep/2013:21:27:53 +0000]|129517
[12/Sep/2013:21:27:54 +0000]|56063
[12/Sep/2013:21:27:54 +0000]|56068
[12/Sep/2013:21:27:54 +0000]|130504
[12/Sep/2013:21:27:54 +0000]|100459
[12/Sep/2013:21:27:54 +0000]|100467
[12/Sep/2013:21:27:54 +0000]|100476
[12/Sep/2013:21:27:55 +0000]|49543
[12/Sep/2013:21:27:58 +0000]|56383
[12/Sep/2013:21:28:02 +0000]|45284
[12/Sep/2013:21:28:03 +0000]|46901
[12/Sep/2013:21:28:03 +0000]|46902
[12/Sep/2013:21:28:03 +0000]|46896
[12/Sep/2013:21:28:06 +0000]|56611
[12/Sep/2013:21:28:09 +0000]|52791
[12/Sep/2013:21:28:09 +0000]|60120
[12/Sep/2013:21:28:10 +0000]|53816
[12/Sep/2013:21:28:10 +0000]|53824
[12/Sep/2013:21:28:10 +0000]|53832
[12/Sep/2013:21:28:10 +0000]|53838
[12/Sep/2013:21:28:11 +0000]|54529
[12/Sep/2013:21:28:11 +0000]|54534
[12/Sep/2013:21:28:11 +0000]|54538
[12/Sep/2013:21:28:11 +0000]|54542
[12/Sep/2013:21:28:12 +0000]|42715
[12/Sep/2013:21:28:12 +0000]|55257
[12/Sep/2013:21:28:12 +0000]|55257
[12/Sep/2013:21:28:12 +0000]|42949
[12/Sep/2013:21:28:12 +0000]|42208
[12/Sep/2013:21:28:12 +0000]|42307
[12/Sep/2013:21:28:13 +0000]|57163
[12/Sep/2013:21:28:13 +0000]|57136
[12/Sep/2013:21:28:13 +0000]|56395
[12/Sep/2013:21:28:13 +0000]|56403
[12/Sep/2013:21:28:13 +0000]|56410
[12/Sep/2013:21:28:13 +0000]|56417
[12/Sep/2013:21:28:15 +0000]|43974
[12/Sep/2013:21:28:15 +0000]|44062
[12/Sep/2013:21:28:16 +0000]|46911
[12/Sep/2013:21:28:16 +0000]|44663
[12/Sep/2013:21:28:16 +0000]|46978
[12/Sep/2013:21:28:16 +0000]|46987
[12/Sep/2013:21:28:16 +0000]|46995
[12/Sep/2013:21:28:18 +0000]|46300
[12/Sep/2013:21:28:18 +0000]|46309
[12/Sep/2013:21:28:18 +0000]|46317
[12/Sep/2013:21:28:19 +0000]|47155
[12/Sep/2013:21:28:19 +0000]|47167
[12/Sep/2013:21:28:19 +0000]|47184
[12/Sep/2013:21:28:19 +0000]|47240
[12/Sep/2013:21:28:19 +0000]|48836
[12/Sep/2013:21:28:20 +0000]|50239
[12/Sep/2013:21:28:20 +0000]|50212
[12/Sep/2013:22:11:39 +0000]|42
[12/Sep/2013:22:12:21 +0000]|3
[12/Sep/2013:22:12:21 +0000]|23
[12/Sep/2013:22:12:22 +0000]|55
[12/Sep/2013:22:12:22 +0000]|263
[12/Sep/2013:22:12:30 +0000]|4
[12/Sep/2013:22:12:38 +0000]|4
[12/Sep/2013:22:12:38 +0000]|66
[12/Sep/2013:22:14:13 +0000]|3
[12/Sep/2013:22:14:14 +0000]|12
[12/Sep/2013:22:14:14 +0000]|3
[12/Sep/2013:22:14:15 +0000]|2
[12/Sep/2013:22:14:15 +0000]|39
[12/Sep/2013:22:14:16 +0000]|48
[12/Sep/2013:22:14:16 +0000]|2
[12/Sep/2013:22:14:17 +0000]|2
[12/Sep/2013:22:14:17 +0000]|2
[12/Sep/2013:22:14:18 +0000]|49
[12/Sep/2013:22:14:18 +0000]|65
[12/Sep/2013:22:14:19 +0000]|31
[12/Sep/2013:22:14:19 +0000]|2
[12/Sep/2013:22:14:20 +0000]|4
[12/Sep/2013:22:14:20 +0000]|3
[12/Sep/2013:22:14:21 +0000]|4
[12/Sep/2013:22:14:21 +0000]|56
[12/Sep/2013:22:14:22 +0000]|52
[12/Sep/2013:22:14:22 +0000]|35
[12/Sep/2013:22:14:23 +0000]|3
[12/Sep/2013:22:14:23 +0000]|2
[12/Sep/2013:22:14:24 +0000]|44
[12/Sep/2013:22:14:24 +0000]|60
[12/Sep/2013:22:14:25 +0000]|9
[12/Sep/2013:22:14:25 +0000]|4
[12/Sep/2013:22:14:26 +0000]|3
[12/Sep/2013:22:14:26 +0000]|2
[12/Sep/2013:22:14:27 +0000]|2
[12/Sep/2013:22:14:27 +0000]|87
[12/Sep/2013:22:14:28 +0000]|35
[12/Sep/2013:22:14:28 +0000]|19
[12/Sep/2013:22:14:29 +0000]|2
[12/Sep/2013:22:14:29 +0000]|3
[12/Sep/2013:22:14:30 +0000]|56
[12/Sep/2013:22:14:30 +0000]|52
[12/Sep/2013:22:14:31 +0000]|9
[12/Sep/2013:22:14:31 +0000]|11
[12/Sep/2013:22:14:32 +0000]|2
[12/Sep/2013:22:14:33 +0000]|3
[12/Sep/2013:22:14:34 +0000]|3
[12/Sep/2013:22:14:35 +0000]|4
[12/Sep/2013:22:14:37 +0000]|3
[12/Sep/2013:22:14:38 +0000]|3
[12/Sep/2013:22:14:40 +0000]|3
[12/Sep/2013:22:14:41 +0000]|2
[12/Sep/2013:22:14:43 +0000]|3
[12/Sep/2013:22:14:44 +0000]|3
[12/Sep/2013:22:14:46 +0000]|3
[12/Sep/2013:22:14:47 +0000]|3
[12/Sep/2013:22:14:49 +0000]|3
[12/Sep/2013:22:14:50 +0000]|3
[12/Sep/2013:22:14:52 +0000]|4
[12/Sep/2013:22:14:53 +0000]|3
[12/Sep/2013:22:14:55 +0000]|3
[12/Sep/2013:22:14:56 +0000]|2
[12/Sep/2013:22:14:58 +0000]|3
[12/Sep/2013:22:14:59 +0000]|3
[12/Sep/2013:22:15:01 +0000]|3
[12/Sep/2013:22:15:02 +0000]|4
[12/Sep/2013:22:15:12 +0000]|21
[12/Sep/2013:22:15:13 +0000]|55
[12/Sep/2013:22:15:15 +0000]|2
[12/Sep/2013:22:15:16 +0000]|3
[12/Sep/2013:22:15:18 +0000]|3
[12/Sep/2013:22:15:19 +0000]|18
[12/Sep/2013:22:15:21 +0000]|3
[12/Sep/2013:22:15:22 +0000]|4
[12/Sep/2013:22:15:24 +0000]|3
[12/Sep/2013:22:15:25 +0000]|4
[12/Sep/2013:22:15:27 +0000]|3
[12/Sep/2013:22:15:28 +0000]|3
[12/Sep/2013:22:15:30 +0000]|3
[12/Sep/2013:22:15:31 +0000]|3
[12/Sep/2013:22:15:33 +0000]|3
[12/Sep/2013:22:15:34 +0000]|7
[12/Sep/2013:22:15:36 +0000]|3
[12/Sep/2013:22:15:37 +0000]|4
[12/Sep/2013:22:15:39 +0000]|4
[12/Sep/2013:22:15:41 +0000]|622
[12/Sep/2013:22:15:42 +0000]|15
[12/Sep/2013:22:15:44 +0000]|407
[12/Sep/2013:22:15:45 +0000]|3
[12/Sep/2013:22:15:46 +0000]|8
[12/Sep/2013:22:15:48 +0000]|3
[12/Sep/2013:22:15:49 +0000]|27
[12/Sep/2013:22:15:51 +0000]|3
[12/Sep/2013:22:15:52 +0000]|3
[12/Sep/2013:22:15:54 +0000]|4
[12/Sep/2013:22:15:55 +0000]|3
[12/Sep/2013:22:15:57 +0000]|3
[12/Sep/2013:22:15:58 +0000]|2
[12/Sep/2013:22:16:00 +0000]|23
[12/Sep/2013:22:16:09 +0000]|3
[12/Sep/2013:22:16:10 +0000]|15
[12/Sep/2013:22:16:10 +0000]|732
[12/Sep/2013:22:16:10 +0000]|498
[12/Sep/2013:22:16:16 +0000]|3
[12/Sep/2013:22:16:17 +0000]|3
[12/Sep/2013:22:16:17 +0000]|101
[12/Sep/2013:22:16:17 +0000]|139
[12/Sep/2013:22:16:18 +0000]|69
[12/Sep/2013:22:16:18 +0000]|1441
[12/Sep/2013:22:16:22 +0000]|3
[12/Sep/2013:22:16:23 +0000]|12
[12/Sep/2013:22:16:23 +0000]|91
[12/Sep/2013:22:16:26 +0000]|3
[12/Sep/2013:22:16:27 +0000]|124
[12/Sep/2013:22:16:27 +0000]|165
[12/Sep/2013:22:16:37 +0000]|3
[12/Sep/2013:22:16:38 +0000]|3
[12/Sep/2013:22:16:39 +0000]|3
[12/Sep/2013:22:16:40 +0000]|3
[12/Sep/2013:22:16:41 +0000]|3
[12/Sep/2013:22:16:42 +0000]|3
[12/Sep/2013:22:16:43 +0000]|4
[12/Sep/2013:22:16:43 +0000]|3
[12/Sep/2013:22:16:45 +0000]|4
[12/Sep/2013:22:16:46 +0000]|3
[12/Sep/2013:22:16:48 +0000]|3
[12/Sep/2013:22:16:49 +0000]|3
[12/Sep/2013:22:16:51 +0000]|3
[12/Sep/2013:22:16:52 +0000]|3
[12/Sep/2013:22:16:54 +0000]|3
[12/Sep/2013:22:16:55 +0000]|3
[12/Sep/2013:22:16:57 +0000]|3
[12/Sep/2013:22:16:58 +0000]|3
[12/Sep/2013:22:17:00 +0000]|63
[12/Sep/2013:22:17:01 +0000]|3
[12/Sep/2013:22:17:03 +0000]|3
[12/Sep/2013:22:17:04 +0000]|3
[12/Sep/2013:22:17:06 +0000]|3
[12/Sep/2013:22:17:07 +0000]|3
[12/Sep/2013:22:17:09 +0000]|3
[12/Sep/2013:22:17:10 +0000]|6
[12/Sep/2013:22:17:12 +0000]|4
[12/Sep/2013:22:17:13 +0000]|3
[12/Sep/2013:22:17:15 +0000]|8
[12/Sep/2013:22:17:16 +0000]|3
[12/Sep/2013:22:17:18 +0000]|3
[12/Sep/2013:22:17:19 +0000]|3
[12/Sep/2013:22:17:21 +0000]|3
[12/Sep/2013:22:17:22 +0000]|3
[12/Sep/2013:22:17:24 +0000]|4
[12/Sep/2013:22:17:25 +0000]|3
[12/Sep/2013:22:17:41 +0000]|3
[12/Sep/2013:22:17:42 +0000]|3
[12/Sep/2013:22:17:42 +0000]|3
[12/Sep/2013:22:17:43 +0000]|49
[12/Sep/2013:22:17:43 +0000]|28
[12/Sep/2013:22:17:43 +0000]|54
[12/Sep/2013:22:17:44 +0000]|145
[12/Sep/2013:22:17:44 +0000]|595
[12/Sep/2013:22:17:45 +0000]|28
[12/Sep/2013:22:17:45 +0000]|50
[12/Sep/2013:22:17:45 +0000]|71
[12/Sep/2013:22:17:45 +0000]|91
[12/Sep/2013:22:17:45 +0000]|106
[12/Sep/2013:22:17:46 +0000]|819
[12/Sep/2013:22:17:47 +0000]|825
[12/Sep/2013:22:17:47 +0000]|1064
[12/Sep/2013:22:17:47 +0000]|1136
[12/Sep/2013:22:17:48 +0000]|826
[12/Sep/2013:22:17:48 +0000]|943
[12/Sep/2013:22:17:48 +0000]|1003
[12/Sep/2013:22:17:48 +0000]|1071
[12/Sep/2013:22:17:48 +0000]|1132
[12/Sep/2013:22:17:50 +0000]|838
[12/Sep/2013:22:17:50 +0000]|928
[12/Sep/2013:22:17:50 +0000]|976
[12/Sep/2013:22:17:50 +0000]|1029
[12/Sep/2013:22:17:50 +0000]|2750
[12/Sep/2013:22:17:50 +0000]|1056
[12/Sep/2013:22:17:53 +0000]|3580
[12/Sep/2013:22:17:53 +0000]|3520
[12/Sep/2013:22:17:53 +0000]|2864
[12/Sep/2013:22:17:54 +0000]|2928
[12/Sep/2013:22:17:54 +0000]|2992
[12/Sep/2013:22:17:54 +0000]|3032
[12/Sep/2013:22:17:54 +0000]|3076
[12/Sep/2013:22:17:54 +0000]|424
[12/Sep/2013:22:17:54 +0000]|447
[12/Sep/2013:22:17:54 +0000]|1219
[12/Sep/2013:22:17:54 +0000]|1252
[12/Sep/2013:22:17:54 +0000]|21
[12/Sep/2013:22:17:54 +0000]|46
[12/Sep/2013:22:17:54 +0000]|2
[12/Sep/2013:22:17:54 +0000]|50
[12/Sep/2013:22:17:54 +0000]|54
[12/Sep/2013:22:17:54 +0000]|56
[12/Sep/2013:22:17:54 +0000]|59
[12/Sep/2013:22:17:54 +0000]|61
[12/Sep/2013:22:17:54 +0000]|64
[12/Sep/2013:22:17:57 +0000]|949
[12/Sep/2013:22:17:57 +0000]|1029
[12/Sep/2013:22:17:57 +0000]|1137
[12/Sep/2013:22:17:57 +0000]|1228
[12/Sep/2013:22:17:57 +0000]|1311
[12/Sep/2013:22:17:57 +0000]|1325
[12/Sep/2013:22:17:57 +0000]|1341
[12/Sep/2013:22:18:02 +0000]|2778
[12/Sep/2013:22:18:02 +0000]|2879
[12/Sep/2013:22:18:03 +0000]|4011
[12/Sep/2013:22:18:03 +0000]|4052
[12/Sep/2013:22:18:03 +0000]|4096
[12/Sep/2013:22:18:03 +0000]|4147
[12/Sep/2013:22:18:03 +0000]|4197
[12/Sep/2013:22:18:03 +0000]|4237
[12/Sep/2013:22:18:03 +0000]|7450
[12/Sep/2013:22:18:03 +0000]|182
[12/Sep/2013:22:18:03 +0000]|234
[12/Sep/2013:22:18:03 +0000]|308
[12/Sep/2013:22:18:04 +0000]|377
[12/Sep/2013:22:18:04 +0000]|434
[12/Sep/2013:22:18:04 +0000]|511
[12/Sep/2013:22:18:04 +0000]|526
[12/Sep/2013:22:18:04 +0000]|563
[12/Sep/2013:22:18:04 +0000]|569
[12/Sep/2013:22:18:04 +0000]|578
[12/Sep/2013:22:18:04 +0000]|580
[12/Sep/2013:22:18:04 +0000]|582
[12/Sep/2013:22:18:04 +0000]|592
[12/Sep/2013:22:18:07 +0000]|1211
[12/Sep/2013:22:18:07 +0000]|89
[12/Sep/2013:22:18:13 +0000]|9360
[12/Sep/2013:22:18:13 +0000]|9699
[12/Sep/2013:22:18:13 +0000]|9751
[12/Sep/2013:22:18:13 +0000]|9803
[12/Sep/2013:22:18:13 +0000]|7628
[12/Sep/2013:22:18:13 +0000]|6484
[12/Sep/2013:22:18:13 +0000]|10008
[12/Sep/2013:22:18:13 +0000]|14345
[12/Sep/2013:22:18:13 +0000]|14393
[12/Sep/2013:22:18:27 +0000]|32
[12/Sep/2013:22:18:28 +0000]|3
[12/Sep/2013:22:18:29 +0000]|3
[12/Sep/2013:22:18:29 +0000]|3
[12/Sep/2013:22:18:30 +0000]|3
[12/Sep/2013:22:18:31 +0000]|3
[12/Sep/2013:22:18:32 +0000]|3
[12/Sep/2013:22:18:32 +0000]|3
[12/Sep/2013:22:18:33 +0000]|3
[12/Sep/2013:22:18:34 +0000]|3
[12/Sep/2013:22:18:35 +0000]|3
[12/Sep/2013:22:18:35 +0000]|3
[12/Sep/2013:22:18:36 +0000]|2
[12/Sep/2013:22:18:37 +0000]|3
[12/Sep/2013:22:18:38 +0000]|14
[12/Sep/2013:22:18:39 +0000]|9
[12/Sep/2013:22:18:40 +0000]|489
[12/Sep/2013:22:18:41 +0000]|632
[12/Sep/2013:22:18:41 +0000]|424
[12/Sep/2013:22:18:42 +0000]|481
[12/Sep/2013:22:18:43 +0000]|453
[12/Sep/2013:22:18:43 +0000]|503
[12/Sep/2013:22:18:44 +0000]|664
[12/Sep/2013:22:18:45 +0000]|406
[12/Sep/2013:22:18:46 +0000]|453
[12/Sep/2013:22:18:46 +0000]|2
[12/Sep/2013:22:18:47 +0000]|3
[12/Sep/2013:22:18:48 +0000]|496
[12/Sep/2013:22:18:48 +0000]|3
[12/Sep/2013:22:18:49 +0000]|495
[12/Sep/2013:22:18:50 +0000]|17
[12/Sep/2013:22:18:51 +0000]|448
[12/Sep/2013:22:18:52 +0000]|491
[12/Sep/2013:22:18:53 +0000]|659
[12/Sep/2013:22:18:54 +0000]|3
[12/Sep/2013:22:18:54 +0000]|75
[12/Sep/2013:22:18:54 +0000]|453
[12/Sep/2013:22:18:55 +0000]|473
[12/Sep/2013:22:18:55 +0000]|501
[12/Sep/2013:22:18:56 +0000]|3
[12/Sep/2013:22:18:56 +0000]|259
[12/Sep/2013:22:18:57 +0000]|741
[12/Sep/2013:22:18:57 +0000]|9
[12/Sep/2013:22:18:57 +0000]|571
[12/Sep/2013:22:19:03 +0000]|3
[12/Sep/2013:22:19:03 +0000]|44
[12/Sep/2013:22:19:04 +0000]|17
[12/Sep/2013:22:19:04 +0000]|261
[12/Sep/2013:22:19:04 +0000]|268
[12/Sep/2013:22:19:10 +0000]|3
[12/Sep/2013:22:19:10 +0000]|58
[12/Sep/2013:22:19:11 +0000]|80
[12/Sep/2013:22:19:11 +0000]|101
[12/Sep/2013:22:19:34 +0000]|3
[12/Sep/2013:22:19:35 +0000]|2
[12/Sep/2013:22:19:35 +0000]|32
[12/Sep/2013:22:19:36 +0000]|43
[12/Sep/2013:22:19:36 +0000]|2
[12/Sep/2013:22:19:37 +0000]|2
[12/Sep/2013:22:19:37 +0000]|32
[12/Sep/2013:22:19:38 +0000]|56
[12/Sep/2013:22:19:38 +0000]|26
[12/Sep/2013:22:19:39 +0000]|2
[12/Sep/2013:22:19:39 +0000]|2
[12/Sep/2013:22:19:40 +0000]|2
[12/Sep/2013:22:19:40 +0000]|2
[12/Sep/2013:22:19:41 +0000]|2
[12/Sep/2013:22:19:41 +0000]|2
[12/Sep/2013:22:19:42 +0000]|56
[12/Sep/2013:22:19:42 +0000]|9
[12/Sep/2013:22:19:43 +0000]|2
[12/Sep/2013:22:19:43 +0000]|2
[12/Sep/2013:22:19:44 +0000]|86
[12/Sep/2013:22:19:44 +0000]|58
[12/Sep/2013:22:19:45 +0000]|4
[12/Sep/2013:22:19:45 +0000]|2
[12/Sep/2013:22:19:46 +0000]|5
[12/Sep/2013:22:19:46 +0000]|2
[12/Sep/2013:22:19:47 +0000]|3
[12/Sep/2013:22:19:47 +0000]|54
[12/Sep/2013:22:19:48 +0000]|45
[12/Sep/2013:22:19:48 +0000]|2
[12/Sep/2013:22:19:49 +0000]|2
[12/Sep/2013:22:19:49 +0000]|3
[12/Sep/2013:22:19:50 +0000]|67
[12/Sep/2013:22:19:50 +0000]|61
[12/Sep/2013:22:19:51 +0000]|77
[12/Sep/2013:22:19:51 +0000]|2
[12/Sep/2013:22:19:52 +0000]|2
[12/Sep/2013:22:19:52 +0000]|2
[12/Sep/2013:22:19:53 +0000]|3
[12/Sep/2013:22:19:53 +0000]|56
[12/Sep/2013:22:19:54 +0000]|27
[12/Sep/2013:22:19:54 +0000]|3
[12/Sep/2013:22:19:55 +0000]|14
[12/Sep/2013:22:19:55 +0000]|3
[12/Sep/2013:22:19:56 +0000]|41
[12/Sep/2013:22:19:56 +0000]|42
[12/Sep/2013:22:19:57 +0000]|39
[12/Sep/2013:22:19:57 +0000]|3
[12/Sep/2013:22:19:58 +0000]|2
[12/Sep/2013:22:19:59 +0000]|4
[12/Sep/2013:22:20:00 +0000]|3
[12/Sep/2013:22:20:01 +0000]|3
[12/Sep/2013:22:20:03 +0000]|3
[12/Sep/2013:22:20:04 +0000]|3
[12/Sep/2013:22:20:06 +0000]|4
[12/Sep/2013:22:20:07 +0000]|3
[12/Sep/2013:22:20:09 +0000]|3
[12/Sep/2013:22:20:10 +0000]|3
[12/Sep/2013:22:20:12 +0000]|4
[12/Sep/2013:22:20:13 +0000]|3
[12/Sep/2013:22:20:15 +0000]|3
[12/Sep/2013:22:20:16 +0000]|2
[12/Sep/2013:22:20:18 +0000]|3
[12/Sep/2013:22:20:19 +0000]|3
[12/Sep/2013:22:20:21 +0000]|3
[12/Sep/2013:22:20:22 +0000]|6
[12/Sep/2013:22:20:24 +0000]|4
MV2===========================================
[12/Sep/2013:21:21:29 +0000]|111
[12/Sep/2013:21:21:30 +0000]|26
[12/Sep/2013:21:21:32 +0000]|4
[12/Sep/2013:21:21:33 +0000]|3
[12/Sep/2013:21:21:35 +0000]|4
[12/Sep/2013:21:21:36 +0000]|3
[12/Sep/2013:21:21:38 +0000]|4
[12/Sep/2013:21:21:39 +0000]|4
[12/Sep/2013:21:21:41 +0000]|7
[12/Sep/2013:21:21:42 +0000]|49
[12/Sep/2013:21:21:44 +0000]|5
[12/Sep/2013:21:21:45 +0000]|10
[12/Sep/2013:21:21:47 +0000]|4
[12/Sep/2013:21:21:48 +0000]|5
[12/Sep/2013:21:21:50 +0000]|5
[12/Sep/2013:21:21:51 +0000]|5
[12/Sep/2013:21:21:53 +0000]|4
[12/Sep/2013:21:21:54 +0000]|10
[12/Sep/2013:21:21:56 +0000]|21
[12/Sep/2013:21:21:57 +0000]|5
[12/Sep/2013:21:21:59 +0000]|5
[12/Sep/2013:21:22:00 +0000]|6
[12/Sep/2013:21:22:02 +0000]|33
[12/Sep/2013:21:22:03 +0000]|3
[12/Sep/2013:21:22:05 +0000]|4
[12/Sep/2013:21:22:06 +0000]|5
[12/Sep/2013:21:22:08 +0000]|10
[12/Sep/2013:21:22:09 +0000]|13
[12/Sep/2013:21:22:11 +0000]|6
[12/Sep/2013:21:22:12 +0000]|4
[12/Sep/2013:21:22:14 +0000]|193
[12/Sep/2013:21:22:15 +0000]|3
[12/Sep/2013:21:22:17 +0000]|34
[12/Sep/2013:21:22:52 +0000]|5
[12/Sep/2013:21:22:53 +0000]|6
[12/Sep/2013:21:22:54 +0000]|5
[12/Sep/2013:21:22:56 +0000]|9
[12/Sep/2013:21:22:57 +0000]|5
[12/Sep/2013:21:22:59 +0000]|5
[12/Sep/2013:21:23:00 +0000]|9
[12/Sep/2013:21:23:02 +0000]|8
[12/Sep/2013:21:23:03 +0000]|5
[12/Sep/2013:21:23:05 +0000]|3
[12/Sep/2013:21:23:06 +0000]|5
[12/Sep/2013:21:23:08 +0000]|4
[12/Sep/2013:21:23:09 +0000]|9
[12/Sep/2013:21:23:11 +0000]|7
[12/Sep/2013:21:23:12 +0000]|4
[12/Sep/2013:21:23:14 +0000]|5
[12/Sep/2013:21:23:15 +0000]|4
[12/Sep/2013:21:23:17 +0000]|5
[12/Sep/2013:21:23:18 +0000]|5
[12/Sep/2013:21:23:20 +0000]|3
[12/Sep/2013:22:11:56 +0000]|5
[12/Sep/2013:22:12:19 +0000]|4
[12/Sep/2013:22:12:19 +0000]|5
[12/Sep/2013:22:12:22 +0000]|5
[12/Sep/2013:22:12:23 +0000]|35
[12/Sep/2013:22:12:23 +0000]|50
[12/Sep/2013:22:12:23 +0000]|4
[12/Sep/2013:22:12:28 +0000]|4
[12/Sep/2013:22:12:33 +0000]|5
[12/Sep/2013:22:12:34 +0000]|5
[12/Sep/2013:22:14:31 +0000]|4
[12/Sep/2013:22:14:33 +0000]|5
[12/Sep/2013:22:14:33 +0000]|14
[12/Sep/2013:22:14:35 +0000]|3
[12/Sep/2013:22:14:36 +0000]|3
[12/Sep/2013:22:14:38 +0000]|6
[12/Sep/2013:22:14:39 +0000]|9
[12/Sep/2013:22:14:41 +0000]|4
[12/Sep/2013:22:14:43 +0000]|5
[12/Sep/2013:22:14:44 +0000]|10
[12/Sep/2013:22:14:45 +0000]|5
[12/Sep/2013:22:14:47 +0000]|5
[12/Sep/2013:22:14:48 +0000]|5
[12/Sep/2013:22:14:50 +0000]|3
[12/Sep/2013:22:14:51 +0000]|4
[12/Sep/2013:22:14:53 +0000]|5
[12/Sep/2013:22:14:55 +0000]|17
[12/Sep/2013:22:14:56 +0000]|29
[12/Sep/2013:22:14:58 +0000]|3
[12/Sep/2013:22:14:59 +0000]|11
[12/Sep/2013:22:15:00 +0000]|5
[12/Sep/2013:22:15:02 +0000]|6
[12/Sep/2013:22:15:12 +0000]|13
[12/Sep/2013:22:15:13 +0000]|5
[12/Sep/2013:22:15:15 +0000]|4
[12/Sep/2013:22:15:16 +0000]|3
[12/Sep/2013:22:15:18 +0000]|4
[12/Sep/2013:22:15:19 +0000]|10
[12/Sep/2013:22:15:21 +0000]|5
[12/Sep/2013:22:15:22 +0000]|4
[12/Sep/2013:22:15:24 +0000]|6
[12/Sep/2013:22:15:25 +0000]|4
[12/Sep/2013:22:15:27 +0000]|4
[12/Sep/2013:22:15:28 +0000]|4
[12/Sep/2013:22:15:30 +0000]|4
[12/Sep/2013:22:15:31 +0000]|4
[12/Sep/2013:22:15:33 +0000]|5
[12/Sep/2013:22:15:34 +0000]|3
[12/Sep/2013:22:15:36 +0000]|5
[12/Sep/2013:22:15:37 +0000]|9
[12/Sep/2013:22:15:39 +0000]|4
[12/Sep/2013:22:15:40 +0000]|4
[12/Sep/2013:22:15:42 +0000]|4
[12/Sep/2013:22:15:43 +0000]|4
[12/Sep/2013:22:15:45 +0000]|5
[12/Sep/2013:22:15:46 +0000]|7
[12/Sep/2013:22:15:48 +0000]|5
[12/Sep/2013:22:15:49 +0000]|3
[12/Sep/2013:22:15:51 +0000]|76
[12/Sep/2013:22:15:52 +0000]|3
[12/Sep/2013:22:15:54 +0000]|4
[12/Sep/2013:22:15:55 +0000]|3
[12/Sep/2013:22:15:57 +0000]|3
[12/Sep/2013:22:15:58 +0000]|4
[12/Sep/2013:22:16:00 +0000]|4
[12/Sep/2013:22:16:12 +0000]|4
[12/Sep/2013:22:16:12 +0000]|46
[12/Sep/2013:22:16:12 +0000]|67
[12/Sep/2013:22:16:13 +0000]|596
[12/Sep/2013:22:16:18 +0000]|4
[12/Sep/2013:22:16:18 +0000]|25
[12/Sep/2013:22:16:18 +0000]|38
[12/Sep/2013:22:16:19 +0000]|32
[12/Sep/2013:22:16:23 +0000]|4
[12/Sep/2013:22:16:23 +0000]|59
[12/Sep/2013:22:16:24 +0000]|59
[12/Sep/2013:22:16:27 +0000]|5
[12/Sep/2013:22:16:28 +0000]|35
[12/Sep/2013:22:16:28 +0000]|283
[12/Sep/2013:22:16:36 +0000]|4
[12/Sep/2013:22:16:37 +0000]|3
[12/Sep/2013:22:16:38 +0000]|4
[12/Sep/2013:22:16:39 +0000]|8
[12/Sep/2013:22:16:40 +0000]|3
[12/Sep/2013:22:16:41 +0000]|3
[12/Sep/2013:22:16:43 +0000]|7
[12/Sep/2013:22:16:44 +0000]|3
[12/Sep/2013:22:16:46 +0000]|4
[12/Sep/2013:22:16:47 +0000]|4
[12/Sep/2013:22:16:49 +0000]|4
[12/Sep/2013:22:16:50 +0000]|4
[12/Sep/2013:22:16:52 +0000]|4
[12/Sep/2013:22:16:53 +0000]|7
[12/Sep/2013:22:16:55 +0000]|6
[12/Sep/2013:22:16:56 +0000]|9
[12/Sep/2013:22:16:58 +0000]|4
[12/Sep/2013:22:16:59 +0000]|4
[12/Sep/2013:22:17:01 +0000]|4
[12/Sep/2013:22:17:02 +0000]|3
[12/Sep/2013:22:17:04 +0000]|19
[12/Sep/2013:22:17:05 +0000]|8
[12/Sep/2013:22:17:07 +0000]|4
[12/Sep/2013:22:17:08 +0000]|4
[12/Sep/2013:22:17:10 +0000]|4
[12/Sep/2013:22:17:11 +0000]|3
[12/Sep/2013:22:17:13 +0000]|4
[12/Sep/2013:22:17:14 +0000]|3
[12/Sep/2013:22:17:16 +0000]|4
[12/Sep/2013:22:17:17 +0000]|4
[12/Sep/2013:22:17:19 +0000]|24
[12/Sep/2013:22:17:20 +0000]|5
[12/Sep/2013:22:17:22 +0000]|3
[12/Sep/2013:22:17:23 +0000]|3
[12/Sep/2013:22:17:25 +0000]|9
[12/Sep/2013:22:17:41 +0000]|5
[12/Sep/2013:22:17:42 +0000]|3
[12/Sep/2013:22:18:02 +0000]|9
[12/Sep/2013:22:18:02 +0000]|3
[12/Sep/2013:22:18:03 +0000]|2
[12/Sep/2013:22:18:03 +0000]|3
[12/Sep/2013:22:18:04 +0000]|4
[12/Sep/2013:22:18:05 +0000]|3
[12/Sep/2013:22:18:05 +0000]|4
[12/Sep/2013:22:18:27 +0000]|4
[12/Sep/2013:22:18:28 +0000]|3
[12/Sep/2013:22:18:28 +0000]|3
[12/Sep/2013:22:18:29 +0000]|4
[12/Sep/2013:22:18:30 +0000]|3
[12/Sep/2013:22:18:31 +0000]|3
[12/Sep/2013:22:18:31 +0000]|3
[12/Sep/2013:22:18:32 +0000]|3
[12/Sep/2013:22:18:33 +0000]|5
[12/Sep/2013:22:18:34 +0000]|3
[12/Sep/2013:22:18:34 +0000]|4
[12/Sep/2013:22:18:35 +0000]|4
[12/Sep/2013:22:18:36 +0000]|3
[12/Sep/2013:22:18:37 +0000]|3
[12/Sep/2013:22:18:37 +0000]|3
[12/Sep/2013:22:18:38 +0000]|4
[12/Sep/2013:22:18:39 +0000]|21
[12/Sep/2013:22:18:40 +0000]|3
[12/Sep/2013:22:18:40 +0000]|3
[12/Sep/2013:22:18:41 +0000]|9
[12/Sep/2013:22:18:42 +0000]|4
[12/Sep/2013:22:18:43 +0000]|3
[12/Sep/2013:22:18:43 +0000]|4
[12/Sep/2013:22:18:44 +0000]|19
[12/Sep/2013:22:18:45 +0000]|8
[12/Sep/2013:22:18:46 +0000]|3
[12/Sep/2013:22:18:46 +0000]|3
[12/Sep/2013:22:18:47 +0000]|3
[12/Sep/2013:22:18:48 +0000]|3
[12/Sep/2013:22:18:49 +0000]|3
[12/Sep/2013:22:18:49 +0000]|8
[12/Sep/2013:22:18:50 +0000]|3
[12/Sep/2013:22:18:51 +0000]|5
[12/Sep/2013:22:18:52 +0000]|426
[12/Sep/2013:22:18:52 +0000]|70
[12/Sep/2013:22:18:52 +0000]|645
[12/Sep/2013:22:18:53 +0000]|47
[12/Sep/2013:22:18:53 +0000]|764
[12/Sep/2013:22:18:57 +0000]|3
[12/Sep/2013:22:18:58 +0000]|36
[12/Sep/2013:22:18:58 +0000]|43
[12/Sep/2013:22:18:59 +0000]|32
[12/Sep/2013:22:18:59 +0000]|1234
[12/Sep/2013:22:19:04 +0000]|3
[12/Sep/2013:22:19:04 +0000]|50
[12/Sep/2013:22:19:04 +0000]|108
[12/Sep/2013:22:19:05 +0000]|14
[12/Sep/2013:22:19:05 +0000]|14
[12/Sep/2013:22:19:08 +0000]|11
[12/Sep/2013:22:19:08 +0000]|71
[12/Sep/2013:22:19:08 +0000]|57
[12/Sep/2013:22:19:09 +0000]|47
[12/Sep/2013:22:19:09 +0000]|687
[12/Sep/2013:22:19:58 +0000]|3
[12/Sep/2013:22:19:59 +0000]|4
[12/Sep/2013:22:20:00 +0000]|4
[12/Sep/2013:22:20:01 +0000]|3
[12/Sep/2013:22:20:03 +0000]|8
[12/Sep/2013:22:20:04 +0000]|4
[12/Sep/2013:22:20:06 +0000]|4
[12/Sep/2013:22:20:07 +0000]|3
[12/Sep/2013:22:20:09 +0000]|4
[12/Sep/2013:22:20:10 +0000]|4
[12/Sep/2013:22:20:12 +0000]|10
[12/Sep/2013:22:20:13 +0000]|4
[12/Sep/2013:22:20:15 +0000]|6
[12/Sep/2013:22:20:16 +0000]|8
[12/Sep/2013:22:20:18 +0000]|4
[12/Sep/2013:22:20:19 +0000]|4
[12/Sep/2013:22:20:21 +0000]|5
[12/Sep/2013:22:20:22 +0000]|4
MV3===========================================
[12/Sep/2013:21:21:35 +0000]|65
[12/Sep/2013:21:21:36 +0000]|4
[12/Sep/2013:21:21:38 +0000]|6
[12/Sep/2013:21:21:39 +0000]|3
[12/Sep/2013:21:21:41 +0000]|4
[12/Sep/2013:21:21:42 +0000]|5
[12/Sep/2013:21:21:44 +0000]|4
[12/Sep/2013:21:21:45 +0000]|5
[12/Sep/2013:21:21:47 +0000]|63
[12/Sep/2013:21:21:48 +0000]|21
[12/Sep/2013:21:21:50 +0000]|5
[12/Sep/2013:21:21:51 +0000]|5
[12/Sep/2013:21:21:53 +0000]|8
[12/Sep/2013:21:21:54 +0000]|4
[12/Sep/2013:21:21:56 +0000]|4
[12/Sep/2013:21:21:57 +0000]|3
[12/Sep/2013:21:21:59 +0000]|4
[12/Sep/2013:21:22:00 +0000]|3
[12/Sep/2013:21:22:02 +0000]|12
[12/Sep/2013:21:22:03 +0000]|7
[12/Sep/2013:21:22:05 +0000]|4
[12/Sep/2013:21:22:06 +0000]|12
[12/Sep/2013:21:22:08 +0000]|5
[12/Sep/2013:21:22:09 +0000]|5
[12/Sep/2013:21:22:11 +0000]|5
[12/Sep/2013:21:22:12 +0000]|4
[12/Sep/2013:21:22:14 +0000]|9
[12/Sep/2013:21:22:15 +0000]|5
[12/Sep/2013:21:22:17 +0000]|5
[12/Sep/2013:21:22:18 +0000]|4
[12/Sep/2013:21:22:20 +0000]|52
[12/Sep/2013:21:22:21 +0000]|9
[12/Sep/2013:21:22:23 +0000]|28
[12/Sep/2013:21:23:00 +0000]|5
[12/Sep/2013:21:23:02 +0000]|4
[12/Sep/2013:21:23:03 +0000]|3
[12/Sep/2013:21:23:05 +0000]|4
[12/Sep/2013:21:23:06 +0000]|6
[12/Sep/2013:21:23:08 +0000]|5
[12/Sep/2013:21:23:09 +0000]|13
[12/Sep/2013:21:23:11 +0000]|4
[12/Sep/2013:21:23:12 +0000]|4
[12/Sep/2013:21:23:14 +0000]|4
[12/Sep/2013:21:23:15 +0000]|4
[12/Sep/2013:21:23:17 +0000]|8
[12/Sep/2013:21:23:18 +0000]|4
[12/Sep/2013:21:23:20 +0000]|5
[12/Sep/2013:21:23:21 +0000]|5
[12/Sep/2013:21:23:23 +0000]|3
[12/Sep/2013:21:23:24 +0000]|3
[12/Sep/2013:22:12:12 +0000]|5
[12/Sep/2013:22:12:22 +0000]|4
[12/Sep/2013:22:12:23 +0000]|18
[12/Sep/2013:22:12:30 +0000]|4
[12/Sep/2013:22:12:30 +0000]|29
[12/Sep/2013:22:12:31 +0000]|39
[12/Sep/2013:22:12:32 +0000]|453
[12/Sep/2013:22:12:41 +0000]|5
[12/Sep/2013:22:12:41 +0000]|28
[12/Sep/2013:22:12:42 +0000]|35
[12/Sep/2013:22:14:39 +0000]|19
[12/Sep/2013:22:14:41 +0000]|3
[12/Sep/2013:22:14:42 +0000]|9
[12/Sep/2013:22:14:44 +0000]|3
[12/Sep/2013:22:14:45 +0000]|3
[12/Sep/2013:22:14:47 +0000]|5
[12/Sep/2013:22:14:48 +0000]|9
[12/Sep/2013:22:14:50 +0000]|3
[12/Sep/2013:22:14:51 +0000]|2
[12/Sep/2013:22:14:53 +0000]|3
[12/Sep/2013:22:14:54 +0000]|5
[12/Sep/2013:22:14:56 +0000]|5
[12/Sep/2013:22:14:57 +0000]|9
[12/Sep/2013:22:14:59 +0000]|5
[12/Sep/2013:22:15:00 +0000]|5
[12/Sep/2013:22:15:02 +0000]|5
[12/Sep/2013:22:15:04 +0000]|320
[12/Sep/2013:22:15:05 +0000]|4
[12/Sep/2013:22:15:06 +0000]|4
[12/Sep/2013:22:15:16 +0000]|56
[12/Sep/2013:22:15:18 +0000]|24
[12/Sep/2013:22:15:19 +0000]|5
[12/Sep/2013:22:15:21 +0000]|4
[12/Sep/2013:22:15:22 +0000]|8
[12/Sep/2013:22:15:24 +0000]|16
[12/Sep/2013:22:15:25 +0000]|5
[12/Sep/2013:22:15:27 +0000]|4
[12/Sep/2013:22:15:28 +0000]|3
[12/Sep/2013:22:15:30 +0000]|4
[12/Sep/2013:22:15:31 +0000]|5
[12/Sep/2013:22:15:33 +0000]|5
[12/Sep/2013:22:15:34 +0000]|5
[12/Sep/2013:22:15:36 +0000]|4
[12/Sep/2013:22:15:37 +0000]|11
[12/Sep/2013:22:15:39 +0000]|4
[12/Sep/2013:22:15:40 +0000]|4
[12/Sep/2013:22:15:42 +0000]|4
[12/Sep/2013:22:15:43 +0000]|24
[12/Sep/2013:22:15:45 +0000]|4
[12/Sep/2013:22:15:46 +0000]|5
[12/Sep/2013:22:15:48 +0000]|5
[12/Sep/2013:22:15:49 +0000]|4
[12/Sep/2013:22:15:51 +0000]|4
[12/Sep/2013:22:15:52 +0000]|4
[12/Sep/2013:22:15:54 +0000]|4
[12/Sep/2013:22:15:55 +0000]|4
[12/Sep/2013:22:15:57 +0000]|4
[12/Sep/2013:22:15:58 +0000]|4
[12/Sep/2013:22:16:00 +0000]|5
[12/Sep/2013:22:16:01 +0000]|4
[12/Sep/2013:22:16:03 +0000]|24
[12/Sep/2013:22:16:04 +0000]|4
[12/Sep/2013:22:16:06 +0000]|8
[12/Sep/2013:22:16:19 +0000]|29
[12/Sep/2013:22:16:19 +0000]|36
[12/Sep/2013:22:16:20 +0000]|556
[12/Sep/2013:22:16:20 +0000]|49
[12/Sep/2013:22:16:25 +0000]|4
[12/Sep/2013:22:16:26 +0000]|24
[12/Sep/2013:22:16:26 +0000]|47
[12/Sep/2013:22:16:26 +0000]|44
[12/Sep/2013:22:16:30 +0000]|4
[12/Sep/2013:22:16:30 +0000]|28
[12/Sep/2013:22:16:31 +0000]|440
[12/Sep/2013:22:16:34 +0000]|26
[12/Sep/2013:22:16:35 +0000]|46
[12/Sep/2013:22:16:35 +0000]|81
[12/Sep/2013:22:16:49 +0000]|4
[12/Sep/2013:22:16:50 +0000]|3
[12/Sep/2013:22:16:52 +0000]|6
[12/Sep/2013:22:16:53 +0000]|3
[12/Sep/2013:22:16:55 +0000]|7
[12/Sep/2013:22:16:57 +0000]|183
[12/Sep/2013:22:16:58 +0000]|4
[12/Sep/2013:22:16:59 +0000]|6
[12/Sep/2013:22:17:01 +0000]|3
[12/Sep/2013:22:17:02 +0000]|25
[12/Sep/2013:22:17:04 +0000]|3
[12/Sep/2013:22:17:05 +0000]|3
[12/Sep/2013:22:17:07 +0000]|3
[12/Sep/2013:22:17:09 +0000]|479
[12/Sep/2013:22:17:10 +0000]|3
[12/Sep/2013:22:17:11 +0000]|3
[12/Sep/2013:22:17:13 +0000]|25
[12/Sep/2013:22:17:14 +0000]|3
[12/Sep/2013:22:17:16 +0000]|4
[12/Sep/2013:22:17:18 +0000]|147
[12/Sep/2013:22:17:19 +0000]|4
[12/Sep/2013:22:17:20 +0000]|4
[12/Sep/2013:22:17:22 +0000]|4
[12/Sep/2013:22:17:23 +0000]|4
[12/Sep/2013:22:17:25 +0000]|4
[12/Sep/2013:22:17:26 +0000]|4
[12/Sep/2013:22:17:28 +0000]|7
[12/Sep/2013:22:17:30 +0000]|287
[12/Sep/2013:22:17:31 +0000]|4
[12/Sep/2013:22:18:10 +0000]|3
[12/Sep/2013:22:18:10 +0000]|7
[12/Sep/2013:22:18:11 +0000]|3
[12/Sep/2013:22:18:33 +0000]|3
[12/Sep/2013:22:18:33 +0000]|3
[12/Sep/2013:22:18:34 +0000]|3
[12/Sep/2013:22:18:35 +0000]|3
[12/Sep/2013:22:18:36 +0000]|8
[12/Sep/2013:22:18:36 +0000]|3
[12/Sep/2013:22:18:37 +0000]|2
[12/Sep/2013:22:18:38 +0000]|3
[12/Sep/2013:22:18:39 +0000]|8
[12/Sep/2013:22:18:39 +0000]|5
[12/Sep/2013:22:18:40 +0000]|4
[12/Sep/2013:22:18:41 +0000]|4
[12/Sep/2013:22:18:42 +0000]|3
[12/Sep/2013:22:18:42 +0000]|3
[12/Sep/2013:22:18:43 +0000]|5
[12/Sep/2013:22:18:44 +0000]|3
[12/Sep/2013:22:18:45 +0000]|4
[12/Sep/2013:22:18:45 +0000]|3
[12/Sep/2013:22:18:46 +0000]|19
[12/Sep/2013:22:18:47 +0000]|3
[12/Sep/2013:22:18:48 +0000]|3
[12/Sep/2013:22:18:48 +0000]|3
[12/Sep/2013:22:18:49 +0000]|3
[12/Sep/2013:22:18:50 +0000]|4
[12/Sep/2013:22:18:51 +0000]|3
[12/Sep/2013:22:18:51 +0000]|3
[12/Sep/2013:22:18:52 +0000]|3
[12/Sep/2013:22:18:53 +0000]|3
[12/Sep/2013:22:18:54 +0000]|3
[12/Sep/2013:22:18:54 +0000]|4
[12/Sep/2013:22:18:55 +0000]|3
[12/Sep/2013:22:18:55 +0000]|29
[12/Sep/2013:22:18:56 +0000]|214
[12/Sep/2013:22:18:56 +0000]|239
[12/Sep/2013:22:18:56 +0000]|24
[12/Sep/2013:22:18:58 +0000]|540
[12/Sep/2013:22:18:58 +0000]|1036
[12/Sep/2013:22:18:58 +0000]|1683
[12/Sep/2013:22:19:05 +0000]|466
[12/Sep/2013:22:19:06 +0000]|3
[12/Sep/2013:22:19:06 +0000]|344
[12/Sep/2013:22:19:06 +0000]|3
[12/Sep/2013:22:19:07 +0000]|490
[12/Sep/2013:22:19:11 +0000]|4
[12/Sep/2013:22:19:12 +0000]|36
[12/Sep/2013:22:19:12 +0000]|16
[12/Sep/2013:22:19:12 +0000]|799
[12/Sep/2013:22:19:13 +0000]|19
[12/Sep/2013:22:20:05 +0000]|3
[12/Sep/2013:22:20:07 +0000]|3
[12/Sep/2013:22:20:08 +0000]|3
[12/Sep/2013:22:20:10 +0000]|3
[12/Sep/2013:22:20:11 +0000]|4
[12/Sep/2013:22:20:13 +0000]|3
[12/Sep/2013:22:20:14 +0000]|4
[12/Sep/2013:22:20:16 +0000]|4
[12/Sep/2013:22:20:17 +0000]|8
[12/Sep/2013:22:20:19 +0000]|3
[12/Sep/2013:22:20:20 +0000]|3
[12/Sep/2013:22:20:22 +0000]|2
[12/Sep/2013:22:20:23 +0000]|3
[12/Sep/2013:22:20:25 +0000]|3
[12/Sep/2013:22:20:27 +0000]|587
[12/Sep/2013:22:20:28 +0000]|4
