2013-09-12 10:51:33,743|0,1
2013-09-12 10:51:35,804|0,1
2013-09-12 10:51:37,802|0,1
2013-09-12 10:51:39,878|0,1
2013-09-12 10:51:41,935|0,1
2013-09-12 10:51:43,990|0,2
2013-09-12 10:51:46,053|0,4
2013-09-12 10:51:48,129|0,8
2013-09-12 10:51:50,193|1,1
2013-09-12 10:51:52,261|1,9
2013-09-12 10:51:54,306|1,9
2013-09-12 10:51:56,330|1,9
2013-09-12 10:51:58,421|1,9
2013-09-12 10:52:00,460|2,3
2013-09-12 10:52:02,528|2,3
2013-09-12 10:52:04,546|9,9
2013-09-12 10:52:06,530|10,3
2013-09-12 10:52:08,584|10,4
2013-09-12 10:52:10,596|20
2013-09-12 10:52:12,563|19,6
2013-09-12 10:52:14,562|20
2013-09-12 10:52:16,566|29
2013-09-12 10:52:18,551|29,1
2013-09-12 10:52:20,615|28,7
2013-09-12 10:52:22,655|36,9
2013-09-12 10:52:24,771|36,9
2013-09-12 10:52:26,823|36,5
2013-09-12 10:52:28,919|36,9
2013-09-12 10:52:30,987|37,9
2013-09-12 10:52:33,062|37,9
2013-09-12 10:52:35,164|37,9
2013-09-12 10:52:37,250|37,8
2013-09-12 10:52:39,317|38
2013-09-12 10:52:41,400|29
2013-09-12 10:52:43,492|28,4
2013-09-12 10:52:45,588|20,2
2013-09-12 10:52:47,668|20,4
2013-09-12 10:52:49,780|20,4
2013-09-12 10:52:51,886|11,8
2013-09-12 10:52:53,975|11,8
2013-09-12 10:52:56,163|12,4
2013-09-12 10:52:58,278|2,9
2013-09-12 10:53:00,366|2,9
2013-09-12 10:53:02,469|3,1
2013-09-12 10:53:04,541|3,5
2013-09-12 10:53:06,677|3,5
2013-09-12 10:53:08,764|2,9
2013-09-12 10:53:10,868|2,9
2013-09-12 10:53:12,910|3
2013-09-12 10:53:15,030|2,6
2013-09-12 10:53:17,198|2,6
2013-09-12 10:53:19,312|2,6
2013-09-12 10:53:21,444|3
2013-09-12 10:53:23,506|3
2013-09-12 10:53:25,597|2,6
2013-09-12 10:53:27,702|2,4
2013-09-12 10:53:29,779|2,8
2013-09-12 10:53:31,871|2,6
2013-09-12 10:53:33,990|2,6
2013-09-12 10:53:36,106|2,2
2013-09-12 10:53:38,206|2,8
2013-09-12 10:53:40,318|2,8
2013-09-12 10:53:42,466|2,2
2013-09-12 10:53:44,503|2
2013-09-12 10:53:46,713|3,2
2013-09-12 10:53:48,804|2,8
2013-09-12 10:53:50,832|2,8
2013-09-12 10:53:52,826|10,9
2013-09-12 10:53:54,947|11,6
2013-09-12 10:53:57,097|11,6
2013-09-12 10:53:59,144|20
2013-09-12 10:54:01,272|20,1
2013-09-12 10:54:03,319|20,5
2013-09-12 10:54:05,438|29,1
2013-09-12 10:54:07,489|29,1
2013-09-12 10:54:09,538|28,4
2013-09-12 10:54:11,566|38
2013-09-12 10:54:13,768|37,9
2013-09-12 10:54:15,958|38,6
2013-09-12 10:54:18,075|38,6
2013-09-12 10:54:20,231|38,9
2013-09-12 10:54:22,363|29,7
2013-09-12 10:54:24,526|29,7
2013-09-12 10:54:26,653|29,1
2013-09-12 10:54:28,774|19,9
2013-09-12 10:54:30,873|20,5
2013-09-12 10:54:33,000|11,2
2013-09-12 10:54:35,230|11,2
2013-09-12 10:54:37,380|11
2013-09-12 10:54:39,524|2
2013-09-12 10:54:41,643|2
2013-09-12 10:54:43,791|2,2
2013-09-12 10:54:45,949|2,2
2013-09-12 10:54:48,117|2,6
2013-09-12 10:54:50,273|3,2
2013-09-12 10:54:52,494|3,2
2013-09-12 10:54:54,649|2,5
2013-09-12 10:54:56,790|2,3
2013-09-12 10:54:58,971|2,6
2013-09-12 10:55:01,121|3
2013-09-12 10:55:03,283|3
2013-09-12 10:55:05,464|2,4
2013-09-12 10:55:07,630|2,3
2013-09-12 10:55:09,755|3,1
2013-09-12 10:55:11,925|2,5
2013-09-12 10:55:14,117|2,4
2013-09-12 10:55:16,275|2,2
2013-09-12 10:55:18,480|2,5
2013-09-12 10:55:20,633|2,5
2013-09-12 10:55:22,783|2,3
2013-09-12 10:55:24,934|1,9
2013-09-12 10:55:27,114|2,3
2013-09-12 10:55:29,367|2,3
2013-09-12 10:55:31,559|2,3
2013-09-12 10:55:33,736|1,7
2013-09-12 10:55:35,840|10,9
2013-09-12 10:55:37,892|11,3
2013-09-12 10:55:39,980|11,3
2013-09-12 10:55:42,129|20,9
2013-09-12 10:55:44,419|20,5
2013-09-12 10:55:46,458|30
2013-09-12 10:55:48,580|30
2013-09-12 10:55:50,684|30
2013-09-12 10:55:52,744|38,9
2013-09-12 10:55:54,821|39,3
2013-09-12 10:55:56,964|30,3
2013-09-12 10:55:59,030|39,6
2013-09-12 10:56:01,102|39,4
2013-09-12 10:56:03,136|29,7
2013-09-12 10:56:05,316|39,4
2013-09-12 10:56:07,518|39,4
2013-09-12 10:56:09,676|38,8
2013-09-12 10:56:11,790|38,8
2013-09-12 10:56:13,996|30,3
2013-09-12 10:56:16,136|38,7
2013-09-12 10:56:18,377|38,9
2013-09-12 10:56:20,543|29,2
2013-09-12 10:56:22,773|39,2
2013-09-12 10:56:24,936|30
2013-09-12 10:56:27,175|39,4
2013-09-12 10:56:29,417|38,7
2013-09-12 10:56:31,647|29,8
2013-09-12 10:56:33,833|39,2
2013-09-12 10:56:36,056|30,6
2013-09-12 10:56:38,291|30,6
2013-09-12 10:56:40,470|39,4
2013-09-12 10:56:42,650|29,6
2013-09-12 10:56:44,814|38,6
2013-09-12 10:56:47,031|30
2013-09-12 10:56:49,195|30
2013-09-12 10:56:51,426|39,2
2013-09-12 10:56:53,601|29,8
2013-09-12 10:56:55,724|29,8
2013-09-12 10:56:57,913|30,1
2013-09-12 10:57:00,147|30,1
2013-09-12 10:57:02,398|38,5
2013-09-12 10:57:04,607|29,7
2013-09-12 10:57:06,730|29,7
2013-09-12 10:57:08,951|29,9
2013-09-12 10:57:11,181|29,9
2013-09-12 10:57:13,417|29,9
2013-09-12 10:57:15,655|30,6
2013-09-12 10:57:17,860|30,6
2013-09-12 10:57:20,082|30,4
2013-09-12 10:57:22,317|30,4
2013-09-12 10:57:24,556|30,4
2013-09-12 10:57:26,794|30,6
2013-09-12 10:57:28,984|30,6
2013-09-12 10:57:31,236|30,4
2013-09-12 10:57:33,466|30,4
2013-09-12 10:57:35,699|30,4
2013-09-12 10:57:37,871|30,4
2013-09-12 10:57:40,081|30,4
2013-09-12 10:57:42,341|30,3
2013-09-12 10:57:44,575|30,4
2013-09-12 10:57:46,817|30,4
2013-09-12 10:57:49,066|30,1
2013-09-12 10:57:51,329|30,1
2013-09-12 10:57:53,563|29,3
2013-09-12 10:57:55,819|29,9
2013-09-12 10:57:58,065|29,9
2013-09-12 10:58:00,318|29,5
2013-09-12 10:58:02,482|29,5
2013-09-12 10:58:04,624|28,9
2013-09-12 10:58:06,848|29,8
2013-09-12 10:58:09,057|29,8
2013-09-12 10:58:11,219|30,6
2013-09-12 10:58:13,492|30,8
2013-09-12 10:58:15,735|30,8
2013-09-12 10:58:18,017|30,4
2013-09-12 10:58:20,263|30,4
2013-09-12 10:58:22,507|30,8
2013-09-12 10:58:24,742|31
2013-09-12 10:58:26,979|30,4
2013-09-12 10:58:29,144|30,2
2013-09-12 10:58:31,347|30,2
2013-09-12 10:58:33,492|31
2013-09-12 10:58:35,701|31,5
2013-09-12 10:58:37,889|31,5
2013-09-12 10:58:40,101|31
2013-09-12 10:58:42,245|30,7
2013-09-12 10:58:44,460|31,1
2013-09-12 10:58:46,628|30,2
2013-09-12 10:58:48,861|30,2
2013-09-12 10:58:51,082|29,6
2013-09-12 10:58:53,338|28,8
2013-09-12 10:58:55,613|29,4
2013-09-12 10:58:57,766|29,4
2013-09-12 10:59:00,039|29,3
2013-09-12 10:59:02,271|29
2013-09-12 10:59:04,517|29,9
2013-09-12 10:59:06,760|30,5
2013-09-12 10:59:08,999|30,5
2013-09-12 10:59:11,313|30,5
2013-09-12 10:59:13,601|29,9
2013-09-12 10:59:15,857|29,9
2013-09-12 10:59:18,132|30,5
2013-09-12 10:59:20,407|30,5
2013-09-12 10:59:22,713|29,1
2013-09-12 10:59:25,007|29,1
2013-09-12 10:59:27,293|29,1
2013-09-12 10:59:29,531|29,9
2013-09-12 10:59:31,845|29,9
2013-09-12 10:59:34,037|29,5
2013-09-12 10:59:36,365|29,5
2013-09-12 10:59:38,648|29,5
2013-09-12 10:59:40,889|29,9
2013-09-12 10:59:43,140|29,9
2013-09-12 10:59:45,414|29,3
2013-09-12 10:59:47,742|29,3
2013-09-12 10:59:50,022|29,3
2013-09-12 10:59:52,274|29,6
2013-09-12 10:59:54,536|29,6
2013-09-12 10:59:56,858|29,6
2013-09-12 10:59:59,134|29,7
2013-09-12 11:00:01,408|29,7
2013-09-12 11:00:03,682|29,8
2013-09-12 11:00:05,986|29,8
2013-09-12 11:00:08,268|29,8
2013-09-12 11:00:10,523|30,1
2013-09-12 11:00:12,806|30,1
2013-09-12 11:00:15,122|29,5
2013-09-12 11:00:17,427|29,5
2013-09-12 11:00:19,742|29,5
2013-09-12 11:00:21,994|29,3
2013-09-12 11:00:24,266|29,3
2013-09-12 11:00:26,511|29
2013-09-12 11:00:28,804|29
2013-09-12 11:00:31,129|29
2013-09-12 11:00:33,398|29,4
2013-09-12 11:00:35,668|29,4
2013-09-12 11:00:37,930|29,3
2013-09-12 11:00:40,252|29,3
2013-09-12 11:00:42,575|29,3
2013-09-12 11:00:44,907|29,2
2013-09-12 11:00:47,196|29,2
2013-09-12 11:00:49,518|30,1
2013-09-12 11:00:51,784|30,1
2013-09-12 11:00:54,085|30,1
2013-09-12 11:00:56,408|30,2
2013-09-12 11:00:58,775|30,2
2013-09-12 11:01:01,083|30
2013-09-12 11:01:03,405|30
2013-09-12 11:01:05,743|30
2013-09-12 11:01:08,063|29,2
2013-09-12 11:01:10,432|29,2
2013-09-12 11:01:12,773|28,9
2013-09-12 11:01:15,057|28,9
2013-09-12 11:01:17,321|28,9
2013-09-12 11:01:19,644|29,2
2013-09-12 11:01:21,945|29,2
2013-09-12 11:01:24,279|29,2
2013-09-12 11:01:26,596|29,7
2013-09-12 11:01:28,931|29,7
2013-09-12 11:01:31,156|27,2
2013-09-12 11:01:33,488|27,2
2013-09-12 11:01:35,805|27,2
2013-09-12 11:01:38,167|27,5
2013-09-12 11:01:40,479|27,5
2013-09-12 11:01:42,777|26,5
2013-09-12 11:01:45,077|26,5
2013-09-12 11:01:47,406|26,5
2013-09-12 11:01:49,699|29,1
2013-09-12 11:01:52,036|29,1
2013-09-12 11:01:54,365|29,1
2013-09-12 11:01:56,686|29,1
2013-09-12 11:01:58,983|29,1
2013-09-12 11:02:01,339|29,8
2013-09-12 11:02:03,717|29,8
2013-09-12 11:02:06,069|29,9
2013-09-12 11:02:08,438|29,9
2013-09-12 11:02:10,716|29,9
2013-09-12 11:02:13,049|29,7
2013-09-12 11:02:15,326|29,7
2013-09-12 11:02:17,694|29,9
2013-09-12 11:02:19,993|29,9
2013-09-12 11:02:22,344|29,9
2013-09-12 11:02:24,714|29,9
2013-09-12 11:02:27,085|29,9
2013-09-12 11:02:29,361|29,2
2013-09-12 11:02:31,609|29,2
2013-09-12 11:02:33,954|29,2
2013-09-12 11:02:36,253|29,5
2013-09-12 11:02:38,611|29,5
2013-09-12 11:02:40,874|29
2013-09-12 11:02:43,194|29
2013-09-12 11:02:45,510|29
2013-09-12 11:02:47,843|29,9
2013-09-12 11:02:50,184|29,9
2013-09-12 11:02:52,523|29,6
2013-09-12 11:02:54,815|29,6
2013-09-12 11:02:57,120|29,6
2013-09-12 11:02:59,450|29,6
2013-09-12 11:03:01,758|29,6
2013-09-12 11:03:04,066|29,4
2013-09-12 11:03:06,387|29,4
2013-09-12 11:03:08,707|29,4
2013-09-12 11:03:10,993|29,5
2013-09-12 11:03:13,413|29,5
2013-09-12 11:03:15,752|29,1
2013-09-12 11:03:18,135|29,1
2013-09-12 11:03:20,495|29,1
2013-09-12 11:03:22,975|29,9
2013-09-12 11:03:25,582|29,9
2013-09-12 11:03:28,120|29,6
2013-09-12 11:03:30,760|29,6
2013-09-12 11:03:33,207|30,4
2013-09-12 11:03:35,874|30,4
2013-09-12 11:03:38,021|30,4
2013-09-12 11:03:40,736|30
2013-09-12 11:03:43,254|30
2013-09-12 11:03:45,968|29,8
2013-09-12 11:03:48,528|29,8
2013-09-12 11:03:51,183|29,6
2013-09-12 11:03:53,932|29,6
2013-09-12 11:03:56,479|24,5
2013-09-12 11:03:58,759|24,5
2013-09-12 11:04:01,115|24,5
2013-09-12 11:04:03,515|24,3
2013-09-12 11:04:05,912|24,3
2013-09-12 11:04:08,289|33,2
2013-09-12 11:04:10,663|33,2
2013-09-12 11:04:12,992|33,2
2013-09-12 11:04:15,740|46,3
2013-09-12 11:04:18,443|46,3
2013-09-12 11:04:21,195|46,6
2013-09-12 11:04:23,734|46,6
2013-09-12 11:04:26,636|38,9
2013-09-12 11:04:29,340|38,9
2013-09-12 11:04:31,750|34,8
2013-09-12 11:04:34,128|34,8
2013-09-12 11:04:36,628|34,8
2013-09-12 11:04:39,626|38,1
2013-09-12 11:04:42,432|38,1
2013-09-12 11:04:45,004|49,7
2013-09-12 11:04:47,620|49,7
2013-09-12 11:04:50,494|56,5
2013-09-12 11:04:53,026|56,5
2013-09-12 11:04:55,779|65,8
2013-09-12 11:04:58,360|65,8
2013-09-12 11:05:01,215|65,8
2013-09-12 11:05:03,688|60,6
2013-09-12 11:05:06,236|60,6
2013-09-12 11:05:09,000|65,8
2013-09-12 11:05:11,721|65,8
2013-09-12 11:05:14,440|73,3
2013-09-12 11:05:17,158|73,3
2013-09-12 11:05:19,565|82,1
2013-09-12 11:05:21,960|82,1
2013-09-12 11:05:24,341|82,1
2013-09-12 11:05:26,782|73,2
2013-09-12 11:05:29,210|73,2
2013-09-12 11:05:31,675|74,7
2013-09-12 11:05:34,064|74,7
2013-09-12 11:05:36,529|67,5
2013-09-12 11:05:38,992|67,5
2013-09-12 11:05:41,431|67,5
2013-09-12 11:05:43,969|55
2013-09-12 11:05:46,328|55
2013-09-12 11:05:48,788|42,8
2013-09-12 11:05:51,220|42,8
2013-09-12 11:05:53,702|42,8
2013-09-12 11:05:56,093|29,1
2013-09-12 11:05:58,561|29,1
2013-09-12 11:06:01,036|28,7
2013-09-12 11:06:03,453|28,7
2013-09-12 11:06:05,911|28,9
2013-09-12 11:06:08,301|28,9
2013-09-12 11:06:10,732|28,9
2013-09-12 11:06:13,171|28,5
2013-09-12 11:06:15,593|28,5
2013-09-12 11:06:18,047|27,4
2013-09-12 11:06:20,546|27,4
2013-09-12 11:06:22,987|27,4
2013-09-12 11:06:25,445|27,1
2013-09-12 11:06:27,868|27,1
2013-09-12 11:06:30,334|25,1
2013-09-12 11:06:32,805|25,1
2013-09-12 11:06:35,236|25,1
2013-09-12 11:06:37,629|26,6
2013-09-12 11:06:40,113|26,6
2013-09-12 11:06:42,562|26,9
2013-09-12 11:06:44,988|26,9
2013-09-12 11:06:47,389|29,8
2013-09-12 11:06:49,877|29,8
2013-09-12 11:06:52,390|29,8
2013-09-12 11:06:54,859|30
2013-09-12 11:06:57,342|30
2013-09-12 11:06:59,848|30,1
2013-09-12 11:07:02,307|30,1
2013-09-12 11:07:04,835|28,7
2013-09-12 11:07:07,328|28,7
2013-09-12 11:07:09,780|28,7
2013-09-12 11:07:12,273|28,9
2013-09-12 11:07:14,728|28,9
2013-09-12 11:07:17,210|28,7
2013-09-12 11:07:19,743|28,7
2013-09-12 11:07:22,230|28,7
2013-09-12 11:07:24,761|28,5
2013-09-12 11:07:27,254|28,5
2013-09-12 11:07:29,756|28,8
2013-09-12 11:07:32,229|28,8
2013-09-12 11:07:34,730|29,4
2013-09-12 11:07:37,266|29,4
2013-09-12 11:07:39,747|29,4
2013-09-12 11:07:42,228|24,7
2013-09-12 11:07:44,724|24,7
2013-09-12 11:07:47,254|22,1
2013-09-12 11:07:49,731|22,1
2013-09-12 11:07:52,152|22,1
2013-09-12 11:07:54,710|22,7
2013-09-12 11:07:57,241|22,7
2013-09-12 11:07:59,796|18,2
2013-09-12 11:08:02,387|18,2
2013-09-12 11:08:04,885|11,6
2013-09-12 11:08:07,406|11,6
2013-09-12 11:08:09,947|2,3
2013-09-12 11:08:12,433|2,3
2013-09-12 11:08:14,978|1,8
2013-09-12 11:08:17,493|1,8
2013-09-12 11:08:19,985|1,8
2013-09-12 11:08:22,519|1,8
2013-09-12 11:08:25,022|1,8
2013-09-12 11:08:27,532|1,8
2013-09-12 11:08:30,084|1,8
2013-09-12 11:08:32,569|2,1
2013-09-12 11:08:35,118|2,1
2013-09-12 11:08:37,633|2,6
2013-09-12 11:08:40,174|2,6
2013-09-12 11:08:42,688|2,6
2013-09-12 11:08:45,247|2,6
2013-09-12 11:08:47,755|2,6
2013-09-12 11:08:50,279|2,3
2013-09-12 11:08:52,786|2,3
2013-09-12 11:08:55,306|2,1
2013-09-12 11:08:57,870|2,1
2013-09-12 11:09:00,372|1,9
2013-09-12 11:09:02,908|1,9
2013-09-12 11:09:05,423|2,1
2013-09-12 11:09:07,941|2,1
2013-09-12 11:09:10,421|2,2
2013-09-12 11:09:12,948|2,2
2013-09-12 11:09:15,452|2,2
2013-09-12 11:09:18,012|2,5
2013-09-12 11:09:20,548|2,5
2013-09-12 11:09:23,064|2,3
2013-09-12 11:09:25,617|2,3
2013-09-12 11:09:28,496|2,3
2013-09-12 11:09:31,392|2,3
2013-09-12 11:09:34,076|9,9
2013-09-12 11:09:36,846|9,9
2013-09-12 11:09:39,548|18,6
2013-09-12 11:09:42,516|18,6
2013-09-12 11:09:44,963|28
2013-09-12 11:09:48,047|28
2013-09-12 11:09:51,024|29,6
2013-09-12 11:09:53,750|29,6
2013-09-12 11:09:56,965|27,4
2013-09-12 11:09:59,764|27,4
2013-09-12 11:10:02,452|26,8
2013-09-12 11:10:04,925|26,8
2013-09-12 11:10:07,528|26,8
2013-09-12 11:10:10,512|26,6
2013-09-12 11:10:13,232|26,6
2013-09-12 11:10:16,157|28,4
2013-09-12 11:10:19,204|28,4
2013-09-12 11:10:21,966|28,3
2013-09-12 11:10:24,759|28,3
2013-09-12 11:10:27,848|27,9
2013-09-12 11:10:30,828|27,9
2013-09-12 11:10:33,644|28,5
2013-09-12 11:10:36,547|28,5
2013-09-12 11:10:39,611|28,4
2013-09-12 11:10:42,632|28,4
2013-09-12 11:10:45,249|28,1
2013-09-12 11:10:47,820|28,1
2013-09-12 11:10:50,342|27,4
2013-09-12 11:10:52,946|27,4
2013-09-12 11:10:55,486|27,4
2013-09-12 11:10:58,099|27,4
2013-09-12 11:11:00,670|27,4
2013-09-12 11:11:03,255|27,7
2013-09-12 11:11:05,905|27,7
2013-09-12 11:11:08,479|28,7
2013-09-12 11:11:11,096|28,7
2013-09-12 11:11:13,714|29,4
2013-09-12 11:11:16,275|29,4
2013-09-12 11:11:18,880|29,4
2013-09-12 11:11:21,477|30,5
2013-09-12 11:11:24,085|30,5
2013-09-12 11:11:26,755|29,6
2013-09-12 11:11:29,358|29,6
2013-09-12 11:11:31,982|28,3
2013-09-12 11:11:34,574|28,3
2013-09-12 11:11:37,145|18,8
2013-09-12 11:11:39,749|18,8
2013-09-12 11:11:42,372|18,8
2013-09-12 11:11:44,980|9,4
2013-09-12 11:11:47,583|9,4
2013-09-12 11:11:50,209|0,8
2013-09-12 11:11:52,772|0,8
2013-09-12 11:11:55,375|1
2013-09-12 11:11:58,011|1
2013-09-12 11:12:00,618|2,7
2013-09-12 11:12:03,259|2,7
2013-09-12 11:12:05,877|3,9
2013-09-12 11:12:08,496|3,9
2013-09-12 11:12:11,131|4,5
2013-09-12 11:12:13,758|4,5
2013-09-12 11:12:16,390|2,8
2013-09-12 11:12:19,003|2,8
2013-09-12 11:12:21,637|1,4
2013-09-12 11:12:24,251|1,4
2013-09-12 11:12:26,886|1,4
2013-09-12 11:12:29,517|0,4
2013-09-12 11:12:32,117|0,4
2013-09-12 11:12:34,753|1,1
2013-09-12 11:12:37,377|1,1
2013-09-12 11:12:40,019|1,5
2013-09-12 11:12:42,665|1,5
2013-09-12 11:12:45,293|3,3
2013-09-12 11:12:47,901|3,3
2013-09-12 11:12:50,540|4,2
2013-09-12 11:12:53,172|4,2
2013-09-12 11:12:55,817|3,9
2013-09-12 11:12:58,438|3,9
2013-09-12 11:13:01,130|3,3
2013-09-12 11:13:03,754|3,3
2013-09-12 11:13:06,404|1,5
2013-09-12 11:13:09,051|1,5
2013-09-12 11:13:11,669|1
2013-09-12 11:13:14,281|1
2013-09-12 11:13:16,945|1
2013-09-12 11:13:19,567|0,5
2013-09-12 11:13:22,219|0,5
2013-09-12 11:13:24,903|0,9
2013-09-12 11:13:27,628|0,9
2013-09-12 11:13:30,283|1,7
2013-09-12 11:13:32,986|1,7
2013-09-12 11:13:35,665|2,5
2013-09-12 11:13:38,321|2,5
2013-09-12 11:13:41,008|2,6
2013-09-12 11:13:43,679|2,6
2013-09-12 11:13:46,332|3
2013-09-12 11:13:48,973|3
2013-09-12 11:13:51,642|2,5
2013-09-12 11:13:54,341|2,5
2013-09-12 11:13:57,024|2,1
2013-09-12 11:13:59,684|2,1
2013-09-12 11:14:02,412|1,4
2013-09-12 11:14:05,025|1,4
2013-09-12 11:14:07,716|0,7
2013-09-12 11:14:10,412|0,7
2013-09-12 11:14:13,080|0,7
2013-09-12 11:14:15,770|0,7
2013-09-12 11:14:18,408|1,1
2013-09-12 11:14:21,075|1,1
2013-09-12 11:14:23,787|1,1
2013-09-12 11:14:26,546|1,7
2013-09-12 11:14:29,219|1,7
2013-09-12 11:14:31,912|2,2
2013-09-12 11:14:34,550|2,2
2013-09-12 11:14:37,311|2,3
2013-09-12 11:14:40,048|2,3
2013-09-12 11:14:42,783|2,6
2013-09-12 11:14:45,480|2,6
2013-09-12 11:14:48,201|2,1
2013-09-12 11:14:50,871|2,1
2013-09-12 11:14:53,588|1,8
2013-09-12 11:14:56,307|1,8
2013-09-12 11:14:58,987|0,8
2013-09-12 11:15:01,721|0,8
2013-09-12 11:15:04,445|1,1
2013-09-12 11:15:07,128|1,1
2013-09-12 11:15:09,836|1,6
2013-09-12 11:15:12,546|1,6
2013-09-12 11:15:15,245|2
2013-09-12 11:15:17,955|2
2013-09-12 11:15:20,687|1,8
2013-09-12 11:15:23,348|1,8
2013-09-12 11:15:26,072|1,8
2013-09-12 11:15:28,806|1,8
2013-09-12 11:15:31,510|1,7
2013-09-12 11:15:34,229|1,7
2013-09-12 11:15:36,962|1,9
2013-09-12 11:15:39,691|1,9
2013-09-12 11:15:42,371|2
2013-09-12 11:15:45,067|2
2013-09-12 11:15:47,764|2,4
2013-09-12 11:15:50,525|2,4
2013-09-12 11:15:53,268|2,4
2013-09-12 11:15:56,015|2,4
2013-09-12 11:15:58,740|2
2013-09-12 11:16:01,476|2
2013-09-12 11:16:04,223|2,5
2013-09-12 11:16:06,897|2,5
2013-09-12 11:16:09,592|2,6
2013-09-12 11:16:12,355|2,6
2013-09-12 11:16:15,132|2,6
2013-09-12 11:16:17,900|2,6
2013-09-12 11:16:20,675|2,5
2013-09-12 11:16:23,447|2,5
2013-09-12 11:16:26,247|1,9
2013-09-12 11:16:29,030|1,9
2013-09-12 11:16:31,799|1,6
2013-09-12 11:16:34,563|1,6
2013-09-12 11:16:37,357|1,2
2013-09-12 11:16:40,112|1,2
2013-09-12 11:16:42,867|1
2013-09-12 11:16:45,620|1
2013-09-12 11:16:48,366|1
2013-09-12 11:16:51,135|0,8
2013-09-12 11:16:53,864|0,8
2013-09-12 11:16:56,635|1
2013-09-12 11:16:59,367|1
2013-09-12 11:17:02,128|1
2013-09-12 11:17:04,867|1
2013-09-12 11:17:07,642|1,2
2013-09-12 11:17:10,393|1,2
2013-09-12 11:17:13,146|1,6
2013-09-12 11:17:15,868|1,6
2013-09-12 11:17:18,640|1,5
2013-09-12 11:17:21,456|1,5
2013-09-12 11:17:24,200|1,8
2013-09-12 11:17:27,014|1,8
2013-09-12 11:17:29,792|1,4
2013-09-12 11:17:32,622|1,4
2013-09-12 11:17:35,401|1,5
2013-09-12 11:17:38,196|1,5
2013-09-12 11:17:41,027|1,2
2013-09-12 11:17:43,915|1,2
2013-09-12 11:17:46,678|1,4
2013-09-12 11:17:49,454|1,4
2013-09-12 11:17:52,272|1,3
2013-09-12 11:17:55,080|1,3
2013-09-12 11:17:57,887|1,5
2013-09-12 11:18:00,725|1,5
2013-09-12 11:18:03,520|1,3
2013-09-12 11:18:06,288|1,3
2013-09-12 11:18:09,063|1,4
2013-09-12 11:18:11,894|1,4
2013-09-12 11:18:14,729|1,6
2013-09-12 11:18:17,509|1,6
2013-09-12 11:18:20,304|1,6
2013-09-12 11:18:23,098|1,6
2013-09-12 11:18:25,907|2
2013-09-12 11:18:28,729|2
2013-09-12 11:18:31,545|1,6
2013-09-12 11:18:34,319|1,6
2013-09-12 11:18:37,103|1,8
2013-09-12 11:18:39,914|1,8
2013-09-12 11:18:42,737|1,6
2013-09-12 11:18:45,517|1,6
2013-09-12 11:18:48,307|1,8
2013-09-12 11:18:51,084|1,8
2013-09-12 11:18:53,900|1,6
2013-09-12 11:18:56,553|1,6
2013-09-12 11:18:58,974|7,1
2013-09-12 11:19:01,802|7,1
2013-09-12 11:19:04,626|13,1
2013-09-12 11:19:07,351|13,1
2013-09-12 11:19:10,203|18,9
2013-09-12 11:19:13,049|18,9
2013-09-12 11:19:15,862|22,6
2013-09-12 11:19:18,691|22,6
2013-09-12 11:19:21,495|22,6
2013-09-12 11:19:24,341|26,2
2013-09-12 11:19:27,180|26,2
2013-09-12 11:19:29,995|31,7
2013-09-12 11:19:32,800|31,7
2013-09-12 11:19:35,610|34
2013-09-12 11:19:38,500|34
2013-09-12 11:19:41,344|37,2
2013-09-12 11:19:44,135|37,2
2013-09-12 11:19:46,983|39
2013-09-12 11:19:49,861|39
2013-09-12 11:19:52,695|35,1
2013-09-12 11:19:55,574|35,1
2013-09-12 11:19:58,423|32,3
2013-09-12 11:20:01,256|32,3
2013-09-12 11:20:04,090|29,3
2013-09-12 11:20:06,891|29,3
2013-09-12 11:20:09,704|30,3
2013-09-12 11:20:12,574|30,3
2013-09-12 11:20:15,360|29,6
2013-09-12 11:20:18,232|29,6
2013-09-12 11:20:21,103|29,1
2013-09-12 11:20:23,910|29,1
2013-09-12 11:20:26,740|29
2013-09-12 11:20:29,596|29
2013-09-12 11:20:32,466|20,1
2013-09-12 11:20:35,263|20,1
2013-09-12 11:20:38,120|11,2
2013-09-12 11:20:40,977|11,2
2013-09-12 11:20:43,851|2,2
2013-09-12 11:20:46,655|2,2
2013-09-12 11:20:49,495|2,2
2013-09-12 11:20:52,306|2,2
2013-09-12 11:20:55,155|2,2
2013-09-12 11:20:58,012|2,2
2013-09-12 11:21:00,874|1,8
2013-09-12 11:21:03,774|1,8
2013-09-12 11:21:06,654|1,4
2013-09-12 11:21:09,532|1,4
2013-09-12 11:21:12,382|0,6
2013-09-12 11:21:15,247|0,6
2013-09-12 11:21:18,136|0,2
2013-09-12 11:21:21,008|0,2
2013-09-12 11:21:23,896|0
2013-09-12 11:21:26,759|0
2013-09-12 11:21:29,636|0,2
2013-09-12 11:21:32,519|0,2
2013-09-12 11:21:35,404|0,4
2013-09-12 11:21:38,293|0,7
2013-09-12 11:21:41,174|0,7
2013-09-12 11:21:44,060|0,7
2013-09-12 11:21:46,953|0,7
2013-09-12 11:21:49,891|1,6
2013-09-12 11:21:52,800|1,6
2013-09-12 11:21:55,680|1,9
2013-09-12 11:21:58,551|1,9
2013-09-12 11:22:01,436|2,8
2013-09-12 11:22:04,328|2,8
2013-09-12 11:22:07,215|4,1
2013-09-12 11:22:10,078|4,1
2013-09-12 11:22:12,939|4,4
2013-09-12 11:22:15,798|4,4
2013-09-12 11:22:18,674|4,6
2013-09-12 11:22:21,555|4,6
2013-09-12 11:22:24,444|3,6
2013-09-12 11:22:27,316|3,6
2013-09-12 11:22:30,221|1,8
2013-09-12 11:22:33,085|1,8
2013-09-12 11:22:35,978|0,4
2013-09-12 11:22:38,912|0,4
2013-09-12 11:22:41,846|0
2013-09-12 11:22:44,710|0
2013-09-12 11:22:47,605|0
2013-09-12 11:22:50,538|0,2
2013-09-12 11:22:53,464|0,2
2013-09-12 11:22:56,360|0,4
2013-09-12 11:22:59,233|0,4
2013-09-12 11:23:02,181|0,4
2013-09-12 11:23:05,113|0,4
2013-09-12 11:23:08,077|0,8
2013-09-12 11:23:10,980|0,8
2013-09-12 11:23:13,935|1,5
2013-09-12 11:23:16,910|1,5
2013-09-12 11:23:19,825|3,2
2013-09-12 11:23:22,784|3,2
2013-09-12 11:23:25,692|4,4
2013-09-12 11:23:28,600|4,4
2013-09-12 11:23:31,502|3,8
2013-09-12 11:23:34,448|3,8
2013-09-12 11:23:37,361|2,5
2013-09-12 11:23:40,311|2,5
2013-09-12 11:23:43,251|1,1
2013-09-12 11:23:46,230|1,1
2013-09-12 11:23:49,200|0,5
2013-09-12 11:23:52,158|0
2013-09-12 11:23:55,187|0
2013-09-12 11:23:58,167|0,2
2013-09-12 11:24:01,127|0,2
2013-09-12 11:24:04,138|0,5
2013-09-12 11:24:07,088|0,5
2013-09-12 11:24:10,150|1,5
2013-09-12 11:24:13,099|1,5
2013-09-12 11:24:16,018|2,4
2013-09-12 11:24:18,953|2,4
2013-09-12 11:24:21,948|2,7
2013-09-12 11:24:24,899|2,7
2013-09-12 11:24:27,869|2,5
2013-09-12 11:24:30,873|1,4
2013-09-12 11:24:33,863|1,4
2013-09-12 11:24:36,854|0,6
2013-09-12 11:24:39,846|0,6
2013-09-12 11:24:42,799|0
2013-09-12 11:24:45,819|0
2013-09-12 11:24:48,763|0,6
2013-09-12 11:24:51,749|0,6
2013-09-12 11:24:54,730|1,2
2013-09-12 11:24:57,727|1,2
2013-09-12 11:25:00,719|2,4
2013-09-12 11:25:03,678|2,4
2013-09-12 11:25:06,686|3,2
2013-09-12 11:25:09,663|3,3
2013-09-12 11:25:12,633|3,3
2013-09-12 11:25:15,634|2,5
2013-09-12 11:25:18,701|2,5
2013-09-12 11:25:21,704|0,9
2013-09-12 11:25:24,683|0,9
2013-09-12 11:25:27,696|0,6
2013-09-12 11:25:30,681|0,6
2013-09-12 11:25:33,702|1,8
2013-09-12 11:25:36,690|1,8
2013-09-12 11:25:39,661|2,8
2013-09-12 11:25:42,656|2,8
2013-09-12 11:25:45,663|3,4
2013-09-12 11:25:48,708|3,2
2013-09-12 11:25:51,689|3,2
2013-09-12 11:25:54,721|2,5
2013-09-12 11:25:57,673|2,5
2013-09-12 11:26:00,693|1,3
2013-09-12 11:26:03,746|1,3
2013-09-12 11:26:06,683|0,9
2013-09-12 11:26:09,739|0,9
2013-09-12 11:26:12,767|1,6
2013-09-12 11:26:15,796|1,6
2013-09-12 11:26:18,825|1,9
2013-09-12 11:26:21,815|1,9
2013-09-12 11:26:24,827|1,9
2013-09-12 11:26:27,830|1,7
2013-09-12 11:26:30,846|1,7
2013-09-12 11:26:33,946|1,7
2013-09-12 11:26:36,988|1,7
2013-09-12 11:26:40,027|1,3
2013-09-12 11:26:43,058|1,3
2013-09-12 11:26:46,090|1,3
2013-09-12 11:26:49,139|1,3
2013-09-12 11:26:52,170|1,6
2013-09-12 11:26:55,185|1,6
2013-09-12 11:26:58,182|1,7
2013-09-12 11:27:01,294|1,7
2013-09-12 11:27:04,449|1,7
2013-09-12 11:27:07,485|1,9
2013-09-12 11:27:10,530|1,9
2013-09-12 11:27:13,569|1,7
2013-09-12 11:27:16,617|1,7
2013-09-12 11:27:19,665|0,7
2013-09-12 11:27:22,740|0,7
2013-09-12 11:27:25,817|1
2013-09-12 11:27:28,867|1,1
2013-09-12 11:27:31,928|1,1
2013-09-12 11:27:35,055|1,5
2013-09-12 11:27:38,130|1,5
2013-09-12 11:27:41,116|1,9
2013-09-12 11:27:44,125|1,9
2013-09-12 11:27:47,208|2,1
2013-09-12 11:27:50,281|2,1
2013-09-12 11:27:53,356|1,4
2013-09-12 11:27:56,441|1,4
2013-09-12 11:27:59,515|1,3
2013-09-12 11:28:02,577|1
2013-09-12 11:28:05,749|1
2013-09-12 11:28:08,867|1,8
2013-09-12 11:28:11,971|1,8
2013-09-12 11:28:15,013|1,9
2013-09-12 11:28:18,091|1,9
2013-09-12 11:28:21,169|1,3
2013-09-12 11:28:24,293|1,3
2013-09-12 11:28:27,386|1,2
2013-09-12 11:28:30,420|1,4
2013-09-12 11:28:33,522|1,4
2013-09-12 11:28:36,607|2
2013-09-12 11:28:39,645|2
2013-09-12 11:28:42,665|2,5
2013-09-12 11:28:45,724|2,5
2013-09-12 11:28:48,798|2,3
2013-09-12 11:28:51,962|2,3
2013-09-12 11:28:55,055|2,1
2013-09-12 11:28:58,179|2,3
2013-09-12 11:29:01,291|2,3
2013-09-12 11:29:04,325|2,4
2013-09-12 11:29:07,486|2,4
2013-09-12 11:29:10,616|2,6
2013-09-12 11:29:13,672|2,6
2013-09-12 11:29:16,783|2,1
2013-09-12 11:29:19,907|2,1
2013-09-12 11:29:23,085|1,3
2013-09-12 11:29:26,162|1,2
2013-09-12 11:29:29,275|1,2
2013-09-12 11:29:32,409|2
2013-09-12 11:29:35,542|2
2013-09-12 11:29:38,680|2,6
2013-09-12 11:29:41,887|2,6
2013-09-12 11:29:45,010|2,1
2013-09-12 11:29:48,147|2,1
2013-09-12 11:29:51,180|1,2
2013-09-12 11:29:54,219|1,6
2013-09-12 11:29:57,284|1,6
2013-09-12 11:30:00,389|2,2
2013-09-12 11:30:03,470|2,2
2013-09-12 11:30:06,673|2,7
2013-09-12 11:30:09,863|2,7
2013-09-12 11:30:13,013|2
2013-09-12 11:30:16,171|1,6
2013-09-12 11:30:19,348|1,6
2013-09-12 11:30:22,473|1,7
2013-09-12 11:30:25,639|1,7
2013-09-12 11:30:28,796|2,1
2013-09-12 11:30:31,947|2,1
2013-09-12 11:30:35,090|1,7
2013-09-12 11:30:38,242|0,5
2013-09-12 11:30:41,321|0,5
2013-09-12 11:30:44,458|1
2013-09-12 11:30:47,595|1
2013-09-12 11:30:50,751|2
2013-09-12 11:30:53,951|2
2013-09-12 11:30:57,128|2,4
2013-09-12 11:31:00,268|2,4
2013-09-12 11:31:03,456|2
2013-09-12 11:31:06,615|0,9
2013-09-12 11:31:09,808|0,9
2013-09-12 11:31:13,052|1,2
2013-09-12 11:31:16,241|1,2
2013-09-12 11:31:19,444|1,4
2013-09-12 11:31:22,588|1,4
2013-09-12 11:31:25,833|1,4
2013-09-12 11:31:29,021|0,7
2013-09-12 11:31:32,266|0,7
2013-09-12 11:31:35,458|1,1
2013-09-12 11:31:38,628|1,1
2013-09-12 11:31:41,820|1,5
2013-09-12 11:31:45,074|1,5
2013-09-12 11:31:48,248|1,3
2013-09-12 11:31:51,371|1,4
2013-09-12 11:31:54,628|1,4
2013-09-12 11:31:57,832|1,5
2013-09-12 11:32:01,026|1,5
2013-09-12 11:32:04,215|1,7
2013-09-12 11:32:07,470|1,7
2013-09-12 11:32:10,803|1,7
2013-09-12 11:32:14,023|0,9
2013-09-12 11:32:17,217|0,9
2013-09-12 11:32:20,421|1,5
2013-09-12 11:32:23,639|1,5
2013-09-12 11:32:26,850|1,5
2013-09-12 11:32:30,047|1,2
2013-09-12 11:32:33,181|1,2
2013-09-12 11:32:36,433|0,8
2013-09-12 11:32:39,648|0,8
2013-09-12 11:32:42,917|2
2013-09-12 11:32:46,146|2
2013-09-12 11:32:49,356|2,3
2013-09-12 11:32:52,533|2,9
2013-09-12 11:32:55,730|2,9
2013-09-12 11:32:58,932|1,3
2013-09-12 11:33:02,177|1,3
2013-09-12 11:33:05,398|1,5
2013-09-12 11:33:08,648|1,4
2013-09-12 11:33:11,936|1,4
2013-09-12 11:33:15,188|1
2013-09-12 11:33:18,432|1
2013-09-12 11:33:21,637|1,4
2013-09-12 11:33:24,975|1,4
2013-09-12 11:33:28,277|1,6
2013-09-12 11:33:31,444|1,4
2013-09-12 11:33:34,686|1,4
2013-09-12 11:33:37,946|1,3
2013-09-12 11:33:41,183|1,3
2013-09-12 11:33:44,433|1,7
2013-09-12 11:33:47,674|1,7
2013-09-12 11:33:50,907|1,7
2013-09-12 11:33:54,200|1,8
2013-09-12 11:33:57,411|1,8
2013-09-12 11:34:00,697|0,9
2013-09-12 11:34:03,954|0,9
2013-09-12 11:34:07,195|1,3
2013-09-12 11:34:10,429|1,4
2013-09-12 11:34:13,668|1,4
2013-09-12 11:34:16,916|1,8
2013-09-12 11:34:20,176|1,8
2013-09-12 11:34:23,435|2,2
2013-09-12 11:34:26,724|2,2
2013-09-12 11:34:30,048|2,2
2013-09-12 11:34:33,324|2,3
2013-09-12 11:34:36,613|2,3
2013-09-12 11:34:39,892|1,3
2013-09-12 11:34:43,192|1,3
2013-09-12 11:34:46,451|1,7
2013-09-12 11:34:49,736|1,6
2013-09-12 11:34:52,998|1,6
2013-09-12 11:34:56,311|1,2
2013-09-12 11:34:59,584|1,2
2013-09-12 11:35:02,848|1
2013-09-12 11:35:06,112|1
2013-09-12 11:35:09,388|1
2013-09-12 11:35:12,705|1,8
2013-09-12 11:35:15,977|1,8
2013-09-12 11:35:19,234|1,7
2013-09-12 11:35:22,498|1,7
2013-09-12 11:35:25,743|1,7
2013-09-12 11:35:29,026|1,8
2013-09-12 11:35:32,349|1,8
2013-09-12 11:35:35,638|1,2
2013-09-12 11:35:38,954|1,2
2013-09-12 11:35:42,252|2
2013-09-12 11:35:45,508|2,8
2013-09-12 11:35:48,777|2,8
2013-09-12 11:35:52,096|2,1
2013-09-12 11:35:55,372|2,1
2013-09-12 11:35:58,659|1,9
2013-09-12 11:36:01,980|1,7
2013-09-12 11:36:05,299|1,7
2013-09-12 11:36:08,636|1,6
2013-09-12 11:36:11,988|1,6
2013-09-12 11:36:15,357|1,4
2013-09-12 11:36:18,657|1,4
2013-09-12 11:36:21,984|1,4
2013-09-12 11:36:25,327|2,1
2013-09-12 11:36:28,693|2,1
2013-09-12 11:36:32,013|1,3
2013-09-12 11:36:35,288|1,3
2013-09-12 11:36:38,631|1,3
2013-09-12 11:36:41,980|1,6
2013-09-12 11:36:45,362|1,6
2013-09-12 11:36:48,754|0,7
2013-09-12 11:36:52,108|1,3
2013-09-12 11:36:55,478|1,3
2013-09-12 11:36:58,866|2
2013-09-12 11:37:02,154|2
2013-09-12 11:37:05,490|1,7
2013-09-12 11:37:08,872|1,5
2013-09-12 11:37:12,181|1,5
2013-09-12 11:37:15,602|2,2
2013-09-12 11:37:18,927|2,2
2013-09-12 11:37:22,278|1,9
2013-09-12 11:37:25,671|2,1
2013-09-12 11:37:29,089|2,1
2013-09-12 11:37:32,445|2,7
2013-09-12 11:37:35,802|2,7
2013-09-12 11:37:39,197|1,9
2013-09-12 11:37:42,550|1,8
2013-09-12 11:37:45,926|1,8
2013-09-12 11:37:49,287|2,4
2013-09-12 11:37:52,662|2,4
2013-09-12 11:37:56,061|1,9
2013-09-12 11:37:59,484|1,9
2013-09-12 11:38:02,830|1,9
2013-09-12 11:38:06,200|1,9
2013-09-12 11:38:09,618|1,3
2013-09-12 11:38:12,945|1,3
2013-09-12 11:38:16,318|1,4
2013-09-12 11:38:19,695|1,4
2013-09-12 11:38:23,072|1,4
2013-09-12 11:38:26,460|0,7
2013-09-12 11:38:29,849|0,7
2013-09-12 11:38:33,239|0,9
2013-09-12 11:38:36,677|0,9
2013-09-12 11:38:40,114|0,7
2013-09-12 11:38:43,484|0,6
2013-09-12 11:38:46,916|0,6
2013-09-12 11:38:50,441|1,4
2013-09-12 11:38:53,847|1,4
2013-09-12 11:38:57,248|1,4
2013-09-12 11:39:00,655|1,9
2013-09-12 11:39:04,033|1,9
2013-09-12 11:39:07,367|1,6
2013-09-12 11:39:10,767|1,4
2013-09-12 11:39:14,121|1,4
2013-09-12 11:39:17,536|1,3
2013-09-12 11:39:20,952|1,3
2013-09-12 11:39:24,345|2
2013-09-12 11:39:27,744|1,6
2013-09-12 11:39:31,189|1,6
2013-09-12 11:39:34,602|1,7
2013-09-12 11:39:38,014|1,7
2013-09-12 11:39:41,518|2
2013-09-12 11:39:45,004|1,6
2013-09-12 11:39:48,437|1,6
2013-09-12 11:39:51,904|1,3
2013-09-12 11:39:55,329|1,1
2013-09-12 11:39:58,786|1,1
2013-09-12 11:40:02,310|1,4
2013-09-12 11:40:05,752|1,4
2013-09-12 11:40:09,204|2
2013-09-12 11:40:12,659|2,3
2013-09-12 11:40:16,105|2,3
2013-09-12 11:40:19,535|1,9
2013-09-12 11:40:23,029|1,9
2013-09-12 11:40:26,508|2,1
2013-09-12 11:40:29,962|1,6
2013-09-12 11:40:33,388|1,6
2013-09-12 11:40:36,856|1
2013-09-12 11:40:40,311|1,2
2013-09-12 11:40:43,771|1,2
2013-09-12 11:40:47,184|1
2013-09-12 11:40:50,613|1
2013-09-12 11:40:54,139|1,4
2013-09-12 11:40:57,631|1,8
2013-09-12 11:41:01,119|1,8
2013-09-12 11:41:04,524|1,4
2013-09-12 11:41:08,020|1,6
2013-09-12 11:41:11,512|1,6
2013-09-12 11:41:14,966|0,9
2013-09-12 11:41:18,395|0,9
2013-09-12 11:41:21,813|1,3
2013-09-12 11:41:25,294|1,5
2013-09-12 11:41:28,784|1,5
2013-09-12 11:41:32,256|1
2013-09-12 11:41:35,709|1
2013-09-12 11:41:39,240|1
2013-09-12 11:41:42,695|1,2
2013-09-12 11:41:46,148|1,2
2013-09-12 11:41:49,720|1,4
2013-09-12 11:41:53,285|1,8
2013-09-12 11:41:56,787|1,8
2013-09-12 11:42:00,297|0,6
2013-09-12 11:42:03,794|0,7
2013-09-12 11:42:07,308|0,7
2013-09-12 11:42:10,791|1,5
2013-09-12 11:42:14,308|1,7
2013-09-12 11:42:17,792|1,7
2013-09-12 11:42:21,283|2
2013-09-12 11:42:24,842|2
2013-09-12 11:42:28,398|0,7
2013-09-12 11:42:31,934|0,7
2013-09-12 11:42:35,465|0,7
2013-09-12 11:42:38,961|0,5
2013-09-12 11:42:42,478|1,1
2013-09-12 11:42:45,982|1,1
2013-09-12 11:42:49,486|1,9
2013-09-12 11:42:52,939|1,9
2013-09-12 11:42:56,481|1,5
2013-09-12 11:43:00,013|1,8
2013-09-12 11:43:03,506|1,8
2013-09-12 11:43:07,016|0,3
2013-09-12 11:43:15,496|0,9
2013-09-12 11:43:19,057|1,2
2013-09-12 11:43:22,593|1,9
2013-09-12 11:43:26,189|1,9
2013-09-12 11:43:29,698|2,3
2013-09-12 11:43:33,230|1,5
2013-09-12 11:43:36,776|1,5
2013-09-12 11:43:40,406|1
2013-09-12 11:43:43,979|0,6
2013-09-12 11:43:47,585|0,6
2013-09-12 11:43:51,154|1,2
2013-09-12 11:43:54,602|1,8
2013-09-12 11:43:58,152|1,8
2013-09-12 11:44:01,759|2
2013-09-12 11:44:05,265|2
2013-09-12 11:44:08,804|1,2
2013-09-12 11:44:12,427|0,8
2013-09-12 11:44:15,995|0,8
2013-09-12 11:44:19,514|0,8
2013-09-12 11:44:23,182|1,4
2013-09-12 11:44:26,780|1,4
2013-09-12 11:44:30,304|2
2013-09-12 11:44:33,890|2
2013-09-12 11:44:37,489|2
2013-09-12 11:44:41,127|2,3
2013-09-12 11:44:44,744|0,9
2013-09-12 11:44:48,304|0,9
2013-09-12 11:44:51,860|1,5
2013-09-12 11:44:55,452|1,5
2013-09-12 11:44:59,026|1
2013-09-12 11:45:02,649|1,2
2013-09-12 11:45:06,298|1,2
2013-09-12 11:45:09,907|1
2013-09-12 11:45:13,529|1,4
2013-09-12 11:45:17,233|1,4
2013-09-12 11:45:20,788|1,6
2013-09-12 11:45:24,394|1,8
2013-09-12 11:45:28,033|1,8
2013-09-12 11:45:31,648|2,1
2013-09-12 11:45:35,273|1,1
2013-09-12 11:45:38,956|1,1
2013-09-12 11:45:42,545|1,5
2013-09-12 11:45:46,181|0,7
2013-09-12 11:45:49,846|0,7
2013-09-12 11:45:53,437|1,3
2013-09-12 11:45:56,968|1
2013-09-12 11:46:00,556|1
2013-09-12 11:46:04,208|1,3
2013-09-12 11:46:07,844|1,3
2013-09-12 11:46:11,486|0,9
2013-09-12 11:46:15,099|1,3
2013-09-12 11:46:18,707|1,3
2013-09-12 11:46:22,362|1,5
2013-09-12 11:46:25,970|1,6
2013-09-12 11:46:29,588|1,6
2013-09-12 11:46:33,213|1,8
2013-09-12 11:46:36,859|1,4
2013-09-12 11:46:40,476|1,4
2013-09-12 11:46:44,130|1,4
2013-09-12 11:46:47,787|0,9
2013-09-12 11:46:51,515|0,9
2013-09-12 11:46:55,225|1,2
2013-09-12 11:46:58,896|0,8
2013-09-12 11:47:02,560|0,8
2013-09-12 11:47:06,214|1,2
2013-09-12 11:47:09,867|0,4
2013-09-12 11:47:13,569|0,4
2013-09-12 11:47:17,199|0,8
2013-09-12 11:47:20,836|0,8
2013-09-12 11:47:24,479|0,8
2013-09-12 11:47:28,147|1,3
2013-09-12 11:47:31,822|1,3
2013-09-12 11:47:35,470|1,3
2013-09-12 11:47:39,115|1,3
2013-09-12 11:47:42,825|1
2013-09-12 11:47:46,484|1
2013-09-12 11:47:50,145|1,7
2013-09-12 11:47:53,785|1,9
2013-09-12 11:47:57,478|1,9
2013-09-12 11:48:01,123|3
2013-09-12 11:48:04,852|2,5
2013-09-12 11:48:08,606|2,5
2013-09-12 11:48:12,287|3,1
2013-09-12 11:48:16,005|2,9
2013-09-12 11:48:19,648|2,9
2013-09-12 11:48:23,354|3
2013-09-12 11:48:27,068|2,8
2013-09-12 11:48:30,763|2,8
2013-09-12 11:48:34,476|2,8
2013-09-12 11:48:38,224|2,2
2013-09-12 11:48:41,967|2,2
2013-09-12 11:48:45,655|2,1
2013-09-12 11:48:49,408|1,7
2013-09-12 11:48:53,126|1,7
2013-09-12 11:48:56,823|1,9
2013-09-12 11:49:00,531|1,6
2013-09-12 11:49:04,331|1,6
2013-09-12 11:49:08,034|1,7
2013-09-12 11:49:11,792|1,5
2013-09-12 11:49:15,594|1,5
2013-09-12 11:49:19,290|1,9
2013-09-12 11:49:22,957|1,6
2013-09-12 11:49:26,746|1,6
2013-09-12 11:49:30,445|2,2
2013-09-12 11:49:34,168|1,9
2013-09-12 11:49:37,903|1,9
2013-09-12 11:49:41,589|2,3
2013-09-12 11:49:45,316|1,9
2013-09-12 11:49:49,062|1,9
2013-09-12 11:49:52,886|2,1
2013-09-12 11:49:56,586|1,9
2013-09-12 11:50:00,319|1,9
2013-09-12 11:50:04,053|2,1
2013-09-12 11:50:07,856|1,7
2013-09-12 11:50:11,677|1,7
2013-09-12 11:50:15,434|2,1
2013-09-12 11:50:19,177|1,7
2013-09-12 11:50:22,948|1,7
2013-09-12 11:50:26,724|1,7
2013-09-12 11:50:30,490|1,4
2013-09-12 11:50:34,278|1,4
2013-09-12 11:50:38,002|0,7
2013-09-12 11:50:41,782|1,3
2013-09-12 11:50:45,623|1,3
2013-09-12 11:50:49,360|0,6
2013-09-12 11:50:53,103|1,3
2013-09-12 11:50:56,882|1,3
2013-09-12 11:51:00,701|0,7
2013-09-12 11:51:04,397|1,5
2013-09-12 11:51:08,138|1,5
2013-09-12 11:51:11,879|0,8
2013-09-12 11:51:15,713|1,5
2013-09-12 11:51:19,490|0,9
2013-09-12 11:51:23,243|0,9
2013-09-12 11:51:26,998|2,1
2013-09-12 11:51:30,804|1,4
2013-09-12 11:51:34,608|1,4
2013-09-12 11:51:38,379|2,3
2013-09-12 11:51:42,091|1,5
2013-09-12 11:51:45,867|1,5
2013-09-12 11:51:49,718|2
2013-09-12 11:51:53,512|1,6
2013-09-12 11:51:57,285|1,6
2013-09-12 11:52:00,996|2,1
2013-09-12 11:52:04,881|1,6
2013-09-12 11:52:08,737|1,6
2013-09-12 11:52:12,561|2,1
2013-09-12 11:52:16,291|2,1
2013-09-12 11:52:20,097|2,1
2013-09-12 11:52:23,922|1,5
2013-09-12 11:52:27,722|2,1
2013-09-12 11:52:31,519|2,1
2013-09-12 11:52:35,304|0,8
2013-09-12 11:52:39,126|1,4
2013-09-12 11:52:42,969|0,6
2013-09-12 11:52:46,819|0,6
2013-09-12 11:52:50,582|1,8
2013-09-12 11:52:54,384|1,4
2013-09-12 11:52:58,169|1,4
2013-09-12 11:53:02,085|2,1
2013-09-12 11:53:05,951|1,1
2013-09-12 11:53:09,772|1,1
2013-09-12 11:53:13,678|1,5
2013-09-12 11:53:17,515|1,1
2013-09-12 11:53:21,350|1,1
2013-09-12 11:53:25,208|1
2013-09-12 11:53:29,102|1,2
2013-09-12 11:53:32,969|1,2
2013-09-12 11:53:36,821|0,8
2013-09-12 11:53:40,694|1,5
2013-09-12 11:53:44,483|0,9
2013-09-12 11:53:48,384|0,9
2013-09-12 11:53:52,262|1,9
2013-09-12 11:53:56,117|1,9
2013-09-12 11:53:59,998|1,9
2013-09-12 11:54:03,864|1,9
2013-09-12 11:54:07,720|1,9
2013-09-12 11:54:11,584|1,9
2013-09-12 11:54:15,483|1,9
2013-09-12 11:54:19,356|1,9
2013-09-12 11:54:23,220|1,9
2013-09-12 11:54:27,083|1,9
2013-09-12 11:54:30,952|1,9
2013-09-12 11:54:34,843|1,9
2013-09-12 11:54:38,722|1,9
2013-09-12 11:54:42,582|1,9
2013-09-12 11:54:46,473|1,9
2013-09-12 11:54:50,364|1,9
2013-09-12 11:54:54,214|1,9
2013-09-12 11:54:58,087|1,9
