2013-09-12 10:49:50,336|0,0|0,0|100,0|995|920|75|31,03|8,36|0,18|0,00
2013-09-12 10:49:55,869|0,0|0,0|100,0|995|920|75|31,03|8,36|1,15|2,41
2013-09-12 10:50:01,375|0,0|0,0|100,0|995|919|76|31,03|8,36|0,27|3,74
2013-09-12 10:50:06,922|0,0|0,0|100,0|995|919|76|31,03|8,36|0,00|0,00
2013-09-12 10:50:12,475|0,0|0,0|100,0|995|918|76|31,03|8,36|0,12|0,00
2013-09-12 10:50:17,994|0,0|0,0|100,0|995|919|76|31,03|8,36|0,12|0,00
2013-09-12 10:50:23,498|0,0|2,0|98,0|995|919|76|31,03|8,36|0,12|0,00
2013-09-12 10:50:29,007|0,0|0,0|100,0|995|919|76|31,03|8,36|0,12|0,00
2013-09-12 10:50:34,572|0,0|0,0|100,0|995|919|76|31,03|8,36|10,19|3,74
2013-09-12 10:50:40,097|0,0|0,0|100,0|995|919|76|31,03|8,36|1,02|3,22
2013-09-12 10:50:45,614|0,0|0,0|100,0|995|919|76|31,03|8,36|0,00|0,00
2013-09-12 10:50:51,125|0,0|0,0|100,0|995|919|76|31,03|8,36|0,08|0,00
2013-09-12 10:50:56,634|0,0|0,0|100,0|995|918|76|31,03|8,36|0,08|0,00
2013-09-12 10:51:02,203|0,0|0,0|98,0|995|918|76|31,03|8,36|0,06|0,00
2013-09-12 10:51:07,692|0,0|0,0|100,0|995|919|76|31,03|8,36|0,25|5,30
2013-09-12 10:51:13,234|0,0|0,0|100,0|995|919|76|31,03|8,36|1,53|3,74
2013-09-12 10:51:18,751|0,0|1,9|98,0|995|919|76|31,03|8,36|0,06|0,00
2013-09-12 10:51:24,259|0,0|1,9|98,0|995|919|76|31,03|8,36|0,23|0,00
2013-09-12 10:51:29,835|0,0|0,0|100,0|995|919|76|31,03|8,36|5,09|4,77
2013-09-12 10:51:35,444|2,0|6,2|91,6|995|919|76|31,03|8,36|0,35|0,00
2013-09-12 10:51:40,979|3,8|1,9|94,2|995|920|75|31,03|8,36|7,77|41,73
2013-09-12 10:51:46,489|0,0|0,0|100,0|995|919|76|31,03|8,36|4,94|8,26
2013-09-12 10:51:52,045|4,1|4,1|91,6|995|919|76|31,03|8,36|0,00|0,00
2013-09-12 10:51:57,604|4,0|2,0|93,8|995|919|76|31,03|8,36|4,72|34,99
2013-09-12 10:52:03,168|0,0|0,0|100,0|995|918|76|31,03|8,36|9,64|41,89
2013-09-12 10:52:08,757|1,9|0,0|98,0|995|919|76|31,03|8,36|5,14|6,30
2013-09-12 10:52:14,343|6,0|6,0|88,0|995|919|76|31,03|8,36|0,18|0,00
2013-09-12 10:52:19,910|4,0|6,1|89,7|995|919|76|31,03|8,36|5,10|37,17
2013-09-12 10:52:25,467|0,0|0,0|100,0|995|919|76|31,03|8,36|9,96|43,86
2013-09-12 10:52:30,991|2,0|4,0|93,8|995|919|76|31,03|8,36|0,26|0,00
2013-09-12 10:52:36,543|2,0|6,2|91,6|995|919|76|31,03|8,36|6,46|34,93
2013-09-12 10:52:42,085|0,0|0,0|100,0|995|919|76|31,03|8,36|9,46|41,67
2013-09-12 10:52:47,684|6,0|4,0|90,0|995|919|76|31,03|8,36|0,12|0,00
2013-09-12 10:52:53,267|4,0|6,0|90,0|995|919|76|31,03|8,36|4,85|35,91
2013-09-12 10:52:58,842|2,0|0,0|98,0|995|919|76|31,03|8,36|6,52|9,50
2013-09-12 10:53:04,415|4,0|6,0|88,0|995|919|76|31,03|8,36|0,13|2,24
2013-09-12 10:53:09,976|0,0|0,0|100,0|995|920|75|31,03|8,36|6,52|38,44
2013-09-12 10:53:15,523|2,0|0,0|98,0|995|919|76|31,03|8,36|4,70|6,18
2013-09-12 10:53:21,086|6,0|4,0|90,0|995|919|76|31,03|8,36|0,26|0,00
2013-09-12 10:53:26,609|0,0|0,0|100,0|995|919|76|31,03|8,36|9,84|42,95
2013-09-12 10:53:32,130|0,0|2,0|98,0|995|919|76|31,03|8,36|4,15|6,00
2013-09-12 10:53:37,713|7,8|3,9|88,2|995|919|76|31,03|8,36|3,16|36,83
2013-09-12 10:53:43,251|0,0|0,0|100,0|995|919|76|31,03|8,36|9,26|41,46
2013-09-12 10:53:48,817|0,0|2,0|98,0|995|919|76|31,03|8,36|4,03|2,79
2013-09-12 10:53:54,399|6,0|6,0|88,0|995|920|75|31,03|8,36|3,21|33,54
2013-09-12 10:53:59,982|0,0|0,0|100,0|995|919|76|31,03|8,36|9,20|42,78
2013-09-12 10:54:05,495|0,0|0,0|100,0|995|919|76|31,03|8,36|1,96|1,76
2013-09-12 10:54:11,104|4,1|4,1|91,6|995|919|76|31,02|8,36|5,02|35,06
2013-09-12 10:54:16,686|0,0|0,0|100,0|995|919|76|31,02|8,36|6,63|11,63
2013-09-12 10:54:22,327|6,0|4,0|90,0|995|919|76|31,02|8,36|0,06|0,00
2013-09-12 10:54:27,867|0,0|0,0|100,0|995|919|76|31,02|8,36|9,52|43,01
2013-09-12 10:54:33,438|2,0|0,0|98,0|995|919|76|31,02|8,36|4,99|7,18
2013-09-12 10:54:39,015|4,0|6,0|90,0|995|919|76|31,02|8,36|5,83|34,99
2013-09-12 10:54:44,584|1,9|0,0|98,0|995|919|76|31,02|8,36|6,56|9,75
2013-09-12 10:54:50,211|5,8|5,8|88,2|995|919|76|31,02|8,36|0,19|2,24
2013-09-12 10:54:55,743|0,0|0,0|100,0|995|919|76|31,02|8,36|10,23|44,33
2013-09-12 10:55:01,245|8,0|4,0|88,0|995|919|76|31,02|8,36|0,26|0,00
2013-09-12 10:55:06,852|2,0|2,0|96,0|995|920|74|31,02|8,36|6,35|39,94
2013-09-12 10:55:12,443|1,9|0,0|98,0|995|919|76|31,02|8,36|4,88|7,67
2013-09-12 10:55:18,007|4,0|8,0|88,0|995|919|76|31,02|8,36|5,21|34,93
2013-09-12 10:55:23,559|0,0|0,0|100,0|995|919|76|31,02|8,36|6,77|9,91
2013-09-12 10:55:29,192|4,0|4,0|92,0|995|919|76|31,02|8,36|0,52|0,06
2013-09-12 10:55:34,701|0,0|0,0|100,0|995|919|76|31,02|8,36|9,58|43,01
2013-09-12 10:55:40,251|0,0|0,0|100,0|995|919|76|31,02|8,36|2,60|1,39
2013-09-12 10:55:45,801|6,1|4,0|89,7|995|919|76|31,02|8,36|5,10|34,93
2013-09-12 10:55:51,355|0,0|0,0|100,0|995|919|76|31,02|8,36|9,46|46,18
2013-09-12 10:55:56,939|0,0|0,0|100,0|995|919|75|31,02|8,36|1,79|2,10
2013-09-12 10:56:02,527|4,0|6,1|89,7|995|919|75|31,02|8,36|4,91|38,21
2013-09-12 10:56:08,089|2,0|0,0|98,0|995|919|76|31,02|8,36|4,80|11,43
2013-09-12 10:56:13,637|4,0|6,1|89,7|995|920|75|31,02|8,36|3,22|35,78
2013-09-12 10:56:19,247|0,0|0,0|100,0|995|919|75|31,02|8,36|6,44|9,97
2013-09-12 10:56:24,864|4,0|10,2|85,7|995|919|76|31,02|8,36|0,42|0,00
2013-09-12 10:56:30,441|0,0|0,0|100,0|995|919|75|31,02|8,36|9,46|44,27
2013-09-12 10:56:36,018|4,0|6,1|89,7|995|919|75|31,02|8,36|0,14|0,00
2013-09-12 10:56:41,565|0,0|0,0|100,0|995|919|75|31,02|8,36|9,54|47,03
2013-09-12 10:56:47,113|6,1|2,0|91,8|995|919|75|31,02|8,36|0,72|2,24
2013-09-12 10:56:52,637|0,0|0,0|100,0|995|919|76|31,02|8,36|9,20|44,01
2013-09-12 10:56:58,151|4,1|4,1|91,6|995|919|75|31,02|8,36|1,61|0,00
2013-09-12 10:57:03,725|0,0|0,0|100,0|995|919|75|31,02|8,36|10,21|45,07
2013-09-12 10:57:09,256|2,0|4,1|93,7|995|919|75|31,02|8,36|0,66|0,00
2013-09-12 10:57:14,779|0,0|0,0|100,0|995|919|76|31,02|8,36|9,81|45,15
2013-09-12 10:57:20,355|8,1|0,0|89,7|995|919|75|31,02|8,36|0,44|0,06
2013-09-12 10:57:25,883|2,0|0,0|98,0|995|919|75|31,02|8,36|10,05|46,61
2013-09-12 10:57:31,390|6,0|6,0|88,0|995|919|75|31,02|8,36|0,14|0,00
2013-09-12 10:57:36,897|0,0|0,0|100,0|995|919|75|31,02|8,36|9,26|45,56
2013-09-12 10:57:42,466|6,1|4,0|89,7|995|919|75|31,02|8,36|0,45|0,00
2013-09-12 10:57:48,010|0,0|0,0|100,0|995|919|75|31,02|8,36|9,55|45,59
2013-09-12 10:57:53,527|8,0|4,0|88,0|995|919|75|31,02|8,36|0,25|2,24
2013-09-12 10:57:59,095|0,0|0,0|100,0|995|919|75|31,02|8,36|9,76|48,03
2013-09-12 10:58:04,654|5,8|5,8|88,2|995|919|75|31,02|8,36|0,18|0,00
2013-09-12 10:58:10,216|0,0|0,0|100,0|995|919|75|31,02|8,36|9,88|45,01
2013-09-12 10:58:15,753|6,0|6,0|88,0|995|919|75|31,02|8,36|0,08|0,00
2013-09-12 10:58:21,271|0,0|0,0|100,0|995|919|75|31,02|8,36|7,96|13,43
2013-09-12 10:58:26,860|3,9|5,8|90,1|995|919|75|31,02|8,36|0,19|2,24
2013-09-12 10:58:32,349|0,0|0,0|100,0|995|919|75|31,02|8,36|9,51|48,51
2013-09-12 10:58:37,871|6,2|0,0|93,7|995|919|75|31,02|8,36|0,18|0,00
2013-09-12 10:58:43,410|0,0|0,0|100,0|995|919|75|31,02|8,36|11,04|45,43
2013-09-12 10:58:48,960|4,1|4,1|91,6|995|919|75|31,02|8,36|0,18|0,00
2013-09-12 10:58:54,499|0,0|1,9|98,0|995|919|75|31,02|8,36|9,78|46,56
2013-09-12 10:59:00,021|8,0|4,0|88,0|995|919|75|31,02|8,36|0,18|0,00
2013-09-12 10:59:05,571|0,0|0,0|100,0|995|919|75|31,02|8,36|6,39|12,68
2013-09-12 10:59:11,171|6,2|4,1|89,5|995|920|74|31,02|8,36|3,45|36,86
2013-09-12 10:59:16,732|0,0|0,0|100,0|995|919|75|31,02|8,36|4,79|10,81
2013-09-12 10:59:22,255|3,9|7,8|88,2|995|919|75|31,02|8,36|4,78|34,99
2013-09-12 10:59:27,788|1,9|0,0|98,0|995|920|75|31,02|8,36|0,32|0,00
2013-09-12 10:59:33,416|0,0|1,9|98,0|995|920|74|31,01|8,36|8,03|45,73
2013-09-12 10:59:38,997|2,0|6,0|92,0|995|919|75|31,01|8,36|1,06|2,24
2013-09-12 10:59:44,530|0,0|0,0|100,0|995|920|75|31,01|8,36|9,38|47,98
2013-09-12 10:59:50,101|3,9|7,8|88,2|995|920|75|31,01|8,36|0,41|0,06
2013-09-12 10:59:55,635|0,0|0,0|100,0|995|920|75|31,01|8,36|5,15|11,29
2013-09-12 11:00:01,253|6,0|4,0|90,0|995|919|75|31,01|8,36|4,92|34,99
2013-09-12 11:00:06,782|2,0|0,0|98,0|995|920|75|31,01|8,36|4,73|12,45
2013-09-12 11:00:12,347|1,9|1,9|96,0|995|921|74|31,01|8,36|5,91|43,92
2013-09-12 11:00:17,922|0,0|0,0|100,0|995|920|75|31,01|8,36|0,13|2,24
2013-09-12 11:00:23,543|0,0|0,0|100,0|995|920|75|31,01|8,36|9,92|50,00
2013-09-12 11:00:29,115|6,0|4,0|90,0|995|920|75|31,01|8,36|0,23|0,00
2013-09-12 11:00:34,639|0,0|0,0|100,0|995|920|75|31,01|8,36|6,43|13,32
2013-09-12 11:00:40,183|2,0|4,0|93,8|995|920|75|31,01|8,36|5,29|34,99
2013-09-12 11:00:45,731|1,9|0,0|98,0|995|920|75|31,01|8,36|4,33|3,78
2013-09-12 11:00:51,271|0,0|0,0|100,0|995|921|74|31,01|8,36|8,47|46,70
2013-09-12 11:00:56,830|4,0|6,0|90,0|995|920|75|31,01|8,36|1,18|2,24
2013-09-12 11:01:02,373|0,0|0,0|100,0|995|920|75|31,01|8,36|6,39|15,72
2013-09-12 11:01:07,977|4,0|6,0|90,0|995|920|75|31,01|8,36|5,08|34,99
2013-09-12 11:01:13,510|2,0|0,0|98,0|995|920|75|31,01|8,36|2,14|1,39
2013-09-12 11:01:19,101|0,0|0,0|100,0|995|920|75|31,01|8,36|9,69|47,43
2013-09-12 11:01:24,635|4,0|6,1|89,7|995|919|75|31,01|8,36|0,59|0,00
2013-09-12 11:01:30,205|0,0|1,9|98,0|995|920|75|31,01|8,36|7,56|16,51
2013-09-12 11:01:35,758|3,9|5,8|90,1|995|921|74|31,01|8,36|3,68|36,93
2013-09-12 11:01:41,283|0,0|0,0|100,0|995|920|75|31,01|8,36|2,73|2,27
2013-09-12 11:01:46,854|0,0|0,0|100,0|995|920|75|31,01|8,36|9,31|47,66
2013-09-12 11:01:52,389|4,0|6,0|90,0|995|920|75|31,01|8,36|0,44|0,00
2013-09-12 11:01:57,902|0,0|0,0|100,0|995|920|75|31,01|8,36|4,61|14,67
2013-09-12 11:02:03,529|4,0|6,1|89,7|995|920|75|31,01|8,36|5,02|35,98
2013-09-12 11:02:09,079|0,0|0,0|100,0|995|920|75|31,01|8,36|5,90|0,06
2013-09-12 11:02:14,673|0,0|0,0|100,0|995|920|75|31,01|8,36|9,56|51,45
2013-09-12 11:02:20,249|2,0|4,0|93,8|995|920|75|31,01|8,36|0,29|0,00
2013-09-12 11:02:25,772|0,0|0,0|100,0|995|920|75|31,01|8,36|5,90|13,23
2013-09-12 11:02:31,393|6,2|2,0|91,6|995|920|75|31,01|8,36|6,62|35,06
2013-09-12 11:02:36,915|2,0|0,0|98,0|995|920|75|31,01|8,36|1,19|0,00
2013-09-12 11:02:42,542|0,0|0,0|100,0|995|920|75|31,01|8,36|9,20|50,19
2013-09-12 11:02:48,118|4,0|6,0|90,0|995|920|75|31,01|8,36|1,88|0,06
2013-09-12 11:02:53,650|0,0|0,0|100,0|995|920|75|31,01|8,36|4,79|13,65
2013-09-12 11:02:59,262|4,0|6,0|90,0|995|920|75|31,01|8,36|4,78|34,99
2013-09-12 11:03:04,786|0,0|0,0|100,0|995|920|75|31,01|8,36|2,01|0,30
2013-09-12 11:03:10,410|0,0|0,0|100,0|995|920|75|31,01|8,36|10,53|49,72
2013-09-12 11:03:15,984|4,0|6,1|89,7|995|920|75|31,01|8,36|0,29|0,00
2013-09-12 11:03:21,517|1,9|1,9|96,1|995|920|75|31,01|8,36|0,97|0,00
2013-09-12 11:03:27,135|0,0|0,0|100,0|995|920|75|31,01|8,36|5,01|15,67
2013-09-12 11:03:32,735|0,0|0,0|100,0|995|920|75|31,01|8,36|9,80|51,52
2013-09-12 11:03:38,401|87,5|6,2|0,0|995|921|73|31,28|8,36|4,20|35,82
2013-09-12 11:03:44,320|83,3|2,0|0,0|995|922|73|31,67|8,36|1,94|2,24
2013-09-12 11:03:50,749|8,1|4,0|0,0|995|915|79|32,02|8,36|9,64|53,04
2013-09-12 11:03:56,375|6,1|4,0|89,7|995|915|80|32,02|8,36|5,72|34,99
2013-09-12 11:04:01,971|0,0|0,0|100,0|995|915|80|32,02|8,36|0,06|0,00
2013-09-12 11:04:07,567|0,0|0,0|100,0|995|915|80|32,02|8,36|9,62|50,55
2013-09-12 11:04:13,119|84,0|6,0|0,0|995|915|80|32,18|8,36|10,74|49,74
2013-09-12 11:04:18,947|46,0|8,0|0,0|995|920|75|32,52|8,36|0,12|0,00
2013-09-12 11:04:25,369|77,5|4,0|0,0|995|915|80|32,82|8,36|4,92|14,86
2013-09-12 11:04:31,650|6,0|4,0|90,0|995|914|80|33,02|8,36|5,27|35,13
2013-09-12 11:04:37,330|94,0|4,0|0,0|995|921|74|33,21|8,36|5,42|35,00
2013-09-12 11:04:43,235|85,7|12,2|0,0|995|916|78|33,55|8,36|0,23|0,00
2013-09-12 11:04:49,335|68,0|2,0|0,0|995|916|79|33,87|8,36|6,78|17,60
2013-09-12 11:04:55,750|27,0|2,0|0,0|995|917|78|34,16|8,36|12,02|50,03
2013-09-12 11:05:01,741|70,0|12,0|0,0|995|920|75|34,48|8,36|0,64|0,00
2013-09-12 11:05:08,132|75,0|9,6|0,0|995|919|75|34,83|8,36|6,28|17,79
2013-09-12 11:05:14,685|4,0|8,0|88,0|995|913|82|35,04|8,36|4,84|34,99
2013-09-12 11:05:20,244|2,0|4,0|93,8|995|913|82|35,04|8,36|0,23|0,00
2013-09-12 11:05:25,771|0,0|0,0|100,0|995|913|82|35,04|8,36|10,35|16,35
2013-09-12 11:05:31,395|1,9|1,9|96,0|995|914|81|35,04|8,36|9,34|50,33
2013-09-12 11:05:36,919|8,0|4,0|88,0|995|913|82|35,04|8,36|0,12|0,00
2013-09-12 11:05:42,495|2,0|0,0|98,0|995|913|82|35,04|8,36|0,13|2,24
2013-09-12 11:05:48,074|0,0|0,0|100,0|995|913|82|35,04|8,36|9,51|53,97
2013-09-12 11:05:53,631|5,8|5,8|88,2|995|913|82|35,04|8,36|4,85|34,99
2013-09-12 11:05:59,168|4,0|6,1|89,7|995|913|82|35,04|8,36|0,00|0,00
2013-09-12 11:06:04,739|0,0|0,0|100,0|995|913|82|35,04|8,36|11,87|17,06
2013-09-12 11:06:10,351|0,0|0,0|100,0|995|913|82|35,04|8,36|10,64|52,11
2013-09-12 11:06:15,896|8,0|4,0|88,0|995|914|81|35,04|8,36|3,65|36,77
2013-09-12 11:06:21,439|0,0|0,0|100,0|995|913|82|35,04|8,36|0,45|2,24
2013-09-12 11:06:27,034|0,0|0,0|100,0|995|913|82|35,04|8,36|5,12|18,59
2013-09-12 11:06:32,581|2,0|0,0|97,9|995|915|80|35,04|8,36|10,93|35,31
2013-09-12 11:06:38,134|6,1|4,0|89,7|995|913|82|35,04|8,36|0,53|0,00
2013-09-12 11:06:43,671|0,0|0,0|100,0|995|913|82|35,04|8,36|0,31|1,85
2013-09-12 11:06:49,279|0,0|1,9|98,0|995|913|82|35,04|8,36|8,08|20,29
2013-09-12 11:06:54,807|6,3|0,0|93,6|995|913|82|35,04|8,36|4,98|38,21
2013-09-12 11:07:00,389|4,0|6,1|89,7|995|913|82|35,04|8,36|0,30|2,24
2013-09-12 11:07:05,915|1,9|0,0|98,0|995|913|82|35,04|8,36|0,18|0,00
2013-09-12 11:07:11,517|0,0|0,0|100,0|995|913|82|35,03|8,36|7,04|17,22
2013-09-12 11:07:17,073|2,0|0,0|98,0|995|914|81|35,03|8,36|7,58|50,53
2013-09-12 11:07:22,639|4,0|8,0|88,0|995|914|81|35,03|8,36|3,41|33,17
2013-09-12 11:07:28,159|0,0|0,0|100,0|995|913|82|35,03|8,36|0,40|0,00
2013-09-12 11:07:33,719|1,9|0,0|98,0|995|913|82|35,03|8,36|5,15|20,45
2013-09-12 11:07:39,289|1,9|0,0|98,0|995|913|82|35,03|8,36|9,53|55,49
2013-09-12 11:07:44,836|4,0|6,1|89,7|995|913|82|35,03|8,36|5,31|34,99
2013-09-12 11:07:50,402|6,0|6,0|88,0|995|913|82|35,03|8,36|0,00|0,00
2013-09-12 11:07:55,944|0,0|0,0|100,0|995|913|82|35,03|8,36|0,40|0,00
2013-09-12 11:08:01,536|1,9|0,0|98,0|995|913|82|35,03|8,36|5,22|18,54
2013-09-12 11:08:07,135|0,0|0,0|100,0|995|913|82|35,03|8,36|16,84|54,43
2013-09-12 11:08:12,667|6,1|4,0|89,7|995|913|82|35,03|8,36|5,03|35,06
2013-09-12 11:08:18,240|5,8|3,9|88,2|995|913|82|35,03|8,36|0,30|2,24
2013-09-12 11:08:23,760|0,0|0,0|100,0|995|913|82|35,03|8,36|6,61|0,00
2013-09-12 11:08:29,314|0,0|0,0|100,0|995|913|82|35,03|8,36|10,28|19,62
2013-09-12 11:08:34,915|0,0|0,0|100,0|995|913|82|35,03|8,36|9,70|54,66
2013-09-12 11:08:40,413|6,0|6,0|88,0|995|913|82|35,03|8,36|11,40|34,99
2013-09-12 11:08:45,917|4,0|4,0|91,8|995|913|82|35,03|8,36|1,58|2,24
2013-09-12 11:08:51,493|0,0|1,9|98,0|995|913|82|35,03|8,36|2,73|2,21
2013-09-12 11:08:57,065|0,0|0,0|100,0|995|913|82|35,03|8,36|6,61|18,21
2013-09-12 11:09:02,643|0,0|0,0|100,0|995|913|82|35,03|8,36|9,45|54,28
2013-09-12 11:09:08,162|4,0|6,1|89,7|995|913|82|35,03|8,36|4,84|34,99
2013-09-12 11:09:13,697|4,1|4,1|91,6|995|913|82|35,03|8,36|0,12|0,00
2013-09-12 11:09:19,269|0,0|0,0|100,0|995|913|82|35,03|8,36|0,48|2,24
2013-09-12 11:09:24,838|0,0|0,0|100,0|995|913|82|35,03|8,36|0,18|0,06
2013-09-12 11:09:30,414|2,0|0,0|98,0|995|913|82|35,03|8,36|0,13|2,24
2013-09-12 11:09:36,012|0,0|0,0|100,0|995|913|82|35,03|8,36|0,31|0,00
2013-09-12 11:09:41,609|0,0|0,0|100,0|995|913|82|35,03|8,36|0,17|0,00
2013-09-12 11:09:47,184|1,9|0,0|98,0|995|913|82|35,03|8,36|0,18|0,00
2013-09-12 11:09:52,755|4,0|4,0|92,0|995|913|82|35,03|8,36|0,46|0,00
2013-09-12 11:09:58,299|0,0|0,0|100,0|995|913|81|35,03|8,36|0,13|2,24
2013-09-12 11:10:03,964|0,0|0,0|100,0|995|913|82|35,03|8,36|0,36|2,24
2013-09-12 11:10:09,548|0,0|0,0|100,0|995|913|82|35,03|8,36|0,43|2,24
2013-09-12 11:10:15,146|0,0|0,0|100,0|995|913|82|35,03|8,36|0,06|0,00
2013-09-12 11:10:20,743|0,0|0,0|100,0|995|913|82|35,03|8,36|0,06|0,00
2013-09-12 11:10:26,346|6,1|4,0|89,7|995|913|81|35,03|8,36|0,80|0,00
2013-09-12 11:10:31,923|4,0|8,0|88,0|995|914|81|35,03|8,36|1,54|32,34
2013-09-12 11:10:37,486|0,0|1,9|98,0|995|913|82|35,03|8,36|9,86|54,35
2013-09-12 11:10:43,036|6,0|4,0|90,0|995|913|81|35,03|8,36|4,97|34,99
2013-09-12 11:10:48,586|4,0|6,0|88,0|995|913|82|35,03|8,36|0,19|2,24
2013-09-12 11:10:54,151|2,0|0,0|98,0|995|913|81|35,03|8,36|0,12|0,00
2013-09-12 11:10:59,731|0,0|0,0|100,0|995|913|81|35,03|8,36|2,85|1,39
2013-09-12 11:11:05,330|0,0|0,0|100,0|995|913|81|35,03|8,36|5,31|21,02
2013-09-12 11:11:10,931|0,0|2,0|98,0|995|913|81|35,03|8,36|10,77|56,00
2013-09-12 11:11:16,479|8,1|2,0|89,7|995|913|81|35,03|8,36|5,17|38,13
2013-09-12 11:11:22,027|6,0|4,0|90,0|995|913|81|35,03|8,36|5,73|37,17
2013-09-12 11:11:27,582|2,0|6,2|91,6|995|913|82|35,03|8,36|0,36|3,28
2013-09-12 11:11:33,141|2,0|0,0|98,0|995|913|81|35,03|8,36|0,12|0,00
2013-09-12 11:11:38,727|0,0|0,0|100,0|995|913|81|35,03|8,36|0,60|0,00
2013-09-12 11:11:44,319|0,0|0,0|100,0|995|913|81|35,03|8,36|4,81|21,46
2013-09-12 11:11:49,927|1,9|0,0|98,0|995|913|81|35,03|8,36|10,11|56,43
2013-09-12 11:11:55,499|0,0|0,0|100,0|995|914|80|35,03|8,36|8,16|57,37
2013-09-12 11:12:01,051|6,1|4,0|89,7|995|913|81|35,02|8,36|4,99|37,23
2013-09-12 11:12:06,555|10,0|6,0|84,0|995|913|81|35,02|8,36|10,38|0,00
2013-09-12 11:12:12,129|3,9|7,8|88,2|995|913|81|35,02|8,36|0,12|0,00
2013-09-12 11:12:17,659|2,0|0,0|98,0|995|913|81|35,02|8,36|2,69|0,06
2013-09-12 11:12:23,269|0,0|0,0|100,0|995|913|81|35,02|8,36|0,53|0,00
2013-09-12 11:12:28,839|0,0|0,0|100,0|995|913|81|35,02|8,36|4,66|24,15
2013-09-12 11:12:34,398|0,0|0,0|100,0|995|913|81|35,02|8,36|6,94|25,79
2013-09-12 11:12:39,945|0,0|0,0|100,0|995|913|81|35,02|8,36|10,40|59,46
2013-09-12 11:12:45,499|4,0|2,0|93,8|995|913|81|35,02|8,36|4,97|34,93
2013-09-12 11:12:51,049|6,0|4,0|90,0|995|913|81|35,02|8,36|4,93|34,93
2013-09-12 11:12:56,577|6,1|4,0|89,7|995|913|81|35,02|8,36|1,05|0,00
2013-09-12 11:13:02,134|6,0|6,0|88,0|995|913|81|35,02|8,36|0,55|0,00
2013-09-12 11:13:07,623|1,9|1,9|96,1|995|913|81|35,02|8,36|0,12|0,06
2013-09-12 11:13:13,223|0,0|0,0|100,0|995|913|81|35,02|8,36|0,36|0,06
2013-09-12 11:13:18,813|0,0|0,0|100,0|995|913|81|35,02|8,36|4,04|4,45
2013-09-12 11:13:24,406|0,0|0,0|100,0|995|913|81|35,02|8,36|4,79|21,87
2013-09-12 11:13:29,929|0,0|0,0|100,0|995|913|81|35,02|8,36|5,80|22,86
2013-09-12 11:13:35,513|0,0|0,0|100,0|995|913|81|35,02|8,36|9,71|58,67
2013-09-12 11:13:41,043|0,0|0,0|100,0|995|913|81|35,02|8,36|10,85|57,93
2013-09-12 11:13:46,604|2,0|0,0|97,9|995|915|80|35,02|8,36|5,45|38,17
2013-09-12 11:13:52,169|2,0|6,2|91,6|995|913|81|35,02|8,36|5,43|37,17
2013-09-12 11:13:57,675|7,8|3,9|88,2|995|913|81|35,02|8,36|3,26|34,56
2013-09-12 11:14:03,258|3,9|7,8|88,2|995|913|81|35,02|8,36|0,52|0,00
2013-09-12 11:14:08,790|3,9|7,8|88,2|995|913|81|35,02|8,36|0,12|0,00
2013-09-12 11:14:14,319|0,0|2,0|98,0|995|913|81|35,02|8,36|0,44|0,00
2013-09-12 11:14:19,929|2,0|0,0|98,0|995|913|81|35,02|8,36|0,09|0,00
2013-09-12 11:14:25,493|0,0|0,0|100,0|995|913|81|35,02|8,36|0,57|2,24
2013-09-12 11:14:31,039|0,0|0,0|100,0|995|913|81|35,02|8,36|0,60|2,24
2013-09-12 11:14:36,652|0,0|0,0|100,0|995|913|81|35,02|8,36|1,97|1,46
2013-09-12 11:14:42,267|0,0|0,0|100,0|995|913|81|35,02|8,36|4,67|23,85
2013-09-12 11:14:47,797|0,0|0,0|100,0|995|913|81|35,02|8,36|4,97|23,88
2013-09-12 11:14:53,348|0,0|0,0|100,0|995|913|81|35,02|8,36|6,63|25,38
2013-09-12 11:14:58,925|0,0|0,0|100,0|995|913|81|35,02|8,36|9,53|59,58
2013-09-12 11:15:04,439|0,0|0,0|100,0|995|913|81|35,02|8,36|9,77|61,30
2013-09-12 11:15:10,015|0,0|0,0|100,0|995|913|81|35,02|8,36|9,95|60,46
2013-09-12 11:15:15,541|0,0|0,0|100,0|995|914|80|35,02|8,36|8,73|57,99
2013-09-12 11:15:21,059|4,0|2,0|93,8|995|913|81|35,02|8,36|5,44|34,93
2013-09-12 11:15:26,607|5,8|5,8|88,2|995|913|81|35,02|8,36|5,34|34,93
2013-09-12 11:15:32,149|4,0|6,1|89,7|995|913|81|35,02|8,36|13,28|35,91
2013-09-12 11:15:37,665|8,0|6,0|86,0|995|915|80|35,02|8,36|3,43|36,86
2013-09-12 11:15:43,184|4,0|8,0|88,0|995|915|80|35,02|8,36|2,96|33,60
2013-09-12 11:15:48,754|4,0|8,0|88,0|995|913|81|35,02|8,36|0,28|0,00
2013-09-12 11:15:54,291|2,0|8,0|90,0|995|914|81|35,02|8,36|0,22|0,00
2013-09-12 11:15:59,810|2,0|8,1|89,7|995|914|81|35,02|8,36|0,95|0,00
2013-09-12 11:16:05,306|2,0|6,2|91,6|995|914|81|35,02|8,36|0,67|0,00
2013-09-12 11:16:10,815|4,0|6,1|89,7|995|914|81|35,02|8,36|0,78|0,06
2013-09-12 11:16:16,385|4,0|6,0|90,0|995|914|81|35,02|8,36|0,27|2,24
2013-09-12 11:16:21,910|4,0|6,1|89,7|995|914|81|35,02|8,36|0,08|0,00
2013-09-12 11:16:27,432|8,1|2,0|89,7|995|914|81|35,02|8,36|0,62|0,00
2013-09-12 11:16:32,942|3,9|7,8|88,2|995|914|81|35,02|8,36|0,12|0,00
2013-09-12 11:16:38,511|7,8|5,8|86,2|995|914|81|35,02|8,36|0,06|0,00
2013-09-12 11:16:44,047|4,0|6,1|89,7|995|914|81|35,01|8,36|0,25|2,24
2013-09-12 11:16:49,550|4,1|4,1|91,6|995|914|81|35,01|8,36|0,19|2,24
2013-09-12 11:16:55,063|4,0|8,0|88,0|995|914|81|35,01|8,36|0,29|0,00
2013-09-12 11:17:00,628|6,1|4,0|89,7|995|914|81|35,01|8,36|0,00|0,00
2013-09-12 11:17:06,149|3,8|7,6|86,5|995|914|81|35,01|8,36|0,32|0,00
2013-09-12 11:17:11,684|6,0|6,0|88,0|995|914|81|35,01|8,36|2,53|0,00
2013-09-12 11:17:17,193|4,0|4,0|91,8|995|914|81|35,01|8,36|0,54|0,06
2013-09-12 11:17:22,763|4,0|6,0|90,0|995|914|81|35,01|8,36|1,91|2,24
2013-09-12 11:17:28,295|8,0|4,0|88,0|995|914|81|35,01|8,36|0,06|0,00
2013-09-12 11:17:33,811|4,0|8,0|88,0|995|914|81|35,01|8,36|0,69|0,00
2013-09-12 11:17:39,356|8,1|6,1|85,7|995|914|81|35,01|8,36|0,12|0,00
2013-09-12 11:17:44,925|4,0|10,2|85,7|995|914|81|35,01|8,36|0,23|0,00
2013-09-12 11:17:50,514|6,1|6,1|87,7|995|914|81|35,01|8,36|0,66|0,00
2013-09-12 11:17:56,060|6,1|6,1|87,7|995|915|80|35,01|8,36|3,76|37,97
2013-09-12 11:18:01,625|6,1|4,0|89,7|995|915|80|35,01|8,36|4,05|35,78
2013-09-12 11:18:07,172|4,0|4,0|91,8|995|914|81|35,01|8,36|4,85|34,93
2013-09-12 11:18:12,691|7,8|3,9|88,2|995|914|81|35,01|8,36|5,50|34,94
2013-09-12 11:18:18,259|4,1|4,1|91,6|995|914|81|35,01|8,36|5,03|34,93
2013-09-12 11:18:23,795|8,0|4,0|88,0|995|913|81|35,01|8,36|5,05|34,99
2013-09-12 11:18:29,310|2,0|6,1|91,8|995|913|81|35,01|8,36|6,40|34,99
2013-09-12 11:18:34,859|2,0|2,0|96,0|995|915|80|35,01|8,36|5,98|58,19
2013-09-12 11:18:40,426|1,9|1,9|96,0|995|914|80|35,01|8,36|13,64|59,38
2013-09-12 11:18:45,925|13,7|86,2|0,0|995|914|81|35,01|8,36|7,95|59,91
2013-09-12 11:18:51,601|16,3|83,6|0,0|995|915|80|35,01|8,36|3,47|33,54
2013-09-12 11:18:57,352|20,0|78,0|0,0|995|914|81|35,01|8,36|0,97|0,00
2013-09-12 11:19:03,106|2,0|8,0|90,0|995|913|81|35,01|8,36|0,27|0,00
2013-09-12 11:19:08,653|4,0|6,1|89,7|995|913|81|35,01|8,36|0,06|0,00
2013-09-12 11:19:14,183|6,2|6,2|87,5|995|914|81|35,01|8,36|0,25|2,24
2013-09-12 11:19:19,715|6,2|4,1|89,5|995|915|79|35,01|8,36|0,00|0,00
2013-09-12 11:19:25,310|1,9|9,8|88,2|995|915|80|35,01|8,36|3,91|33,54
2013-09-12 11:19:30,870|4,0|6,1|89,7|995|914|81|35,01|8,36|4,95|34,99
2013-09-12 11:19:36,420|6,1|4,0|89,7|995|914|81|35,01|8,36|5,07|34,99
2013-09-12 11:19:41,942|2,0|2,0|96,0|995|915|80|35,01|8,36|6,89|62,28
2013-09-12 11:19:47,514|0,0|0,0|100,0|995|914|81|35,01|8,36|11,29|63,42
2013-09-12 11:19:53,067|0,0|0,0|100,0|995|914|81|35,01|8,36|18,39|65,06
2013-09-12 11:19:58,614|0,0|0,0|100,0|995|914|81|35,01|8,36|9,56|61,88
2013-09-12 11:20:04,163|0,0|0,0|100,0|995|914|81|35,01|8,36|9,85|62,96
2013-09-12 11:20:09,687|0,0|0,0|100,0|995|914|81|35,01|8,36|6,60|29,26
2013-09-12 11:20:15,272|0,0|0,0|100,0|995|914|81|35,01|8,36|4,93|28,11
2013-09-12 11:20:20,845|0,0|0,0|100,0|995|914|81|35,01|8,36|4,84|28,97
2013-09-12 11:20:26,422|0,0|0,0|100,0|995|914|81|35,01|8,36|4,77|16,31
2013-09-12 11:20:31,951|0,0|0,0|100,0|995|914|81|35,01|8,36|0,90|0,00
2013-09-12 11:20:37,493|0,0|0,0|100,0|995|914|81|35,01|8,36|0,18|0,00
2013-09-12 11:20:43,114|0,0|1,9|98,0|995|914|81|35,01|8,36|0,41|0,00
2013-09-12 11:20:48,732|1,9|0,0|98,0|995|914|81|35,01|8,36|0,17|0,00
2013-09-12 11:20:54,324|2,0|0,0|97,9|995|914|81|35,01|8,36|0,00|0,00
2013-09-12 11:20:59,896|1,9|0,0|98,0|995|914|81|35,01|8,36|1,66|0,06
2013-09-12 11:21:05,439|1,9|0,0|96,1|995|914|81|35,01|8,36|0,22|2,24
2013-09-12 11:21:11,012|3,9|7,8|88,2|995|914|81|35,01|8,36|0,92|0,00
2013-09-12 11:21:16,556|4,1|4,1|91,6|995|914|81|35,01|8,36|0,69|0,00
2013-09-12 11:21:22,074|4,0|8,0|88,0|995|915|80|35,01|8,36|3,98|33,54
2013-09-12 11:21:27,651|6,1|2,0|89,7|995|914|81|35,01|8,36|6,26|34,99
2013-09-12 11:21:33,194|0,0|2,0|98,0|995|915|80|35,01|8,36|9,13|63,26
2013-09-12 11:21:38,697|0,0|0,0|100,0|995|914|81|35,00|8,36|10,69|64,84
2013-09-12 11:21:44,269|0,0|0,0|100,0|995|914|81|35,00|8,36|13,16|33,65
2013-09-12 11:21:49,831|0,0|0,0|100,0|995|914|81|35,00|8,36|5,45|29,34
2013-09-12 11:21:55,443|0,0|0,0|100,0|995|914|81|35,00|8,36|5,43|29,39
2013-09-12 11:22:00,995|0,0|0,0|100,0|995|914|81|35,00|8,36|0,80|0,00
2013-09-12 11:22:06,591|2,0|0,0|98,0|995|914|81|35,00|8,36|0,40|0,00
2013-09-12 11:22:12,225|0,0|0,0|100,0|995|914|81|35,00|8,36|0,75|2,24
2013-09-12 11:22:17,816|0,0|0,0|100,0|995|914|81|35,00|8,36|0,92|2,24
2013-09-12 11:22:23,327|0,0|0,0|100,0|995|914|81|35,00|8,36|0,42|3,28
2013-09-12 11:22:28,926|5,8|3,9|90,1|995|914|81|35,00|8,36|0,42|0,00
2013-09-12 11:22:34,452|4,0|6,0|90,0|995|914|81|35,00|8,36|4,00|0,00
2013-09-12 11:22:40,031|4,0|8,0|88,0|995|915|80|35,00|8,36|3,07|33,54
2013-09-12 11:22:45,567|4,0|6,1|89,7|995|914|81|35,00|8,36|4,72|34,99
2013-09-12 11:22:51,072|0,0|0,0|100,0|995|914|81|35,00|8,36|9,99|67,35
2013-09-12 11:22:56,569|0,0|0,0|100,0|995|914|81|35,00|8,36|9,60|35,04
2013-09-12 11:23:02,157|0,0|0,0|100,0|995|914|81|35,00|8,36|5,15|29,26
2013-09-12 11:23:07,701|0,0|0,0|100,0|995|914|81|35,00|8,36|0,94|0,00
2013-09-12 11:23:13,242|0,0|0,0|100,0|995|914|81|35,00|8,36|0,91|0,00
2013-09-12 11:23:18,802|2,0|0,0|98,0|995|914|81|35,00|8,36|0,29|0,00
2013-09-12 11:23:24,395|5,8|5,8|88,2|995|914|81|35,00|8,36|0,80|2,24
2013-09-12 11:23:29,931|4,0|6,1|89,7|995|914|81|35,00|8,36|2,71|2,24
2013-09-12 11:23:35,458|4,0|6,1|89,7|995|914|80|35,00|8,36|5,40|37,23
2013-09-12 11:23:41,029|0,0|0,0|100,0|995|914|80|35,00|8,36|10,62|66,81
2013-09-12 11:23:46,562|0,0|0,0|100,0|995|914|80|35,00|8,36|8,54|33,48
2013-09-12 11:23:52,170|0,0|0,0|100,0|995|914|81|35,00|8,36|5,42|30,95
2013-09-12 11:23:57,695|0,0|0,0|100,0|995|914|81|35,00|8,36|1,01|0,00
2013-09-12 11:24:03,279|0,0|0,0|100,0|995|914|81|35,00|8,36|1,07|2,24
2013-09-12 11:24:08,838|6,1|4,0|89,7|995|914|80|35,00|8,36|1,11|2,24
2013-09-12 11:24:14,404|10,0|4,0|86,0|995|914|81|35,00|8,36|0,43|0,00
2013-09-12 11:24:19,947|5,7|7,6|86,5|995|914|81|35,00|8,36|5,32|34,99
2013-09-12 11:24:25,457|0,0|0,0|100,0|995|914|81|35,00|8,36|10,27|66,46
2013-09-12 11:24:31,027|0,0|0,0|100,0|995|914|81|35,00|8,36|6,68|30,44
2013-09-12 11:24:36,606|0,0|0,0|100,0|995|914|80|35,00|8,36|2,18|1,24
2013-09-12 11:24:42,189|2,0|0,0|98,0|995|914|80|35,00|8,36|0,94|0,06
2013-09-12 11:24:47,752|2,0|0,0|98,0|995|914|81|35,00|8,36|8,09|3,30
2013-09-12 11:24:53,330|6,0|4,0|90,0|995|914|81|35,00|8,36|0,83|0,00
2013-09-12 11:24:58,825|4,0|6,1|89,7|995|914|81|35,00|8,36|5,54|34,99
2013-09-12 11:25:04,373|0,0|0,0|100,0|995|914|81|35,00|8,36|13,32|66,88
2013-09-12 11:25:09,934|1,9|0,0|98,0|995|914|81|35,00|8,36|4,80|30,90
2013-09-12 11:25:15,492|0,0|0,0|100,0|995|914|81|35,00|8,36|0,61|0,06
2013-09-12 11:25:21,080|2,0|0,0|98,0|995|914|80|35,00|8,36|4,58|2,24
2013-09-12 11:25:26,631|0,0|0,0|100,0|995|914|81|35,00|8,36|8,41|2,21
2013-09-12 11:25:32,211|6,1|4,0|89,7|995|914|80|35,00|8,36|0,31|0,00
2013-09-12 11:25:37,777|4,0|8,0|88,0|995|914|80|35,00|8,36|7,99|34,93
2013-09-12 11:25:43,325|0,0|0,0|100,0|995|914|81|35,00|8,36|10,01|67,24
2013-09-12 11:25:48,913|0,0|0,0|100,0|995|914|80|35,00|8,36|4,67|32,45
2013-09-12 11:25:54,482|0,0|0,0|100,0|995|914|80|35,00|8,36|0,13|2,24
2013-09-12 11:26:00,082|1,9|0,0|98,0|995|914|80|35,00|8,36|2,25|0,06
2013-09-12 11:26:05,632|0,0|4,1|95,8|995|914|80|35,00|8,36|0,39|0,00
2013-09-12 11:26:11,195|4,0|6,0|90,0|995|915|79|35,00|8,36|4,78|33,60
2013-09-12 11:26:16,707|2,0|0,0|97,9|995|916|79|35,00|8,36|5,95|64,17
2013-09-12 11:26:22,293|0,0|1,9|98,0|995|914|80|34,99|8,36|11,32|68,55
2013-09-12 11:26:27,823|0,0|0,0|100,0|995|914|80|34,99|8,36|2,69|3,03
2013-09-12 11:26:33,359|2,0|0,0|98,0|995|914|81|34,99|8,36|1,01|0,06
2013-09-12 11:26:38,939|1,9|5,8|90,1|995|914|80|34,99|8,36|0,34|2,24
2013-09-12 11:26:44,454|4,0|4,0|91,8|995|915|80|34,99|8,36|3,42|34,56
2013-09-12 11:26:50,007|0,0|0,0|100,0|995|915|79|34,99|8,36|7,81|65,72
2013-09-12 11:26:55,566|0,0|0,0|100,0|995|914|80|34,99|8,36|6,53|33,56
2013-09-12 11:27:01,186|0,0|2,0|98,0|995|914|80|34,99|8,36|0,77|0,00
2013-09-12 11:27:06,751|1,9|0,0|98,0|995|914|80|34,99|8,36|0,68|2,24
2013-09-12 11:27:12,312|2,0|8,0|90,0|995|914|80|34,99|8,36|0,98|2,24
2013-09-12 11:27:17,826|6,0|4,0|90,0|995|914|80|34,99|8,36|4,78|34,99
2013-09-12 11:27:23,339|0,0|0,0|100,0|995|914|80|34,99|8,36|9,60|68,66
2013-09-12 11:27:28,915|0,0|0,0|100,0|995|914|80|34,99|8,36|2,91|2,31
2013-09-12 11:27:34,471|2,0|0,0|98,0|995|914|80|34,99|8,36|1,15|0,00
2013-09-12 11:27:40,067|2,0|2,0|96,0|995|914|80|34,99|8,36|1,34|0,00
2013-09-12 11:27:45,583|4,0|8,0|88,0|995|914|80|34,99|8,36|5,22|34,99
2013-09-12 11:27:51,130|0,0|0,0|100,0|995|914|80|34,99|8,36|11,10|71,15
2013-09-12 11:27:56,681|0,0|0,0|100,0|995|914|80|34,99|8,36|5,47|34,54
2013-09-12 11:28:02,211|2,0|0,0|98,0|995|914|80|34,99|8,36|0,35|0,00
2013-09-12 11:28:07,773|3,9|5,8|90,1|995|914|80|34,99|8,36|2,37|0,00
2013-09-12 11:28:13,315|6,0|6,0|88,0|995|914|80|34,99|8,36|5,80|34,93
2013-09-12 11:28:18,829|0,0|0,0|100,0|995|914|80|34,99|8,36|9,71|71,54
2013-09-12 11:28:24,334|0,0|0,0|100,0|995|914|80|34,99|8,36|2,94|4,63
2013-09-12 11:28:29,902|2,0|0,0|98,0|995|914|80|34,99|8,36|2,37|0,00
2013-09-12 11:28:35,505|2,0|2,0|95,9|995|914|80|34,99|8,36|0,80|0,00
2013-09-12 11:28:41,054|8,0|4,0|88,0|995|915|79|34,99|8,36|4,03|34,69
2013-09-12 11:28:46,574|0,0|1,9|98,0|995|914|80|34,99|8,36|9,89|69,74
2013-09-12 11:28:52,167|0,0|0,0|100,0|995|914|80|34,99|8,36|5,51|34,73
2013-09-12 11:28:57,692|1,9|0,0|98,0|995|914|80|34,99|8,36|0,58|0,06
2013-09-12 11:29:03,267|6,0|6,0|88,0|995|914|80|34,99|8,36|0,13|2,24
2013-09-12 11:29:08,822|6,2|2,0|91,6|995|914|80|34,99|8,36|4,91|34,93
2013-09-12 11:29:14,322|0,0|0,0|100,0|995|914|80|34,99|8,36|9,99|70,08
2013-09-12 11:29:19,915|0,0|0,0|100,0|995|915|80|34,99|8,36|0,00|0,00
2013-09-12 11:29:25,487|2,0|0,0|98,0|995|915|80|34,99|8,36|0,76|0,00
2013-09-12 11:29:31,022|7,8|3,9|86,2|995|915|80|34,99|8,36|0,39|2,24
2013-09-12 11:29:36,560|0,0|0,0|100,0|995|915|80|34,99|8,36|10,40|74,24
2013-09-12 11:29:42,139|0,0|0,0|100,0|995|915|80|34,99|8,36|6,03|34,46
2013-09-12 11:29:47,703|0,0|0,0|100,0|995|915|80|34,99|8,36|0,36|0,00
2013-09-12 11:29:53,296|1,9|1,9|96,0|995|915|80|34,99|8,36|0,32|0,00
2013-09-12 11:29:58,895|6,0|6,0|88,0|995|916|79|34,99|8,36|3,21|33,54
2013-09-12 11:30:04,441|0,0|0,0|100,0|995|915|80|34,99|8,36|11,11|70,59
2013-09-12 11:30:10,039|0,0|0,0|100,0|995|915|80|34,99|8,36|7,51|2,07
2013-09-12 11:30:15,603|1,9|0,0|98,0|995|915|80|34,99|8,36|4,69|2,24
2013-09-12 11:30:21,127|5,8|5,8|88,2|995|915|80|34,99|8,36|0,62|0,00
2013-09-12 11:30:26,684|0,0|0,0|100,0|995|915|80|34,99|8,36|10,25|70,75
2013-09-12 11:30:32,255|0,0|0,0|100,0|995|915|80|34,99|8,36|4,82|36,09
2013-09-12 11:30:37,817|2,0|0,0|98,0|995|915|80|34,99|8,36|0,25|0,00
2013-09-12 11:30:43,392|2,0|4,0|93,8|995|915|80|34,99|8,36|0,36|0,00
2013-09-12 11:30:48,957|5,8|5,8|86,2|995|915|80|34,99|8,36|5,04|38,15
2013-09-12 11:30:54,511|0,0|0,0|100,0|995|915|80|34,99|8,36|10,96|37,56
2013-09-12 11:31:00,097|0,0|0,0|100,0|995|915|80|34,99|8,36|0,91|0,00
2013-09-12 11:31:05,691|4,0|2,0|93,8|995|915|80|34,99|8,36|0,12|0,00
2013-09-12 11:31:11,213|2,0|4,0|93,8|995|915|80|34,99|8,36|5,53|34,99
2013-09-12 11:31:16,775|0,0|0,0|100,0|995|915|80|34,98|8,36|11,09|36,58
2013-09-12 11:31:22,403|1,9|0,0|98,0|995|915|80|34,98|8,36|0,38|0,00
2013-09-12 11:31:27,999|4,1|4,1|91,6|995|915|80|34,98|8,36|1,77|2,24
2013-09-12 11:31:33,541|0,0|0,0|100,0|995|916|79|34,98|8,36|6,24|70,45
2013-09-12 11:31:39,129|0,0|0,0|100,0|995|915|80|34,98|8,36|5,11|36,93
2013-09-12 11:31:44,693|0,0|0,0|100,0|995|915|80|34,98|8,36|0,06|0,00
2013-09-12 11:31:50,271|4,0|6,0|90,0|995|915|80|34,98|8,36|0,66|0,00
2013-09-12 11:31:55,803|2,0|0,0|98,0|995|915|80|34,98|8,36|9,91|72,14
2013-09-12 11:32:01,329|0,0|0,0|100,0|995|915|80|34,98|8,36|2,10|3,54
2013-09-12 11:32:06,911|2,0|0,0|98,0|995|915|80|34,98|8,36|0,39|2,24
2013-09-12 11:32:12,498|4,0|6,0|90,0|995|916|79|34,98|8,36|4,38|36,94
2013-09-12 11:32:18,053|0,0|0,0|100,0|995|915|80|34,98|8,36|8,31|40,13
2013-09-12 11:32:23,570|0,0|0,0|100,0|995|915|80|34,98|8,36|0,12|0,00
2013-09-12 11:32:29,083|2,0|0,0|98,0|995|915|80|34,98|8,36|0,38|0,00
2013-09-12 11:32:34,678|2,0|6,2|91,6|995|915|80|34,98|8,36|6,78|34,99
2013-09-12 11:32:40,241|0,0|0,0|100,0|995|915|80|34,98|8,36|5,36|39,94
2013-09-12 11:32:45,813|0,0|0,0|100,0|995|915|80|34,98|8,36|0,45|2,24
2013-09-12 11:32:51,395|6,1|4,0|89,7|995|915|80|34,98|8,36|0,06|0,00
2013-09-12 11:32:56,929|0,0|0,0|100,0|995|915|80|34,98|8,36|10,23|72,71
2013-09-12 11:33:02,495|0,0|0,0|100,0|995|915|80|34,98|8,36|1,98|1,29
2013-09-12 11:33:08,088|0,0|0,0|100,0|995|915|80|34,98|8,36|0,11|0,00
2013-09-12 11:33:13,646|4,0|8,0|88,0|995|915|80|34,98|8,36|5,42|36,73
2013-09-12 11:33:19,200|0,0|0,0|100,0|995|915|80|34,98|8,36|5,38|40,52
2013-09-12 11:33:24,795|0,0|0,0|100,0|995|915|80|34,98|8,36|0,25|2,24
2013-09-12 11:33:30,339|6,0|6,0|88,0|995|915|80|34,98|8,36|1,35|0,00
2013-09-12 11:33:35,841|0,0|0,0|100,0|995|915|80|34,98|8,36|9,91|73,47
2013-09-12 11:33:41,354|0,0|0,0|100,0|995|915|80|34,98|8,36|0,52|0,00
2013-09-12 11:33:46,962|1,9|0,0|98,0|995|915|80|34,98|8,36|1,31|0,00
2013-09-12 11:33:52,542|4,0|6,0|90,0|995|915|80|34,98|8,36|5,22|38,18
2013-09-12 11:33:58,079|0,0|0,0|100,0|995|915|80|34,98|8,36|4,89|39,45
2013-09-12 11:34:03,606|0,0|0,0|100,0|995|915|80|34,98|8,36|0,39|0,00
2013-09-12 11:34:09,232|2,0|8,1|89,7|995|915|80|34,98|8,36|0,21|0,00
2013-09-12 11:34:14,799|0,0|0,0|100,0|995|915|80|34,98|8,36|9,89|73,90
2013-09-12 11:34:20,333|0,0|0,0|100,0|995|915|80|34,98|8,36|0,21|0,00
2013-09-12 11:34:25,853|4,0|4,0|91,8|995|915|80|34,98|8,36|0,84|0,00
2013-09-12 11:34:31,437|0,0|0,0|100,0|995|916|79|34,98|8,36|8,24|76,12
2013-09-12 11:34:36,978|0,0|0,0|100,0|995|915|80|34,98|8,36|1,07|2,24
2013-09-12 11:34:42,581|1,9|0,0|98,0|995|915|80|34,98|8,36|1,02|0,00
2013-09-12 11:34:48,160|8,1|2,0|89,7|995|915|80|34,98|8,36|5,33|34,93
2013-09-12 11:34:53,699|0,0|0,0|100,0|995|915|80|34,98|8,36|5,35|39,49
2013-09-12 11:34:59,235|1,9|1,9|96,0|995|915|80|34,98|8,36|0,32|0,00
2013-09-12 11:35:04,837|6,0|6,0|88,0|995|916|78|34,98|8,36|0,59|2,24
2013-09-12 11:35:10,409|0,0|0,0|100,0|995|915|80|34,98|8,36|9,53|76,99
2013-09-12 11:35:15,947|0,0|0,0|100,0|995|915|80|34,98|8,36|0,49|2,24
2013-09-12 11:35:21,468|4,0|6,1|89,7|995|915|80|34,98|8,36|0,00|0,00
2013-09-12 11:35:26,982|0,0|1,9|98,0|995|915|80|34,98|8,36|10,33|74,90
2013-09-12 11:35:32,551|0,0|0,0|100,0|995|915|80|34,98|8,36|0,85|0,00
2013-09-12 11:35:38,083|2,0|6,0|92,0|995|915|80|34,98|8,36|0,41|0,00
2013-09-12 11:35:43,612|0,0|0,0|100,0|995|916|79|34,98|8,36|8,33|75,56
2013-09-12 11:35:49,183|0,0|0,0|100,0|995|915|80|34,98|8,36|2,81|3,54
2013-09-12 11:35:54,747|0,0|0,0|100,0|995|915|80|34,98|8,36|0,17|0,00
2013-09-12 11:36:00,329|6,1|4,0|89,7|995|915|80|34,97|8,36|4,72|34,99
2013-09-12 11:36:05,850|0,0|0,0|100,0|995|915|80|34,97|8,36|1,61|2,10
2013-09-12 11:36:11,391|0,0|2,0|98,0|995|915|80|34,97|8,36|4,51|0,00
2013-09-12 11:36:16,970|4,0|4,0|92,0|995|915|80|34,97|8,36|6,02|38,28
2013-09-12 11:36:22,477|0,0|0,0|100,0|995|915|80|34,97|8,36|0,63|2,24
2013-09-12 11:36:28,067|2,0|0,0|98,0|995|915|80|34,97|8,36|0,19|2,24
2013-09-12 11:36:33,651|6,0|4,0|90,0|995|915|80|34,97|8,36|4,97|34,93
2013-09-12 11:36:39,199|0,0|0,0|100,0|995|915|80|34,97|8,36|1,67|1,29
2013-09-12 11:36:44,756|1,9|0,0|98,0|995|915|80|34,97|8,36|0,12|0,00
2013-09-12 11:36:50,365|4,0|0,0|96,0|995|916|79|34,97|8,36|7,24|72,83
2013-09-12 11:36:55,933|0,0|0,0|100,0|995|915|80|34,97|8,36|10,83|3,28
2013-09-12 11:37:01,511|2,0|0,0|98,0|995|915|80|34,97|8,36|2,00|0,06
2013-09-12 11:37:07,119|2,0|2,0|96,0|995|917|78|34,97|8,36|5,55|49,62
2013-09-12 11:37:12,700|0,0|0,0|100,0|995|915|80|34,97|8,36|3,05|0,00
2013-09-12 11:37:18,270|2,0|0,0|98,0|995|915|80|34,97|8,36|1,27|0,00
2013-09-12 11:37:23,862|0,0|0,0|100,0|995|915|80|34,97|8,36|9,51|76,45
2013-09-12 11:37:29,432|0,0|0,0|100,0|995|915|80|34,97|8,36|1,55|0,00
2013-09-12 11:37:34,974|1,9|9,6|86,5|995|915|80|34,97|8,36|1,88|2,24
2013-09-12 11:37:40,486|0,0|0,0|100,0|995|915|80|34,97|8,36|9,71|78,26
2013-09-12 11:37:46,065|0,0|0,0|100,0|995|915|80|34,97|8,36|0,33|0,00
2013-09-12 11:37:51,590|2,0|6,2|91,6|995|915|80|34,97|8,36|0,48|0,00
2013-09-12 11:37:57,103|0,0|0,0|100,0|995|915|80|34,97|8,36|5,62|41,91
2013-09-12 11:38:02,653|0,0|0,0|100,0|995|915|80|34,97|8,36|0,21|0,00
2013-09-12 11:38:08,222|6,0|4,0|90,0|995|915|80|34,97|8,36|5,34|38,05
2013-09-12 11:38:13,725|0,0|0,0|100,0|995|915|80|34,97|8,36|5,11|42,85
2013-09-12 11:38:19,231|2,0|0,0|98,0|995|915|80|34,97|8,36|0,45|0,00
2013-09-12 11:38:24,799|6,0|0,0|94,0|995|917|78|34,97|8,36|5,08|34,99
2013-09-12 11:38:30,351|0,0|0,0|100,0|995|915|80|34,97|8,36|0,46|0,00
2013-09-12 11:38:35,953|2,0|6,0|92,0|995|915|80|34,97|8,36|0,27|0,00
2013-09-12 11:38:41,474|0,0|0,0|100,0|995|915|80|34,97|8,36|9,78|77,51
2013-09-12 11:38:46,981|0,0|0,0|100,0|995|915|80|34,97|8,36|0,26|1,72
2013-09-12 11:38:52,580|6,1|6,1|87,7|995|916|78|34,97|8,36|4,05|36,86
2013-09-12 11:38:58,103|0,0|0,0|100,0|995|915|80|34,97|8,36|5,59|43,35
2013-09-12 11:39:03,628|0,0|0,0|100,0|995|915|80|34,97|8,36|0,00|0,00
2013-09-12 11:39:09,187|6,1|4,0|89,7|995|915|80|34,97|8,36|6,20|34,99
2013-09-12 11:39:14,719|2,0|0,0|98,0|995|915|80|34,97|8,36|0,18|0,00
2013-09-12 11:39:20,279|3,9|0,0|96,0|995|915|80|34,97|8,36|0,06|4,76
2013-09-12 11:39:25,857|0,0|0,0|100,0|995|915|80|34,97|8,36|10,96|87,64
2013-09-12 11:39:31,359|0,0|0,0|100,0|995|915|80|34,97|8,36|0,97|0,00
2013-09-12 11:39:36,857|4,0|6,1|89,7|995|915|79|34,97|8,36|4,85|34,99
2013-09-12 11:39:42,358|0,0|0,0|100,0|995|915|80|34,97|8,36|5,54|43,30
2013-09-12 11:39:47,855|2,0|0,0|98,0|995|915|80|34,97|8,36|0,39|0,00
2013-09-12 11:39:53,459|0,0|0,0|100,0|995|915|80|34,97|8,36|9,78|78,39
2013-09-12 11:39:59,051|0,0|0,0|100,0|995|915|79|34,97|8,36|3,12|1,63
2013-09-12 11:40:04,582|6,0|6,0|88,0|995|917|78|34,97|8,36|2,13|34,58
2013-09-12 11:40:10,173|0,0|0,0|100,0|995|915|79|34,97|8,36|5,68|43,66
2013-09-12 11:40:15,722|2,0|0,0|98,0|995|915|79|34,97|8,36|7,67|0,06
2013-09-12 11:40:21,299|0,0|0,0|100,0|995|915|79|34,97|8,36|10,89|78,79
2013-09-12 11:40:26,840|0,0|0,0|100,0|995|915|79|34,97|8,36|0,65|0,00
2013-09-12 11:40:32,418|4,1|4,1|91,6|995|915|79|34,97|8,36|0,51|2,24
2013-09-12 11:40:37,950|0,0|0,0|100,0|995|915|79|34,97|8,36|5,74|46,27
2013-09-12 11:40:43,522|0,0|0,0|94,0|995|915|79|34,97|8,36|9,02|0,00
2013-09-12 11:40:49,087|6,0|2,0|92,0|995|915|79|34,96|8,36|5,17|34,99
2013-09-12 11:40:54,672|0,0|0,0|100,0|995|915|79|34,96|8,36|4,04|1,05
2013-09-12 11:41:00,223|4,0|6,0|90,0|995|915|79|34,96|8,36|0,18|0,00
2013-09-12 11:41:05,732|0,0|0,0|100,0|995|915|79|34,96|8,36|5,47|44,32
2013-09-12 11:41:11,267|1,9|0,0|98,0|995|915|79|34,96|8,36|0,78|2,24
2013-09-12 11:41:16,827|6,1|4,0|89,7|995|915|79|34,96|8,36|6,79|37,17
2013-09-12 11:41:22,355|0,0|0,0|100,0|995|915|79|34,96|8,36|0,48|0,00
2013-09-12 11:41:27,947|2,0|6,1|91,8|995|915|79|34,96|8,36|0,87|0,00
2013-09-12 11:41:33,479|0,0|0,0|100,0|995|915|79|34,96|8,36|5,31|44,48
2013-09-12 11:41:39,107|0,0|2,0|98,0|995|915|79|34,96|8,36|0,06|0,00
2013-09-12 11:41:44,690|2,0|2,0|95,9|995|917|78|34,96|8,36|9,01|34,93
2013-09-12 11:41:50,285|0,0|0,0|100,0|995|915|79|34,96|8,36|0,43|0,06
2013-09-12 11:41:55,825|5,8|5,8|88,2|995|915|79|34,96|8,36|3,06|2,24
2013-09-12 11:42:01,344|0,0|0,0|100,0|995|915|79|34,96|8,36|5,86|44,07
2013-09-12 11:42:06,938|1,9|0,0|98,0|995|915|79|34,96|8,36|0,45|0,00
2013-09-12 11:42:12,508|0,0|0,0|100,0|995|915|79|34,96|8,36|10,32|80,10
2013-09-12 11:42:18,066|0,0|0,0|100,0|995|915|79|34,96|8,36|0,14|0,00
2013-09-12 11:42:23,595|4,1|4,1|91,6|995|915|79|34,96|8,36|5,21|38,15
2013-09-12 11:42:29,175|0,0|0,0|100,0|995|915|79|34,96|8,36|1,21|0,06
2013-09-12 11:42:34,759|4,0|8,0|88,0|995|915|79|34,96|8,36|0,58|0,00
2013-09-12 11:42:40,320|0,0|0,0|100,0|995|915|79|34,96|8,36|6,81|46,92
2013-09-12 11:42:45,882|0,0|0,0|100,0|995|915|79|34,96|8,36|0,06|0,00
2013-09-12 11:42:51,476|4,0|4,0|92,0|995|915|79|34,96|8,36|6,31|34,93
2013-09-12 11:42:56,994|2,0|0,0|98,0|995|915|79|34,96|8,36|0,35|0,00
2013-09-12 11:43:02,561|6,0|4,0|90,0|995|915|79|34,96|8,36|0,44|2,24
2013-09-12 11:43:08,095|0,0|0,0|100,0|995|915|79|34,96|8,36|0,21|1,05
2013-09-12 11:43:13,610|0,0|0,0|100,0|995|915|79|34,96|8,36|10,76|81,62
2013-09-12 11:43:19,184|0,0|0,0|100,0|995|915|79|34,96|8,36|0,56|0,00
2013-09-12 11:43:24,741|6,1|4,0|89,7|995|915|79|34,96|8,36|5,26|34,93
2013-09-12 11:43:30,240|0,0|0,0|100,0|995|915|79|34,96|8,36|0,38|0,00
2013-09-12 11:43:35,806|6,1|4,0|89,7|995|917|78|34,96|8,36|1,50|34,58
2013-09-12 11:43:41,372|0,0|0,0|100,0|995|915|79|34,96|8,36|4,41|3,57
2013-09-12 11:43:46,983|0,0|0,0|100,0|995|915|79|34,96|8,36|0,25|2,24
2013-09-12 11:43:52,565|0,0|0,0|100,0|995|915|79|34,96|8,36|10,04|81,38
2013-09-12 11:43:58,120|0,0|0,0|100,0|995|915|79|34,96|8,36|0,49|0,00
2013-09-12 11:44:03,709|2,0|0,0|97,9|995|917|78|34,96|8,36|5,15|34,93
2013-09-12 11:44:09,318|0,0|0,0|100,0|995|915|79|34,96|8,36|0,77|0,00
2013-09-12 11:44:14,846|4,1|4,1|91,6|995|917|78|34,96|8,36|3,63|35,85
2013-09-12 11:44:20,421|1,9|0,0|98,0|995|915|79|34,96|8,36|0,30|3,30
2013-09-12 11:44:26,009|6,0|6,0|88,0|995|915|79|34,96|8,36|0,25|2,24
2013-09-12 11:44:31,566|0,0|0,0|100,0|995|915|79|34,96|8,36|5,86|47,01
2013-09-12 11:44:37,112|1,9|0,0|98,0|995|915|79|34,96|8,36|0,12|0,00
2013-09-12 11:44:42,715|0,0|0,0|100,0|995|915|79|34,96|8,36|10,78|82,15
2013-09-12 11:44:48,183|2,0|0,0|98,0|995|915|79|34,96|8,36|0,26|0,00
2013-09-12 11:44:53,713|0,0|0,0|100,0|995|915|79|34,96|8,36|9,84|85,46
2013-09-12 11:44:59,315|0,0|0,0|100,0|995|916|79|34,96|8,36|0,90|2,24
2013-09-12 11:45:04,867|2,0|6,0|92,0|995|916|79|34,96|8,36|5,39|34,99
2013-09-12 11:45:10,451|0,0|0,0|100,0|995|916|79|34,96|8,36|0,06|0,00
2013-09-12 11:45:15,977|4,0|6,1|89,7|995|915|79|34,96|8,36|5,08|34,99
2013-09-12 11:45:21,555|0,0|0,0|100,0|995|915|79|34,96|8,36|0,00|0,00
2013-09-12 11:45:27,061|4,0|8,0|88,0|995|917|78|34,96|8,36|0,53|2,90
2013-09-12 11:45:32,619|0,0|0,0|100,0|995|915|79|34,96|8,36|0,21|2,24
2013-09-12 11:45:38,237|4,0|8,0|88,0|995|916|79|34,95|8,36|0,58|2,24
2013-09-12 11:45:43,810|0,0|0,0|100,0|995|916|79|34,95|8,36|5,36|48,55
2013-09-12 11:45:49,351|0,0|0,0|100,0|995|916|79|34,95|8,36|0,00|0,00
2013-09-12 11:45:54,967|0,0|0,0|100,0|995|915|79|34,95|8,36|13,96|50,78
2013-09-12 11:46:00,511|0,0|2,0|98,0|995|916|79|34,95|8,36|0,44|0,00
2013-09-12 11:46:06,101|0,0|0,0|100,0|995|916|79|34,95|8,36|10,21|85,49
2013-09-12 11:46:11,685|0,0|0,0|100,0|995|915|79|34,95|8,36|0,36|2,24
2013-09-12 11:46:17,246|0,0|2,0|98,0|995|916|78|34,95|8,36|7,90|83,15
2013-09-12 11:46:22,748|0,0|0,0|100,0|995|916|79|34,95|8,36|0,08|0,00
2013-09-12 11:46:28,313|4,0|6,0|90,0|995|916|79|34,95|8,36|5,34|34,93
2013-09-12 11:46:33,853|0,0|0,0|100,0|995|916|79|34,95|8,36|0,18|0,00
2013-09-12 11:46:39,361|4,0|6,1|89,7|995|916|79|34,95|8,36|3,59|34,56
2013-09-12 11:46:44,947|0,0|0,0|100,0|995|916|79|34,95|8,36|0,19|2,24
2013-09-12 11:46:50,495|2,0|6,1|91,8|995|916|79|34,95|8,36|5,43|37,17
2013-09-12 11:46:55,993|0,0|0,0|100,0|995|915|79|34,95|8,36|0,00|0,00
2013-09-12 11:47:01,578|6,0|4,0|90,0|995|917|78|34,95|8,36|4,63|33,54
2013-09-12 11:47:07,115|0,0|0,0|100,0|995|916|79|34,95|8,36|4,97|0,00
2013-09-12 11:47:12,703|4,0|6,0|88,0|995|916|79|34,95|8,36|2,12|0,00
2013-09-12 11:47:18,258|0,0|0,0|100,0|995|915|79|34,95|8,36|0,27|2,24
2013-09-12 11:47:23,867|4,0|4,0|91,8|995|916|79|34,95|8,36|1,12|3,29
2013-09-12 11:47:29,378|0,0|0,0|100,0|995|916|79|34,95|8,36|5,58|50,63
2013-09-12 11:47:34,961|4,0|4,0|92,0|995|916|79|34,95|8,36|6,85|0,00
2013-09-12 11:47:40,499|0,0|0,0|100,0|995|916|79|34,95|8,36|5,70|49,50
2013-09-12 11:47:46,076|0,0|0,0|100,0|995|916|79|34,95|8,36|0,23|0,00
2013-09-12 11:47:51,610|0,0|2,0|98,0|995|916|79|34,95|8,36|7,20|50,36
2013-09-12 11:47:57,234|2,0|0,0|98,0|995|916|79|34,95|8,36|0,25|2,24
2013-09-12 11:48:02,838|0,0|0,0|100,0|995|916|79|34,95|8,36|5,02|53,00
2013-09-12 11:48:08,405|2,0|0,0|98,0|995|916|79|34,95|8,36|0,53|0,06
2013-09-12 11:48:13,974|0,0|0,0|100,0|995|916|79|34,95|8,36|7,41|51,17
2013-09-12 11:48:19,513|2,0|0,0|98,0|995|916|79|34,95|8,36|0,55|0,00
2013-09-12 11:48:25,099|0,0|0,0|100,0|995|916|79|34,95|8,36|6,94|50,36
2013-09-12 11:48:30,633|0,0|0,0|100,0|995|916|79|34,95|8,36|0,00|0,00
2013-09-12 11:48:36,215|0,0|0,0|100,0|995|916|79|34,95|8,36|4,93|50,89
2013-09-12 11:48:41,777|1,9|0,0|98,0|995|916|79|34,95|8,36|0,34|2,24
2013-09-12 11:48:47,355|0,0|0,0|100,0|995|916|79|34,95|8,36|4,98|50,36
2013-09-12 11:48:52,978|2,0|0,0|98,0|995|916|79|34,95|8,36|0,20|0,00
2013-09-12 11:48:58,554|0,0|0,0|100,0|995|916|79|34,95|8,36|5,50|50,51
2013-09-12 11:49:04,138|2,0|0,0|98,0|995|916|79|34,95|8,36|0,00|0,00
2013-09-12 11:49:09,725|0,0|0,0|100,0|995|916|79|34,95|8,36|5,02|52,65
2013-09-12 11:49:15,292|0,0|0,0|100,0|995|916|79|34,95|8,36|0,52|0,06
2013-09-12 11:49:20,867|0,0|0,0|100,0|995|916|79|34,95|8,36|5,44|54,00
2013-09-12 11:49:26,408|0,0|0,0|100,0|995|916|79|34,95|8,36|0,36|0,00
2013-09-12 11:49:31,991|0,0|0,0|100,0|995|916|79|34,95|8,36|5,98|50,92
2013-09-12 11:49:37,513|1,9|1,9|96,0|995|916|79|34,95|8,36|0,08|0,00
2013-09-12 11:49:43,097|0,0|0,0|100,0|995|916|79|34,95|8,36|6,35|53,15
2013-09-12 11:49:48,626|6,0|4,0|90,0|995|916|79|34,95|8,36|0,55|2,24
2013-09-12 11:49:54,135|0,0|0,0|100,0|995|916|79|34,95|8,36|0,20|3,26
2013-09-12 11:49:59,679|6,0|4,0|90,0|995|916|79|34,95|8,36|0,96|2,24
2013-09-12 11:50:05,227|0,0|0,0|100,0|995|916|79|34,95|8,36|0,00|0,00
2013-09-12 11:50:10,748|4,0|8,0|88,0|995|917|78|34,95|8,36|2,89|33,54
2013-09-12 11:50:16,313|0,0|0,0|100,0|995|916|79|34,95|8,36|0,73|0,00
2013-09-12 11:50:21,862|7,6|5,7|84,6|995|916|79|34,94|8,36|4,91|35,91
2013-09-12 11:50:27,382|0,0|0,0|100,0|995|916|79|34,94|8,36|0,13|0,06
2013-09-12 11:50:32,892|2,0|2,0|96,0|995|917|78|34,94|8,36|8,08|85,75
2013-09-12 11:50:38,457|0,0|0,0|100,0|995|916|79|34,94|8,36|0,48|0,00
2013-09-12 11:50:44,003|0,0|0,0|100,0|995|916|79|34,94|8,36|10,76|86,85
2013-09-12 11:50:49,575|0,0|0,0|100,0|995|916|79|34,94|8,36|0,00|0,00
2013-09-12 11:50:55,165|0,0|0,0|100,0|995|916|79|34,94|8,36|10,17|86,99
2013-09-12 11:51:00,673|0,0|2,0|98,0|995|916|79|34,94|8,36|0,13|2,24
2013-09-12 11:51:06,223|0,0|1,9|98,0|995|916|79|34,94|8,36|7,21|56,69
2013-09-12 11:51:11,779|2,0|0,0|98,0|995|916|79|34,94|8,36|0,25|2,24
2013-09-12 11:51:17,371|0,0|0,0|100,0|995|916|79|34,94|8,36|5,63|52,28
2013-09-12 11:51:23,004|2,0|0,0|98,0|995|916|79|34,94|8,36|0,50|0,00
2013-09-12 11:51:28,594|0,0|0,0|100,0|995|916|79|34,94|8,36|6,00|52,37
2013-09-12 11:51:34,192|4,0|4,0|91,8|995|916|79|34,94|8,36|0,21|0,00
2013-09-12 11:51:39,732|0,0|0,0|100,0|995|916|79|34,94|8,36|2,10|3,11
2013-09-12 11:51:45,346|4,0|4,0|92,0|995|916|79|34,94|8,36|0,92|2,24
2013-09-12 11:51:50,866|0,0|0,0|100,0|995|916|79|34,94|8,36|0,63|0,00
2013-09-12 11:51:56,390|4,0|8,0|88,0|995|917|77|34,94|8,36|0,58|0,00
2013-09-12 11:52:01,985|0,0|0,0|100,0|995|916|79|34,94|8,36|1,24|0,00
2013-09-12 11:52:07,511|3,8|5,7|90,3|995|916|79|34,94|8,36|4,84|35,00
2013-09-12 11:52:13,019|0,0|2,0|98,0|995|916|79|34,94|8,36|0,95|0,00
2013-09-12 11:52:18,578|0,0|0,0|100,0|995|916|79|34,94|8,36|10,26|91,21
2013-09-12 11:52:24,190|0,0|0,0|100,0|995|916|79|34,94|8,36|0,24|0,06
2013-09-12 11:52:29,758|0,0|0,0|100,0|995|916|79|34,94|8,36|10,29|87,25
2013-09-12 11:52:35,329|2,0|0,0|98,0|995|916|79|34,94|8,36|0,57|0,00
2013-09-12 11:52:40,876|0,0|0,0|100,0|995|916|79|34,94|8,36|4,80|53,41
2013-09-12 11:52:46,463|1,9|1,9|96,0|995|916|79|34,94|8,36|0,06|0,00
2013-09-12 11:52:52,070|0,0|0,0|100,0|995|916|79|34,94|8,36|2,77|3,27
2013-09-12 11:52:57,640|6,0|6,0|88,0|995|916|79|34,94|8,36|0,85|2,24
2013-09-12 11:53:03,219|0,0|0,0|100,0|995|916|79|34,94|8,36|0,53|0,06
2013-09-12 11:53:08,747|6,1|4,0|89,7|995|916|79|34,94|8,36|5,34|34,93
2013-09-12 11:53:14,325|0,0|0,0|100,0|995|916|79|34,94|8,36|0,55|0,00
2013-09-12 11:53:19,855|0,0|0,0|100,0|995|916|79|34,94|8,36|9,77|88,95
2013-09-12 11:53:25,383|0,0|0,0|100,0|995|916|79|34,94|8,36|0,29|0,00
2013-09-12 11:53:30,889|0,0|0,0|100,0|995|916|79|34,94|8,36|5,18|55,08
2013-09-12 11:53:36,391|4,0|6,1|89,7|995|916|79|34,94|8,36|0,77|2,24
2013-09-12 11:53:41,967|0,0|0,0|100,0|995|916|79|34,94|8,36|3,53|3,98
