2013-09-07 21:55:43,699|87,7|4,0|0,0|995|917|77|156,13|13,29|0,45|0,00
2013-09-07 21:55:50,011|96,0|1,9|0,0|995|914|80|156,49|13,29|0,23|0,00
2013-09-07 21:55:55,799|100,0|0,0|0,0|995|914|80|156,56|13,29|0,36|0,00
2013-09-07 21:56:01,563|96,0|4,0|0,0|995|916|78|156,69|13,29|0,00|0,00
2013-09-07 21:56:07,465|84,3|0,0|0,0|995|915|79|157,08|13,29|0,06|0,00
2013-09-07 21:56:13,345|76,9|5,7|0,0|995|915|80|157,47|13,29|0,54|0,00
2013-09-07 21:56:19,141|82,0|2,0|0,0|995|915|80|157,85|13,29|0,61|2,27
2013-09-07 21:56:24,968|84,3|7,8|0,0|995|917|77|158,09|13,29|0,29|0,00
2013-09-07 21:56:30,943|84,0|4,0|0,0|995|916|79|158,52|13,29|0,44|0,00
2013-09-07 21:56:36,868|92,0|6,0|0,0|995|918|77|158,94|13,29|0,06|0,00
2013-09-07 21:56:42,965|86,2|1,9|0,0|995|915|79|159,23|13,29|0,25|0,00
2013-09-07 21:56:48,811|51,0|4,0|0,0|995|915|79|159,55|13,29|0,06|0,00
2013-09-07 21:56:54,720|96,0|2,0|0,0|995|916|78|159,89|13,29|0,32|0,00
2013-09-07 21:57:00,740|71,4|0,0|0,0|995|914|80|160,22|13,29|0,32|0,00
2013-09-07 21:57:06,683|56,0|12,0|0,0|995|913|82|160,56|13,29|0,37|2,15
2013-09-07 21:57:12,468|100,0|0,0|0,0|995|920|75|160,57|13,29|0,30|0,00
2013-09-07 21:57:18,312|97,9|2,0|0,0|995|915|79|160,85|13,29|0,06|0,00
2013-09-07 21:57:24,208|92,0|4,0|0,0|995|917|78|161,14|13,29|0,91|0,00
2013-09-07 21:57:30,135|77,5|10,2|0,0|995|921|74|161,40|13,29|0,06|0,00
2013-09-07 21:57:36,235|89,7|4,0|0,0|995|915|80|161,72|13,29|0,06|0,00
2013-09-07 21:57:42,092|100,0|0,0|0,0|995|914|80|161,90|13,29|0,00|0,00
2013-09-07 21:57:47,867|100,0|0,0|0,0|995|916|79|161,90|13,29|0,39|0,00
2013-09-07 21:57:53,707|100,0|0,0|0,0|995|917|78|161,90|13,29|0,00|0,00
2013-09-07 21:57:59,459|90,1|1,9|0,0|995|916|79|161,99|13,29|0,00|0,00
2013-09-07 21:58:05,364|96,0|4,0|0,0|995|916|79|162,26|13,29|0,00|0,00
2013-09-07 21:58:11,295|88,2|1,9|0,0|995|915|80|162,52|13,29|0,06|0,00
2013-09-07 21:58:17,203|88,0|2,0|0,0|995|917|78|162,77|13,29|0,64|0,00
2013-09-07 21:58:23,223|94,1|3,9|0,0|995|914|80|163,05|13,29|0,93|0,00
2013-09-07 21:58:29,084|88,0|0,0|0,0|995|915|79|163,23|13,29|0,64|0,00
2013-09-07 21:58:34,915|92,1|5,8|0,0|995|916|79|163,44|13,29|0,29|0,00
2013-09-07 21:58:40,836|96,0|2,0|0,0|995|915|79|163,73|13,29|0,06|0,00
2013-09-07 21:58:46,727|59,1|12,2|0,0|995|936|58|164,04|13,29|0,19|0,00
2013-09-07 21:58:52,687|94,0|4,0|0,0|995|917|78|164,40|13,29|0,40|0,00
2013-09-07 21:58:58,675|93,8|4,0|0,0|995|921|74|164,57|13,29|0,76|0,00
2013-09-07 21:59:04,522|96,0|2,0|0,0|995|915|80|164,93|13,29|0,18|0,00
2013-09-07 21:59:10,445|88,0|6,0|0,0|995|915|80|165,26|13,29|0,12|0,00
2013-09-07 21:59:16,404|89,5|2,0|0,0|995|916|79|165,60|13,29|0,30|0,00
2013-09-07 21:59:22,331|100,0|0,0|0,0|995|914|80|165,90|13,29|0,00|0,00
2013-09-07 21:59:28,143|100,0|0,0|0,0|995|916|79|165,90|13,29|0,12|0,00
2013-09-07 21:59:33,987|95,9|4,0|0,0|995|915|80|165,99|13,29|0,00|0,00
2013-09-07 21:59:39,863|92,1|5,8|0,0|995|915|79|166,35|13,29|0,12|0,00
2013-09-07 21:59:45,735|88,0|2,0|0,0|995|930|65|166,69|13,29|0,60|0,00
2013-09-07 21:59:51,630|96,0|2,0|0,0|995|915|79|167,00|13,29|0,86|0,00
2013-09-07 21:59:57,571|100,0|0,0|0,0|995|914|80|167,23|13,29|0,42|0,00
2013-09-07 22:00:03,368|100,0|0,0|0,0|995|916|79|167,23|13,29|0,29|0,00
2013-09-07 22:00:09,208|94,1|3,9|0,0|995|915|80|167,28|13,29|0,12|0,00
2013-09-07 22:00:14,995|84,3|1,9|0,0|995|916|78|167,49|13,29|0,64|0,00
2013-09-07 22:00:20,902|90,1|3,9|0,0|995|915|80|167,80|13,29|0,88|0,00
2013-09-07 22:00:26,767|100,0|0,0|0,0|995|883|112|168,09|13,29|0,76|0,00
2013-09-07 22:00:32,855|96,0|1,9|0,0|995|917|78|168,40|13,29|0,12|0,00
2013-09-07 22:00:38,723|93,8|4,0|0,0|995|922|72|168,56|13,29|0,35|0,00
2013-09-07 22:00:44,553|92,0|4,0|0,0|995|918|77|168,90|13,29|0,51|0,00
2013-09-07 22:00:50,413|96,0|4,0|0,0|995|915|79|169,27|13,29|0,29|0,00
2013-09-07 22:00:56,340|96,0|4,0|0,0|995|918|77|169,67|13,29|0,30|0,00
2013-09-07 22:01:02,252|98,0|2,0|0,0|995|915|80|169,89|13,29|0,23|0,00
2013-09-07 22:01:08,104|100,0|0,0|0,0|995|917|78|169,89|13,29|0,00|0,00
2013-09-07 22:01:13,963|95,9|4,0|0,0|995|914|81|170,04|13,29|0,86|0,00
2013-09-07 22:01:19,891|100,0|0,0|0,0|995|916|78|170,29|13,29|0,30|0,00
2013-09-07 22:01:25,844|92,0|2,0|0,0|995|915|80|170,52|13,29|0,77|0,00
2013-09-07 22:01:31,873|90,0|6,0|0,0|995|924|71|170,72|13,29|0,38|0,00
2013-09-07 22:01:37,871|96,0|0,0|0,0|995|915|80|170,97|13,29|0,12|0,00
2013-09-07 22:01:43,833|100,0|0,0|0,0|995|914|80|171,21|13,29|0,19|0,82
2013-09-07 22:01:49,662|100,0|0,0|0,0|995|917|77|171,22|13,29|0,35|0,00
2013-09-07 22:01:55,480|98,0|0,0|0,0|995|919|75|171,22|13,29|0,06|0,00
2013-09-07 22:02:01,324|89,7|4,0|0,0|995|914|80|171,31|13,29|0,32|0,00
2013-09-07 22:02:07,171|98,0|2,0|0,0|995|916|78|171,56|13,29|0,00|0,00
2013-09-07 22:02:13,147|92,1|1,9|0,0|995|914|80|171,82|13,29|0,41|0,00
2013-09-07 22:02:19,039|78,0|6,0|0,0|995|916|78|172,09|13,29|0,18|0,00
2013-09-07 22:02:25,067|90,0|4,0|0,0|995|916|79|172,38|13,29|0,98|0,00
2013-09-07 22:02:30,967|97,9|0,0|0,0|995|915|80|172,55|13,29|0,35|0,00
2013-09-07 22:02:36,817|94,2|1,9|0,0|995|916|79|172,74|13,29|0,00|0,00
2013-09-07 22:02:42,711|98,0|1,9|0,0|995|916|79|173,01|13,29|0,06|0,00
2013-09-07 22:02:48,625|90,0|2,0|0,0|995|917|78|173,28|13,29|0,00|0,00
2013-09-07 22:02:54,522|96,0|4,0|0,0|995|916|79|173,53|13,29|0,38|0,00
2013-09-07 22:03:00,419|87,7|6,1|0,0|995|917|78|173,84|13,29|0,13|0,78
2013-09-07 22:03:06,283|100,0|0,0|0,0|995|918|77|173,89|13,29|0,00|0,00
2013-09-07 22:03:12,155|92,3|1,9|0,0|995|915|80|174,12|13,29|0,00|0,00
2013-09-07 22:03:18,202|98,0|1,9|0,0|995|924|71|174,26|13,29|0,75|0,00
2013-09-07 22:03:24,063|98,0|2,0|0,0|995|916|78|174,44|13,29|0,98|0,00
2013-09-07 22:03:29,983|90,1|7,8|0,0|995|931|64|174,68|13,29|0,00|0,00
2013-09-07 22:03:35,906|97,9|2,0|0,0|995|916|79|174,93|13,29|0,29|0,00
2013-09-07 22:03:41,781|98,0|2,0|0,0|995|915|80|175,19|13,29|0,64|5,53
2013-09-07 22:03:47,630|100,0|0,0|0,0|995|915|80|175,22|13,29|0,39|0,00
2013-09-07 22:03:53,456|100,0|0,0|0,0|995|917|78|175,22|13,29|0,34|0,00
2013-09-07 22:03:59,286|98,0|2,0|0,0|995|916|78|175,28|13,29|1,05|0,00
2013-09-07 22:04:05,131|100,0|0,0|0,0|995|916|79|175,53|13,29|0,00|0,00
2013-09-07 22:04:11,015|96,0|4,0|0,0|995|917|78|175,78|13,29|0,06|0,00
2013-09-07 22:04:16,891|89,7|10,2|0,0|995|935|59|176,03|13,29|0,00|0,00
2013-09-07 22:04:22,781|100,0|0,0|0,0|995|925|69|176,24|13,29|0,00|0,00
2013-09-07 22:04:28,702|100,0|0,0|0,0|995|915|80|176,52|13,29|2,43|10,12
2013-09-07 22:04:34,547|96,0|3,9|0,0|995|914|81|176,63|13,29|0,29|0,00
2013-09-07 22:04:40,468|96,1|1,9|0,0|995|914|80|176,93|13,29|0,12|0,00
2013-09-07 22:04:46,340|98,0|2,0|0,0|995|914|81|177,23|13,29|0,60|0,00
2013-09-07 22:04:52,235|94,0|6,0|0,0|995|915|80|177,53|13,29|0,06|0,00
2013-09-07 22:04:58,119|100,0|0,0|0,0|995|914|81|177,82|13,29|0,74|3,48
2013-09-07 22:05:04,024|98,0|2,0|0,0|995|915|80|177,89|13,29|0,18|0,00
2013-09-07 22:05:09,876|100,0|0,0|0,0|995|917|78|177,89|13,29|0,18|0,00
2013-09-07 22:05:15,720|100,0|0,0|0,0|995|914|81|177,93|13,29|1,19|0,00
2013-09-07 22:05:21,566|96,0|1,9|0,0|995|915|79|178,06|13,29|0,51|0,00
2013-09-07 22:05:27,402|98,0|2,0|0,0|995|915|80|178,19|13,29|0,86|0,00
2013-09-07 22:05:33,264|100,0|0,0|0,0|995|914|81|178,30|13,28|0,06|0,00
2013-09-07 22:05:39,120|100,0|0,0|0,0|995|915|80|178,42|13,28|0,29|0,00
2013-09-07 22:05:44,968|98,0|1,9|0,0|995|915|80|178,54|13,28|0,45|0,00
2013-09-07 22:05:50,808|100,0|0,0|0,0|995|924|71|178,66|13,28|0,47|0,00
2013-09-07 22:05:56,712|100,0|0,0|0,0|995|916|78|178,75|13,28|0,36|0,00
2013-09-07 22:06:02,522|98,0|2,0|0,0|995|915|80|178,86|13,28|0,60|0,00
2013-09-07 22:06:08,366|98,0|2,0|0,0|995|915|80|178,99|13,28|0,35|0,00
2013-09-07 22:06:14,223|98,0|2,0|0,0|995|915|80|179,12|13,28|0,82|0,00
2013-09-07 22:06:20,083|98,0|2,0|0,0|995|914|80|179,21|13,28|0,06|0,00
2013-09-07 22:06:25,872|100,0|0,0|0,0|995|916|79|179,21|13,28|0,35|0,00
2013-09-07 22:06:31,698|98,0|2,0|0,0|995|916|79|179,24|13,28|0,38|0,00
2013-09-07 22:06:37,539|98,0|1,9|0,0|995|916|79|179,41|13,28|0,06|0,00
2013-09-07 22:06:43,412|96,0|3,9|0,0|995|916|78|179,62|13,28|0,06|0,00
2013-09-07 22:06:49,293|98,0|1,9|0,0|995|915|80|179,75|13,28|0,00|0,00
2013-09-07 22:06:55,154|100,0|0,0|0,0|995|915|80|179,96|13,28|0,38|0,00
2013-09-07 22:07:01,060|98,0|2,0|0,0|995|914|80|180,14|13,28|0,30|0,00
2013-09-07 22:07:06,937|98,0|1,9|0,0|995|921|74|180,32|13,28|0,06|0,00
2013-09-07 22:07:12,799|86,0|0,0|0,0|995|915|80|180,53|13,28|0,63|5,62
2013-09-07 22:07:18,642|100,0|0,0|0,0|995|919|76|180,54|13,28|0,45|0,00
2013-09-07 22:07:24,424|100,0|0,0|0,0|995|921|74|180,54|13,28|0,41|0,00
2013-09-07 22:07:30,254|96,0|2,0|0,0|995|922|73|180,54|13,28|0,06|0,00
2013-09-07 22:07:36,164|100,0|0,0|0,0|995|916|79|180,66|13,28|0,29|0,00
2013-09-07 22:07:41,985|94,0|0,0|0,0|995|916|78|180,82|13,28|0,06|0,00
2013-09-07 22:07:47,920|100,0|0,0|0,0|995|919|76|180,97|13,28|0,45|0,00
2013-09-07 22:07:53,839|100,0|0,0|0,0|995|916|78|181,09|13,28|0,34|0,00
2013-09-07 22:07:59,751|96,0|1,9|0,0|995|923|72|181,26|13,28|0,00|0,00
2013-09-07 22:08:05,664|96,0|2,0|0,0|995|921|74|181,44|13,28|0,00|0,00
2013-09-07 22:08:11,516|97,9|2,0|0,0|995|917|78|181,58|13,28|0,00|0,00
2013-09-07 22:08:17,402|97,9|0,0|0,0|995|914|80|181,83|13,28|0,00|0,00
2013-09-07 22:08:23,130|94,0|0,0|0,0|995|915|80|181,86|13,28|0,12|0,00
2013-09-07 22:08:28,936|100,0|0,0|0,0|995|916|78|181,86|13,28|0,76|0,00
2013-09-07 22:08:34,764|98,0|2,0|0,0|995|915|80|182,02|13,28|0,60|0,00
2013-09-07 22:08:40,620|98,0|1,9|0,0|995|916|79|182,32|13,28|0,18|0,00
2013-09-07 22:08:46,515|96,0|2,0|0,0|995|922|73|182,64|13,28|0,72|0,00
2013-09-07 22:08:52,568|92,1|5,8|0,0|995|916|78|182,97|13,28|0,06|0,00
2013-09-07 22:08:58,483|100,0|0,0|0,0|995|914|80|183,20|13,28|0,53|0,00
2013-09-07 22:09:04,300|95,9|4,0|0,0|995|916|78|183,22|13,28|0,38|0,00
2013-09-07 22:09:10,179|92,0|6,0|0,0|995|916|78|183,61|13,28|0,00|0,00
2013-09-07 22:09:16,075|44,0|16,0|0,0|995|924|70|184,02|13,28|0,72|0,00
2013-09-07 22:09:22,129|88,0|2,0|0,0|995|916|78|184,41|13,28|0,51|0,00
2013-09-07 22:09:27,915|100,0|0,0|0,0|995|917|77|184,53|13,28|0,59|0,00
2013-09-07 22:09:33,687|96,0|4,0|0,0|995|917|78|184,66|13,28|0,06|0,00
2013-09-07 22:09:39,632|86,0|4,0|0,0|995|917|78|185,03|13,28|0,48|0,00
2013-09-07 22:09:45,595|74,0|14,0|0,0|995|888|106|185,37|13,28|0,29|0,00
2013-09-07 22:09:51,551|78,0|10,0|0,0|995|917|77|185,78|13,28|0,86|0,00
2013-09-07 22:09:57,273|78,0|2,0|0,0|995|915|80|185,86|13,28|0,36|0,00
2013-09-07 22:10:03,079|89,7|2,0|0,0|995|916|79|185,99|13,28|0,35|0,00
2013-09-07 22:10:09,020|86,0|2,0|0,0|995|915|79|186,35|13,28|0,25|0,00
2013-09-07 22:10:14,939|91,8|2,0|0,0|995|880|114|186,71|13,28|1,15|0,00
2013-09-07 22:10:20,875|94,1|3,9|0,0|995|924|71|187,13|13,28|0,00|0,00
2013-09-07 22:10:26,661|96,0|1,9|0,0|995|915|79|187,20|13,28|0,64|0,00
2013-09-07 22:10:32,451|96,0|4,0|0,0|995|917|78|187,43|13,28|0,55|0,00
2013-09-07 22:10:38,368|98,0|0,0|0,0|995|914|80|187,85|13,28|0,48|0,00
2013-09-07 22:10:44,280|94,0|4,0|0,0|995|918|77|188,30|13,28|0,00|0,00
2013-09-07 22:10:50,170|100,0|0,0|0,0|995|915|80|188,53|13,28|0,23|0,00
2013-09-07 22:10:55,967|100,0|0,0|0,0|995|917|77|188,53|13,28|0,00|0,00
2013-09-07 22:11:01,871|98,0|2,0|0,0|995|917|77|188,80|13,28|0,38|0,00
2013-09-07 22:11:07,792|96,0|4,0|0,0|995|915|79|189,16|13,28|0,00|0,00
2013-09-07 22:11:13,731|90,0|6,0|0,0|995|915|79|189,48|13,28|0,53|0,00
2013-09-07 22:11:19,800|95,9|2,0|0,0|995|916|79|189,84|13,28|0,64|6,26
2013-09-07 22:11:25,709|100,0|0,0|0,0|995|925|70|189,86|13,28|0,67|0,00
2013-09-07 22:11:31,452|100,0|0,0|0,0|995|925|70|189,86|13,28|0,06|0,00
2013-09-07 22:11:37,276|98,0|1,9|0,0|995|915|80|189,86|13,28|0,00|0,00
2013-09-07 22:11:43,112|100,0|0,0|0,0|995|916|79|189,86|13,28|0,25|0,00
2013-09-07 22:11:48,985|98,0|2,0|0,0|995|918|77|189,98|13,28|0,06|0,00
2013-09-07 22:11:54,877|94,1|1,9|0,0|995|917|78|190,20|13,28|0,32|0,00
2013-09-07 22:12:00,818|82,0|2,0|0,0|995|918|77|190,42|13,28|0,12|0,00
2013-09-07 22:12:06,715|94,0|6,0|0,0|995|926|69|190,64|13,28|0,06|0,00
2013-09-07 22:12:12,672|96,0|2,0|0,0|995|915|80|190,88|13,28|0,25|0,00
2013-09-07 22:12:18,551|84,0|2,0|0,0|995|915|80|191,12|13,28|0,56|0,00
2013-09-07 22:12:24,439|100,0|0,0|0,0|995|920|75|191,18|13,28|0,75|0,00
2013-09-07 22:12:30,168|100,0|0,0|0,0|995|920|75|191,18|13,28|0,00|0,00
2013-09-07 22:12:35,906|100,0|0,0|0,0|995|920|75|191,18|13,28|0,29|0,00
2013-09-07 22:12:41,637|100,0|0,0|0,0|995|920|75|191,18|13,28|0,27|0,00
2013-09-07 22:12:47,462|93,8|0,0|0,0|995|921|74|191,18|13,28|0,00|0,00
2013-09-07 22:12:53,254|100,0|0,0|0,0|995|921|74|191,18|13,28|0,00|0,00
2013-09-07 22:12:58,979|100,0|0,0|0,0|995|921|73|191,18|13,28|0,76|0,00
2013-09-07 22:13:04,769|100,0|0,0|0,0|995|922|73|191,17|13,28|0,12|0,00
2013-09-07 22:13:10,512|100,0|0,0|0,0|995|922|73|191,17|13,28|0,12|0,00
2013-09-07 22:13:16,283|100,0|0,0|0,0|995|923|72|191,17|13,28|0,84|0,00
2013-09-07 22:13:22,074|96,0|2,0|0,0|995|914|81|191,19|13,28|0,63|0,00
2013-09-07 22:13:27,897|100,0|0,0|0,0|995|924|71|191,23|13,28|0,35|0,00
2013-09-07 22:13:33,756|98,0|1,9|0,0|995|919|76|191,30|13,28|1,14|0,00
2013-09-07 22:13:39,626|96,0|0,0|0,0|995|922|72|191,38|13,28|1,10|0,00
2013-09-07 22:13:45,487|100,0|0,0|0,0|995|918|77|191,46|13,28|0,85|0,00
2013-09-07 22:13:51,370|100,0|0,0|0,0|995|922|73|191,59|13,28|0,47|0,00
2013-09-07 22:13:57,228|100,0|0,0|0,0|995|923|71|191,61|13,28|0,62|0,00
2013-09-07 22:14:03,088|98,0|2,0|0,0|995|925|69|191,68|13,28|1,14|0,00
2013-09-07 22:14:08,947|98,0|1,9|0,0|995|920|75|191,78|13,28|0,00|0,00
2013-09-07 22:14:14,830|98,0|2,0|0,0|995|923|71|191,89|13,28|1,12|0,00
2013-09-07 22:14:20,681|97,9|0,0|0,0|995|935|59|191,97|13,28|0,45|0,00
2013-09-07 22:14:26,556|100,0|0,0|0,0|995|921|74|192,11|13,28|0,73|0,00
2013-09-07 22:14:32,403|100,0|0,0|0,0|995|917|78|192,18|13,28|0,38|0,00
2013-09-07 22:14:38,212|100,0|0,0|0,0|995|924|71|192,32|13,28|0,23|0,00
2013-09-07 22:14:44,099|52,0|6,2|0,0|995|919|76|192,48|13,28|0,06|0,00
2013-09-07 22:14:49,956|96,0|3,9|0,0|995|916|78|192,70|13,28|0,23|0,00
2013-09-07 22:14:55,806|95,8|4,1|0,0|995|915|79|193,06|13,28|0,68|0,00
2013-09-07 22:15:01,740|91,8|0,0|0,0|995|914|80|193,39|13,28|0,12|0,00
2013-09-07 22:15:07,915|92,1|3,9|0,0|995|917|78|193,71|13,28|0,18|0,00
2013-09-07 22:15:13,820|91,8|0,0|0,0|995|918|77|193,82|13,28|0,35|0,00
2013-09-07 22:15:19,608|94,0|4,0|0,0|995|921|74|193,82|13,28|0,19|0,00
2013-09-07 22:15:25,475|96,0|4,0|0,0|995|917|78|194,09|13,28|0,92|0,00
2013-09-07 22:15:31,407|93,8|2,0|0,0|995|914|81|194,35|13,28|0,00|0,00
2013-09-07 22:15:37,324|92,0|8,0|0,0|995|935|59|194,62|13,28|0,51|0,00
2013-09-07 22:15:43,351|95,8|2,0|0,0|995|914|81|194,93|13,28|0,33|0,00
2013-09-07 22:15:49,263|98,0|0,0|0,0|995|915|80|195,15|13,28|0,15|0,00
2013-09-07 22:15:55,139|79,5|2,0|0,0|995|915|79|195,37|13,28|0,50|0,00
2013-09-07 22:16:01,068|94,0|4,0|0,0|995|915|80|195,71|13,28|0,00|0,00
2013-09-07 22:16:06,947|66,0|2,0|0,0|995|923|72|196,03|13,28|0,15|0,00
2013-09-07 22:16:13,143|81,6|4,0|0,0|995|916|78|196,38|13,28|0,00|0,00
2013-09-07 22:16:18,994|100,0|0,0|0,0|995|918|77|196,47|13,28|0,69|0,00
2013-09-07 22:16:24,746|100,0|0,0|0,0|995|918|77|196,47|13,28|1,17|0,00
2013-09-07 22:16:30,482|100,0|0,0|0,0|995|918|77|196,47|13,28|0,06|0,00
2013-09-07 22:16:36,235|100,0|0,0|0,0|995|918|77|196,47|13,28|0,35|0,00
2013-09-07 22:16:42,033|98,0|2,0|0,0|995|919|76|196,47|13,28|0,06|0,00
2013-09-07 22:16:47,817|100,0|0,0|0,0|995|919|75|196,47|13,28|0,15|0,00
2013-09-07 22:16:53,627|100,0|0,0|0,0|995|920|75|196,47|13,28|0,25|0,00
2013-09-07 22:16:59,353|100,0|0,0|0,0|995|920|75|196,46|13,28|0,99|0,00
2013-09-07 22:17:05,104|100,0|0,0|0,0|995|921|74|196,46|13,28|0,00|0,00
2013-09-07 22:17:10,946|100,0|0,0|0,0|995|922|73|196,46|13,28|0,06|0,00
2013-09-07 22:17:16,807|100,0|0,0|0,0|995|915|80|196,52|13,28|0,72|0,00
2013-09-07 22:17:22,634|98,0|0,0|0,0|995|916|79|196,57|13,28|0,51|0,00
2013-09-07 22:17:28,456|86,0|2,0|0,0|995|915|80|196,65|13,28|0,36|0,00
2013-09-07 22:17:34,316|100,0|0,0|0,0|995|918|77|196,76|13,28|0,35|0,00
2013-09-07 22:17:40,212|100,0|0,0|0,0|995|917|78|196,89|13,28|0,41|0,00
2013-09-07 22:17:46,048|80,0|2,0|0,0|995|915|80|197,01|13,28|0,45|0,00
2013-09-07 22:17:51,899|97,9|2,0|0,0|995|916|79|197,16|13,28|0,42|0,00
2013-09-07 22:17:57,776|86,0|4,0|0,0|995|917|78|197,32|13,28|0,36|0,00
2013-09-07 22:18:03,990|98,0|2,0|0,0|995|915|80|197,48|13,28|0,18|0,00
2013-09-07 22:18:09,832|96,0|4,0|0,0|995|916|79|197,67|13,28|0,06|0,00
2013-09-07 22:18:15,716|92,0|4,0|0,0|995|921|73|197,78|13,28|0,97|0,00
2013-09-07 22:18:21,547|87,7|4,0|0,0|995|917|78|197,88|13,28|0,06|0,00
2013-09-07 22:18:27,368|74,0|6,0|0,0|995|916|79|198,18|13,28|0,92|0,00
2013-09-07 22:18:33,307|88,0|2,0|0,0|995|922|73|198,56|13,28|0,38|0,00
2013-09-07 22:18:39,535|90,0|4,0|0,0|995|915|80|199,00|13,28|0,44|0,00
2013-09-07 22:18:45,347|96,0|2,0|0,0|995|919|76|199,11|13,28|0,51|0,00
2013-09-07 22:18:51,203|80,0|8,0|0,0|995|916|79|199,30|13,28|0,41|0,00
2013-09-07 22:18:57,092|69,3|4,0|0,0|995|919|76|199,70|13,28|0,31|0,00
2013-09-07 22:19:03,111|87,5|2,0|0,0|995|916|78|200,10|13,28|0,96|0,00
2013-09-07 22:19:09,025|100,0|0,0|0,0|995|916|79|200,44|13,28|0,09|0,00
2013-09-07 22:19:14,743|84,0|4,0|0,0|995|916|78|200,55|13,28|0,88|0,00
2013-09-07 22:19:20,572|77,5|4,0|0,0|995|917|77|200,91|13,28|0,06|0,00
2013-09-07 22:19:26,531|84,0|14,0|0,0|995|935|59|201,25|13,28|0,76|0,00
2013-09-07 22:19:32,543|95,9|4,0|0,0|995|917|78|201,62|13,28|0,00|0,00
2013-09-07 22:19:38,447|91,8|0,0|0,0|995|918|77|201,77|13,28|0,29|0,00
2013-09-07 22:19:44,215|95,9|0,0|0,0|995|916|79|201,98|13,28|0,06|0,00
2013-09-07 22:19:50,052|91,6|0,0|0,0|995|917|78|202,24|13,28|0,18|0,00
2013-09-07 22:19:56,019|94,0|4,0|0,0|995|916|78|202,50|13,28|0,68|0,00
2013-09-07 22:20:01,884|98,0|2,0|0,0|995|917|78|202,81|13,28|0,06|0,00
2013-09-07 22:20:07,829|0,0|8,1|0,0|995|917|77|203,09|13,28|0,06|0,64
2013-09-07 22:20:13,670|98,0|1,9|0,0|995|918|76|203,09|13,28|0,12|0,00
2013-09-07 22:20:19,454|100,0|0,0|0,0|995|920|75|203,09|13,28|0,18|0,00
2013-09-07 22:20:25,287|100,0|0,0|0,0|995|920|74|203,09|13,28|0,96|0,00
2013-09-07 22:20:31,100|85,7|0,0|0,0|995|921|74|203,16|13,28|0,12|0,00
2013-09-07 22:20:36,995|100,0|0,0|0,0|995|917|78|203,35|13,28|0,35|0,00
2013-09-07 22:20:42,968|86,0|4,0|0,0|995|915|79|203,55|13,28|0,00|0,00
2013-09-07 22:20:48,871|95,9|0,0|0,0|995|916|78|203,78|13,28|0,51|0,00
2013-09-07 22:20:54,784|96,0|2,0|0,0|995|923|72|204,00|13,28|0,40|0,00
2013-09-07 22:21:00,639|94,1|5,8|0,0|995|917|78|204,26|13,28|0,64|0,00
2013-09-07 22:21:06,535|88,4|3,8|0,0|995|924|70|204,42|13,28|0,12|0,00
2013-09-07 22:21:12,403|95,9|4,0|0,0|995|915|80|204,68|13,28|0,12|0,00
2013-09-07 22:21:18,315|96,0|4,0|0,0|995|917|77|205,03|13,28|0,12|0,00
2013-09-07 22:21:24,242|94,1|3,9|0,0|995|915|80|205,37|13,28|0,69|0,00
2013-09-07 22:21:30,259|98,0|2,0|0,0|995|918|77|205,72|13,28|0,77|0,83
2013-09-07 22:21:36,102|96,0|4,0|0,0|995|914|81|205,85|13,28|0,29|0,00
2013-09-07 22:21:42,010|92,0|6,0|0,0|995|916|79|206,21|13,28|0,00|0,00
2013-09-07 22:21:47,943|96,0|4,0|0,0|995|934|61|206,55|13,28|0,00|0,00
2013-09-07 22:21:53,847|93,8|6,1|0,0|995|917|78|206,89|13,28|0,00|0,00
2013-09-07 22:21:59,707|96,0|4,0|0,0|995|916|79|207,08|13,28|1,77|0,67
2013-09-07 22:22:05,552|98,0|0,0|0,0|995|917|78|207,26|13,28|0,53|0,22
2013-09-07 22:22:11,412|98,0|2,0|0,0|995|914|81|207,56|13,28|0,00|0,00
2013-09-07 22:22:17,340|96,0|1,9|0,0|995|915|80|207,84|13,28|0,72|0,00
2013-09-07 22:22:23,452|96,0|1,9|0,0|995|915|79|208,17|13,28|0,00|0,00
2013-09-07 22:22:29,329|89,7|0,0|0,0|995|914|80|208,41|13,28|0,36|0,00
2013-09-07 22:22:35,192|100,0|0,0|0,0|995|914|81|208,46|13,28|0,64|0,00
2013-09-07 22:22:41,014|80,0|2,0|0,0|995|917|78|208,74|13,28|0,35|0,00
2013-09-07 22:22:47,000|93,8|2,0|0,0|995|915|80|209,05|13,28|0,72|0,00
2013-09-07 22:22:52,896|96,0|2,0|0,0|995|914|81|209,33|13,28|0,63|0,00
2013-09-07 22:22:58,889|70,0|4,0|0,0|995|914|81|209,65|13,28|0,36|0,00
2013-09-07 22:23:04,699|100,0|0,0|0,0|995|918|77|209,73|13,28|0,06|0,00
2013-09-07 22:23:10,508|100,0|0,0|0,0|995|919|76|209,73|13,28|0,06|0,00
2013-09-07 22:23:16,358|98,0|2,0|0,0|995|920|75|209,73|13,28|0,80|0,00
2013-09-07 22:23:22,159|100,0|0,0|0,0|995|922|73|209,80|13,28|0,06|0,00
2013-09-07 22:23:28,081|98,0|0,0|0,0|995|915|80|209,95|13,28|0,47|0,00
2013-09-07 22:23:33,968|86,0|2,0|0,0|995|916|78|210,12|13,27|0,30|0,00
2013-09-07 22:23:39,896|88,2|3,9|0,0|995|915|79|210,28|13,27|0,18|0,00
2013-09-07 22:23:45,782|94,0|6,0|0,0|995|915|79|210,48|13,27|0,51|0,00
2013-09-07 22:23:51,848|97,9|2,0|0,0|995|916|79|210,73|13,27|0,18|0,00
2013-09-07 22:23:57,723|96,0|2,0|0,0|995|918|77|211,01|13,27|0,00|0,00
2013-09-07 22:24:03,428|96,0|2,0|0,0|995|917|78|211,06|13,27|0,82|0,00
2013-09-07 22:24:09,245|97,9|0,0|0,0|995|916|79|211,25|13,27|0,06|0,00
2013-09-07 22:24:15,135|98,0|2,0|0,0|995|921|74|211,41|13,27|0,59|0,00
2013-09-07 22:24:20,996|96,0|1,9|0,0|995|915|79|211,58|13,27|0,06|0,00
2013-09-07 22:24:26,857|92,0|4,0|0,0|995|918|77|211,82|13,27|0,70|0,00
2013-09-07 22:24:32,744|96,0|3,9|0,0|995|917|78|212,08|13,27|0,06|0,00
2013-09-07 22:24:38,623|82,3|1,9|0,0|995|915|80|212,32|13,27|0,54|0,00
2013-09-07 22:24:44,423|98,0|2,0|0,0|995|916|79|212,38|13,27|0,29|0,00
2013-09-07 22:24:50,287|98,0|2,0|0,0|995|915|80|212,50|13,27|0,23|0,00
2013-09-07 22:24:56,144|94,0|4,0|0,0|995|914|81|212,76|13,27|0,38|0,00
2013-09-07 22:25:02,064|62,0|4,0|0,0|995|923|72|213,00|13,27|1,19|21,33
2013-09-07 22:25:07,951|92,0|2,0|0,0|995|915|80|213,24|13,27|0,93|19,78
2013-09-07 22:25:13,956|96,0|2,0|0,0|995|914|80|213,53|13,27|0,41|0,00
2013-09-07 22:25:19,810|100,0|0,0|0,0|995|914|80|213,70|13,27|0,12|0,00
2013-09-07 22:25:25,601|100,0|0,0|0,0|995|914|80|213,70|13,27|0,59|0,00
2013-09-07 22:25:31,396|100,0|0,0|0,0|995|915|79|213,70|13,27|0,00|0,00
2013-09-07 22:25:37,178|100,0|0,0|0,0|995|916|78|213,70|13,27|0,56|0,00
2013-09-07 22:25:42,970|100,0|0,0|0,0|995|917|78|213,70|13,27|0,00|0,00