2014-06-15 15:31:06,359|0,0|0,0|96,0|1678|567|1111|0,08|936,78|0,00|0,00
2014-06-15 15:31:12,114|0,0|0,0|98,0|1678|567|1111|0,08|936,71|0,13|0,13
2014-06-15 15:31:17,871|0,0|0,0|100,0|1678|567|1111|0,08|936,64|0,00|0,00
2014-06-15 15:31:23,631|0,0|0,0|94,1|1678|567|1110|0,08|936,58|0,00|0,00
2014-06-15 15:31:29,392|0,0|0,0|100,0|1678|567|1111|0,08|936,51|0,00|0,00
2014-06-15 15:31:35,159|0,0|0,0|96,0|1678|567|1111|0,08|936,44|0,00|0,00
2014-06-15 15:31:40,885|0,0|1,9|98,0|1678|567|1111|0,08|936,37|0,14|0,18
2014-06-15 15:31:46,654|1,9|1,9|96,0|1678|567|1111|0,08|936,31|0,06|0,00
2014-06-15 15:31:52,404|0,0|1,9|92,1|1678|567|1111|0,08|936,24|0,00|0,00
2014-06-15 15:31:58,163|0,0|1,9|98,0|1678|567|1111|0,08|936,17|0,00|0,00
2014-06-15 15:32:03,883|48,0|36,0|16,0|1678|569|1109|0,08|936,10|5,95|6,55
2014-06-15 15:32:10,331|58,8|41,1|0,0|1678|578|1099|0,08|936,02|2,73|2,12
2014-06-15 15:32:17,398|54,0|46,0|0,0|1678|575|1102|0,08|935,94|1,85|1,85
2014-06-15 15:32:24,498|54,0|46,0|0,0|1678|582|1095|0,08|935,85|3,50|2,48
2014-06-15 15:32:31,595|52,9|47,0|0,0|1678|583|1094|0,08|935,77|0,00|0,00
2014-06-15 15:32:38,694|53,0|46,9|0,0|1678|592|1085|0,08|935,69|0,07|0,07
2014-06-15 15:32:45,814|54,0|46,0|0,0|1678|597|1081|0,08|935,61|0,00|0,00
2014-06-15 15:32:52,908|52,9|47,0|0,0|1678|589|1088|0,08|935,52|0,75|0,75
2014-06-15 15:33:00,060|54,9|45,0|0,0|1678|593|1085|0,08|935,44|0,06|0,00
2014-06-15 15:33:07,335|54,0|46,0|0,0|1678|586|1091|0,08|935,35|1,84|1,63
2014-06-15 15:33:14,467|58,8|41,1|0,0|1678|587|1090|0,08|935,27|3,01|4,36
2014-06-15 15:33:21,539|58,8|41,1|0,0|1678|590|1087|0,08|935,19|0,34|0,14
2014-06-15 15:33:28,635|58,8|41,1|0,0|1678|594|1084|0,08|935,10|0,68|0,81
2014-06-15 15:33:35,791|60,7|39,2|0,0|1678|590|1088|0,08|935,02|1,54|2,52
2014-06-15 15:33:42,955|61,5|36,5|0,0|1678|586|1091|0,08|934,94|0,14|0,18
2014-06-15 15:33:50,099|62,0|38,0|0,0|1678|586|1092|0,08|934,85|0,00|0,00
2014-06-15 15:33:57,160|61,5|36,5|0,0|1678|583|1094|0,08|934,77|1,85|1,85
2014-06-15 15:34:03,976|56,0|44,0|0,0|1678|581|1097|0,08|934,69|1,85|1,85
2014-06-15 15:34:11,035|54,0|46,0|0,0|1678|583|1094|0,08|934,61|7,92|7,92
2014-06-15 15:34:18,139|58,8|41,1|0,0|1678|589|1088|0,08|934,52|4,28|6,52
2014-06-15 15:34:25,263|52,9|47,0|0,0|1678|592|1085|0,08|934,44|1,47|1,14
2014-06-15 15:34:32,380|52,9|47,0|0,0|1678|592|1086|0,08|934,36|1,15|0,90
2014-06-15 15:34:39,651|54,0|46,0|0,0|1678|591|1086|0,08|934,27|0,00|0,00
2014-06-15 15:34:46,768|54,9|45,0|0,0|1678|597|1080|0,08|934,19|1,59|1,94
2014-06-15 15:34:53,979|54,0|46,0|0,0|1678|603|1075|0,08|934,11|0,00|0,00
2014-06-15 15:35:01,063|54,9|45,0|0,0|1678|598|1079|0,08|934,02|0,00|0,00
2014-06-15 15:35:08,167|54,9|45,0|0,0|1678|599|1078|0,08|933,94|0,00|0,00
2014-06-15 15:35:15,223|50,0|50,0|0,0|1678|595|1082|0,08|933,86|0,06|0,37
2014-06-15 15:35:22,463|57,9|42,0|0,0|1678|599|1079|0,08|933,77|1,21|4,25
2014-06-15 15:35:29,599|56,0|44,0|0,0|1678|597|1081|0,08|933,69|1,62|1,80
2014-06-15 15:35:36,652|57,9|42,0|0,0|1678|596|1081|0,08|933,61|0,81|0,76
2014-06-15 15:35:43,944|58,8|41,1|0,0|1678|593|1084|0,08|933,52|0,00|0,00
2014-06-15 15:35:51,000|64,0|36,0|0,0|1678|592|1086|0,08|933,44|1,05|3,29
2014-06-15 15:35:58,108|64,0|36,0|0,0|1678|586|1091|0,08|933,36|1,26|1,28
2014-06-15 15:36:05,189|62,0|38,0|0,0|1678|587|1091|0,08|933,27|0,17|0,17
2014-06-15 15:36:12,028|4,0|2,0|94,0|1678|578|1100|0,08|933,20|1,30|4,53
2014-06-15 15:36:17,893|0,0|0,0|100,0|1678|577|1100|0,08|933,13|0,05|0,12
2014-06-15 15:36:23,737|0,0|0,0|100,0|1678|576|1101|0,08|933,07|0,30|0,35
2014-06-15 15:36:29,500|0,0|0,0|100,0|1678|576|1101|0,08|933,00|0,22|0,39
2014-06-15 15:36:35,262|0,0|0,0|100,0|1678|576|1102|0,08|932,93|0,00|1,47
2014-06-15 15:36:41,029|0,0|0,0|100,0|1678|575|1103|0,08|932,86|0,33|0,67
2014-06-15 15:36:46,848|0,0|0,0|100,0|1678|573|1104|0,08|932,80|0,00|1,47
2014-06-15 15:36:52,651|0,0|0,0|100,0|1678|572|1105|0,08|932,73|0,00|0,00
2014-06-15 15:36:58,428|23,5|9,8|64,7|1678|573|1104|0,08|932,66|0,43|4,57
2014-06-15 15:37:04,202|1,9|1,9|96,0|1678|573|1104|0,08|932,59|0,00|0,00
2014-06-15 15:37:09,988|1,9|0,0|98,0|1678|573|1105|0,08|932,53|0,07|0,07
2014-06-15 15:37:15,772|6,0|2,0|92,0|1678|573|1104|0,08|932,46|0,11|0,12
2014-06-15 15:37:21,621|0,0|0,0|100,0|1678|570|1108|0,08|932,39|0,40|1,01
2014-06-15 15:37:27,364|0,0|0,0|100,0|1678|571|1106|0,08|932,32|0,33|0,67
2014-06-15 15:37:33,100|0,0|1,9|98,0|1678|570|1108|0,08|932,26|0,00|0,00
2014-06-15 15:37:38,852|0,0|0,0|100,0|1678|570|1108|0,08|932,19|0,00|0,00
2014-06-15 15:37:44,642|26,0|8,0|66,0|1678|571|1106|0,08|932,12|0,43|5,22
2014-06-15 15:37:50,433|0,0|1,9|98,0|1678|570|1108|0,08|932,06|0,00|0,00
2014-06-15 15:37:56,209|0,0|0,0|100,0|1678|570|1108|0,08|931,99|3,63|0,00
2014-06-15 15:38:02,050|0,0|0,0|100,0|1678|571|1106|0,08|931,92|0,35|0,13
2014-06-15 15:38:07,830|1,9|0,0|98,0|1678|570|1108|0,08|931,85|0,00|0,00
2014-06-15 15:38:13,578|0,0|1,9|98,0|1678|570|1108|0,08|931,79|0,00|0,00
2014-06-15 15:38:19,466|0,0|0,0|100,0|1678|571|1106|0,08|931,72|0,64|5,68
2014-06-15 15:38:25,234|0,0|0,0|100,0|1678|570|1108|0,08|931,65|0,00|0,00
2014-06-15 15:38:30,960|0,0|0,0|100,0|1678|570|1108|0,08|931,58|0,07|0,07
2014-06-15 15:38:36,881|0,0|0,0|100,0|1678|570|1108|0,08|931,52|0,40|1,01
2014-06-15 15:38:42,721|0,0|1,9|98,0|1678|570|1108|0,08|931,45|0,00|0,00
2014-06-15 15:38:48,642|0,0|0,0|100,0|1678|571|1107|0,08|931,38|0,33|0,67
2014-06-15 15:38:54,487|0,0|0,0|100,0|1678|570|1108|0,08|931,31|0,00|0,00
2014-06-15 15:39:00,262|0,0|0,0|100,0|1678|570|1108|0,08|931,24|0,00|0,00
2014-06-15 15:39:06,071|0,0|0,0|100,0|1678|571|1107|0,08|931,18|1,30|0,58
2014-06-15 15:39:11,832|0,0|0,0|92,1|1678|570|1108|0,08|931,11|0,00|0,00
2014-06-15 15:39:17,657|0,0|0,0|100,0|1678|568|1109|0,08|931,04|0,00|0,00
2014-06-15 15:39:23,446|1,9|1,9|96,1|1678|570|1108|0,08|930,98|0,64|6,57
2014-06-15 15:39:29,185|0,0|0,0|95,9|1678|568|1109|0,08|930,91|0,00|0,00
2014-06-15 15:39:34,953|0,0|0,0|92,1|1678|568|1109|0,08|930,84|0,19|0,22
2014-06-15 15:39:40,690|1,9|0,0|90,1|1678|568|1109|0,08|930,78|0,00|0,00
2014-06-15 15:39:46,430|0,0|1,9|98,0|1678|568|1109|0,08|930,71|0,00|0,00
2014-06-15 15:39:52,176|0,0|0,0|100,0|1678|569|1108|0,08|930,64|0,74|1,68
2014-06-15 15:39:57,942|0,0|0,0|94,0|1678|568|1109|0,08|930,57|0,00|0,00
2014-06-15 15:40:03,721|0,0|0,0|100,0|1678|568|1109|0,08|930,51|0,00|0,00
2014-06-15 15:40:09,486|2,0|0,0|98,0|1678|570|1108|0,08|930,44|0,87|0,27
2014-06-15 15:40:15,314|69,3|4,0|26,5|1678|568|1109|0,08|930,37|0,54|0,77
2014-06-15 15:40:21,446|81,6|0,0|18,3|1678|568|1109|0,08|930,30|0,60|0,77
2014-06-15 15:40:27,654|42,0|2,0|56,0|1678|568|1109|0,08|930,23|0,59|0,70
2014-06-15 15:40:33,636|0,0|1,9|98,0|1678|568|1109|0,08|930,16|0,00|0,00
2014-06-15 15:40:39,506|1,9|1,9|96,0|1678|569|1108|0,08|930,09|1,58|0,56
2014-06-15 15:40:45,359|0,0|1,9|98,0|1678|568|1109|0,08|930,03|0,60|0,77
2014-06-15 15:40:51,194|60,7|39,2|0,0|1678|571|1106|0,08|929,95|3,01|2,80
2014-06-15 15:40:58,263|57,9|42,0|0,0|1678|585|1092|0,08|929,87|2,55|2,12
2014-06-15 15:41:05,531|54,0|46,0|0,0|1678|579|1099|0,08|929,78|1,85|1,85
2014-06-15 15:41:12,660|52,9|47,0|0,0|1678|579|1098|0,08|929,70|0,81|0,76
2014-06-15 15:41:20,066|52,0|48,0|0,0|1678|586|1091|0,08|929,62|0,74|0,74
2014-06-15 15:41:27,162|54,0|46,0|0,0|1678|589|1088|0,08|929,53|3,23|5,02
2014-06-15 15:41:34,302|54,0|46,0|0,0|1678|595|1082|0,08|929,45|0,00|0,00
2014-06-15 15:41:41,442|52,9|47,0|0,0|1678|597|1080|0,08|929,37|0,00|0,00
2014-06-15 15:41:48,582|52,9|45,0|0,0|1678|595|1083|0,08|929,29|0,06|0,06
2014-06-15 15:41:55,691|54,0|46,0|0,0|1678|598|1079|0,08|929,20|3,68|0,06
2014-06-15 15:42:02,789|54,0|46,0|0,0|1678|596|1081|0,08|929,12|0,65|0,38
2014-06-15 15:42:09,994|56,8|43,1|0,0|1678|598|1079|0,08|929,04|0,00|0,00
2014-06-15 15:42:17,051|56,0|44,0|0,0|1678|597|1080|0,08|928,96|1,30|0,65
2014-06-15 15:42:24,163|57,9|42,0|0,0|1678|597|1081|0,08|928,88|0,00|0,00
2014-06-15 15:42:31,227|61,5|38,4|0,0|1678|594|1083|0,08|928,79|1,59|1,95
2014-06-15 15:42:38,380|60,7|39,2|0,0|1678|592|1085|0,08|928,71|0,00|0,00
2014-06-15 15:42:45,461|60,7|39,2|0,0|1678|587|1090|0,08|928,63|0,00|0,00
2014-06-15 15:42:52,567|0,0|0,0|100,0|1678|577|1100|0,08|928,55|0,41|0,13
2014-06-15 15:42:58,619|0,0|1,9|98,0|1678|575|1102|0,08|928,48|0,00|0,00
2014-06-15 15:43:04,528|0,0|0,0|100,0|1678|575|1102|0,08|928,42|1,59|1,94
2014-06-15 15:43:10,421|54,0|32,0|14,0|1678|575|1103|0,08|928,35|4,22|4,22
2014-06-15 15:43:16,975|57,9|42,0|0,0|1678|578|1099|0,08|928,27|1,98|1,98
2014-06-15 15:43:24,095|54,9|45,0|0,0|1678|582|1095|0,08|928,18|6,24|14,91
2014-06-15 15:43:31,292|54,9|45,0|0,0|1678|606|1071|0,08|928,10|1,85|1,85
2014-06-15 15:43:38,452|52,9|47,0|0,0|1678|603|1074|0,08|928,02|1,96|1,13
2014-06-15 15:43:45,623|54,9|45,0|0,0|1678|593|1084|0,08|927,94|0,00|0,00
2014-06-15 15:43:52,757|54,0|46,0|0,0|1678|585|1093|0,08|927,85|1,67|2,27
2014-06-15 15:43:59,868|56,8|43,1|0,0|1678|593|1084|0,08|927,77|0,00|0,00
2014-06-15 15:44:07,005|56,0|44,0|0,0|1678|597|1081|0,08|927,69|0,00|0,00
2014-06-15 15:44:14,081|53,8|46,1|0,0|1678|594|1083|0,08|927,61|0,00|0,00
2014-06-15 15:44:21,295|56,8|43,1|0,0|1678|593|1084|0,08|927,52|0,34|0,14
2014-06-15 15:44:28,380|56,8|43,1|0,0|1678|591|1086|0,08|927,44|2,00|2,40
2014-06-15 15:44:35,488|57,9|42,0|0,0|1678|586|1091|0,08|927,36|0,35|0,14
2014-06-15 15:44:42,548|57,9|42,0|0,0|1678|588|1089|0,08|927,28|5,91|6,04
2014-06-15 15:44:49,712|98,0|2,0|0,0|1678|587|1090|0,08|927,20|1,42|3,18
2014-06-15 15:44:56,465|57,9|42,0|0,0|1678|589|1089|0,08|927,12|2,58|1,86
2014-06-15 15:45:03,561|54,9|45,0|0,0|1678|586|1091|0,08|927,04|2,67|2,67
2014-06-15 15:45:10,728|52,0|48,0|0,0|1678|589|1088|0,08|926,96|1,86|1,86
2014-06-15 15:45:17,806|52,9|47,0|0,0|1678|589|1088|0,08|926,87|3,89|4,50
2014-06-15 15:45:24,976|53,0|46,9|0,0|1678|592|1086|0,08|926,79|0,00|0,00
2014-06-15 15:45:32,072|50,9|49,0|0,0|1678|594|1084|0,08|926,71|1,59|0,56
2014-06-15 15:45:39,144|54,0|46,0|0,0|1678|593|1085|0,08|926,63|0,00|0,00
2014-06-15 15:45:46,291|52,0|48,0|0,0|1678|596|1081|0,08|926,55|0,00|0,00
2014-06-15 15:45:53,340|54,9|45,0|0,0|1678|600|1077|0,08|926,47|0,00|0,00
2014-06-15 15:46:00,444|54,0|46,0|0,0|1678|594|1083|0,08|926,38|0,06|0,00
2014-06-15 15:46:07,549|60,7|39,2|0,0|1678|594|1084|0,08|926,30|1,92|12,67
2014-06-15 15:46:14,640|52,9|47,0|0,0|1678|593|1084|0,08|926,22|0,00|0,00
2014-06-15 15:46:21,778|56,0|44,0|0,0|1678|592|1086|0,08|926,14|2,57|2,91
2014-06-15 15:46:28,872|56,0|44,0|0,0|1678|590|1087|0,08|926,06|1,50|1,50
2014-06-15 15:46:35,985|60,0|40,0|0,0|1678|591|1087|0,08|925,98|0,00|0,00
2014-06-15 15:46:43,089|60,0|40,0|0,0|1678|590|1087|0,08|925,89|0,00|0,00
2014-06-15 15:46:50,189|60,7|39,2|0,0|1678|588|1089|0,08|925,81|0,08|0,05
2014-06-15 15:46:57,298|66,0|34,0|0,0|1678|583|1095|0,08|925,73|1,11|2,50
2014-06-15 15:47:03,962|0,0|0,0|100,0|1678|576|1101|0,08|925,66|0,00|0,00
2014-06-15 15:47:09,694|0,0|1,9|98,0|1678|576|1101|0,08|925,60|1,74|2,38
2014-06-15 15:47:15,494|0,0|0,0|100,0|1678|576|1101|0,08|925,53|0,00|0,00
2014-06-15 15:47:21,375|0,0|0,0|100,0|1678|575|1102|0,08|925,46|0,00|0,00
2014-06-15 15:47:27,161|0,0|0,0|100,0|1678|576|1101|0,08|925,40|0,89|0,83
2014-06-15 15:47:33,042|1,8|1,8|96,2|1678|571|1106|0,08|925,33|0,00|0,00
2014-06-15 15:47:38,798|0,0|0,0|100,0|1678|571|1107|0,08|925,26|0,00|0,00
2014-06-15 15:47:44,579|0,0|0,0|100,0|1678|572|1105|0,08|925,20|1,19|0,47
2014-06-15 15:47:50,338|0,0|0,0|100,0|1678|570|1107|0,08|925,13|0,00|0,00
2014-06-15 15:47:56,079|0,0|0,0|100,0|1678|570|1107|0,08|925,06|1,81|0,00
2014-06-15 15:48:01,834|0,0|0,0|100,0|1678|572|1105|0,08|925,00|0,76|12,64
2014-06-15 15:48:07,594|0,0|0,0|100,0|1678|570|1107|0,08|924,93|0,00|0,00
2014-06-15 15:48:13,344|0,0|0,0|100,0|1678|570|1107|0,08|924,87|0,07|0,07
2014-06-15 15:48:19,297|0,0|0,0|100,0|1678|570|1107|0,08|924,80|0,00|0,00
2014-06-15 15:48:25,054|0,0|0,0|100,0|1678|570|1107|0,08|924,73|0,00|0,00
2014-06-15 15:48:30,818|0,0|0,0|100,0|1678|570|1107|0,08|924,67|1,67|2,02
2014-06-15 15:48:36,569|0,0|1,9|98,0|1678|570|1107|0,08|924,60|0,00|0,00
2014-06-15 15:48:42,298|0,0|0,0|100,0|1678|570|1107|0,08|924,54|0,00|0,00
2014-06-15 15:48:48,036|0,0|0,0|100,0|1678|571|1106|0,08|924,47|0,33|0,67
2014-06-15 15:48:53,845|0,0|0,0|100,0|1678|570|1107|0,08|924,40|0,00|0,00
2014-06-15 15:48:59,641|0,0|0,0|100,0|1678|570|1107|0,08|924,34|0,00|0,00
2014-06-15 15:49:05,379|0,0|1,9|96,1|1678|571|1106|0,08|924,27|1,39|0,68
2014-06-15 15:49:11,147|0,0|0,0|100,0|1678|570|1107|0,08|924,21|0,00|0,00
2014-06-15 15:49:16,943|0,0|0,0|100,0|1678|570|1107|0,08|924,14|0,00|0,00
2014-06-15 15:49:22,770|31,3|17,6|50,9|1678|572|1106|0,08|924,07|0,61|13,73
2014-06-15 15:49:28,528|1,9|0,0|98,0|1678|570|1107|0,08|924,01|0,00|0,00
2014-06-15 15:49:34,350|0,0|0,0|100,0|1678|570|1107|0,08|923,94|0,00|0,00
2014-06-15 15:49:40,130|0,0|2,0|98,0|1678|572|1105|0,08|923,87|0,65|13,95
2014-06-15 15:49:45,938|0,0|0,0|100,0|1678|570|1107|0,08|923,81|0,00|0,00
2014-06-15 15:49:51,775|60,0|40,0|0,0|1678|572|1105|0,08|923,73|7,27|7,31
2014-06-15 15:49:58,862|57,9|42,0|0,0|1678|579|1098|0,08|923,65|2,11|2,11
2014-06-15 15:50:06,011|50,0|50,0|0,0|1678|596|1082|0,08|923,57|1,85|1,85
2014-06-15 15:50:13,106|52,0|48,0|0,0|1678|589|1089|0,08|923,49|0,89|14,35
2014-06-15 15:50:20,404|52,9|47,0|0,0|1678|586|1092|0,08|923,41|0,00|0,00
2014-06-15 15:50:27,506|52,9|45,0|0,0|1678|591|1087|0,08|923,33|0,81|0,76
2014-06-15 15:50:34,783|52,9|47,0|0,0|1678|596|1081|0,08|923,24|1,26|1,26
2014-06-15 15:50:41,850|52,9|47,0|0,0|1678|599|1078|0,08|923,16|1,52|1,56
2014-06-15 15:50:48,910|56,8|43,1|0,0|1678|597|1080|0,08|923,08|0,34|0,14
2014-06-15 15:50:55,994|56,0|44,0|0,0|1678|597|1080|0,08|923,00|3,97|0,14
2014-06-15 15:51:03,084|61,2|38,7|0,0|1678|595|1083|0,08|922,92|1,00|15,00
2014-06-15 15:51:10,274|57,9|42,0|0,0|1678|591|1086|0,08|922,84|0,06|0,06
2014-06-15 15:51:17,331|57,9|42,0|0,0|1678|591|1086|0,08|922,76|2,49|2,87
2014-06-15 15:51:24,420|58,8|41,1|0,0|1678|592|1085|0,08|922,68|6,72|6,08
2014-06-15 15:51:31,681|98,0|2,0|0,0|1678|592|1086|0,08|922,60|0,00|0,00
2014-06-15 15:51:38,079|98,0|2,0|0,0|1678|585|1092|0,08|922,52|0,19|1,78
2014-06-15 15:51:44,480|21,5|9,8|68,6|1678|578|1099|0,08|922,45|0,74|15,28
2014-06-15 15:51:50,348|0,0|0,0|100,0|1678|577|1101|0,08|922,39|0,00|0,00
2014-06-15 15:51:56,179|0,0|0,0|100,0|1678|577|1100|0,08|922,32|3,62|0,00
2014-06-15 15:52:02,085|1,9|1,9|96,1|1678|578|1099|0,08|922,25|0,54|15,45
2014-06-15 15:52:07,947|0,0|0,0|100,0|1678|577|1101|0,08|922,19|0,00|0,00
2014-06-15 15:52:13,869|0,0|0,0|100,0|1678|576|1101|0,08|922,12|0,00|0,00
2014-06-15 15:52:19,783|0,0|0,0|100,0|1678|577|1100|0,08|922,05|0,35|0,13
2014-06-15 15:52:25,662|0,0|1,9|98,0|1678|574|1104|0,08|921,99|0,40|1,01
2014-06-15 15:52:31,472|0,0|0,0|100,0|1678|572|1105|0,08|921,92|0,30|1,95
2014-06-15 15:52:37,277|0,0|0,0|100,0|1678|572|1106|0,08|921,85|0,00|0,00
2014-06-15 15:52:43,120|86,0|0,0|14,0|1678|571|1106|0,08|921,78|0,54|0,77
2014-06-15 15:52:49,196|76,4|3,9|19,6|1678|572|1105|0,08|921,72|0,93|1,44
2014-06-15 15:52:55,412|45,0|0,0|54,9|1678|571|1106|0,08|921,64|0,00|0,00
2014-06-15 15:53:01,491|1,9|1,9|96,1|1678|571|1106|0,08|921,58|0,00|0,00
2014-06-15 15:53:07,236|1,9|0,0|98,0|1678|572|1105|0,08|921,51|0,57|0,69
2014-06-15 15:53:13,119|59,6|38,4|0,0|1678|578|1099|0,08|921,44|1,86|1,86
2014-06-15 15:53:20,296|56,0|44,0|0,0|1678|576|1101|0,08|921,36|1,85|1,85
2014-06-15 15:53:27,404|54,0|46,0|0,0|1678|591|1086|0,08|921,28|2,64|3,88
2014-06-15 15:53:34,631|54,0|46,0|0,0|1678|583|1094|0,08|921,19|0,26|0,26
2014-06-15 15:53:41,711|52,9|47,0|0,0|1678|581|1096|0,08|921,11|0,00|0,00
2014-06-15 15:53:48,863|55,1|44,8|0,0|1678|598|1079|0,08|921,03|1,58|0,75
2014-06-15 15:53:55,992|54,9|45,0|0,0|1678|594|1083|0,08|920,95|3,64|0,00
2014-06-15 15:54:03,076|52,9|47,0|0,0|1678|584|1093|0,08|920,87|0,00|0,00
2014-06-15 15:54:10,105|54,9|45,0|0,0|1678|586|1091|0,08|920,79|0,35|0,13
2014-06-15 15:54:17,340|57,9|42,0|0,0|1678|587|1090|0,08|920,71|0,75|0,75
2014-06-15 15:54:24,424|60,0|40,0|0,0|1678|591|1086|0,08|920,63|1,59|0,56
2014-06-15 15:54:31,488|60,0|40,0|0,0|1678|589|1089|0,08|920,55|0,24|0,24
2014-06-15 15:54:38,572|60,0|40,0|0,0|1678|586|1091|0,08|920,47|0,00|0,00
2014-06-15 15:54:45,696|60,7|39,2|0,0|1678|583|1095|0,08|920,39|0,00|0,00
2014-06-15 15:54:52,798|0,0|0,0|100,0|1678|574|1103|0,08|920,31|0,00|0,00
2014-06-15 15:54:58,864|0,0|1,9|98,0|1678|574|1103|0,08|920,25|0,00|0,00
2014-06-15 15:55:04,682|0,0|0,0|100,0|1678|575|1102|0,08|920,18|1,68|2,28
2014-06-15 15:55:10,490|0,0|1,9|98,0|1678|574|1103|0,08|920,11|0,00|0,00
2014-06-15 15:55:16,357|0,0|1,9|98,0|1678|573|1105|0,08|920,05|0,00|0,00
2014-06-15 15:55:22,136|0,0|0,0|100,0|1678|574|1104|0,08|919,98|0,33|0,67
2014-06-15 15:55:27,856|0,0|0,0|100,0|1678|572|1105|0,08|919,92|0,00|0,00
2014-06-15 15:55:33,614|0,0|0,0|100,0|1678|572|1105|0,08|919,85|0,00|0,00
2014-06-15 15:55:39,451|0,0|0,0|100,0|1678|573|1105|0,08|919,79|0,81|0,83
2014-06-15 15:55:45,490|0,0|0,0|100,0|1678|572|1106|0,08|919,72|0,00|0,00
2014-06-15 15:55:51,221|0,0|1,9|98,0|1678|571|1106|0,08|919,65|0,00|0,00
2014-06-15 15:55:56,951|0,0|0,0|100,0|1678|573|1105|0,08|919,59|2,99|0,76
2014-06-15 15:56:02,923|0,0|0,0|100,0|1678|571|1106|0,08|919,52|0,00|0,00
2014-06-15 15:56:08,724|0,0|0,0|100,0|1678|571|1106|0,08|919,45|0,00|0,00
2014-06-15 15:56:14,454|2,0|0,0|98,0|1678|573|1104|0,08|919,39|1,50|0,72
2014-06-15 15:56:20,332|0,0|0,0|100,0|1678|571|1106|0,08|919,32|0,00|0,00
2014-06-15 15:56:26,078|0,0|1,9|98,0|1678|571|1106|0,08|919,26|3,63|0,00
2014-06-15 15:56:31,977|24,0|8,0|68,0|1678|573|1104|0,08|919,19|0,43|14,98
2014-06-15 15:56:37,814|0,0|0,0|100,0|1678|571|1106|0,08|919,12|0,00|0,00
2014-06-15 15:56:43,629|0,0|0,0|100,0|1678|571|1106|0,08|919,06|0,00|0,00
2014-06-15 15:56:49,622|0,0|0,0|100,0|1678|573|1104|0,08|918,99|0,84|4,55
2014-06-15 15:56:55,695|0,0|0,0|100,0|1678|571|1106|0,08|918,92|0,00|0,00
2014-06-15 15:57:01,517|0,0|0,0|100,0|1678|572|1106|0,08|918,86|0,48|1,08
2014-06-15 15:57:07,248|0,0|0,0|100,0|1678|571|1106|0,08|918,79|0,06|0,00
2014-06-15 15:57:13,077|0,0|0,0|100,0|1678|572|1106|0,08|918,73|0,00|0,00
2014-06-15 15:57:18,990|0,0|1,9|98,0|1678|572|1106|0,08|918,66|0,30|1,96
2014-06-15 15:57:24,829|1,9|1,9|96,1|1678|572|1106|0,08|918,59|0,00|0,00
2014-06-15 15:57:30,666|0,0|0,0|100,0|1678|572|1106|0,08|918,53|0,00|0,00
2014-06-15 15:57:36,517|1,9|1,9|96,0|1678|573|1105|0,08|918,46|1,59|0,56
2014-06-15 15:57:42,378|0,0|0,0|100,0|1678|571|1106|0,08|918,39|0,00|0,00
2014-06-15 15:57:48,318|0,0|0,0|100,0|1678|572|1106|0,08|918,33|0,00|0,00
2014-06-15 15:57:54,224|0,0|0,0|100,0|1678|571|1106|0,08|918,26|0,00|0,00
2014-06-15 15:58:00,167|0,0|0,0|100,0|1678|572|1106|0,08|918,19|0,00|0,00
2014-06-15 15:58:05,982|0,0|0,0|100,0|1678|571|1106|0,08|918,13|0,00|0,00
2014-06-15 15:58:11,835|0,0|0,0|100,0|1678|572|1106|0,08|918,06|0,00|0,00
2014-06-15 15:58:17,750|0,0|0,0|100,0|1678|572|1106|0,08|918,00|0,00|0,00
2014-06-15 15:58:23,628|0,0|0,0|100,0|1678|572|1106|0,08|917,93|1,67|1,96
