2013-08-18 15:45:15,006|0,1
2013-08-18 15:45:16,995|0,5
2013-08-18 15:45:18,955|0,4
2013-08-18 15:45:20,768|0,8
2013-08-18 15:45:22,773|10,6
2013-08-18 15:45:24,596|10,8
2013-08-18 15:45:26,539|10,8
2013-08-18 15:45:28,430|20,6
2013-08-18 15:45:30,399|20,6
2013-08-18 15:45:32,351|20,6
2013-08-18 15:45:34,240|30
2013-08-18 15:45:36,198|30
2013-08-18 15:45:38,097|30
2013-08-18 15:45:40,014|40
2013-08-18 15:45:41,928|40
2013-08-18 15:45:43,854|40
2013-08-18 15:45:45,700|48,9
2013-08-18 15:46:16,423|23
2013-08-18 15:46:18,467|23
2013-08-18 15:46:20,439|23
2013-08-18 15:46:22,443|13,8
2013-08-18 15:46:24,408|13,8
2013-08-18 15:46:26,342|23,8
2013-08-18 15:46:28,316|14
2013-08-18 15:46:30,240|14,4
2013-08-18 15:46:32,170|20,4
2013-08-18 15:46:34,108|20,4
2013-08-18 15:46:36,091|20,8
2013-08-18 15:46:38,036|30,4
2013-08-18 15:46:39,991|30,4
2013-08-18 15:46:41,969|30,6
2013-08-18 15:46:43,985|41
2013-08-18 15:46:46,040|41
2013-08-18 15:46:48,081|41
2013-08-18 15:46:50,048|50,8
2013-08-18 15:46:52,017|50,8
2013-08-18 15:46:53,918|60,4
2013-08-18 15:46:55,992|60,6
2013-08-18 15:46:58,040|60,2
2013-08-18 15:47:00,130|50,6
2013-08-18 15:47:02,191|50,6
2013-08-18 15:47:04,255|50,7
2013-08-18 15:47:06,331|40,5
2013-08-18 15:47:08,330|40,5
2013-08-18 15:47:10,300|46,8
2013-08-18 15:47:12,300|48,5
2013-08-18 15:47:14,368|48,5
2013-08-18 15:47:16,390|55,1
2013-08-18 15:47:18,482|53
2013-08-18 15:47:20,544|53
2013-08-18 15:47:22,622|58,8
2013-08-18 15:47:24,619|56,4
2013-08-18 15:47:26,728|54,6
2013-08-18 15:47:28,737|49,2
2013-08-18 15:47:30,838|39,8
2013-08-18 15:47:32,921|33,4
2013-08-18 15:47:34,990|28,9
2013-08-18 15:47:37,088|28,9
2013-08-18 15:47:39,203|21,5
2013-08-18 15:47:41,306|21,4
2013-08-18 15:47:43,389|21,4
2013-08-18 15:47:45,461|21,9
2013-08-18 15:47:47,565|17,1
2013-08-18 15:47:49,672|17
2013-08-18 15:47:51,767|9,8
2013-08-18 15:47:53,852|9,8
2013-08-18 15:47:55,935|9,8
2013-08-18 15:47:58,071|2,6
2013-08-18 15:48:00,172|2,5
2013-08-18 15:48:02,339|2,5
2013-08-18 15:48:04,443|2,5
2013-08-18 15:48:06,544|2,4
2013-08-18 15:48:08,652|2,6
2013-08-18 15:48:10,747|2,6
2013-08-18 15:48:12,881|2,1
2013-08-18 15:48:14,976|2,2
2013-08-18 15:48:16,980|2,2
2013-08-18 15:48:19,036|11,2
2013-08-18 15:48:21,005|11,2
2013-08-18 15:48:23,156|10,9
2013-08-18 15:48:25,300|21,1
2013-08-18 15:48:27,300|21,1
2013-08-18 15:48:29,240|20,9
2013-08-18 15:48:31,269|30,5
2013-08-18 15:48:33,372|30,5
2013-08-18 15:48:35,328|30,3
2013-08-18 15:48:37,264|39,7
2013-08-18 15:48:39,280|39,2
2013-08-18 15:48:41,308|39,7
2013-08-18 15:48:43,340|49,7
2013-08-18 15:48:45,421|50,1
2013-08-18 15:48:47,501|69,2
2013-08-18 15:48:49,455|69,2
2013-08-18 15:48:51,450|79
2013-08-18 15:48:53,417|88,4
2013-08-18 15:48:55,396|88,4
2013-08-18 15:48:57,421|97,8
2013-08-18 15:48:59,374|97,4
2013-08-18 15:49:01,408|97,4
2013-08-18 15:49:03,413|98
2013-08-18 15:49:05,414|97,2
2013-08-18 15:49:07,341|97,2
2013-08-18 15:49:09,262|97,2
2013-08-18 15:49:11,224|96,8
2013-08-18 15:49:13,252|96,8
2013-08-18 15:49:15,271|97
2013-08-18 15:49:17,276|96,8
2013-08-18 15:49:19,262|96,8
2013-08-18 15:49:21,217|96,8
2013-08-18 15:49:23,149|96,6
2013-08-18 15:49:25,084|96,6
2013-08-18 15:49:27,029|97
2013-08-18 15:49:29,002|97,6
2013-08-18 15:49:31,010|97,4
2013-08-18 15:49:33,042|97
2013-08-18 15:49:35,012|96,6
2013-08-18 15:49:37,016|96,2
2013-08-18 15:49:38,956|95,6
2013-08-18 15:49:40,974|96
2013-08-18 15:49:43,024|95,8
2013-08-18 15:49:45,004|96
2013-08-18 15:49:46,950|96,2
2013-08-18 15:49:48,959|96
2013-08-18 15:49:51,000|95,6
2013-08-18 15:49:53,016|95,8
2013-08-18 15:49:55,088|96
2013-08-18 15:49:57,096|96,8
2013-08-18 15:49:59,116|96,8
2013-08-18 15:50:01,104|97
2013-08-18 15:50:03,090|97,4
2013-08-18 15:50:05,128|97,4
2013-08-18 15:50:07,199|97,8
2013-08-18 15:50:09,282|98,4
2013-08-18 15:50:11,245|98,4
2013-08-18 15:50:13,276|98,4
2013-08-18 15:50:15,354|98,8
2013-08-18 15:50:17,400|98,8
2013-08-18 15:50:19,484|98,2
2013-08-18 15:50:21,596|98,2
2013-08-18 15:50:23,654|97,8
2013-08-18 15:50:25,688|87,8
2013-08-18 15:50:27,792|87,8
2013-08-18 15:50:29,910|87,4
2013-08-18 15:50:31,965|77,7
2013-08-18 15:50:34,060|77,7
2013-08-18 15:50:36,174|69,4
2013-08-18 15:50:38,232|69,4
2013-08-18 15:50:40,260|69,4
2013-08-18 15:50:42,344|69,4
2013-08-18 15:50:44,541|69,8
2013-08-18 15:50:46,612|79,4
2013-08-18 15:50:48,730|69,5
2013-08-18 15:50:50,850|69,5
2013-08-18 15:50:52,956|69,5
2013-08-18 15:50:55,041|69,5
2013-08-18 15:50:57,232|69,5
2013-08-18 15:50:59,260|69,9
2013-08-18 15:51:01,344|69,7
2013-08-18 15:51:03,401|69,6
2013-08-18 15:51:05,474|69,8
2013-08-18 15:51:07,558|70,1
2013-08-18 15:51:09,636|70,2
2013-08-18 15:51:11,796|70,2
2013-08-18 15:51:13,932|69,8
2013-08-18 15:51:16,149|60,1
2013-08-18 15:51:18,315|59,7
2013-08-18 15:51:20,557|60,3
2013-08-18 15:51:22,776|60
2013-08-18 15:51:24,985|50,4
2013-08-18 15:51:27,189|50,1
2013-08-18 15:51:29,428|40,3
2013-08-18 15:51:31,667|40,9
2013-08-18 15:51:33,854|40,4
2013-08-18 15:51:36,059|31,6
2013-08-18 15:51:38,288|31,3
2013-08-18 15:51:40,555|31,3
2013-08-18 15:51:42,795|21,5
2013-08-18 15:51:45,060|21,2
2013-08-18 15:51:47,327|12,4
2013-08-18 15:51:49,553|12,2
2013-08-18 15:51:51,797|2,6
2013-08-18 15:51:54,046|3,2
2013-08-18 15:51:56,263|2,8
2013-08-18 15:51:58,542|2,4
2013-08-18 15:52:00,740|2,8
2013-08-18 15:52:02,996|2,6
2013-08-18 15:52:05,227|2,8
2013-08-18 15:52:07,463|2,2
2013-08-18 15:52:09,723|1,6
2013-08-18 15:52:11,978|1,3
2013-08-18 15:52:14,203|1,5
2013-08-18 15:52:16,438|1,9
2013-08-18 15:52:18,668|1,6
