0
0,4
0,4
0,4
0,8
0,9
0,9
0,9
0,9
0,9
0,9
0,9
1
1
1
1,2
1,2
1
1
1
1
1
1,4
11,3
11,5
11,5
11,5
21,5
21,4
21,6
31,2
31,2
31,2
31,1
41,1
40,5
40,7
40,7
50,3
50,3
50,3
49,7
49,3
49,3
59,1
58,9
58,9
68,5
68,5
68,8
68,8
78,8
78,4
78,4
78,4
88,2
78,4
78,4
88
88
79
79
89
88,3
88,3
88,3
98,3
99,3
98,7
98,7
98,5
98,5
98,5
98,3
98,3
98,3
98,5
98,7
98,7
98,7
98,7
89,6
89,6
89,4
89,2
79,2
79,2
79,2
68,9
68,9
68,8
58,8
59
59
59,4
49,4
49,4
49,2
49,6
49,6
49,6
50
50,1
50,1
50,1
50,4
50,4
50,4
50,4
50,4
50,6
50,6
50,6
50,4
50,4
50
59,6
59,6
59,6
69,2
69
69
69
78,6
78,6
78,6
88,5
88,9
88,9
88,9
98,9
98,9
98,9
98,1
98,1
98,1
98,1
98,7
98,3
98,3
98,3
98,3
98,3
98,3
98,6
98,8
98,8
98,8
98,8
98,8
98,8
98,6
98,6
98,6
98,6
98,6
98,8
98,8
98
88,2
88,2
88,2
88,6
79,2
79,2
87,9
77,9
77,9
77,9
78,9
78,9
78,9
82,2
72,2
72,2
72,4
63
63
63
53,2
53,2
53,2
50,2
50,2
50,2
50,4
50,2
50,2
50,2
50,4
50,4
50,4
41,5
41,5
41,5
41,5
31,1
31,1
30,6
20,8
20,8
21,1
11,1
11,1
11,1
2,3
2,3
2,3
1,7
1,7
1,7