2013-08-16 23:34:12,1|1,9|0|98|995|155|839|8,48|6,6|0,06|0
2013-08-16 23:34:12,6|0|2|98|995|154|841|8,47|6,61|0,06|0
2013-08-16 23:34:12,11|0|0|100|995|154|841|8,47|6,61|0,06|0
2013-08-16 23:34:12,16|0|0|100|995|154|841|8,46|6,61|0,89|0
2013-08-16 23:34:12,21|0|0|100|995|154|841|8,46|6,61|0,36|0
2013-08-16 23:34:12,26|0|0|100|995|154|841|8,46|6,61|0,63|0
2013-08-16 23:34:12,31|0|0|100|995|154|841|8,45|6,61|0,99|0
2013-08-16 23:34:12,36|0|0|100|995|154|841|8,45|6,61|0|0
2013-08-16 23:34:12,41|0|0|100|995|154|841|8,44|6,61|0,39|0
2013-08-16 23:34:12,46|0|0|100|995|154|841|8,44|6,61|0,09|0
2013-08-16 23:34:12,51|0|0|100|995|154|841|8,43|6,61|0,12|0
2013-08-16 23:34:12,56|0|0|100|995|154|841|8,43|6,61|0,12|0
2013-08-16 23:34:12,61|4|6,1|89,7|995|154|841|8,42|6,61|0,18|0
2013-08-16 23:34:12,66|1,9|0|98|995|154|841|8,42|6,61|4,72|4,14
2013-08-16 23:34:12,71|0|1,9|98|995|154|841|8,41|6,61|3,72|2,65
2013-08-16 23:34:12,76|1,9|0|98|995|155|840|8,41|6,61|2,94|2,8
2013-08-16 23:34:12,81|0|0|100|995|154|840|8,41|6,62|5,02|4,7
2013-08-16 23:34:12,86|4|6,1|89,7|995|154|840|8,4|6,62|1,81|2,63
2013-08-16 23:34:12,91|100|0|0|995|920|75|8,4|6,62|4,6|4,4
2013-08-16 23:34:12,96|100|0|0|995|921|74|8,39|6,62|4,97|4,56
2013-08-16 23:34:12,101|97,9|2|0|995|923|72|8,39|6,62|1,56|0,84
2013-08-16 23:34:12,106|100|0|0|995|923|72|8,38|6,62|5,52|4,76
2013-08-16 23:34:12,111|100|0|0|995|923|72|8,38|6,63|6,02|5,46
2013-08-16 23:34:12,116|94|6|0|995|923|72|8,37|6,63|0,35|0
2013-08-16 23:34:12,121|98|1,9|0|995|924|71|8,37|6,63|2,65|3,22
2013-08-16 23:34:12,126|100|0|0|995|923|72|8,36|6,63|4,9|4,84
2013-08-16 23:34:12,131|96|3,9|0|995|923|72|8,36|6,64|0,06|0
2013-08-16 23:34:12,136|100|0|0|995|924|71|8,35|6,64|3,25|4,56
2013-08-16 23:34:12,141|100|0|0|995|923|72|8,35|6,64|5,45|4,91
2013-08-16 23:34:12,146|96|2|0|995|924|71|8,36|6,64|2,4|1,46
2013-08-16 23:34:12,151|97,9|2|0|995|920|75|8,36|6,64|0,38|0
2013-08-16 23:34:12,156|100|0|0|995|916|79|8,35|6,64|0,06|0
2013-08-16 23:34:12,161|100|0|0|995|916|79|8,43|6,65|4,6|5,06
2013-08-16 23:34:12,166|100|0|0|995|916|79|8,43|6,65|4,83|5,21
2013-08-16 23:34:12,171|98|2|0|995|916|79|8,42|6,65|0|0
2013-08-16 23:34:12,176|0|0|100|995|147|847|8,42|6,65|4,61|5,19
2013-08-16 23:34:12,181|0|0|100|995|147|847|8,42|6,65|4,6|5,3
2013-08-16 23:34:12,186|1,9|0|98|995|148|847|8,41|6,65|2,79|3,89
2013-08-16 23:34:12,191|0|0|100|995|147|848|8,41|6,66|1,93|1,33
2013-08-16 23:34:12,196|0|0|100|995|147|847|8,4|6,66|5,5|5,38
2013-08-16 23:34:12,201|4,1|4,1|91,6|995|147|847|8,4|6,66|0,5|0
2013-08-16 23:34:12,206|0|2|98|995|148|847|8,41|6,66|5,29|5,73
2013-08-16 23:34:12,211|4|6,1|89,7|995|148|847|8,41|6,66|1,37|0,18
2013-08-16 23:34:12,216|0|0|100|995|148|847|8,4|6,67|4,48|5,65
2013-08-16 23:34:12,221|0|0|100|995|148|846|8,4|6,67|4,26|5,99
2013-08-16 23:34:12,226|100|0|0|995|169|825|8,39|6,67|5|5,77
2013-08-16 23:34:12,231|94,1|3,9|0|995|914|81|8,39|6,67|0,12|0
2013-08-16 23:34:12,236|100|0|0|995|916|79|8,38|6,67|4,67|5,87
2013-08-16 23:34:12,241|97,9|2|0|995|916|79|8,38|6,68|0,06|0
2013-08-16 23:34:12,246|100|0|0|995|916|79|8,37|6,68|4,54|5,85
2013-08-16 23:34:12,251|96|3,9|0|995|916|79|8,37|6,68|0|0
2013-08-16 23:34:12,256|100|0|0|995|916|79|8,37|6,68|4,98|5,94
2013-08-16 23:34:12,261|100|0|0|995|916|79|8,36|6,68|4,84|5,99
2013-08-16 23:34:12,266|96|3,9|0|995|918|77|8,36|6,69|0,06|0
2013-08-16 23:34:12,271|100|0|0|995|916|79|8,35|6,69|4,96|6,08
2013-08-16 23:34:12,276|96|4|0|995|916|79|8,35|6,69|0|0
2013-08-16 23:34:12,281|100|0|0|995|916|78|8,34|6,69|4,95|6,24
2013-08-16 23:34:12,286|96|2|0|995|916|78|8,34|6,69|1,41|0
2013-08-16 23:34:12,291|100|0|0|995|916|78|8,33|6,69|4,54|6,33
2013-08-16 23:34:12,296|94|6|0|995|916|78|8,33|6,7|0,99|0
2013-08-16 23:34:12,301|100|0|0|995|916|78|8,32|6,7|4,48|6,43
2013-08-16 23:34:12,306|100|0|0|995|916|78|8,32|6,7|4,63|6,66
2013-08-16 23:34:12,311|100|0|0|995|916|78|8,32|6,7|0,21|0
2013-08-16 23:34:12,316|100|0|0|995|916|78|8,31|6,71|5,25|6,5
2013-08-16 23:34:12,321|98|2|0|995|916|78|8,31|6,71|0,06|0
2013-08-16 23:34:12,326|100|0|0|995|916|78|8,3|6,71|5,21|6,6
2013-08-16 23:34:12,331|100|0|0|995|918|77|8,3|6,71|3,15|5,54
2013-08-16 23:34:12,336|4,1|4,1|91,6|995|148|847|8,29|6,71|0,06|0
2013-08-16 23:34:12,341|0|0|100|995|148|847|8,29|6,71|4,73|6,8
2013-08-16 23:34:12,346|0|0|100|995|148|847|8,28|6,72|4,7|6,78
2013-08-16 23:34:12,351|0|0|100|995|148|847|8,28|6,72|5,47|7,28
2013-08-16 23:34:12,356|6,1|4|89,7|995|148|847|8,29|6,73|0,06|0
2013-08-16 23:34:12,361|0|0|100|995|148|847|8,29|6,73|0,59|0
2013-08-16 23:34:12,366|1,9|0|98|995|148|847|8,28|6,73|4,99|7,04
2013-08-16 23:34:12,371|0|0|100|995|148|847|8,28|6,73|0,59|0
2013-08-16 23:34:12,376|0|0|100|995|148|847|8,27|6,73|1,35|0
2013-08-16 23:34:12,381|0|0|100|995|148|847|8,27|6,73|0,12|0
2013-08-16 23:34:12,386|0|0|100|995|148|847|8,27|6,74|0,06|0
2013-08-16 23:34:12,391|0|0|100|995|148|847|8,26|6,74|0|0
