2014-06-15 10:00:14,610|0,0|0,0|100,0|995|455|540|0,28|5,96|0,00|0,00
2014-06-15 10:00:20,154|0,0|0,0|100,0|995|455|540|0,28|5,96|0,00|0,00
2014-06-15 10:00:25,660|0,0|0,0|100,0|995|454|541|0,28|5,96|0,00|0,00
2014-06-15 10:00:31,213|0,0|0,0|100,0|995|454|541|0,28|5,96|0,00|0,00
2014-06-15 10:00:36,733|0,0|0,0|100,0|995|454|541|0,28|5,96|0,00|0,00
2014-06-15 10:00:42,321|0,0|0,0|100,0|995|454|541|0,28|5,96|0,00|0,00
2014-06-15 10:00:47,852|0,0|0,0|100,0|995|454|541|0,28|5,96|0,00|0,00
2014-06-15 10:00:53,447|0,0|0,0|100,0|995|454|541|0,28|5,96|0,00|0,00
2014-06-15 10:00:58,976|0,0|0,0|100,0|995|454|541|0,28|5,96|0,00|0,00
2014-06-15 10:01:04,489|0,0|0,0|100,0|995|454|541|0,28|5,96|0,00|0,00
2014-06-15 10:01:10,078|0,0|0,0|100,0|995|454|541|0,28|5,96|0,00|0,00
2014-06-15 10:01:15,603|0,0|0,0|100,0|995|454|541|0,28|5,96|0,00|0,00
2014-06-15 10:01:21,184|0,0|0,0|100,0|995|454|541|0,28|5,96|1,96|1,46
2014-06-15 10:01:26,738|0,0|0,0|100,0|995|454|541|0,28|5,96|0,06|0,06
2014-06-15 10:01:32,308|0,0|0,0|100,0|995|454|541|0,28|5,96|0,00|0,00
2014-06-15 10:01:37,839|0,0|0,0|100,0|995|454|541|0,28|5,96|0,00|0,00
2014-06-15 10:01:43,470|0,0|0,0|100,0|995|454|541|0,28|5,96|0,00|0,00
2014-06-15 10:01:48,978|0,0|1,9|98,0|995|454|541|0,28|5,96|0,00|0,00
2014-06-15 10:01:54,494|0,0|0,0|100,0|995|454|541|0,28|5,96|0,00|0,00
2014-06-15 10:02:00,069|0,0|0,0|100,0|995|454|541|0,28|5,96|0,00|0,00
2014-06-15 10:02:05,600|0,0|0,0|100,0|995|454|541|0,28|5,96|0,00|0,00
2014-06-15 10:02:11,116|0,0|0,0|100,0|995|454|541|0,28|5,96|0,00|0,00
2014-06-15 10:02:16,725|0,0|0,0|100,0|995|454|541|0,28|5,96|0,00|0,00
2014-06-15 10:02:22,329|0,0|0,0|100,0|995|454|541|0,28|5,96|0,00|0,00
2014-06-15 10:02:27,852|0,0|0,0|100,0|995|454|541|0,28|5,96|0,00|0,00
2014-06-15 10:02:33,439|0,0|0,0|100,0|995|454|541|0,28|5,96|0,00|0,00
2014-06-15 10:02:38,968|0,0|0,0|100,0|995|454|541|0,28|5,96|0,50|0,00
2014-06-15 10:02:44,483|0,0|0,0|100,0|995|454|541|0,28|5,96|0,00|0,00
2014-06-15 10:02:50,066|2,0|0,0|98,0|995|454|541|0,28|5,96|0,00|0,00
2014-06-15 10:02:55,657|100,0|0,0|0,0|995|457|538|0,28|5,96|2,15|2,84
2014-06-15 10:03:01,448|100,0|0,0|0,0|995|457|538|0,28|5,96|2,54|3,99
2014-06-15 10:03:07,203|98,0|1,9|0,0|995|461|533|0,28|5,96|1,38|0,55
2014-06-15 10:03:12,952|100,0|0,0|0,0|995|464|531|0,28|5,96|1,57|1,12
2014-06-15 10:03:18,748|100,0|0,0|0,0|995|475|520|0,28|5,96|0,00|0,00
2014-06-15 10:03:24,480|98,0|2,0|0,0|995|459|535|0,28|5,96|0,39|1,15
2014-06-15 10:03:30,278|0,0|0,0|100,0|995|456|539|0,28|5,96|0,54|0,71
2014-06-15 10:03:36,016|80,0|2,0|18,0|995|456|539|0,28|5,96|1,08|1,42
2014-06-15 10:03:41,841|72,0|0,0|28,0|995|457|538|0,28|5,96|5,78|329,34
2014-06-15 10:03:47,705|72,5|1,9|25,4|995|456|539|0,28|5,96|1,08|1,42
2014-06-15 10:03:53,621|80,0|0,0|20,0|995|456|539|0,28|5,96|1,08|1,42
2014-06-15 10:03:59,530|0,0|0,0|100,0|995|456|539|0,28|5,96|0,00|0,00
2014-06-15 10:04:05,101|0,0|0,0|100,0|995|456|539|0,28|5,96|0,00|0,00
2014-06-15 10:04:10,624|65,3|0,0|34,6|995|456|539|0,28|5,96|1,08|1,42
2014-06-15 10:04:16,527|78,0|2,0|20,0|995|456|539|0,28|5,96|0,54|0,71
2014-06-15 10:04:22,341|34,0|2,0|62,0|995|456|538|0,28|5,96|0,54|0,71
2014-06-15 10:04:27,859|81,6|0,0|18,3|995|456|539|0,28|5,96|1,08|1,42
2014-06-15 10:04:33,681|46,0|0,0|54,0|995|457|538|0,28|5,96|0,75|0,71
2014-06-15 10:04:39,208|52,0|0,0|48,0|995|457|538|0,28|5,96|1,26|0,71
2014-06-15 10:04:44,816|34,0|2,0|64,0|995|456|539|0,28|5,96|0,54|0,71
2014-06-15 10:04:50,481|52,0|0,0|48,0|995|456|539|0,28|5,96|0,54|0,71
2014-06-15 10:04:56,121|62,0|2,0|36,0|995|456|539|0,28|5,96|0,54|0,71
2014-06-15 10:05:01,813|12,0|0,0|88,0|995|456|539|0,28|5,96|0,54|0,71
2014-06-15 10:05:07,491|0,0|0,0|100,0|995|456|539|0,28|5,96|0,00|0,00
2014-06-15 10:05:13,065|0,0|0,0|100,0|995|456|539|0,28|5,96|0,00|0,00
2014-06-15 10:05:18,605|0,0|0,0|100,0|995|456|539|0,28|5,96|0,00|0,00
2014-06-15 10:05:24,120|6,0|6,0|88,0|995|456|539|0,28|5,96|0,00|0,00
2014-06-15 10:05:29,625|0,0|0,0|96,0|995|456|539|0,28|5,96|0,00|0,00
2014-06-15 10:05:35,187|0,0|0,0|100,0|995|456|539|0,28|5,96|0,00|0,00
2014-06-15 10:05:40,724|0,0|0,0|100,0|995|456|539|0,28|5,96|0,06|0,00
2014-06-15 10:05:46,245|0,0|0,0|100,0|995|455|540|0,28|5,96|0,09|0,00
2014-06-15 10:05:51,799|0,0|0,0|100,0|995|455|540|0,28|5,96|0,30|0,00
2014-06-15 10:05:57,344|0,0|0,0|100,0|995|454|540|0,28|5,96|2,65|2,21
2014-06-15 10:06:02,901|0,0|0,0|100,0|995|454|540|0,28|5,96|0,88|0,85
2014-06-15 10:06:08,596|0,0|0,0|100,0|995|454|540|0,28|5,96|0,00|0,00
2014-06-15 10:06:14,132|0,0|0,0|93,8|995|454|540|0,28|5,96|0,00|0,00
2014-06-15 10:06:19,701|0,0|0,0|96,0|995|454|540|0,28|5,96|0,00|0,00
2014-06-15 10:06:25,235|0,0|0,0|100,0|995|454|540|0,28|5,96|0,00|0,00
2014-06-15 10:06:30,794|0,0|0,0|96,0|995|454|540|0,28|5,96|0,00|0,00
2014-06-15 10:06:36,340|0,0|0,0|100,0|995|454|540|0,28|5,96|0,00|0,00
2014-06-15 10:06:41,872|0,0|0,0|82,0|995|454|540|0,28|5,96|0,00|0,00
2014-06-15 10:06:47,375|0,0|0,0|100,0|995|454|540|0,28|5,96|0,00|0,00
2014-06-15 10:06:52,930|0,0|0,0|93,8|995|454|540|0,28|5,96|0,88|0,00
2014-06-15 10:06:58,477|0,0|0,0|100,0|995|455|540|0,28|5,96|0,54|0,71
2014-06-15 10:07:04,195|48,0|2,0|50,0|995|454|540|0,28|5,96|0,54|0,71
2014-06-15 10:07:09,724|78,0|2,0|20,0|995|454|540|0,28|5,96|0,54|0,71
2014-06-15 10:07:15,393|0,0|0,0|100,0|995|454|540|0,28|5,96|0,54|0,71
2014-06-15 10:07:21,128|67,3|0,0|32,6|995|454|540|0,28|5,96|0,54|0,71
2014-06-15 10:07:26,612|5,7|7,6|86,5|995|454|540|0,28|5,96|0,00|0,00
2014-06-15 10:07:32,126|0,0|0,0|100,0|995|454|540|0,28|5,96|0,00|0,00
2014-06-15 10:07:37,627|0,0|0,0|100,0|995|454|540|0,28|5,96|0,06|0,00
2014-06-15 10:07:43,205|0,0|0,0|100,0|995|454|540|0,28|5,96|0,00|0,00
2014-06-15 10:07:48,734|0,0|0,0|100,0|995|454|540|0,28|5,96|0,00|0,00
2014-06-15 10:07:54,234|1,9|0,0|98,0|995|454|540|0,28|5,96|0,00|0,00
2014-06-15 10:07:59,752|0,0|0,0|100,0|995|454|540|0,28|5,96|0,00|0,00
2014-06-15 10:08:05,342|0,0|0,0|100,0|995|454|540|0,28|5,96|0,06|0,06
2014-06-15 10:08:10,868|0,0|0,0|100,0|995|454|540|0,28|5,96|0,00|0,00
2014-06-15 10:08:16,383|0,0|0,0|100,0|995|454|540|0,28|5,96|0,00|0,00
2014-06-15 10:08:21,954|0,0|0,0|100,0|995|454|540|0,28|5,96|0,00|0,00
2014-06-15 10:08:27,483|1,9|0,0|98,0|995|454|540|0,28|5,96|0,00|0,00
2014-06-15 10:08:33,072|0,0|0,0|100,0|995|454|540|0,28|5,96|0,00|0,00
2014-06-15 10:08:38,608|0,0|0,0|100,0|995|454|540|0,28|5,96|0,00|0,00
2014-06-15 10:08:44,132|0,0|0,0|100,0|995|454|540|0,28|5,96|0,00|0,00
2014-06-15 10:08:49,677|0,0|0,0|100,0|995|454|540|0,28|5,96|6,41|328,77
2014-06-15 10:08:55,224|0,0|0,0|100,0|995|454|540|0,28|5,96|0,12|0,06
2014-06-15 10:09:00,748|0,0|0,0|100,0|995|454|540|0,28|5,96|0,00|0,00
2014-06-15 10:09:06,252|0,0|0,0|100,0|995|454|540|0,28|5,96|0,00|0,00
2014-06-15 10:09:11,760|0,0|0,0|100,0|995|454|540|0,28|5,96|0,00|0,00
2014-06-15 10:09:17,328|0,0|0,0|100,0|995|454|540|0,28|5,96|0,00|0,00
2014-06-15 10:09:22,861|0,0|0,0|100,0|995|454|540|0,28|5,96|0,00|0,00
2014-06-15 10:09:28,720|0,0|0,0|100,0|995|454|540|0,28|5,96|0,00|0,00
2014-06-15 10:09:34,244|0,0|0,0|100,0|995|454|540|0,28|5,96|0,00|0,00
2014-06-15 10:09:39,756|0,0|0,0|100,0|995|454|540|0,28|5,96|0,50|0,00
2014-06-15 10:09:45,334|0,0|0,0|100,0|995|454|540|0,28|5,96|0,00|0,00
2014-06-15 10:09:50,859|0,0|0,0|100,0|995|454|540|0,28|5,96|0,00|0,00
2014-06-15 10:09:56,367|0,0|0,0|100,0|995|454|540|0,28|5,96|6,47|328,87
2014-06-15 10:10:01,876|0,0|0,0|100,0|995|454|540|0,28|5,96|0,00|0,00
2014-06-15 10:10:07,456|0,0|0,0|100,0|995|454|540|0,28|5,96|0,00|0,00
2014-06-15 10:10:12,988|0,0|0,0|100,0|995|454|540|0,28|5,96|0,00|0,00
2014-06-15 10:10:18,506|0,0|0,0|100,0|995|454|540|0,28|5,96|0,00|0,00
2014-06-15 10:10:24,084|0,0|0,0|100,0|995|454|540|0,28|5,96|0,00|0,00
2014-06-15 10:10:29,616|0,0|0,0|100,0|995|454|540|0,28|5,96|6,54|328,97
2014-06-15 10:10:35,206|0,0|0,0|100,0|995|454|540|0,28|5,96|0,00|0,00
2014-06-15 10:10:40,736|0,0|0,0|100,0|995|454|540|0,28|5,96|0,00|0,00
2014-06-15 10:10:46,257|0,0|0,0|100,0|995|454|540|0,28|5,96|0,00|0,00
2014-06-15 10:10:51,765|0,0|0,0|100,0|995|454|540|0,28|5,96|0,00|0,00
2014-06-15 10:10:57,341|0,0|0,0|100,0|995|454|540|0,28|5,96|0,00|0,00
2014-06-15 10:11:02,868|8,0|4,0|88,0|995|454|540|0,28|5,96|0,00|0,00
2014-06-15 10:11:08,705|0,0|0,0|100,0|995|454|540|0,28|5,96|0,23|0,00
2014-06-15 10:11:14,241|0,0|0,0|100,0|995|454|540|0,28|5,96|0,00|0,00
2014-06-15 10:11:19,761|0,0|0,0|100,0|995|454|540|0,28|5,96|0,00|0,00
2014-06-15 10:11:25,341|2,0|2,0|96,0|995|456|539|0,28|5,96|2,65|10,70
2014-06-15 10:11:30,873|0,0|0,0|100,0|995|454|540|0,28|5,96|0,00|0,00
2014-06-15 10:11:36,456|0,0|0,0|100,0|995|454|540|0,28|5,96|0,00|0,00
2014-06-15 10:11:41,993|0,0|0,0|100,0|995|454|540|0,28|5,96|0,00|0,00
2014-06-15 10:11:47,504|0,0|0,0|100,0|995|454|540|0,28|5,96|0,06|0,00
2014-06-15 10:11:53,087|0,0|0,0|100,0|995|454|540|0,28|5,96|0,06|0,00
2014-06-15 10:11:58,614|0,0|0,0|100,0|995|454|540|0,28|5,96|0,00|0,00
2014-06-15 10:12:04,141|0,0|0,0|100,0|995|454|540|0,28|5,96|0,00|0,00
2014-06-15 10:12:09,709|0,0|0,0|100,0|995|454|540|0,28|5,96|0,50|0,00
2014-06-15 10:12:15,249|0,0|0,0|100,0|995|454|540|0,28|5,96|0,00|0,00
2014-06-15 10:12:20,815|0,0|0,0|100,0|995|454|540|0,28|5,96|0,00|0,00
2014-06-15 10:12:26,356|0,0|0,0|100,0|995|454|540|0,28|5,96|0,00|0,00
2014-06-15 10:12:31,870|0,0|0,0|100,0|995|454|540|0,28|5,96|0,00|0,00
2014-06-15 10:12:37,457|0,0|0,0|100,0|995|454|540|0,28|5,96|0,06|0,00
2014-06-15 10:12:42,995|0,0|0,0|100,0|995|454|540|0,28|5,96|0,00|0,00
2014-06-15 10:12:48,512|0,0|0,0|100,0|995|454|540|0,28|5,96|1,96|1,43
2014-06-15 10:12:54,129|0,0|0,0|100,0|995|454|540|0,28|5,96|0,00|0,00
2014-06-15 10:12:59,643|0,0|0,0|100,0|995|454|540|0,28|5,96|0,00|0,00
2014-06-15 10:13:05,212|0,0|0,0|100,0|995|454|540|0,28|5,96|0,00|0,00
2014-06-15 10:13:10,725|0,0|0,0|100,0|995|454|540|0,28|5,96|4,61|13,63
2014-06-15 10:13:16,261|0,0|0,0|100,0|995|455|540|0,28|5,96|0,00|0,00
2014-06-15 10:13:21,764|0,0|0,0|100,0|995|455|540|0,28|5,96|0,00|0,00
2014-06-15 10:13:27,344|0,0|0,0|100,0|995|455|540|0,28|5,96|0,00|0,00
2014-06-15 10:13:32,872|0,0|0,0|100,0|995|454|540|0,28|5,96|0,00|0,00
2014-06-15 10:13:38,456|0,0|0,0|100,0|995|454|540|0,28|5,96|0,00|0,00
2014-06-15 10:13:43,991|0,0|0,0|100,0|995|455|540|0,28|5,96|0,00|0,00
2014-06-15 10:13:49,508|0,0|0,0|100,0|995|454|540|0,28|5,96|0,00|0,00
2014-06-15 10:13:55,222|0,0|0,0|100,0|995|454|540|0,28|5,96|0,00|0,00
2014-06-15 10:14:00,756|0,0|0,0|100,0|995|454|540|0,28|5,96|0,00|0,00
2014-06-15 10:14:06,268|0,0|0,0|100,0|995|455|540|0,28|5,96|0,00|0,00
2014-06-15 10:14:11,837|0,0|0,0|100,0|995|455|540|0,28|5,96|0,00|0,00
2014-06-15 10:14:17,380|0,0|0,0|100,0|995|455|540|0,28|5,96|0,00|0,00
2014-06-15 10:14:22,886|0,0|0,0|100,0|995|455|540|0,28|5,96|0,00|0,00
2014-06-15 10:14:28,508|0,0|0,0|100,0|995|455|540|0,28|5,96|0,30|0,06
2014-06-15 10:14:34,006|0,0|0,0|100,0|995|455|540|0,28|5,96|0,00|0,00
2014-06-15 10:14:39,510|0,0|0,0|100,0|995|455|540|0,28|5,96|0,50|0,00
2014-06-15 10:14:45,090|0,0|0,0|100,0|995|455|540|0,28|5,96|0,00|0,00
2014-06-15 10:14:50,625|0,0|0,0|100,0|995|455|540|0,28|5,96|0,00|0,00
2014-06-15 10:14:56,214|0,0|0,0|100,0|995|455|540|0,28|5,96|0,00|0,00
2014-06-15 10:15:01,748|1,9|1,9|96,1|995|454|540|0,28|5,96|0,00|0,00
2014-06-15 10:15:07,265|0,0|0,0|100,0|995|454|540|0,28|5,96|0,00|0,00
2014-06-15 10:15:12,775|0,0|0,0|100,0|995|454|540|0,28|5,96|0,00|0,00
2014-06-15 10:15:18,347|0,0|0,0|100,0|995|454|540|0,28|5,96|0,00|0,00
2014-06-15 10:15:23,881|0,0|0,0|100,0|995|455|540|0,28|5,96|0,00|0,00
2014-06-15 10:15:29,469|0,0|0,0|100,0|995|455|540|0,28|5,96|0,00|0,00
2014-06-15 10:15:35,004|0,0|0,0|100,0|995|455|540|0,28|5,96|0,00|0,00
2014-06-15 10:15:40,520|0,0|0,0|100,0|995|454|540|0,28|5,96|0,00|0,00
2014-06-15 10:15:46,116|0,0|0,0|100,0|995|455|540|0,28|5,96|0,00|0,00
2014-06-15 10:15:51,639|0,0|0,0|100,0|995|455|540|0,28|5,96|0,00|0,00
2014-06-15 10:15:57,134|0,0|0,0|100,0|995|455|540|0,28|5,96|0,00|0,00
2014-06-15 10:16:02,696|0,0|0,0|100,0|995|455|540|0,28|5,96|0,00|0,00
2014-06-15 10:16:08,239|0,0|0,0|100,0|995|455|540|0,28|5,96|0,00|0,00
2014-06-15 10:16:13,760|0,0|0,0|100,0|995|455|540|0,28|5,96|0,21|0,00
2014-06-15 10:16:19,339|0,0|0,0|100,0|995|455|540|0,28|5,96|4,20|2,94
2014-06-15 10:16:24,878|0,0|0,0|100,0|995|455|540|0,28|5,96|0,06|0,06
2014-06-15 10:16:30,465|0,0|0,0|100,0|995|455|540|0,28|5,96|0,00|0,00
2014-06-15 10:16:35,998|0,0|0,0|100,0|995|455|540|0,28|5,96|0,00|0,00
2014-06-15 10:16:41,583|1,9|0,0|98,0|995|455|540|0,28|5,96|0,06|0,00
2014-06-15 10:16:47,131|52,0|0,0|48,0|995|456|539|0,28|5,96|1,96|2,26
2014-06-15 10:16:52,819|100,0|0,0|0,0|995|459|536|0,28|5,96|2,54|3,99
2014-06-15 10:16:58,568|96,0|4,0|0,0|995|467|528|0,28|5,96|1,38|0,55
2014-06-15 10:17:04,368|100,0|0,0|0,0|995|471|524|0,28|5,96|1,38|0,55
2014-06-15 10:17:10,111|100,0|0,0|0,0|995|476|519|0,28|5,96|1,88|0,55
2014-06-15 10:17:15,871|100,0|0,0|0,0|995|468|527|0,28|5,96|0,06|0,06
2014-06-15 10:17:21,624|100,0|0,0|0,0|995|460|535|0,28|5,96|0,00|0,00
2014-06-15 10:17:27,260|0,0|0,0|100,0|995|456|539|0,28|5,97|0,00|0,00
2014-06-15 10:17:32,854|0,0|0,0|97,9|995|456|539|0,28|5,97|4,55|16,92
2014-06-15 10:17:38,382|0,0|0,0|100,0|995|456|539|0,28|5,97|0,00|0,00
2014-06-15 10:17:43,993|0,0|0,0|96,0|995|456|539|0,28|5,97|0,00|0,00
2014-06-15 10:17:49,517|0,0|0,0|100,0|995|456|539|0,28|5,97|0,00|0,00
2014-06-15 10:17:55,071|15,6|0,0|41,1|995|456|538|0,28|5,97|2,15|2,84
2014-06-15 10:18:00,711|98,0|1,9|0,0|995|460|535|0,28|5,97|2,35|3,42
2014-06-15 10:18:06,477|98,0|1,9|0,0|995|464|530|0,28|5,97|1,38|0,55
2014-06-15 10:18:12,265|96,0|4,0|0,0|995|469|525|0,28|5,97|1,38|0,55
2014-06-15 10:18:18,003|100,0|0,0|0,0|995|468|526|0,28|5,97|1,38|0,55
2014-06-15 10:18:23,848|100,0|0,0|0,0|995|467|528|0,28|5,97|0,97|2,87
2014-06-15 10:18:29,575|96,0|0,0|0,0|995|460|534|0,28|5,97|0,45|1,22
2014-06-15 10:18:35,697|1,9|0,0|98,0|995|457|538|0,28|5,97|0,00|0,00
2014-06-15 10:18:41,469|0,0|0,0|100,0|995|457|538|0,28|5,97|0,00|0,00
2014-06-15 10:18:47,027|100,0|0,0|0,0|995|460|535|0,28|5,97|1,77|1,69
2014-06-15 10:18:52,857|100,0|0,0|0,0|995|461|534|0,28|5,97|2,73|4,57
2014-06-15 10:18:58,652|98,0|2,0|0,0|995|459|535|0,28|5,97|3,31|6,29
2014-06-15 10:19:04,447|100,0|0,0|0,0|995|466|529|0,28|5,97|1,38|0,55
2014-06-15 10:19:10,181|100,0|0,0|0,0|995|469|525|0,28|5,97|1,40|2,87
2014-06-15 10:19:16,109|100,0|0,0|0,0|995|466|528|0,28|5,97|0,00|0,00
2014-06-15 10:19:21,860|0,0|0,0|100,0|995|457|537|0,28|5,97|0,00|0,00
2014-06-15 10:19:27,490|0,0|0,0|100,0|995|457|537|0,28|5,97|0,00|0,00
2014-06-15 10:19:33,102|0,0|0,0|100,0|995|457|537|0,28|5,97|0,00|0,00
2014-06-15 10:19:38,635|0,0|0,0|100,0|995|457|537|0,28|5,97|0,00|0,00
2014-06-15 10:19:44,153|0,0|0,0|100,0|995|457|537|0,28|5,97|0,00|0,00
2014-06-15 10:19:49,701|84,0|0,0|16,0|995|458|537|0,28|5,97|1,08|1,42
2014-06-15 10:19:55,536|72,0|0,0|22,0|995|458|536|0,28|5,97|1,08|1,42
2014-06-15 10:20:01,429|98,0|0,0|2,0|995|458|537|0,28|5,97|4,61|4,00
2014-06-15 10:20:07,329|83,6|0,0|16,3|995|458|537|0,28|5,97|1,14|1,46
2014-06-15 10:20:13,252|81,6|2,0|16,3|995|458|536|0,28|5,97|0,00|0,00
2014-06-15 10:20:19,075|0,0|0,0|100,0|995|458|537|0,28|5,97|0,00|0,00
2014-06-15 10:20:24,627|0,0|0,0|98,0|995|458|537|0,28|5,97|0,00|0,00
2014-06-15 10:20:30,354|0,0|0,0|100,0|995|458|537|0,28|5,97|0,00|0,00
2014-06-15 10:20:36,160|0,0|0,0|100,0|995|458|537|0,28|5,97|0,00|0,00
2014-06-15 10:20:41,728|0,0|0,0|100,0|995|457|537|0,28|5,97|0,00|0,00
2014-06-15 10:20:47,327|0,0|0,0|100,0|995|458|537|0,28|5,97|0,00|0,00
2014-06-15 10:20:52,886|50,9|3,9|45,0|995|458|536|0,28|5,97|0,54|0,71
2014-06-15 10:20:58,556|0,0|0,0|100,0|995|458|537|0,28|5,97|0,35|0,14
2014-06-15 10:21:04,625|66,6|0,0|33,3|995|457|537|0,28|5,97|0,54|0,71
2014-06-15 10:21:10,282|0,0|0,0|100,0|995|457|538|0,28|5,97|0,50|0,00
2014-06-15 10:21:15,763|8,0|2,0|18,0|995|458|537|0,28|5,97|1,77|1,69
2014-06-15 10:21:21,460|100,0|0,0|0,0|995|461|534|0,28|5,97|1,42|1,56
2014-06-15 10:21:27,292|100,0|0,0|0,0|995|467|527|0,28|5,97|1,59|0,55
2014-06-15 10:21:33,089|100,0|0,0|0,0|995|462|533|0,28|5,97|11,84|340,96
2014-06-15 10:21:39,101|100,0|0,0|0,0|995|467|528|0,28|5,97|1,38|0,55
2014-06-15 10:21:44,860|100,0|0,0|0,0|995|474|520|0,28|5,97|0,00|0,00
2014-06-15 10:21:50,612|100,0|0,0|0,0|995|468|526|0,28|5,97|0,00|0,00
2014-06-15 10:21:56,363|4,0|6,0|90,0|995|457|537|0,28|5,97|0,00|0,00
2014-06-15 10:22:02,036|98,0|2,0|0,0|995|459|536|0,28|5,97|1,77|1,69
2014-06-15 10:22:07,732|98,0|1,9|0,0|995|462|533|0,28|5,97|1,77|1,69
2014-06-15 10:22:13,491|100,0|0,0|0,0|995|462|532|0,28|5,97|3,12|5,71
2014-06-15 10:22:19,240|98,0|2,0|0,0|995|464|531|0,28|5,97|2,54|3,99
2014-06-15 10:22:25,030|100,0|0,0|0,0|995|468|527|0,28|5,97|2,19|3,86
2014-06-15 10:22:30,760|98,0|1,9|0,0|995|473|522|0,28|5,97|0,00|0,00
2014-06-15 10:22:36,488|38,7|0,0|61,2|995|459|536|0,28|5,97|0,06|0,00
2014-06-15 10:22:42,513|0,0|0,0|100,0|995|459|536|0,28|5,97|0,00|0,00
2014-06-15 10:22:48,025|0,0|0,0|100,0|995|459|536|0,28|5,97|0,00|0,00
2014-06-15 10:22:53,530|100,0|0,0|0,0|995|460|535|0,28|5,97|1,83|1,67
2014-06-15 10:22:59,375|100,0|0,0|0,0|995|462|533|0,28|5,97|3,14|4,83
2014-06-15 10:23:05,112|100,0|0,0|0,0|995|466|528|0,28|5,97|1,38|0,55
2014-06-15 10:23:10,891|100,0|0,0|0,0|995|475|520|0,28|5,97|5,80|21,49
2014-06-15 10:23:16,645|100,0|0,0|0,0|995|478|517|0,28|5,97|0,00|0,00
2014-06-15 10:23:22,440|98,0|2,0|0,0|995|465|530|0,28|5,97|0,00|0,00
2014-06-15 10:23:28,190|0,0|0,0|100,0|995|459|536|0,28|5,97|0,00|0,00
2014-06-15 10:23:33,750|0,0|0,0|100,0|995|459|536|0,28|5,97|0,00|0,00
2014-06-15 10:23:39,353|0,0|0,0|100,0|995|458|536|0,28|5,97|0,00|0,00
2014-06-15 10:23:44,888|0,0|0,0|100,0|995|458|536|0,28|5,97|0,00|0,00
2014-06-15 10:23:50,531|4,0|6,0|90,0|995|458|536|0,28|5,97|0,00|0,00
2014-06-15 10:23:56,043|50,0|2,0|48,0|995|459|536|0,28|5,97|0,78|0,71
2014-06-15 10:24:01,636|40,0|0,0|60,0|995|458|536|0,28|5,97|0,00|0,00
2014-06-15 10:24:07,356|72,0|2,0|26,0|995|459|536|0,28|5,97|0,54|0,71
2014-06-15 10:24:13,126|40,0|2,0|57,9|995|459|535|0,28|5,97|0,54|0,71
2014-06-15 10:24:18,711|82,0|4,0|14,0|995|459|536|0,28|5,97|1,08|1,42
2014-06-15 10:24:24,551|0,0|0,0|100,0|995|459|536|0,28|5,97|0,00|0,00
2014-06-15 10:24:30,132|2,0|0,0|85,7|995|459|536|0,28|5,97|0,00|0,00
2014-06-15 10:24:35,656|0,0|0,0|100,0|995|459|536|0,28|5,97|0,00|0,00
2014-06-15 10:24:41,168|0,0|0,0|100,0|995|459|536|0,28|5,97|0,50|0,00
2014-06-15 10:24:46,736|0,0|0,0|100,0|995|459|536|0,28|5,97|0,00|0,00
2014-06-15 10:24:52,348|0,0|0,0|100,0|995|459|536|0,28|5,97|0,00|0,00
2014-06-15 10:24:57,895|0,0|0,0|100,0|995|459|536|0,28|5,97|0,00|0,00
2014-06-15 10:25:03,412|0,0|0,0|100,0|995|458|537|0,28|5,97|0,00|0,00
2014-06-15 10:25:09,227|0,0|0,0|100,0|995|457|538|0,28|5,97|0,00|0,00
2014-06-15 10:25:14,764|0,0|0,0|100,0|995|456|538|0,28|5,97|0,00|0,00
2014-06-15 10:25:20,283|19,6|0,0|80,3|995|456|538|0,28|5,97|0,54|0,71
2014-06-15 10:25:25,979|0,0|0,0|100,0|995|456|538|0,28|5,97|0,00|0,00
2014-06-15 10:25:31,517|0,0|0,0|100,0|995|456|538|0,28|5,97|0,00|0,00
2014-06-15 10:25:37,036|0,0|0,0|100,0|995|456|538|0,28|5,97|0,00|0,00
2014-06-15 10:25:42,540|0,0|0,0|100,0|995|456|538|0,28|5,97|0,00|0,00
2014-06-15 10:25:48,079|0,0|0,0|100,0|995|456|538|0,28|5,97|0,00|0,00
2014-06-15 10:25:53,630|0,0|0,0|100,0|995|456|538|0,28|5,97|0,00|0,00
2014-06-15 10:25:59,156|30,6|0,0|69,3|995|457|538|0,28|5,97|0,00|0,00
2014-06-15 10:26:04,740|75,5|0,0|24,4|995|457|538|0,28|5,97|0,00|0,00
2014-06-15 10:26:10,355|0,0|0,0|100,0|995|456|538|0,28|5,97|1,03|0,71
2014-06-15 10:26:16,029|0,0|0,0|100,0|995|456|538|0,28|5,97|0,00|0,00
2014-06-15 10:26:21,544|0,0|0,0|100,0|995|456|538|0,28|5,97|0,00|0,00
2014-06-15 10:26:27,149|96,0|4,0|0,0|995|458|537|0,28|5,97|1,96|2,27
2014-06-15 10:26:32,986|98,0|1,9|0,0|995|462|533|0,28|5,97|1,59|0,55
2014-06-15 10:26:38,723|92,1|0,0|0,0|995|463|531|0,28|5,97|1,80|1,12
2014-06-15 10:26:44,513|98,0|2,0|0,0|995|464|531|0,28|5,97|1,77|1,70
2014-06-15 10:26:50,370|100,0|0,0|0,0|995|473|522|0,28|5,97|0,00|0,00
2014-06-15 10:26:56,374|100,0|0,0|0,0|995|469|526|0,28|5,97|0,87|1,72
2014-06-15 10:27:02,104|57,1|42,8|0,0|995|463|532|0,28|5,97|0,06|0,00
2014-06-15 10:27:08,037|50,0|50,0|0,0|995|469|525|0,28|5,97|0,00|0,00
2014-06-15 10:27:14,124|56,0|44,0|0,0|995|471|524|0,28|5,97|0,00|0,00
2014-06-15 10:27:20,260|48,9|51,0|0,0|995|470|525|0,28|5,97|6,27|328,67
2014-06-15 10:27:26,364|46,9|53,0|0,0|995|471|524|0,28|5,97|1,38|0,55
2014-06-15 10:27:32,436|44,0|56,0|0,0|995|474|521|0,28|5,97|1,38|0,55
2014-06-15 10:27:38,559|50,0|50,0|0,0|995|496|499|0,28|5,97|1,79|0,68
2014-06-15 10:27:44,720|56,0|44,0|0,0|995|501|493|0,28|5,97|1,44|0,55
2014-06-15 10:27:50,875|48,0|52,0|0,0|995|502|493|0,28|5,97|0,00|0,00
2014-06-15 10:27:56,963|46,9|53,0|0,0|995|504|491|0,28|5,97|0,00|0,00
2014-06-15 10:28:03,063|46,0|54,0|0,0|995|518|477|0,28|5,98|0,00|0,00
2014-06-15 10:28:09,268|53,0|46,9|0,0|995|517|478|0,28|5,98|1,16|3,45
2014-06-15 10:28:15,423|49,0|50,9|0,0|995|515|479|0,28|5,98|0,00|0,00
2014-06-15 10:28:21,500|52,0|48,0|0,0|995|514|481|0,28|5,98|0,00|0,00
2014-06-15 10:28:27,564|100,0|0,0|0,0|995|510|484|0,28|5,98|0,00|0,00
2014-06-15 10:28:33,413|100,0|0,0|0,0|995|506|489|0,28|5,98|0,19|0,19
2014-06-15 10:28:39,359|46,0|54,0|0,0|995|502|492|0,28|5,98|0,26|0,26
2014-06-15 10:28:45,626|52,0|48,0|0,0|995|500|495|0,28|5,98|0,26|0,26
2014-06-15 10:28:51,740|50,0|50,0|0,0|995|500|495|0,28|5,98|0,42|2,43
2014-06-15 10:28:57,999|50,0|50,0|0,0|995|498|497|0,28|5,98|0,63|3,07
2014-06-15 10:29:04,108|48,0|52,0|0,0|995|504|491|0,28|5,98|0,69|0,27
2014-06-15 10:29:10,220|50,0|50,0|0,0|995|506|488|0,28|5,98|0,69|0,27
2014-06-15 10:29:16,293|49,0|50,9|0,0|995|506|489|0,28|5,98|0,69|0,27
2014-06-15 10:29:22,417|48,0|52,0|0,0|995|510|485|0,28|5,98|0,69|0,27
2014-06-15 10:29:28,539|50,0|50,0|0,0|995|511|484|0,28|5,98|0,00|0,00
2014-06-15 10:29:34,641|46,9|53,0|0,0|995|513|482|0,28|5,98|6,60|329,00
2014-06-15 10:29:40,788|45,0|54,9|0,0|995|518|477|0,28|5,98|0,50|0,00
2014-06-15 10:29:46,904|52,0|48,0|0,0|995|520|475|0,28|5,98|0,00|0,00
2014-06-15 10:29:53,019|50,0|50,0|0,0|995|524|471|0,28|5,98|0,00|0,00
2014-06-15 10:29:59,116|51,0|48,9|0,0|995|528|467|0,28|5,98|0,13|0,13
2014-06-15 10:30:05,303|51,0|48,9|0,0|995|524|471|0,28|5,98|0,23|0,64
2014-06-15 10:30:11,416|53,0|46,9|0,0|995|517|477|0,28|5,98|0,13|0,13
2014-06-15 10:30:17,491|50,9|49,0|0,0|995|516|479|0,28|5,98|0,41|0,20
2014-06-15 10:30:23,624|57,9|42,0|0,0|995|512|483|0,28|5,98|0,06|0,06
2014-06-15 10:30:29,739|54,0|46,0|0,0|995|506|489|0,28|5,98|0,11|0,89
2014-06-15 10:30:35,855|100,0|0,0|0,0|995|498|496|0,28|5,98|0,00|0,00
2014-06-15 10:30:41,592|100,0|0,0|0,0|995|487|508|0,28|5,98|0,11|0,51
2014-06-15 10:30:47,363|0,0|0,0|100,0|995|476|519|0,28|5,98|0,00|0,00
2014-06-15 10:30:52,894|0,0|0,0|100,0|995|470|525|0,28|5,98|0,00|0,00
2014-06-15 10:30:58,419|1,9|0,0|98,0|995|468|527|0,28|5,98|0,00|0,00
2014-06-15 10:31:03,975|0,0|0,0|96,0|995|467|528|0,28|5,98|0,00|0,00
2014-06-15 10:31:09,516|0,0|0,0|92,1|995|466|528|0,28|5,98|0,00|0,00
2014-06-15 10:31:15,044|0,0|0,0|98,0|995|466|529|0,28|5,98|0,00|0,00
2014-06-15 10:31:20,557|0,0|0,0|100,0|995|464|531|0,28|5,98|5,15|27,90
2014-06-15 10:31:26,411|0,0|0,0|100,0|995|464|531|0,28|5,98|0,00|0,00
2014-06-15 10:31:32,010|0,0|0,0|78,0|995|464|531|0,28|5,98|0,00|0,00
2014-06-15 10:31:37,526|0,0|0,0|100,0|995|462|533|0,28|5,98|0,00|0,00
2014-06-15 10:31:43,056|0,0|0,0|96,0|995|461|534|0,28|5,98|0,21|0,00
2014-06-15 10:31:48,625|0,0|0,0|100,0|995|460|534|0,28|5,98|0,23|0,00
2014-06-15 10:31:54,173|92,0|2,0|6,0|995|461|534|0,28|5,98|0,54|0,71
2014-06-15 10:31:59,879|67,3|0,0|32,6|995|461|533|0,28|5,98|5,15|28,52
2014-06-15 10:32:05,580|34,0|2,0|64,0|995|461|533|0,28|5,98|0,54|0,71
2014-06-15 10:32:11,278|66,6|0,0|33,3|995|461|534|0,28|5,98|1,55|1,24
2014-06-15 10:32:17,299|56,0|44,0|0,0|995|474|521|0,28|5,98|0,00|0,00
2014-06-15 10:32:23,392|54,0|46,0|0,0|995|467|527|0,28|5,98|0,13|0,57
2014-06-15 10:32:29,490|54,0|46,0|0,0|995|474|521|0,28|5,98|0,00|0,00
2014-06-15 10:32:35,588|52,0|48,0|0,0|995|489|505|0,28|5,98|0,00|0,00
2014-06-15 10:32:41,676|48,0|52,0|0,0|995|481|514|0,28|5,98|0,00|0,00
2014-06-15 10:32:47,764|50,0|50,0|0,0|995|479|516|0,28|5,98|0,00|0,00
2014-06-15 10:32:53,852|48,0|52,0|0,0|995|486|508|0,28|5,98|0,00|0,00
2014-06-15 10:32:59,931|50,0|50,0|0,0|995|485|510|0,28|5,98|0,06|0,06
2014-06-15 10:33:06,023|48,9|51,0|0,0|995|482|513|0,28|5,98|0,00|0,00
2014-06-15 10:33:12,144|49,0|50,9|0,0|995|479|516|0,28|5,98|0,00|0,00
2014-06-15 10:33:18,260|52,0|48,0|0,0|995|477|518|0,28|5,98|4,61|28,59
2014-06-15 10:33:24,372|6,0|0,0|94,0|995|466|528|0,28|5,98|0,00|0,00
2014-06-15 10:33:30,018|0,0|0,0|100,0|995|466|528|0,28|5,98|0,00|0,00
2014-06-15 10:33:35,538|6,1|6,1|87,7|995|466|528|0,28|5,98|0,00|0,00
2014-06-15 10:33:41,056|0,0|0,0|100,0|995|466|528|0,28|5,98|0,50|0,00
2014-06-15 10:33:46,598|87,7|2,0|10,2|995|467|528|0,28|5,98|1,08|1,42
2014-06-15 10:33:52,253|80,0|0,0|20,0|995|465|529|0,28|5,98|1,08|1,42
2014-06-15 10:33:58,117|75,5|0,0|24,4|995|465|529|0,28|5,98|1,08|1,42
2014-06-15 10:34:03,961|66,0|0,0|34,0|995|464|530|0,28|5,98|1,08|1,42
2014-06-15 10:34:09,843|80,3|1,9|17,6|995|464|531|0,28|5,98|0,54|0,71
2014-06-15 10:34:15,488|49,0|50,9|0,0|995|467|528|0,28|5,98|0,00|0,00
2014-06-15 10:34:21,648|54,9|45,0|0,0|995|469|526|0,28|5,98|0,00|0,00
2014-06-15 10:34:27,792|47,0|52,9|0,0|995|480|515|0,28|5,98|0,09|0,00
2014-06-15 10:34:33,931|54,0|46,0|0,0|995|479|516|0,28|5,98|0,69|0,27
2014-06-15 10:34:40,016|48,0|52,0|0,0|995|478|516|0,28|5,98|5,30|29,95
2014-06-15 10:34:46,152|47,0|52,9|0,0|995|483|512|0,28|5,98|0,69|0,27
2014-06-15 10:34:52,256|46,0|54,0|0,0|995|479|516|0,28|5,98|0,69|0,27
2014-06-15 10:34:58,350|50,9|49,0|0,0|995|483|512|0,28|5,98|0,00|0,00
2014-06-15 10:35:04,460|52,0|48,0|0,0|995|487|508|0,28|5,98|0,00|0,00
2014-06-15 10:35:10,539|54,0|46,0|0,0|995|496|499|0,28|5,98|0,19|0,58
2014-06-15 10:35:16,620|52,9|47,0|0,0|995|489|506|0,28|5,98|0,00|0,00
2014-06-15 10:35:22,716|50,0|50,0|0,0|995|511|484|0,28|5,98|0,00|0,00
2014-06-15 10:35:28,836|45,0|54,9|0,0|995|497|498|0,28|5,98|0,00|0,00
2014-06-15 10:35:34,936|54,0|46,0|0,0|995|492|503|0,28|5,98|1,63|3,41
2014-06-15 10:35:40,856|56,0|44,0|0,0|995|485|510|0,28|5,98|0,91|0,20
2014-06-15 10:35:46,952|53,0|46,9|0,0|995|486|508|0,28|5,98|0,54|0,71
2014-06-15 10:35:53,051|46,0|54,0|0,0|995|499|496|0,28|5,98|0,69|0,27
2014-06-15 10:35:59,163|46,0|54,0|0,0|995|501|494|0,28|5,98|0,00|0,00
2014-06-15 10:36:05,264|50,9|49,0|0,0|995|494|501|0,28|5,98|0,00|0,00
2014-06-15 10:36:11,364|50,9|49,0|0,0|995|491|504|0,28|5,98|0,50|0,00
2014-06-15 10:36:17,536|48,0|52,0|0,0|995|488|507|0,28|5,98|6,86|328,62
2014-06-15 10:36:23,637|50,0|50,0|0,0|995|487|508|0,28|5,98|0,00|0,00
2014-06-15 10:36:29,796|48,9|51,0|0,0|995|487|508|0,28|5,98|0,19|0,58
2014-06-15 10:36:35,908|50,0|50,0|0,0|995|486|509|0,28|5,98|0,00|0,00
2014-06-15 10:36:41,978|52,0|48,0|0,0|995|483|512|0,28|5,98|2,02|1,97
2014-06-15 10:36:48,082|52,0|48,0|0,0|995|484|510|0,28|5,98|0,13|0,55
2014-06-15 10:36:54,192|52,0|48,0|0,0|995|483|512|0,28|5,98|0,34|0,13
2014-06-15 10:37:00,284|54,0|46,0|0,0|995|481|514|0,28|5,98|0,23|0,00
2014-06-15 10:37:06,388|48,0|52,0|0,0|995|479|515|0,28|5,98|0,00|0,00
2014-06-15 10:37:12,474|51,0|48,9|0,0|995|479|515|0,28|5,98|0,00|0,00
2014-06-15 10:37:18,556|56,0|44,0|0,0|995|476|518|0,28|5,98|0,11|0,51
2014-06-15 10:37:24,631|0,0|0,0|100,0|995|469|526|0,28|5,98|0,00|0,00
2014-06-15 10:37:30,139|0,0|0,0|100,0|995|469|526|0,28|5,98|0,00|0,00
2014-06-15 10:37:35,673|0,0|0,0|100,0|995|468|527|0,28|5,98|0,00|0,00
2014-06-15 10:37:41,197|0,0|0,0|100,0|995|468|527|0,28|5,98|0,00|0,00
2014-06-15 10:37:46,778|0,0|0,0|100,0|995|467|528|0,28|5,98|0,00|0,00
2014-06-15 10:37:52,693|0,0|0,0|100,0|995|467|528|0,28|5,98|0,00|0,00
2014-06-15 10:37:58,258|0,0|0,0|100,0|995|465|530|0,28|5,98|0,00|0,00
2014-06-15 10:38:03,796|0,0|0,0|100,0|995|464|531|0,28|5,98|0,00|0,00
2014-06-15 10:38:09,381|1,9|0,0|98,0|995|464|531|0,28|5,98|0,09|0,00
2014-06-15 10:38:14,916|0,0|0,0|100,0|995|463|532|0,28|5,98|0,22|0,00
2014-06-15 10:38:20,437|0,0|0,0|100,0|995|462|533|0,28|5,98|0,00|0,00
2014-06-15 10:38:25,992|0,0|0,0|100,0|995|462|533|0,28|5,98|0,00|0,00
2014-06-15 10:38:31,525|0,0|0,0|100,0|995|462|533|0,28|5,98|0,00|0,00
2014-06-15 10:38:37,051|0,0|0,0|100,0|995|462|533|0,28|5,98|0,00|0,00
2014-06-15 10:38:42,559|0,0|0,0|100,0|995|462|533|0,28|5,98|0,00|0,00
2014-06-15 10:38:48,129|0,0|0,0|100,0|995|462|533|0,28|5,98|0,00|0,00
2014-06-15 10:38:53,663|0,0|0,0|100,0|995|462|533|0,28|5,98|0,00|0,00
2014-06-15 10:38:59,181|29,4|1,9|68,6|995|463|532|0,28|5,98|0,78|0,71
2014-06-15 10:39:04,946|76,0|0,0|24,0|995|462|533|0,28|5,98|1,08|1,42
2014-06-15 10:39:10,823|64,0|2,0|30,0|995|463|532|0,28|5,98|0,63|0,71
2014-06-15 10:39:16,523|34,0|0,0|66,0|995|463|532|0,28|5,98|0,54|0,71
2014-06-15 10:39:22,184|72,0|0,0|28,0|995|462|532|0,28|5,98|0,00|0,00
2014-06-15 10:39:27,906|0,0|0,0|100,0|995|462|532|0,28|5,98|0,00|0,00
2014-06-15 10:39:33,439|0,0|0,0|100,0|995|462|532|0,28|5,99|0,00|0,00
2014-06-15 10:39:38,952|0,0|0,0|100,0|995|462|533|0,28|5,99|0,00|0,00
2014-06-15 10:39:44,518|0,0|0,0|100,0|995|462|533|0,28|5,99|0,00|0,00
2014-06-15 10:39:50,058|0,0|0,0|100,0|995|462|533|0,28|5,99|0,00|0,00
2014-06-15 10:39:55,572|0,0|0,0|100,0|995|462|533|0,28|5,99|0,00|0,00
2014-06-15 10:40:01,154|0,0|0,0|100,0|995|462|533|0,28|5,99|0,00|0,00
2014-06-15 10:40:06,684|0,0|0,0|100,0|995|462|533|0,28|5,99|0,00|0,00
2014-06-15 10:40:12,199|0,0|0,0|100,0|995|462|533|0,28|5,99|0,50|0,00
2014-06-15 10:40:17,769|0,0|0,0|100,0|995|462|532|0,28|5,99|0,00|0,00
2014-06-15 10:40:23,305|0,0|0,0|100,0|995|462|532|0,28|5,99|0,00|0,00
2014-06-15 10:40:28,820|0,0|0,0|100,0|995|462|532|0,28|5,99|0,00|0,00
2014-06-15 10:40:34,396|0,0|0,0|100,0|995|462|532|0,28|5,99|0,00|0,00
2014-06-15 10:40:39,932|0,0|0,0|100,0|995|462|532|0,28|5,99|0,00|0,00
2014-06-15 10:40:45,540|0,0|0,0|100,0|995|462|532|0,28|5,99|0,00|0,00
2014-06-15 10:40:51,171|0,0|0,0|100,0|995|462|532|0,28|5,99|0,00|0,00
2014-06-15 10:40:56,691|0,0|0,0|100,0|995|462|533|0,28|5,99|0,00|0,00
2014-06-15 10:41:02,276|2,0|0,0|98,0|995|462|532|0,28|5,99|0,00|0,00
2014-06-15 10:41:07,804|0,0|0,0|100,0|995|462|532|0,28|5,99|0,00|0,00
2014-06-15 10:41:13,396|0,0|0,0|100,0|995|462|532|0,28|5,99|0,00|0,00
2014-06-15 10:41:18,925|0,0|0,0|100,0|995|462|533|0,28|5,99|0,00|0,00
2014-06-15 10:41:24,443|0,0|0,0|100,0|995|462|533|0,28|5,99|0,00|0,00
2014-06-15 10:41:29,956|0,0|0,0|100,0|995|462|533|0,28|5,99|0,00|0,00
2014-06-15 10:41:35,526|0,0|0,0|100,0|995|462|532|0,28|5,99|0,00|0,00
2014-06-15 10:41:41,068|0,0|0,0|100,0|995|462|532|0,28|5,99|0,00|0,00
2014-06-15 10:41:46,576|0,0|0,0|100,0|995|462|532|0,28|5,99|0,00|0,00
2014-06-15 10:41:52,153|0,0|0,0|100,0|995|462|532|0,28|5,99|0,00|0,00
2014-06-15 10:41:57,674|0,0|0,0|100,0|995|462|532|0,28|5,99|0,00|0,00
2014-06-15 10:42:03,190|0,0|0,0|100,0|995|462|532|0,28|5,99|0,00|0,00
2014-06-15 10:42:08,700|0,0|0,0|100,0|995|462|532|0,28|5,99|0,00|0,00
2014-06-15 10:42:14,290|0,0|0,0|100,0|995|462|532|0,28|5,99|0,00|0,00
2014-06-15 10:42:19,817|0,0|0,0|100,0|995|462|532|0,28|5,99|0,00|0,00
2014-06-15 10:42:25,406|0,0|0,0|100,0|995|462|532|0,28|5,99|0,00|0,00
2014-06-15 10:42:30,936|0,0|0,0|100,0|995|462|532|0,28|5,99|0,00|0,00
2014-06-15 10:42:36,450|0,0|0,0|100,0|995|462|532|0,28|5,99|0,06|0,00
2014-06-15 10:42:42,030|0,0|0,0|100,0|995|462|533|0,28|5,99|0,50|0,00
2014-06-15 10:42:47,555|0,0|0,0|100,0|995|462|533|0,28|5,99|0,00|0,00
2014-06-15 10:42:53,154|0,0|0,0|100,0|995|462|533|0,28|5,99|0,00|0,00
2014-06-15 10:42:58,681|0,0|0,0|100,0|995|462|533|0,28|5,99|0,00|0,00
2014-06-15 10:43:04,269|0,0|0,0|100,0|995|462|532|0,28|5,99|0,00|0,00
2014-06-15 10:43:09,799|0,0|0,0|100,0|995|462|533|0,28|5,99|0,00|0,00
2014-06-15 10:43:15,445|0,0|0,0|100,0|995|462|533|0,28|5,99|0,00|0,00
2014-06-15 10:43:20,956|0,0|0,0|100,0|995|462|533|0,28|5,99|0,00|0,00
2014-06-15 10:43:26,527|0,0|0,0|100,0|995|462|532|0,28|5,99|0,23|0,00
2014-06-15 10:43:32,062|0,0|0,0|100,0|995|462|532|0,28|5,99|0,00|0,00
2014-06-15 10:43:37,575|0,0|0,0|100,0|995|462|533|0,28|5,99|0,00|0,00
2014-06-15 10:43:43,170|0,0|0,0|100,0|995|462|532|0,28|5,99|0,00|0,00
2014-06-15 10:43:48,689|0,0|0,0|100,0|995|462|532|0,28|5,99|0,00|0,00
2014-06-15 10:43:54,281|0,0|0,0|100,0|995|462|532|0,28|5,99|0,00|0,00
2014-06-15 10:43:59,808|0,0|0,0|100,0|995|462|532|0,28|5,99|0,00|0,00
2014-06-15 10:44:05,408|0,0|0,0|100,0|995|462|532|0,28|5,99|0,00|0,00
2014-06-15 10:44:10,939|0,0|0,0|100,0|995|462|532|0,28|5,99|0,00|0,00
2014-06-15 10:44:16,456|0,0|0,0|100,0|995|462|532|0,28|5,99|0,00|0,00
2014-06-15 10:44:22,034|0,0|0,0|100,0|995|462|532|0,28|5,99|0,00|0,00
2014-06-15 10:44:27,568|0,0|0,0|100,0|995|462|532|0,28|5,99|0,00|0,00
2014-06-15 10:44:33,153|0,0|0,0|100,0|995|462|532|0,28|5,99|0,00|0,00
2014-06-15 10:44:38,688|0,0|0,0|100,0|995|462|532|0,28|5,99|0,00|0,00
2014-06-15 10:44:44,300|0,0|0,0|100,0|995|462|532|0,28|5,99|0,00|0,00
2014-06-15 10:44:49,824|0,0|0,0|100,0|995|462|532|0,28|5,99|0,00|0,00
2014-06-15 10:44:55,422|0,0|0,0|100,0|995|462|533|0,28|5,99|0,00|0,00
2014-06-15 10:45:00,944|0,0|0,0|100,0|995|462|532|0,28|5,99|0,00|0,00
2014-06-15 10:45:06,459|0,0|0,0|100,0|995|462|532|0,28|5,99|0,00|0,00
2014-06-15 10:45:12,038|0,0|0,0|100,0|995|462|532|0,28|5,99|0,50|0,00
2014-06-15 10:45:17,569|0,0|0,0|100,0|995|462|532|0,28|5,99|0,00|0,00
2014-06-15 10:45:23,159|0,0|0,0|100,0|995|462|532|0,28|5,99|0,00|0,00
2014-06-15 10:45:28,693|0,0|0,0|100,0|995|462|532|0,28|5,99|0,00|0,00
2014-06-15 10:45:34,276|0,0|0,0|100,0|995|462|532|0,28|5,99|0,00|0,00
2014-06-15 10:45:39,812|0,0|0,0|100,0|995|462|532|0,28|5,99|0,00|0,00
2014-06-15 10:45:45,409|0,0|0,0|100,0|995|462|532|0,28|5,99|0,00|0,00
2014-06-15 10:45:50,938|0,0|0,0|100,0|995|462|532|0,28|5,99|0,00|0,00
2014-06-15 10:45:56,519|1,9|0,0|98,0|995|462|532|0,28|5,99|0,00|0,00
2014-06-15 10:46:02,059|0,0|0,0|100,0|995|462|532|0,28|5,99|0,00|0,00
2014-06-15 10:46:07,576|0,0|0,0|100,0|995|462|532|0,28|5,99|0,00|0,00
2014-06-15 10:46:13,201|0,0|0,0|100,0|995|462|532|0,28|5,99|0,00|0,00
2014-06-15 10:46:18,704|0,0|0,0|100,0|995|462|532|0,28|5,99|0,00|0,00
2014-06-15 10:46:24,291|0,0|0,0|100,0|995|462|532|0,28|5,99|0,00|0,00
2014-06-15 10:46:29,822|0,0|0,0|100,0|995|462|532|0,28|5,99|0,00|0,00
2014-06-15 10:46:35,408|0,0|0,0|100,0|995|462|532|0,28|5,99|0,00|0,00
2014-06-15 10:46:40,945|0,0|0,0|100,0|995|462|532|0,28|5,99|0,00|0,00
2014-06-15 10:46:46,461|0,0|0,0|100,0|995|462|532|0,28|5,99|0,00|0,00
2014-06-15 10:46:52,037|0,0|0,0|100,0|995|462|532|0,28|5,99|0,00|0,00
2014-06-15 10:46:57,569|0,0|0,0|100,0|995|462|532|0,28|5,99|0,00|0,00
2014-06-15 10:47:03,157|0,0|0,0|100,0|995|462|532|0,28|5,99|0,00|0,00
2014-06-15 10:47:08,693|0,0|0,0|100,0|995|462|532|0,28|5,99|0,00|0,00
2014-06-15 10:47:14,283|0,0|0,0|100,0|995|462|532|0,28|5,99|0,00|0,00
2014-06-15 10:47:19,813|0,0|0,0|100,0|995|462|532|0,28|5,99|0,00|0,00
2014-06-15 10:47:25,419|1,9|0,0|98,0|995|462|532|0,28|5,99|0,00|0,00
2014-06-15 10:47:30,944|0,0|0,0|100,0|995|462|532|0,28|5,99|0,00|0,00
2014-06-15 10:47:36,462|0,0|0,0|100,0|995|462|532|0,28|5,99|0,06|0,00
2014-06-15 10:47:42,008|0,0|0,0|100,0|995|462|532|0,28|5,99|0,06|0,00
2014-06-15 10:47:47,550|0,0|0,0|100,0|995|462|532|0,28|5,99|0,00|0,00
2014-06-15 10:47:53,047|0,0|0,0|100,0|995|462|532|0,28|5,99|0,00|0,00
2014-06-15 10:47:58,566|0,0|0,0|100,0|995|462|532|0,28|5,99|0,00|0,00
2014-06-15 10:48:04,306|0,0|0,0|100,0|995|462|532|0,28|5,99|0,00|0,00
2014-06-15 10:48:09,832|0,0|0,0|100,0|995|462|532|0,28|5,99|0,00|0,00
2014-06-15 10:48:15,419|0,0|0,0|100,0|995|462|532|0,28|5,99|0,00|0,00
2014-06-15 10:48:20,935|0,0|0,0|100,0|995|462|532|0,28|5,99|0,00|0,00
2014-06-15 10:48:26,463|0,0|0,0|100,0|995|462|532|0,28|5,99|0,00|0,00
2014-06-15 10:48:32,038|0,0|0,0|100,0|995|462|532|0,28|5,99|0,21|0,00
2014-06-15 10:48:37,572|0,0|1,9|98,0|995|462|532|0,28|5,99|0,23|0,00
2014-06-15 10:48:43,155|0,0|0,0|100,0|995|462|532|0,28|5,99|0,50|0,00
2014-06-15 10:48:48,693|0,0|0,0|100,0|995|462|532|0,28|5,99|0,00|0,00
2014-06-15 10:48:54,215|0,0|0,0|100,0|995|462|532|0,28|5,99|0,00|0,00
2014-06-15 10:48:59,763|0,0|0,0|100,0|995|462|532|0,28|5,99|0,00|0,00
2014-06-15 10:49:05,321|0,0|0,0|100,0|995|462|532|0,28|5,99|0,00|0,00
2014-06-15 10:49:10,836|0,0|0,0|100,0|995|462|532|0,28|5,99|0,00|0,00
2014-06-15 10:49:16,381|0,0|0,0|100,0|995|462|532|0,28|5,99|0,00|0,00
2014-06-15 10:49:21,930|0,0|0,0|100,0|995|462|532|0,28|5,99|0,00|0,00
2014-06-15 10:49:27,576|0,0|0,0|100,0|995|462|532|0,28|5,99|0,00|0,00
2014-06-15 10:49:33,198|0,0|0,0|100,0|995|462|532|0,28|5,99|0,09|0,00
2014-06-15 10:49:38,713|0,0|0,0|100,0|995|462|532|0,28|5,99|0,00|0,00
2014-06-15 10:49:44,293|0,0|0,0|100,0|995|462|532|0,28|5,99|0,00|0,00
2014-06-15 10:49:49,825|0,0|0,0|100,0|995|462|532|0,28|5,99|0,00|0,00
2014-06-15 10:49:55,403|0,0|0,0|100,0|995|462|532|0,28|5,99|0,00|0,00
2014-06-15 10:50:00,940|0,0|0,0|100,0|995|462|532|0,28|5,99|0,00|0,00
2014-06-15 10:50:06,456|0,0|0,0|100,0|995|462|532|0,28|5,99|0,00|0,00
2014-06-15 10:50:11,961|0,0|0,0|100,0|995|462|533|0,28|5,99|0,00|0,00
2014-06-15 10:50:17,468|0,0|0,0|100,0|995|462|532|0,28|5,99|0,00|0,00
2014-06-15 10:50:23,046|0,0|0,0|100,0|995|462|532|0,28|5,99|0,00|0,00
2014-06-15 10:50:28,571|0,0|0,0|100,0|995|462|532|0,28|5,99|0,06|0,00
2014-06-15 10:50:34,164|0,0|0,0|100,0|995|462|532|0,28|5,99|0,24|0,00
2014-06-15 10:50:39,692|0,0|0,0|100,0|995|462|533|0,28|5,99|0,00|0,00
2014-06-15 10:50:45,424|0,0|0,0|100,0|995|462|532|0,28|5,99|0,00|0,00
2014-06-15 10:50:50,956|0,0|0,0|100,0|995|462|533|0,28|5,99|0,00|0,00
2014-06-15 10:50:56,473|0,0|0,0|100,0|995|462|532|0,28|5,99|0,00|0,00
2014-06-15 10:51:02,049|0,0|0,0|100,0|995|462|532|0,28|5,99|0,00|0,00
2014-06-15 10:51:07,571|0,0|0,0|100,0|995|462|532|0,28|5,99|0,00|0,00
2014-06-15 10:51:13,183|0,0|0,0|100,0|995|462|532|0,28|5,99|0,50|0,00
2014-06-15 10:51:18,708|0,0|0,0|100,0|995|462|533|0,28|5,99|0,00|0,00
2014-06-15 10:51:24,288|0,0|0,0|100,0|995|462|532|0,28|5,99|0,00|0,00
2014-06-15 10:51:29,824|0,0|0,0|100,0|995|462|532|0,28|5,99|0,00|0,00
2014-06-15 10:51:35,407|0,0|0,0|100,0|995|462|532|0,28|5,99|0,06|0,00
2014-06-15 10:51:40,945|0,0|0,0|100,0|995|462|533|0,28|5,99|0,00|0,00
2014-06-15 10:51:46,464|0,0|0,0|100,0|995|462|532|0,28|5,99|0,00|0,00
2014-06-15 10:51:52,048|0,0|1,9|98,0|995|462|532|0,28|5,99|0,00|0,00
2014-06-15 10:51:57,576|0,0|0,0|100,0|995|462|532|0,28|5,99|0,00|0,00
2014-06-15 10:52:03,161|0,0|0,0|100,0|995|462|532|0,28|5,99|0,00|0,00
2014-06-15 10:52:08,697|0,0|0,0|100,0|995|462|532|0,28|5,99|0,00|0,00
2014-06-15 10:52:14,284|0,0|0,0|100,0|995|462|532|0,28|5,99|0,00|0,00
2014-06-15 10:52:19,819|0,0|0,0|100,0|995|462|532|0,28|5,99|0,00|0,00
2014-06-15 10:52:25,579|0,0|0,0|100,0|995|462|532|0,28|5,99|0,00|0,00
2014-06-15 10:52:31,097|0,0|0,0|100,0|995|462|533|0,28|5,99|0,00|0,00
2014-06-15 10:52:36,594|0,0|0,0|100,0|995|462|532|0,28|5,99|0,00|0,00
2014-06-15 10:52:42,693|0,0|0,0|100,0|995|462|532|0,28|5,99|0,50|0,00
2014-06-15 10:52:48,216|0,0|0,0|100,0|995|462|533|0,28|5,99|0,00|0,00
2014-06-15 10:52:53,727|0,0|0,0|100,0|995|462|532|0,28|5,99|0,00|0,00
2014-06-15 10:52:59,300|0,0|0,0|100,0|995|462|533|0,28|5,99|0,00|0,00
2014-06-15 10:53:04,822|0,0|1,9|98,0|995|462|532|0,28|5,99|0,00|0,00
2014-06-15 10:53:10,418|0,0|0,0|100,0|995|462|533|0,28|5,99|0,00|0,00
2014-06-15 10:53:15,953|0,0|0,0|100,0|995|462|532|0,28|5,99|0,00|0,00
2014-06-15 10:53:22,047|0,0|0,0|100,0|995|462|532|0,28|5,99|0,00|0,00
2014-06-15 10:53:27,576|0,0|0,0|100,0|995|462|533|0,28|5,99|0,00|0,00
2014-06-15 10:53:33,172|0,0|0,0|100,0|995|462|532|0,28|5,99|0,00|0,00
2014-06-15 10:53:38,703|0,0|0,0|100,0|995|462|532|0,28|5,99|0,00|0,00
2014-06-15 10:53:44,332|0,0|0,0|100,0|995|462|533|0,28|5,99|0,00|0,00
2014-06-15 10:53:49,848|0,0|0,0|100,0|995|462|532|0,28|5,99|0,23|0,00
2014-06-15 10:53:55,552|0,0|0,0|100,0|995|462|532|0,28|5,99|0,00|0,00
2014-06-15 10:54:01,078|0,0|0,0|100,0|995|462|532|0,28|5,99|0,00|0,00
2014-06-15 10:54:06,592|0,0|0,0|100,0|995|462|533|0,28|5,99|0,00|0,00
2014-06-15 10:54:12,317|0,0|0,0|100,0|995|462|533|0,28|5,99|0,00|0,00
2014-06-15 10:54:17,832|0,0|0,0|100,0|995|462|532|0,28|5,99|0,00|0,00
2014-06-15 10:54:23,425|0,0|1,9|98,0|995|462|532|0,28|5,99|0,00|0,00
2014-06-15 10:54:28,942|0,0|0,0|100,0|995|462|533|0,28|5,99|0,00|0,00
2014-06-15 10:54:34,542|0,0|0,0|100,0|995|462|532|0,28|5,99|0,09|0,00
2014-06-15 10:54:40,575|0,0|0,0|100,0|995|462|532|0,28|5,99|0,00|0,00
2014-06-15 10:54:46,095|0,0|0,0|100,0|995|462|533|0,28|5,99|0,00|0,00
2014-06-15 10:54:51,604|0,0|0,0|100,0|995|462|533|0,28|5,99|0,00|0,00
2014-06-15 10:54:57,597|0,0|0,0|100,0|995|462|532|0,28|5,99|0,00|0,00
2014-06-15 10:55:03,108|0,0|0,0|100,0|995|462|532|0,28|5,99|0,00|0,00
2014-06-15 10:55:08,677|0,0|0,0|100,0|995|462|532|0,28|5,99|0,00|0,00
2014-06-15 10:55:14,429|0,0|0,0|100,0|995|462|532|0,28|5,99|0,00|0,00
2014-06-15 10:55:19,960|1,9|0,0|98,0|995|462|532|0,28|5,99|0,00|0,00
2014-06-15 10:55:25,562|0,0|0,0|100,0|995|462|532|0,28|5,99|0,06|0,00
2014-06-15 10:55:31,199|0,0|0,0|100,0|995|462|532|0,28|5,99|0,06|0,00
2014-06-15 10:55:36,725|0,0|0,0|100,0|995|462|532|0,28|5,99|0,00|0,00
2014-06-15 10:55:42,313|0,0|0,0|100,0|995|462|532|0,28|5,99|0,00|0,00
2014-06-15 10:55:47,837|0,0|0,0|100,0|995|462|532|0,28|5,99|0,00|0,00
2014-06-15 10:55:53,454|0,0|0,0|100,0|995|462|533|0,28|5,99|0,00|0,00
2014-06-15 10:55:58,968|0,0|0,0|100,0|995|462|533|0,28|5,99|0,00|0,00
2014-06-15 10:56:04,694|0,0|0,0|100,0|995|462|533|0,28|5,99|0,00|0,00
2014-06-15 10:56:10,326|0,0|0,0|100,0|995|462|533|0,28|5,99|0,00|0,00
2014-06-15 10:56:15,838|0,0|0,0|100,0|995|462|533|0,28|5,99|0,00|0,00
2014-06-15 10:56:21,430|0,0|1,9|98,0|995|462|532|0,28|5,99|0,00|0,00
2014-06-15 10:56:26,964|0,0|0,0|100,0|995|462|533|0,28|5,99|0,00|0,00
2014-06-15 10:56:32,672|0,0|0,0|100,0|995|462|532|0,28|5,99|0,00|0,00
2014-06-15 10:56:38,221|0,0|0,0|100,0|995|462|532|0,28|5,99|0,00|0,00
2014-06-15 10:56:43,727|0,0|0,0|100,0|995|462|532|0,28|5,99|0,50|0,00
2014-06-15 10:56:49,318|0,0|0,0|100,0|995|462|533|0,28|5,99|0,00|0,00
2014-06-15 10:56:54,845|0,0|0,0|100,0|995|462|532|0,28|5,99|0,00|0,00
2014-06-15 10:57:00,426|0,0|0,0|100,0|995|462|532|0,28|5,99|0,00|0,00
2014-06-15 10:57:05,965|0,0|0,0|100,0|995|462|532|0,28|5,99|0,06|0,00
2014-06-15 10:57:11,557|0,0|0,0|100,0|995|462|532|0,28|5,99|0,00|0,00
2014-06-15 10:57:17,200|0,0|0,0|100,0|995|462|532|0,28|5,99|0,00|0,00
2014-06-15 10:57:22,725|0,0|0,0|100,0|995|462|532|0,28|5,99|0,00|0,00
2014-06-15 10:57:28,318|0,0|0,0|100,0|995|462|532|0,28|5,99|0,00|0,00
2014-06-15 10:57:33,847|0,0|0,0|100,0|995|462|532|0,28|5,99|0,00|0,00
2014-06-15 10:57:39,434|0,0|0,0|100,0|995|462|532|0,28|5,99|0,00|0,00
2014-06-15 10:57:44,969|0,0|0,0|100,0|995|462|532|0,28|5,99|0,00|0,00
2014-06-15 10:57:50,551|0,0|0,0|100,0|995|462|532|0,28|5,99|0,00|0,00
2014-06-15 10:57:56,198|0,0|0,0|100,0|995|462|532|0,28|5,99|0,00|0,00
2014-06-15 10:58:01,720|0,0|0,0|100,0|995|462|532|0,28|5,99|0,00|0,00
2014-06-15 10:58:07,229|0,0|0,0|100,0|995|462|533|0,28|5,99|0,00|0,00
2014-06-15 10:58:12,736|0,0|0,0|100,0|995|462|532|0,28|5,99|0,00|0,00
2014-06-15 10:58:18,353|0,0|0,0|100,0|995|462|532|0,28|5,99|0,00|0,00
2014-06-15 10:58:23,856|0,0|0,0|100,0|995|462|532|0,28|5,99|0,00|0,00
2014-06-15 10:58:29,434|0,0|0,0|100,0|995|462|532|0,28|5,99|0,00|0,00
2014-06-15 10:58:34,959|0,0|0,0|100,0|995|462|532|0,28|5,99|0,00|0,00
2014-06-15 10:58:40,475|0,0|0,0|100,0|995|462|532|0,28|5,99|0,00|0,00
2014-06-15 10:58:46,063|0,0|0,0|100,0|995|462|533|0,28|5,99|0,00|0,00
2014-06-15 10:58:51,592|0,0|0,0|100,0|995|462|532|0,28|5,99|0,00|0,00
2014-06-15 10:58:57,227|0,0|0,0|100,0|995|462|533|0,28|5,99|0,23|0,00
2014-06-15 10:59:02,737|0,0|0,0|100,0|995|462|532|0,28|5,99|0,00|0,00
2014-06-15 10:59:08,318|0,0|0,0|100,0|995|462|532|0,28|5,99|0,00|0,00
2014-06-15 10:59:13,844|0,0|0,0|100,0|995|462|533|0,28|5,99|0,50|0,00
2014-06-15 10:59:19,436|0,0|0,0|100,0|995|462|532|0,28|5,99|0,00|0,00
2014-06-15 10:59:24,965|0,0|0,0|100,0|995|462|532|0,28|5,99|0,00|0,00
2014-06-15 10:59:30,547|0,0|0,0|100,0|995|462|532|0,28|5,99|0,00|0,00
2014-06-15 10:59:36,446|0,0|0,0|100,0|995|462|533|0,28|5,99|0,00|0,00
2014-06-15 10:59:41,973|0,0|0,0|100,0|995|462|532|0,28|5,99|0,00|0,00
2014-06-15 10:59:47,485|0,0|0,0|100,0|995|462|532|0,28|5,99|0,00|0,00
2014-06-15 10:59:53,062|0,0|0,0|100,0|995|462|532|0,28|5,99|0,00|0,00
2014-06-15 10:59:58,588|0,0|0,0|100,0|995|462|533|0,28|5,99|0,00|0,00
2014-06-15 11:00:04,233|0,0|0,0|100,0|995|462|532|0,28|5,99|0,00|0,00
2014-06-15 11:00:09,735|0,0|0,0|100,0|995|462|532|0,28|5,99|0,00|0,00
2014-06-15 11:00:15,358|0,0|0,0|100,0|995|462|532|0,28|5,99|0,00|0,00
2014-06-15 11:00:20,871|0,0|0,0|100,0|995|462|533|0,28|5,99|0,00|0,00
2014-06-15 11:00:26,470|0,0|0,0|100,0|995|462|532|0,28|5,99|0,00|0,00
2014-06-15 11:00:31,988|0,0|0,0|100,0|995|462|532|0,28|5,99|0,00|0,00
2014-06-15 11:00:37,487|0,0|0,0|100,0|995|462|533|0,28|5,99|0,00|0,00
2014-06-15 11:00:43,079|0,0|0,0|100,0|995|462|532|0,28|5,99|0,00|0,00
2014-06-15 11:00:48,596|0,0|1,9|98,0|995|462|532|0,28|5,99|0,00|0,00
2014-06-15 11:00:54,208|0,0|0,0|100,0|995|462|533|0,28|5,99|0,00|0,00
2014-06-15 11:00:59,732|0,0|0,0|100,0|995|462|533|0,28|5,99|0,00|0,00
2014-06-15 11:01:05,312|0,0|0,0|100,0|995|462|532|0,28|5,99|0,00|0,00
2014-06-15 11:01:10,848|0,0|0,0|100,0|995|462|533|0,28|5,99|0,00|0,00
2014-06-15 11:01:16,434|0,0|0,0|100,0|995|462|533|0,28|5,99|0,00|0,00
2014-06-15 11:01:21,964|0,0|0,0|100,0|995|462|532|0,28|5,99|0,00|0,00
2014-06-15 11:01:27,488|0,0|0,0|100,0|995|462|532|0,28|5,99|0,00|0,00
2014-06-15 11:01:33,086|0,0|0,0|100,0|995|462|532|0,28|5,99|0,00|0,00
2014-06-15 11:01:38,608|0,0|0,0|100,0|995|462|532|0,28|5,99|0,00|0,00
2014-06-15 11:01:44,187|0,0|0,0|100,0|995|462|532|0,28|5,99|0,50|0,00
2014-06-15 11:01:49,720|1,9|0,0|98,0|995|462|532|0,28|5,99|0,00|0,00
2014-06-15 11:01:55,344|0,0|0,0|100,0|995|462|533|0,28|5,99|0,00|0,00
2014-06-15 11:02:00,861|0,0|0,0|100,0|995|462|532|0,28|5,99|0,00|0,00
2014-06-15 11:02:06,367|0,0|0,0|100,0|995|462|532|0,28|5,99|0,00|0,00
2014-06-15 11:02:11,868|0,0|0,0|100,0|995|462|532|0,28|5,99|0,00|0,00
2014-06-15 11:02:17,588|0,0|0,0|100,0|995|462|533|0,28|5,99|0,00|0,00
2014-06-15 11:02:23,111|0,0|0,0|100,0|995|462|533|0,28|5,99|0,00|0,00
2014-06-15 11:02:28,620|0,0|0,0|100,0|995|462|532|0,28|5,99|0,00|0,00
2014-06-15 11:02:34,199|0,0|0,0|100,0|995|462|532|0,28|5,99|0,00|0,00
2014-06-15 11:02:39,729|0,0|0,0|100,0|995|462|533|0,28|5,99|0,00|0,00
2014-06-15 11:02:45,323|0,0|0,0|100,0|995|462|532|0,28|5,99|0,00|0,00
2014-06-15 11:02:50,849|0,0|0,0|100,0|995|462|532|0,28|5,99|0,00|0,00
2014-06-15 11:02:56,569|0,0|0,0|100,0|995|462|532|0,28|5,99|0,00|0,00
2014-06-15 11:03:02,093|0,0|0,0|100,0|995|462|532|0,28|5,99|0,00|0,00
2014-06-15 11:03:07,735|0,0|0,0|100,0|995|462|532|0,28|5,99|0,00|0,00
2014-06-15 11:03:13,324|0,0|0,0|100,0|995|462|532|0,28|5,99|0,00|0,00
2014-06-15 11:03:18,853|0,0|0,0|100,0|995|462|532|0,28|5,99|0,00|0,00
2014-06-15 11:03:24,455|0,0|0,0|100,0|995|462|532|0,28|5,99|0,00|0,00
2014-06-15 11:03:29,985|0,0|0,0|100,0|995|462|532|0,28|5,99|0,00|0,00
2014-06-15 11:03:35,497|0,0|0,0|100,0|995|462|532|0,28|5,99|0,00|0,00
2014-06-15 11:03:41,091|0,0|0,0|100,0|995|462|532|0,28|5,99|0,00|0,00
2014-06-15 11:03:46,615|0,0|0,0|100,0|995|462|532|0,28|5,99|0,00|0,00
2014-06-15 11:03:52,124|0,0|0,0|100,0|995|462|532|0,28|5,99|0,00|0,00
2014-06-15 11:03:57,692|0,0|0,0|100,0|995|462|532|0,28|5,99|0,00|0,00
2014-06-15 11:04:03,241|0,0|0,0|100,0|995|462|533|0,28|5,99|0,00|0,00
2014-06-15 11:04:08,752|0,0|0,0|100,0|995|462|532|0,28|5,99|0,23|0,00
2014-06-15 11:04:14,323|0,0|0,0|100,0|995|462|533|0,28|5,99|0,50|0,00
2014-06-15 11:04:19,852|0,0|0,0|100,0|995|462|532|0,28|5,99|0,00|0,00
2014-06-15 11:04:25,437|0,0|0,0|100,0|995|462|532|0,28|5,99|0,00|0,00
2014-06-15 11:04:30,971|0,0|0,0|100,0|995|462|533|0,28|5,99|0,00|0,00
2014-06-15 11:04:36,488|0,0|0,0|100,0|995|462|532|0,28|5,99|0,00|0,00
2014-06-15 11:04:42,069|0,0|0,0|100,0|995|462|532|0,28|5,99|0,00|0,00
2014-06-15 11:04:47,595|0,0|0,0|100,0|995|462|532|0,28|5,99|0,00|0,00
2014-06-15 11:04:53,182|0,0|0,0|100,0|995|462|532|0,28|5,99|0,00|0,00
2014-06-15 11:04:58,720|0,0|0,0|100,0|995|462|533|0,28|5,99|0,00|0,00
2014-06-15 11:05:04,249|0,0|0,0|100,0|995|462|532|0,28|5,99|0,88|0,00
2014-06-15 11:05:09,748|0,0|0,0|100,0|995|462|532|0,28|5,99|0,00|0,00
2014-06-15 11:05:15,331|0,0|0,0|100,0|995|462|533|0,28|5,99|0,00|0,00
2014-06-15 11:05:20,857|0,0|0,0|100,0|995|462|532|0,28|5,99|0,00|0,00
2014-06-15 11:05:26,448|0,0|0,0|100,0|995|462|533|0,28|5,99|0,00|0,00
2014-06-15 11:05:31,970|0,0|0,0|100,0|995|462|533|0,28|5,99|0,00|0,00
2014-06-15 11:05:37,483|0,0|1,9|98,0|995|462|532|0,28|5,99|0,00|0,00
2014-06-15 11:05:43,084|0,0|0,0|100,0|995|462|532|0,28|5,99|0,00|0,00
2014-06-15 11:05:48,612|0,0|0,0|100,0|995|462|532|0,28|5,99|0,00|0,00
2014-06-15 11:05:54,361|0,0|0,0|100,0|995|462|533|0,28|5,99|0,00|0,00
2014-06-15 11:05:59,872|0,0|0,0|100,0|995|462|532|0,28|5,99|0,00|0,00
2014-06-15 11:06:05,457|0,0|0,0|100,0|995|462|532|0,28|5,99|0,00|0,00
2014-06-15 11:06:10,978|0,0|0,0|100,0|995|462|533|0,28|5,99|0,00|0,00
2014-06-15 11:06:16,492|0,0|0,0|100,0|995|462|533|0,28|5,99|0,00|0,00
2014-06-15 11:06:22,077|0,0|0,0|100,0|995|462|532|0,28|5,99|0,00|0,00
2014-06-15 11:06:27,608|0,0|0,0|100,0|995|462|532|0,28|5,99|0,00|0,00
2014-06-15 11:06:33,187|0,0|0,0|100,0|995|462|533|0,28|5,99|5,12|54,43
2014-06-15 11:06:38,726|0,0|0,0|100,0|995|462|533|0,28|5,99|0,06|0,06
2014-06-15 11:06:44,365|0,0|0,0|100,0|995|462|532|0,28|5,99|0,50|0,00
2014-06-15 11:06:49,876|0,0|0,0|100,0|995|462|533|0,28|5,99|0,00|0,00
2014-06-15 11:06:55,451|0,0|0,0|100,0|995|462|532|0,28|5,99|0,00|0,00
2014-06-15 11:07:00,980|0,0|0,0|100,0|995|462|533|0,28|5,99|0,00|0,00
2014-06-15 11:07:06,491|0,0|0,0|100,0|995|462|533|0,28|5,99|0,00|0,00
2014-06-15 11:07:12,072|0,0|0,0|100,0|995|462|532|0,28|5,99|0,00|0,00
2014-06-15 11:07:17,598|0,0|0,0|100,0|995|462|533|0,28|5,99|0,00|0,00
2014-06-15 11:07:23,129|0,0|0,0|100,0|995|462|532|0,28|5,99|0,00|0,00
2014-06-15 11:07:28,672|0,0|0,0|100,0|995|462|532|0,28|5,99|0,00|0,00
2014-06-15 11:07:34,229|0,0|0,0|100,0|995|462|532|0,28|5,99|0,00|0,00
2014-06-15 11:07:39,752|0,0|0,0|100,0|995|462|532|0,28|5,99|0,00|0,00
2014-06-15 11:07:45,328|0,0|0,0|100,0|995|462|532|0,28|5,99|0,00|0,00
2014-06-15 11:07:50,856|0,0|0,0|100,0|995|462|532|0,28|5,99|0,00|0,00
2014-06-15 11:07:56,624|0,0|0,0|100,0|995|462|532|0,28|5,99|0,00|0,00
2014-06-15 11:08:02,172|0,0|0,0|100,0|995|462|533|0,28|5,99|0,00|0,00
2014-06-15 11:08:07,720|0,0|0,0|100,0|995|462|532|0,28|5,99|0,00|0,00
2014-06-15 11:08:13,244|0,0|0,0|100,0|995|462|532|0,28|5,99|0,00|0,00
2014-06-15 11:08:18,758|0,0|0,0|100,0|995|462|533|0,28|5,99|0,00|0,00
2014-06-15 11:08:24,335|0,0|0,0|100,0|995|462|532|0,28|5,99|0,00|0,00
2014-06-15 11:08:29,857|0,0|0,0|100,0|995|462|533|0,28|5,99|0,00|0,00
2014-06-15 11:08:35,448|0,0|0,0|100,0|995|462|532|0,28|5,99|0,00|0,00
2014-06-15 11:08:40,976|0,0|0,0|100,0|995|462|532|0,28|5,99|0,00|0,00
2014-06-15 11:08:46,494|0,0|0,0|100,0|995|462|533|0,28|5,99|0,00|0,00
2014-06-15 11:08:52,095|0,0|0,0|100,0|995|462|533|0,28|5,99|0,00|0,00
2014-06-15 11:08:57,622|0,0|0,0|100,0|995|462|532|0,28|5,99|0,00|0,00
2014-06-15 11:09:03,204|1,9|0,0|98,0|995|462|532|0,28|5,99|0,00|0,00
2014-06-15 11:09:08,740|0,0|0,0|100,0|995|462|532|0,28|5,99|0,00|0,00
2014-06-15 11:09:14,337|0,0|0,0|100,0|995|462|533|0,28|5,99|0,71|0,00
2014-06-15 11:09:19,864|0,0|0,0|100,0|995|462|532|0,28|5,99|0,23|0,00
2014-06-15 11:09:25,448|0,0|0,0|100,0|995|462|532|0,28|5,99|0,00|0,00
2014-06-15 11:09:30,979|0,0|0,0|100,0|995|462|533|0,28|5,99|0,00|0,00
2014-06-15 11:09:36,493|0,0|0,0|100,0|995|462|532|0,28|5,99|0,00|0,00
2014-06-15 11:09:42,078|0,0|0,0|100,0|995|462|532|0,28|5,99|0,00|0,00
2014-06-15 11:09:47,612|0,0|0,0|100,0|995|462|532|0,28|5,99|0,00|0,00
2014-06-15 11:09:53,194|0,0|0,0|100,0|995|462|532|0,28|5,99|0,00|0,00
2014-06-15 11:09:58,732|0,0|0,0|100,0|995|462|533|0,28|5,99|0,00|0,00
2014-06-15 11:10:04,328|0,0|0,0|100,0|995|462|532|0,28|5,99|0,00|0,00
2014-06-15 11:10:09,858|0,0|0,0|100,0|995|462|532|0,28|5,99|0,00|0,00
2014-06-15 11:10:15,370|0,0|0,0|100,0|995|462|533|0,28|5,99|0,00|0,00
2014-06-15 11:10:20,870|0,0|0,0|100,0|995|462|533|0,28|5,99|0,00|0,00
2014-06-15 11:10:26,383|0,0|0,0|100,0|995|462|533|0,28|5,99|0,00|0,00
2014-06-15 11:10:31,957|0,0|0,0|100,0|995|462|533|0,28|5,99|0,09|0,00
2014-06-15 11:10:37,580|0,0|0,0|100,0|995|462|533|0,28|5,99|0,23|0,00
2014-06-15 11:10:43,117|0,0|0,0|100,0|995|462|533|0,28|5,99|0,00|0,00
2014-06-15 11:10:48,631|0,0|0,0|100,0|995|462|532|0,28|5,99|0,00|0,00
2014-06-15 11:10:54,213|0,0|0,0|100,0|995|462|532|0,28|5,99|0,00|0,00
2014-06-15 11:10:59,740|0,0|0,0|100,0|995|462|533|0,28|5,99|0,00|0,00
2014-06-15 11:11:05,336|0,0|0,0|100,0|995|462|532|0,28|5,99|0,00|0,00
2014-06-15 11:11:10,864|0,0|0,0|100,0|995|462|532|0,28|5,99|0,00|0,00
2014-06-15 11:11:16,384|0,0|0,0|100,0|995|462|533|0,28|5,99|0,00|0,00
2014-06-15 11:11:21,952|0,0|0,0|100,0|995|462|533|0,28|5,99|0,06|0,00
2014-06-15 11:11:27,501|0,0|0,0|100,0|995|462|532|0,28|5,99|0,00|0,00
2014-06-15 11:11:33,086|0,0|0,0|100,0|995|462|532|0,28|5,99|0,00|0,00
2014-06-15 11:11:38,619|0,0|0,0|100,0|995|462|533|0,28|5,99|0,00|0,00
2014-06-15 11:11:44,205|0,0|0,0|100,0|995|462|532|0,28|5,99|0,55|0,00
2014-06-15 11:11:49,730|0,0|0,0|100,0|995|462|533|0,28|5,99|0,00|0,00
2014-06-15 11:11:55,334|0,0|0,0|100,0|995|462|533|0,28|5,99|0,00|0,00
2014-06-15 11:12:00,869|0,0|0,0|100,0|995|462|532|0,28|5,99|0,00|0,00
2014-06-15 11:12:06,451|0,0|0,0|100,0|995|462|532|0,28|5,99|0,00|0,00
2014-06-15 11:12:11,988|0,0|0,0|100,0|995|462|533|0,28|5,99|0,00|0,00
2014-06-15 11:12:17,504|0,0|0,0|100,0|995|462|533|0,28|5,99|0,00|0,00
2014-06-15 11:12:23,084|0,0|0,0|100,0|995|462|532|0,28|5,99|0,00|0,00
2014-06-15 11:12:28,615|0,0|0,0|100,0|995|462|532|0,28|5,99|0,00|0,00
2014-06-15 11:12:34,608|0,0|0,0|100,0|995|462|532|0,28|5,99|0,06|0,00
2014-06-15 11:12:40,123|0,0|0,0|100,0|995|462|533|0,28|5,99|0,00|0,00
2014-06-15 11:12:45,636|0,0|0,0|100,0|995|462|532|0,28|5,99|0,00|0,00
