2014-06-10 17:53:16,571|0
2014-06-10 17:54:46,571|,3
2014-06-10 17:55:33,235|57,7
2014-06-10 17:55:43,613|58,0
2014-06-10 17:55:53,783|61,9
2014-06-10 17:56:03,924|40,7
2014-06-10 17:56:14,313|18,5
2014-06-10 17:56:24,479|11,1
2014-06-10 17:56:34,715|33,5
2014-06-10 17:56:44,895|44,9
2014-06-10 17:56:55,036|61,8
2014-06-10 17:57:05,236|50,5
2014-06-10 17:57:15,383|44,1
2014-06-10 17:57:25,550|24,3
2014-06-10 17:57:36,600|,4
2014-06-10 17:57:47,596|19,1
2014-06-10 17:57:58,342|40,3
2014-06-10 17:58:09,618|63
2014-06-10 17:58:20,493|59,8
2014-06-10 17:58:31,255|60,1
2014-06-10 17:58:42,385|59,9
2014-06-10 17:58:53,721|60,0
2014-06-10 17:59:04,596|60,4
2014-06-10 17:59:15,808|68,9
2014-06-10 17:59:26,813|78,0
2014-06-10 17:59:37,525|60,2
2014-06-10 17:59:48,154|59,9
2014-06-10 17:59:59,344|40,3
2014-06-10 18:00:10,405|30,4
2014-06-10 18:00:21,159|30,2
2014-06-10 18:00:31,872|53,3
2014-06-10 18:00:42,975|70,3
2014-06-10 18:00:53,700|53,2
2014-06-10 18:01:09,061|71,7
2014-06-10 18:01:19,719|62,0
2014-06-10 18:01:30,499|68,8
2014-06-10 18:01:41,328|87,9
2014-06-10 18:01:51,925|86,8
2014-06-10 18:02:02,536|57,0
2014-06-10 18:02:13,160|57,7
2014-06-10 18:02:23,699|52,2
2014-06-10 18:02:34,300|54,5
2014-06-10 18:02:44,826|59,9
2014-06-10 18:02:55,299|80,3
2014-06-10 18:03:05,932|79,9
2014-06-10 18:03:16,253|81,6
2014-06-10 18:03:26,462|69,8
2014-06-10 18:03:36,795|47,6
2014-06-10 18:03:47,404|37,7
2014-06-10 18:03:57,818|24,6
2014-06-10 18:04:08,241|8,8
2014-06-10 18:04:18,636|9,1
2014-06-10 18:04:29,430|9,2
2014-06-10 18:04:40,672|2,1
2014-06-10 18:04:51,581|2,2
2014-06-10 18:05:03,084|3,2
2014-06-10 18:05:14,486|0
2014-06-10 18:05:25,872|19,8
2014-06-10 18:05:38,264|39,9
2014-06-10 18:05:49,476|59,8
2014-06-10 18:06:00,825|60,1
2014-06-10 18:06:12,152|60,0
2014-06-10 18:06:23,437|60,1
2014-06-10 18:06:34,384|60,5
2014-06-10 18:06:46,086|69,8
2014-06-10 18:06:57,391|89,8
2014-06-10 18:07:10,613|99,6
2014-06-10 18:07:22,728|89,6
2014-06-10 18:07:33,728|82,5
2014-06-10 18:07:45,704|79,0
2014-06-10 18:07:56,854|78,1
2014-06-10 18:08:08,095|68,4
2014-06-10 18:08:19,425|74,3
2014-06-10 18:08:30,208|82,5
2014-06-10 18:08:40,774|65,9
2014-06-10 18:08:51,337|47,2
2014-06-10 18:09:02,098|37,0
2014-06-10 18:09:13,412|18,0
2014-06-10 18:09:24,424|20,1
2014-06-10 18:09:35,382|40,1
2014-06-10 18:09:46,281|60,0
2014-06-10 18:09:57,362|69,9
2014-06-10 18:10:08,458|89,9
2014-06-10 18:10:19,874|89,9
2014-06-10 18:10:30,548|89,9
2014-06-10 18:10:41,295|80,9
2014-06-10 18:10:51,966|61,6
2014-06-10 18:11:03,505|51,6
2014-06-10 18:11:24,243|40,9
2014-06-10 18:11:35,414|49,7
2014-06-10 18:11:46,481|59,1
2014-06-10 18:12:02,503|59,1
2014-06-10 18:12:13,515|39,9
2014-06-10 18:12:24,522|20,0
2014-06-10 18:12:35,642|0
2014-06-10 18:12:46,874|0
2014-06-10 18:12:58,631|0
2014-06-10 18:13:10,206|0
2014-06-10 18:13:22,030|20,0
2014-06-10 18:13:34,266|40,0
2014-06-10 18:13:46,101|60,0
2014-06-10 18:13:58,708|70,0
2014-06-10 18:14:11,396|81,0
2014-06-10 18:14:23,548|81,0
2014-06-10 18:14:36,286|80,8
2014-06-10 18:14:48,232|70,6
2014-06-10 18:15:00,701|86,5
2014-06-10 18:15:11,808|76,5
2014-06-10 18:15:22,973|56,5
2014-06-10 18:15:34,914|36,7
2014-06-10 18:15:46,728|36,9
2014-06-10 18:15:58,616|39,9
2014-06-10 18:16:09,860|49,7
2014-06-10 18:16:21,037|69,6
2014-06-10 18:16:32,233|70,2
2014-06-10 18:16:44,402|61,4
2014-06-10 18:16:56,837|47,7
2014-06-10 18:17:08,286|45,4
2014-06-10 18:17:20,199|45,3
2014-06-10 18:17:32,153|64
2014-06-10 18:17:44,360|82,7
2014-06-10 18:17:55,692|86,6
2014-06-10 18:18:07,537|79,2
2014-06-10 18:18:19,740|69,3
2014-06-10 18:18:32,100|50
2014-06-10 18:18:44,308|50,0
2014-06-10 18:18:55,561|49,8
2014-06-10 18:19:07,872|49,8
2014-06-10 18:19:20,129|69,3
2014-06-10 18:19:31,825|79,1
2014-06-10 18:19:44,303|79,1
2014-06-10 18:19:56,884|79,3
2014-06-10 18:20:09,539|97,8
2014-06-10 18:20:22,262|87,3
2014-06-10 18:20:33,901|83,9
2014-06-10 18:20:46,159|71
2014-06-10 18:20:58,802|69,5
2014-06-10 18:21:11,418|78,4
2014-06-10 18:21:23,916|70,2
2014-06-10 18:21:36,315|70,4
2014-06-10 18:21:48,760|82,9
2014-06-10 18:22:01,494|73,5
2014-06-10 18:22:14,080|73,2
2014-06-10 18:22:26,655|81,6
2014-06-10 18:22:39,432|79,9
2014-06-10 18:22:50,895|88,8
2014-06-10 18:23:02,365|72,2
2014-06-10 18:23:14,876|55,3
2014-06-10 18:23:27,296|47,6
2014-06-10 18:23:40,392|49,2
2014-06-10 18:23:52,926|59,6
2014-06-10 18:24:05,631|69,5
2014-06-10 18:24:23,161|88,5
2014-06-10 18:24:35,868|89,8
2014-06-10 18:24:48,500|88,3
2014-06-10 18:25:01,426|96,2
2014-06-10 18:25:14,236|76,2
2014-06-10 18:25:26,123|75,0
2014-06-10 18:25:37,754|73,1
2014-06-10 18:25:50,314|45,0
2014-06-10 18:26:03,216|52,5
2014-06-10 18:26:14,849|63
2014-06-10 18:26:31,472|64,9
2014-06-10 18:26:48,156|55,6
2014-06-10 18:27:01,186|39,9
2014-06-10 18:27:14,238|20
2014-06-10 18:27:26,995|30,0
2014-06-10 18:27:38,546|49,9
2014-06-10 18:27:50,307|69,9
2014-06-10 18:28:01,994|69,9
2014-06-10 18:28:13,644|59,9
2014-06-10 18:28:25,558|40,0
2014-06-10 18:28:37,442|20,9
2014-06-10 18:28:49,408|1,3
2014-06-10 18:29:01,830|1,3
2014-06-10 18:29:14,404|1,2
2014-06-10 18:29:26,645|,4
