2014-06-15 10:26:01,858|56,0|44,0|0,0|1678|601|1076|0,09|1098,47|0,00|0,00
2014-06-15 10:26:08,910|56,0|44,0|0,0|1678|595|1082|0,09|1098,36|0,00|0,00
2014-06-15 10:26:15,970|56,8|43,1|0,0|1678|595|1082|0,09|1098,24|15,18|108,21
2014-06-15 10:26:23,070|64,0|36,0|0,0|1678|593|1084|0,09|1098,13|0,00|0,00
2014-06-15 10:26:30,140|61,5|36,5|0,0|1678|589|1088|0,09|1098,02|0,00|0,00
2014-06-15 10:26:37,170|62,7|37,2|0,0|1678|583|1095|0,09|1097,90|5,08|5,08
2014-06-15 10:26:44,255|54,9|45,0|0,0|1678|586|1092|0,09|1097,79|1,85|1,85
2014-06-15 10:26:51,287|54,9|45,0|0,0|1678|587|1090|0,09|1097,67|3,52|4,12
2014-06-15 10:26:58,359|52,0|48,0|0,0|1678|591|1086|0,09|1097,56|2,72|2,11
2014-06-15 10:27:05,471|52,0|48,0|0,0|1678|597|1081|0,09|1097,45|2,64|3,25
2014-06-15 10:27:12,555|56,0|44,0|0,0|1678|609|1069|0,09|1097,33|0,00|0,00
2014-06-15 10:27:19,683|54,9|45,0|0,0|1678|611|1066|0,09|1097,22|0,00|0,00
2014-06-15 10:27:26,771|54,0|46,0|0,0|1678|607|1071|0,09|1097,10|5,29|2,27
2014-06-15 10:27:33,867|56,0|44,0|0,0|1678|604|1073|0,09|1096,99|0,51|0,51
2014-06-15 10:27:40,975|55,7|44,2|0,0|1678|599|1079|0,09|1096,87|0,00|0,00
2014-06-15 10:27:48,059|55,7|44,2|0,0|1678|596|1081|0,09|1096,76|7,59|6,99
2014-06-15 10:27:55,115|56,0|44,0|0,0|1678|595|1082|0,09|1096,65|0,00|0,00
2014-06-15 10:28:02,204|60,7|39,2|0,0|1678|595|1082|0,09|1096,53|6,71|6,71
2014-06-15 10:28:09,315|64,0|36,0|0,0|1678|594|1083|0,09|1096,42|1,08|0,48
2014-06-15 10:28:16,375|96,0|4,0|0,0|1678|581|1096|0,09|1096,31|0,00|0,00
2014-06-15 10:28:22,439|0,0|0,0|94,0|1678|579|1098|0,09|1096,22|0,00|0,00
2014-06-15 10:28:28,148|0,0|0,0|96,0|1678|580|1097|0,09|1096,12|1,39|0,81
2014-06-15 10:28:33,907|0,0|0,0|100,0|1678|579|1098|0,09|1096,03|1,42|1,65
2014-06-15 10:28:40,335|60,7|39,2|0,0|1678|589|1088|0,09|1095,92|2,19|1,98
2014-06-15 10:28:47,407|56,8|41,1|0,0|1678|595|1082|0,09|1095,80|3,43|2,41
2014-06-15 10:28:54,464|52,9|47,0|0,0|1678|587|1090|0,09|1095,69|1,85|1,85
2014-06-15 10:29:01,481|52,9|47,0|0,0|1678|590|1088|0,09|1095,58|1,81|2,19
2014-06-15 10:29:08,512|54,0|46,0|0,0|1678|636|1042|0,09|1095,47|0,57|0,54
2014-06-15 10:29:15,576|54,9|45,0|0,0|1678|630|1047|0,09|1095,35|0,00|0,00
2014-06-15 10:29:22,629|54,0|46,0|0,0|1678|623|1054|0,09|1095,24|0,00|0,00
2014-06-15 10:29:29,676|55,1|44,8|0,0|1678|612|1066|0,09|1095,13|0,39|0,38
2014-06-15 10:29:36,760|54,0|46,0|0,0|1678|605|1072|0,09|1095,01|0,00|0,00
2014-06-15 10:29:43,808|54,9|45,0|0,0|1678|604|1073|0,09|1094,90|0,48|0,27
2014-06-15 10:29:50,874|54,0|46,0|0,0|1678|602|1076|0,09|1094,78|10,32|156,38
2014-06-15 10:29:58,112|56,8|43,1|0,0|1678|599|1078|0,09|1094,67|0,00|0,00
2014-06-15 10:30:05,200|57,9|42,0|0,0|1678|599|1079|0,09|1094,56|0,00|0,00
2014-06-15 10:30:12,276|58,8|41,1|0,0|1678|598|1080|0,09|1094,44|0,84|8,16
2014-06-15 10:30:19,532|60,0|40,0|0,0|1678|595|1082|0,09|1094,33|1,30|1,30
2014-06-15 10:30:26,280|98,0|1,9|0,0|1678|584|1093|0,09|1094,22|1,69|2,29
2014-06-15 10:30:32,337|0,0|0,0|100,0|1678|582|1095|0,09|1094,13|3,44|149,38
2014-06-15 10:30:38,121|0,0|0,0|100,0|1678|580|1097|0,09|1094,04|0,00|0,00
2014-06-15 10:30:43,840|0,0|0,0|100,0|1678|580|1097|0,09|1093,95|0,00|0,00
2014-06-15 10:30:49,600|0,0|0,0|100,0|1678|581|1097|0,09|1093,85|1,59|0,56
2014-06-15 10:30:55,378|0,0|0,0|100,0|1678|579|1099|0,09|1093,76|0,00|0,00
2014-06-15 10:31:01,194|0,0|0,0|100,0|1678|577|1100|0,09|1093,67|0,00|0,00
2014-06-15 10:31:06,926|0,0|0,0|100,0|1678|576|1101|0,09|1093,58|0,14|0,18
2014-06-15 10:31:12,706|0,0|0,0|100,0|1678|578|1099|0,09|1093,48|2,38|26,33
2014-06-15 10:31:18,434|96,0|4,0|0,0|1678|574|1103|0,09|1093,39|0,60|0,77
2014-06-15 10:31:24,709|84,3|5,8|9,8|1678|574|1103|0,09|1093,29|0,60|0,77
2014-06-15 10:31:31,005|52,9|9,8|37,2|1678|576|1101|0,09|1093,19|1,47|15,90
2014-06-15 10:31:37,123|33,3|3,9|62,7|1678|575|1103|0,09|1093,09|0,87|0,91
2014-06-15 10:31:43,223|34,0|22,0|44,0|1678|575|1102|0,09|1092,99|3,46|3,46
2014-06-15 10:31:49,805|60,7|39,2|0,0|1678|580|1097|0,09|1092,88|14,90|58,61
2014-06-15 10:31:56,918|57,9|42,0|0,0|1678|588|1090|0,09|1092,77|5,47|1,85
2014-06-15 10:32:03,977|52,9|45,0|0,0|1678|591|1086|0,09|1092,65|1,84|1,84
2014-06-15 10:32:11,045|54,0|46,0|0,0|1678|591|1087|0,09|1092,54|0,62|9,53
2014-06-15 10:32:18,229|52,0|48,0|0,0|1678|588|1090|0,09|1092,43|0,00|0,00
2014-06-15 10:32:25,313|55,1|44,8|0,0|1678|594|1084|0,09|1092,31|0,20|0,20
2014-06-15 10:32:32,389|54,9|45,0|0,0|1678|597|1080|0,09|1092,20|0,35|0,13
2014-06-15 10:32:39,477|56,8|43,1|0,0|1678|595|1083|0,09|1092,09|0,00|0,00
2014-06-15 10:32:46,561|57,9|42,0|0,0|1678|594|1083|0,09|1091,97|1,59|1,95
2014-06-15 10:32:53,705|56,8|43,1|0,0|1678|594|1084|0,09|1091,86|0,00|0,00
2014-06-15 10:33:00,741|60,0|40,0|0,0|1678|596|1081|0,09|1091,75|0,00|0,00
2014-06-15 10:33:07,777|57,9|42,0|0,0|1678|596|1081|0,09|1091,63|1,39|0,68
2014-06-15 10:33:14,901|57,9|42,0|0,0|1678|588|1090|0,09|1091,52|0,00|0,00
2014-06-15 10:33:21,849|0,0|0,0|100,0|1678|578|1099|0,09|1091,42|0,61|0,84
2014-06-15 10:33:27,893|79,5|4,0|16,3|1678|578|1099|0,09|1091,32|2,60|3,77
2014-06-15 10:33:34,228|0,0|0,0|100,0|1678|578|1099|0,09|1091,22|0,00|0,00
2014-06-15 10:33:40,302|0,0|0,0|100,0|1678|578|1099|0,09|1091,13|0,00|0,00
2014-06-15 10:33:46,100|62,0|38,0|0,0|1678|582|1096|0,09|1091,02|5,06|5,41
2014-06-15 10:33:53,170|57,9|42,0|0,0|1678|585|1092|0,09|1090,91|5,51|5,51
2014-06-15 10:34:00,270|54,9|43,1|0,0|1678|599|1078|0,09|1090,80|2,26|2,05
2014-06-15 10:34:07,318|52,9|47,0|0,0|1678|609|1069|0,09|1090,69|1,98|2,02
2014-06-15 10:34:14,374|54,0|46,0|0,0|1678|598|1080|0,09|1090,57|0,00|0,00
2014-06-15 10:34:21,418|54,9|45,0|0,0|1678|587|1090|0,09|1090,46|0,00|0,00
2014-06-15 10:34:28,466|54,9|43,1|0,0|1678|618|1060|0,09|1090,35|0,81|0,76
2014-06-15 10:34:35,734|60,7|39,2|0,0|1678|633|1044|0,09|1090,23|0,75|0,75
2014-06-15 10:34:42,782|60,0|40,0|0,0|1678|630|1048|0,09|1090,12|0,00|0,00
2014-06-15 10:34:49,842|62,0|38,0|0,0|1678|621|1056|0,09|1090,01|0,33|0,67
2014-06-15 10:34:57,034|60,0|40,0|0,0|1678|613|1065|0,09|1089,89|3,62|0,00
2014-06-15 10:35:04,114|60,0|40,0|0,0|1678|606|1072|0,09|1089,78|4,23|4,23
2014-06-15 10:35:11,158|62,0|38,0|0,0|1678|608|1069|0,09|1089,67|0,56|0,54
2014-06-15 10:35:18,262|60,7|39,2|0,0|1678|604|1074|0,09|1089,56|0,13|0,13
2014-06-15 10:35:25,318|58,8|41,1|0,0|1678|596|1081|0,09|1089,45|0,00|0,00
2014-06-15 10:35:32,488|58,8|41,1|0,0|1678|581|1096|0,09|1089,33|1,30|0,64
2014-06-15 10:35:39,498|60,7|39,2|0,0|1678|577|1100|0,09|1089,22|2,65|2,65
2014-06-15 10:35:46,563|58,8|41,1|0,0|1678|587|1091|0,09|1089,11|1,84|1,84
2014-06-15 10:35:53,627|54,9|45,0|0,0|1678|584|1093|0,09|1088,99|5,29|151,23
2014-06-15 10:36:00,855|54,0|46,0|0,0|1678|592|1085|0,09|1088,88|2,61|2,61
2014-06-15 10:36:07,899|54,9|45,0|0,0|1678|603|1074|0,09|1088,77|0,13|0,13
2014-06-15 10:36:15,009|53,8|46,1|0,0|1678|600|1077|0,09|1088,65|0,97|12,42
2014-06-15 10:36:22,235|54,0|46,0|0,0|1678|590|1088|0,09|1088,54|0,00|0,00
2014-06-15 10:36:29,347|54,0|46,0|0,0|1678|591|1087|0,09|1088,43|0,14|0,18
2014-06-15 10:36:36,444|54,0|46,0|0,0|1678|595|1082|0,09|1088,32|0,00|0,00
2014-06-15 10:36:43,503|54,9|45,0|0,0|1678|597|1080|0,09|1088,20|0,00|0,00
2014-06-15 10:36:50,593|54,9|45,0|0,0|1678|593|1084|0,09|1088,09|1,59|1,94
2014-06-15 10:36:57,711|55,1|44,8|0,0|1678|592|1086|0,09|1087,98|0,74|0,74
2014-06-15 10:37:04,788|57,9|42,0|0,0|1678|591|1086|0,09|1087,87|4,95|4,95
2014-06-15 10:37:11,839|57,9|42,0|0,0|1678|596|1081|0,09|1087,75|2,27|1,56
2014-06-15 10:37:18,969|58,8|41,1|0,0|1678|591|1086|0,09|1087,64|2,14|2,14
2014-06-15 10:37:26,035|96,0|4,0|0,0|1678|584|1093|0,09|1087,53|1,03|1,03
2014-06-15 10:37:32,403|0,0|0,0|100,0|1678|580|1097|0,09|1087,44|0,47|0,45
2014-06-15 10:37:38,124|0,0|0,0|100,0|1678|578|1099|0,09|1087,35|0,00|0,00
2014-06-15 10:37:43,841|0,0|0,0|100,0|1678|578|1099|0,09|1087,26|0,00|0,00
2014-06-15 10:37:49,648|0,0|1,9|98,0|1678|577|1100|0,09|1087,17|1,60|1,95
2014-06-15 10:37:55,494|0,0|0,0|100,0|1678|579|1098|0,09|1087,07|0,35|0,13
2014-06-15 10:38:01,213|0,0|0,0|100,0|1678|576|1101|0,09|1086,98|0,00|0,00
2014-06-15 10:38:06,929|0,0|0,0|100,0|1678|576|1102|0,09|1086,89|0,00|0,00
2014-06-15 10:38:12,792|24,0|8,0|68,0|1678|577|1101|0,09|1086,80|0,61|15,09
2014-06-15 10:38:18,540|0,0|0,0|100,0|1678|575|1102|0,09|1086,71|0,00|0,00
2014-06-15 10:38:24,352|39,2|1,9|58,8|1678|576|1102|0,09|1086,62|0,67|0,84
2014-06-15 10:38:30,476|50,9|5,8|43,1|1678|577|1100|0,09|1086,52|2,23|1,49
2014-06-15 10:38:36,444|45,0|1,9|52,9|1678|576|1102|0,09|1086,43|0,93|0,91
2014-06-15 10:38:42,300|46,0|2,0|52,0|1678|576|1102|0,09|1086,33|0,54|0,77
2014-06-15 10:38:48,191|0,0|1,9|98,0|1678|575|1103|0,09|1086,24|0,07|0,07
2014-06-15 10:38:53,940|0,0|0,0|100,0|1678|577|1101|0,09|1086,15|0,35|0,13
2014-06-15 10:38:59,668|0,0|0,0|100,0|1678|575|1103|0,09|1086,06|0,06|0,00
2014-06-15 10:39:05,404|0,0|1,9|98,0|1678|575|1103|0,09|1085,97|0,00|0,00
2014-06-15 10:39:11,122|1,9|1,9|96,1|1678|577|1101|0,09|1085,88|0,54|44,27
2014-06-15 10:39:16,875|0,0|0,0|100,0|1678|575|1103|0,09|1085,79|0,00|0,00
2014-06-15 10:39:22,636|0,0|0,0|100,0|1678|575|1103|0,09|1085,70|0,00|0,00
2014-06-15 10:39:28,341|0,0|0,0|100,0|1678|576|1101|0,09|1085,61|1,59|0,56
2014-06-15 10:39:34,084|0,0|0,0|100,0|1678|575|1103|0,09|1085,52|0,00|0,00
2014-06-15 10:39:39,802|0,0|0,0|100,0|1678|575|1103|0,09|1085,43|0,00|0,00
2014-06-15 10:39:45,513|0,0|0,0|100,0|1678|575|1103|0,09|1085,34|0,07|0,07
2014-06-15 10:39:51,284|0,0|0,0|100,0|1678|577|1100|0,09|1085,24|3,36|96,64
2014-06-15 10:39:57,044|0,0|1,9|98,0|1678|575|1103|0,09|1085,15|3,62|0,00
2014-06-15 10:40:02,807|0,0|0,0|100,0|1678|575|1103|0,09|1085,06|0,00|0,00
2014-06-15 10:40:08,544|0,0|0,0|100,0|1678|576|1101|0,09|1084,97|1,39|0,68
2014-06-15 10:40:14,286|0,0|1,9|98,0|1678|575|1103|0,09|1084,88|0,00|0,00
2014-06-15 10:40:20,078|0,0|0,0|100,0|1678|575|1103|0,09|1084,79|0,00|0,00
2014-06-15 10:40:25,821|1,9|1,9|96,0|1678|576|1101|0,09|1084,70|1,59|0,56
2014-06-15 10:40:31,585|0,0|0,0|100,0|1678|575|1103|0,09|1084,61|0,00|0,00
2014-06-15 10:40:37,385|0,0|0,0|100,0|1678|575|1103|0,09|1084,52|0,00|0,00
2014-06-15 10:40:43,216|0,0|0,0|100,0|1678|575|1102|0,09|1084,43|0,00|0,00
2014-06-15 10:40:48,965|1,9|1,9|96,0|1678|577|1101|0,09|1084,34|0,54|30,50
2014-06-15 10:40:54,717|0,0|1,9|98,0|1678|575|1103|0,09|1084,25|0,34|0,63
2014-06-15 10:41:00,466|0,0|0,0|94,0|1678|575|1103|0,09|1084,15|0,00|0,00
2014-06-15 10:41:06,311|0,0|1,9|98,0|1678|576|1101|0,09|1084,06|1,30|0,58
2014-06-15 10:41:12,075|0,0|0,0|98,0|1678|575|1102|0,09|1083,97|0,00|0,00
2014-06-15 10:41:17,856|0,0|0,0|98,0|1678|575|1103|0,09|1083,88|0,00|0,00
2014-06-15 10:41:23,585|0,0|0,0|98,0|1678|575|1102|0,09|1083,79|0,00|0,00
2014-06-15 10:41:29,321|0,0|0,0|100,0|1678|575|1103|0,09|1083,70|0,00|0,00
2014-06-15 10:41:35,079|0,0|0,0|98,0|1678|575|1103|0,09|1083,61|0,00|0,00
2014-06-15 10:41:40,813|0,0|0,0|96,0|1678|575|1103|0,09|1083,52|0,00|0,00
2014-06-15 10:41:46,589|0,0|1,9|90,3|1678|575|1103|0,09|1083,43|0,00|0,00
2014-06-15 10:41:52,398|0,0|0,0|100,0|1678|575|1103|0,09|1083,34|0,00|0,00
2014-06-15 10:41:58,126|0,0|0,0|100,0|1678|575|1103|0,09|1083,25|0,00|0,00
2014-06-15 10:42:03,901|0,0|0,0|95,9|1678|575|1103|0,09|1083,16|0,00|0,00
2014-06-15 10:42:09,644|0,0|0,0|94,0|1678|575|1103|0,09|1083,07|0,40|1,01
2014-06-15 10:42:15,371|0,0|0,0|100,0|1678|575|1102|0,09|1082,98|0,00|0,00
2014-06-15 10:42:21,169|0,0|1,9|98,0|1678|575|1103|0,09|1082,89|0,00|0,00
2014-06-15 10:42:26,893|0,0|0,0|94,1|1678|575|1102|0,09|1082,80|1,81|0,00
2014-06-15 10:42:32,736|0,0|0,0|96,0|1678|575|1103|0,09|1082,70|0,00|0,00
2014-06-15 10:42:38,481|0,0|0,0|100,0|1678|575|1103|0,09|1082,61|0,00|0,00
2014-06-15 10:42:44,327|0,0|0,0|100,0|1678|575|1103|0,09|1082,52|0,00|0,00
2014-06-15 10:42:50,168|0,0|0,0|100,0|1678|575|1103|0,09|1082,43|0,00|0,00
2014-06-15 10:42:55,889|0,0|0,0|96,0|1678|575|1103|0,09|1082,34|0,00|0,00
