2013-09-12 20:56:01,744|0
2013-09-12 20:56:03,761|0
2013-09-12 20:56:05,791|0
2013-09-12 20:56:07,826|0,4
2013-09-12 20:56:09,850|1
2013-09-12 20:56:11,868|1
2013-09-12 20:56:13,900|1,3
2013-09-12 20:56:15,960|1,7
2013-09-12 20:56:17,970|2,3
2013-09-12 20:56:20,012|2,3
2013-09-12 20:56:22,009|2,3
2013-09-12 20:56:24,024|2,8
2013-09-12 20:56:26,096|7,2
2013-09-12 20:56:28,240|7,2
2013-09-12 20:56:30,295|6,6
2013-09-12 20:56:32,350|10,8
2013-09-12 20:56:34,433|10,5
2013-09-12 20:56:36,486|10,5
2013-09-12 20:56:38,531|15,2
2013-09-12 20:56:40,516|15,6
2013-09-12 20:56:42,552|15,6
2013-09-12 20:56:44,620|25,2
2013-09-12 20:56:46,629|25,2
2013-09-12 20:56:48,742|25,3
2013-09-12 20:56:50,717|29,3
2013-09-12 20:56:52,828|29,3
2013-09-12 20:56:54,826|29,5
2013-09-12 20:56:56,904|33,7
2013-09-12 20:57:12,379|28
2013-09-12 20:57:14,411|19,2
2013-09-12 20:57:16,474|19,2
2013-09-12 20:57:18,602|9,8
2013-09-12 20:57:20,681|9,8
2013-09-12 20:57:22,758|10,4
2013-09-12 20:57:24,815|1,6
2013-09-12 20:57:26,912|1,6
2013-09-12 20:57:28,923|1,4
2013-09-12 20:57:31,021|4,2
2013-09-12 20:57:33,113|4,2
2013-09-12 20:57:35,194|4,4
2013-09-12 20:57:37,285|9,8
2013-09-12 20:57:39,345|9,8
2013-09-12 20:57:41,427|9,8
2013-09-12 20:57:43,445|14,8
2013-09-12 20:57:45,508|14,1
2013-09-12 20:57:47,569|14,3
2013-09-12 20:57:49,635|23,9
2013-09-12 20:57:51,729|23,9
2013-09-12 20:57:53,843|21,8
2013-09-12 20:57:55,867|31,5
2013-09-12 20:57:57,961|31,5
2013-09-12 20:58:00,103|26,4
2013-09-12 20:58:02,154|34,2
2013-09-12 20:58:04,234|29,3
2013-09-12 20:58:06,307|29,3
2013-09-12 20:58:08,427|38,9
2013-09-12 20:58:10,509|29,3
2013-09-12 20:58:12,620|29,9
2013-09-12 20:58:14,730|29,9
2013-09-12 20:58:16,825|20,6
2013-09-12 20:58:18,945|20
2013-09-12 20:58:21,077|11,8
2013-09-12 20:58:23,269|11,8
2013-09-12 20:58:25,376|12
2013-09-12 20:58:27,483|2,6
2013-09-12 20:58:29,605|3,2
2013-09-12 20:58:31,644|2,8
2013-09-12 20:58:33,770|2,8
2013-09-12 20:58:35,883|7,4
2013-09-12 20:58:38,026|7,5
2013-09-12 20:58:40,119|7,5
2013-09-12 20:58:42,250|15
2013-09-12 20:58:44,409|15,2
2013-09-12 20:58:46,408|15,2
2013-09-12 20:58:48,421|23
2013-09-12 20:58:50,377|23
2013-09-12 20:58:52,296|23
2013-09-12 20:58:54,357|29,5
2013-09-12 20:58:56,252|29,5
2013-09-12 20:58:58,256|29,5
2013-09-12 20:59:00,338|35,2
2013-09-12 20:59:02,506|35,2
2013-09-12 20:59:04,640|35,2
2013-09-12 20:59:06,753|35,5
2013-09-12 20:59:09,147|35,5
2013-09-12 20:59:11,301|34,3
2013-09-12 20:59:13,506|34,1
2013-09-12 20:59:15,564|34,1
2013-09-12 20:59:17,682|29,4
2013-09-12 20:59:19,723|29,4
2013-09-12 20:59:21,851|29,4
2013-09-12 20:59:23,986|29,2
2013-09-12 20:59:26,046|29,2
2013-09-12 20:59:28,127|29,6
2013-09-12 20:59:30,247|29,6
2013-09-12 20:59:32,398|29,6
2013-09-12 20:59:34,510|29,5
2013-09-12 20:59:36,631|29,7
2013-09-12 20:59:38,791|29,7
2013-09-12 20:59:40,903|29,7
2013-09-12 20:59:42,987|30,7
2013-09-12 20:59:45,141|30,9
2013-09-12 20:59:47,286|29,9
2013-09-12 20:59:49,380|29,9
2013-09-12 20:59:51,449|29,6
2013-09-12 20:59:53,644|28,6
2013-09-12 20:59:55,813|28,6
2013-09-12 20:59:57,917|28,6
2013-09-12 21:00:00,047|28,6
2013-09-12 21:00:02,190|28,5
2013-09-12 21:00:04,350|28,5
2013-09-12 21:00:06,518|28,9
2013-09-12 21:00:08,585|28,9
2013-09-12 21:00:10,689|28,9
2013-09-12 21:00:12,879|20,4
2013-09-12 21:00:15,031|20,4
2013-09-12 21:00:17,161|12,4
2013-09-12 21:00:19,390|11,8
2013-09-12 21:00:21,586|11,8
2013-09-12 21:00:23,713|1,6
2013-09-12 21:00:25,842|1,6
2013-09-12 21:00:28,021|3
2013-09-12 21:00:30,158|3,4
2013-09-12 21:00:32,299|3,4
2013-09-12 21:00:34,503|2,5
2013-09-12 21:00:36,669|2,3
2013-09-12 21:00:38,811|2,7
2013-09-12 21:00:40,971|3,2
2013-09-12 21:00:43,154|3,2
2013-09-12 21:00:45,320|2,8
2013-09-12 21:00:47,476|2,2
2013-09-12 21:00:49,580|2,2
2013-09-12 21:00:51,793|1,9
2013-09-12 21:00:53,980|1,9
2013-09-12 21:00:56,183|2,3
2013-09-12 21:00:58,426|2,3
2013-09-12 21:01:00,658|2,3
2013-09-12 21:01:02,837|9,7
2013-09-12 21:01:04,979|9,7
2013-09-12 21:01:07,159|18,8
2013-09-12 21:01:09,340|20,4
2013-09-12 21:01:11,540|20,4
2013-09-12 21:01:13,791|27,7
2013-09-12 21:01:15,863|36,4
2013-09-12 21:01:18,104|36,6
2013-09-12 21:01:20,418|36,6
2013-09-12 21:01:22,620|35,8
2013-09-12 21:01:24,811|35,6
2013-09-12 21:01:26,955|34,1
2013-09-12 21:01:29,100|32,5
2013-09-12 21:01:31,359|32,5
2013-09-12 21:01:33,581|27,9
2013-09-12 21:01:36,091|22,8
2013-09-12 21:01:38,366|24,8
2013-09-12 21:01:40,549|24,8
2013-09-12 21:01:42,636|27,1
2013-09-12 21:01:44,865|35,9
2013-09-12 21:01:47,125|35,9
2013-09-12 21:01:49,575|39,3
2013-09-12 21:01:52,033|48,3
2013-09-12 21:01:54,323|56,5
2013-09-12 21:01:56,462|56,5
2013-09-12 21:01:58,640|64,9
2013-09-12 21:02:01,329|68,5
2013-09-12 21:02:03,562|68,5
2013-09-12 21:02:05,692|69,7
2013-09-12 21:02:08,016|66,1
2013-09-12 21:02:10,318|62,9
2013-09-12 21:02:12,622|62,9
2013-09-12 21:02:14,985|57,3
2013-09-12 21:02:17,238|52,7
2013-09-12 21:02:19,447|52,7
2013-09-12 21:02:21,749|46,3
2013-09-12 21:02:24,007|46,3
2013-09-12 21:02:26,324|46,3
2013-09-12 21:02:28,644|45
2013-09-12 21:02:30,971|45
2013-09-12 21:02:33,203|45
2013-09-12 21:02:35,389|37,8
2013-09-12 21:02:37,588|37,8
2013-09-12 21:02:39,767|32,8
2013-09-12 21:02:42,004|40,4
2013-09-12 21:02:44,200|40,4
2013-09-12 21:02:46,405|32,8
2013-09-12 21:02:48,609|34,4
2013-09-12 21:02:50,839|31,6
2013-09-12 21:02:52,999|31,6
2013-09-12 21:02:55,229|28,5
2013-09-12 21:02:57,466|22,9
2013-09-12 21:02:59,728|18
2013-09-12 21:03:01,982|9,6
2013-09-12 21:03:04,164|9,6
2013-09-12 21:03:06,451|9,8
2013-09-12 21:03:08,652|1,7
2013-09-12 21:03:10,877|2,3
2013-09-12 21:03:13,108|3,1
2013-09-12 21:03:15,365|3,1
2013-09-12 21:03:17,545|3,1
2013-09-12 21:03:19,774|2,4
2013-09-12 21:03:22,038|3
2013-09-12 21:03:24,250|3,3
2013-09-12 21:03:26,518|3,3
2013-09-12 21:03:28,782|2
2013-09-12 21:03:31,014|2
2013-09-12 21:03:33,281|2,3
2013-09-12 21:03:35,499|2,7
2013-09-12 21:03:37,760|2,7
2013-09-12 21:03:40,019|1,8
2013-09-12 21:03:42,231|1,8
2013-09-12 21:03:44,485|2,3
