2013-09-12 20:55:03,078|1,9|0,0|98,0|995|914|80|202,85|8,84|0,47|0,00
2013-09-12 20:55:08,669|0,0|0,0|100,0|995|913|82|202,85|8,84|0,00|0,00
2013-09-12 20:55:14,193|0,0|0,0|100,0|995|913|82|202,85|8,84|0,30|0,00
2013-09-12 20:55:19,702|0,0|0,0|100,0|995|913|82|202,85|8,84|0,30|0,00
2013-09-12 20:55:25,272|0,0|0,0|100,0|995|913|82|202,84|8,84|0,18|0,00
2013-09-12 20:55:30,797|0,0|0,0|100,0|995|913|82|202,84|8,84|0,00|0,00
2013-09-12 20:55:36,301|0,0|0,0|100,0|995|913|82|202,84|8,84|0,24|0,00
2013-09-12 20:55:41,818|0,0|0,0|100,0|995|913|82|202,84|8,84|0,60|0,00
2013-09-12 20:55:47,367|0,0|0,0|100,0|995|913|82|202,84|8,84|0,43|0,00
2013-09-12 20:55:52,918|0,0|0,0|100,0|995|913|82|202,84|8,84|0,15|0,00
2013-09-12 20:55:58,440|0,0|0,0|100,0|995|913|82|202,84|8,84|0,68|0,00
2013-09-12 20:56:03,947|0,0|0,0|100,0|995|913|82|202,84|8,84|9,27|12,32
2013-09-12 20:56:09,499|0,0|0,0|100,0|995|913|82|202,84|8,84|4,48|4,41
2013-09-12 20:56:15,084|6,0|6,0|88,0|995|913|82|202,83|8,84|4,13|0,00
2013-09-12 20:56:20,692|5,8|5,8|88,2|995|913|82|202,83|8,84|7,49|7,99
2013-09-12 20:56:26,195|0,0|0,0|100,0|995|913|82|202,83|8,84|10,01|12,60
2013-09-12 20:56:31,703|1,9|0,0|98,0|995|913|81|202,83|8,84|4,41|2,86
2013-09-12 20:56:37,311|4,0|6,1|89,7|995|914|80|202,83|8,84|3,43|6,53
2013-09-12 20:56:42,826|0,0|0,0|100,0|995|914|81|202,83|8,84|8,03|12,53
2013-09-12 20:56:48,403|0,0|0,0|100,0|995|913|82|202,83|8,84|5,89|4,91
2013-09-12 20:56:53,974|2,0|6,1|91,8|995|913|82|202,83|8,84|0,24|0,06
2013-09-12 20:56:59,569|0,0|0,0|100,0|995|913|81|202,83|8,84|0,18|0,00
2013-09-12 20:57:05,114|0,0|0,0|100,0|995|913|82|202,83|8,84|0,43|0,00
2013-09-12 20:57:10,665|2,0|2,0|96,0|995|915|80|202,82|8,84|6,23|10,64
2013-09-12 20:57:16,265|0,0|0,0|100,0|995|913|81|202,82|8,84|6,93|6,81
2013-09-12 20:57:21,895|4,0|8,0|88,0|995|913|81|202,82|8,84|0,00|0,00
2013-09-12 20:57:27,473|7,6|5,7|86,5|995|913|81|202,82|8,84|4,90|7,99
2013-09-12 20:57:33,046|0,0|0,0|100,0|995|913|82|202,82|8,84|9,26|13,48
2013-09-12 20:57:38,631|0,0|2,0|98,0|995|913|81|202,82|8,84|2,23|1,46
2013-09-12 20:57:44,224|6,1|6,1|87,7|995|914|80|202,82|8,84|3,30|6,53
2013-09-12 20:57:49,780|0,0|0,0|100,0|995|913|81|202,82|8,84|9,38|14,00
2013-09-12 20:57:55,311|3,9|0,0|96,0|995|913|81|202,82|8,84|4,87|5,85
2013-09-12 20:58:00,889|7,8|5,8|86,2|995|915|80|202,81|8,84|0,30|0,00
2013-09-12 20:58:06,505|0,0|0,0|100,0|995|913|81|202,81|8,84|9,10|13,98
2013-09-12 20:58:12,074|2,0|0,0|98,0|995|913|81|202,81|8,84|4,60|6,07
2013-09-12 20:58:17,639|6,0|4,0|90,0|995|915|80|202,81|8,84|2,76|6,53
2013-09-12 20:58:23,188|0,0|0,0|100,0|995|913|81|202,81|8,84|9,01|14,20
2013-09-12 20:58:28,765|1,9|7,8|90,1|995|913|81|202,81|8,84|0,66|0,00
2013-09-12 20:58:34,347|6,0|6,0|88,0|995|913|81|202,81|8,84|4,82|7,99
2013-09-12 20:58:39,906|2,0|0,0|98,0|995|913|81|202,81|8,84|9,05|8,99
2013-09-12 20:58:45,485|12,0|88,0|0,0|995|914|81|202,81|8,84|0,09|0,00
2013-09-12 20:58:51,296|14,2|85,7|0,0|995|914|81|202,80|8,84|0,57|0,00
2013-09-12 20:58:57,070|16,0|84,0|0,0|995|914|81|202,80|8,84|1,30|0,13
2013-09-12 20:59:02,817|0,0|0,0|100,0|995|914|80|202,80|8,84|8,90|14,39
2013-09-12 20:59:08,384|4,0|0,0|96,0|995|914|81|202,80|8,84|0,53|0,00
2013-09-12 20:59:13,982|4,0|6,1|89,7|995|914|81|202,80|8,84|4,65|7,99
2013-09-12 20:59:19,533|0,0|0,0|100,0|995|914|81|202,80|8,84|11,76|28,11
2013-09-12 20:59:25,143|4,0|6,1|89,7|995|914|81|202,80|8,84|4,14|0,00
2013-09-12 20:59:30,724|7,6|5,7|86,5|995|914|81|202,80|8,84|5,52|7,99
2013-09-12 20:59:36,278|0,0|0,0|100,0|995|914|81|202,80|8,84|5,20|7,15
2013-09-12 20:59:41,843|6,0|4,0|90,0|995|914|81|202,79|8,84|0,64|0,00
2013-09-12 20:59:47,417|1,9|0,0|98,0|995|914|81|202,79|8,84|9,67|17,15
2013-09-12 20:59:52,951|0,0|2,0|98,0|995|914|81|202,79|8,84|3,81|5,27
2013-09-12 20:59:58,576|5,8|5,8|88,2|995|914|81|202,79|8,84|5,42|18,92
2013-09-12 21:00:04,194|0,0|1,9|98,0|995|914|81|202,79|8,84|9,15|15,43
2013-09-12 21:00:09,738|3,9|7,8|88,2|995|914|81|202,79|8,84|0,29|0,00
2013-09-12 21:00:15,298|0,0|0,0|100,0|995|914|81|202,79|8,84|8,82|15,43
2013-09-12 21:00:20,853|0,0|0,0|100,0|995|914|81|202,79|8,84|2,30|3,30
2013-09-12 21:00:26,475|8,0|4,0|88,0|995|914|81|202,79|8,84|5,34|9,86
2013-09-12 21:00:32,049|0,0|0,0|100,0|995|914|80|202,78|8,84|6,75|19,95
2013-09-12 21:00:37,668|6,1|4,0|89,7|995|914|80|202,78|8,84|0,91|2,28
2013-09-12 21:00:43,191|0,0|0,0|100,0|995|914|80|202,78|8,84|16,55|15,99
2013-09-12 21:00:48,775|1,9|3,9|94,1|995|914|81|202,78|8,84|3,26|0,06
2013-09-12 21:00:54,363|4,0|2,0|93,8|995|914|81|202,78|8,84|6,39|8,43
2013-09-12 21:00:59,929|2,0|0,0|98,0|995|914|81|202,78|8,84|3,13|1,83
2013-09-12 21:01:05,608|20,0|10,0|0,0|995|923|71|202,78|8,84|4,53|7,92
2013-09-12 21:01:11,361|87,7|4,0|0,0|995|919|76|202,89|8,84|9,95|16,59
2013-09-12 21:01:17,674|74,0|8,0|0,0|995|919|75|203,17|8,85|7,11|9,97
2013-09-12 21:01:23,731|76,0|12,0|0,0|995|917|77|203,34|8,85|1,06|1,36
2013-09-12 21:01:29,492|32,0|6,0|0,0|995|918|77|203,39|8,85|4,53|7,92
2013-09-12 21:01:35,158|20,0|0,0|0,0|995|922|73|203,39|8,85|0,83|0,00
2013-09-12 21:01:40,999|88,0|12,0|0,0|995|919|76|203,40|8,85|0,93|0,00
2013-09-12 21:01:47,588|90,0|4,0|0,0|995|917|78|203,56|8,85|5,38|7,99
2013-09-12 21:01:53,960|86,2|3,9|0,0|995|920|74|203,74|8,85|9,77|16,86
2013-09-12 21:02:00,456|73,4|6,1|0,0|995|917|78|203,93|8,85|9,08|9,07
2013-09-12 21:02:06,700|62,7|9,8|0,0|995|920|75|203,98|8,85|0,18|0,00
2013-09-12 21:02:12,679|48,9|0,0|0,0|995|915|79|204,00|8,85|10,66|17,13
2013-09-12 21:02:18,313|40,0|6,0|0,0|995|913|82|204,01|8,85|1,33|0,00
2013-09-12 21:02:24,329|30,6|12,2|0,0|995|919|76|204,14|8,85|8,35|8,32
2013-09-12 21:02:31,167|51,0|6,1|0,0|995|915|80|204,28|8,85|4,59|8,15
2013-09-12 21:02:37,966|90,1|7,8|0,0|995|932|63|204,41|8,85|1,21|5,46
2013-09-12 21:02:44,481|82,0|12,0|0,0|995|914|81|204,58|8,85|5,23|9,91
2013-09-12 21:02:50,454|0,0|0,0|100,0|995|909|86|204,58|8,85|4,60|9,52
2013-09-12 21:02:56,055|4,0|6,0|88,0|995|910|84|204,58|8,85|1,09|5,54
2013-09-12 21:03:01,594|2,0|0,0|98,0|995|909|86|204,58|8,85|4,80|9,66
2013-09-12 21:03:07,239|8,0|4,0|88,0|995|911|84|204,58|8,85|2,41|5,92
2013-09-12 21:03:12,809|0,0|0,0|100,0|995|910|85|204,58|8,85|5,08|9,80
2013-09-12 21:03:18,439|6,0|10,0|84,0|995|910|85|204,58|8,85|1,09|0,00
2013-09-12 21:03:23,964|0,0|0,0|100,0|995|910|85|204,58|8,85|4,91|9,87
2013-09-12 21:03:29,576|5,8|5,8|88,2|995|911|84|204,58|8,85|5,89|19,57
2013-09-12 21:03:35,099|2,0|0,0|98,0|995|910|85|204,58|8,85|6,02|20,93
2013-09-12 21:03:40,734|6,1|4,0|89,7|995|911|84|204,58|8,85|3,38|17,66
2013-09-12 21:03:46,304|0,0|0,0|100,0|995|910|85|204,57|8,85|4,86|5,73
