MV1===========================================
[12/Sep/2013:08:55:18 +0000]|88880
[12/Sep/2013:08:55:18 +0000]|89864
[12/Sep/2013:08:55:18 +0000]|87884
[12/Sep/2013:08:55:19 +0000]|87714
[12/Sep/2013:08:55:21 +0000]|88911
[12/Sep/2013:08:55:21 +0000]|88612
[12/Sep/2013:08:55:22 +0000]|88038
[12/Sep/2013:08:55:22 +0000]|87297
[12/Sep/2013:08:55:22 +0000]|86433
[12/Sep/2013:08:55:23 +0000]|85636
[12/Sep/2013:08:57:32 +0000]|94676
[12/Sep/2013:08:57:32 +0000]|94185
[12/Sep/2013:08:57:32 +0000]|93670
[12/Sep/2013:08:57:33 +0000]|93345
[12/Sep/2013:08:57:33 +0000]|93344
[12/Sep/2013:08:57:34 +0000]|94181
[12/Sep/2013:08:57:34 +0000]|92274
[12/Sep/2013:08:57:35 +0000]|93501
[12/Sep/2013:08:57:35 +0000]|94013
[12/Sep/2013:08:57:35 +0000]|93060
[12/Sep/2013:10:42:37 +0000]|21276
[12/Sep/2013:10:42:37 +0000]|21778
[12/Sep/2013:10:43:31 +0000]|21969
[12/Sep/2013:10:43:31 +0000]|21480
[12/Sep/2013:10:45:15 +0000]|22407
[12/Sep/2013:10:45:15 +0000]|21407
[12/Sep/2013:10:48:09 +0000]|26098
[12/Sep/2013:10:52:29 +0000]|32658
[12/Sep/2013:10:52:29 +0000]|31660
[12/Sep/2013:10:52:29 +0000]|30671
[12/Sep/2013:10:54:13 +0000]|29651
[12/Sep/2013:10:54:13 +0000]|31669
[12/Sep/2013:10:54:13 +0000]|30671
[12/Sep/2013:11:06:42 +0000]|659574
[12/Sep/2013:11:07:45 +0000]|737438
[12/Sep/2013:11:07:45 +0000]|741070
[12/Sep/2013:11:07:45 +0000]|730821
[12/Sep/2013:11:07:45 +0000]|737877
[12/Sep/2013:11:07:45 +0000]|741894
[12/Sep/2013:11:07:45 +0000]|722907
[12/Sep/2013:11:07:45 +0000]|723720
[12/Sep/2013:11:07:45 +0000]|721698
[12/Sep/2013:11:07:45 +0000]|721711
[12/Sep/2013:11:07:45 +0000]|723593
[12/Sep/2013:11:07:45 +0000]|721691
[12/Sep/2013:11:07:45 +0000]|736514
[12/Sep/2013:11:07:45 +0000]|733114
[12/Sep/2013:11:07:45 +0000]|739931
[12/Sep/2013:11:07:45 +0000]|730095
[12/Sep/2013:11:07:45 +0000]|732910
[12/Sep/2013:11:07:45 +0000]|738544
[12/Sep/2013:11:07:45 +0000]|721746
[12/Sep/2013:11:07:45 +0000]|739139
[12/Sep/2013:11:07:45 +0000]|735947
[12/Sep/2013:11:07:45 +0000]|734726
[12/Sep/2013:11:07:45 +0000]|723177
[12/Sep/2013:11:07:45 +0000]|721758
[12/Sep/2013:11:07:45 +0000]|731778
[12/Sep/2013:11:07:45 +0000]|739782
[12/Sep/2013:11:07:45 +0000]|723761
[12/Sep/2013:11:07:45 +0000]|733960
[12/Sep/2013:11:07:45 +0000]|740350
[12/Sep/2013:11:07:45 +0000]|731582
[12/Sep/2013:11:07:45 +0000]|723537
[12/Sep/2013:11:07:45 +0000]|729957
[12/Sep/2013:11:07:45 +0000]|721794
[12/Sep/2013:11:07:45 +0000]|722857
[12/Sep/2013:11:07:45 +0000]|721802
[12/Sep/2013:11:07:45 +0000]|730574
[12/Sep/2013:11:07:45 +0000]|723494
[12/Sep/2013:11:07:45 +0000]|722971
[12/Sep/2013:11:07:45 +0000]|740215
[12/Sep/2013:11:07:45 +0000]|722738
[12/Sep/2013:11:07:45 +0000]|214966
[12/Sep/2013:11:07:45 +0000]|737822
[12/Sep/2013:11:07:45 +0000]|721809
[12/Sep/2013:11:07:45 +0000]|723375
[12/Sep/2013:11:07:45 +0000]|734230
[12/Sep/2013:11:07:45 +0000]|267826
[12/Sep/2013:11:07:45 +0000]|737423
[12/Sep/2013:11:07:45 +0000]|736450
[12/Sep/2013:11:07:45 +0000]|723800
[12/Sep/2013:11:07:45 +0000]|732622
[12/Sep/2013:11:07:46 +0000]|731420
[12/Sep/2013:11:07:46 +0000]|721854
[12/Sep/2013:11:07:46 +0000]|735047
[12/Sep/2013:11:07:46 +0000]|730805
[12/Sep/2013:11:07:46 +0000]|174627
[12/Sep/2013:11:07:46 +0000]|723363
[12/Sep/2013:11:07:46 +0000]|721868
[12/Sep/2013:11:07:46 +0000]|741697
[12/Sep/2013:11:07:46 +0000]|738484
[12/Sep/2013:11:07:46 +0000]|735486
[12/Sep/2013:11:07:46 +0000]|732873
[12/Sep/2013:11:07:46 +0000]|721894
[12/Sep/2013:11:07:46 +0000]|734474
[12/Sep/2013:11:07:46 +0000]|721878
[12/Sep/2013:11:07:46 +0000]|739509
[12/Sep/2013:11:07:46 +0000]|735279
[12/Sep/2013:11:07:46 +0000]|724044
[12/Sep/2013:11:07:46 +0000]|723989
[12/Sep/2013:11:07:46 +0000]|721918
[12/Sep/2013:11:07:46 +0000]|721895
[12/Sep/2013:11:07:46 +0000]|723292
[12/Sep/2013:11:07:46 +0000]|733699
[12/Sep/2013:11:07:46 +0000]|732130
[12/Sep/2013:11:07:46 +0000]|732309
[12/Sep/2013:11:07:46 +0000]|733913
[12/Sep/2013:11:07:46 +0000]|736322
[12/Sep/2013:11:07:46 +0000]|736913
[12/Sep/2013:11:07:46 +0000]|192703
[12/Sep/2013:11:07:46 +0000]|740814
[12/Sep/2013:11:07:46 +0000]|732581
[12/Sep/2013:11:07:46 +0000]|723351
[12/Sep/2013:11:07:46 +0000]|741230
[12/Sep/2013:11:07:46 +0000]|738407
[12/Sep/2013:11:07:46 +0000]|735999
[12/Sep/2013:11:07:46 +0000]|741020
[12/Sep/2013:11:07:46 +0000]|723676
[12/Sep/2013:11:07:46 +0000]|741631
[12/Sep/2013:11:07:46 +0000]|722016
[12/Sep/2013:11:07:46 +0000]|730582
[12/Sep/2013:11:07:46 +0000]|723128
[12/Sep/2013:11:07:46 +0000]|722014
[12/Sep/2013:11:07:46 +0000]|742035
[12/Sep/2013:11:07:46 +0000]|731359
[12/Sep/2013:11:07:46 +0000]|739220
[12/Sep/2013:11:07:46 +0000]|723636
[12/Sep/2013:11:07:46 +0000]|737218
[12/Sep/2013:11:07:46 +0000]|723841
[12/Sep/2013:11:07:46 +0000]|737401
[12/Sep/2013:11:07:46 +0000]|733569
[12/Sep/2013:11:07:46 +0000]|735792
[12/Sep/2013:11:07:46 +0000]|739003
[12/Sep/2013:11:07:46 +0000]|723006
[12/Sep/2013:11:07:46 +0000]|739787
[12/Sep/2013:11:07:46 +0000]|734798
[12/Sep/2013:11:10:06 +0000]|43087
[12/Sep/2013:11:10:06 +0000]|45093
[12/Sep/2013:11:10:06 +0000]|44093
[12/Sep/2013:11:10:47 +0000]|66005
[12/Sep/2013:11:10:47 +0000]|67026
[12/Sep/2013:11:10:47 +0000]|65028
[12/Sep/2013:11:11:15 +0000]|72244
[12/Sep/2013:11:11:15 +0000]|70252
[12/Sep/2013:11:11:15 +0000]|71269
[12/Sep/2013:11:11:25 +0000]|63843
[12/Sep/2013:11:11:25 +0000]|62845
[12/Sep/2013:11:11:25 +0000]|61856
[12/Sep/2013:11:20:17 +0000]|91111
[12/Sep/2013:11:20:17 +0000]|91898
[12/Sep/2013:11:20:17 +0000]|90872
[12/Sep/2013:11:20:19 +0000]|90895
[12/Sep/2013:11:20:19 +0000]|91405
[12/Sep/2013:11:20:19 +0000]|91173
[12/Sep/2013:11:20:19 +0000]|90502
[12/Sep/2013:11:20:19 +0000]|89198
[12/Sep/2013:11:20:19 +0000]|90203
[12/Sep/2013:20:56:59 +0000]|41105
[12/Sep/2013:20:56:59 +0000]|43110
[12/Sep/2013:20:56:59 +0000]|42116
[12/Sep/2013:20:58:04 +0000]|40268
[12/Sep/2013:20:58:04 +0000]|41270
[12/Sep/2013:20:58:04 +0000]|42296
[12/Sep/2013:20:59:57 +0000]|89649
[12/Sep/2013:20:59:57 +0000]|91652
[12/Sep/2013:20:59:57 +0000]|90654
[12/Sep/2013:21:00:01 +0000]|88590
[12/Sep/2013:21:00:01 +0000]|87848
[12/Sep/2013:21:00:01 +0000]|87000
[12/Sep/2013:21:00:03 +0000]|82916
[12/Sep/2013:21:00:03 +0000]|84035
[12/Sep/2013:21:00:03 +0000]|82169
[12/Sep/2013:21:01:50 +0000]|27688
[12/Sep/2013:21:02:25 +0000]|33964
MV2===========================================
[12/Sep/2013:10:48:06 +0000]|25117
[12/Sep/2013:10:48:30 +0000]|17822
[12/Sep/2013:11:03:52 +0000]|17503
[12/Sep/2013:11:04:31 +0000]|20408
[12/Sep/2013:11:04:55 +0000]|22066
[12/Sep/2013:11:05:14 +0000]|22898
[12/Sep/2013:21:01:52 +0000]|28996
[12/Sep/2013:21:02:23 +0000]|31154
MV3===========================================
[12/Sep/2013:10:48:23 +0000]|37220
[12/Sep/2013:10:48:48 +0000]|30941
[12/Sep/2013:11:04:46 +0000]|32251
[12/Sep/2013:11:05:20 +0000]|25407
[12/Sep/2013:11:05:20 +0000]|43407
[12/Sep/2013:21:02:09 +0000]|40246
[12/Sep/2013:21:02:47 +0000]|48275
