MV1===========================================
2014-06-11 20:25:33,351|2,0|0,0|98,0|995|334|661|0,80|4,37|0,00|0,00
2014-06-11 20:25:38,899|1,9|0,0|98,0|995|332|663|0,80|4,37|0,06|0,00
2014-06-11 20:25:44,452|0,0|0,0|100,0|995|332|663|0,80|4,37|1,24|0,00
2014-06-11 20:25:49,978|0,0|0,0|100,0|995|332|663|0,80|4,37|0,00|0,00
2014-06-11 20:25:55,479|0,0|0,0|100,0|995|332|663|0,80|4,37|0,00|0,00
2014-06-11 20:26:00,983|0,0|0,0|100,0|995|332|663|0,80|4,37|3,69|0,06
2014-06-11 20:26:06,541|0,0|0,0|100,0|995|332|663|0,80|4,38|0,00|0,00
2014-06-11 20:26:12,073|0,0|0,0|100,0|995|332|662|0,80|4,38|0,35|0,00
2014-06-11 20:26:17,596|0,0|0,0|100,0|995|332|662|0,80|4,38|0,00|0,00
2014-06-11 20:26:23,164|0,0|0,0|100,0|995|332|662|0,80|4,38|0,00|0,00
2014-06-11 20:26:28,686|0,0|0,0|100,0|995|332|662|0,80|4,38|0,60|0,00
2014-06-11 20:26:34,211|0,0|0,0|100,0|995|332|662|0,80|4,38|0,00|0,00
2014-06-11 20:26:39,726|2,0|6,1|91,8|995|332|662|0,80|4,38|0,00|0,00
2014-06-11 20:26:45,330|0,0|0,0|100,0|995|332|662|0,80|4,38|4,91|4,47
2014-06-11 20:26:50,845|0,0|0,0|100,0|995|332|662|0,80|4,38|4,66|5,13
2014-06-11 20:26:56,359|0,0|0,0|100,0|995|332|662|0,80|4,38|0,00|0,00
2014-06-11 20:27:01,928|0,0|1,9|98,0|995|332|662|0,80|4,38|5,21|0,06
2014-06-11 20:27:07,463|96,0|4,0|0,0|995|353|642|0,80|4,38|2,09|2,76
2014-06-11 20:27:13,154|98,0|2,0|0,0|995|362|633|0,80|4,38|2,09|2,77
2014-06-11 20:27:18,948|98,0|2,0|0,0|995|365|630|0,80|4,38|1,38|0,55
2014-06-11 20:27:24,702|100,0|0,0|0,0|995|365|629|0,80|4,38|1,38|0,55
2014-06-11 20:27:30,439|100,0|0,0|0,0|995|376|619|0,80|4,38|1,04|0,41
2014-06-11 20:27:36,234|98,0|1,9|0,0|995|368|627|0,80|4,38|0,77|2,29
2014-06-11 20:27:41,971|97,9|2,0|0,0|995|369|626|0,80|4,38|0,58|1,72
2014-06-11 20:27:47,721|0,0|0,0|96,0|995|362|633|0,80|4,38|0,00|0,00
2014-06-11 20:27:53,234|98,0|1,9|0,0|995|364|630|0,80|4,38|1,96|2,26
2014-06-11 20:27:59,078|98,0|2,0|0,0|995|366|629|0,80|4,38|2,86|5,07
2014-06-11 20:28:04,851|98,0|2,0|0,0|995|368|627|0,80|4,38|1,77|1,69
2014-06-11 20:28:10,594|98,0|1,9|0,0|995|377|617|0,80|4,38|1,38|0,55
2014-06-11 20:28:16,379|98,0|1,9|0,0|995|378|616|0,80|4,38|0,35|0,14
2014-06-11 20:28:22,160|96,0|4,0|0,0|995|383|611|0,80|4,38|0,00|0,00
2014-06-11 20:28:27,931|98,0|1,9|0,0|995|374|621|0,80|4,38|0,80|0,51
2014-06-11 20:28:33,682|0,0|0,0|100,0|995|369|625|0,80|4,38|4,61|5,95
2014-06-11 20:28:39,215|6,1|4,0|89,7|995|369|625|0,80|4,38|0,00|0,00
2014-06-11 20:28:44,826|0,0|0,0|100,0|995|369|625|0,80|4,38|1,37|0,00
2014-06-11 20:28:50,379|0,0|1,9|98,0|995|369|625|0,80|4,38|5,49|28,16
2014-06-11 20:28:55,928|100,0|0,0|0,0|995|371|624|0,80|4,38|1,83|1,73
2014-06-11 20:29:01,627|100,0|0,0|0,0|995|372|623|0,80|4,39|2,93|5,13
2014-06-11 20:29:07,363|98,0|2,0|0,0|995|373|621|0,80|4,39|1,96|2,27
2014-06-11 20:29:13,106|100,0|0,0|0,0|995|377|618|0,80|4,39|1,96|2,27
2014-06-11 20:29:18,850|100,0|0,0|0,0|995|380|614|0,80|4,39|1,96|2,27
2014-06-11 20:29:24,601|100,0|0,0|0,0|995|378|617|0,80|4,39|0,58|1,72
2014-06-11 20:29:30,338|96,0|3,9|0,0|995|374|621|0,80|4,39|0,13|0,57
2014-06-11 20:29:35,968|98,0|2,0|0,0|995|372|623|0,80|4,39|2,15|2,84
2014-06-11 20:29:41,750|52,0|46,0|0,0|995|373|621|0,80|4,39|1,38|0,55
2014-06-11 20:29:47,835|56,0|44,0|0,0|995|399|595|0,80|4,39|1,38|0,55
2014-06-11 20:29:53,927|48,0|52,0|0,0|995|389|605|0,80|4,39|1,38|0,55
2014-06-11 20:30:00,102|48,9|51,0|0,0|995|381|614|0,80|4,39|0,91|0,14
2014-06-11 20:30:06,215|48,0|52,0|0,0|995|390|605|0,80|4,39|0,00|0,00
2014-06-11 20:30:12,319|45,0|54,9|0,0|995|392|602|0,80|4,39|0,00|0,00
2014-06-11 20:30:18,419|46,0|54,0|0,0|995|398|597|0,80|4,39|0,00|0,00
2014-06-11 20:30:24,506|52,0|48,0|0,0|995|396|599|0,80|4,39|0,00|0,00
2014-06-11 20:30:30,634|52,0|48,0|0,0|995|398|597|0,80|4,39|0,25|0,55
2014-06-11 20:30:36,811|50,0|50,0|0,0|995|401|594|0,80|4,39|5,04|48,02
2014-06-11 20:30:42,923|52,0|48,0|0,0|995|403|592|0,80|4,39|0,26|0,26
2014-06-11 20:30:49,047|54,0|46,0|0,0|995|408|587|0,80|4,39|0,00|0,00
2014-06-11 20:30:55,291|48,9|51,0|0,0|995|400|595|0,80|4,39|0,26|0,26
2014-06-11 20:31:01,407|46,9|53,0|0,0|995|406|589|0,80|4,39|0,00|0,00
2014-06-11 20:31:07,517|50,9|49,0|0,0|995|397|597|0,80|4,39|0,00|0,00
2014-06-11 20:31:13,634|49,0|50,9|0,0|995|396|599|0,80|4,40|2,11|0,00
2014-06-11 20:31:19,730|48,0|52,0|0,0|995|399|596|0,80|4,40|0,40|0,14
2014-06-11 20:31:25,835|50,9|49,0|0,0|995|400|595|0,80|4,40|0,57|0,71
2014-06-11 20:31:32,003|52,0|48,0|0,0|995|401|594|0,80|4,40|0,40|0,52
2014-06-11 20:31:38,111|54,9|45,0|0,0|995|398|596|0,80|4,40|0,40|0,20
2014-06-11 20:31:44,213|50,0|50,0|0,0|995|398|597|0,80|4,40|1,07|1,53
2014-06-11 20:31:50,319|60,0|40,0|0,0|995|398|597|0,80|4,40|1,22|3,28
2014-06-11 20:31:56,278|53,0|46,9|0,0|995|391|604|0,80|4,40|0,58|1,72
2014-06-11 20:32:02,435|52,0|46,0|0,0|995|395|600|0,80|4,40|0,00|0,00
2014-06-11 20:32:08,528|50,0|50,0|0,0|995|394|600|0,80|4,40|0,19|0,51
2014-06-11 20:32:14,651|48,0|52,0|0,0|995|397|598|0,80|4,40|0,75|0,00
2014-06-11 20:32:20,761|46,9|53,0|0,0|995|398|597|0,80|4,40|0,00|0,00
2014-06-11 20:32:26,863|50,9|49,0|0,0|995|402|592|0,80|4,40|0,00|0,00
2014-06-11 20:32:32,970|48,9|51,0|0,0|995|406|589|0,80|4,40|0,76|0,00
2014-06-11 20:32:39,082|49,0|50,9|0,0|995|406|589|0,80|4,40|0,00|0,00
2014-06-11 20:32:45,218|46,0|54,0|0,0|995|409|586|0,80|4,40|3,60|0,06
2014-06-11 20:32:51,326|50,0|50,0|0,0|995|408|587|0,80|4,40|0,00|0,00
2014-06-11 20:32:57,439|48,0|52,0|0,0|995|407|588|0,80|4,40|0,00|0,00
2014-06-11 20:33:03,547|46,9|53,0|0,0|995|403|592|0,80|4,40|0,00|0,00
2014-06-11 20:33:09,691|52,0|48,0|0,0|995|397|597|0,80|4,40|0,00|0,00
2014-06-11 20:33:15,791|50,9|49,0|0,0|995|391|603|0,80|4,40|0,00|0,00
2014-06-11 20:33:21,895|52,0|48,0|0,0|995|388|607|0,80|4,41|1,22|3,28
2014-06-11 20:33:27,744|0,0|0,0|100,0|995|384|611|0,80|4,41|0,00|0,00
2014-06-11 20:33:33,246|0,0|0,0|100,0|995|384|611|0,80|4,41|0,88|0,84
2014-06-11 20:33:39,024|82,0|0,0|18,0|995|383|611|0,80|4,41|1,25|1,59
2014-06-11 20:33:44,962|50,0|50,0|0,0|995|387|608|0,80|4,41|1,96|2,63
2014-06-11 20:33:51,063|50,9|49,0|0,0|995|398|596|0,80|4,41|0,74|0,27
2014-06-11 20:33:57,171|52,0|48,0|0,0|995|391|604|0,80|4,41|1,04|0,41
2014-06-11 20:34:03,287|48,0|52,0|0,0|995|414|580|0,80|4,41|0,00|0,00
2014-06-11 20:34:09,379|46,0|54,0|0,0|995|411|584|0,80|4,41|0,00|0,00
2014-06-11 20:34:15,495|50,0|50,0|0,0|995|401|594|0,80|4,41|0,69|0,57
2014-06-11 20:34:21,613|44,0|56,0|0,0|995|422|573|0,79|4,41|0,09|0,00
2014-06-11 20:34:27,718|51,0|48,9|0,0|995|414|581|0,79|4,41|0,06|0,06
2014-06-11 20:34:33,803|52,0|48,0|0,0|995|416|578|0,79|4,41|0,00|0,00
2014-06-11 20:34:39,934|44,0|56,0|0,0|995|418|577|0,79|4,41|0,00|0,00
2014-06-11 20:34:46,154|50,0|50,0|0,0|995|418|577|0,79|4,41|0,19|0,57
2014-06-11 20:34:52,283|50,0|50,0|0,0|995|409|586|0,79|4,41|0,13|0,13
2014-06-11 20:34:58,379|50,9|49,0|0,0|995|407|588|0,79|4,41|1,13|2,55
2014-06-11 20:35:04,495|52,0|48,0|0,0|995|412|583|0,79|4,41|0,00|0,00
2014-06-11 20:35:10,615|57,1|42,8|0,0|995|413|582|0,79|4,41|0,11|0,51
2014-06-11 20:35:16,711|100,0|0,0|0,0|995|405|590|0,79|4,41|0,35|0,14
2014-06-11 20:35:22,497|100,0|0,0|0,0|995|397|598|0,79|4,41|0,73|1,22
2014-06-11 20:35:28,133|22,4|0,0|77,5|995|393|602|0,79|4,41|0,54|0,71
2014-06-11 20:35:33,965|57,9|42,0|0,0|995|395|600|0,79|4,41|3,69|11,34
2014-06-11 20:35:40,093|52,0|48,0|0,0|995|406|589|0,79|4,41|0,70|0,00
2014-06-11 20:35:46,203|53,0|46,9|0,0|995|396|598|0,79|4,41|4,48|10,94
2014-06-11 20:35:52,303|46,0|54,0|0,0|995|407|588|0,79|4,41|0,41|0,00
2014-06-11 20:35:58,411|48,0|52,0|0,0|995|401|593|0,79|4,42|0,00|0,00
2014-06-11 20:36:04,543|50,0|50,0|0,0|995|405|590|0,79|4,42|5,16|102,94
2014-06-11 20:36:10,627|48,0|52,0|0,0|995|413|582|0,79|4,42|0,00|0,00
2014-06-11 20:36:16,773|49,0|50,9|0,0|995|416|579|0,79|4,42|3,32|102,92
2014-06-11 20:36:22,881|50,0|50,0|0,0|995|416|579|0,79|4,42|4,54|11,35
2014-06-11 20:36:28,975|45,0|54,9|0,0|995|414|580|0,79|4,42|1,30|0,27
2014-06-11 20:36:35,070|52,0|48,0|0,0|995|418|577|0,79|4,42|5,17|11,85
2014-06-11 20:36:41,191|55,1|44,8|0,0|995|412|583|0,79|4,42|2,04|3,63
2014-06-11 20:36:47,118|98,0|2,0|0,0|995|402|592|0,79|4,42|5,95|14,23
2014-06-11 20:36:52,854|100,0|0,0|0,0|995|403|591|0,79|4,42|1,21|3,44
2014-06-11 20:36:58,624|100,0|0,0|0,0|995|404|591|0,79|4,42|0,58|1,72
2014-06-11 20:37:04,366|100,0|0,0|0,0|995|395|600|0,79|4,42|5,93|116,20
2014-06-11 20:37:10,003|0,0|0,0|100,0|995|392|603|0,79|4,42|0,00|0,00
2014-06-11 20:37:15,557|0,0|0,0|100,0|995|392|603|0,79|4,42|0,50|0,00
2014-06-11 20:37:21,122|0,0|0,0|100,0|995|392|603|0,79|4,42|0,00|0,00
2014-06-11 20:37:26,675|0,0|0,0|100,0|995|392|603|0,79|4,42|0,00|0,00
2014-06-11 20:37:32,227|0,0|0,0|100,0|995|391|604|0,79|4,42|0,00|0,00
2014-06-11 20:37:37,751|0,0|0,0|100,0|995|390|605|0,79|4,42|0,00|0,00
2014-06-11 20:37:43,259|0,0|0,0|100,0|995|390|605|0,79|4,42|0,00|0,00
2014-06-11 20:37:48,825|4,0|6,1|89,7|995|389|606|0,79|4,42|0,00|0,00
2014-06-11 20:37:54,362|0,0|0,0|100,0|995|387|607|0,79|4,42|0,00|0,00
2014-06-11 20:37:59,880|0,0|0,0|100,0|995|385|610|0,79|4,42|0,60|0,00
MV2===========================================
2014-06-11 20:25:39,728|0,0|0,0|100,0|995|286|709|1,10|0,19|0,00|0,00
2014-06-11 20:25:45,517|0,0|0,0|100,0|995|287|708|1,10|0,19|0,26|0,17
2014-06-11 20:25:51,022|0,0|0,0|100,0|995|285|710|1,10|0,19|0,12|0,00
2014-06-11 20:25:56,526|0,0|0,0|100,0|995|285|710|1,10|0,19|0,00|0,00
2014-06-11 20:26:02,035|0,0|0,0|100,0|995|285|710|1,10|0,19|0,06|0,00
2014-06-11 20:26:07,540|0,0|0,0|100,0|995|285|710|1,10|0,19|0,00|0,00
2014-06-11 20:26:13,042|0,0|0,0|100,0|995|285|710|1,10|0,19|0,00|0,00
2014-06-11 20:26:18,607|0,0|0,0|100,0|995|285|710|1,10|0,20|0,00|0,00
2014-06-11 20:26:24,140|0,0|0,0|100,0|995|285|710|1,10|0,20|0,00|0,00
2014-06-11 20:26:29,654|0,0|0,0|100,0|995|285|710|1,10|0,20|0,00|0,00
2014-06-11 20:26:35,159|0,0|0,0|100,0|995|285|710|1,10|0,20|0,00|0,00
2014-06-11 20:26:40,664|0,0|0,0|100,0|995|285|710|1,10|0,20|0,00|0,00
2014-06-11 20:26:46,222|0,0|0,0|100,0|995|285|710|1,10|0,20|4,55|4,33
2014-06-11 20:26:51,759|4,0|4,0|92,0|995|285|709|1,10|0,20|0,06|0,00
2014-06-11 20:26:57,284|0,0|0,0|100,0|995|285|710|1,10|0,20|1,61|0,30
2014-06-11 20:27:02,815|0,0|0,0|100,0|995|285|709|1,10|0,20|6,04|4,25
2014-06-11 20:27:08,368|0,0|0,0|100,0|995|285|709|1,10|0,20|0,12|0,06
2014-06-11 20:27:13,873|0,0|0,0|100,0|995|285|709|1,10|0,20|0,75|0,00
2014-06-11 20:27:19,373|0,0|0,0|100,0|995|285|709|1,10|0,20|1,36|1,00
2014-06-11 20:27:24,900|0,0|0,0|100,0|995|283|712|1,10|0,20|0,00|0,00
2014-06-11 20:27:30,415|0,0|0,0|100,0|995|283|712|1,10|0,20|0,00|0,00
2014-06-11 20:27:35,914|0,0|0,0|100,0|995|283|712|1,10|0,20|0,00|0,00
2014-06-11 20:27:41,423|0,0|0,0|100,0|995|283|712|1,10|0,20|0,00|0,00
2014-06-11 20:27:46,995|0,0|0,0|100,0|995|283|712|1,10|0,20|0,00|0,00
2014-06-11 20:27:52,522|0,0|0,0|100,0|995|283|712|1,10|0,20|0,06|0,00
2014-06-11 20:27:58,006|0,0|0,0|100,0|995|283|712|1,10|0,20|5,09|5,33
2014-06-11 20:28:03,531|8,0|4,0|88,0|995|283|712|1,10|0,20|0,00|0,00
2014-06-11 20:28:09,037|1,9|0,0|98,0|995|283|712|1,10|0,20|1,61|0,37
2014-06-11 20:28:14,577|0,0|0,0|100,0|995|283|712|1,10|0,20|5,71|4,21
2014-06-11 20:28:20,122|0,0|0,0|100,0|995|283|712|1,10|0,20|0,06|0,06
2014-06-11 20:28:25,651|0,0|0,0|100,0|995|283|712|1,10|0,20|0,00|0,00
2014-06-11 20:28:31,167|0,0|0,0|100,0|995|283|712|1,10|0,20|0,00|0,00
2014-06-11 20:28:36,710|0,0|0,0|100,0|995|283|712|1,10|0,20|0,00|0,00
2014-06-11 20:28:42,254|0,0|0,0|100,0|995|283|712|1,10|0,20|0,76|0,00
2014-06-11 20:28:48,117|0,0|0,0|100,0|995|283|712|1,10|0,20|2,05|0,06
2014-06-11 20:28:53,649|0,0|0,0|100,0|995|283|712|1,10|0,20|0,41|0,00
2014-06-11 20:28:59,201|0,0|0,0|100,0|995|283|711|1,10|0,20|0,00|0,00
2014-06-11 20:29:04,675|1,9|0,0|98,0|995|285|709|1,10|0,20|0,00|0,00
2014-06-11 20:29:10,275|4,0|4,0|91,8|995|285|709|1,10|0,20|0,00|0,00
2014-06-11 20:29:15,792|0,0|0,0|100,0|995|285|709|1,10|0,20|0,00|0,00
2014-06-11 20:29:21,320|0,0|0,0|100,0|995|285|709|1,10|0,21|4,61|6,39
2014-06-11 20:29:26,863|0,0|0,0|100,0|995|287|708|1,10|0,21|4,59|4,21
2014-06-11 20:29:32,406|0,0|0,0|100,0|995|287|708|1,10|0,21|1,61|0,30
2014-06-11 20:29:37,996|0,0|0,0|96,0|995|287|707|1,10|0,21|4,89|4,21
2014-06-11 20:29:43,531|0,0|0,0|100,0|995|287|707|1,10|0,21|0,00|0,00
2014-06-11 20:29:49,104|0,0|0,0|100,0|995|287|707|1,10|0,21|0,06|0,00
2014-06-11 20:29:54,642|0,0|0,0|96,0|995|287|707|1,10|0,21|0,00|0,00
2014-06-11 20:30:00,132|0,0|0,0|100,0|995|287|707|1,10|0,21|0,43|0,68
2014-06-11 20:30:06,080|50,0|50,0|0,0|995|320|675|1,10|0,21|0,00|0,00
2014-06-11 20:30:12,211|53,0|46,9|0,0|995|325|669|1,10|0,21|0,00|0,00
2014-06-11 20:30:18,288|52,0|48,0|0,0|995|329|666|1,10|0,21|0,00|0,00
2014-06-11 20:30:24,379|47,0|52,9|0,0|995|326|669|1,10|0,21|0,00|0,00
2014-06-11 20:30:30,519|50,0|50,0|0,0|995|329|665|1,10|0,21|0,00|0,00
2014-06-11 20:30:36,616|47,0|52,9|0,0|995|328|666|1,10|0,21|0,00|0,00
2014-06-11 20:30:42,752|48,9|51,0|0,0|995|329|665|1,10|0,21|0,00|0,00
2014-06-11 20:30:48,828|54,0|46,0|0,0|995|328|667|1,10|0,21|0,00|0,00
2014-06-11 20:30:54,922|48,0|52,0|0,0|995|329|666|1,10|0,21|0,00|0,00
2014-06-11 20:31:01,014|52,0|48,0|0,0|995|331|664|1,10|0,21|0,00|0,00
2014-06-11 20:31:07,091|51,0|48,9|0,0|995|328|667|1,10|0,21|0,00|0,00
2014-06-11 20:31:13,168|100,0|0,0|0,0|995|322|673|1,10|0,21|1,46|0,00
2014-06-11 20:31:18,988|86,0|0,0|14,0|995|320|675|1,10|0,21|0,54|0,71
2014-06-11 20:31:24,692|0,0|0,0|100,0|995|320|675|1,10|0,21|1,64|0,71
2014-06-11 20:31:30,450|51,0|2,0|46,9|995|320|675|1,10|0,22|0,54|0,68
2014-06-11 20:31:35,979|81,6|0,0|18,3|995|320|675|1,10|0,22|0,54|0,64
2014-06-11 20:31:41,685|49,0|50,9|0,0|995|322|673|1,10|0,22|0,06|0,00
2014-06-11 20:31:47,844|50,9|49,0|0,0|995|330|665|1,10|0,22|0,00|0,00
2014-06-11 20:31:53,981|52,0|48,0|0,0|995|327|667|1,10|0,22|0,00|0,00
2014-06-11 20:32:00,053|50,0|50,0|0,0|995|334|661|1,10|0,22|0,00|0,00
2014-06-11 20:32:06,236|52,0|48,0|0,0|995|333|662|1,10|0,22|0,00|0,00
2014-06-11 20:32:12,324|50,0|50,0|0,0|995|335|660|1,10|0,22|0,00|0,00
2014-06-11 20:32:18,443|46,0|54,0|0,0|995|336|659|1,10|0,22|0,95|5,95
2014-06-11 20:32:24,547|52,0|48,0|0,0|995|338|657|1,10|0,22|0,00|0,00
2014-06-11 20:32:30,640|48,0|52,0|0,0|995|336|658|1,10|0,22|6,41|8,67
2014-06-11 20:32:36,735|54,0|46,0|0,0|995|334|660|1,10|0,22|0,00|0,00
2014-06-11 20:32:42,811|51,0|48,9|0,0|995|330|665|1,10|0,22|4,48|8,81
2014-06-11 20:32:48,888|64,0|36,0|0,0|995|329|665|1,10|0,22|0,71|1,50
2014-06-11 20:32:54,813|0,0|0,0|100,0|995|322|673|1,10|0,22|1,83|2,53
2014-06-11 20:33:00,407|0,0|0,0|100,0|995|322|673|1,10|0,22|4,66|29,59
2014-06-11 20:33:05,924|0,0|0,0|100,0|995|322|673|1,10|0,22|0,00|0,00
2014-06-11 20:33:11,446|0,0|0,0|100,0|995|322|673|1,10|0,22|4,66|29,65
2014-06-11 20:33:17,012|0,0|0,0|100,0|995|322|673|1,10|0,23|0,00|0,00
2014-06-11 20:33:22,540|0,0|0,0|100,0|995|321|673|1,10|0,23|0,00|0,00
2014-06-11 20:33:28,052|0,0|0,0|100,0|995|319|675|1,10|0,23|0,00|0,00
2014-06-11 20:33:33,551|0,0|0,0|100,0|995|319|676|1,10|0,23|1,08|1,42
2014-06-11 20:33:39,256|72,5|1,9|25,4|995|319|676|1,10|0,23|1,08|1,41
2014-06-11 20:33:45,135|50,9|49,0|0,0|995|322|673|1,10|0,23|1,19|0,27
2014-06-11 20:33:51,296|52,0|48,0|0,0|995|323|671|1,10|0,23|0,93|0,85
2014-06-11 20:33:57,395|56,0|44,0|0,0|995|338|657|1,10|0,23|0,00|0,00
2014-06-11 20:34:03,508|48,0|52,0|0,0|995|327|668|1,10|0,23|0,00|0,00
2014-06-11 20:34:09,610|50,9|49,0|0,0|995|332|663|1,10|0,23|0,00|0,00
2014-06-11 20:34:15,788|46,0|54,0|0,0|995|338|657|1,10|0,23|0,50|0,00
2014-06-11 20:34:21,893|48,0|52,0|0,0|995|344|651|1,10|0,23|0,09|0,00
2014-06-11 20:34:27,991|46,0|54,0|0,0|995|346|649|1,10|0,23|0,00|0,00
2014-06-11 20:34:34,083|47,0|52,9|0,0|995|347|647|1,10|0,23|0,00|0,00
2014-06-11 20:34:40,185|52,0|48,0|0,0|995|345|650|1,10|0,23|0,00|0,00
2014-06-11 20:34:46,259|48,0|52,0|0,0|995|347|647|1,10|0,23|0,00|0,00
2014-06-11 20:34:52,339|49,0|50,9|0,0|995|346|649|1,10|0,23|0,35|0,14
2014-06-11 20:34:58,429|56,0|44,0|0,0|995|345|650|1,10|0,23|0,60|0,00
2014-06-11 20:35:04,521|100,0|0,0|0,0|995|336|658|1,10|0,23|0,58|1,72
2014-06-11 20:35:10,273|2,0|0,0|98,0|995|330|665|1,10|0,24|0,00|0,00
2014-06-11 20:35:15,801|17,6|0,0|82,3|995|329|665|1,10|0,24|1,03|0,64
2014-06-11 20:35:21,485|62,0|0,0|38,0|995|329|665|1,10|0,24|5,42|11,64
2014-06-11 20:35:27,310|89,7|4,0|6,1|995|329|666|1,10|0,24|0,54|0,71
2014-06-11 20:35:33,170|37,2|0,0|62,7|995|329|666|1,10|0,24|0,54|0,71
2014-06-11 20:35:38,873|54,0|46,0|0,0|995|331|664|1,10|0,24|4,98|48,63
2014-06-11 20:35:45,004|46,0|54,0|0,0|995|332|662|1,10|0,24|0,50|0,00
2014-06-11 20:35:51,105|48,0|52,0|0,0|995|347|648|1,10|0,24|0,00|0,00
2014-06-11 20:35:57,219|51,0|48,9|0,0|995|344|650|1,10|0,24|0,04|0,00
2014-06-11 20:36:03,317|48,0|52,0|0,0|995|369|626|1,10|0,24|0,00|0,00
2014-06-11 20:36:09,493|48,9|51,0|0,0|995|361|634|1,10|0,24|0,00|0,00
2014-06-11 20:36:15,581|48,0|52,0|0,0|995|351|644|1,10|0,24|0,50|0,00
2014-06-11 20:36:21,715|54,0|46,0|0,0|995|349|645|1,10|0,24|0,06|0,06
2014-06-11 20:36:27,821|55,1|44,8|0,0|995|347|648|1,10|0,24|5,67|55,80
2014-06-11 20:36:33,917|50,0|50,0|0,0|995|349|645|1,10|0,24|0,69|0,27
2014-06-11 20:36:40,011|52,9|47,0|0,0|995|347|647|1,10|0,24|5,61|57,49
2014-06-11 20:36:46,099|52,9|47,0|0,0|995|362|633|1,10|0,24|1,19|0,27
2014-06-11 20:36:52,215|53,0|46,9|0,0|995|353|642|1,10|0,25|5,44|61,20
2014-06-11 20:36:58,321|100,0|0,0|0,0|995|348|647|1,10|0,25|0,19|0,65
2014-06-11 20:37:04,076|98,0|0,0|0,0|995|345|649|1,10|0,25|5,82|62,77
2014-06-11 20:37:09,819|100,0|0,0|0,0|995|341|653|1,10|0,25|0,19|0,57
2014-06-11 20:37:15,597|1,9|0,0|90,1|995|335|660|1,10|0,25|0,50|0,00
2014-06-11 20:37:21,154|0,0|0,0|100,0|995|334|661|1,10|0,25|0,00|0,00
2014-06-11 20:37:26,676|0,0|0,0|98,0|995|334|661|1,10|0,25|0,00|0,00
2014-06-11 20:37:32,231|0,0|0,0|100,0|995|334|661|1,10|0,25|0,00|0,00
2014-06-11 20:37:37,783|0,0|0,0|95,9|995|334|661|1,10|0,25|0,00|0,00
2014-06-11 20:37:43,305|0,0|0,0|100,0|995|332|663|1,10|0,25|0,00|0,00
2014-06-11 20:37:48,892|6,1|4,0|87,7|995|332|663|1,10|0,25|0,00|0,00
2014-06-11 20:37:54,441|0,0|0,0|100,0|995|330|665|1,10|0,25|0,00|0,00
2014-06-11 20:38:00,008|0,0|0,0|100,0|995|329|665|1,10|0,25|0,00|0,00
MV3===========================================
2014-06-11 20:25:50,090|0,0|0,0|100,0|995|303|692|1,21|0,19|0,00|0,00
2014-06-11 20:25:55,908|0,0|0,0|100,0|995|302|692|1,21|0,19|0,00|0,00
2014-06-11 20:26:01,436|0,0|0,0|100,0|995|302|692|1,21|0,19|1,35|0,00
2014-06-11 20:26:06,946|0,0|0,0|100,0|995|302|692|1,21|0,19|0,12|0,00
2014-06-11 20:26:12,445|0,0|0,0|100,0|995|302|692|1,21|0,19|0,00|0,00
2014-06-11 20:26:17,946|0,0|0,0|100,0|995|302|692|1,21|0,19|0,00|0,00
2014-06-11 20:26:23,445|0,0|0,0|100,0|995|302|692|1,21|0,20|1,46|0,00
2014-06-11 20:26:28,941|0,0|0,0|100,0|995|302|692|1,21|0,20|0,00|0,00
2014-06-11 20:26:34,450|0,0|0,0|100,0|995|302|692|1,21|0,20|0,00|0,00
2014-06-11 20:26:39,946|0,0|0,0|100,0|995|302|692|1,21|0,20|0,00|0,00
2014-06-11 20:26:45,446|0,0|0,0|100,0|995|302|692|1,21|0,20|0,00|0,00
2014-06-11 20:26:50,952|0,0|0,0|100,0|995|302|692|1,21|0,20|0,00|0,00
2014-06-11 20:26:56,455|0,0|0,0|100,0|995|302|692|1,21|0,20|0,00|0,00
2014-06-11 20:27:01,955|2,0|0,0|98,0|995|302|692|1,21|0,20|1,99|0,00
2014-06-11 20:27:07,522|0,0|0,0|100,0|995|302|692|1,21|0,20|0,18|0,00
2014-06-11 20:27:13,050|4,0|6,1|89,7|995|302|692|1,21|0,20|0,00|0,00
2014-06-11 20:27:18,578|2,0|4,0|93,8|995|302|692|1,21|0,20|0,00|0,00
2014-06-11 20:27:24,086|0,0|0,0|100,0|995|302|692|1,21|0,20|5,88|4,76
2014-06-11 20:27:29,597|0,0|0,0|100,0|995|302|692|1,21|0,20|4,46|4,30
2014-06-11 20:27:35,163|0,0|0,0|100,0|995|302|692|1,21|0,20|0,00|0,00
2014-06-11 20:27:40,693|0,0|0,0|100,0|995|302|692|1,21|0,20|0,00|0,00
2014-06-11 20:27:46,255|0,0|0,0|100,0|995|302|692|1,21|0,20|0,75|0,00
2014-06-11 20:27:51,800|0,0|0,0|100,0|995|302|692|1,21|0,20|0,24|0,00
2014-06-11 20:27:57,326|0,0|0,0|100,0|995|302|692|1,21|0,20|0,00|0,00
2014-06-11 20:28:02,893|0,0|0,0|100,0|995|303|692|1,21|0,20|0,00|0,00
2014-06-11 20:28:08,418|0,0|0,0|100,0|995|302|692|1,21|0,20|0,00|0,00
2014-06-11 20:28:13,938|0,0|0,0|100,0|995|305|690|1,21|0,20|0,00|0,00
2014-06-11 20:28:19,461|2,0|0,0|98,0|995|305|690|1,21|0,20|0,00|0,00
2014-06-11 20:28:24,967|2,0|4,0|94,0|995|305|690|1,21|0,20|0,00|0,00
2014-06-11 20:28:30,488|0,0|0,0|100,0|995|304|690|1,21|0,20|0,60|0,00
2014-06-11 20:28:36,048|0,0|0,0|100,0|995|305|690|1,21|0,20|4,48|5,74
2014-06-11 20:28:41,566|0,0|0,0|100,0|995|306|689|1,21|0,20|2,86|4,06
2014-06-11 20:28:47,078|0,0|0,0|100,0|995|305|690|1,21|0,20|1,26|0,00
2014-06-11 20:28:52,589|0,0|0,0|100,0|995|305|690|1,21|0,20|0,70|0,00
2014-06-11 20:28:58,138|0,0|0,0|100,0|995|305|690|1,21|0,20|0,06|0,06
2014-06-11 20:29:03,669|0,0|0,0|100,0|995|305|690|1,21|0,20|0,00|0,00
2014-06-11 20:29:09,182|0,0|0,0|100,0|995|305|690|1,21|0,20|0,00|0,00
2014-06-11 20:29:14,694|0,0|0,0|100,0|995|305|690|1,21|0,20|0,00|0,00
2014-06-11 20:29:20,220|0,0|0,0|100,0|995|305|690|1,21|0,21|0,06|0,00
2014-06-11 20:29:25,763|0,0|0,0|100,0|995|305|690|1,21|0,21|0,00|0,00
2014-06-11 20:29:31,305|0,0|0,0|100,0|995|305|690|1,21|0,21|0,60|0,00
2014-06-11 20:29:36,810|0,0|0,0|100,0|995|304|690|1,21|0,21|0,00|0,00
2014-06-11 20:29:42,322|2,0|0,0|98,0|995|304|690|1,21|0,21|0,00|0,00
2014-06-11 20:29:47,906|4,0|4,0|92,0|995|305|690|1,21|0,21|0,50|0,00
2014-06-11 20:29:53,419|2,0|6,0|92,0|995|304|690|1,21|0,21|0,00|0,00
2014-06-11 20:29:58,951|0,0|0,0|100,0|995|305|690|1,21|0,21|4,48|6,71
2014-06-11 20:30:04,452|0,0|0,0|100,0|995|305|690|1,21|0,21|4,46|4,37
2014-06-11 20:30:10,005|0,0|0,0|100,0|995|305|690|1,21|0,21|0,00|0,00
2014-06-11 20:30:15,539|0,0|0,0|100,0|995|305|690|1,21|0,21|0,00|0,00
2014-06-11 20:30:21,093|0,0|0,0|100,0|995|305|690|1,21|0,21|0,43|0,61
2014-06-11 20:30:26,841|90,0|10,0|0,0|995|334|661|1,21|0,21|0,00|0,00
2014-06-11 20:30:32,587|84,3|15,6|0,0|995|339|655|1,21|0,21|0,00|0,00
2014-06-11 20:30:38,311|89,7|10,2|0,0|995|340|655|1,21|0,21|0,00|0,00
2014-06-11 20:30:44,045|92,0|8,0|0,0|995|349|646|1,21|0,21|0,00|0,00
2014-06-11 20:30:49,790|94,0|6,0|0,0|995|346|648|1,21|0,21|0,00|0,00
2014-06-11 20:30:55,523|90,0|10,0|0,0|995|343|651|1,21|0,21|0,00|0,00
2014-06-11 20:31:01,291|56,0|0,0|44,0|995|335|660|1,21|0,21|0,60|0,00
2014-06-11 20:31:06,976|1,9|5,8|92,1|995|335|660|1,21|0,21|0,06|0,00
2014-06-11 20:31:12,544|4,0|6,1|89,7|995|335|660|1,21|0,21|0,15|0,00
2014-06-11 20:31:18,080|0,0|0,0|100,0|995|335|660|1,21|0,21|3,77|0,00
2014-06-11 20:31:23,653|80,0|0,0|20,0|995|335|660|1,21|0,21|5,13|16,36
2014-06-11 20:31:29,297|3,9|0,0|96,0|995|336|659|1,21|0,21|0,60|0,75
2014-06-11 20:31:35,053|92,0|8,0|0,0|995|337|657|1,21|0,22|0,60|0,71
2014-06-11 20:31:40,860|95,9|4,0|0,0|995|343|652|1,21|0,22|0,35|0,14
2014-06-11 20:31:46,615|90,0|8,0|0,0|995|346|648|1,21|0,22|0,75|0,00
2014-06-11 20:31:52,368|90,0|10,0|0,0|995|343|652|1,21|0,22|0,06|0,00
2014-06-11 20:31:58,120|91,8|8,1|0,0|995|357|637|1,21|0,22|0,00|0,00
2014-06-11 20:32:03,859|92,0|8,0|0,0|995|351|643|1,21|0,22|0,00|0,00
2014-06-11 20:32:09,584|94,1|5,8|0,0|995|345|650|1,21|0,22|0,00|0,00
2014-06-11 20:32:15,327|93,8|6,1|0,0|995|342|653|1,21|0,22|1,29|3,28
2014-06-11 20:32:21,066|85,7|14,2|0,0|995|338|657|1,21|0,22|0,35|0,14
2014-06-11 20:32:26,853|88,0|12,0|0,0|995|344|651|1,21|0,22|0,54|0,71
2014-06-11 20:32:32,596|91,8|8,1|0,0|995|343|652|1,21|0,22|4,83|8,79
2014-06-11 20:32:38,336|92,0|8,0|0,0|995|346|649|1,21|0,22|5,00|33,60
2014-06-11 20:32:44,084|89,7|10,2|0,0|995|353|642|1,21|0,22|0,06|0,00
2014-06-11 20:32:49,821|96,0|4,0|0,0|995|348|646|1,21|0,22|5,11|36,72
2014-06-11 20:32:55,575|95,9|4,0|0,0|995|348|647|1,21|0,22|0,19|0,64
2014-06-11 20:33:01,312|92,1|5,8|0,0|995|343|652|1,21|0,22|1,96|3,28
2014-06-11 20:33:07,047|0,0|0,0|100,0|995|337|657|1,21|0,22|0,00|0,00
2014-06-11 20:33:12,582|0,0|0,0|100,0|995|337|657|1,21|0,22|0,00|0,00
2014-06-11 20:33:18,108|0,0|0,0|100,0|995|337|657|1,21|0,23|0,50|0,00
2014-06-11 20:33:23,676|0,0|0,0|100,0|995|337|657|1,21|0,23|0,00|0,00
2014-06-11 20:33:29,208|0,0|0,0|100,0|995|337|657|1,21|0,23|0,00|0,00
2014-06-11 20:33:34,724|1,9|0,0|98,0|995|337|657|1,21|0,23|0,00|0,00
2014-06-11 20:33:40,246|86,0|14,0|0,0|995|340|655|1,21|0,23|0,88|0,84
2014-06-11 20:33:46,068|94,0|6,0|0,0|995|341|654|1,21|0,23|0,06|0,00
2014-06-11 20:33:51,879|57,9|42,0|0,0|995|360|634|1,21|0,23|0,00|0,00
2014-06-11 20:33:57,604|92,0|8,0|0,0|995|344|650|1,21|0,23|0,00|0,00
2014-06-11 20:34:03,331|94,0|6,0|0,0|995|371|624|1,21|0,23|0,00|0,00
2014-06-11 20:34:09,109|80,0|20,0|0,0|995|357|637|1,21|0,23|0,95|0,00
2014-06-11 20:34:14,817|80,0|20,0|0,0|995|348|647|1,21|0,23|0,00|0,00
2014-06-11 20:34:20,584|94,1|5,8|0,0|995|345|650|1,21|0,23|5,77|13,28
2014-06-11 20:34:26,330|3,8|3,8|92,3|995|339|656|1,21|0,23|0,00|0,00
2014-06-11 20:34:31,922|0,0|0,0|100,0|995|339|656|1,21|0,23|0,00|0,00
2014-06-11 20:34:37,378|0,0|0,0|100,0|995|339|656|1,21|0,23|0,00|0,00
2014-06-11 20:34:42,932|0,0|0,0|100,0|995|339|656|1,21|0,23|0,00|0,00
2014-06-11 20:34:48,449|0,0|0,0|100,0|995|339|656|1,21|0,23|0,00|0,00
2014-06-11 20:34:53,982|0,0|0,0|100,0|995|339|656|1,21|0,23|0,00|0,00
2014-06-11 20:34:59,487|2,0|4,0|94,0|995|338|656|1,21|0,23|0,00|0,00
2014-06-11 20:35:05,064|0,0|0,0|100,0|995|336|659|1,21|0,23|0,06|0,00
2014-06-11 20:35:10,584|0,0|0,0|100,0|995|336|659|1,21|0,23|4,54|10,68
2014-06-11 20:35:16,165|0,0|0,0|100,0|995|336|659|1,21|0,24|5,64|55,91
2014-06-11 20:35:21,694|70,5|0,0|29,4|995|335|659|1,21|0,24|0,54|0,71
2014-06-11 20:35:27,351|42,0|0,0|57,9|995|335|659|1,21|0,24|0,54|0,71
2014-06-11 20:35:32,946|66,6|3,9|29,4|995|335|660|1,21|0,24|1,08|1,35
2014-06-11 20:35:38,834|0,0|0,0|100,0|995|335|660|1,21|0,24|1,23|0,00
2014-06-11 20:35:44,375|1,9|0,0|98,0|995|335|660|1,21|0,24|0,53|0,00
2014-06-11 20:35:49,906|2,0|4,0|94,0|995|335|660|1,21|0,24|4,04|0,06
2014-06-11 20:35:55,427|4,0|2,0|94,0|995|335|660|1,21|0,24|0,00|0,00
2014-06-11 20:36:00,965|0,0|0,0|100,0|995|335|660|1,21|0,24|0,00|0,00
2014-06-11 20:36:06,472|0,0|0,0|100,0|995|335|660|1,21|0,24|0,06|0,06
2014-06-11 20:36:12,044|0,0|0,0|100,0|995|335|660|1,21|0,24|0,00|0,00
2014-06-11 20:36:17,552|0,0|0,0|100,0|995|335|660|1,21|0,24|0,00|0,00
2014-06-11 20:36:23,083|0,0|0,0|100,0|995|335|660|1,21|0,24|0,00|0,00
2014-06-11 20:36:28,599|0,0|0,0|100,0|995|335|660|1,21|0,24|0,00|0,00
2014-06-11 20:36:34,112|0,0|2,0|98,0|995|335|660|1,21|0,24|0,00|0,00
2014-06-11 20:36:39,612|2,0|0,0|98,0|995|335|660|1,21|0,24|0,06|0,00
2014-06-11 20:36:45,197|0,0|0,0|100,0|995|335|660|1,21|0,24|0,00|0,00
2014-06-11 20:36:50,723|4,0|8,0|88,0|995|335|660|1,21|0,24|0,00|0,00
2014-06-11 20:36:56,235|0,0|0,0|100,0|995|335|660|1,21|0,24|0,00|0,00
2014-06-11 20:37:01,762|0,0|0,0|100,0|995|335|660|1,21|0,24|5,09|12,04
2014-06-11 20:37:07,318|0,0|0,0|100,0|995|334|660|1,21|0,24|4,91|57,68
2014-06-11 20:37:12,842|0,0|0,0|100,0|995|334|660|1,21|0,24|0,70|0,00
2014-06-11 20:37:18,460|0,0|0,0|100,0|995|334|660|1,21|0,24|0,50|0,00
2014-06-11 20:37:24,019|0,0|0,0|100,0|995|334|660|1,21|0,24|0,00|0,00
2014-06-11 20:37:29,570|0,0|0,0|100,0|995|334|660|1,21|0,24|0,00|0,00
2014-06-11 20:37:35,091|0,0|0,0|100,0|995|334|660|1,21|0,24|0,00|0,00
2014-06-11 20:37:40,599|0,0|0,0|100,0|995|334|660|1,21|0,24|0,06|0,00
2014-06-11 20:37:46,098|0,0|0,0|100,0|995|334|660|1,21|0,24|0,00|0,00
2014-06-11 20:37:51,612|0,0|0,0|100,0|995|334|660|1,21|0,24|0,00|0,00
2014-06-11 20:37:57,111|0,0|0,0|100,0|995|334|660|1,21|0,24|0,00|0,00
2014-06-11 20:38:02,687|0,0|0,0|100,0|995|334|660|1,21|0,25|0,00|0,00
MV4===========================================
2014-06-11 20:26:14,443|1,9|0,0|98,0|1678|1107|570|0,92|14,71|0,38|0,44
2014-06-11 20:26:20,219|1,9|0,0|98,0|1678|1107|570|0,92|14,71|0,82|0,63
2014-06-11 20:26:26,029|0,0|1,9|98,0|1678|1106|572|0,92|14,71|0,25|0,33
2014-06-11 20:26:31,844|0,0|0,0|93,8|1678|1105|572|0,92|14,71|0,89|0,69
2014-06-11 20:26:37,632|0,0|0,0|100,0|1678|1106|572|0,92|14,71|0,40|1,14
2014-06-11 20:26:43,491|1,9|1,9|96,0|1678|1105|572|0,92|14,71|0,68|1,14
2014-06-11 20:26:49,314|0,0|2,0|98,0|1678|1106|572|0,92|14,71|0,00|0,00
2014-06-11 20:26:55,148|0,0|0,0|100,0|1678|1107|570|0,92|14,70|0,60|0,45
2014-06-11 20:27:01,175|1,9|0,0|98,0|1678|1107|570|0,92|14,70|1,30|1,65
2014-06-11 20:27:07,056|0,0|2,0|98,0|1678|1108|570|0,92|14,70|0,51|1,15
2014-06-11 20:27:13,018|0,0|0,0|100,0|1678|1108|569|0,92|14,70|1,15|2,40
2014-06-11 20:27:18,990|6,1|4,0|89,7|1678|1107|570|0,92|14,70|1,52|2,17
2014-06-11 20:27:24,772|0,0|0,0|100,0|1678|1108|569|0,92|14,70|0,78|0,38
2014-06-11 20:27:30,857|30,0|14,0|56,0|1678|1108|570|0,92|14,70|0,86|3,65
2014-06-11 20:27:36,672|2,0|0,0|98,0|1678|1108|570|0,92|14,70|0,93|0,44
2014-06-11 20:27:42,828|31,3|15,6|52,9|1678|1108|570|0,92|14,70|0,71|2,01
2014-06-11 20:27:48,631|3,9|3,9|92,1|1678|1107|570|0,92|14,70|1,42|3,11
2014-06-11 20:27:54,776|17,6|7,8|74,5|1678|1108|570|0,92|14,70|0,48|1,80
2014-06-11 20:28:00,557|0,0|0,0|100,0|1678|1108|569|0,92|14,70|1,16|0,81
2014-06-11 20:28:06,671|24,0|10,0|66,0|1678|1107|570|0,92|14,70|1,18|3,39
2014-06-11 20:28:12,527|0,0|0,0|95,9|1678|1108|569|0,92|14,70|0,78|0,38
2014-06-11 20:28:18,657|17,3|7,6|75,0|1678|1107|570|0,92|14,70|1,39|4,95
2014-06-11 20:28:24,521|0,0|1,9|98,0|1678|1108|569|0,92|14,70|0,78|0,38
2014-06-11 20:28:30,595|14,2|4,0|81,6|1678|1108|570|0,92|14,70|0,40|2,37
2014-06-11 20:28:36,456|2,0|2,0|96,0|1678|1107|570|0,92|14,70|1,39|1,52
2014-06-11 20:28:42,473|20,0|8,0|72,0|1678|1107|570|0,92|14,70|1,49|3,90
2014-06-11 20:28:48,246|1,9|1,9|96,1|1678|1108|569|0,92|14,70|1,59|2,53
2014-06-11 20:28:54,345|29,4|13,7|56,8|1678|1107|570|0,92|14,70|1,10|3,04
2014-06-11 20:29:00,185|0,0|1,9|98,0|1678|1106|571|0,92|14,70|1,47|3,15
2014-06-11 20:29:06,320|44,8|18,3|36,7|1678|1108|570|0,92|14,70|0,60|3,06
2014-06-11 20:29:12,168|0,0|1,9|98,0|1678|1108|569|0,92|14,70|0,83|13,28
2014-06-11 20:29:18,310|66,6|21,5|11,7|1678|1107|570|0,92|14,70|1,37|4,29
2014-06-11 20:29:24,079|0,0|0,0|100,0|1678|1108|569|0,92|14,70|0,76|13,16
2014-06-11 20:29:30,077|74,0|26,0|0,0|1678|1108|570|0,92|14,70|1,23|5,14
2014-06-11 20:29:35,866|1,9|1,9|96,0|1678|1107|570|0,92|14,70|1,59|13,86
2014-06-11 20:29:41,772|66,0|26,0|8,0|1678|1111|566|0,92|14,70|0,43|3,30
2014-06-11 20:29:47,620|1,9|1,9|96,1|1678|1108|569|0,92|14,70|1,94|16,28
2014-06-11 20:29:53,488|56,8|21,5|21,5|1678|1109|569|0,92|14,70|1,13|3,96
2014-06-11 20:29:59,393|2,0|0,0|98,0|1678|1108|569|0,92|14,70|0,87|13,31
2014-06-11 20:30:05,214|50,0|16,0|34,0|1678|1120|557|0,92|14,70|1,10|1,89
2014-06-11 20:30:11,062|10,0|6,0|84,0|1678|1108|569|0,92|14,70|1,02|13,37
2014-06-11 20:30:16,878|16,0|10,0|74,0|1678|1111|566|0,92|14,70|1,32|3,28
2014-06-11 20:30:22,696|46,1|19,2|34,6|1678|1107|570|0,92|14,70|2,01|15,07
2014-06-11 20:30:28,565|0,0|1,9|98,0|1678|1108|570|0,92|14,70|1,20|2,66
2014-06-11 20:30:34,428|60,7|19,6|19,6|1678|1107|570|0,92|14,70|1,66|14,16
2014-06-11 20:30:40,250|3,8|3,8|86,5|1678|1108|570|0,92|14,70|1,08|0,48
2014-06-11 20:30:46,026|70,5|23,5|5,8|1678|1113|564|0,92|14,70|4,80|20,88
2014-06-11 20:30:52,762|56,8|43,1|0,0|1678|1114|564|0,92|14,70|2,42|6,06
2014-06-11 20:31:00,168|54,9|45,0|0,0|1678|1114|563|0,92|14,70|1,85|1,85
2014-06-11 20:31:07,497|52,0|48,0|0,0|1678|1121|557|0,92|14,70|3,36|3,32
2014-06-11 20:31:14,844|53,0|46,9|0,0|1678|1124|554|0,92|14,70|1,71|1,51
2014-06-11 20:31:22,344|54,0|46,0|0,0|1678|1124|553|0,92|14,70|3,84|5,16
2014-06-11 20:31:29,793|54,0|46,0|0,0|1678|1125|552|0,92|14,70|5,83|23,76
2014-06-11 20:31:37,164|54,0|46,0|0,0|1678|1128|549|0,92|14,70|1,87|3,81
2014-06-11 20:31:44,638|54,0|46,0|0,0|1678|1125|553|0,92|14,70|1,92|1,57
2014-06-11 20:31:51,953|56,0|44,0|0,0|1678|1126|552|0,92|14,70|3,58|3,90
2014-06-11 20:31:59,450|54,0|46,0|0,0|1678|1131|546|0,92|14,70|2,88|4,20
2014-06-11 20:32:06,950|56,0|44,0|0,0|1678|1134|544|0,92|14,70|1,31|23,84
2014-06-11 20:32:14,278|56,8|43,1|0,0|1678|1130|547|0,92|14,70|4,45|6,47
2014-06-11 20:32:21,770|56,8|43,1|0,0|1678|1142|536|0,92|14,70|2,25|2,37
2014-06-11 20:32:29,158|57,9|42,0|0,0|1678|1141|536|0,92|14,70|1,52|1,32
2014-06-11 20:32:36,689|60,0|40,0|0,0|1678|1143|534|0,92|14,70|2,54|3,87
2014-06-11 20:32:44,157|60,7|39,2|0,0|1678|1142|536|0,92|14,70|3,25|30,17
2014-06-11 20:32:51,607|60,7|39,2|0,0|1678|1141|536|0,92|14,70|0,73|0,65
2014-06-11 20:32:59,149|62,7|37,2|0,0|1678|1137|540|0,92|14,70|4,14|9,74
2014-06-11 20:33:06,070|0,0|0,0|100,0|1678|1130|547|0,92|14,70|1,28|1,45
2014-06-11 20:33:12,278|0,0|0,0|100,0|1678|1129|549|0,92|14,70|1,27|4,28
2014-06-11 20:33:18,118|2,0|0,0|98,0|1678|1129|549|0,92|14,70|2,28|1,01
2014-06-11 20:33:23,955|0,0|0,0|100,0|1678|1126|551|0,92|14,70|0,97|2,54
2014-06-11 20:33:29,767|1,9|1,9|96,0|1678|1126|551|0,92|14,70|2,53|2,01
2014-06-11 20:33:35,587|0,0|0,0|100,0|1678|1125|552|0,92|14,70|0,98|2,10
2014-06-11 20:33:41,396|3,9|1,9|94,1|1678|1124|554|0,92|14,70|2,50|5,10
2014-06-11 20:33:47,211|1,8|1,8|94,3|1678|1124|553|0,92|14,70|0,41|1,95
2014-06-11 20:33:53,012|1,9|1,9|96,0|1678|1125|552|0,92|14,70|2,39|2,77
2014-06-11 20:33:58,895|1,9|1,9|96,0|1678|1123|554|0,92|14,70|0,45|2,01
2014-06-11 20:34:04,684|1,9|1,9|96,0|1678|1123|554|0,92|14,70|2,12|2,59
2014-06-11 20:34:10,579|1,9|1,9|96,0|1678|1122|556|0,92|14,70|0,96|3,08
2014-06-11 20:34:16,389|2,0|2,0|96,0|1678|1123|554|0,92|14,70|2,22|3,17
2014-06-11 20:34:22,930|57,9|42,0|0,0|1678|1127|550|0,92|14,70|5,75|4,53
2014-06-11 20:34:30,226|56,0|44,0|0,0|1678|1134|543|0,92|14,70|2,55|2,56
2014-06-11 20:34:37,591|54,9|45,0|0,0|1678|1134|543|0,92|14,70|2,44|2,16
2014-06-11 20:34:44,893|52,0|48,0|0,0|1678|1142|535|0,92|14,70|1,57|1,65
2014-06-11 20:34:52,350|50,0|48,0|0,0|1678|1146|532|0,92|14,70|1,71|4,98
2014-06-11 20:34:59,818|54,0|46,0|0,0|1678|1150|527|0,92|14,70|1,05|2,71
2014-06-11 20:35:07,111|52,0|48,0|0,0|1678|1149|529|0,92|14,70|2,31|1,49
2014-06-11 20:35:14,630|52,9|47,0|0,0|1678|1148|529|0,92|14,70|3,09|2,25
2014-06-11 20:35:21,990|52,9|45,0|0,0|1678|1154|523|0,92|14,70|4,62|38,83
2014-06-11 20:35:29,315|54,9|45,0|0,0|1678|1160|517|0,92|14,70|1,02|7,56
2014-06-11 20:35:36,758|54,9|45,0|0,0|1678|1157|520|0,92|14,70|0,75|0,75
2014-06-11 20:35:44,071|55,1|44,8|0,0|1678|1154|523|0,92|14,70|8,68|8,94
2014-06-11 20:35:51,531|56,8|43,1|0,0|1678|1158|519|0,92|14,70|1,32|1,42
2014-06-11 20:35:59,019|60,7|39,2|0,0|1678|1157|520|0,92|14,70|1,32|1,76
2014-06-11 20:36:06,338|60,7|39,2|0,0|1678|1156|522|0,92|14,70|1,14|3,36
2014-06-11 20:36:13,726|62,7|37,2|0,0|1678|1151|527|0,92|14,70|1,22|3,78
2014-06-11 20:36:20,852|98,0|2,0|0,0|1678|1145|533|0,92|14,70|3,15|4,75
2014-06-11 20:36:27,576|1,9|0,0|98,0|1678|1133|544|0,92|14,70|0,15|0,06
2014-06-11 20:36:33,356|1,9|1,9|94,1|1678|1134|544|0,92|14,70|1,26|3,04
2014-06-11 20:36:39,157|2,0|2,0|96,0|1678|1133|545|0,92|14,70|0,45|1,11
2014-06-11 20:36:44,924|0,0|2,0|98,0|1678|1134|543|0,92|14,70|1,56|3,28
2014-06-11 20:36:50,841|2,0|0,0|92,0|1678|1132|546|0,92|14,70|0,11|0,41
2014-06-11 20:36:56,675|0,0|2,0|98,0|1678|1132|545|0,92|14,70|1,54|11,01
2014-06-11 20:37:02,453|0,0|0,0|100,0|1678|1133|544|0,92|14,70|0,39|0,17
2014-06-11 20:37:08,277|4,0|4,0|91,8|1678|1132|545|0,92|14,70|1,35|11,22
2014-06-11 20:37:14,108|1,9|1,9|96,0|1678|1133|544|0,92|14,70|1,04|0,38
2014-06-11 20:37:19,886|23,5|11,7|64,7|1678|1129|548|0,92|14,70|0,90|10,30
2014-06-11 20:37:25,792|1,9|1,9|96,0|1678|1130|547|0,92|14,70|1,23|27,08
2014-06-11 20:37:31,675|1,9|1,9|94,1|1678|1130|548|0,92|14,70|2,13|1,93
2014-06-11 20:37:37,495|1,9|3,9|94,1|1678|1130|547|0,92|14,70|0,99|41,68
2014-06-11 20:37:43,357|0,0|0,0|100,0|1678|1129|548|0,92|14,70|2,19|1,27
2014-06-11 20:37:49,197|28,0|14,0|57,9|1678|1130|547|0,92|14,70|0,74|15,34
2014-06-11 20:37:54,987|0,0|0,0|94,0|1678|1129|548|0,92|14,70|2,61|2,32
2014-06-11 20:38:00,941|0,0|0,0|94,0|1678|1130|547|0,91|14,70|2,06|2,65
2014-06-11 20:38:06,757|2,0|2,0|94,0|1678|1130|548|0,91|14,70|0,47|0,45
2014-06-11 20:38:12,707|0,0|2,0|98,0|1678|1129|548|0,91|14,70|2,00|3,31
2014-06-11 20:38:18,546|1,9|0,0|98,0|1678|1128|549|0,91|14,70|0,00|0,00
2014-06-11 20:38:24,437|0,0|1,9|98,0|1678|1129|549|0,91|14,70|1,52|3,49
