2014-06-11 20:25:50,090|0,0|0,0|100,0|995|303|692|1,21|0,19|0,00|0,00
2014-06-11 20:25:55,908|0,0|0,0|100,0|995|302|692|1,21|0,19|0,00|0,00
2014-06-11 20:26:01,436|0,0|0,0|100,0|995|302|692|1,21|0,19|1,35|0,00
2014-06-11 20:26:06,946|0,0|0,0|100,0|995|302|692|1,21|0,19|0,12|0,00
2014-06-11 20:26:12,445|0,0|0,0|100,0|995|302|692|1,21|0,19|0,00|0,00
2014-06-11 20:26:17,946|0,0|0,0|100,0|995|302|692|1,21|0,19|0,00|0,00
2014-06-11 20:26:23,445|0,0|0,0|100,0|995|302|692|1,21|0,20|1,46|0,00
2014-06-11 20:26:28,941|0,0|0,0|100,0|995|302|692|1,21|0,20|0,00|0,00
2014-06-11 20:26:34,450|0,0|0,0|100,0|995|302|692|1,21|0,20|0,00|0,00
2014-06-11 20:26:39,946|0,0|0,0|100,0|995|302|692|1,21|0,20|0,00|0,00
2014-06-11 20:26:45,446|0,0|0,0|100,0|995|302|692|1,21|0,20|0,00|0,00
2014-06-11 20:26:50,952|0,0|0,0|100,0|995|302|692|1,21|0,20|0,00|0,00
2014-06-11 20:26:56,455|0,0|0,0|100,0|995|302|692|1,21|0,20|0,00|0,00
2014-06-11 20:27:01,955|2,0|0,0|98,0|995|302|692|1,21|0,20|1,99|0,00
2014-06-11 20:27:07,522|0,0|0,0|100,0|995|302|692|1,21|0,20|0,18|0,00
2014-06-11 20:27:13,050|4,0|6,1|89,7|995|302|692|1,21|0,20|0,00|0,00
2014-06-11 20:27:18,578|2,0|4,0|93,8|995|302|692|1,21|0,20|0,00|0,00
2014-06-11 20:27:24,086|0,0|0,0|100,0|995|302|692|1,21|0,20|5,88|4,76
2014-06-11 20:27:29,597|0,0|0,0|100,0|995|302|692|1,21|0,20|4,46|4,30
2014-06-11 20:27:35,163|0,0|0,0|100,0|995|302|692|1,21|0,20|0,00|0,00
2014-06-11 20:27:40,693|0,0|0,0|100,0|995|302|692|1,21|0,20|0,00|0,00
2014-06-11 20:27:46,255|0,0|0,0|100,0|995|302|692|1,21|0,20|0,75|0,00
2014-06-11 20:27:51,800|0,0|0,0|100,0|995|302|692|1,21|0,20|0,24|0,00
2014-06-11 20:27:57,326|0,0|0,0|100,0|995|302|692|1,21|0,20|0,00|0,00
2014-06-11 20:28:02,893|0,0|0,0|100,0|995|303|692|1,21|0,20|0,00|0,00
2014-06-11 20:28:08,418|0,0|0,0|100,0|995|302|692|1,21|0,20|0,00|0,00
2014-06-11 20:28:13,938|0,0|0,0|100,0|995|305|690|1,21|0,20|0,00|0,00
2014-06-11 20:28:19,461|2,0|0,0|98,0|995|305|690|1,21|0,20|0,00|0,00
2014-06-11 20:28:24,967|2,0|4,0|94,0|995|305|690|1,21|0,20|0,00|0,00
2014-06-11 20:28:30,488|0,0|0,0|100,0|995|304|690|1,21|0,20|0,60|0,00
2014-06-11 20:28:36,048|0,0|0,0|100,0|995|305|690|1,21|0,20|4,48|5,74
2014-06-11 20:28:41,566|0,0|0,0|100,0|995|306|689|1,21|0,20|2,86|4,06
2014-06-11 20:28:47,078|0,0|0,0|100,0|995|305|690|1,21|0,20|1,26|0,00
2014-06-11 20:28:52,589|0,0|0,0|100,0|995|305|690|1,21|0,20|0,70|0,00
2014-06-11 20:28:58,138|0,0|0,0|100,0|995|305|690|1,21|0,20|0,06|0,06
2014-06-11 20:29:03,669|0,0|0,0|100,0|995|305|690|1,21|0,20|0,00|0,00
2014-06-11 20:29:09,182|0,0|0,0|100,0|995|305|690|1,21|0,20|0,00|0,00
2014-06-11 20:29:14,694|0,0|0,0|100,0|995|305|690|1,21|0,20|0,00|0,00
2014-06-11 20:29:20,220|0,0|0,0|100,0|995|305|690|1,21|0,21|0,06|0,00
2014-06-11 20:29:25,763|0,0|0,0|100,0|995|305|690|1,21|0,21|0,00|0,00
2014-06-11 20:29:31,305|0,0|0,0|100,0|995|305|690|1,21|0,21|0,60|0,00
2014-06-11 20:29:36,810|0,0|0,0|100,0|995|304|690|1,21|0,21|0,00|0,00
2014-06-11 20:29:42,322|2,0|0,0|98,0|995|304|690|1,21|0,21|0,00|0,00
2014-06-11 20:29:47,906|4,0|4,0|92,0|995|305|690|1,21|0,21|0,50|0,00
2014-06-11 20:29:53,419|2,0|6,0|92,0|995|304|690|1,21|0,21|0,00|0,00
2014-06-11 20:29:58,951|0,0|0,0|100,0|995|305|690|1,21|0,21|4,48|6,71
2014-06-11 20:30:04,452|0,0|0,0|100,0|995|305|690|1,21|0,21|4,46|4,37
2014-06-11 20:30:10,005|0,0|0,0|100,0|995|305|690|1,21|0,21|0,00|0,00
2014-06-11 20:30:15,539|0,0|0,0|100,0|995|305|690|1,21|0,21|0,00|0,00
2014-06-11 20:30:21,093|0,0|0,0|100,0|995|305|690|1,21|0,21|0,43|0,61
2014-06-11 20:30:26,841|90,0|10,0|0,0|995|334|661|1,21|0,21|0,00|0,00
2014-06-11 20:30:32,587|84,3|15,6|0,0|995|339|655|1,21|0,21|0,00|0,00
2014-06-11 20:30:38,311|89,7|10,2|0,0|995|340|655|1,21|0,21|0,00|0,00
2014-06-11 20:30:44,045|92,0|8,0|0,0|995|349|646|1,21|0,21|0,00|0,00
2014-06-11 20:30:49,790|94,0|6,0|0,0|995|346|648|1,21|0,21|0,00|0,00
2014-06-11 20:30:55,523|90,0|10,0|0,0|995|343|651|1,21|0,21|0,00|0,00
2014-06-11 20:31:01,291|56,0|0,0|44,0|995|335|660|1,21|0,21|0,60|0,00
2014-06-11 20:31:06,976|1,9|5,8|92,1|995|335|660|1,21|0,21|0,06|0,00
2014-06-11 20:31:12,544|4,0|6,1|89,7|995|335|660|1,21|0,21|0,15|0,00
2014-06-11 20:31:18,080|0,0|0,0|100,0|995|335|660|1,21|0,21|3,77|0,00
2014-06-11 20:31:23,653|80,0|0,0|20,0|995|335|660|1,21|0,21|5,13|16,36
2014-06-11 20:31:29,297|3,9|0,0|96,0|995|336|659|1,21|0,21|0,60|0,75
2014-06-11 20:31:35,053|92,0|8,0|0,0|995|337|657|1,21|0,22|0,60|0,71
2014-06-11 20:31:40,860|95,9|4,0|0,0|995|343|652|1,21|0,22|0,35|0,14
2014-06-11 20:31:46,615|90,0|8,0|0,0|995|346|648|1,21|0,22|0,75|0,00
2014-06-11 20:31:52,368|90,0|10,0|0,0|995|343|652|1,21|0,22|0,06|0,00
2014-06-11 20:31:58,120|91,8|8,1|0,0|995|357|637|1,21|0,22|0,00|0,00
2014-06-11 20:32:03,859|92,0|8,0|0,0|995|351|643|1,21|0,22|0,00|0,00
2014-06-11 20:32:09,584|94,1|5,8|0,0|995|345|650|1,21|0,22|0,00|0,00
2014-06-11 20:32:15,327|93,8|6,1|0,0|995|342|653|1,21|0,22|1,29|3,28
2014-06-11 20:32:21,066|85,7|14,2|0,0|995|338|657|1,21|0,22|0,35|0,14
2014-06-11 20:32:26,853|88,0|12,0|0,0|995|344|651|1,21|0,22|0,54|0,71
2014-06-11 20:32:32,596|91,8|8,1|0,0|995|343|652|1,21|0,22|4,83|8,79
2014-06-11 20:32:38,336|92,0|8,0|0,0|995|346|649|1,21|0,22|5,00|33,60
2014-06-11 20:32:44,084|89,7|10,2|0,0|995|353|642|1,21|0,22|0,06|0,00
2014-06-11 20:32:49,821|96,0|4,0|0,0|995|348|646|1,21|0,22|5,11|36,72
2014-06-11 20:32:55,575|95,9|4,0|0,0|995|348|647|1,21|0,22|0,19|0,64
2014-06-11 20:33:01,312|92,1|5,8|0,0|995|343|652|1,21|0,22|1,96|3,28
2014-06-11 20:33:07,047|0,0|0,0|100,0|995|337|657|1,21|0,22|0,00|0,00
2014-06-11 20:33:12,582|0,0|0,0|100,0|995|337|657|1,21|0,22|0,00|0,00
2014-06-11 20:33:18,108|0,0|0,0|100,0|995|337|657|1,21|0,23|0,50|0,00
2014-06-11 20:33:23,676|0,0|0,0|100,0|995|337|657|1,21|0,23|0,00|0,00
2014-06-11 20:33:29,208|0,0|0,0|100,0|995|337|657|1,21|0,23|0,00|0,00
2014-06-11 20:33:34,724|1,9|0,0|98,0|995|337|657|1,21|0,23|0,00|0,00
2014-06-11 20:33:40,246|86,0|14,0|0,0|995|340|655|1,21|0,23|0,88|0,84
2014-06-11 20:33:46,068|94,0|6,0|0,0|995|341|654|1,21|0,23|0,06|0,00
2014-06-11 20:33:51,879|57,9|42,0|0,0|995|360|634|1,21|0,23|0,00|0,00
2014-06-11 20:33:57,604|92,0|8,0|0,0|995|344|650|1,21|0,23|0,00|0,00
2014-06-11 20:34:03,331|94,0|6,0|0,0|995|371|624|1,21|0,23|0,00|0,00
2014-06-11 20:34:09,109|80,0|20,0|0,0|995|357|637|1,21|0,23|0,95|0,00
2014-06-11 20:34:14,817|80,0|20,0|0,0|995|348|647|1,21|0,23|0,00|0,00
2014-06-11 20:34:20,584|94,1|5,8|0,0|995|345|650|1,21|0,23|5,77|13,28
2014-06-11 20:34:26,330|3,8|3,8|92,3|995|339|656|1,21|0,23|0,00|0,00
2014-06-11 20:34:31,922|0,0|0,0|100,0|995|339|656|1,21|0,23|0,00|0,00
2014-06-11 20:34:37,378|0,0|0,0|100,0|995|339|656|1,21|0,23|0,00|0,00
2014-06-11 20:34:42,932|0,0|0,0|100,0|995|339|656|1,21|0,23|0,00|0,00
2014-06-11 20:34:48,449|0,0|0,0|100,0|995|339|656|1,21|0,23|0,00|0,00
2014-06-11 20:34:53,982|0,0|0,0|100,0|995|339|656|1,21|0,23|0,00|0,00
2014-06-11 20:34:59,487|2,0|4,0|94,0|995|338|656|1,21|0,23|0,00|0,00
2014-06-11 20:35:05,064|0,0|0,0|100,0|995|336|659|1,21|0,23|0,06|0,00
2014-06-11 20:35:10,584|0,0|0,0|100,0|995|336|659|1,21|0,23|4,54|10,68
2014-06-11 20:35:16,165|0,0|0,0|100,0|995|336|659|1,21|0,24|5,64|55,91
2014-06-11 20:35:21,694|70,5|0,0|29,4|995|335|659|1,21|0,24|0,54|0,71
2014-06-11 20:35:27,351|42,0|0,0|57,9|995|335|659|1,21|0,24|0,54|0,71
2014-06-11 20:35:32,946|66,6|3,9|29,4|995|335|660|1,21|0,24|1,08|1,35
2014-06-11 20:35:38,834|0,0|0,0|100,0|995|335|660|1,21|0,24|1,23|0,00
2014-06-11 20:35:44,375|1,9|0,0|98,0|995|335|660|1,21|0,24|0,53|0,00
2014-06-11 20:35:49,906|2,0|4,0|94,0|995|335|660|1,21|0,24|4,04|0,06
2014-06-11 20:35:55,427|4,0|2,0|94,0|995|335|660|1,21|0,24|0,00|0,00
2014-06-11 20:36:00,965|0,0|0,0|100,0|995|335|660|1,21|0,24|0,00|0,00
2014-06-11 20:36:06,472|0,0|0,0|100,0|995|335|660|1,21|0,24|0,06|0,06
2014-06-11 20:36:12,044|0,0|0,0|100,0|995|335|660|1,21|0,24|0,00|0,00
2014-06-11 20:36:17,552|0,0|0,0|100,0|995|335|660|1,21|0,24|0,00|0,00
2014-06-11 20:36:23,083|0,0|0,0|100,0|995|335|660|1,21|0,24|0,00|0,00
2014-06-11 20:36:28,599|0,0|0,0|100,0|995|335|660|1,21|0,24|0,00|0,00
2014-06-11 20:36:34,112|0,0|2,0|98,0|995|335|660|1,21|0,24|0,00|0,00
2014-06-11 20:36:39,612|2,0|0,0|98,0|995|335|660|1,21|0,24|0,06|0,00
2014-06-11 20:36:45,197|0,0|0,0|100,0|995|335|660|1,21|0,24|0,00|0,00
2014-06-11 20:36:50,723|4,0|8,0|88,0|995|335|660|1,21|0,24|0,00|0,00
2014-06-11 20:36:56,235|0,0|0,0|100,0|995|335|660|1,21|0,24|0,00|0,00
2014-06-11 20:37:01,762|0,0|0,0|100,0|995|335|660|1,21|0,24|5,09|12,04
2014-06-11 20:37:07,318|0,0|0,0|100,0|995|334|660|1,21|0,24|4,91|57,68
2014-06-11 20:37:12,842|0,0|0,0|100,0|995|334|660|1,21|0,24|0,70|0,00
2014-06-11 20:37:18,460|0,0|0,0|100,0|995|334|660|1,21|0,24|0,50|0,00
2014-06-11 20:37:24,019|0,0|0,0|100,0|995|334|660|1,21|0,24|0,00|0,00
2014-06-11 20:37:29,570|0,0|0,0|100,0|995|334|660|1,21|0,24|0,00|0,00
2014-06-11 20:37:35,091|0,0|0,0|100,0|995|334|660|1,21|0,24|0,00|0,00
2014-06-11 20:37:40,599|0,0|0,0|100,0|995|334|660|1,21|0,24|0,06|0,00
2014-06-11 20:37:46,098|0,0|0,0|100,0|995|334|660|1,21|0,24|0,00|0,00
2014-06-11 20:37:51,612|0,0|0,0|100,0|995|334|660|1,21|0,24|0,00|0,00
2014-06-11 20:37:57,111|0,0|0,0|100,0|995|334|660|1,21|0,24|0,00|0,00
2014-06-11 20:38:02,687|0,0|0,0|100,0|995|334|660|1,21|0,25|0,00|0,00
