MV1===========================================
[11/Jun/2014:20:27:07 +0000]|12
[11/Jun/2014:20:27:08 +0000]|37
[11/Jun/2014:20:27:08 +0000]|317
[11/Jun/2014:20:27:08 +0000]|196
[11/Jun/2014:20:27:09 +0000]|101
[11/Jun/2014:20:27:09 +0000]|131
[11/Jun/2014:20:27:10 +0000]|1105
[11/Jun/2014:20:27:10 +0000]|39
[11/Jun/2014:20:27:10 +0000]|53
[11/Jun/2014:20:27:10 +0000]|65
[11/Jun/2014:20:27:10 +0000]|68
[11/Jun/2014:20:27:10 +0000]|72
[11/Jun/2014:20:27:11 +0000]|182
[11/Jun/2014:20:27:12 +0000]|373
[11/Jun/2014:20:27:12 +0000]|393
[11/Jun/2014:20:27:12 +0000]|1218
[11/Jun/2014:20:27:13 +0000]|1780
[11/Jun/2014:20:27:13 +0000]|1787
[11/Jun/2014:20:27:13 +0000]|872
[11/Jun/2014:20:27:14 +0000]|2001
[11/Jun/2014:20:27:14 +0000]|1396
[11/Jun/2014:20:27:14 +0000]|1737
[11/Jun/2014:20:27:14 +0000]|2003
[11/Jun/2014:20:27:16 +0000]|640
[11/Jun/2014:20:27:16 +0000]|658
[11/Jun/2014:20:27:16 +0000]|683
[11/Jun/2014:20:27:16 +0000]|724
[11/Jun/2014:20:27:16 +0000]|825
[11/Jun/2014:20:27:16 +0000]|874
[11/Jun/2014:20:27:16 +0000]|1032
[11/Jun/2014:20:27:17 +0000]|3538
[11/Jun/2014:20:27:19 +0000]|2129
[11/Jun/2014:20:27:19 +0000]|2271
[11/Jun/2014:20:27:19 +0000]|2560
[11/Jun/2014:20:27:19 +0000]|1464
[11/Jun/2014:20:27:19 +0000]|1510
[11/Jun/2014:20:27:21 +0000]|3824
[11/Jun/2014:20:27:22 +0000]|5062
[11/Jun/2014:20:27:22 +0000]|5725
[11/Jun/2014:20:27:23 +0000]|3876
[11/Jun/2014:20:27:23 +0000]|3909
[11/Jun/2014:20:27:23 +0000]|3952
[11/Jun/2014:20:27:23 +0000]|640
[11/Jun/2014:20:27:23 +0000]|694
[11/Jun/2014:20:27:23 +0000]|725
[11/Jun/2014:20:27:23 +0000]|745
[11/Jun/2014:20:27:23 +0000]|6804
[11/Jun/2014:20:27:23 +0000]|6841
[11/Jun/2014:20:27:24 +0000]|3794
[11/Jun/2014:20:27:24 +0000]|1564
[11/Jun/2014:20:27:27 +0000]|1005
[11/Jun/2014:20:27:29 +0000]|8497
[11/Jun/2014:20:27:29 +0000]|494
[11/Jun/2014:20:27:29 +0000]|922
[11/Jun/2014:20:27:29 +0000]|5716
[11/Jun/2014:20:27:29 +0000]|4896
[11/Jun/2014:20:27:29 +0000]|4485
[11/Jun/2014:20:27:29 +0000]|4499
[11/Jun/2014:20:27:29 +0000]|4512
[11/Jun/2014:20:27:29 +0000]|4519
[11/Jun/2014:20:27:29 +0000]|4551
[11/Jun/2014:20:27:29 +0000]|4557
[11/Jun/2014:20:27:29 +0000]|4573
[11/Jun/2014:20:27:29 +0000]|4569
[11/Jun/2014:20:27:29 +0000]|4573
[11/Jun/2014:20:27:29 +0000]|8674
[11/Jun/2014:20:27:29 +0000]|8683
[11/Jun/2014:20:27:29 +0000]|8707
[11/Jun/2014:20:27:29 +0000]|1097
[11/Jun/2014:20:27:29 +0000]|4874
[11/Jun/2014:20:27:29 +0000]|4873
[11/Jun/2014:20:27:29 +0000]|1348
[11/Jun/2014:20:27:29 +0000]|236
[11/Jun/2014:20:27:29 +0000]|219
[11/Jun/2014:20:27:36 +0000]|12172
[11/Jun/2014:20:27:37 +0000]|7113
[11/Jun/2014:20:27:37 +0000]|7285
[11/Jun/2014:20:27:38 +0000]|7409
[11/Jun/2014:20:27:38 +0000]|7408
[11/Jun/2014:20:27:39 +0000]|10106
[11/Jun/2014:20:27:39 +0000]|9232
[11/Jun/2014:20:27:39 +0000]|10457
[11/Jun/2014:20:27:39 +0000]|10456
[11/Jun/2014:20:27:40 +0000]|7738
[11/Jun/2014:20:27:41 +0000]|11787
[11/Jun/2014:20:27:41 +0000]|4908
[11/Jun/2014:20:27:41 +0000]|5819
[11/Jun/2014:20:27:41 +0000]|11823
[11/Jun/2014:20:27:41 +0000]|11879
[11/Jun/2014:20:27:41 +0000]|12518
[11/Jun/2014:20:27:42 +0000]|13086
[11/Jun/2014:20:27:42 +0000]|13095
[11/Jun/2014:20:27:42 +0000]|13099
[11/Jun/2014:20:27:42 +0000]|13107
[11/Jun/2014:20:27:42 +0000]|12941
[11/Jun/2014:20:27:43 +0000]|11044
[11/Jun/2014:20:27:44 +0000]|11483
[11/Jun/2014:20:27:44 +0000]|11542
[11/Jun/2014:20:27:44 +0000]|12006
[11/Jun/2014:20:27:45 +0000]|12513
[11/Jun/2014:20:27:53 +0000]|4
[11/Jun/2014:20:27:53 +0000]|36
[11/Jun/2014:20:27:54 +0000]|136
[11/Jun/2014:20:27:54 +0000]|173
[11/Jun/2014:20:27:54 +0000]|424
[11/Jun/2014:20:27:54 +0000]|153
[11/Jun/2014:20:27:55 +0000]|229
[11/Jun/2014:20:27:55 +0000]|309
[11/Jun/2014:20:27:56 +0000]|201
[11/Jun/2014:20:27:56 +0000]|457
[11/Jun/2014:20:27:56 +0000]|49
[11/Jun/2014:20:27:57 +0000]|1585
[11/Jun/2014:20:27:57 +0000]|2446
[11/Jun/2014:20:27:57 +0000]|807
[11/Jun/2014:20:27:58 +0000]|496
[11/Jun/2014:20:27:58 +0000]|172
[11/Jun/2014:20:27:58 +0000]|576
[11/Jun/2014:20:27:58 +0000]|620
[11/Jun/2014:20:27:58 +0000]|634
[11/Jun/2014:20:27:58 +0000]|1760
[11/Jun/2014:20:27:58 +0000]|394
[11/Jun/2014:20:27:58 +0000]|1957
[11/Jun/2014:20:28:00 +0000]|1245
[11/Jun/2014:20:28:01 +0000]|1299
[11/Jun/2014:20:28:01 +0000]|932
[11/Jun/2014:20:28:01 +0000]|952
[11/Jun/2014:20:28:01 +0000]|2513
[11/Jun/2014:20:28:01 +0000]|564
[11/Jun/2014:20:28:01 +0000]|188
[11/Jun/2014:20:28:01 +0000]|1591
[11/Jun/2014:20:28:03 +0000]|2700
[11/Jun/2014:20:28:03 +0000]|103
[11/Jun/2014:20:28:04 +0000]|3274
[11/Jun/2014:20:28:04 +0000]|817
[11/Jun/2014:20:28:04 +0000]|819
[11/Jun/2014:20:28:04 +0000]|3444
[11/Jun/2014:20:28:06 +0000]|2765
[11/Jun/2014:20:28:06 +0000]|5409
[11/Jun/2014:20:28:07 +0000]|575
[11/Jun/2014:20:28:07 +0000]|2284
[11/Jun/2014:20:28:07 +0000]|2305
[11/Jun/2014:20:28:07 +0000]|2318
[11/Jun/2014:20:28:07 +0000]|2324
[11/Jun/2014:20:28:07 +0000]|2327
[11/Jun/2014:20:28:07 +0000]|687
[11/Jun/2014:20:28:07 +0000]|2365
[11/Jun/2014:20:28:07 +0000]|4227
[11/Jun/2014:20:28:07 +0000]|4247
[11/Jun/2014:20:28:07 +0000]|4265
[11/Jun/2014:20:28:07 +0000]|1200
[11/Jun/2014:20:28:07 +0000]|1225
[11/Jun/2014:20:28:07 +0000]|1228
[11/Jun/2014:20:28:07 +0000]|4318
[11/Jun/2014:20:28:07 +0000]|1232
[11/Jun/2014:20:28:07 +0000]|1236
[11/Jun/2014:20:28:07 +0000]|4318
[11/Jun/2014:20:28:10 +0000]|2181
[11/Jun/2014:20:28:11 +0000]|7557
[11/Jun/2014:20:28:14 +0000]|6213
[11/Jun/2014:20:28:14 +0000]|6243
[11/Jun/2014:20:28:14 +0000]|6275
[11/Jun/2014:20:28:14 +0000]|900
[11/Jun/2014:20:28:14 +0000]|3952
[11/Jun/2014:20:28:14 +0000]|3971
[11/Jun/2014:20:28:14 +0000]|3994
[11/Jun/2014:20:28:14 +0000]|4007
[11/Jun/2014:20:28:14 +0000]|4017
[11/Jun/2014:20:28:14 +0000]|4019
[11/Jun/2014:20:28:14 +0000]|4022
[11/Jun/2014:20:28:14 +0000]|4024
[11/Jun/2014:20:28:14 +0000]|4025
[11/Jun/2014:20:28:14 +0000]|14
[11/Jun/2014:20:28:20 +0000]|476
[11/Jun/2014:20:28:20 +0000]|1008
[11/Jun/2014:20:28:20 +0000]|6713
[11/Jun/2014:20:28:20 +0000]|1085
[11/Jun/2014:20:28:20 +0000]|1103
[11/Jun/2014:20:28:20 +0000]|6776
[11/Jun/2014:20:28:20 +0000]|1117
[11/Jun/2014:20:28:20 +0000]|1119
[11/Jun/2014:20:28:20 +0000]|6787
[11/Jun/2014:20:28:20 +0000]|1123
[11/Jun/2014:20:28:20 +0000]|1127
[11/Jun/2014:20:28:20 +0000]|6797
[11/Jun/2014:20:28:20 +0000]|1131
[11/Jun/2014:20:28:20 +0000]|1128
[11/Jun/2014:20:28:20 +0000]|6808
[11/Jun/2014:20:28:20 +0000]|9669
[11/Jun/2014:20:28:20 +0000]|5179
[11/Jun/2014:20:28:20 +0000]|5674
[11/Jun/2014:20:28:20 +0000]|5188
[11/Jun/2014:20:28:20 +0000]|167
[11/Jun/2014:20:28:24 +0000]|11465
[11/Jun/2014:20:28:25 +0000]|11877
[11/Jun/2014:20:28:25 +0000]|11873
[11/Jun/2014:20:28:25 +0000]|11941
[11/Jun/2014:20:28:25 +0000]|12265
[11/Jun/2014:20:28:28 +0000]|14216
[11/Jun/2014:20:28:28 +0000]|14275
[11/Jun/2014:20:28:30 +0000]|15761
[11/Jun/2014:20:28:56 +0000]|4
[11/Jun/2014:20:28:56 +0000]|56
[11/Jun/2014:20:28:57 +0000]|52
[11/Jun/2014:20:28:57 +0000]|72
[11/Jun/2014:20:28:57 +0000]|111
[11/Jun/2014:20:28:58 +0000]|40
[11/Jun/2014:20:28:58 +0000]|676
[11/Jun/2014:20:28:58 +0000]|73
[11/Jun/2014:20:28:58 +0000]|91
[11/Jun/2014:20:28:59 +0000]|95
[11/Jun/2014:20:28:59 +0000]|58
[11/Jun/2014:20:29:00 +0000]|401
[11/Jun/2014:20:29:00 +0000]|908
[11/Jun/2014:20:29:01 +0000]|511
[11/Jun/2014:20:29:01 +0000]|2500
[11/Jun/2014:20:29:01 +0000]|612
[11/Jun/2014:20:29:01 +0000]|663
[11/Jun/2014:20:29:02 +0000]|1364
[11/Jun/2014:20:29:02 +0000]|839
[11/Jun/2014:20:29:02 +0000]|857
[11/Jun/2014:20:29:03 +0000]|392
[11/Jun/2014:20:29:03 +0000]|425
[11/Jun/2014:20:29:03 +0000]|881
[11/Jun/2014:20:29:03 +0000]|896
[11/Jun/2014:20:29:03 +0000]|2941
[11/Jun/2014:20:29:03 +0000]|1691
[11/Jun/2014:20:29:03 +0000]|2235
[11/Jun/2014:20:29:03 +0000]|918
[11/Jun/2014:20:29:05 +0000]|884
[11/Jun/2014:20:29:05 +0000]|539
[11/Jun/2014:20:29:07 +0000]|1805
[11/Jun/2014:20:29:07 +0000]|1443
[11/Jun/2014:20:29:07 +0000]|1496
[11/Jun/2014:20:29:07 +0000]|1543
[11/Jun/2014:20:29:08 +0000]|1223
[11/Jun/2014:20:29:08 +0000]|34
[11/Jun/2014:20:29:09 +0000]|3896
[11/Jun/2014:20:29:09 +0000]|1795
[11/Jun/2014:20:29:09 +0000]|580
[11/Jun/2014:20:29:10 +0000]|54
[11/Jun/2014:20:29:10 +0000]|4035
[11/Jun/2014:20:29:11 +0000]|2645
[11/Jun/2014:20:29:11 +0000]|2709
[11/Jun/2014:20:29:11 +0000]|6699
[11/Jun/2014:20:29:11 +0000]|244
[11/Jun/2014:20:29:11 +0000]|289
[11/Jun/2014:20:29:11 +0000]|4847
[11/Jun/2014:20:29:11 +0000]|4906
[11/Jun/2014:20:29:12 +0000]|8972
[11/Jun/2014:20:29:12 +0000]|8984
[11/Jun/2014:20:29:13 +0000]|535
[11/Jun/2014:20:29:13 +0000]|6543
[11/Jun/2014:20:29:13 +0000]|6603
[11/Jun/2014:20:29:14 +0000]|3480
[11/Jun/2014:20:29:14 +0000]|4923
[11/Jun/2014:20:29:14 +0000]|3594
[11/Jun/2014:20:29:14 +0000]|3646
[11/Jun/2014:20:29:14 +0000]|6150
[11/Jun/2014:20:29:15 +0000]|628
[11/Jun/2014:20:29:15 +0000]|716
[11/Jun/2014:20:29:17 +0000]|4993
[11/Jun/2014:20:29:17 +0000]|5016
[11/Jun/2014:20:29:17 +0000]|3235
[11/Jun/2014:20:29:17 +0000]|3262
[11/Jun/2014:20:29:17 +0000]|3294
[11/Jun/2014:20:29:17 +0000]|5125
[11/Jun/2014:20:29:17 +0000]|3344
[11/Jun/2014:20:29:17 +0000]|3376
[11/Jun/2014:20:29:17 +0000]|5211
[11/Jun/2014:20:29:17 +0000]|8207
[11/Jun/2014:20:29:18 +0000]|2144
[11/Jun/2014:20:29:20 +0000]|11388
[11/Jun/2014:20:29:20 +0000]|8027
[11/Jun/2014:20:29:20 +0000]|3039
[11/Jun/2014:20:29:22 +0000]|11792
[11/Jun/2014:20:29:22 +0000]|11800
[11/Jun/2014:20:29:23 +0000]|4768
[11/Jun/2014:20:29:24 +0000]|4820
[11/Jun/2014:20:29:24 +0000]|9360
[11/Jun/2014:20:29:24 +0000]|4478
[11/Jun/2014:20:29:24 +0000]|7098
[11/Jun/2014:20:29:24 +0000]|4550
[11/Jun/2014:20:29:25 +0000]|11215
[11/Jun/2014:20:29:25 +0000]|8969
[11/Jun/2014:20:29:26 +0000]|10301
[11/Jun/2014:20:29:26 +0000]|4689
[11/Jun/2014:20:29:26 +0000]|4728
[11/Jun/2014:20:29:27 +0000]|4780
[11/Jun/2014:20:29:28 +0000]|11681
[11/Jun/2014:20:29:28 +0000]|11693
[11/Jun/2014:20:29:28 +0000]|11716
[11/Jun/2014:20:29:28 +0000]|10852
[11/Jun/2014:20:29:28 +0000]|9479
[11/Jun/2014:20:29:29 +0000]|11258
[11/Jun/2014:20:29:29 +0000]|8695
[11/Jun/2014:20:29:29 +0000]|8750
[11/Jun/2014:20:29:29 +0000]|12152
[11/Jun/2014:20:29:30 +0000]|10856
[11/Jun/2014:20:29:31 +0000]|12168
[11/Jun/2014:20:29:32 +0000]|11705
[11/Jun/2014:20:29:34 +0000]|3
[11/Jun/2014:20:29:35 +0000]|59
[11/Jun/2014:20:29:35 +0000]|48
[11/Jun/2014:20:29:35 +0000]|57
[11/Jun/2014:20:29:36 +0000]|43
[11/Jun/2014:20:29:36 +0000]|725
[11/Jun/2014:20:29:36 +0000]|99
[11/Jun/2014:20:29:37 +0000]|16
[11/Jun/2014:20:29:37 +0000]|885
[11/Jun/2014:20:29:38 +0000]|839
[11/Jun/2014:20:29:38 +0000]|859
[11/Jun/2014:20:29:38 +0000]|32
[11/Jun/2014:20:29:38 +0000]|64
[11/Jun/2014:20:29:38 +0000]|622
[11/Jun/2014:20:29:39 +0000]|1187
[11/Jun/2014:20:29:39 +0000]|472
[11/Jun/2014:20:29:40 +0000]|514
[11/Jun/2014:20:29:41 +0000]|68
[11/Jun/2014:20:29:41 +0000]|1021
[11/Jun/2014:20:29:42 +0000]|735
[11/Jun/2014:20:29:43 +0000]|4006
[11/Jun/2014:20:29:43 +0000]|4943
[11/Jun/2014:20:29:44 +0000]|905
[11/Jun/2014:20:29:44 +0000]|993
[11/Jun/2014:20:29:44 +0000]|1011
[11/Jun/2014:20:29:44 +0000]|1035
[11/Jun/2014:20:29:44 +0000]|1060
[11/Jun/2014:20:29:44 +0000]|1073
[11/Jun/2014:20:29:44 +0000]|1096
[11/Jun/2014:20:29:44 +0000]|1120
[11/Jun/2014:20:29:44 +0000]|1126
[11/Jun/2014:20:29:44 +0000]|1134
[11/Jun/2014:20:29:44 +0000]|6734
[11/Jun/2014:20:29:44 +0000]|1160
[11/Jun/2014:20:29:44 +0000]|1189
[11/Jun/2014:20:29:44 +0000]|4652
[11/Jun/2014:20:29:44 +0000]|1227
[11/Jun/2014:20:29:44 +0000]|1253
[11/Jun/2014:20:29:45 +0000]|4717
[11/Jun/2014:20:29:45 +0000]|1291
[11/Jun/2014:20:29:45 +0000]|1324
[11/Jun/2014:20:29:45 +0000]|3967
[11/Jun/2014:20:29:45 +0000]|1362
[11/Jun/2014:20:29:45 +0000]|1394
[11/Jun/2014:20:29:45 +0000]|4026
[11/Jun/2014:20:29:45 +0000]|1426
[11/Jun/2014:20:29:45 +0000]|1453
[11/Jun/2014:20:29:45 +0000]|4091
[11/Jun/2014:20:30:05 +0000]|19264
[11/Jun/2014:20:30:05 +0000]|904
[11/Jun/2014:20:30:05 +0000]|968
[11/Jun/2014:20:30:05 +0000]|1013
[11/Jun/2014:20:30:05 +0000]|1054
[11/Jun/2014:20:30:05 +0000]|1099
[11/Jun/2014:20:30:06 +0000]|1151
[11/Jun/2014:20:30:06 +0000]|1191
[11/Jun/2014:20:30:06 +0000]|1240
[11/Jun/2014:20:30:06 +0000]|1283
[11/Jun/2014:20:30:06 +0000]|1307
[11/Jun/2014:20:30:06 +0000]|1322
[11/Jun/2014:20:30:16 +0000]|30364
[11/Jun/2014:20:30:16 +0000]|10559
[11/Jun/2014:20:30:16 +0000]|10639
[11/Jun/2014:20:30:16 +0000]|11467
[11/Jun/2014:20:30:28 +0000]|46801
[11/Jun/2014:20:30:28 +0000]|42296
[11/Jun/2014:20:30:31 +0000]|25284
[11/Jun/2014:20:30:32 +0000]|26065
[11/Jun/2014:20:30:32 +0000]|26117
[11/Jun/2014:20:30:33 +0000]|27023
[11/Jun/2014:20:30:33 +0000]|27174
[11/Jun/2014:20:30:33 +0000]|27160
[11/Jun/2014:20:30:36 +0000]|30384
[11/Jun/2014:20:30:36 +0000]|30423
[11/Jun/2014:20:30:36 +0000]|30476
[11/Jun/2014:20:30:36 +0000]|30490
[11/Jun/2014:20:30:36 +0000]|30506
[11/Jun/2014:20:30:36 +0000]|30517
[11/Jun/2014:20:30:36 +0000]|30556
[11/Jun/2014:20:30:36 +0000]|30607
[11/Jun/2014:20:30:37 +0000]|31438
[11/Jun/2014:20:30:37 +0000]|31476
[11/Jun/2014:20:30:37 +0000]|31497
[11/Jun/2014:20:30:37 +0000]|31519
[11/Jun/2014:20:30:37 +0000]|31533
[11/Jun/2014:20:30:37 +0000]|31420
[11/Jun/2014:20:30:41 +0000]|35090
[11/Jun/2014:20:30:41 +0000]|35107
[11/Jun/2014:20:30:40 +0000]|34204
[11/Jun/2014:20:30:41 +0000]|35108
[11/Jun/2014:20:30:40 +0000]|34189
[11/Jun/2014:20:30:40 +0000]|34174
[11/Jun/2014:20:30:40 +0000]|34162
[11/Jun/2014:20:30:40 +0000]|34106
[11/Jun/2014:20:30:40 +0000]|34092
[11/Jun/2014:20:30:39 +0000]|33134
[11/Jun/2014:20:30:38 +0000]|32377
[11/Jun/2014:20:30:38 +0000]|32362
[11/Jun/2014:20:30:38 +0000]|32348
[11/Jun/2014:20:30:38 +0000]|32340
[11/Jun/2014:20:30:45 +0000]|39464
[11/Jun/2014:20:30:45 +0000]|39497
[11/Jun/2014:20:30:45 +0000]|39394
[11/Jun/2014:20:30:43 +0000]|37675
[11/Jun/2014:20:30:45 +0000]|59878
[11/Jun/2014:20:30:43 +0000]|37662
[11/Jun/2014:20:30:45 +0000]|39466
[11/Jun/2014:20:30:43 +0000]|37658
[11/Jun/2014:20:30:45 +0000]|33018
[11/Jun/2014:20:30:43 +0000]|58167
[11/Jun/2014:20:30:45 +0000]|39469
[11/Jun/2014:20:30:46 +0000]|40350
[11/Jun/2014:20:30:47 +0000]|41028
[11/Jun/2014:20:30:47 +0000]|41042
[11/Jun/2014:20:30:47 +0000]|41175
[11/Jun/2014:20:30:46 +0000]|40378
[11/Jun/2014:20:30:48 +0000]|42012
[11/Jun/2014:20:30:48 +0000]|42029
[11/Jun/2014:20:30:48 +0000]|35607
[11/Jun/2014:20:30:50 +0000]|37592
[11/Jun/2014:20:30:50 +0000]|65213
[11/Jun/2014:20:30:51 +0000]|66009
[11/Jun/2014:20:30:51 +0000]|66021
[11/Jun/2014:20:30:51 +0000]|66051
[11/Jun/2014:20:30:51 +0000]|66070
[11/Jun/2014:20:30:52 +0000]|67108
[11/Jun/2014:20:30:52 +0000]|67115
[11/Jun/2014:20:30:52 +0000]|67130
[11/Jun/2014:20:30:52 +0000]|67146
[11/Jun/2014:20:30:52 +0000]|67162
[11/Jun/2014:20:30:54 +0000]|48539
[11/Jun/2014:20:30:56 +0000]|43947
[11/Jun/2014:20:30:56 +0000]|50382
[11/Jun/2014:20:30:56 +0000]|50374
[11/Jun/2014:20:30:58 +0000]|16353
[11/Jun/2014:20:30:58 +0000]|16394
[11/Jun/2014:20:31:01 +0000]|47664
[11/Jun/2014:20:31:11 +0000]|44437
[11/Jun/2014:20:31:12 +0000]|46965
[11/Jun/2014:20:31:16 +0000]|49727
[11/Jun/2014:20:31:16 +0000]|39268
[11/Jun/2014:20:31:17 +0000]|50492
[11/Jun/2014:20:31:17 +0000]|50531
[11/Jun/2014:20:31:18 +0000]|51396
[11/Jun/2014:20:31:20 +0000]|22093
[11/Jun/2014:20:31:20 +0000]|22118
[11/Jun/2014:20:31:20 +0000]|22186
[11/Jun/2014:20:31:20 +0000]|22211
[11/Jun/2014:20:31:20 +0000]|22271
[11/Jun/2014:20:31:20 +0000]|32554
[11/Jun/2014:20:31:24 +0000]|48004
[11/Jun/2014:20:31:24 +0000]|47086
[11/Jun/2014:20:31:24 +0000]|47071
[11/Jun/2014:20:31:25 +0000]|37676
[11/Jun/2014:20:31:25 +0000]|31171
[11/Jun/2014:20:31:26 +0000]|31233
[11/Jun/2014:20:31:26 +0000]|49133
[11/Jun/2014:20:31:26 +0000]|49175
[11/Jun/2014:20:31:26 +0000]|49194
[11/Jun/2014:20:31:27 +0000]|50163
[11/Jun/2014:20:31:32 +0000]|53571
[11/Jun/2014:20:31:31 +0000]|34681
[11/Jun/2014:20:31:31 +0000]|43779
[11/Jun/2014:20:31:31 +0000]|40896
[11/Jun/2014:20:31:39 +0000]|43416
[11/Jun/2014:20:31:39 +0000]|49756
[11/Jun/2014:20:31:39 +0000]|42586
[11/Jun/2014:20:31:38 +0000]|41583
[11/Jun/2014:20:31:37 +0000]|40843
[11/Jun/2014:20:31:37 +0000]|40827
[11/Jun/2014:20:31:37 +0000]|40815
[11/Jun/2014:20:31:35 +0000]|45620
[11/Jun/2014:20:31:33 +0000]|39036
[11/Jun/2014:20:31:32 +0000]|54475
[11/Jun/2014:20:31:32 +0000]|54452
[11/Jun/2014:20:31:42 +0000]|47693
[11/Jun/2014:20:31:42 +0000]|46756
[11/Jun/2014:20:31:43 +0000]|48511
[11/Jun/2014:20:31:43 +0000]|48542
[11/Jun/2014:20:31:44 +0000]|49332
[11/Jun/2014:20:31:45 +0000]|50355
[11/Jun/2014:20:31:45 +0000]|50367
[11/Jun/2014:20:31:45 +0000]|51052
[11/Jun/2014:20:31:45 +0000]|50066
[11/Jun/2014:20:31:45 +0000]|51104
[11/Jun/2014:20:31:45 +0000]|51121
[11/Jun/2014:20:31:45 +0000]|51133
[11/Jun/2014:20:31:45 +0000]|51149
[11/Jun/2014:20:31:46 +0000]|51850
[11/Jun/2014:20:31:46 +0000]|51866
[11/Jun/2014:20:31:46 +0000]|51882
[11/Jun/2014:20:31:46 +0000]|51868
[11/Jun/2014:20:31:46 +0000]|51881
[11/Jun/2014:20:31:46 +0000]|51890
[11/Jun/2014:20:31:46 +0000]|51899
[11/Jun/2014:20:31:46 +0000]|51907
[11/Jun/2014:20:31:46 +0000]|51916
[11/Jun/2014:20:31:46 +0000]|51925
[11/Jun/2014:20:31:47 +0000]|52789
[11/Jun/2014:20:31:51 +0000]|57079
[11/Jun/2014:20:31:53 +0000]|30353
[11/Jun/2014:20:31:57 +0000]|36216
[11/Jun/2014:20:31:58 +0000]|35336
[11/Jun/2014:20:31:58 +0000]|32629
[11/Jun/2014:20:31:58 +0000]|16097
[11/Jun/2014:20:31:59 +0000]|33628
[11/Jun/2014:20:32:00 +0000]|34306
[11/Jun/2014:20:32:00 +0000]|38920
[11/Jun/2014:20:32:01 +0000]|32540
[11/Jun/2014:20:32:02 +0000]|40791
[11/Jun/2014:20:32:02 +0000]|19715
[11/Jun/2014:20:32:02 +0000]|9
[11/Jun/2014:20:32:02 +0000]|99
[11/Jun/2014:20:32:02 +0000]|11
[11/Jun/2014:20:32:02 +0000]|88
[11/Jun/2014:20:32:02 +0000]|39
[11/Jun/2014:20:32:02 +0000]|112
[11/Jun/2014:20:32:03 +0000]|503
[11/Jun/2014:20:32:03 +0000]|23252
[11/Jun/2014:20:32:05 +0000]|21601
[11/Jun/2014:20:32:06 +0000]|32731
[11/Jun/2014:20:32:09 +0000]|25848
[11/Jun/2014:20:32:09 +0000]|25864
[11/Jun/2014:20:32:10 +0000]|36956
[11/Jun/2014:20:32:11 +0000]|1782
[11/Jun/2014:20:32:11 +0000]|40588
[11/Jun/2014:20:32:11 +0000]|39760
[11/Jun/2014:20:32:11 +0000]|40621
[11/Jun/2014:20:32:12 +0000]|43843
[11/Jun/2014:20:32:12 +0000]|37744
[11/Jun/2014:20:32:12 +0000]|31858
[11/Jun/2014:20:32:11 +0000]|31136
[11/Jun/2014:20:32:15 +0000]|41376
[11/Jun/2014:20:32:18 +0000]|29320
[11/Jun/2014:20:32:18 +0000]|29339
[11/Jun/2014:20:32:27 +0000]|26603
[11/Jun/2014:20:32:29 +0000]|28296
[11/Jun/2014:20:32:31 +0000]|32864
[11/Jun/2014:20:32:31 +0000]|30854
[11/Jun/2014:20:32:31 +0000]|30868
[11/Jun/2014:20:32:32 +0000]|28228
[11/Jun/2014:20:32:35 +0000]|29644
[11/Jun/2014:20:32:35 +0000]|32439
[11/Jun/2014:20:32:36 +0000]|34344
[11/Jun/2014:20:32:36 +0000]|32559
[11/Jun/2014:20:32:37 +0000]|24597
[11/Jun/2014:20:32:37 +0000]|36110
[11/Jun/2014:20:32:37 +0000]|32535
[11/Jun/2014:20:32:38 +0000]|25425
[11/Jun/2014:20:32:38 +0000]|25433
[11/Jun/2014:20:32:38 +0000]|25449
[11/Jun/2014:20:32:38 +0000]|34211
[11/Jun/2014:20:32:39 +0000]|37004
[11/Jun/2014:20:32:39 +0000]|37035
[11/Jun/2014:20:32:39 +0000]|38816
[11/Jun/2014:20:32:39 +0000]|37043
[11/Jun/2014:20:32:39 +0000]|37956
[11/Jun/2014:20:32:39 +0000]|37956
[11/Jun/2014:20:32:39 +0000]|38867
[11/Jun/2014:20:32:40 +0000]|36143
[11/Jun/2014:20:32:40 +0000]|36090
[11/Jun/2014:20:32:40 +0000]|36960
[11/Jun/2014:20:32:43 +0000]|27462
[11/Jun/2014:20:32:43 +0000]|43231
[11/Jun/2014:20:32:43 +0000]|42339
[11/Jun/2014:20:32:46 +0000]|36783
[11/Jun/2014:20:32:46 +0000]|36877
[11/Jun/2014:20:32:46 +0000]|36909
[11/Jun/2014:20:32:47 +0000]|42836
[11/Jun/2014:20:32:47 +0000]|43732
[11/Jun/2014:20:32:47 +0000]|43745
[11/Jun/2014:20:32:47 +0000]|43758
[11/Jun/2014:20:32:48 +0000]|44682
[11/Jun/2014:20:32:48 +0000]|31755
[11/Jun/2014:20:32:48 +0000]|44722
[11/Jun/2014:20:32:53 +0000]|50523
[11/Jun/2014:20:32:53 +0000]|38424
[11/Jun/2014:20:32:53 +0000]|38432
[11/Jun/2014:20:32:54 +0000]|44818
[11/Jun/2014:20:32:54 +0000]|42143
[11/Jun/2014:20:32:54 +0000]|44846
[11/Jun/2014:20:32:54 +0000]|44854
[11/Jun/2014:20:32:54 +0000]|44863
[11/Jun/2014:20:32:54 +0000]|44871
[11/Jun/2014:20:32:55 +0000]|45537
[11/Jun/2014:20:32:55 +0000]|45549
[11/Jun/2014:20:32:55 +0000]|45557
[11/Jun/2014:20:32:55 +0000]|45564
[11/Jun/2014:20:32:55 +0000]|45574
[11/Jun/2014:20:32:55 +0000]|45590
[11/Jun/2014:20:32:55 +0000]|45599
[11/Jun/2014:20:32:55 +0000]|45600
[11/Jun/2014:20:32:55 +0000]|45615
[11/Jun/2014:20:32:56 +0000]|43690
[11/Jun/2014:20:32:56 +0000]|43698
[11/Jun/2014:20:32:56 +0000]|43706
[11/Jun/2014:20:32:56 +0000]|43720
[11/Jun/2014:20:32:56 +0000]|43723
[11/Jun/2014:20:32:56 +0000]|42182
[11/Jun/2014:20:32:57 +0000]|42911
[11/Jun/2014:20:32:58 +0000]|48168
[11/Jun/2014:20:33:01 +0000]|48000
[11/Jun/2014:20:33:01 +0000]|46244
[11/Jun/2014:20:33:02 +0000]|46408
[11/Jun/2014:20:33:03 +0000]|39548
[11/Jun/2014:20:33:03 +0000]|48782
[11/Jun/2014:20:33:04 +0000]|48035
[11/Jun/2014:20:33:05 +0000]|49675
[11/Jun/2014:20:33:05 +0000]|51460
[11/Jun/2014:20:33:07 +0000]|57421
[11/Jun/2014:20:33:09 +0000]|55619
[11/Jun/2014:20:33:09 +0000]|55635
[11/Jun/2014:20:33:10 +0000]|47277
[11/Jun/2014:20:33:11 +0000]|48023
[11/Jun/2014:20:33:13 +0000]|54965
[11/Jun/2014:20:33:14 +0000]|55831
[11/Jun/2014:20:33:14 +0000]|55847
[11/Jun/2014:20:33:14 +0000]|41576
[11/Jun/2014:20:33:18 +0000]|42522
[11/Jun/2014:20:33:19 +0000]|25123
[11/Jun/2014:20:33:22 +0000]|27874
[11/Jun/2014:20:33:22 +0000]|27875
[11/Jun/2014:20:33:23 +0000]|28524
[11/Jun/2014:20:33:23 +0000]|28531
[11/Jun/2014:20:33:23 +0000]|28532
[11/Jun/2014:20:33:24 +0000]|29474
[11/Jun/2014:20:33:24 +0000]|29522
[11/Jun/2014:20:33:35 +0000]|389
[11/Jun/2014:20:33:36 +0000]|629
[11/Jun/2014:20:33:36 +0000]|17
[11/Jun/2014:20:33:36 +0000]|4
[11/Jun/2014:20:33:37 +0000]|257
[11/Jun/2014:20:33:38 +0000]|23
[11/Jun/2014:20:33:39 +0000]|3
[11/Jun/2014:20:33:39 +0000]|67
[11/Jun/2014:20:33:40 +0000]|3
[11/Jun/2014:20:33:41 +0000]|3
[11/Jun/2014:20:33:41 +0000]|118
[11/Jun/2014:20:33:42 +0000]|116
[11/Jun/2014:20:33:42 +0000]|187
[11/Jun/2014:20:33:43 +0000]|908
[11/Jun/2014:20:33:43 +0000]|868
[11/Jun/2014:20:33:43 +0000]|908
[11/Jun/2014:20:33:45 +0000]|1907
[11/Jun/2014:20:33:45 +0000]|2584
[11/Jun/2014:20:33:45 +0000]|2657
[11/Jun/2014:20:33:47 +0000]|900
[11/Jun/2014:20:33:47 +0000]|1018
[11/Jun/2014:20:33:47 +0000]|1058
[11/Jun/2014:20:33:47 +0000]|1069
[11/Jun/2014:20:33:47 +0000]|1114
[11/Jun/2014:20:33:47 +0000]|1130
[11/Jun/2014:20:33:47 +0000]|1164
[11/Jun/2014:20:33:47 +0000]|1182
[11/Jun/2014:20:33:47 +0000]|1212
[11/Jun/2014:20:33:47 +0000]|1221
[11/Jun/2014:20:33:47 +0000]|1223
[11/Jun/2014:20:33:47 +0000]|1225
[11/Jun/2014:20:33:47 +0000]|1238
[11/Jun/2014:20:33:47 +0000]|1240
[11/Jun/2014:20:33:47 +0000]|1250
[11/Jun/2014:20:33:47 +0000]|1269
[11/Jun/2014:20:34:01 +0000]|7624
[11/Jun/2014:20:34:01 +0000]|16842
[11/Jun/2014:20:34:01 +0000]|7649
[11/Jun/2014:20:34:01 +0000]|7666
[11/Jun/2014:20:34:01 +0000]|7697
[11/Jun/2014:20:34:01 +0000]|980
[11/Jun/2014:20:34:01 +0000]|13927
[11/Jun/2014:20:34:01 +0000]|7754
[11/Jun/2014:20:34:01 +0000]|7770
[11/Jun/2014:20:34:01 +0000]|7779
[11/Jun/2014:20:34:01 +0000]|7798
[11/Jun/2014:20:34:01 +0000]|7798
[11/Jun/2014:20:34:01 +0000]|7832
[11/Jun/2014:20:34:01 +0000]|7848
[11/Jun/2014:20:34:01 +0000]|7863
[11/Jun/2014:20:34:01 +0000]|7880
[11/Jun/2014:20:34:01 +0000]|7897
[11/Jun/2014:20:34:01 +0000]|7916
[11/Jun/2014:20:34:01 +0000]|7936
[11/Jun/2014:20:34:01 +0000]|7948
[11/Jun/2014:20:34:01 +0000]|7956
[11/Jun/2014:20:34:01 +0000]|7958
[11/Jun/2014:20:34:01 +0000]|7961
[11/Jun/2014:20:34:01 +0000]|7971
[11/Jun/2014:20:34:17 +0000]|30639
[11/Jun/2014:20:34:17 +0000]|30695
[11/Jun/2014:20:34:17 +0000]|30760
[11/Jun/2014:20:34:18 +0000]|30824
[11/Jun/2014:20:34:18 +0000]|30936
[11/Jun/2014:20:34:19 +0000]|36331
[11/Jun/2014:20:34:19 +0000]|8
[11/Jun/2014:20:34:19 +0000]|8
[11/Jun/2014:20:34:19 +0000]|16
[11/Jun/2014:20:34:19 +0000]|17
[11/Jun/2014:20:34:20 +0000]|18
[11/Jun/2014:20:34:20 +0000]|13
[11/Jun/2014:20:34:20 +0000]|8
[11/Jun/2014:20:34:20 +0000]|2
[11/Jun/2014:20:34:20 +0000]|9
[11/Jun/2014:20:34:20 +0000]|2
[11/Jun/2014:20:34:20 +0000]|2
[11/Jun/2014:20:34:20 +0000]|8
[11/Jun/2014:20:34:20 +0000]|2
[11/Jun/2014:20:34:20 +0000]|36489
[11/Jun/2014:20:34:20 +0000]|26513
[11/Jun/2014:20:34:20 +0000]|26584
[11/Jun/2014:20:34:20 +0000]|26609
[11/Jun/2014:20:34:20 +0000]|26698
[11/Jun/2014:20:34:20 +0000]|19197
[11/Jun/2014:20:34:20 +0000]|19233
[11/Jun/2014:20:34:29 +0000]|28347
[11/Jun/2014:20:34:40 +0000]|39284
[11/Jun/2014:20:34:41 +0000]|40412
[11/Jun/2014:20:34:48 +0000]|54088
[11/Jun/2014:20:34:48 +0000]|47463
[11/Jun/2014:20:34:49 +0000]|62614
[11/Jun/2014:20:34:53 +0000]|52027
[11/Jun/2014:20:34:57 +0000]|56033
[11/Jun/2014:20:34:57 +0000]|63601
[11/Jun/2014:20:35:00 +0000]|59051
[11/Jun/2014:20:35:00 +0000]|59053
[11/Jun/2014:20:35:00 +0000]|59056
[11/Jun/2014:20:35:00 +0000]|59057
[11/Jun/2014:20:35:00 +0000]|59058
[11/Jun/2014:20:35:00 +0000]|59128
[11/Jun/2014:20:35:00 +0000]|59157
[11/Jun/2014:20:35:00 +0000]|41495
[11/Jun/2014:20:35:01 +0000]|33932
[11/Jun/2014:20:35:01 +0000]|67859
[11/Jun/2014:20:35:01 +0000]|60395
[11/Jun/2014:20:35:02 +0000]|68688
[11/Jun/2014:20:35:02 +0000]|68699
[11/Jun/2014:20:35:02 +0000]|61159
[11/Jun/2014:20:35:02 +0000]|68711
[11/Jun/2014:20:35:02 +0000]|61168
[11/Jun/2014:20:35:02 +0000]|68722
[11/Jun/2014:20:35:02 +0000]|61174
[11/Jun/2014:20:35:02 +0000]|68734
[11/Jun/2014:20:35:02 +0000]|61190
[11/Jun/2014:20:35:02 +0000]|68750
[11/Jun/2014:20:35:02 +0000]|61205
[11/Jun/2014:20:35:02 +0000]|68766
[11/Jun/2014:20:35:02 +0000]|61221
[11/Jun/2014:20:35:03 +0000]|62115
[11/Jun/2014:20:35:03 +0000]|62130
[11/Jun/2014:20:35:03 +0000]|62141
[11/Jun/2014:20:35:04 +0000]|63120
[11/Jun/2014:20:35:04 +0000]|63124
[11/Jun/2014:20:35:04 +0000]|63132
[11/Jun/2014:20:35:04 +0000]|63141
[11/Jun/2014:20:35:04 +0000]|63149
[11/Jun/2014:20:35:04 +0000]|63158
[11/Jun/2014:20:35:04 +0000]|63166
[11/Jun/2014:20:35:04 +0000]|63174
[11/Jun/2014:20:35:04 +0000]|63183
[11/Jun/2014:20:35:05 +0000]|64404
[11/Jun/2014:20:35:05 +0000]|64404
[11/Jun/2014:20:35:05 +0000]|64404
[11/Jun/2014:20:35:05 +0000]|71958
[11/Jun/2014:20:35:05 +0000]|64405
[11/Jun/2014:20:35:05 +0000]|71959
[11/Jun/2014:20:35:05 +0000]|64403
[11/Jun/2014:20:35:07 +0000]|36071
[11/Jun/2014:20:35:07 +0000]|48696
[11/Jun/2014:20:35:07 +0000]|48728
[11/Jun/2014:20:35:08 +0000]|49588
[11/Jun/2014:20:35:10 +0000]|51481
[11/Jun/2014:20:35:10 +0000]|51489
[11/Jun/2014:20:35:12 +0000]|53549
[11/Jun/2014:20:35:12 +0000]|53572
[11/Jun/2014:20:35:13 +0000]|54601
[11/Jun/2014:20:35:13 +0000]|54665
[11/Jun/2014:20:35:14 +0000]|55582
[11/Jun/2014:20:35:14 +0000]|55598
[11/Jun/2014:20:35:14 +0000]|55615
[11/Jun/2014:20:35:14 +0000]|55644
[11/Jun/2014:20:35:14 +0000]|55664
[11/Jun/2014:20:35:14 +0000]|55680
[11/Jun/2014:20:35:15 +0000]|56527
[11/Jun/2014:20:35:15 +0000]|56541
[11/Jun/2014:20:35:20 +0000]|656
[11/Jun/2014:20:35:20 +0000]|804
[11/Jun/2014:20:35:21 +0000]|3046
[11/Jun/2014:20:35:21 +0000]|3046
[11/Jun/2014:20:35:21 +0000]|969
[11/Jun/2014:20:35:22 +0000]|5479
[11/Jun/2014:20:35:23 +0000]|44
[11/Jun/2014:20:35:23 +0000]|1148
[11/Jun/2014:20:35:23 +0000]|6579
[11/Jun/2014:20:35:24 +0000]|933
[11/Jun/2014:20:35:24 +0000]|38
[11/Jun/2014:20:35:25 +0000]|3
[11/Jun/2014:20:35:25 +0000]|3
[11/Jun/2014:20:35:26 +0000]|420
[11/Jun/2014:20:35:27 +0000]|3
[11/Jun/2014:20:35:28 +0000]|26
[11/Jun/2014:20:35:28 +0000]|2
[11/Jun/2014:20:35:29 +0000]|3
[11/Jun/2014:20:35:30 +0000]|3
[11/Jun/2014:20:35:31 +0000]|3
[11/Jun/2014:20:35:31 +0000]|3
[11/Jun/2014:20:35:32 +0000]|3
[11/Jun/2014:20:35:33 +0000]|445
[11/Jun/2014:20:35:34 +0000]|3
[11/Jun/2014:20:35:34 +0000]|137
[11/Jun/2014:20:35:34 +0000]|21
[11/Jun/2014:20:35:36 +0000]|1081
[11/Jun/2014:20:35:36 +0000]|1129
[11/Jun/2014:20:35:36 +0000]|1160
[11/Jun/2014:20:35:37 +0000]|2814
[11/Jun/2014:20:35:37 +0000]|2908
[11/Jun/2014:20:35:37 +0000]|2979
[11/Jun/2014:20:35:39 +0000]|1717
[11/Jun/2014:20:35:39 +0000]|58
[11/Jun/2014:20:35:39 +0000]|93
[11/Jun/2014:20:35:39 +0000]|23
[11/Jun/2014:20:35:39 +0000]|90
[11/Jun/2014:20:35:39 +0000]|69
[11/Jun/2014:20:35:40 +0000]|39
[11/Jun/2014:20:35:40 +0000]|88
[11/Jun/2014:20:35:40 +0000]|36
[11/Jun/2014:20:35:40 +0000]|55
[11/Jun/2014:20:35:40 +0000]|57
[11/Jun/2014:20:35:49 +0000]|1105
[11/Jun/2014:20:35:49 +0000]|1123
[11/Jun/2014:20:35:49 +0000]|23
[11/Jun/2014:20:35:49 +0000]|1164
[11/Jun/2014:20:35:49 +0000]|1198
[11/Jun/2014:20:35:49 +0000]|1201
[11/Jun/2014:20:35:49 +0000]|1226
[11/Jun/2014:20:35:49 +0000]|1259
[11/Jun/2014:20:35:49 +0000]|1278
[11/Jun/2014:20:35:49 +0000]|1280
[11/Jun/2014:20:35:49 +0000]|1285
[11/Jun/2014:20:35:49 +0000]|7707
[11/Jun/2014:20:35:49 +0000]|7720
[11/Jun/2014:20:35:49 +0000]|7735
[11/Jun/2014:20:35:49 +0000]|7744
[11/Jun/2014:20:35:49 +0000]|7760
[11/Jun/2014:20:35:49 +0000]|9352
[11/Jun/2014:20:35:50 +0000]|850
[11/Jun/2014:20:36:01 +0000]|13515
[11/Jun/2014:20:36:01 +0000]|6167
[11/Jun/2014:20:36:01 +0000]|1332
[11/Jun/2014:20:36:07 +0000]|14227
[11/Jun/2014:20:36:07 +0000]|14260
[11/Jun/2014:20:36:07 +0000]|14314
[11/Jun/2014:20:36:07 +0000]|14346
[11/Jun/2014:20:36:07 +0000]|14407
[11/Jun/2014:20:36:07 +0000]|14455
[11/Jun/2014:20:36:07 +0000]|14547
[11/Jun/2014:20:36:08 +0000]|14596
[11/Jun/2014:20:36:08 +0000]|14690
[11/Jun/2014:20:36:08 +0000]|14779
[11/Jun/2014:20:36:08 +0000]|15390
[11/Jun/2014:20:36:15 +0000]|35576
[11/Jun/2014:20:36:15 +0000]|35608
[11/Jun/2014:20:36:17 +0000]|36724
[11/Jun/2014:20:36:22 +0000]|27539
[11/Jun/2014:20:36:25 +0000]|29697
[11/Jun/2014:20:36:26 +0000]|37040
[11/Jun/2014:20:36:26 +0000]|36038
[11/Jun/2014:20:36:26 +0000]|37119
[11/Jun/2014:20:36:28 +0000]|34667
[11/Jun/2014:20:36:28 +0000]|32715
[11/Jun/2014:20:36:28 +0000]|30843
[11/Jun/2014:20:36:28 +0000]|31697
[11/Jun/2014:20:36:29 +0000]|31721
[11/Jun/2014:20:36:29 +0000]|31740
[11/Jun/2014:20:36:29 +0000]|31757
[11/Jun/2014:20:36:29 +0000]|38887
[11/Jun/2014:20:36:29 +0000]|39978
[11/Jun/2014:20:36:30 +0000]|41013
[11/Jun/2014:20:36:30 +0000]|41012
[11/Jun/2014:20:36:30 +0000]|28492
[11/Jun/2014:20:36:32 +0000]|43112
[11/Jun/2014:20:36:32 +0000]|43127
[11/Jun/2014:20:36:32 +0000]|43143
[11/Jun/2014:20:36:32 +0000]|43160
[11/Jun/2014:20:36:32 +0000]|43178
[11/Jun/2014:20:36:32 +0000]|43189
[11/Jun/2014:20:36:30 +0000]|40988
[11/Jun/2014:20:36:32 +0000]|36932
[11/Jun/2014:20:36:32 +0000]|36965
[11/Jun/2014:20:36:33 +0000]|35886
[11/Jun/2014:20:36:33 +0000]|35895
[11/Jun/2014:20:36:33 +0000]|44088
[11/Jun/2014:20:36:34 +0000]|45065
[11/Jun/2014:20:36:34 +0000]|45072
[11/Jun/2014:20:36:34 +0000]|45080
[11/Jun/2014:20:36:34 +0000]|40788
[11/Jun/2014:20:36:35 +0000]|46223
[11/Jun/2014:20:36:39 +0000]|39766
[11/Jun/2014:20:36:39 +0000]|45888
[11/Jun/2014:20:36:39 +0000]|43896
[11/Jun/2014:20:36:39 +0000]|43913
[11/Jun/2014:20:36:40 +0000]|44778
[11/Jun/2014:20:36:40 +0000]|51107
[11/Jun/2014:20:36:40 +0000]|51118
[11/Jun/2014:20:36:40 +0000]|51131
[11/Jun/2014:20:36:40 +0000]|51147
[11/Jun/2014:20:36:40 +0000]|51163
[11/Jun/2014:20:36:40 +0000]|51176
[11/Jun/2014:20:36:41 +0000]|51960
[11/Jun/2014:20:36:41 +0000]|51975
[11/Jun/2014:20:36:41 +0000]|51991
[11/Jun/2014:20:36:41 +0000]|52007
[11/Jun/2014:20:36:41 +0000]|52015
[11/Jun/2014:20:36:41 +0000]|52031
[11/Jun/2014:20:36:41 +0000]|52044
[11/Jun/2014:20:36:41 +0000]|52054
[11/Jun/2014:20:36:41 +0000]|52071
[11/Jun/2014:20:36:42 +0000]|40518
[11/Jun/2014:20:36:42 +0000]|40561
[11/Jun/2014:20:36:43 +0000]|41643
[11/Jun/2014:20:36:48 +0000]|11251
[11/Jun/2014:20:36:48 +0000]|10113
[11/Jun/2014:20:36:48 +0000]|13371
[11/Jun/2014:20:36:48 +0000]|13426
[11/Jun/2014:20:36:48 +0000]|13483
[11/Jun/2014:20:36:48 +0000]|13535
[11/Jun/2014:20:36:51 +0000]|2678
[11/Jun/2014:20:36:52 +0000]|17711
[11/Jun/2014:20:36:53 +0000]|18315
[11/Jun/2014:20:36:53 +0000]|18339
[11/Jun/2014:20:36:53 +0000]|18359
[11/Jun/2014:20:36:53 +0000]|707
[11/Jun/2014:20:36:53 +0000]|18451
[11/Jun/2014:20:36:53 +0000]|18503
[11/Jun/2014:20:36:53 +0000]|17672
[11/Jun/2014:20:36:54 +0000]|9110
[11/Jun/2014:20:36:54 +0000]|9147
[11/Jun/2014:20:36:55 +0000]|9194
[11/Jun/2014:20:36:55 +0000]|7176
[11/Jun/2014:20:36:55 +0000]|9289
[11/Jun/2014:20:36:55 +0000]|7276
[11/Jun/2014:20:36:55 +0000]|20326
[11/Jun/2014:20:36:56 +0000]|12781
[11/Jun/2014:20:36:56 +0000]|21307
[11/Jun/2014:20:36:56 +0000]|13657
[11/Jun/2014:20:36:57 +0000]|14116
[11/Jun/2014:20:36:58 +0000]|15009
[11/Jun/2014:20:36:58 +0000]|15017
[11/Jun/2014:20:36:58 +0000]|15026
[11/Jun/2014:20:36:58 +0000]|12430
[11/Jun/2014:20:36:58 +0000]|15600
[11/Jun/2014:20:36:58 +0000]|15610
[11/Jun/2014:20:36:58 +0000]|15627
[11/Jun/2014:20:36:58 +0000]|15643
[11/Jun/2014:20:36:59 +0000]|16098
[11/Jun/2014:20:36:59 +0000]|14018
[11/Jun/2014:20:36:59 +0000]|10641
[11/Jun/2014:20:36:59 +0000]|11581
[11/Jun/2014:20:37:00 +0000]|12852
[11/Jun/2014:20:37:00 +0000]|14923
[11/Jun/2014:20:37:00 +0000]|14484
[11/Jun/2014:20:37:01 +0000]|9964
[11/Jun/2014:20:37:02 +0000]|10016
[11/Jun/2014:20:37:02 +0000]|9669
[11/Jun/2014:20:37:02 +0000]|11913
[11/Jun/2014:20:37:03 +0000]|12829
[11/Jun/2014:20:37:03 +0000]|12846
[11/Jun/2014:20:37:04 +0000]|9920
[11/Jun/2014:20:37:04 +0000]|12416
[11/Jun/2014:20:37:05 +0000]|11040
MV2===========================================
[11/Jun/2014:20:30:01:972 +0000]|28
[11/Jun/2014:20:30:02:729 +0000]|21
[11/Jun/2014:20:30:03:828 +0000]|864
[11/Jun/2014:20:30:04:233 +0000]|1109
[11/Jun/2014:20:30:05:737 +0000]|1360
[11/Jun/2014:20:30:05:739 +0000]|879
[11/Jun/2014:20:30:05:746 +0000]|887
[11/Jun/2014:20:30:05:754 +0000]|638
[11/Jun/2014:20:30:05:793 +0000]|1415
[11/Jun/2014:20:30:06:021 +0000]|905
[11/Jun/2014:20:30:07:021 +0000]|1291
[11/Jun/2014:20:30:07:808 +0000]|797
[11/Jun/2014:20:30:07:968 +0000]|957
[11/Jun/2014:20:30:11:828 +0000]|3931
[11/Jun/2014:20:30:12:780 +0000]|992
[11/Jun/2014:20:30:12:817 +0000]|1029
[11/Jun/2014:20:30:12:872 +0000]|1076
[11/Jun/2014:20:30:12:888 +0000]|5130
[11/Jun/2014:20:30:12:940 +0000]|5182
[11/Jun/2014:20:30:12:969 +0000]|5211
[11/Jun/2014:20:30:13:031 +0000]|5273
[11/Jun/2014:20:30:13:072 +0000]|5315
[11/Jun/2014:20:30:13:136 +0000]|5379
[11/Jun/2014:20:30:18:613 +0000]|4359
[11/Jun/2014:20:30:18:778 +0000]|11022
[11/Jun/2014:20:30:18:840 +0000]|1357
[11/Jun/2014:20:30:18:928 +0000]|1439
[11/Jun/2014:20:30:18:980 +0000]|8842
[11/Jun/2014:20:30:19:031 +0000]|8894
[11/Jun/2014:20:30:19:320 +0000]|5060
[11/Jun/2014:20:30:19:321 +0000]|5061
[11/Jun/2014:20:30:26:401 +0000]|11202
[11/Jun/2014:20:30:29:036 +0000]|11548
[11/Jun/2014:20:30:29:708 +0000]|15390
[11/Jun/2014:20:30:29:748 +0000]|4079
[11/Jun/2014:20:30:29:840 +0000]|4172
[11/Jun/2014:20:30:29:864 +0000]|15545
[11/Jun/2014:20:30:29:936 +0000]|4275
[11/Jun/2014:20:30:32:388 +0000]|22252
[11/Jun/2014:20:30:34:009 +0000]|22213
[11/Jun/2014:20:30:34:760 +0000]|21595
[11/Jun/2014:20:30:36:249 +0000]|21997
[11/Jun/2014:20:30:36:400 +0000]|22083
[11/Jun/2014:20:30:37:088 +0000]|4699
[11/Jun/2014:20:30:37:136 +0000]|25332
[11/Jun/2014:20:30:37:150 +0000]|22833
[11/Jun/2014:20:30:37:876 +0000]|23623
[11/Jun/2014:20:30:38:608 +0000]|24355
[11/Jun/2014:20:30:38:688 +0000]|24379
[11/Jun/2014:20:30:39:533 +0000]|25224
[11/Jun/2014:20:30:39:548 +0000]|25238
[11/Jun/2014:20:30:39:565 +0000]|25249
[11/Jun/2014:20:30:39:604 +0000]|25343
[11/Jun/2014:20:30:39:624 +0000]|25300
[11/Jun/2014:20:30:40:456 +0000]|8837
[11/Jun/2014:20:30:41:089 +0000]|9471
[11/Jun/2014:20:30:42:087 +0000]|26868
[11/Jun/2014:20:30:42:087 +0000]|26869
[11/Jun/2014:20:30:42:140 +0000]|18932
[11/Jun/2014:20:30:46:381 +0000]|20721
[11/Jun/2014:20:30:48:856 +0000]|23197
[11/Jun/2014:20:30:49:119 +0000]|63
[11/Jun/2014:20:30:49:200 +0000]|23543
[11/Jun/2014:20:30:49:287 +0000]|87
[11/Jun/2014:20:30:50:600 +0000]|24943
[11/Jun/2014:20:30:51:220 +0000]|25562
[11/Jun/2014:20:30:52:192 +0000]|26533
[11/Jun/2014:20:30:52:275 +0000]|4071
[11/Jun/2014:20:30:53:616 +0000]|20544
[11/Jun/2014:20:30:53:617 +0000]|20544
[11/Jun/2014:20:30:55:056 +0000]|23438
[11/Jun/2014:20:30:55:380 +0000]|6088
[11/Jun/2014:20:30:56:704 +0000]|7647
[11/Jun/2014:20:30:56:720 +0000]|24363
[11/Jun/2014:20:30:58:438 +0000]|25994
[11/Jun/2014:20:30:59:185 +0000]|22920
[11/Jun/2014:20:31:00:792 +0000]|24528
[11/Jun/2014:20:31:00:808 +0000]|24543
[11/Jun/2014:20:31:02:534 +0000]|24633
[11/Jun/2014:20:31:03:316 +0000]|24650
[11/Jun/2014:20:31:03:348 +0000]|27068
[11/Jun/2014:20:31:03:364 +0000]|27098
[11/Jun/2014:20:31:04:235 +0000]|15113
[11/Jun/2014:20:31:04:334 +0000]|16121
[11/Jun/2014:20:31:05:057 +0000]|12821
[11/Jun/2014:20:31:05:120 +0000]|12884
[11/Jun/2014:20:31:05:176 +0000]|12939
[11/Jun/2014:20:31:08:128 +0000]|19107
[11/Jun/2014:20:31:08:236 +0000]|19379
[11/Jun/2014:20:31:09:624 +0000]|21400
[11/Jun/2014:20:31:11:280 +0000]|22416
[11/Jun/2014:20:31:11:296 +0000]|22276
[11/Jun/2014:20:31:11:320 +0000]|19089
[11/Jun/2014:20:31:11:329 +0000]|19099
[11/Jun/2014:20:31:11:416 +0000]|19188
[11/Jun/2014:20:31:11:452 +0000]|19223
[11/Jun/2014:20:31:12:148 +0000]|19911
[11/Jun/2014:20:31:12:184 +0000]|19946
[11/Jun/2014:20:31:12:808 +0000]|20588
[11/Jun/2014:20:31:13:692 +0000]|21462
[11/Jun/2014:20:31:18:997 +0000]|6
[11/Jun/2014:20:31:19:995 +0000]|4
[11/Jun/2014:20:31:21:410 +0000]|400
[11/Jun/2014:20:31:21:995 +0000]|4
[11/Jun/2014:20:31:22:995 +0000]|4
[11/Jun/2014:20:31:23:997 +0000]|6
[11/Jun/2014:20:31:24:993 +0000]|2
[11/Jun/2014:20:31:25:994 +0000]|4
[11/Jun/2014:20:31:27:444 +0000]|454
[11/Jun/2014:20:31:27:994 +0000]|4
[11/Jun/2014:20:31:29:328 +0000]|335
[11/Jun/2014:20:31:29:995 +0000]|4
[11/Jun/2014:20:31:30:995 +0000]|4
[11/Jun/2014:20:31:32:403 +0000]|412
[11/Jun/2014:20:31:32:994 +0000]|3
[11/Jun/2014:20:31:34:148 +0000]|157
[11/Jun/2014:20:31:34:995 +0000]|4
[11/Jun/2014:20:31:36:363 +0000]|372
[11/Jun/2014:20:31:37:260 +0000]|269
[11/Jun/2014:20:31:38:009 +0000]|18
[11/Jun/2014:20:31:39:008 +0000]|17
[11/Jun/2014:20:31:39:994 +0000]|4
[11/Jun/2014:20:31:40:645 +0000]|33
[11/Jun/2014:20:31:41:435 +0000]|822
[11/Jun/2014:20:31:41:435 +0000]|822
[11/Jun/2014:20:31:42:700 +0000]|1200
[11/Jun/2014:20:31:43:260 +0000]|1752
[11/Jun/2014:20:31:44:200 +0000]|120
[11/Jun/2014:20:31:44:762 +0000]|2210
[11/Jun/2014:20:31:44:769 +0000]|772
[11/Jun/2014:20:31:44:812 +0000]|813
[11/Jun/2014:20:31:44:821 +0000]|822
[11/Jun/2014:20:31:44:840 +0000]|840
[11/Jun/2014:20:31:44:858 +0000]|858
[11/Jun/2014:20:31:44:865 +0000]|865
[11/Jun/2014:20:31:44:873 +0000]|863
[11/Jun/2014:20:31:44:875 +0000]|865
[11/Jun/2014:20:31:44:882 +0000]|871
[11/Jun/2014:20:31:44:884 +0000]|873
[11/Jun/2014:20:31:44:970 +0000]|973
[11/Jun/2014:20:31:44:984 +0000]|986
[11/Jun/2014:20:31:44:976 +0000]|3484
[11/Jun/2014:20:31:54:952 +0000]|9960
[11/Jun/2014:20:31:55:016 +0000]|10032
[11/Jun/2014:20:31:55:092 +0000]|10123
[11/Jun/2014:20:31:57:417 +0000]|4991
[11/Jun/2014:20:31:57:444 +0000]|5018
[11/Jun/2014:20:31:57:464 +0000]|5043
[11/Jun/2014:20:31:57:507 +0000]|5087
[11/Jun/2014:20:31:57:552 +0000]|5132
[11/Jun/2014:20:31:57:592 +0000]|6740
[11/Jun/2014:20:31:57:629 +0000]|6932
[11/Jun/2014:20:31:57:676 +0000]|6969
[11/Jun/2014:20:31:57:729 +0000]|5310
[11/Jun/2014:20:31:57:776 +0000]|8747
[11/Jun/2014:20:32:06:740 +0000]|1140
[11/Jun/2014:20:32:09:760 +0000]|20720
[11/Jun/2014:20:32:09:868 +0000]|20828
[11/Jun/2014:20:32:09:896 +0000]|20855
[11/Jun/2014:20:32:10:368 +0000]|607
[11/Jun/2014:20:32:11:852 +0000]|22816
[11/Jun/2014:20:32:14:232 +0000]|23526
[11/Jun/2014:20:32:14:384 +0000]|15439
[11/Jun/2014:20:32:14:392 +0000]|18712
[11/Jun/2014:20:32:15:020 +0000]|24321
[11/Jun/2014:20:32:15:092 +0000]|24394
[11/Jun/2014:20:32:16:590 +0000]|21828
[11/Jun/2014:20:32:16:620 +0000]|25913
[11/Jun/2014:20:32:17:336 +0000]|21648
[11/Jun/2014:20:32:18:062 +0000]|28982
[11/Jun/2014:20:32:18:956 +0000]|24191
[11/Jun/2014:20:32:19:668 +0000]|24832
[11/Jun/2014:20:32:20:434 +0000]|25668
[11/Jun/2014:20:32:20:448 +0000]|31407
[11/Jun/2014:20:32:20:576 +0000]|6336
[11/Jun/2014:20:32:20:608 +0000]|6368
[11/Jun/2014:20:32:20:648 +0000]|11002
[11/Jun/2014:20:32:20:664 +0000]|25892
[11/Jun/2014:20:32:21:324 +0000]|7083
[11/Jun/2014:20:32:21:464 +0000]|26702
[11/Jun/2014:20:32:22:354 +0000]|33313
[11/Jun/2014:20:32:22:372 +0000]|33330
[11/Jun/2014:20:32:22:386 +0000]|33344
[11/Jun/2014:20:32:22:402 +0000]|33360
[11/Jun/2014:20:32:22:412 +0000]|27328
[11/Jun/2014:20:32:23:176 +0000]|34135
[11/Jun/2014:20:32:23:212 +0000]|34176
[11/Jun/2014:20:32:23:829 +0000]|34792
[11/Jun/2014:20:32:23:836 +0000]|34799
[11/Jun/2014:20:32:23:852 +0000]|34815
[11/Jun/2014:20:32:23:868 +0000]|34828
[11/Jun/2014:20:32:24:706 +0000]|29933
[11/Jun/2014:20:32:25:524 +0000]|30763
[11/Jun/2014:20:32:25:542 +0000]|30780
[11/Jun/2014:20:32:26:472 +0000]|31709
[11/Jun/2014:20:32:28:809 +0000]|30657
[11/Jun/2014:20:32:28:809 +0000]|30669
[11/Jun/2014:20:32:31:132 +0000]|30224
[11/Jun/2014:20:32:31:148 +0000]|34643
[11/Jun/2014:20:32:33:378 +0000]|35225
[11/Jun/2014:20:32:34:312 +0000]|36152
[11/Jun/2014:20:32:34:327 +0000]|36173
[11/Jun/2014:20:32:37:560 +0000]|39419
[11/Jun/2014:20:32:37:568 +0000]|39420
[11/Jun/2014:20:32:37:576 +0000]|39425
[11/Jun/2014:20:32:37:584 +0000]|39432
[11/Jun/2014:20:32:44:608 +0000]|30360
[11/Jun/2014:20:32:44:692 +0000]|22356
[11/Jun/2014:20:32:44:748 +0000]|22404
[11/Jun/2014:20:32:46:684 +0000]|24331
[11/Jun/2014:20:32:46:760 +0000]|24406
[11/Jun/2014:20:32:47:432 +0000]|25080
[11/Jun/2014:20:32:48:176 +0000]|25824
[11/Jun/2014:20:32:48:200 +0000]|25846
[11/Jun/2014:20:32:48:956 +0000]|26570
[11/Jun/2014:20:32:48:984 +0000]|26620
[11/Jun/2014:20:32:49:006 +0000]|26642
[11/Jun/2014:20:32:49:881 +0000]|27525
[11/Jun/2014:20:32:49:904 +0000]|27520
[11/Jun/2014:20:32:49:920 +0000]|27544
[11/Jun/2014:20:32:49:936 +0000]|27563
[11/Jun/2014:20:32:49:952 +0000]|27580
[11/Jun/2014:20:32:49:968 +0000]|27603
[11/Jun/2014:20:32:51:408 +0000]|29024
[11/Jun/2014:20:32:51:424 +0000]|29039
[11/Jun/2014:20:33:34:819 +0000]|2
[11/Jun/2014:20:33:35:768 +0000]|202
[11/Jun/2014:20:33:36:333 +0000]|17
[11/Jun/2014:20:33:37:070 +0000]|4
[11/Jun/2014:20:33:37:819 +0000]|3
[11/Jun/2014:20:33:38:569 +0000]|3
[11/Jun/2014:20:33:39:319 +0000]|3
[11/Jun/2014:20:33:40:069 +0000]|3
[11/Jun/2014:20:33:40:819 +0000]|3
[11/Jun/2014:20:33:41:568 +0000]|2
[11/Jun/2014:20:33:42:323 +0000]|4
[11/Jun/2014:20:33:43:068 +0000]|2
[11/Jun/2014:20:33:43:571 +0000]|2
[11/Jun/2014:20:33:44:068 +0000]|3
[11/Jun/2014:20:33:44:568 +0000]|3
[11/Jun/2014:20:33:44:908 +0000]|64
[11/Jun/2014:20:33:45:583 +0000]|113
[11/Jun/2014:20:33:46:512 +0000]|912
[11/Jun/2014:20:33:46:550 +0000]|984
[11/Jun/2014:20:33:46:596 +0000]|1125
[11/Jun/2014:20:33:46:628 +0000]|1157
[11/Jun/2014:20:33:46:722 +0000]|86
[11/Jun/2014:20:33:49:760 +0000]|80
[11/Jun/2014:20:33:49:825 +0000]|153
[11/Jun/2014:20:33:49:880 +0000]|214
[11/Jun/2014:20:33:50:368 +0000]|688
[11/Jun/2014:20:33:50:369 +0000]|704
[11/Jun/2014:20:33:50:369 +0000]|705
[11/Jun/2014:20:33:53:589 +0000]|3925
[11/Jun/2014:20:33:53:620 +0000]|31
[11/Jun/2014:20:33:53:652 +0000]|32
[11/Jun/2014:20:33:53:725 +0000]|4065
[11/Jun/2014:20:33:53:780 +0000]|54
[11/Jun/2014:20:33:53:797 +0000]|4138
[11/Jun/2014:20:33:53:844 +0000]|7205
[11/Jun/2014:20:33:53:869 +0000]|4210
[11/Jun/2014:20:33:53:894 +0000]|7256
[11/Jun/2014:20:33:53:928 +0000]|4270
[11/Jun/2014:20:33:53:953 +0000]|7315
[11/Jun/2014:20:33:53:968 +0000]|4310
[11/Jun/2014:20:33:54:005 +0000]|7368
[11/Jun/2014:20:33:54:037 +0000]|4380
[11/Jun/2014:20:33:54:080 +0000]|7443
[11/Jun/2014:20:33:54:120 +0000]|4463
[11/Jun/2014:20:33:54:444 +0000]|792
[11/Jun/2014:20:34:06:750 +0000]|17798
[11/Jun/2014:20:34:08:204 +0000]|21016
[11/Jun/2014:20:34:08:296 +0000]|11514
[11/Jun/2014:20:34:08:382 +0000]|11599
[11/Jun/2014:20:34:10:028 +0000]|13245
[11/Jun/2014:20:34:10:089 +0000]|13293
[11/Jun/2014:20:34:13:348 +0000]|16548
[11/Jun/2014:20:34:13:897 +0000]|541
[11/Jun/2014:20:34:18:960 +0000]|22139
[11/Jun/2014:20:34:19:008 +0000]|22208
[11/Jun/2014:20:34:19:725 +0000]|26932
[11/Jun/2014:20:34:19:752 +0000]|29567
[11/Jun/2014:20:34:22:037 +0000]|25228
[11/Jun/2014:20:34:22:083 +0000]|32427
[11/Jun/2014:20:34:22:088 +0000]|25402
[11/Jun/2014:20:34:22:232 +0000]|25412
[11/Jun/2014:20:34:22:952 +0000]|26140
[11/Jun/2014:20:34:23:000 +0000]|24604
[11/Jun/2014:20:34:23:712 +0000]|26160
[11/Jun/2014:20:34:25:341 +0000]|28518
[11/Jun/2014:20:34:25:364 +0000]|28540
[11/Jun/2014:20:34:26:040 +0000]|29230
[11/Jun/2014:20:34:26:072 +0000]|35886
[11/Jun/2014:20:34:26:088 +0000]|32592
[11/Jun/2014:20:34:26:114 +0000]|29305
[11/Jun/2014:20:34:26:120 +0000]|29312
[11/Jun/2014:20:34:26:136 +0000]|29328
[11/Jun/2014:20:34:26:752 +0000]|29951
[11/Jun/2014:20:34:26:760 +0000]|33965
[11/Jun/2014:20:34:26:784 +0000]|29984
[11/Jun/2014:20:34:31:097 +0000]|34277
[11/Jun/2014:20:34:31:120 +0000]|34306
[11/Jun/2014:20:34:31:832 +0000]|35019
[11/Jun/2014:20:34:31:844 +0000]|35031
[11/Jun/2014:20:34:31:860 +0000]|35048
[11/Jun/2014:20:34:31:884 +0000]|35062
[11/Jun/2014:20:34:31:900 +0000]|35078
[11/Jun/2014:20:34:31:916 +0000]|35095
[11/Jun/2014:20:34:34:292 +0000]|37468
[11/Jun/2014:20:34:34:320 +0000]|37497
[11/Jun/2014:20:34:35:189 +0000]|27781
[11/Jun/2014:20:34:35:212 +0000]|27803
[11/Jun/2014:20:34:40:124 +0000]|26896
[11/Jun/2014:20:34:41:092 +0000]|33676
[11/Jun/2014:20:34:41:828 +0000]|34412
[11/Jun/2014:20:34:43:664 +0000]|29703
[11/Jun/2014:20:34:44:462 +0000]|30441
[11/Jun/2014:20:34:46:972 +0000]|32862
[11/Jun/2014:20:34:47:753 +0000]|33780
[11/Jun/2014:20:34:47:821 +0000]|30468
[11/Jun/2014:20:34:49:564 +0000]|32210
[11/Jun/2014:20:34:50:393 +0000]|36430
[11/Jun/2014:20:34:50:460 +0000]|33108
[11/Jun/2014:20:34:51:152 +0000]|37256
[11/Jun/2014:20:34:51:184 +0000]|37207
[11/Jun/2014:20:34:51:200 +0000]|37223
[11/Jun/2014:20:34:51:216 +0000]|37240
[11/Jun/2014:20:34:51:232 +0000]|37257
[11/Jun/2014:20:34:51:248 +0000]|37274
[11/Jun/2014:20:34:51:980 +0000]|38006
[11/Jun/2014:20:34:51:996 +0000]|37988
[11/Jun/2014:20:34:52:004 +0000]|38006
[11/Jun/2014:20:34:52:020 +0000]|38055
[11/Jun/2014:20:34:52:036 +0000]|38072
[11/Jun/2014:20:34:52:052 +0000]|38088
[11/Jun/2014:20:34:52:939 +0000]|38976
[11/Jun/2014:20:34:54:479 +0000]|40490
[11/Jun/2014:20:34:54:488 +0000]|40525
[11/Jun/2014:20:34:54:504 +0000]|40395
[11/Jun/2014:20:34:54:554 +0000]|40534
[11/Jun/2014:20:34:54:568 +0000]|40547
[11/Jun/2014:20:34:55:452 +0000]|41480
[11/Jun/2014:20:34:57:708 +0000]|43746
[11/Jun/2014:20:34:57:724 +0000]|43762
[11/Jun/2014:20:34:57:780 +0000]|43782
[11/Jun/2014:20:34:57:796 +0000]|43799
[11/Jun/2014:20:34:58:545 +0000]|44549
[11/Jun/2014:20:34:59:558 +0000]|45573
[11/Jun/2014:20:34:59:564 +0000]|45577
[11/Jun/2014:20:34:59:565 +0000]|45581
[11/Jun/2014:20:34:59:565 +0000]|45577
[11/Jun/2014:20:34:59:565 +0000]|45577
[11/Jun/2014:20:34:59:576 +0000]|45591
[11/Jun/2014:20:35:01:396 +0000]|47397
[11/Jun/2014:20:35:01:414 +0000]|47414
[11/Jun/2014:20:35:01:430 +0000]|47429
[11/Jun/2014:20:35:01:451 +0000]|47450
[11/Jun/2014:20:35:01:490 +0000]|47512
[11/Jun/2014:20:35:02:256 +0000]|48270
[11/Jun/2014:20:35:05:632 +0000]|15255
[11/Jun/2014:20:35:06:412 +0000]|13412
[11/Jun/2014:20:35:06:804 +0000]|52
[11/Jun/2014:20:35:06:852 +0000]|535
[11/Jun/2014:20:35:07:248 +0000]|932
[11/Jun/2014:20:35:08:448 +0000]|9904
[11/Jun/2014:20:35:15:200 +0000]|3
[11/Jun/2014:20:35:16:200 +0000]|3
[11/Jun/2014:20:35:17:200 +0000]|3
[11/Jun/2014:20:35:18:590 +0000]|393
[11/Jun/2014:20:35:19:570 +0000]|373
[11/Jun/2014:20:35:20:610 +0000]|413
[11/Jun/2014:20:35:21:731 +0000]|534
[11/Jun/2014:20:35:22:276 +0000]|80
[11/Jun/2014:20:35:23:124 +0000]|178
[11/Jun/2014:20:35:24:052 +0000]|356
[11/Jun/2014:20:35:24:755 +0000]|309
[11/Jun/2014:20:35:25:572 +0000]|376
[11/Jun/2014:20:35:25:952 +0000]|3
[11/Jun/2014:20:35:26:700 +0000]|3
[11/Jun/2014:20:35:27:451 +0000]|4
[11/Jun/2014:20:35:28:200 +0000]|3
[11/Jun/2014:20:35:28:951 +0000]|4
[11/Jun/2014:20:35:29:700 +0000]|3
[11/Jun/2014:20:35:30:800 +0000]|353
[11/Jun/2014:20:35:31:200 +0000]|3
[11/Jun/2014:20:35:31:950 +0000]|3
[11/Jun/2014:20:35:32:760 +0000]|63
[11/Jun/2014:20:35:33:450 +0000]|3
[11/Jun/2014:20:35:34:202 +0000]|3
[11/Jun/2014:20:35:34:966 +0000]|3
[11/Jun/2014:20:35:35:450 +0000]|3
[11/Jun/2014:20:35:35:996 +0000]|16
[11/Jun/2014:20:35:36:452 +0000]|6
[11/Jun/2014:20:35:36:950 +0000]|4
[11/Jun/2014:20:35:37:681 +0000]|497
[11/Jun/2014:20:35:38:052 +0000]|360
[11/Jun/2014:20:35:38:069 +0000]|386
[11/Jun/2014:20:35:38:455 +0000]|773
[11/Jun/2014:20:35:40:766 +0000]|1892
[11/Jun/2014:20:35:40:820 +0000]|1951
[11/Jun/2014:20:35:40:892 +0000]|2018
[11/Jun/2014:20:35:40:925 +0000]|233
[11/Jun/2014:20:35:41:473 +0000]|3485
[11/Jun/2014:20:35:41:473 +0000]|3525
[11/Jun/2014:20:35:41:474 +0000]|708
[11/Jun/2014:20:35:41:474 +0000]|654
[11/Jun/2014:20:35:41:475 +0000]|2602
[11/Jun/2014:20:35:41:475 +0000]|583
[11/Jun/2014:20:35:41:480 +0000]|555
[11/Jun/2014:20:35:41:484 +0000]|540
[11/Jun/2014:20:35:49:098 +0000]|2628
[11/Jun/2014:20:35:49:113 +0000]|2644
[11/Jun/2014:20:35:49:144 +0000]|2675
[11/Jun/2014:20:35:49:160 +0000]|2691
[11/Jun/2014:20:35:49:176 +0000]|2707
[11/Jun/2014:20:35:49:193 +0000]|2724
[11/Jun/2014:20:35:49:243 +0000]|2775
[11/Jun/2014:20:35:49:264 +0000]|8309
[11/Jun/2014:20:35:49:274 +0000]|2809
[11/Jun/2014:20:35:49:306 +0000]|2842
[11/Jun/2014:20:35:49:328 +0000]|8374
[11/Jun/2014:20:35:49:345 +0000]|2881
[11/Jun/2014:20:35:49:384 +0000]|2920
[11/Jun/2014:20:35:49:392 +0000]|8438
[11/Jun/2014:20:35:49:416 +0000]|2952
[11/Jun/2014:20:35:49:451 +0000]|2203
[11/Jun/2014:20:35:49:480 +0000]|8527
[11/Jun/2014:20:35:49:488 +0000]|3018
[11/Jun/2014:20:36:01:721 +0000]|901
[11/Jun/2014:20:36:01:745 +0000]|9341
[11/Jun/2014:20:36:01:768 +0000]|9371
[11/Jun/2014:20:36:01:785 +0000]|9388
[11/Jun/2014:20:36:01:832 +0000]|10158
[11/Jun/2014:20:36:01:864 +0000]|952
[11/Jun/2014:20:36:01:888 +0000]|15411
[11/Jun/2014:20:36:01:920 +0000]|15444
[11/Jun/2014:20:36:01:952 +0000]|1040
[11/Jun/2014:20:36:01:985 +0000]|1074
[11/Jun/2014:20:36:02:044 +0000]|1133
[11/Jun/2014:20:36:02:070 +0000]|1160
[11/Jun/2014:20:36:02:116 +0000]|15640
[11/Jun/2014:20:36:02:124 +0000]|1214
[11/Jun/2014:20:36:02:173 +0000]|1264
[11/Jun/2014:20:36:02:180 +0000]|15709
[11/Jun/2014:20:36:02:213 +0000]|1305
[11/Jun/2014:20:36:02:252 +0000]|1344
[11/Jun/2014:20:36:02:262 +0000]|15791
[11/Jun/2014:20:36:02:288 +0000]|1385
[11/Jun/2014:20:36:02:298 +0000]|1396
[11/Jun/2014:20:36:02:325 +0000]|15855
[11/Jun/2014:20:36:02:348 +0000]|1447
[11/Jun/2014:20:36:02:366 +0000]|1465
[11/Jun/2014:20:36:02:405 +0000]|1505
[11/Jun/2014:20:36:02:430 +0000]|1530
[11/Jun/2014:20:36:02:462 +0000]|1568
[11/Jun/2014:20:36:20:713 +0000]|19770
[11/Jun/2014:20:36:20:737 +0000]|28306
[11/Jun/2014:20:36:20:793 +0000]|28365
[11/Jun/2014:20:36:20:848 +0000]|28428
[11/Jun/2014:20:36:20:889 +0000]|28477
[11/Jun/2014:20:36:20:968 +0000]|28563
[11/Jun/2014:20:36:21:008 +0000]|31824
[11/Jun/2014:20:36:21:096 +0000]|28692
[11/Jun/2014:20:36:26:324 +0000]|39848
[11/Jun/2014:20:36:28:906 +0000]|21480
[11/Jun/2014:20:36:28:924 +0000]|28036
[11/Jun/2014:20:36:29:004 +0000]|28111
[11/Jun/2014:20:36:29:040 +0000]|28228
[11/Jun/2014:20:36:29:144 +0000]|40093
[11/Jun/2014:20:36:30:864 +0000]|49919
[11/Jun/2014:20:36:32:668 +0000]|31840
[11/Jun/2014:20:36:32:700 +0000]|31872
[11/Jun/2014:20:36:32:772 +0000]|31936
[11/Jun/2014:20:36:32:824 +0000]|31981
[11/Jun/2014:20:36:32:900 +0000]|32052
[11/Jun/2014:20:36:34:472 +0000]|45410
[11/Jun/2014:20:36:39:148 +0000]|50086
[11/Jun/2014:20:36:39:164 +0000]|50099
[11/Jun/2014:20:36:39:172 +0000]|50107
[11/Jun/2014:20:36:40:028 +0000]|50967
[11/Jun/2014:20:36:40:052 +0000]|50991
[11/Jun/2014:20:36:41:159 +0000]|51719
[11/Jun/2014:20:36:41:180 +0000]|51240
[11/Jun/2014:20:36:41:209 +0000]|54741
[11/Jun/2014:20:36:41:224 +0000]|52174
[11/Jun/2014:20:36:41:240 +0000]|52180
[11/Jun/2014:20:36:42:088 +0000]|53028
[11/Jun/2014:20:36:43:216 +0000]|1046
[11/Jun/2014:20:36:43:240 +0000]|1071
[11/Jun/2014:20:36:43:249 +0000]|1081
[11/Jun/2014:20:36:43:257 +0000]|1089
[11/Jun/2014:20:36:43:259 +0000]|5919
[11/Jun/2014:20:36:43:265 +0000]|1102
[11/Jun/2014:20:36:43:268 +0000]|5928
[11/Jun/2014:20:36:43:273 +0000]|1111
[11/Jun/2014:20:36:43:280 +0000]|5945
[11/Jun/2014:20:36:43:282 +0000]|1120
[11/Jun/2014:20:36:43:284 +0000]|8833
[11/Jun/2014:20:36:43:290 +0000]|1129
[11/Jun/2014:20:36:43:297 +0000]|7905
[11/Jun/2014:20:36:43:312 +0000]|7928
[11/Jun/2014:20:36:43:328 +0000]|9728
[11/Jun/2014:20:36:44:120 +0000]|1950
[11/Jun/2014:20:36:44:121 +0000]|1952
[11/Jun/2014:20:36:45:128 +0000]|44308
[11/Jun/2014:20:36:51:700 +0000]|50836
[11/Jun/2014:20:36:51:700 +0000]|44275
[11/Jun/2014:20:36:51:668 +0000]|50788
[11/Jun/2014:20:36:51:644 +0000]|50772
[11/Jun/2014:20:36:51:630 +0000]|50758
[11/Jun/2014:20:36:51:620 +0000]|50756
[11/Jun/2014:20:36:51:588 +0000]|50732
[11/Jun/2014:20:36:50:836 +0000]|49980
[11/Jun/2014:20:36:50:820 +0000]|49972
[11/Jun/2014:20:36:57:332 +0000]|49906
[11/Jun/2014:20:36:56:472 +0000]|49047
[11/Jun/2014:20:36:59:865 +0000]|27269
[11/Jun/2014:20:37:02:572 +0000]|29975
[11/Jun/2014:20:37:02:577 +0000]|32693
[11/Jun/2014:20:37:03:060 +0000]|8517
[11/Jun/2014:20:37:03:108 +0000]|8566
[11/Jun/2014:20:37:03:156 +0000]|8614
[11/Jun/2014:20:37:03:200 +0000]|8662
[11/Jun/2014:20:37:03:251 +0000]|8713
[11/Jun/2014:20:37:03:292 +0000]|8755
[11/Jun/2014:20:37:03:320 +0000]|8783
[11/Jun/2014:20:37:03:348 +0000]|8811
[11/Jun/2014:20:37:03:436 +0000]|30838
[11/Jun/2014:20:37:03:444 +0000]|30846
[11/Jun/2014:20:37:03:452 +0000]|30855
[11/Jun/2014:20:37:04:488 +0000]|31888
[11/Jun/2014:20:37:04:884 +0000]|31424
[11/Jun/2014:20:37:06:216 +0000]|28857
[11/Jun/2014:20:37:06:932 +0000]|21899
[11/Jun/2014:20:37:07:356 +0000]|22252
[11/Jun/2014:20:37:07:376 +0000]|11784
[11/Jun/2014:20:37:07:440 +0000]|12896
[11/Jun/2014:20:37:08:660 +0000]|15815
[11/Jun/2014:20:37:08:752 +0000]|14209
[11/Jun/2014:20:37:09:100 +0000]|14564
[11/Jun/2014:20:37:09:588 +0000]|15045
[11/Jun/2014:20:37:10:636 +0000]|17784
[11/Jun/2014:20:37:10:648 +0000]|17803
[11/Jun/2014:20:37:11:096 +0000]|26063
[11/Jun/2014:20:37:11:098 +0000]|26065
[11/Jun/2014:20:37:11:100 +0000]|26067
[11/Jun/2014:20:37:11:112 +0000]|26080
[11/Jun/2014:20:37:12:159 +0000]|16566
[11/Jun/2014:20:37:12:644 +0000]|17051
MV3===========================================
[11/Jun/2014:20:30:22:457 +0000]|21
[11/Jun/2014:20:30:22:872 +0000]|64
[11/Jun/2014:20:30:23:908 +0000]|232
[11/Jun/2014:20:30:24:021 +0000]|96
[11/Jun/2014:20:30:23:940 +0000]|263
[11/Jun/2014:20:30:24:958 +0000]|653
[11/Jun/2014:20:30:25:053 +0000]|1129
[11/Jun/2014:20:30:25:849 +0000]|425
[11/Jun/2014:20:30:25:864 +0000]|444
[11/Jun/2014:20:30:25:892 +0000]|480
[11/Jun/2014:20:30:26:338 +0000]|922
[11/Jun/2014:20:30:26:808 +0000]|464
[11/Jun/2014:20:30:27:262 +0000]|923
[11/Jun/2014:20:30:27:716 +0000]|1377
[11/Jun/2014:20:30:28:588 +0000]|518
[11/Jun/2014:20:30:28:676 +0000]|606
[11/Jun/2014:20:30:28:725 +0000]|655
[11/Jun/2014:20:30:28:784 +0000]|713
[11/Jun/2014:20:30:28:839 +0000]|770
[11/Jun/2014:20:30:29:340 +0000]|1271
[11/Jun/2014:20:30:29:497 +0000]|617
[11/Jun/2014:20:30:31:092 +0000]|1204
[11/Jun/2014:20:30:31:316 +0000]|2435
[11/Jun/2014:20:30:31:471 +0000]|2591
[11/Jun/2014:20:30:32:676 +0000]|6336
[11/Jun/2014:20:30:32:872 +0000]|1396
[11/Jun/2014:20:30:32:952 +0000]|1482
[11/Jun/2014:20:30:33:016 +0000]|60
[11/Jun/2014:20:30:33:068 +0000]|52
[11/Jun/2014:20:30:33:121 +0000]|1652
[11/Jun/2014:20:30:33:145 +0000]|1676
[11/Jun/2014:20:30:33:159 +0000]|1691
[11/Jun/2014:20:30:33:161 +0000]|3274
[11/Jun/2014:20:30:36:160 +0000]|9820
[11/Jun/2014:20:30:36:184 +0000]|5122
[11/Jun/2014:20:30:36:208 +0000]|5145
[11/Jun/2014:20:30:37:066 +0000]|2578
[11/Jun/2014:20:30:37:144 +0000]|2656
[11/Jun/2014:20:30:37:208 +0000]|2721
[11/Jun/2014:20:30:37:262 +0000]|2776
[11/Jun/2014:20:30:37:292 +0000]|2806
[11/Jun/2014:20:30:39:000 +0000]|9114
[11/Jun/2014:20:30:39:060 +0000]|7562
[11/Jun/2014:20:30:39:120 +0000]|2487
[11/Jun/2014:20:30:39:176 +0000]|4691
[11/Jun/2014:20:30:39:241 +0000]|2609
[11/Jun/2014:20:30:40:664 +0000]|6548
[11/Jun/2014:20:30:40:768 +0000]|4956
[11/Jun/2014:20:30:40:829 +0000]|60
[11/Jun/2014:20:30:40:868 +0000]|39
[11/Jun/2014:20:30:40:943 +0000]|1542
[11/Jun/2014:20:30:40:983 +0000]|40
[11/Jun/2014:20:30:41:014 +0000]|4383
[11/Jun/2014:20:30:41:092 +0000]|6607
[11/Jun/2014:20:30:41:112 +0000]|20
[11/Jun/2014:20:30:41:129 +0000]|17
[11/Jun/2014:20:30:41:147 +0000]|18
[11/Jun/2014:20:30:41:239 +0000]|551
[11/Jun/2014:20:30:41:240 +0000]|372
[11/Jun/2014:20:30:41:240 +0000]|225
[11/Jun/2014:20:30:41:241 +0000]|4611
[11/Jun/2014:20:30:42:039 +0000]|13158
[11/Jun/2014:20:30:41:239 +0000]|1331
[11/Jun/2014:20:30:41:240 +0000]|1008
[11/Jun/2014:20:30:41:241 +0000]|4611
[11/Jun/2014:20:30:42:208 +0000]|527
[11/Jun/2014:20:30:42:276 +0000]|67
[11/Jun/2014:20:30:42:320 +0000]|7836
[11/Jun/2014:20:30:48:044 +0000]|11415
[11/Jun/2014:20:30:49:633 +0000]|7989
[11/Jun/2014:20:30:49:666 +0000]|7619
[11/Jun/2014:20:30:49:704 +0000]|3436
[11/Jun/2014:20:30:49:748 +0000]|3490
[11/Jun/2014:20:30:49:804 +0000]|3537
[11/Jun/2014:20:30:49:852 +0000]|9651
[11/Jun/2014:20:30:50:211 +0000]|3944
[11/Jun/2014:20:30:51:789 +0000]|11573
[11/Jun/2014:20:30:53:278 +0000]|11633
[11/Jun/2014:20:30:54:431 +0000]|12753
[11/Jun/2014:20:30:54:512 +0000]|8246
[11/Jun/2014:20:30:54:908 +0000]|1624
[11/Jun/2014:20:30:54:952 +0000]|1673
[11/Jun/2014:20:30:54:996 +0000]|1718
[11/Jun/2014:20:30:55:052 +0000]|1775
[11/Jun/2014:20:30:55:840 +0000]|2563
[11/Jun/2014:20:30:56:176 +0000]|15193
[11/Jun/2014:20:30:56:915 +0000]|14876
[11/Jun/2014:20:30:58:129 +0000]|11862
[11/Jun/2014:20:30:58:144 +0000]|11876
[11/Jun/2014:20:30:58:188 +0000]|11919
[11/Jun/2014:20:30:58:237 +0000]|11968
[11/Jun/2014:20:30:58:292 +0000]|12022
[11/Jun/2014:20:30:58:976 +0000]|5691
[11/Jun/2014:20:30:58:992 +0000]|5717
[11/Jun/2014:20:30:59:336 +0000]|13070
[11/Jun/2014:20:30:59:344 +0000]|13078
[11/Jun/2014:20:30:59:712 +0000]|13446
[11/Jun/2014:20:30:59:716 +0000]|13448
[11/Jun/2014:20:30:59:724 +0000]|13464
[11/Jun/2014:20:30:59:732 +0000]|13464
[11/Jun/2014:20:31:21:899 +0000]|370
[11/Jun/2014:20:31:22:532 +0000]|3
[11/Jun/2014:20:31:23:535 +0000]|6
[11/Jun/2014:20:31:24:539 +0000]|10
[11/Jun/2014:20:31:25:620 +0000]|90
[11/Jun/2014:20:31:26:532 +0000]|4
[11/Jun/2014:20:31:27:664 +0000]|136
[11/Jun/2014:20:31:28:728 +0000]|200
[11/Jun/2014:20:31:29:686 +0000]|158
[11/Jun/2014:20:31:30:532 +0000]|4
[11/Jun/2014:20:31:31:532 +0000]|4
[11/Jun/2014:20:31:32:812 +0000]|283
[11/Jun/2014:20:31:33:536 +0000]|7
[11/Jun/2014:20:31:34:533 +0000]|4
[11/Jun/2014:20:31:35:131 +0000]|17
[11/Jun/2014:20:31:35:677 +0000]|21
[11/Jun/2014:20:31:35:704 +0000]|46
[11/Jun/2014:20:31:35:724 +0000]|67
[11/Jun/2014:20:31:36:624 +0000]|488
[11/Jun/2014:20:31:36:652 +0000]|27
[11/Jun/2014:20:31:36:972 +0000]|343
[11/Jun/2014:20:31:37:004 +0000]|376
[11/Jun/2014:20:31:37:036 +0000]|410
[11/Jun/2014:20:31:39:064 +0000]|1392
[11/Jun/2014:20:31:39:484 +0000]|946
[11/Jun/2014:20:31:39:540 +0000]|1003
[11/Jun/2014:20:31:39:596 +0000]|1060
[11/Jun/2014:20:31:39:664 +0000]|1126
[11/Jun/2014:20:31:39:704 +0000]|2110
[11/Jun/2014:20:31:39:732 +0000]|2138
[11/Jun/2014:20:31:40:236 +0000]|372
[11/Jun/2014:20:31:40:256 +0000]|2663
[11/Jun/2014:20:31:40:306 +0000]|2714
[11/Jun/2014:20:31:40:336 +0000]|939
[11/Jun/2014:20:31:40:599 +0000]|1203
[11/Jun/2014:20:31:40:599 +0000]|1206
[11/Jun/2014:20:31:40:600 +0000]|1207
[11/Jun/2014:20:31:43:808 +0000]|4280
[11/Jun/2014:20:31:44:537 +0000]|1369
[11/Jun/2014:20:31:44:628 +0000]|3063
[11/Jun/2014:20:31:44:684 +0000]|3120
[11/Jun/2014:20:31:44:730 +0000]|3170
[11/Jun/2014:20:31:44:768 +0000]|3212
[11/Jun/2014:20:31:44:804 +0000]|3255
[11/Jun/2014:20:31:44:953 +0000]|1789
[11/Jun/2014:20:31:46:640 +0000]|3891
[11/Jun/2014:20:31:46:708 +0000]|3960
[11/Jun/2014:20:31:46:752 +0000]|2268
[11/Jun/2014:20:31:46:824 +0000]|2341
[11/Jun/2014:20:31:46:872 +0000]|4128
[11/Jun/2014:20:31:46:919 +0000]|2437
[11/Jun/2014:20:31:46:991 +0000]|2509
[11/Jun/2014:20:31:47:030 +0000]|4289
[11/Jun/2014:20:31:47:052 +0000]|2571
[11/Jun/2014:20:31:47:080 +0000]|2600
[11/Jun/2014:20:31:47:137 +0000]|4397
[11/Jun/2014:20:31:47:640 +0000]|3000
[11/Jun/2014:20:31:47:896 +0000]|1706
[11/Jun/2014:20:31:52:500 +0000]|4854
[11/Jun/2014:20:31:53:396 +0000]|13752
[11/Jun/2014:20:31:54:240 +0000]|12696
[11/Jun/2014:20:31:54:608 +0000]|7083
[11/Jun/2014:20:31:55:748 +0000]|14200
[11/Jun/2014:20:31:55:756 +0000]|14211
[11/Jun/2014:20:31:56:185 +0000]|14565
[11/Jun/2014:20:31:56:232 +0000]|4127
[11/Jun/2014:20:31:56:292 +0000]|52
[11/Jun/2014:20:31:56:336 +0000]|40
[11/Jun/2014:20:31:56:380 +0000]|44
[11/Jun/2014:20:31:56:408 +0000]|28
[11/Jun/2014:20:31:56:416 +0000]|8
[11/Jun/2014:20:31:56:424 +0000]|7
[11/Jun/2014:20:31:56:436 +0000]|4331
[11/Jun/2014:20:31:56:452 +0000]|5935
[11/Jun/2014:20:31:56:480 +0000]|696
[11/Jun/2014:20:31:56:528 +0000]|36
[11/Jun/2014:20:31:56:546 +0000]|7788
[11/Jun/2014:20:31:56:569 +0000]|23
[11/Jun/2014:20:31:56:591 +0000]|22
[11/Jun/2014:20:31:56:614 +0000]|22
[11/Jun/2014:20:31:57:040 +0000]|12262
[11/Jun/2014:20:31:57:057 +0000]|10868
[11/Jun/2014:20:31:57:868 +0000]|11684
[11/Jun/2014:20:31:59:552 +0000]|13396
[11/Jun/2014:20:31:59:209 +0000]|2594
[11/Jun/2014:20:32:01:793 +0000]|15604
[11/Jun/2014:20:32:01:780 +0000]|14248
[11/Jun/2014:20:32:01:772 +0000]|14243
[11/Jun/2014:20:32:01:760 +0000]|14232
[11/Jun/2014:20:32:01:752 +0000]|14227
[11/Jun/2014:20:32:02:958 +0000]|15054
[11/Jun/2014:20:32:02:184 +0000]|15999
[11/Jun/2014:20:32:02:176 +0000]|15988
[11/Jun/2014:20:32:05:536 +0000]|16777
[11/Jun/2014:20:32:05:544 +0000]|15027
[11/Jun/2014:20:32:06:584 +0000]|14481
[11/Jun/2014:20:32:06:589 +0000]|14486
[11/Jun/2014:20:32:06:600 +0000]|17308
[11/Jun/2014:20:32:06:972 +0000]|18214
[11/Jun/2014:20:32:06:980 +0000]|16468
[11/Jun/2014:20:32:06:988 +0000]|16472
[11/Jun/2014:20:32:07:384 +0000]|15283
[11/Jun/2014:20:32:07:392 +0000]|15290
[11/Jun/2014:20:32:07:776 +0000]|11247
[11/Jun/2014:20:32:11:688 +0000]|12896
[11/Jun/2014:20:32:12:569 +0000]|16033
[11/Jun/2014:20:32:12:616 +0000]|16432
[11/Jun/2014:20:32:13:341 +0000]|16663
[11/Jun/2014:20:32:13:408 +0000]|16729
[11/Jun/2014:20:32:13:472 +0000]|16793
[11/Jun/2014:20:32:13:480 +0000]|11686
[11/Jun/2014:20:32:13:768 +0000]|17091
[11/Jun/2014:20:32:14:140 +0000]|17012
[11/Jun/2014:20:32:14:160 +0000]|17482
[11/Jun/2014:20:32:14:168 +0000]|17488
[11/Jun/2014:20:32:14:920 +0000]|16128
[11/Jun/2014:20:32:15:356 +0000]|16566
[11/Jun/2014:20:32:15:895 +0000]|17104
[11/Jun/2014:20:32:15:968 +0000]|17179
[11/Jun/2014:20:32:16:316 +0000]|14523
[11/Jun/2014:20:32:16:324 +0000]|14532
[11/Jun/2014:20:32:16:332 +0000]|17541
[11/Jun/2014:20:32:16:340 +0000]|14551
[11/Jun/2014:20:32:16:736 +0000]|14940
[11/Jun/2014:20:32:16:744 +0000]|13786
[11/Jun/2014:20:32:20:017 +0000]|15
[11/Jun/2014:20:32:20:337 +0000]|34
[11/Jun/2014:20:32:20:800 +0000]|40
[11/Jun/2014:20:32:20:920 +0000]|148
[11/Jun/2014:20:32:21:852 +0000]|28
[11/Jun/2014:20:32:22:324 +0000]|498
[11/Jun/2014:20:32:22:358 +0000]|533
[11/Jun/2014:20:32:22:399 +0000]|574
[11/Jun/2014:20:32:23:145 +0000]|373
[11/Jun/2014:20:32:23:168 +0000]|874
[11/Jun/2014:20:32:23:188 +0000]|895
[11/Jun/2014:20:32:24:252 +0000]|652
[11/Jun/2014:20:32:24:367 +0000]|751
[11/Jun/2014:20:32:24:497 +0000]|910
[11/Jun/2014:20:32:24:497 +0000]|895
[11/Jun/2014:20:32:24:498 +0000]|890
[11/Jun/2014:20:32:26:164 +0000]|1249
[11/Jun/2014:20:32:26:219 +0000]|1305
[11/Jun/2014:20:32:26:256 +0000]|1342
[11/Jun/2014:20:32:26:300 +0000]|1387
[11/Jun/2014:20:32:26:340 +0000]|1428
[11/Jun/2014:20:32:26:517 +0000]|1604
[11/Jun/2014:20:32:26:518 +0000]|822
[11/Jun/2014:20:32:27:544 +0000]|468
[11/Jun/2014:20:32:27:564 +0000]|536
[11/Jun/2014:20:32:27:588 +0000]|561
[11/Jun/2014:20:32:29:156 +0000]|3052
[11/Jun/2014:20:32:29:181 +0000]|820
[11/Jun/2014:20:32:29:204 +0000]|843
[11/Jun/2014:20:32:29:239 +0000]|2967
[11/Jun/2014:20:32:31:983 +0000]|2862
[11/Jun/2014:20:32:32:148 +0000]|3028
[11/Jun/2014:20:32:32:204 +0000]|3084
[11/Jun/2014:20:32:32:252 +0000]|6160
[11/Jun/2014:20:32:32:420 +0000]|3304
[11/Jun/2014:20:32:34:184 +0000]|9170
[11/Jun/2014:20:32:34:232 +0000]|6262
[11/Jun/2014:20:32:34:316 +0000]|7290
[11/Jun/2014:20:32:34:559 +0000]|6590
[11/Jun/2014:20:32:35:632 +0000]|5539
[11/Jun/2014:20:32:35:677 +0000]|4820
[11/Jun/2014:20:32:35:732 +0000]|4874
[11/Jun/2014:20:32:35:792 +0000]|4934
[11/Jun/2014:20:32:35:924 +0000]|5831
[11/Jun/2014:20:32:36:725 +0000]|10621
[11/Jun/2014:20:32:37:460 +0000]|11360
[11/Jun/2014:20:32:37:808 +0000]|11712
[11/Jun/2014:20:32:38:276 +0000]|9000
[11/Jun/2014:20:32:39:532 +0000]|4547
[11/Jun/2014:20:32:39:576 +0000]|4592
[11/Jun/2014:20:32:39:632 +0000]|4656
[11/Jun/2014:20:32:39:685 +0000]|4717
[11/Jun/2014:20:32:40:732 +0000]|12764
[11/Jun/2014:20:32:41:720 +0000]|11626
[11/Jun/2014:20:32:42:453 +0000]|10461
[11/Jun/2014:20:32:42:896 +0000]|4704
[11/Jun/2014:20:32:42:932 +0000]|35
[11/Jun/2014:20:32:42:976 +0000]|40
[11/Jun/2014:20:32:43:024 +0000]|48
[11/Jun/2014:20:32:43:050 +0000]|26
[11/Jun/2014:20:32:43:064 +0000]|14
[11/Jun/2014:20:32:43:068 +0000]|9291
[11/Jun/2014:20:32:43:308 +0000]|13214
[11/Jun/2014:20:32:45:021 +0000]|11617
[11/Jun/2014:20:32:45:420 +0000]|11643
[11/Jun/2014:20:32:46:900 +0000]|14907
[11/Jun/2014:20:32:48:124 +0000]|16051
[11/Jun/2014:20:32:48:140 +0000]|16088
[11/Jun/2014:20:32:48:164 +0000]|14388
[11/Jun/2014:20:32:48:496 +0000]|16500
[11/Jun/2014:20:32:48:504 +0000]|16510
[11/Jun/2014:20:32:48:512 +0000]|16519
[11/Jun/2014:20:32:48:540 +0000]|12784
[11/Jun/2014:20:32:48:884 +0000]|13917
[11/Jun/2014:20:32:49:312 +0000]|13780
[11/Jun/2014:20:32:49:336 +0000]|15558
[11/Jun/2014:20:32:49:348 +0000]|15572
[11/Jun/2014:20:32:49:708 +0000]|15935
[11/Jun/2014:20:32:49:716 +0000]|15944
[11/Jun/2014:20:32:50:287 +0000]|12477
[11/Jun/2014:20:32:50:650 +0000]|12838
[11/Jun/2014:20:32:51:816 +0000]|14699
[11/Jun/2014:20:32:52:292 +0000]|16760
[11/Jun/2014:20:32:52:320 +0000]|14508
[11/Jun/2014:20:32:52:336 +0000]|14525
[11/Jun/2014:20:32:52:776 +0000]|14965
[11/Jun/2014:20:32:52:784 +0000]|14973
[11/Jun/2014:20:32:52:792 +0000]|14982
[11/Jun/2014:20:32:52:805 +0000]|14609
[11/Jun/2014:20:32:53:221 +0000]|15412
[11/Jun/2014:20:32:53:228 +0000]|17699
[11/Jun/2014:20:32:55:153 +0000]|16037
[11/Jun/2014:20:32:55:160 +0000]|16043
[11/Jun/2014:20:32:55:168 +0000]|16051
[11/Jun/2014:20:32:57:360 +0000]|9632
[11/Jun/2014:20:32:57:748 +0000]|15284
[11/Jun/2014:20:32:58:304 +0000]|9775
[11/Jun/2014:20:32:58:688 +0000]|16220
[11/Jun/2014:20:32:58:696 +0000]|16228
[11/Jun/2014:20:32:59:521 +0000]|10993
[11/Jun/2014:20:32:59:544 +0000]|11812
[11/Jun/2014:20:32:59:591 +0000]|15918
[11/Jun/2014:20:33:00:356 +0000]|11812
[11/Jun/2014:20:33:01:116 +0000]|12587
[11/Jun/2014:20:33:01:636 +0000]|13091
[11/Jun/2014:20:33:01:716 +0000]|13172
[11/Jun/2014:20:33:01:776 +0000]|13231
[11/Jun/2014:20:33:02:030 +0000]|8834
[11/Jun/2014:20:33:02:408 +0000]|13877
[11/Jun/2014:20:33:02:416 +0000]|13885
[11/Jun/2014:20:33:02:424 +0000]|13894
[11/Jun/2014:20:33:02:432 +0000]|13902
[11/Jun/2014:20:33:02:444 +0000]|13537
[11/Jun/2014:20:33:02:832 +0000]|13926
[11/Jun/2014:20:33:02:854 +0000]|13949
[11/Jun/2014:20:33:37:357 +0000]|2
[11/Jun/2014:20:33:38:120 +0000]|15
[11/Jun/2014:20:33:38:857 +0000]|2
[11/Jun/2014:20:33:39:609 +0000]|4
[11/Jun/2014:20:33:40:358 +0000]|4
[11/Jun/2014:20:33:40:981 +0000]|12
[11/Jun/2014:20:33:41:412 +0000]|20
[11/Jun/2014:20:33:41:436 +0000]|43
[11/Jun/2014:20:33:42:316 +0000]|820
[11/Jun/2014:20:33:42:332 +0000]|16
[11/Jun/2014:20:33:42:349 +0000]|16
[11/Jun/2014:20:33:43:400 +0000]|454
[11/Jun/2014:20:33:43:416 +0000]|15
[11/Jun/2014:20:33:43:860 +0000]|356
[11/Jun/2014:20:33:44:348 +0000]|2014
[11/Jun/2014:20:33:45:048 +0000]|462
[11/Jun/2014:20:33:45:096 +0000]|48
[11/Jun/2014:20:33:45:164 +0000]|579
[11/Jun/2014:20:33:45:188 +0000]|603
[11/Jun/2014:20:33:45:197 +0000]|613
[11/Jun/2014:20:33:45:205 +0000]|2871
[11/Jun/2014:20:33:45:409 +0000]|823
[11/Jun/2014:20:33:47:604 +0000]|4201
[11/Jun/2014:20:33:47:728 +0000]|570
[11/Jun/2014:20:33:47:772 +0000]|2792
[11/Jun/2014:20:33:47:813 +0000]|655
[11/Jun/2014:20:33:47:840 +0000]|683
[11/Jun/2014:20:33:47:856 +0000]|4454
[11/Jun/2014:20:33:47:872 +0000]|715
[11/Jun/2014:20:33:47:892 +0000]|736
[11/Jun/2014:20:33:48:149 +0000]|4747
[11/Jun/2014:20:33:48:152 +0000]|2743
[11/Jun/2014:20:33:52:160 +0000]|928
[11/Jun/2014:20:33:52:162 +0000]|6346
[11/Jun/2014:20:33:52:220 +0000]|988
[11/Jun/2014:20:33:52:248 +0000]|1021
[11/Jun/2014:20:33:52:276 +0000]|6459
[11/Jun/2014:20:33:52:308 +0000]|1081
[11/Jun/2014:20:33:52:333 +0000]|1107
[11/Jun/2014:20:33:52:345 +0000]|1119
[11/Jun/2014:20:33:52:357 +0000]|1132
[11/Jun/2014:20:33:52:372 +0000]|6548
[11/Jun/2014:20:33:52:381 +0000]|1156
[11/Jun/2014:20:33:52:400 +0000]|1176
[11/Jun/2014:20:33:52:408 +0000]|9005
[11/Jun/2014:20:33:52:421 +0000]|1197
[11/Jun/2014:20:33:52:436 +0000]|1213
[11/Jun/2014:20:33:52:446 +0000]|1223
[11/Jun/2014:20:33:52:460 +0000]|860
[11/Jun/2014:20:33:52:468 +0000]|1246
[11/Jun/2014:20:33:52:477 +0000]|1255
[11/Jun/2014:20:33:52:492 +0000]|1271
[11/Jun/2014:20:33:52:508 +0000]|1287
[11/Jun/2014:20:34:00:812 +0000]|23
[11/Jun/2014:20:34:00:824 +0000]|378
[11/Jun/2014:20:34:00:836 +0000]|390
[11/Jun/2014:20:34:00:849 +0000]|404
[11/Jun/2014:20:34:00:857 +0000]|412
[11/Jun/2014:20:34:00:865 +0000]|421
[11/Jun/2014:20:34:00:908 +0000]|525
[11/Jun/2014:20:34:00:932 +0000]|548
[11/Jun/2014:20:34:00:983 +0000]|599
[11/Jun/2014:20:34:01:003 +0000]|617
[11/Jun/2014:20:34:01:020 +0000]|633
[11/Jun/2014:20:34:01:029 +0000]|642
[11/Jun/2014:20:34:01:040 +0000]|653
[11/Jun/2014:20:34:01:048 +0000]|661
[11/Jun/2014:20:34:01:057 +0000]|670
[11/Jun/2014:20:34:01:065 +0000]|677
[11/Jun/2014:20:34:01:073 +0000]|685
[11/Jun/2014:20:34:01:081 +0000]|693
[11/Jun/2014:20:34:01:092 +0000]|704
[11/Jun/2014:20:34:01:101 +0000]|713
[11/Jun/2014:20:34:01:124 +0000]|735
[11/Jun/2014:20:34:01:132 +0000]|743
[11/Jun/2014:20:34:01:140 +0000]|751
[11/Jun/2014:20:34:01:148 +0000]|754
[11/Jun/2014:20:34:01:157 +0000]|763
[11/Jun/2014:20:34:01:165 +0000]|771
[11/Jun/2014:20:34:01:173 +0000]|778
[11/Jun/2014:20:34:01:181 +0000]|786
[11/Jun/2014:20:34:01:192 +0000]|797
[11/Jun/2014:20:34:01:200 +0000]|9932
[11/Jun/2014:20:34:01:216 +0000]|8282
[11/Jun/2014:20:34:01:229 +0000]|8295
[11/Jun/2014:20:34:01:244 +0000]|8311
[11/Jun/2014:20:34:01:260 +0000]|8327
[11/Jun/2014:20:34:01:269 +0000]|8337
[11/Jun/2014:20:34:01:804 +0000]|1420
[11/Jun/2014:20:34:01:805 +0000]|1416
[11/Jun/2014:20:34:13:316 +0000]|7590
[11/Jun/2014:20:34:13:368 +0000]|12144
[11/Jun/2014:20:34:15:541 +0000]|14751
[11/Jun/2014:20:34:18:140 +0000]|12413
[11/Jun/2014:20:34:18:208 +0000]|12481
[11/Jun/2014:20:34:18:248 +0000]|16778
[11/Jun/2014:20:34:18:284 +0000]|12560
[11/Jun/2014:20:34:18:320 +0000]|12596
[11/Jun/2014:20:34:18:372 +0000]|12648
[11/Jun/2014:20:34:18:401 +0000]|12676
[11/Jun/2014:20:34:18:436 +0000]|12711
[11/Jun/2014:20:34:18:956 +0000]|13230
[11/Jun/2014:20:34:18:988 +0000]|13261
[11/Jun/2014:20:34:19:024 +0000]|13297
[11/Jun/2014:20:34:19:056 +0000]|13320
[11/Jun/2014:20:34:19:088 +0000]|18108
[11/Jun/2014:20:34:20:528 +0000]|14802
[11/Jun/2014:20:34:21:972 +0000]|16247
[11/Jun/2014:20:34:22:392 +0000]|16666
[11/Jun/2014:20:34:22:740 +0000]|17015
[11/Jun/2014:20:34:22:784 +0000]|17058
[11/Jun/2014:20:35:17:739 +0000]|3
[11/Jun/2014:20:35:18:738 +0000]|2
[11/Jun/2014:20:35:19:738 +0000]|2
[11/Jun/2014:20:35:20:738 +0000]|2
[11/Jun/2014:20:35:21:739 +0000]|3
[11/Jun/2014:20:35:22:738 +0000]|2
[11/Jun/2014:20:35:23:738 +0000]|2
[11/Jun/2014:20:35:24:738 +0000]|2
[11/Jun/2014:20:35:25:488 +0000]|3
[11/Jun/2014:20:35:26:238 +0000]|3
[11/Jun/2014:20:35:26:989 +0000]|3
[11/Jun/2014:20:35:27:739 +0000]|3
[11/Jun/2014:20:35:28:490 +0000]|4
[11/Jun/2014:20:35:29:240 +0000]|4
[11/Jun/2014:20:35:29:990 +0000]|4
[11/Jun/2014:20:35:31:179 +0000]|443
[11/Jun/2014:20:35:31:489 +0000]|3
[11/Jun/2014:20:35:32:257 +0000]|6
[11/Jun/2014:20:35:32:989 +0000]|3
[11/Jun/2014:20:35:33:738 +0000]|2
[11/Jun/2014:20:35:34:488 +0000]|2
[11/Jun/2014:20:35:35:239 +0000]|3
[11/Jun/2014:20:35:35:989 +0000]|2
[11/Jun/2014:20:35:36:738 +0000]|2
MV4===========================================
[11/Jun/2014:18:50:12:077 +0000]|15
[11/Jun/2014:18:50:13:038 +0000]|99
[11/Jun/2014:18:50:13:786 +0000]|95
[11/Jun/2014:18:50:14:109 +0000]|6
[11/Jun/2014:18:50:14:802 +0000]|160
[11/Jun/2014:18:50:15:536 +0000]|730
[11/Jun/2014:18:50:15:743 +0000]|528
[11/Jun/2014:18:50:15:930 +0000]|394
[11/Jun/2014:18:50:20:036 +0000]|75
[11/Jun/2014:18:50:20:886 +0000]|404
[11/Jun/2014:18:50:20:946 +0000]|40
[11/Jun/2014:18:50:21:590 +0000]|682
[11/Jun/2014:20:30:47:451 +0000]|18
[11/Jun/2014:20:30:48:371 +0000]|65
[11/Jun/2014:20:30:48:403 +0000]|98
[11/Jun/2014:20:30:48:624 +0000]|321
[11/Jun/2014:20:30:50:704 +0000]|2269
[11/Jun/2014:20:30:52:288 +0000]|1814
[11/Jun/2014:20:30:52:392 +0000]|1905
[11/Jun/2014:20:30:54:347 +0000]|3904
[11/Jun/2014:20:30:54:451 +0000]|5757
[11/Jun/2014:20:30:56:340 +0000]|5869
[11/Jun/2014:20:30:56:419 +0000]|5956
[11/Jun/2014:20:31:01:640 +0000]|11181
[11/Jun/2014:20:31:02:219 +0000]|9706
[11/Jun/2014:20:31:03:892 +0000]|7740
[11/Jun/2014:20:31:03:891 +0000]|7738
[11/Jun/2014:20:31:06:538 +0000]|886
[11/Jun/2014:20:31:06:556 +0000]|2668
[11/Jun/2014:20:31:06:578 +0000]|2699
[11/Jun/2014:20:31:06:592 +0000]|2711
[11/Jun/2014:20:31:06:601 +0000]|955
[11/Jun/2014:20:31:06:616 +0000]|939
[11/Jun/2014:20:31:07:309 +0000]|3429
[11/Jun/2014:20:31:09:449 +0000]|5546
[11/Jun/2014:20:31:09:600 +0000]|2836
[11/Jun/2014:20:31:09:664 +0000]|3988
[11/Jun/2014:20:31:11:440 +0000]|4676
[11/Jun/2014:20:31:11:440 +0000]|4677
[11/Jun/2014:20:31:15:148 +0000]|24809
[11/Jun/2014:20:31:20:988 +0000]|18768
[11/Jun/2014:20:31:21:159 +0000]|14416
[11/Jun/2014:20:31:21:579 +0000]|2490
[11/Jun/2014:20:31:22:701 +0000]|20845
[11/Jun/2014:20:31:22:700 +0000]|15311
[11/Jun/2014:20:31:22:700 +0000]|15311
[11/Jun/2014:20:31:23:049 +0000]|13599
[11/Jun/2014:20:31:23:269 +0000]|13830
[11/Jun/2014:20:31:24:659 +0000]|20771
[11/Jun/2014:20:31:25:002 +0000]|2276
[11/Jun/2014:20:31:32:544 +0000]|9820
[11/Jun/2014:20:31:32:568 +0000]|10988
[11/Jun/2014:20:31:32:664 +0000]|9928
[11/Jun/2014:20:31:32:728 +0000]|9993
[11/Jun/2014:20:31:32:802 +0000]|10076
[11/Jun/2014:20:31:32:915 +0000]|10189
[11/Jun/2014:20:31:32:993 +0000]|10268
[11/Jun/2014:20:31:33:113 +0000]|10389
[11/Jun/2014:20:31:33:188 +0000]|10463
[11/Jun/2014:20:31:33:328 +0000]|12340
[11/Jun/2014:20:31:46:324 +0000]|34873
[11/Jun/2014:20:31:46:361 +0000]|25138
[11/Jun/2014:20:31:46:409 +0000]|25178
[11/Jun/2014:20:31:46:457 +0000]|25194
[11/Jun/2014:20:31:46:608 +0000]|25337
[11/Jun/2014:20:31:46:690 +0000]|25411
[11/Jun/2014:20:31:46:896 +0000]|25583
[11/Jun/2014:20:31:48:222 +0000]|21254
[11/Jun/2014:20:31:48:228 +0000]|26963
[11/Jun/2014:20:31:48:231 +0000]|26944
[11/Jun/2014:20:31:52:468 +0000]|31112
[11/Jun/2014:20:31:54:820 +0000]|8129
[11/Jun/2014:20:31:54:984 +0000]|4912
[11/Jun/2014:20:31:55:140 +0000]|5067
[11/Jun/2014:20:31:55:227 +0000]|5154
[11/Jun/2014:20:31:55:464 +0000]|5391
[11/Jun/2014:20:31:55:610 +0000]|5531
[11/Jun/2014:20:31:57:080 +0000]|7009
[11/Jun/2014:20:32:02:316 +0000]|12236
[11/Jun/2014:20:32:04:506 +0000]|14425
[11/Jun/2014:20:32:06:380 +0000]|29725
[11/Jun/2014:20:32:06:429 +0000]|1714
[11/Jun/2014:20:32:06:592 +0000]|27757
[11/Jun/2014:20:32:06:648 +0000]|20190
[11/Jun/2014:20:32:08:545 +0000]|3817
[11/Jun/2014:20:32:08:547 +0000]|29711
[11/Jun/2014:20:32:14:324 +0000]|24244
[11/Jun/2014:20:32:14:376 +0000]|53004
[11/Jun/2014:20:32:16:725 +0000]|2210
[11/Jun/2014:20:32:16:750 +0000]|2239
[11/Jun/2014:20:32:16:921 +0000]|14604
[11/Jun/2014:20:32:22:154 +0000]|3422
[11/Jun/2014:20:32:22:212 +0000]|5736
[11/Jun/2014:20:32:22:228 +0000]|32148
[11/Jun/2014:20:32:22:297 +0000]|32216
[11/Jun/2014:20:32:22:424 +0000]|23865
[11/Jun/2014:20:32:22:591 +0000]|8190
[11/Jun/2014:20:32:22:653 +0000]|8254
[11/Jun/2014:20:32:22:868 +0000]|35971
[11/Jun/2014:20:32:23:000 +0000]|18363
[11/Jun/2014:20:32:23:116 +0000]|18480
[11/Jun/2014:20:32:24:096 +0000]|9687
[11/Jun/2014:20:32:24:097 +0000]|9719
[11/Jun/2014:20:32:30:040 +0000]|13557
[11/Jun/2014:20:32:35:432 +0000]|21019
[11/Jun/2014:20:32:37:329 +0000]|32717
[11/Jun/2014:20:32:37:384 +0000]|32777
[11/Jun/2014:20:32:37:484 +0000]|32882
[11/Jun/2014:20:32:37:572 +0000]|32972
[11/Jun/2014:20:32:37:660 +0000]|33067
[11/Jun/2014:20:32:46:637 +0000]|29977
[11/Jun/2014:20:32:46:673 +0000]|29988
[11/Jun/2014:20:32:46:760 +0000]|30067
[11/Jun/2014:20:32:46:872 +0000]|42237
[11/Jun/2014:20:32:51:652 +0000]|34927
[11/Jun/2014:20:32:51:839 +0000]|35282
[11/Jun/2014:20:32:56:165 +0000]|39636
[11/Jun/2014:20:32:56:229 +0000]|39712
[11/Jun/2014:20:32:56:296 +0000]|39645
[11/Jun/2014:20:32:56:368 +0000]|39719
[11/Jun/2014:20:32:56:468 +0000]|39844
[11/Jun/2014:20:32:57:949 +0000]|53330
[11/Jun/2014:20:32:57:975 +0000]|53347
[11/Jun/2014:20:32:59:933 +0000]|43318
[11/Jun/2014:20:32:59:996 +0000]|43399
[11/Jun/2014:20:33:00:072 +0000]|43452
[11/Jun/2014:20:33:00:152 +0000]|43546
[11/Jun/2014:20:33:00:264 +0000]|43651
[11/Jun/2014:20:33:01:773 +0000]|57152
[11/Jun/2014:20:33:01:788 +0000]|57166
[11/Jun/2014:20:33:01:805 +0000]|57182
[11/Jun/2014:20:33:01:821 +0000]|57197
[11/Jun/2014:20:33:03:096 +0000]|46492
[11/Jun/2014:20:33:05:752 +0000]|48824
[11/Jun/2014:20:33:05:844 +0000]|47352
[11/Jun/2014:20:34:19:764 +0000]|1179
[11/Jun/2014:20:34:19:982 +0000]|57
[11/Jun/2014:20:34:20:013 +0000]|64
[11/Jun/2014:20:34:20:045 +0000]|31
[11/Jun/2014:20:34:20:065 +0000]|125
[11/Jun/2014:20:34:20:210 +0000]|278
[11/Jun/2014:20:34:22:390 +0000]|2181
[11/Jun/2014:20:34:25:897 +0000]|236
[11/Jun/2014:20:34:26:045 +0000]|397
[11/Jun/2014:20:34:26:109 +0000]|469
[11/Jun/2014:20:34:26:201 +0000]|575
[11/Jun/2014:20:34:26:810 +0000]|550
[11/Jun/2014:20:34:27:901 +0000]|2238
[11/Jun/2014:20:34:27:902 +0000]|2242
[11/Jun/2014:20:34:27:902 +0000]|2250
[11/Jun/2014:20:34:27:903 +0000]|1622
[11/Jun/2014:20:34:27:978 +0000]|2316
[11/Jun/2014:20:34:28:089 +0000]|1828
[11/Jun/2014:20:34:35:114 +0000]|8864
[11/Jun/2014:20:34:42:150 +0000]|15865
[11/Jun/2014:20:34:42:257 +0000]|16625
[11/Jun/2014:20:34:43:958 +0000]|1760
[11/Jun/2014:20:34:43:969 +0000]|1772
[11/Jun/2014:20:34:43:979 +0000]|1786
[11/Jun/2014:20:34:44:325 +0000]|340
[11/Jun/2014:20:34:46:191 +0000]|1865
[11/Jun/2014:20:34:46:365 +0000]|20079
[11/Jun/2014:20:34:49:285 +0000]|22799
[11/Jun/2014:20:34:49:280 +0000]|22783
[11/Jun/2014:20:34:54:326 +0000]|10357
[11/Jun/2014:20:34:54:426 +0000]|10467
[11/Jun/2014:20:34:54:606 +0000]|10656
[11/Jun/2014:20:34:54:794 +0000]|10849
[11/Jun/2014:20:34:58:595 +0000]|2022
[11/Jun/2014:20:34:58:757 +0000]|2196
[11/Jun/2014:20:35:02:269 +0000]|20011
[11/Jun/2014:20:35:16:990 +0000]|50568
[11/Jun/2014:20:35:18:961 +0000]|52540
[11/Jun/2014:20:35:19:010 +0000]|36845
[11/Jun/2014:20:35:19:026 +0000]|52609
[11/Jun/2014:20:35:19:105 +0000]|35185
[11/Jun/2014:20:35:19:134 +0000]|35209
[11/Jun/2014:20:35:19:221 +0000]|35288
[11/Jun/2014:20:35:19:270 +0000]|35336
[11/Jun/2014:20:35:19:365 +0000]|35551
[11/Jun/2014:20:35:19:477 +0000]|15271
[11/Jun/2014:20:35:19:605 +0000]|15397
[11/Jun/2014:20:35:23:209 +0000]|56724
[11/Jun/2014:20:35:23:597 +0000]|39679
[11/Jun/2014:20:35:23:693 +0000]|39780
[11/Jun/2014:20:35:23:790 +0000]|39879
[11/Jun/2014:20:35:25:001 +0000]|58651
[11/Jun/2014:20:35:25:002 +0000]|20787
[11/Jun/2014:20:35:25:009 +0000]|41159
[11/Jun/2014:20:35:27:230 +0000]|60799
[11/Jun/2014:20:35:29:149 +0000]|62712
[11/Jun/2014:20:35:29:161 +0000]|62711
[11/Jun/2014:20:35:39:074 +0000]|55205
[11/Jun/2014:20:35:42:618 +0000]|58769
[11/Jun/2014:20:35:42:754 +0000]|58807
[11/Jun/2014:20:35:42:791 +0000]|58855
[11/Jun/2014:20:35:42:841 +0000]|59049
[11/Jun/2014:20:35:44:826 +0000]|61025
[11/Jun/2014:20:35:44:854 +0000]|61033
[11/Jun/2014:20:35:44:877 +0000]|61053
[11/Jun/2014:20:35:46:465 +0000]|62667
[11/Jun/2014:20:35:46:466 +0000]|62666
[11/Jun/2014:20:35:46:467 +0000]|62640
[11/Jun/2014:20:35:46:468 +0000]|62627
[11/Jun/2014:20:35:46:469 +0000]|62575
[11/Jun/2014:20:35:46:517 +0000]|62728
[11/Jun/2014:20:35:46:533 +0000]|62743
[11/Jun/2014:20:35:46:553 +0000]|62756
[11/Jun/2014:20:35:46:469 +0000]|62627
[11/Jun/2014:20:35:46:709 +0000]|62808
[11/Jun/2014:20:35:46:778 +0000]|62875
[11/Jun/2014:20:35:51:129 +0000]|56498
[11/Jun/2014:20:35:54:706 +0000]|70813
[11/Jun/2014:20:35:54:741 +0000]|70858
[11/Jun/2014:20:35:54:765 +0000]|70886
[11/Jun/2014:20:35:54:789 +0000]|70911
[11/Jun/2014:20:35:54:801 +0000]|70924
[11/Jun/2014:20:35:56:797 +0000]|72932
[11/Jun/2014:20:35:56:813 +0000]|72954
[11/Jun/2014:20:35:56:829 +0000]|72971
[11/Jun/2014:20:35:56:845 +0000]|72988
[11/Jun/2014:20:35:56:853 +0000]|72943
[11/Jun/2014:20:35:56:869 +0000]|72960
[11/Jun/2014:20:35:56:890 +0000]|72995
[11/Jun/2014:20:36:00:446 +0000]|74319
[11/Jun/2014:20:36:00:447 +0000]|74315
[11/Jun/2014:20:36:00:454 +0000]|74320
[11/Jun/2014:20:36:02:630 +0000]|64308
[11/Jun/2014:20:36:02:758 +0000]|64437
[11/Jun/2014:20:36:04:919 +0000]|60704
[11/Jun/2014:20:36:09:834 +0000]|71520
[11/Jun/2014:20:36:09:942 +0000]|67672
[11/Jun/2014:20:36:12:863 +0000]|68661
[11/Jun/2014:20:36:15:518 +0000]|74745
[11/Jun/2014:20:36:17:294 +0000]|73080
[11/Jun/2014:20:36:20:146 +0000]|853
[11/Jun/2014:20:36:20:166 +0000]|875
[11/Jun/2014:20:36:20:175 +0000]|885
[11/Jun/2014:20:36:20:187 +0000]|37433
[11/Jun/2014:20:36:20:987 +0000]|1695
[11/Jun/2014:20:36:20:993 +0000]|2553
[11/Jun/2014:20:36:23:386 +0000]|2176
