2013-08-18 15:44:23,004|0,0|0,0|100,0|995|382|613|1,52|3,77|0,00|0,00
2013-08-18 15:44:28,551|0,0|0,0|100,0|995|382|613|1,52|3,77|0,26|0,17
2013-08-18 15:44:34,061|0,0|0,0|100,0|995|381|614|1,52|3,77|0,00|0,00
2013-08-18 15:44:39,571|0,0|0,0|100,0|995|381|614|1,52|3,77|0,00|0,00
2013-08-18 15:44:45,138|0,0|0,0|100,0|995|381|614|1,52|3,77|0,06|0,00
2013-08-18 15:44:50,672|0,0|0,0|100,0|995|381|614|1,52|3,77|0,00|0,00
2013-08-18 15:44:56,191|0,0|0,0|100,0|995|381|614|1,52|3,77|0,18|0,00
2013-08-18 15:45:01,699|0,0|0,0|100,0|995|381|614|1,52|3,77|0,12|0,00
2013-08-18 15:45:07,268|4,0|4,0|92,0|995|381|614|1,52|3,77|0,65|0,00
2013-08-18 15:45:12,845|98,0|2,0|0,0|995|387|608|1,52|3,77|2,63|3,55
2013-08-18 15:45:18,727|98,0|2,0|0,0|995|403|592|1,52|3,77|2,02|0,75
2013-08-18 15:45:24,494|98,0|2,0|0,0|995|419|576|1,52|3,77|2,49|1,39
2013-08-18 15:45:30,278|98,0|2,0|0,0|995|404|590|1,52|3,77|0,12|0,00
2013-08-18 15:45:36,058|92,0|8,0|0,0|995|399|596|1,52|3,77|1,61|0,30
2013-08-18 15:45:41,824|98,0|1,9|0,0|995|395|600|1,52|3,77|0,12|0,00
2013-08-18 15:45:47,603|40,0|0,0|60,0|995|389|606|1,52|3,77|0,49|0,00
2013-08-18 15:45:53,259|0,0|0,0|100,0|995|389|606|1,52|3,77|0,00|0,00
2013-08-18 15:45:58,799|0,0|0,0|100,0|995|389|606|1,52|3,77|0,25|0,00
2013-08-18 15:46:04,311|0,0|0,0|100,0|995|389|606|1,52|3,77|0,06|0,00
2013-08-18 15:46:09,814|0,0|0,0|100,0|995|390|605|1,52|3,77|7,54|17,70
2013-08-18 15:46:15,340|100,0|0,0|0,0|995|395|600|1,52|3,77|10,93|20,56
2013-08-18 15:46:21,122|100,0|0,0|0,0|995|400|594|1,52|3,77|10,81|22,02
2013-08-18 15:46:26,896|100,0|0,0|0,0|995|414|580|1,52|3,77|10,93|22,27
2013-08-18 15:46:32,682|100,0|0,0|0,0|995|394|601|1,52|3,77|12,68|41,06
2013-08-18 15:46:38,433|100,0|0,0|0,0|995|412|582|1,52|3,77|4,48|5,32
2013-08-18 15:46:44,247|96,0|4,0|0,0|995|395|600|1,52|3,77|2,97|4,50
2013-08-18 15:46:50,029|4,0|6,1|89,7|995|388|607|1,52|3,77|0,12|0,00
2013-08-18 15:46:55,550|0,0|2,0|97,9|995|389|606|1,52|3,77|7,79|29,29
2013-08-18 15:47:01,090|49,0|1,9|49,0|995|389|606|1,52|3,77|10,73|32,08
2013-08-18 15:47:07,037|78,4|1,9|19,6|995|388|607|1,52|3,77|7,52|7,40
2013-08-18 15:47:12,788|68,0|0,0|32,0|995|389|606|1,52|3,77|5,56|7,11
2013-08-18 15:47:18,701|6,0|4,0|90,0|995|388|606|1,52|3,77|0,23|0,00
2013-08-18 15:47:24,204|4,0|0,0|96,0|995|390|605|1,52|3,77|5,31|31,64
2013-08-18 15:47:29,796|1,9|0,0|98,0|995|388|607|1,52|3,77|4,48|5,96
2013-08-18 15:47:35,368|7,8|3,9|88,2|995|388|607|1,52|3,77|0,00|0,00
2013-08-18 15:47:40,919|0,0|2,0|98,0|995|389|606|1,52|3,77|7,50|33,41
2013-08-18 15:47:46,453|1,9|0,0|98,0|995|388|607|1,52|3,77|5,20|6,11
2013-08-18 15:47:51,967|4,0|8,1|87,7|995|388|607|1,52|3,77|0,23|0,00
2013-08-18 15:47:57,532|0,0|0,0|100,0|995|387|607|1,52|3,77|9,33|35,08
2013-08-18 15:48:03,054|0,0|0,0|100,0|995|387|608|1,52|3,77|5,01|1,46
2013-08-18 15:48:08,664|94,0|6,0|0,0|995|392|603|1,52|3,77|5,82|8,86
2013-08-18 15:48:14,507|98,0|2,0|0,0|995|398|597|1,52|3,77|15,06|61,35
2013-08-18 15:48:20,269|100,0|0,0|0,0|995|463|531|1,52|3,77|12,83|39,29
2013-08-18 15:48:26,068|98,0|1,9|0,0|995|442|553|1,52|3,77|11,52|38,16
2013-08-18 15:48:31,853|100,0|0,0|0,0|995|423|571|1,52|3,77|11,07|7,40
2013-08-18 15:48:37,666|98,0|1,9|0,0|995|406|589|1,52|3,77|4,62|2,11
2013-08-18 15:48:43,488|94,0|6,0|0,0|995|449|546|1,52|3,77|2,37|0,47
2013-08-18 15:48:49,296|94,1|5,8|0,0|995|432|562|1,52|3,77|3,60|0,55
2013-08-18 15:48:55,060|92,0|8,0|0,0|995|458|537|1,52|3,77|3,30|0,43
2013-08-18 15:49:00,851|98,0|2,0|0,0|995|468|527|1,52|3,77|7,05|49,90
2013-08-18 15:49:06,631|96,0|4,0|0,0|995|453|541|1,52|3,77|9,11|51,54
2013-08-18 15:49:12,399|96,0|1,9|0,0|995|473|521|1,52|3,77|12,09|59,31
2013-08-18 15:49:18,179|100,0|0,0|0,0|995|465|529|1,52|3,77|10,70|58,68
2013-08-18 15:49:23,946|90,1|9,8|0,0|995|470|525|1,52|3,77|11,86|64,48
2013-08-18 15:49:29,792|96,0|4,0|0,0|995|453|541|1,52|3,77|11,13|63,15
2013-08-18 15:49:35,586|100,0|0,0|0,0|995|446|548|1,52|3,77|11,90|65,59
2013-08-18 15:49:41,364|98,0|1,9|0,0|995|447|548|1,52|3,77|5,31|8,31
2013-08-18 15:49:47,178|98,0|2,0|0,0|995|461|533|1,52|3,77|0,55|0,06
2013-08-18 15:49:52,964|98,0|2,0|0,0|995|454|541|1,52|3,77|0,12|0,06
2013-08-18 15:49:58,732|96,0|4,0|0,0|995|461|534|1,52|3,77|2,32|59,01
2013-08-18 15:50:04,478|100,0|0,0|0,0|995|456|539|1,52|3,77|6,99|67,53
2013-08-18 15:50:10,248|100,0|0,0|0,0|995|461|534|1,52|3,77|10,15|70,43
2013-08-18 15:50:16,112|98,0|2,0|0,0|995|456|539|1,52|3,77|5,47|10,21
2013-08-18 15:50:21,924|97,9|2,0|0,0|995|458|537|1,52|3,77|0,32|0,32
2013-08-18 15:50:27,700|98,0|2,0|0,0|995|449|546|1,52|3,77|0,93|3,77
2013-08-18 15:50:33,522|100,0|0,0|0,0|995|452|542|1,52|3,77|5,76|75,09
2013-08-18 15:50:39,299|100,0|0,0|0,0|995|443|552|1,52|3,77|9,69|83,12
2013-08-18 15:50:45,075|100,0|0,0|0,0|995|435|560|1,52|3,77|0,80|3,58
2013-08-18 15:50:50,870|96,0|4,0|0,0|995|433|562|1,52|3,77|0,06|0,00
2013-08-18 15:50:56,618|100,0|0,0|0,0|995|431|564|1,52|3,77|7,82|85,18
2013-08-18 15:51:02,363|94,2|3,8|0,0|995|425|570|1,52|3,77|10,30|91,27
2013-08-18 15:51:08,204|96,0|4,0|0,0|995|416|579|1,52|3,77|0,49|0,00
2013-08-18 15:51:13,994|4,0|6,0|90,0|995|406|589|1,52|3,77|5,10|83,29
2013-08-18 15:51:19,547|2,0|0,0|98,0|995|406|589|1,52|3,77|4,06|2,65
2013-08-18 15:51:25,118|8,1|2,0|89,7|995|403|592|1,52|3,77|5,11|83,29
2013-08-18 15:51:30,673|0,0|0,0|100,0|995|402|593|1,52|3,77|4,59|8,89
2013-08-18 15:51:36,223|6,0|2,0|92,0|995|401|593|1,52|3,77|5,22|83,35
2013-08-18 15:51:41,806|0,0|0,0|100,0|995|401|594|1,52|3,77|1,61|0,30
2013-08-18 15:51:47,429|0,0|0,0|100,0|995|400|595|1,52|3,77|7,44|90,19
2013-08-18 15:51:52,972|0,0|2,0|98,0|995|399|596|1,52|3,77|1,61|0,30
2013-08-18 15:51:58,599|2,0|2,0|96,0|995|399|596|1,52|3,77|6,11|89,96
2013-08-18 15:52:04,191|2,0|0,0|98,0|995|394|601|1,52|3,77|0,00|0,00
2013-08-18 15:52:09,820|3,8|0,0|94,2|995|394|601|1,52|3,77|6,19|90,09
2013-08-18 15:52:15,391|0,0|0,0|100,0|995|391|604|1,52|3,77|0,00|0,00
2013-08-18 15:52:20,930|0,0|0,0|100,0|995|391|604|1,52|3,77|0,47|0,00
2013-08-18 15:52:26,423|0,0|0,0|100,0|995|391|604|1,52|3,77|4,38|3,61
