2013-08-18 15:45:02,719|0,0|0,0|100,0|995|461|534|4,97|8,42|0,19|0,00
2013-08-18 15:45:08,255|1,9|0,0|98,0|995|460|535|4,97|8,42|0,18|0,00
2013-08-18 15:45:13,765|0,0|0,0|100,0|995|460|535|4,97|8,42|9,06|7,26
2013-08-18 15:45:19,352|2,0|0,0|98,0|995|460|535|4,97|8,42|8,88|7,33
2013-08-18 15:45:24,949|2,0|0,0|98,0|995|460|535|4,97|8,42|7,36|6,05
2013-08-18 15:45:30,508|2,0|0,0|98,0|995|460|535|4,97|8,42|4,60|3,83
2013-08-18 15:45:36,129|4,0|4,0|92,0|995|460|535|4,97|8,42|1,78|0,30
2013-08-18 15:45:41,607|1,9|5,8|92,1|995|460|535|4,97|8,42|0,18|0,06
2013-08-18 15:45:47,160|0,0|0,0|100,0|995|460|535|4,97|8,42|0,64|0,43
2013-08-18 15:45:52,668|0,0|0,0|100,0|995|458|537|4,97|8,42|0,43|0,00
2013-08-18 15:45:58,226|0,0|0,0|100,0|995|458|537|4,97|8,42|0,00|0,00
2013-08-18 15:46:03,743|0,0|0,0|100,0|995|458|537|4,97|8,42|0,19|0,00
2013-08-18 15:46:09,266|0,0|0,0|100,0|995|458|537|4,97|8,42|0,12|0,00
2013-08-18 15:46:14,778|0,0|0,0|100,0|995|458|537|4,97|8,42|4,77|4,47
2013-08-18 15:46:20,356|0,0|6,2|93,7|995|458|537|4,97|8,42|0,00|0,00
2013-08-18 15:46:25,917|4,0|10,0|86,0|995|458|537|4,97|8,42|0,18|0,06
2013-08-18 15:46:31,457|4,0|6,0|90,0|995|458|537|4,97|8,42|4,52|3,57
2013-08-18 15:46:36,992|2,0|0,0|98,0|995|459|536|4,97|8,42|7,51|8,02
2013-08-18 15:46:42,536|0,0|0,0|100,0|995|458|537|4,97|8,42|9,01|8,32
2013-08-18 15:46:48,131|0,0|0,0|100,0|995|458|537|4,97|8,42|4,59|4,90
2013-08-18 15:46:53,649|4,0|6,0|90,0|995|458|537|4,97|8,42|0,00|0,00
2013-08-18 15:46:59,216|1,9|3,8|94,2|995|459|536|4,97|8,42|7,12|7,21
2013-08-18 15:47:04,751|65,3|2,0|32,6|995|459|536|4,97|8,42|10,02|10,49
2013-08-18 15:47:10,697|66,6|0,0|33,3|995|459|536|4,97|8,42|10,15|10,50
2013-08-18 15:47:16,644|60,0|0,0|40,0|995|459|536|4,97|8,42|5,31|6,00
2013-08-18 15:47:22,618|51,0|0,0|48,9|995|458|536|4,97|8,42|3,96|2,65
2013-08-18 15:47:28,297|2,0|8,0|90,0|995|459|536|4,97|8,42|1,00|4,45
2013-08-18 15:47:33,868|0,0|0,0|100,0|995|458|537|4,97|8,42|9,01|12,62
2013-08-18 15:47:39,456|0,0|0,0|100,0|995|458|537|4,97|8,42|4,61|5,54
2013-08-18 15:47:45,019|5,8|5,8|88,2|995|459|536|4,97|8,42|2,76|5,64
2013-08-18 15:47:50,525|0,0|0,0|100,0|995|458|537|4,97|8,42|9,07|12,84
2013-08-18 15:47:56,102|0,0|0,0|100,0|995|458|537|4,97|8,42|2,08|1,39
2013-08-18 15:48:01,677|5,8|5,8|88,2|995|458|537|4,97|8,42|4,70|7,10
2013-08-18 15:48:07,236|0,0|0,0|100,0|995|458|537|4,97|8,42|13,97|12,97
2013-08-18 15:48:12,776|2,0|6,0|92,0|995|458|537|4,97|8,42|0,35|0,00
2013-08-18 15:48:18,370|3,9|7,8|86,2|995|459|535|4,97|8,42|2,76|5,65
2013-08-18 15:48:23,917|0,0|0,0|98,0|995|458|537|4,97|8,42|9,24|13,20
2013-08-18 15:48:29,494|1,9|0,0|98,0|995|458|537|4,97|8,42|4,67|6,18
2013-08-18 15:48:35,117|1,9|3,9|90,1|995|458|536|4,97|8,42|0,00|0,00
2013-08-18 15:48:40,692|4,0|8,0|88,0|995|460|535|4,97|8,42|0,06|0,00
2013-08-18 15:48:46,262|98,0|1,9|0,0|995|460|534|4,97|8,42|11,24|16,95
2013-08-18 15:48:52,064|100,0|0,0|0,0|995|462|533|4,97|8,42|11,02|16,29
2013-08-18 15:48:57,829|100,0|0,0|0,0|995|464|531|4,97|8,42|11,71|23,27
2013-08-18 15:49:03,633|98,0|2,0|0,0|995|468|527|4,97|8,42|10,11|17,54
2013-08-18 15:49:09,396|100,0|0,0|0,0|995|471|524|4,97|8,42|5,90|8,23
2013-08-18 15:49:15,230|100,0|0,0|0,0|995|467|528|4,97|8,42|5,71|7,74
2013-08-18 15:49:21,076|100,0|0,0|0,0|995|468|527|4,97|8,42|6,34|7,23
2013-08-18 15:49:26,877|98,0|2,0|0,0|995|469|525|4,97|8,42|4,05|3,78
2013-08-18 15:49:32,677|96,0|4,0|0,0|995|468|527|4,97|8,42|1,80|2,70
2013-08-18 15:49:38,477|98,0|2,0|0,0|995|476|519|4,97|8,42|1,80|2,70
2013-08-18 15:49:44,305|94,0|6,0|0,0|995|476|518|4,97|8,42|2,25|0,82
2013-08-18 15:49:50,110|94,0|6,0|0,0|995|471|524|4,97|8,42|7,34|28,31
2013-08-18 15:49:55,854|100,0|0,0|0,0|995|472|523|4,97|8,42|10,01|32,84
2013-08-18 15:50:01,605|98,0|1,9|0,0|995|471|523|4,97|8,42|10,43|38,42
2013-08-18 15:50:07,453|100,0|0,0|0,0|995|477|517|4,97|8,42|10,25|41,25
2013-08-18 15:50:13,245|100,0|0,0|0,0|995|476|519|4,97|8,42|5,31|8,23
2013-08-18 15:50:19,073|96,0|4,0|0,0|995|474|521|4,97|8,42|3,74|8,43
2013-08-18 15:50:24,842|94,0|6,0|0,0|995|484|510|4,97|8,42|6,74|35,49
2013-08-18 15:50:30,613|100,0|0,0|0,0|995|476|519|4,97|8,42|11,42|48,94
2013-08-18 15:50:36,390|100,0|0,0|0,0|995|483|512|4,97|8,42|7,19|9,28
2013-08-18 15:50:42,201|96,0|4,0|0,0|995|484|510|4,97|8,42|1,16|0,92
2013-08-18 15:50:47,976|94,0|6,0|0,0|995|487|508|4,97|8,42|3,14|42,20
2013-08-18 15:50:53,769|98,0|1,9|0,0|995|481|514|4,97|8,42|9,62|53,43
2013-08-18 15:50:59,569|100,0|0,0|0,0|995|478|516|4,97|8,42|9,77|54,53
2013-08-18 15:51:05,356|100,0|0,0|0,0|995|477|518|4,97|8,42|5,58|11,48
2013-08-18 15:51:11,237|3,9|7,8|88,2|995|468|527|4,97|8,42|3,22|47,67
2013-08-18 15:51:16,789|0,0|0,0|100,0|995|468|527|4,97|8,42|6,23|9,71
2013-08-18 15:51:22,456|5,8|5,8|86,2|995|468|527|4,97|8,42|0,06|0,00
2013-08-18 15:51:28,003|0,0|0,0|100,0|995|468|527|4,97|8,42|8,01|11,11
2013-08-18 15:51:33,563|3,9|7,8|88,2|995|468|527|4,97|8,42|0,06|0,00
2013-08-18 15:51:39,121|0,0|0,0|100,0|995|468|527|4,97|8,42|8,01|11,25
2013-08-18 15:51:44,672|4,0|6,1|89,7|995|469|526|4,97|8,42|0,00|0,00
2013-08-18 15:51:50,262|0,0|0,0|100,0|995|467|528|4,97|8,42|6,15|9,04
2013-08-18 15:51:55,880|6,1|4,0|89,7|995|466|528|4,97|8,42|1,68|46,81
2013-08-18 15:52:01,458|0,0|0,0|100,0|995|463|532|4,97|8,42|6,58|10,33
2013-08-18 15:52:07,060|3,9|7,8|88,2|995|463|531|4,97|8,42|1,45|46,82
2013-08-18 15:52:12,637|0,0|0,0|100,0|995|462|533|4,97|8,42|4,83|9,02
2013-08-18 15:52:18,260|0,0|1,9|98,0|995|462|533|4,97|8,42|0,06|0,00
2013-08-18 15:52:23,781|0,0|0,0|100,0|995|462|533|4,97|8,42|0,12|0,00
2013-08-18 15:52:29,289|0,0|0,0|100,0|995|462|533|4,97|8,42|0,06|0,00
