2013-08-18 15:44:48,210|0,0|0,0|100,0|995|472|522|1,35|5,83|0,06|0,00
2013-08-18 15:44:53,740|0,0|0,0|100,0|995|471|524|1,35|5,83|0,06|0,00
2013-08-18 15:44:59,252|0,0|0,0|100,0|995|471|524|1,35|5,83|0,12|0,00
2013-08-18 15:45:04,752|0,0|0,0|100,0|995|471|524|1,35|5,83|0,18|0,00
2013-08-18 15:45:10,249|4,0|6,0|90,0|995|471|524|1,35|5,83|4,46|3,57
2013-08-18 15:45:15,763|0,0|0,0|100,0|995|472|523|1,35|5,83|7,58|6,01
2013-08-18 15:45:21,316|0,0|0,0|100,0|995|471|524|1,35|5,83|9,01|7,48
2013-08-18 15:45:26,811|0,0|0,0|100,0|995|471|524|1,35|5,83|9,07|7,62
2013-08-18 15:45:32,358|0,0|0,0|100,0|995|471|524|1,35|5,83|6,31|5,57
2013-08-18 15:45:37,972|0,0|0,0|100,0|995|471|524|1,35|5,83|0,41|0,06
2013-08-18 15:45:43,542|0,0|0,0|100,0|995|471|524|1,35|5,83|0,35|0,00
2013-08-18 15:45:49,067|0,0|0,0|100,0|995|471|524|1,35|5,83|0,57|0,00
2013-08-18 15:45:54,608|0,0|0,0|100,0|995|471|524|1,35|5,83|0,29|0,00
2013-08-18 15:46:00,128|0,0|0,0|100,0|995|471|524|1,35|5,83|0,06|0,00
2013-08-18 15:46:05,636|0,0|0,0|100,0|995|471|524|1,35|5,83|0,06|0,00
2013-08-18 15:46:11,146|0,0|0,0|100,0|995|471|524|1,35|5,83|8,88|8,19
2013-08-18 15:46:16,730|0,0|0,0|100,0|995|471|524|1,35|5,83|4,79|4,69
2013-08-18 15:46:22,295|0,0|0,0|100,0|995|471|524|1,35|5,83|3,47|2,59
2013-08-18 15:46:27,875|0,0|4,1|95,8|995|471|524|1,35|5,83|0,18|0,00
2013-08-18 15:46:33,407|8,0|4,0|88,0|995|472|523|1,35|5,83|2,69|2,18
2013-08-18 15:46:38,961|0,0|0,0|100,0|995|471|524|1,35|5,83|8,95|8,61
2013-08-18 15:46:44,498|2,0|0,0|98,0|995|471|524|1,35|5,83|9,07|8,61
2013-08-18 15:46:50,017|0,0|6,1|93,8|995|471|524|1,35|5,83|1,73|0,30
2013-08-18 15:46:55,618|2,0|8,1|89,7|995|471|524|1,35|5,83|4,82|3,63
2013-08-18 15:47:01,225|69,2|0,0|28,8|995|473|522|1,35|5,83|8,86|8,88
2013-08-18 15:47:07,090|66,0|2,0|32,0|995|472|523|1,35|5,83|10,44|12,27
2013-08-18 15:47:13,006|74,0|2,0|24,0|995|472|523|1,35|5,83|10,09|12,24
2013-08-18 15:47:18,935|2,0|0,0|98,0|995|471|523|1,35|5,83|4,77|5,51
2013-08-18 15:47:24,507|6,1|6,1|87,7|995|471|523|1,35|5,83|0,06|0,00
2013-08-18 15:47:30,012|0,0|0,0|100,0|995|471|523|1,35|5,83|9,13|12,78
2013-08-18 15:47:35,523|1,9|0,0|98,0|995|471|523|1,35|5,83|4,54|5,74
2013-08-18 15:47:41,108|6,0|6,0|88,0|995|472|522|1,35|5,83|2,76|5,71
2013-08-18 15:47:46,622|0,0|0,0|100,0|995|471|523|1,35|5,83|9,07|12,98
2013-08-18 15:47:52,137|2,0|4,0|94,0|995|471|523|1,35|5,83|0,29|0,00
2013-08-18 15:47:57,728|6,1|4,0|89,7|995|471|523|1,35|5,83|4,59|7,10
2013-08-18 15:48:03,212|2,0|0,0|98,0|995|471|523|1,35|5,83|5,27|6,17
2013-08-18 15:48:08,791|3,9|7,8|88,2|995|471|523|1,35|5,83|0,12|0,00
2013-08-18 15:48:14,360|6,2|2,0|91,6|995|471|523|1,35|5,83|4,53|7,10
2013-08-18 15:48:19,885|0,0|0,0|100,0|995|471|523|1,35|5,83|9,24|13,27
2013-08-18 15:48:25,466|0,0|0,0|100,0|995|471|523|1,35|5,83|4,60|6,32
2013-08-18 15:48:31,101|6,0|4,0|90,0|995|471|523|1,35|5,83|0,35|0,00
2013-08-18 15:48:36,642|94,0|6,0|0,0|995|474|521|1,35|5,83|5,04|9,87
2013-08-18 15:48:42,401|98,0|2,0|0,0|995|479|516|1,35|5,83|6,98|10,76
2013-08-18 15:48:48,149|98,0|1,9|0,0|995|477|518|1,35|5,83|10,68|19,51
2013-08-18 15:48:53,871|100,0|0,0|0,0|995|477|518|1,35|5,83|11,73|21,95
2013-08-18 15:48:59,629|96,0|4,0|0,0|995|488|507|1,35|5,83|10,64|22,30
2013-08-18 15:49:05,389|100,0|0,0|0,0|995|481|514|1,35|5,83|8,41|18,76
2013-08-18 15:49:11,195|100,0|0,0|0,0|995|491|504|1,35|5,83|4,83|3,13
2013-08-18 15:49:16,969|100,0|0,0|0,0|995|487|508|1,35|5,83|3,43|2,38
2013-08-18 15:49:22,731|96,0|4,0|0,0|995|490|505|1,35|5,83|1,44|0,55
2013-08-18 15:49:28,492|92,0|6,0|0,0|995|486|508|1,35|5,83|2,73|6,27
2013-08-18 15:49:34,222|98,0|2,0|0,0|995|491|504|1,35|5,83|3,92|23,88
2013-08-18 15:49:39,991|94,0|6,0|0,0|995|487|507|1,35|5,83|7,48|25,96
2013-08-18 15:49:45,733|100,0|0,0|0,0|995|505|489|1,35|5,83|10,03|34,44
2013-08-18 15:49:51,471|100,0|0,0|0,0|995|508|487|1,35|5,83|9,20|34,52
2013-08-18 15:49:57,237|100,0|0,0|0,0|995|497|498|1,35|5,83|4,74|8,04
2013-08-18 15:50:03,045|98,0|2,0|0,0|995|491|503|1,35|5,83|0,12|0,06
2013-08-18 15:50:08,817|94,0|6,0|0,0|995|481|514|1,35|5,83|0,06|0,00
2013-08-18 15:50:14,459|0,0|0,0|100,0|995|480|515|1,35|5,83|9,44|42,34
2013-08-18 15:50:20,019|0,0|0,0|100,0|995|480|515|1,35|5,83|4,60|7,82
2013-08-18 15:50:25,537|5,8|3,9|88,2|995|480|515|1,35|5,83|0,06|0,00
2013-08-18 15:50:31,086|0,0|0,0|96,0|995|480|515|1,35|5,83|9,73|42,89
2013-08-18 15:50:36,633|1,9|0,0|98,0|995|480|515|1,35|5,83|4,61|7,96
2013-08-18 15:50:42,266|7,8|9,8|80,3|995|480|515|1,35|5,83|0,29|0,00
2013-08-18 15:50:47,819|0,0|0,0|97,9|995|479|516|1,35|5,83|9,99|43,15
2013-08-18 15:50:53,353|0,0|0,0|100,0|995|478|517|1,35|5,83|3,65|2,63
2013-08-18 15:50:58,909|8,1|12,2|79,5|995|477|517|1,35|5,83|0,00|0,00
2013-08-18 15:51:04,477|0,0|0,0|100,0|995|476|519|1,35|5,83|9,38|43,37
2013-08-18 15:51:10,011|6,1|4,0|89,7|995|476|519|1,35|5,83|0,00|0,00
2013-08-18 15:51:15,515|0,0|0,0|100,0|995|476|519|1,35|5,83|9,92|43,51
2013-08-18 15:51:21,073|6,2|4,1|81,2|995|476|519|1,35|5,83|0,00|0,00
2013-08-18 15:51:26,619|0,0|0,0|100,0|995|476|519|1,35|5,83|9,58|43,65
2013-08-18 15:51:32,139|2,0|8,1|85,7|995|476|519|1,35|5,83|0,12|0,00
2013-08-18 15:51:37,651|0,0|0,0|100,0|995|476|519|1,35|5,83|8,32|11,45
2013-08-18 15:51:43,220|6,1|4,0|89,7|995|476|519|1,35|5,83|0,41|0,06
2013-08-18 15:51:48,748|0,0|0,0|100,0|995|476|519|1,35|5,83|6,55|10,40
2013-08-18 15:51:54,362|2,0|10,0|88,0|995|477|517|1,35|5,83|0,75|2,84
2013-08-18 15:51:59,944|0,0|0,0|93,8|995|476|519|1,35|5,83|6,56|10,56
2013-08-18 15:52:05,549|4,0|6,0|88,0|995|477|517|1,35|5,83|0,46|2,84
2013-08-18 15:52:11,121|0,0|0,0|97,9|995|476|519|1,35|5,83|2,06|1,37
2013-08-18 15:52:16,703|0,0|0,0|98,0|995|476|519|1,35|5,83|0,06|0,00
2013-08-18 15:52:22,238|0,0|0,0|100,0|995|476|519|1,35|5,83|0,18|0,00
