MV1===========================================
[18/Aug/2013:15:45:11 +0000]|4
[18/Aug/2013:15:45:11 +0000]|49
[18/Aug/2013:15:45:11 +0000]|175
[18/Aug/2013:15:45:12 +0000]|592
[18/Aug/2013:15:45:12 +0000]|59
[18/Aug/2013:15:45:12 +0000]|78
[18/Aug/2013:15:45:12 +0000]|137
[18/Aug/2013:15:45:12 +0000]|205
[18/Aug/2013:15:45:13 +0000]|765
[18/Aug/2013:15:45:13 +0000]|1101
[18/Aug/2013:15:45:14 +0000]|1332
[18/Aug/2013:15:45:15 +0000]|260
[18/Aug/2013:15:45:15 +0000]|339
[18/Aug/2013:15:45:15 +0000]|416
[18/Aug/2013:15:45:15 +0000]|475
[18/Aug/2013:15:45:15 +0000]|519
[18/Aug/2013:15:45:15 +0000]|550
[18/Aug/2013:15:45:15 +0000]|586
[18/Aug/2013:15:45:15 +0000]|596
[18/Aug/2013:15:45:15 +0000]|337
[18/Aug/2013:15:45:18 +0000]|2813
[18/Aug/2013:15:45:18 +0000]|2782
[18/Aug/2013:15:45:18 +0000]|80
[18/Aug/2013:15:45:19 +0000]|230
[18/Aug/2013:15:45:19 +0000]|390
[18/Aug/2013:15:45:19 +0000]|436
[18/Aug/2013:15:45:19 +0000]|489
[18/Aug/2013:15:45:19 +0000]|519
[18/Aug/2013:15:45:19 +0000]|555
[18/Aug/2013:15:45:19 +0000]|591
[18/Aug/2013:15:45:19 +0000]|609
[18/Aug/2013:15:45:19 +0000]|623
[18/Aug/2013:15:45:19 +0000]|648
[18/Aug/2013:15:45:19 +0000]|595
[18/Aug/2013:15:45:24 +0000]|199
[18/Aug/2013:15:45:24 +0000]|160
[18/Aug/2013:15:45:24 +0000]|92
[18/Aug/2013:15:45:24 +0000]|597
[18/Aug/2013:15:45:24 +0000]|7310
[18/Aug/2013:15:45:24 +0000]|2
[18/Aug/2013:15:45:24 +0000]|8872
[18/Aug/2013:15:45:24 +0000]|6
[18/Aug/2013:15:45:24 +0000]|2
[18/Aug/2013:15:45:24 +0000]|6
[18/Aug/2013:15:45:24 +0000]|9499
[18/Aug/2013:15:45:24 +0000]|8528
[18/Aug/2013:15:45:24 +0000]|9774
[18/Aug/2013:15:45:24 +0000]|793
[18/Aug/2013:15:45:24 +0000]|18
[18/Aug/2013:15:45:25 +0000]|661
[18/Aug/2013:15:45:25 +0000]|460
[18/Aug/2013:15:45:25 +0000]|439
[18/Aug/2013:15:45:25 +0000]|428
[18/Aug/2013:15:45:25 +0000]|395
[18/Aug/2013:15:45:25 +0000]|354
[18/Aug/2013:15:45:25 +0000]|317
[18/Aug/2013:15:45:25 +0000]|477
[18/Aug/2013:15:45:25 +0000]|515
[18/Aug/2013:15:45:25 +0000]|516
[18/Aug/2013:15:45:25 +0000]|528
[18/Aug/2013:15:45:25 +0000]|548
[18/Aug/2013:15:45:25 +0000]|517
[18/Aug/2013:15:45:25 +0000]|483
[18/Aug/2013:15:45:25 +0000]|463
[18/Aug/2013:15:45:25 +0000]|454
[18/Aug/2013:15:45:25 +0000]|452
[18/Aug/2013:15:45:25 +0000]|449
[18/Aug/2013:15:45:25 +0000]|445
[18/Aug/2013:15:45:25 +0000]|443
[18/Aug/2013:15:45:35 +0000]|1243
[18/Aug/2013:15:45:35 +0000]|1323
[18/Aug/2013:15:45:35 +0000]|1412
[18/Aug/2013:15:45:35 +0000]|9453
[18/Aug/2013:15:45:39 +0000]|7054
[18/Aug/2013:15:45:39 +0000]|7138
[18/Aug/2013:15:45:39 +0000]|7210
[18/Aug/2013:15:45:39 +0000]|7297
[18/Aug/2013:15:45:39 +0000]|7384
[18/Aug/2013:15:45:39 +0000]|7438
[18/Aug/2013:15:45:39 +0000]|7464
[18/Aug/2013:15:45:39 +0000]|7496
[18/Aug/2013:15:45:39 +0000]|14037
[18/Aug/2013:15:45:39 +0000]|14052
[18/Aug/2013:15:45:42 +0000]|10524
[18/Aug/2013:15:45:43 +0000]|10652
[18/Aug/2013:15:45:44 +0000]|12407
[18/Aug/2013:15:45:44 +0000]|12448
[18/Aug/2013:15:45:44 +0000]|12451
[18/Aug/2013:15:45:44 +0000]|12482
[18/Aug/2013:15:45:44 +0000]|12518
[18/Aug/2013:15:45:45 +0000]|12546
[18/Aug/2013:15:45:45 +0000]|12589
[18/Aug/2013:15:45:45 +0000]|12629
[18/Aug/2013:15:45:45 +0000]|12681
[18/Aug/2013:15:45:45 +0000]|12737
[18/Aug/2013:15:45:45 +0000]|12795
[18/Aug/2013:15:45:45 +0000]|12848
[18/Aug/2013:15:45:45 +0000]|12903
[18/Aug/2013:15:45:45 +0000]|12967
[18/Aug/2013:15:45:45 +0000]|13011
[18/Aug/2013:15:46:12 +0000]|2
[18/Aug/2013:15:46:12 +0000]|36
[18/Aug/2013:15:46:12 +0000]|106
[18/Aug/2013:15:46:13 +0000]|186
[18/Aug/2013:15:46:13 +0000]|533
[18/Aug/2013:15:46:13 +0000]|758
[18/Aug/2013:15:46:14 +0000]|119
[18/Aug/2013:15:46:14 +0000]|382
[18/Aug/2013:15:46:14 +0000]|598
[18/Aug/2013:15:46:15 +0000]|1121
[18/Aug/2013:15:46:15 +0000]|1241
[18/Aug/2013:15:46:15 +0000]|88
[18/Aug/2013:15:46:16 +0000]|446
[18/Aug/2013:15:46:16 +0000]|2270
[18/Aug/2013:15:46:16 +0000]|1015
[18/Aug/2013:15:46:16 +0000]|1091
[18/Aug/2013:15:46:16 +0000]|1151
[18/Aug/2013:15:46:16 +0000]|1209
[18/Aug/2013:15:46:18 +0000]|1358
[18/Aug/2013:15:46:18 +0000]|1438
[18/Aug/2013:15:46:18 +0000]|1527
[18/Aug/2013:15:46:18 +0000]|1614
[18/Aug/2013:15:46:18 +0000]|1640
[18/Aug/2013:15:46:18 +0000]|1643
[18/Aug/2013:15:46:20 +0000]|1224
[18/Aug/2013:15:46:20 +0000]|2308
[18/Aug/2013:15:46:20 +0000]|1565
[18/Aug/2013:15:46:20 +0000]|1688
[18/Aug/2013:15:46:20 +0000]|1712
[18/Aug/2013:15:46:20 +0000]|1714
[18/Aug/2013:15:46:20 +0000]|1714
[18/Aug/2013:15:46:20 +0000]|1716
[18/Aug/2013:15:46:20 +0000]|1718
[18/Aug/2013:15:46:20 +0000]|1720
[18/Aug/2013:15:46:20 +0000]|1726
[18/Aug/2013:15:46:24 +0000]|200
[18/Aug/2013:15:46:24 +0000]|316
[18/Aug/2013:15:46:24 +0000]|454
[18/Aug/2013:15:46:25 +0000]|594
[18/Aug/2013:15:46:25 +0000]|651
[18/Aug/2013:15:46:25 +0000]|5048
[18/Aug/2013:15:46:25 +0000]|671
[18/Aug/2013:15:46:25 +0000]|698
[18/Aug/2013:15:46:25 +0000]|4719
[18/Aug/2013:15:46:25 +0000]|736
[18/Aug/2013:15:46:25 +0000]|752
[18/Aug/2013:15:46:25 +0000]|4954
[18/Aug/2013:15:46:25 +0000]|770
[18/Aug/2013:15:46:25 +0000]|789
[18/Aug/2013:15:46:25 +0000]|5179
[18/Aug/2013:15:46:25 +0000]|803
[18/Aug/2013:15:46:25 +0000]|815
[18/Aug/2013:15:46:25 +0000]|5208
[18/Aug/2013:15:46:25 +0000]|835
[18/Aug/2013:15:46:25 +0000]|846
[18/Aug/2013:15:46:25 +0000]|5239
[18/Aug/2013:15:46:25 +0000]|864
[18/Aug/2013:15:46:25 +0000]|880
[18/Aug/2013:15:46:25 +0000]|5272
[18/Aug/2013:15:46:25 +0000]|896
[18/Aug/2013:15:46:25 +0000]|4689
[18/Aug/2013:15:46:34 +0000]|10048
[18/Aug/2013:15:46:34 +0000]|4640
[18/Aug/2013:15:46:34 +0000]|4772
[18/Aug/2013:15:46:34 +0000]|4821
[18/Aug/2013:15:46:34 +0000]|9738
[18/Aug/2013:15:46:34 +0000]|4843
[18/Aug/2013:15:46:34 +0000]|4847
[18/Aug/2013:15:46:34 +0000]|4849
[18/Aug/2013:15:46:34 +0000]|10161
[18/Aug/2013:15:46:34 +0000]|4852
[18/Aug/2013:15:46:34 +0000]|4866
[18/Aug/2013:15:46:34 +0000]|4873
[18/Aug/2013:15:46:34 +0000]|4881
[18/Aug/2013:15:46:34 +0000]|4883
[18/Aug/2013:15:46:34 +0000]|4884
[18/Aug/2013:15:46:34 +0000]|4891
[18/Aug/2013:15:46:34 +0000]|4892
[18/Aug/2013:15:46:34 +0000]|4898
[18/Aug/2013:15:46:34 +0000]|4899
[18/Aug/2013:15:46:34 +0000]|9214
[18/Aug/2013:15:46:34 +0000]|4902
[18/Aug/2013:15:46:34 +0000]|4904
[18/Aug/2013:15:46:34 +0000]|4906
[18/Aug/2013:15:46:34 +0000]|4908
[18/Aug/2013:15:46:34 +0000]|4910
[18/Aug/2013:15:46:35 +0000]|10085
[18/Aug/2013:15:46:35 +0000]|9517
[18/Aug/2013:15:46:35 +0000]|4148
[18/Aug/2013:15:46:35 +0000]|759
[18/Aug/2013:15:46:35 +0000]|9854
[18/Aug/2013:15:46:35 +0000]|836
[18/Aug/2013:15:46:45 +0000]|10566
[18/Aug/2013:15:46:45 +0000]|11158
[18/Aug/2013:15:46:46 +0000]|12001
[18/Aug/2013:15:46:46 +0000]|12071
[18/Aug/2013:15:46:46 +0000]|12087
[18/Aug/2013:15:46:46 +0000]|12096
[18/Aug/2013:15:46:46 +0000]|12115
[18/Aug/2013:15:46:47 +0000]|13408
[18/Aug/2013:15:46:58 +0000]|3
[18/Aug/2013:15:46:59 +0000]|282
[18/Aug/2013:15:46:59 +0000]|403
[18/Aug/2013:15:47:00 +0000]|3
[18/Aug/2013:15:47:00 +0000]|200
[18/Aug/2013:15:47:01 +0000]|560
[18/Aug/2013:15:47:01 +0000]|2
[18/Aug/2013:15:47:02 +0000]|199
[18/Aug/2013:15:47:03 +0000]|3
[18/Aug/2013:15:47:03 +0000]|3
[18/Aug/2013:15:47:04 +0000]|139
[18/Aug/2013:15:47:04 +0000]|3
[18/Aug/2013:15:47:05 +0000]|3
[18/Aug/2013:15:47:06 +0000]|3
[18/Aug/2013:15:47:06 +0000]|3
[18/Aug/2013:15:47:07 +0000]|2
[18/Aug/2013:15:47:07 +0000]|3
[18/Aug/2013:15:47:08 +0000]|3
[18/Aug/2013:15:47:09 +0000]|3
[18/Aug/2013:15:47:09 +0000]|9
[18/Aug/2013:15:47:10 +0000]|3
[18/Aug/2013:15:47:10 +0000]|3
[18/Aug/2013:15:47:11 +0000]|3
[18/Aug/2013:15:47:12 +0000]|30
[18/Aug/2013:15:47:12 +0000]|4
[18/Aug/2013:15:47:13 +0000]|32
[18/Aug/2013:15:47:13 +0000]|3
[18/Aug/2013:15:47:14 +0000]|3
[18/Aug/2013:15:47:15 +0000]|3
[18/Aug/2013:15:47:15 +0000]|78
[18/Aug/2013:15:47:16 +0000]|2
[18/Aug/2013:15:47:16 +0000]|3
[18/Aug/2013:15:47:17 +0000]|3
[18/Aug/2013:15:47:18 +0000]|3
[18/Aug/2013:15:48:06 +0000]|3
[18/Aug/2013:15:48:07 +0000]|58
[18/Aug/2013:15:48:07 +0000]|191
[18/Aug/2013:15:48:07 +0000]|127
[18/Aug/2013:15:48:07 +0000]|215
[18/Aug/2013:15:48:07 +0000]|300
[18/Aug/2013:15:48:08 +0000]|387
[18/Aug/2013:15:48:08 +0000]|934
[18/Aug/2013:15:48:08 +0000]|468
[18/Aug/2013:15:48:08 +0000]|306
[18/Aug/2013:15:48:09 +0000]|960
[18/Aug/2013:15:48:10 +0000]|767
[18/Aug/2013:15:48:10 +0000]|879
[18/Aug/2013:15:48:10 +0000]|1059
[18/Aug/2013:15:48:10 +0000]|1271
[18/Aug/2013:15:48:10 +0000]|1423
[18/Aug/2013:15:48:10 +0000]|1514
[18/Aug/2013:15:48:10 +0000]|1576
[18/Aug/2013:15:48:10 +0000]|1612
[18/Aug/2013:15:48:10 +0000]|1636
[18/Aug/2013:15:48:10 +0000]|1646
[18/Aug/2013:15:48:10 +0000]|1656
[18/Aug/2013:15:48:10 +0000]|2673
[18/Aug/2013:15:48:10 +0000]|2776
[18/Aug/2013:15:48:15 +0000]|1354
[18/Aug/2013:15:48:16 +0000]|2
[18/Aug/2013:15:48:16 +0000]|7
[18/Aug/2013:15:48:16 +0000]|9
[18/Aug/2013:15:48:16 +0000]|12
[18/Aug/2013:15:48:16 +0000]|13
[18/Aug/2013:15:48:16 +0000]|16
[18/Aug/2013:15:48:16 +0000]|19
[18/Aug/2013:15:48:16 +0000]|21
[18/Aug/2013:15:48:16 +0000]|24
[18/Aug/2013:15:48:16 +0000]|26
[18/Aug/2013:15:48:16 +0000]|29
[18/Aug/2013:15:48:16 +0000]|31
[18/Aug/2013:15:48:16 +0000]|34
[18/Aug/2013:15:48:16 +0000]|37
[18/Aug/2013:15:48:16 +0000]|39
[18/Aug/2013:15:48:16 +0000]|43
[18/Aug/2013:15:48:16 +0000]|45
[18/Aug/2013:15:48:16 +0000]|48
[18/Aug/2013:15:48:16 +0000]|50
[18/Aug/2013:15:48:16 +0000]|53
[18/Aug/2013:15:48:16 +0000]|3
[18/Aug/2013:15:48:16 +0000]|58
[18/Aug/2013:15:48:16 +0000]|61
[18/Aug/2013:15:48:16 +0000]|64
[18/Aug/2013:15:48:16 +0000]|66
[18/Aug/2013:15:48:16 +0000]|69
[18/Aug/2013:15:48:16 +0000]|75
[18/Aug/2013:15:48:16 +0000]|87
[18/Aug/2013:15:48:16 +0000]|109
[18/Aug/2013:15:48:16 +0000]|115
[18/Aug/2013:15:48:16 +0000]|139
[18/Aug/2013:15:48:16 +0000]|155
[18/Aug/2013:15:48:16 +0000]|177
[18/Aug/2013:15:48:16 +0000]|223
[18/Aug/2013:15:48:16 +0000]|237
[18/Aug/2013:15:48:16 +0000]|256
[18/Aug/2013:15:48:16 +0000]|262
[18/Aug/2013:15:48:16 +0000]|276
[18/Aug/2013:15:48:16 +0000]|314
[18/Aug/2013:15:48:16 +0000]|344
[18/Aug/2013:15:48:16 +0000]|360
[18/Aug/2013:15:48:16 +0000]|388
[18/Aug/2013:15:48:16 +0000]|398
[18/Aug/2013:15:48:16 +0000]|409
[18/Aug/2013:15:48:16 +0000]|435
[18/Aug/2013:15:48:16 +0000]|461
[18/Aug/2013:15:48:16 +0000]|479
[18/Aug/2013:15:48:16 +0000]|493
[18/Aug/2013:15:48:16 +0000]|514
[18/Aug/2013:15:48:16 +0000]|517
[18/Aug/2013:15:48:17 +0000]|9511
[18/Aug/2013:15:48:17 +0000]|12
[18/Aug/2013:15:48:17 +0000]|9652
[18/Aug/2013:15:48:17 +0000]|6504
[18/Aug/2013:15:48:17 +0000]|6516
[18/Aug/2013:15:48:17 +0000]|6530
[18/Aug/2013:15:48:17 +0000]|6548
[18/Aug/2013:15:48:17 +0000]|6569
[18/Aug/2013:15:48:17 +0000]|6575
[18/Aug/2013:15:48:17 +0000]|6578
[18/Aug/2013:15:48:17 +0000]|6580
[18/Aug/2013:15:48:17 +0000]|6582
[18/Aug/2013:15:48:17 +0000]|6585
[18/Aug/2013:15:48:17 +0000]|6587
[18/Aug/2013:15:48:17 +0000]|6594
[18/Aug/2013:15:48:17 +0000]|6597
[18/Aug/2013:15:48:17 +0000]|6599
[18/Aug/2013:15:48:17 +0000]|6602
[18/Aug/2013:15:48:17 +0000]|6604
[18/Aug/2013:15:48:40 +0000]|1120
[18/Aug/2013:15:48:40 +0000]|282
[18/Aug/2013:15:48:40 +0000]|593
[18/Aug/2013:15:48:40 +0000]|748
[18/Aug/2013:15:48:40 +0000]|749
[18/Aug/2013:15:48:40 +0000]|758
[18/Aug/2013:15:48:40 +0000]|760
[18/Aug/2013:15:48:40 +0000]|762
[18/Aug/2013:15:48:40 +0000]|764
[18/Aug/2013:15:48:40 +0000]|767
[18/Aug/2013:15:48:40 +0000]|781
[18/Aug/2013:15:48:40 +0000]|782
[18/Aug/2013:15:48:40 +0000]|785
[18/Aug/2013:15:48:40 +0000]|788
[18/Aug/2013:15:48:40 +0000]|791
[18/Aug/2013:15:48:40 +0000]|793
[18/Aug/2013:15:48:40 +0000]|795
[18/Aug/2013:15:48:40 +0000]|797
[18/Aug/2013:15:48:40 +0000]|798
[18/Aug/2013:15:48:40 +0000]|801
[18/Aug/2013:15:48:40 +0000]|805
[18/Aug/2013:15:48:40 +0000]|807
[18/Aug/2013:15:48:40 +0000]|810
[18/Aug/2013:15:48:40 +0000]|811
[18/Aug/2013:15:48:40 +0000]|813
[18/Aug/2013:15:48:40 +0000]|816
[18/Aug/2013:15:48:40 +0000]|818
[18/Aug/2013:15:48:41 +0000]|1298
[18/Aug/2013:15:48:41 +0000]|1298
[18/Aug/2013:15:48:41 +0000]|1298
[18/Aug/2013:15:48:41 +0000]|1298
[18/Aug/2013:15:48:41 +0000]|1298
[18/Aug/2013:15:48:41 +0000]|1299
[18/Aug/2013:15:48:41 +0000]|1298
[18/Aug/2013:15:48:41 +0000]|1298
[18/Aug/2013:15:48:41 +0000]|1298
[18/Aug/2013:15:48:41 +0000]|1299
[18/Aug/2013:15:48:41 +0000]|1298
[18/Aug/2013:15:48:41 +0000]|1298
[18/Aug/2013:15:48:41 +0000]|1298
[18/Aug/2013:15:48:41 +0000]|1298
[18/Aug/2013:15:48:41 +0000]|1298
[18/Aug/2013:15:48:41 +0000]|1298
[18/Aug/2013:15:48:41 +0000]|1298
[18/Aug/2013:15:48:41 +0000]|1298
[18/Aug/2013:15:48:41 +0000]|1298
[18/Aug/2013:15:48:41 +0000]|1298
[18/Aug/2013:15:48:41 +0000]|1298
[18/Aug/2013:15:48:41 +0000]|1297
[18/Aug/2013:15:48:52 +0000]|12780
[18/Aug/2013:15:48:53 +0000]|13520
[18/Aug/2013:15:48:53 +0000]|1148
[18/Aug/2013:15:48:53 +0000]|11354
[18/Aug/2013:15:48:53 +0000]|11401
[18/Aug/2013:15:48:53 +0000]|13795
[18/Aug/2013:15:48:53 +0000]|13775
[18/Aug/2013:15:48:53 +0000]|37559
[18/Aug/2013:15:48:53 +0000]|10202
[18/Aug/2013:15:48:53 +0000]|10222
[18/Aug/2013:15:48:53 +0000]|10246
[18/Aug/2013:15:48:53 +0000]|10262
[18/Aug/2013:15:48:53 +0000]|10276
[18/Aug/2013:15:48:53 +0000]|10278
[18/Aug/2013:15:48:53 +0000]|10280
[18/Aug/2013:15:48:53 +0000]|10280
[18/Aug/2013:15:48:53 +0000]|10282
[18/Aug/2013:15:48:53 +0000]|10284
[18/Aug/2013:15:48:53 +0000]|10286
[18/Aug/2013:15:48:53 +0000]|10287
[18/Aug/2013:15:48:53 +0000]|10290
[18/Aug/2013:15:48:53 +0000]|10292
[18/Aug/2013:15:48:53 +0000]|10295
[18/Aug/2013:15:48:53 +0000]|10297
[18/Aug/2013:15:48:53 +0000]|10299
[18/Aug/2013:15:48:53 +0000]|10301
[18/Aug/2013:15:48:53 +0000]|10303
[18/Aug/2013:15:48:53 +0000]|10305
[18/Aug/2013:15:48:53 +0000]|10308
[18/Aug/2013:15:48:54 +0000]|18147
[18/Aug/2013:15:48:54 +0000]|13316
[18/Aug/2013:15:48:54 +0000]|13327
[18/Aug/2013:15:48:54 +0000]|13329
[18/Aug/2013:15:48:54 +0000]|35675
[18/Aug/2013:15:48:54 +0000]|13368
[18/Aug/2013:15:48:54 +0000]|13390
[18/Aug/2013:15:48:54 +0000]|13413
[18/Aug/2013:15:48:54 +0000]|35775
[18/Aug/2013:15:48:54 +0000]|13487
[18/Aug/2013:15:48:54 +0000]|13520
[18/Aug/2013:15:48:54 +0000]|13556
[18/Aug/2013:15:48:54 +0000]|35932
[18/Aug/2013:15:48:54 +0000]|13631
[18/Aug/2013:15:48:54 +0000]|13672
[18/Aug/2013:15:48:54 +0000]|36048
[18/Aug/2013:15:48:54 +0000]|13782
[18/Aug/2013:15:48:54 +0000]|13831
[18/Aug/2013:15:48:55 +0000]|13867
[18/Aug/2013:15:48:55 +0000]|13915
[18/Aug/2013:15:48:55 +0000]|13973
[18/Aug/2013:15:48:55 +0000]|14022
[18/Aug/2013:15:48:55 +0000]|14072
[18/Aug/2013:15:48:55 +0000]|14142
[18/Aug/2013:15:48:55 +0000]|14288
[18/Aug/2013:15:48:55 +0000]|14358
[18/Aug/2013:15:48:55 +0000]|14394
[18/Aug/2013:15:48:55 +0000]|14348
[18/Aug/2013:15:48:55 +0000]|15685
[18/Aug/2013:15:48:55 +0000]|13366
[18/Aug/2013:15:48:55 +0000]|13416
[18/Aug/2013:15:48:55 +0000]|13448
[18/Aug/2013:15:49:12 +0000]|32297
[18/Aug/2013:15:49:12 +0000]|1453
[18/Aug/2013:15:49:12 +0000]|5
[18/Aug/2013:15:49:12 +0000]|6
[18/Aug/2013:15:49:12 +0000]|8
[18/Aug/2013:15:49:12 +0000]|2
[18/Aug/2013:15:49:12 +0000]|2
[18/Aug/2013:15:49:12 +0000]|8
[18/Aug/2013:15:49:12 +0000]|2
[18/Aug/2013:15:49:12 +0000]|5
[18/Aug/2013:15:49:12 +0000]|8
[18/Aug/2013:15:49:12 +0000]|2
[18/Aug/2013:15:49:12 +0000]|6
[18/Aug/2013:15:49:12 +0000]|7
[18/Aug/2013:15:49:12 +0000]|2
[18/Aug/2013:15:49:12 +0000]|7
[18/Aug/2013:15:49:12 +0000]|2
[18/Aug/2013:15:49:12 +0000]|5
[18/Aug/2013:15:49:12 +0000]|6
[18/Aug/2013:15:49:12 +0000]|2
[18/Aug/2013:15:49:12 +0000]|6
[18/Aug/2013:15:49:12 +0000]|4
[18/Aug/2013:15:49:12 +0000]|5
[18/Aug/2013:15:49:12 +0000]|7
[18/Aug/2013:15:49:12 +0000]|2
[18/Aug/2013:15:49:12 +0000]|9
[18/Aug/2013:15:49:12 +0000]|2
[18/Aug/2013:15:49:12 +0000]|5
[18/Aug/2013:15:49:12 +0000]|4
[18/Aug/2013:15:49:12 +0000]|5
[18/Aug/2013:15:49:12 +0000]|6
[18/Aug/2013:15:49:12 +0000]|7
[18/Aug/2013:15:49:12 +0000]|2
[18/Aug/2013:15:49:12 +0000]|6
[18/Aug/2013:15:49:12 +0000]|7
[18/Aug/2013:15:49:12 +0000]|3
[18/Aug/2013:15:49:12 +0000]|2
[18/Aug/2013:15:49:12 +0000]|16975
[18/Aug/2013:15:49:12 +0000]|3
[18/Aug/2013:15:49:12 +0000]|3
[18/Aug/2013:15:49:12 +0000]|2
[18/Aug/2013:15:49:13 +0000]|606
[18/Aug/2013:15:49:13 +0000]|595
[18/Aug/2013:15:49:15 +0000]|38952
[18/Aug/2013:15:49:24 +0000]|44380
[18/Aug/2013:15:49:24 +0000]|33420
[18/Aug/2013:15:49:24 +0000]|33522
[18/Aug/2013:15:49:24 +0000]|34840
[18/Aug/2013:15:49:24 +0000]|44852
[18/Aug/2013:15:49:24 +0000]|43654
[18/Aug/2013:15:49:24 +0000]|45052
[18/Aug/2013:15:49:25 +0000]|45501
[18/Aug/2013:15:49:25 +0000]|45511
[18/Aug/2013:15:49:35 +0000]|55174
[18/Aug/2013:15:49:35 +0000]|55180
[18/Aug/2013:15:49:35 +0000]|12308
[18/Aug/2013:15:49:35 +0000]|220
[18/Aug/2013:15:49:35 +0000]|232
[18/Aug/2013:15:49:35 +0000]|147
[18/Aug/2013:15:49:36 +0000]|21348
[18/Aug/2013:15:49:36 +0000]|517
[18/Aug/2013:15:49:37 +0000]|57279
[18/Aug/2013:15:49:44 +0000]|32212
[18/Aug/2013:15:49:44 +0000]|32218
[18/Aug/2013:15:49:44 +0000]|8612
[18/Aug/2013:15:49:44 +0000]|10780
[18/Aug/2013:15:49:44 +0000]|8676
[18/Aug/2013:15:49:44 +0000]|10828
[18/Aug/2013:15:49:44 +0000]|8709
[18/Aug/2013:15:49:44 +0000]|8738
[18/Aug/2013:15:49:44 +0000]|10888
[18/Aug/2013:15:49:45 +0000]|8766
[18/Aug/2013:15:49:45 +0000]|10924
[18/Aug/2013:15:49:45 +0000]|8803
[18/Aug/2013:15:49:45 +0000]|8828
[18/Aug/2013:15:49:45 +0000]|10976
[18/Aug/2013:15:49:45 +0000]|8857
[18/Aug/2013:15:49:45 +0000]|8885
[18/Aug/2013:15:49:45 +0000]|8902
[18/Aug/2013:15:49:45 +0000]|11065
[18/Aug/2013:15:49:45 +0000]|8940
[18/Aug/2013:15:49:45 +0000]|11096
[18/Aug/2013:15:49:45 +0000]|11116
[18/Aug/2013:15:49:45 +0000]|11140
[18/Aug/2013:15:49:45 +0000]|11168
[18/Aug/2013:15:49:45 +0000]|11200
[18/Aug/2013:15:49:45 +0000]|11240
[18/Aug/2013:15:49:45 +0000]|11276
[18/Aug/2013:15:49:45 +0000]|11314
[18/Aug/2013:15:49:45 +0000]|11344
[18/Aug/2013:15:49:45 +0000]|11376
[18/Aug/2013:15:49:45 +0000]|11412
[18/Aug/2013:15:49:45 +0000]|11448
[18/Aug/2013:15:49:45 +0000]|11480
[18/Aug/2013:15:49:45 +0000]|11532
[18/Aug/2013:15:49:45 +0000]|11602
[18/Aug/2013:15:49:53 +0000]|40979
[18/Aug/2013:15:50:05 +0000]|52611
[18/Aug/2013:15:50:06 +0000]|49380
[18/Aug/2013:15:50:09 +0000]|57058
[18/Aug/2013:15:50:11 +0000]|56744
[18/Aug/2013:15:50:11 +0000]|59268
[18/Aug/2013:15:50:11 +0000]|58964
[18/Aug/2013:15:50:11 +0000]|58972
[18/Aug/2013:15:50:12 +0000]|60115
[18/Aug/2013:15:50:12 +0000]|60186
[18/Aug/2013:15:50:12 +0000]|60196
[18/Aug/2013:15:50:12 +0000]|60211
[18/Aug/2013:15:50:12 +0000]|60226
[18/Aug/2013:15:50:12 +0000]|60242
[18/Aug/2013:15:50:12 +0000]|60257
[18/Aug/2013:15:50:12 +0000]|60272
[18/Aug/2013:15:50:12 +0000]|60288
[18/Aug/2013:15:50:12 +0000]|60300
[18/Aug/2013:15:50:12 +0000]|48724
[18/Aug/2013:15:50:12 +0000]|60880
[18/Aug/2013:15:50:13 +0000]|61893
[18/Aug/2013:15:50:13 +0000]|61901
[18/Aug/2013:15:50:13 +0000]|61910
[18/Aug/2013:15:50:14 +0000]|62934
[18/Aug/2013:15:50:14 +0000]|63816
[18/Aug/2013:15:50:14 +0000]|63828
[18/Aug/2013:15:50:14 +0000]|62427
[18/Aug/2013:15:50:14 +0000]|62434
[18/Aug/2013:15:50:14 +0000]|62442
[18/Aug/2013:15:50:15 +0000]|62448
[18/Aug/2013:15:50:15 +0000]|62448
[18/Aug/2013:15:50:15 +0000]|62455
[18/Aug/2013:15:50:15 +0000]|62462
[18/Aug/2013:15:50:15 +0000]|63361
[18/Aug/2013:15:50:15 +0000]|63362
[18/Aug/2013:15:50:15 +0000]|63358
[18/Aug/2013:15:50:15 +0000]|63365
[18/Aug/2013:15:50:15 +0000]|63372
[18/Aug/2013:15:50:15 +0000]|63379
[18/Aug/2013:15:50:15 +0000]|63386
[18/Aug/2013:15:50:15 +0000]|63808
[18/Aug/2013:15:50:17 +0000]|64811
[18/Aug/2013:15:50:17 +0000]|64816
[18/Aug/2013:15:50:17 +0000]|64794
[18/Aug/2013:15:50:17 +0000]|64776
[18/Aug/2013:15:50:17 +0000]|64776
[18/Aug/2013:15:50:17 +0000]|64760
[18/Aug/2013:15:50:17 +0000]|64760
[18/Aug/2013:15:50:17 +0000]|64768
[18/Aug/2013:15:50:17 +0000]|64771
[18/Aug/2013:15:50:17 +0000]|64764
[18/Aug/2013:15:50:17 +0000]|64761
[18/Aug/2013:15:50:17 +0000]|64756
[18/Aug/2013:15:50:17 +0000]|64756
[18/Aug/2013:15:50:20 +0000]|65547
[18/Aug/2013:15:50:20 +0000]|65539
[18/Aug/2013:15:50:20 +0000]|65531
[18/Aug/2013:15:50:20 +0000]|65524
[18/Aug/2013:15:50:19 +0000]|64711
[18/Aug/2013:15:50:19 +0000]|64708
[18/Aug/2013:15:50:19 +0000]|64701
[18/Aug/2013:15:50:19 +0000]|64693
[18/Aug/2013:15:50:19 +0000]|64686
[18/Aug/2013:15:50:19 +0000]|64678
[18/Aug/2013:15:50:19 +0000]|64670
[18/Aug/2013:15:50:19 +0000]|64663
[18/Aug/2013:15:50:19 +0000]|64659
[18/Aug/2013:15:50:19 +0000]|64652
[18/Aug/2013:15:50:19 +0000]|64644
[18/Aug/2013:15:50:19 +0000]|64636
[18/Aug/2013:15:50:19 +0000]|64631
[18/Aug/2013:15:50:19 +0000]|64621
[18/Aug/2013:15:50:19 +0000]|64614
[18/Aug/2013:15:50:19 +0000]|64610
[18/Aug/2013:15:50:18 +0000]|44072
[18/Aug/2013:15:50:18 +0000]|65568
[18/Aug/2013:15:50:18 +0000]|65561
[18/Aug/2013:15:50:18 +0000]|65556
[18/Aug/2013:15:50:18 +0000]|65555
[18/Aug/2013:15:50:21 +0000]|68688
[18/Aug/2013:15:50:21 +0000]|68695
[18/Aug/2013:15:50:21 +0000]|66565
[18/Aug/2013:15:50:21 +0000]|66574
[18/Aug/2013:15:50:22 +0000]|63264
[18/Aug/2013:15:50:25 +0000]|73073
[18/Aug/2013:15:50:25 +0000]|73258
[18/Aug/2013:15:50:25 +0000]|73306
[18/Aug/2013:15:50:25 +0000]|73294
[18/Aug/2013:15:50:25 +0000]|73287
[18/Aug/2013:15:50:25 +0000]|73277
[18/Aug/2013:15:50:25 +0000]|73252
[18/Aug/2013:15:50:25 +0000]|73195
[18/Aug/2013:15:50:25 +0000]|73184
[18/Aug/2013:15:50:25 +0000]|73172
[18/Aug/2013:15:50:25 +0000]|73156
[18/Aug/2013:15:50:25 +0000]|73132
[18/Aug/2013:15:50:25 +0000]|73092
[18/Aug/2013:15:50:25 +0000]|73076
[18/Aug/2013:15:50:24 +0000]|72250
[18/Aug/2013:15:50:27 +0000]|52464
[18/Aug/2013:15:50:28 +0000]|61950
[18/Aug/2013:15:50:29 +0000]|24584
[18/Aug/2013:15:50:29 +0000]|24604
[18/Aug/2013:15:50:29 +0000]|34060
[18/Aug/2013:15:50:29 +0000]|34098
[18/Aug/2013:15:50:29 +0000]|34150
[18/Aug/2013:15:50:29 +0000]|34210
[18/Aug/2013:15:50:30 +0000]|34270
[18/Aug/2013:15:50:30 +0000]|34362
[18/Aug/2013:15:50:30 +0000]|34456
[18/Aug/2013:15:50:30 +0000]|34568
[18/Aug/2013:15:50:30 +0000]|34680
[18/Aug/2013:15:50:30 +0000]|34781
[18/Aug/2013:15:50:31 +0000]|65844
[18/Aug/2013:15:50:31 +0000]|57149
[18/Aug/2013:15:50:34 +0000]|58628
[18/Aug/2013:15:50:35 +0000]|59411
[18/Aug/2013:15:50:35 +0000]|60656
[18/Aug/2013:15:50:41 +0000]|49879
[18/Aug/2013:15:50:44 +0000]|48519
[18/Aug/2013:15:50:44 +0000]|48547
[18/Aug/2013:15:50:44 +0000]|48552
[18/Aug/2013:15:50:44 +0000]|48560
[18/Aug/2013:15:50:44 +0000]|48565
[18/Aug/2013:15:50:44 +0000]|48573
[18/Aug/2013:15:50:44 +0000]|48580
[18/Aug/2013:15:50:44 +0000]|48588
[18/Aug/2013:15:50:44 +0000]|48596
[18/Aug/2013:15:50:44 +0000]|48601
[18/Aug/2013:15:50:45 +0000]|49596
[18/Aug/2013:15:50:45 +0000]|54210
[18/Aug/2013:15:50:45 +0000]|54214
[18/Aug/2013:15:50:45 +0000]|54226
[18/Aug/2013:15:50:45 +0000]|54267
[18/Aug/2013:15:50:46 +0000]|50661
[18/Aug/2013:15:50:46 +0000]|50656
[18/Aug/2013:15:50:46 +0000]|50663
[18/Aug/2013:15:50:46 +0000]|50697
[18/Aug/2013:15:50:46 +0000]|50742
[18/Aug/2013:15:50:46 +0000]|50749
[18/Aug/2013:15:50:46 +0000]|50756
[18/Aug/2013:15:50:47 +0000]|56180
[18/Aug/2013:15:50:47 +0000]|56188
[18/Aug/2013:15:50:47 +0000]|56198
[18/Aug/2013:15:50:47 +0000]|53980
[18/Aug/2013:15:50:47 +0000]|51776
[18/Aug/2013:15:50:48 +0000]|52780
[18/Aug/2013:15:50:48 +0000]|52788
[18/Aug/2013:15:50:48 +0000]|52796
[18/Aug/2013:15:50:48 +0000]|55035
[18/Aug/2013:15:50:51 +0000]|30492
[18/Aug/2013:15:50:51 +0000]|29424
[18/Aug/2013:15:50:51 +0000]|30587
[18/Aug/2013:15:50:53 +0000]|32595
[18/Aug/2013:15:50:55 +0000]|49908
[18/Aug/2013:15:50:56 +0000]|38996
[18/Aug/2013:15:50:57 +0000]|36173
[18/Aug/2013:15:50:57 +0000]|40224
[18/Aug/2013:15:50:57 +0000]|40299
[18/Aug/2013:15:50:57 +0000]|40384
[18/Aug/2013:15:50:57 +0000]|40436
[18/Aug/2013:15:51:00 +0000]|43340
[18/Aug/2013:15:51:00 +0000]|49177
[18/Aug/2013:15:51:00 +0000]|49180
[18/Aug/2013:15:51:01 +0000]|44272
[18/Aug/2013:15:51:01 +0000]|44288
[18/Aug/2013:15:51:01 +0000]|40327
[18/Aug/2013:15:51:01 +0000]|40335
[18/Aug/2013:15:51:01 +0000]|40339
[18/Aug/2013:15:51:01 +0000]|44418
[18/Aug/2013:15:51:02 +0000]|41435
[18/Aug/2013:15:51:02 +0000]|41461
[18/Aug/2013:15:51:02 +0000]|41534
[18/Aug/2013:15:51:02 +0000]|41590
[18/Aug/2013:15:51:02 +0000]|41662
[18/Aug/2013:15:51:02 +0000]|45814
[18/Aug/2013:15:51:03 +0000]|45918
[18/Aug/2013:15:51:03 +0000]|46029
[18/Aug/2013:15:51:03 +0000]|42064
[18/Aug/2013:15:51:03 +0000]|42388
[18/Aug/2013:15:51:03 +0000]|46408
[18/Aug/2013:15:51:03 +0000]|46440
[18/Aug/2013:15:51:03 +0000]|46472
[18/Aug/2013:15:51:03 +0000]|35052
[18/Aug/2013:15:51:03 +0000]|35060
[18/Aug/2013:15:51:03 +0000]|35069
[18/Aug/2013:15:51:03 +0000]|35077
[18/Aug/2013:15:51:03 +0000]|35082
[18/Aug/2013:15:51:03 +0000]|35090
[18/Aug/2013:15:51:04 +0000]|47348
[18/Aug/2013:15:51:04 +0000]|47349
[18/Aug/2013:15:51:04 +0000]|35998
[18/Aug/2013:15:51:04 +0000]|36001
[18/Aug/2013:15:51:04 +0000]|36007
[18/Aug/2013:15:51:08 +0000]|46800
[18/Aug/2013:15:51:08 +0000]|46808
[18/Aug/2013:15:51:08 +0000]|46825
[18/Aug/2013:15:51:08 +0000]|46833
[18/Aug/2013:15:51:08 +0000]|46845
[18/Aug/2013:15:51:08 +0000]|46853
[18/Aug/2013:15:51:09 +0000]|48008
MV2===========================================
[18/Aug/2013:15:46:58 +0000]|9
[18/Aug/2013:15:46:58 +0000]|7
[18/Aug/2013:15:46:59 +0000]|18
[18/Aug/2013:15:46:59 +0000]|5
[18/Aug/2013:15:47:00 +0000]|5
[18/Aug/2013:15:47:01 +0000]|7
[18/Aug/2013:15:47:01 +0000]|54
[18/Aug/2013:15:47:02 +0000]|3
[18/Aug/2013:15:47:02 +0000]|3
[18/Aug/2013:15:47:03 +0000]|4
[18/Aug/2013:15:47:04 +0000]|36
[18/Aug/2013:15:47:04 +0000]|5
[18/Aug/2013:15:47:05 +0000]|3
[18/Aug/2013:15:47:05 +0000]|7
[18/Aug/2013:15:47:06 +0000]|3
[18/Aug/2013:15:47:07 +0000]|3
[18/Aug/2013:15:47:07 +0000]|30
[18/Aug/2013:15:47:08 +0000]|3
[18/Aug/2013:15:47:08 +0000]|4
[18/Aug/2013:15:47:09 +0000]|5
[18/Aug/2013:15:47:10 +0000]|34
[18/Aug/2013:15:47:10 +0000]|3
[18/Aug/2013:15:47:11 +0000]|5
[18/Aug/2013:15:47:11 +0000]|5
[18/Aug/2013:15:47:12 +0000]|5
[18/Aug/2013:15:47:13 +0000]|9
[18/Aug/2013:15:47:13 +0000]|3
[18/Aug/2013:15:47:14 +0000]|4
[18/Aug/2013:15:47:14 +0000]|4
[18/Aug/2013:15:47:15 +0000]|3
[18/Aug/2013:15:47:16 +0000]|21
[18/Aug/2013:15:47:16 +0000]|4
[18/Aug/2013:15:47:17 +0000]|3
[18/Aug/2013:15:48:36 +0000]|11
[18/Aug/2013:15:48:37 +0000]|17
[18/Aug/2013:15:48:37 +0000]|24
[18/Aug/2013:15:48:38 +0000]|78
[18/Aug/2013:15:48:38 +0000]|120
[18/Aug/2013:15:48:38 +0000]|145
[18/Aug/2013:15:48:38 +0000]|1463
[18/Aug/2013:15:48:38 +0000]|555
[18/Aug/2013:15:48:38 +0000]|846
[18/Aug/2013:15:48:39 +0000]|100
[18/Aug/2013:15:48:40 +0000]|944
[18/Aug/2013:15:48:40 +0000]|1028
[18/Aug/2013:15:48:40 +0000]|1088
[18/Aug/2013:15:48:40 +0000]|1169
[18/Aug/2013:15:48:41 +0000]|1223
[18/Aug/2013:15:48:41 +0000]|1244
[18/Aug/2013:15:48:41 +0000]|39
[18/Aug/2013:15:48:43 +0000]|801
[18/Aug/2013:15:48:43 +0000]|2498
[18/Aug/2013:15:48:43 +0000]|297
[18/Aug/2013:15:48:43 +0000]|1749
[18/Aug/2013:15:48:44 +0000]|1313
[18/Aug/2013:15:48:44 +0000]|496
[18/Aug/2013:15:48:44 +0000]|724
[18/Aug/2013:15:48:44 +0000]|2814
[18/Aug/2013:15:48:44 +0000]|2839
[18/Aug/2013:15:48:45 +0000]|2736
[18/Aug/2013:15:48:46 +0000]|1488
[18/Aug/2013:15:48:46 +0000]|3518
[18/Aug/2013:15:48:47 +0000]|836
[18/Aug/2013:15:48:47 +0000]|928
[18/Aug/2013:15:48:47 +0000]|999
[18/Aug/2013:15:48:47 +0000]|166
[18/Aug/2013:15:48:48 +0000]|2090
[18/Aug/2013:15:48:49 +0000]|614
[18/Aug/2013:15:48:50 +0000]|1529
[18/Aug/2013:15:48:50 +0000]|1641
[18/Aug/2013:15:48:50 +0000]|5090
[18/Aug/2013:15:48:51 +0000]|757
[18/Aug/2013:15:48:51 +0000]|2707
[18/Aug/2013:15:48:51 +0000]|3983
[18/Aug/2013:15:48:51 +0000]|794
[18/Aug/2013:15:48:51 +0000]|807
[18/Aug/2013:15:48:51 +0000]|982
[18/Aug/2013:15:48:51 +0000]|990
[18/Aug/2013:15:48:51 +0000]|4057
[18/Aug/2013:15:48:51 +0000]|4079
[18/Aug/2013:15:48:51 +0000]|6221
[18/Aug/2013:15:48:51 +0000]|6245
[18/Aug/2013:15:48:51 +0000]|6276
[18/Aug/2013:15:48:55 +0000]|3758
[18/Aug/2013:15:48:55 +0000]|49
[18/Aug/2013:15:48:55 +0000]|49
[18/Aug/2013:15:48:55 +0000]|47
[18/Aug/2013:15:48:55 +0000]|37
[18/Aug/2013:15:48:55 +0000]|4225
[18/Aug/2013:15:48:55 +0000]|4279
[18/Aug/2013:15:48:55 +0000]|4308
[18/Aug/2013:15:48:55 +0000]|3908
[18/Aug/2013:15:48:56 +0000]|794
[18/Aug/2013:15:48:56 +0000]|21
[18/Aug/2013:15:48:56 +0000]|25
[18/Aug/2013:15:48:56 +0000]|856
[18/Aug/2013:15:48:56 +0000]|868
[18/Aug/2013:15:48:56 +0000]|1503
[18/Aug/2013:15:48:56 +0000]|913
[18/Aug/2013:15:48:56 +0000]|3601
[18/Aug/2013:15:48:56 +0000]|3617
[18/Aug/2013:15:48:56 +0000]|3641
[18/Aug/2013:15:48:56 +0000]|3661
[18/Aug/2013:15:49:00 +0000]|822
[18/Aug/2013:15:49:00 +0000]|847
[18/Aug/2013:15:49:00 +0000]|870
[18/Aug/2013:15:49:00 +0000]|897
[18/Aug/2013:15:49:00 +0000]|795
[18/Aug/2013:15:49:00 +0000]|144
[18/Aug/2013:15:49:00 +0000]|147
[18/Aug/2013:15:49:00 +0000]|2827
[18/Aug/2013:15:49:00 +0000]|2208
[18/Aug/2013:15:49:00 +0000]|2211
[18/Aug/2013:15:49:00 +0000]|2833
[18/Aug/2013:15:49:00 +0000]|3485
[18/Aug/2013:15:49:00 +0000]|3486
[18/Aug/2013:15:49:00 +0000]|3488
[18/Aug/2013:15:49:01 +0000]|812
[18/Aug/2013:15:49:07 +0000]|63
[18/Aug/2013:15:49:07 +0000]|123
[18/Aug/2013:15:49:07 +0000]|170
[18/Aug/2013:15:49:07 +0000]|211
[18/Aug/2013:15:49:07 +0000]|225
[18/Aug/2013:15:49:07 +0000]|228
[18/Aug/2013:15:49:07 +0000]|6566
[18/Aug/2013:15:49:07 +0000]|4
[18/Aug/2013:15:49:07 +0000]|2930
[18/Aug/2013:15:49:07 +0000]|2932
[18/Aug/2013:15:49:07 +0000]|2933
[18/Aug/2013:15:49:07 +0000]|2935
[18/Aug/2013:15:49:07 +0000]|2934
[18/Aug/2013:15:49:07 +0000]|2932
[18/Aug/2013:15:49:07 +0000]|4770
[18/Aug/2013:15:49:07 +0000]|15
[18/Aug/2013:15:49:07 +0000]|4808
[18/Aug/2013:15:49:07 +0000]|4836
[18/Aug/2013:15:49:07 +0000]|4855
[18/Aug/2013:15:49:07 +0000]|4880
[18/Aug/2013:15:49:08 +0000]|25
[18/Aug/2013:15:49:08 +0000]|46
[18/Aug/2013:15:49:08 +0000]|19
[18/Aug/2013:15:49:14 +0000]|6190
[18/Aug/2013:15:49:14 +0000]|6281
[18/Aug/2013:15:49:15 +0000]|868
[18/Aug/2013:15:49:16 +0000]|796
[18/Aug/2013:15:49:16 +0000]|1483
[18/Aug/2013:15:49:16 +0000]|1547
[18/Aug/2013:15:49:17 +0000]|932
[18/Aug/2013:15:49:17 +0000]|36
[18/Aug/2013:15:49:17 +0000]|31
[18/Aug/2013:15:49:17 +0000]|17
[18/Aug/2013:15:49:17 +0000]|4
[18/Aug/2013:15:49:18 +0000]|11631
[18/Aug/2013:15:49:20 +0000]|639
[18/Aug/2013:15:49:20 +0000]|16
[18/Aug/2013:15:49:20 +0000]|5856
[18/Aug/2013:15:49:20 +0000]|2326
[18/Aug/2013:15:49:21 +0000]|763
[18/Aug/2013:15:49:21 +0000]|803
[18/Aug/2013:15:49:21 +0000]|840
[18/Aug/2013:15:49:21 +0000]|876
[18/Aug/2013:15:49:21 +0000]|901
[18/Aug/2013:15:49:21 +0000]|30
[18/Aug/2013:15:49:21 +0000]|46
[18/Aug/2013:15:49:22 +0000]|360
[18/Aug/2013:15:49:22 +0000]|361
[18/Aug/2013:15:49:25 +0000]|1106
[18/Aug/2013:15:49:25 +0000]|69
[18/Aug/2013:15:49:25 +0000]|57
[18/Aug/2013:15:49:26 +0000]|19
[18/Aug/2013:15:49:26 +0000]|11512
[18/Aug/2013:15:49:26 +0000]|11530
[18/Aug/2013:15:49:26 +0000]|7111
[18/Aug/2013:15:49:26 +0000]|8327
[18/Aug/2013:15:49:26 +0000]|4215
[18/Aug/2013:15:49:29 +0000]|11316
[18/Aug/2013:15:49:29 +0000]|11356
[18/Aug/2013:15:49:29 +0000]|11403
[18/Aug/2013:15:49:29 +0000]|14721
[18/Aug/2013:15:49:29 +0000]|14780
[18/Aug/2013:15:49:29 +0000]|14852
[18/Aug/2013:15:49:29 +0000]|14907
[18/Aug/2013:15:49:29 +0000]|14958
[18/Aug/2013:15:49:30 +0000]|12181
[18/Aug/2013:15:49:30 +0000]|83
[18/Aug/2013:15:49:30 +0000]|91
[18/Aug/2013:15:49:30 +0000]|55
[18/Aug/2013:15:49:30 +0000]|35
[18/Aug/2013:15:49:30 +0000]|10
[18/Aug/2013:15:49:30 +0000]|2
[18/Aug/2013:15:49:30 +0000]|16310
[18/Aug/2013:15:49:30 +0000]|16
[18/Aug/2013:15:49:30 +0000]|20
[18/Aug/2013:15:49:30 +0000]|25
[18/Aug/2013:15:49:30 +0000]|19
[18/Aug/2013:15:49:30 +0000]|23
[18/Aug/2013:15:49:30 +0000]|175
[18/Aug/2013:15:49:30 +0000]|56
[18/Aug/2013:15:49:33 +0000]|19207
[18/Aug/2013:15:49:33 +0000]|19201
[18/Aug/2013:15:49:33 +0000]|19190
[18/Aug/2013:15:49:33 +0000]|19204
[18/Aug/2013:15:49:33 +0000]|19208
[18/Aug/2013:15:49:34 +0000]|19780
[18/Aug/2013:15:49:34 +0000]|19817
[18/Aug/2013:15:49:34 +0000]|16528
[18/Aug/2013:15:49:38 +0000]|8231
[18/Aug/2013:15:49:38 +0000]|8303
[18/Aug/2013:15:49:38 +0000]|8372
[18/Aug/2013:15:49:38 +0000]|8440
[18/Aug/2013:15:49:40 +0000]|3416
[18/Aug/2013:15:49:40 +0000]|2165
[18/Aug/2013:15:49:40 +0000]|2241
[18/Aug/2013:15:49:40 +0000]|2386
[18/Aug/2013:15:49:40 +0000]|2427
[18/Aug/2013:15:49:40 +0000]|2463
[18/Aug/2013:15:49:40 +0000]|2508
[18/Aug/2013:15:49:40 +0000]|2532
[18/Aug/2013:15:49:40 +0000]|2549
[18/Aug/2013:15:49:41 +0000]|2602
[18/Aug/2013:15:49:42 +0000]|4143
[18/Aug/2013:15:49:42 +0000]|4213
[18/Aug/2013:15:49:42 +0000]|4255
[18/Aug/2013:15:49:42 +0000]|924
[18/Aug/2013:15:49:42 +0000]|999
[18/Aug/2013:15:49:42 +0000]|4426
[18/Aug/2013:15:49:42 +0000]|1079
[18/Aug/2013:15:49:42 +0000]|1100
[18/Aug/2013:15:49:42 +0000]|1116
[18/Aug/2013:15:49:42 +0000]|4505
[18/Aug/2013:15:49:42 +0000]|1126
[18/Aug/2013:15:49:42 +0000]|2545
[18/Aug/2013:15:49:42 +0000]|1180
[18/Aug/2013:15:49:42 +0000]|2549
[18/Aug/2013:15:49:42 +0000]|2554
[18/Aug/2013:15:49:42 +0000]|2556
[18/Aug/2013:15:49:43 +0000]|2577
[18/Aug/2013:15:49:43 +0000]|5911
[18/Aug/2013:15:49:43 +0000]|2124
[18/Aug/2013:15:49:43 +0000]|1334
[18/Aug/2013:15:49:43 +0000]|1336
[18/Aug/2013:15:49:45 +0000]|84
[18/Aug/2013:15:49:45 +0000]|181
[18/Aug/2013:15:49:45 +0000]|300
[18/Aug/2013:15:49:45 +0000]|901
[18/Aug/2013:15:49:45 +0000]|7029
[18/Aug/2013:15:49:45 +0000]|13725
[18/Aug/2013:15:49:45 +0000]|7065
[18/Aug/2013:15:49:45 +0000]|7087
[18/Aug/2013:15:49:45 +0000]|7111
[18/Aug/2013:15:49:45 +0000]|7146
[18/Aug/2013:15:49:49 +0000]|21725
[18/Aug/2013:15:49:50 +0000]|7205
[18/Aug/2013:15:49:50 +0000]|7325
[18/Aug/2013:15:49:50 +0000]|5932
[18/Aug/2013:15:49:50 +0000]|5971
[18/Aug/2013:15:49:50 +0000]|5999
[18/Aug/2013:15:49:50 +0000]|6046
[18/Aug/2013:15:49:50 +0000]|7710
[18/Aug/2013:15:49:50 +0000]|6197
[18/Aug/2013:15:49:57 +0000]|14528
[18/Aug/2013:15:49:57 +0000]|14607
[18/Aug/2013:15:49:58 +0000]|15061
[18/Aug/2013:15:49:58 +0000]|15008
[18/Aug/2013:15:49:58 +0000]|19773
[18/Aug/2013:15:49:58 +0000]|19821
[18/Aug/2013:15:49:58 +0000]|11849
[18/Aug/2013:15:49:59 +0000]|14157
[18/Aug/2013:15:50:00 +0000]|17850
[18/Aug/2013:15:50:00 +0000]|17910
[18/Aug/2013:15:50:00 +0000]|17994
[18/Aug/2013:15:50:01 +0000]|18082
[18/Aug/2013:15:50:02 +0000]|23631
[18/Aug/2013:15:50:03 +0000]|13556
[18/Aug/2013:15:50:03 +0000]|13556
[18/Aug/2013:15:50:03 +0000]|20681
[18/Aug/2013:15:50:03 +0000]|20809
[18/Aug/2013:15:50:04 +0000]|21323
[18/Aug/2013:15:50:05 +0000]|22536
[18/Aug/2013:15:50:05 +0000]|22553
[18/Aug/2013:15:50:05 +0000]|22568
[18/Aug/2013:15:50:05 +0000]|22612
[18/Aug/2013:15:50:06 +0000]|23327
[18/Aug/2013:15:50:06 +0000]|23364
[18/Aug/2013:15:50:06 +0000]|20283
[18/Aug/2013:15:50:06 +0000]|23944
[18/Aug/2013:15:50:06 +0000]|23950
[18/Aug/2013:15:50:06 +0000]|16940
[18/Aug/2013:15:50:07 +0000]|17436
[18/Aug/2013:15:50:08 +0000]|18244
[18/Aug/2013:15:50:09 +0000]|24121
MV3===========================================
[18/Aug/2013:15:47:04 +0000]|3
[18/Aug/2013:15:47:04 +0000]|4
[18/Aug/2013:15:47:05 +0000]|31
[18/Aug/2013:15:47:05 +0000]|3
[18/Aug/2013:15:47:06 +0000]|3
[18/Aug/2013:15:47:07 +0000]|3
[18/Aug/2013:15:47:07 +0000]|6
[18/Aug/2013:15:47:08 +0000]|3
[18/Aug/2013:15:47:08 +0000]|3
[18/Aug/2013:15:47:09 +0000]|7
[18/Aug/2013:15:47:10 +0000]|3
[18/Aug/2013:15:47:10 +0000]|3
[18/Aug/2013:15:47:11 +0000]|33
[18/Aug/2013:15:47:11 +0000]|3
[18/Aug/2013:15:47:12 +0000]|3
[18/Aug/2013:15:47:13 +0000]|5
[18/Aug/2013:15:47:13 +0000]|35
[18/Aug/2013:15:47:14 +0000]|3
[18/Aug/2013:15:47:14 +0000]|3
[18/Aug/2013:15:47:15 +0000]|3
[18/Aug/2013:15:47:16 +0000]|3
[18/Aug/2013:15:47:16 +0000]|12
[18/Aug/2013:15:47:17 +0000]|22
[18/Aug/2013:15:47:17 +0000]|3
[18/Aug/2013:15:47:18 +0000]|3
[18/Aug/2013:15:47:19 +0000]|9
[18/Aug/2013:15:47:19 +0000]|49
[18/Aug/2013:15:47:20 +0000]|3
[18/Aug/2013:15:47:20 +0000]|3
[18/Aug/2013:15:47:21 +0000]|3
[18/Aug/2013:15:47:22 +0000]|3
[18/Aug/2013:15:47:22 +0000]|11
[18/Aug/2013:15:47:23 +0000]|3
[18/Aug/2013:15:48:44 +0000]|4
[18/Aug/2013:15:48:45 +0000]|67
[18/Aug/2013:15:48:45 +0000]|63
[18/Aug/2013:15:48:45 +0000]|62
[18/Aug/2013:15:48:46 +0000]|139
[18/Aug/2013:15:48:46 +0000]|102
[18/Aug/2013:15:48:46 +0000]|144
[18/Aug/2013:15:48:47 +0000]|515
[18/Aug/2013:15:48:47 +0000]|103
[18/Aug/2013:15:48:47 +0000]|140
[18/Aug/2013:15:48:47 +0000]|180
[18/Aug/2013:15:48:48 +0000]|367
[18/Aug/2013:15:48:49 +0000]|761
[18/Aug/2013:15:48:49 +0000]|116
[18/Aug/2013:15:48:49 +0000]|147
[18/Aug/2013:15:48:49 +0000]|236
[18/Aug/2013:15:48:49 +0000]|320
[18/Aug/2013:15:48:50 +0000]|871
[18/Aug/2013:15:48:51 +0000]|451
[18/Aug/2013:15:48:51 +0000]|1255
[18/Aug/2013:15:48:51 +0000]|215
[18/Aug/2013:15:48:52 +0000]|301
[18/Aug/2013:15:48:52 +0000]|452
[18/Aug/2013:15:48:53 +0000]|83
[18/Aug/2013:15:48:53 +0000]|132
[18/Aug/2013:15:48:53 +0000]|342
[18/Aug/2013:15:48:54 +0000]|1325
[18/Aug/2013:15:48:54 +0000]|2382
[18/Aug/2013:15:48:54 +0000]|99
[18/Aug/2013:15:48:55 +0000]|556
[18/Aug/2013:15:48:55 +0000]|1595
[18/Aug/2013:15:48:56 +0000]|296
[18/Aug/2013:15:48:56 +0000]|385
[18/Aug/2013:15:48:57 +0000]|1588
[18/Aug/2013:15:48:57 +0000]|504
[18/Aug/2013:15:48:57 +0000]|1031
[18/Aug/2013:15:48:57 +0000]|3139
[18/Aug/2013:15:48:57 +0000]|1675
[18/Aug/2013:15:48:57 +0000]|3194
[18/Aug/2013:15:48:57 +0000]|1720
[18/Aug/2013:15:48:59 +0000]|129
[18/Aug/2013:15:48:59 +0000]|92
[18/Aug/2013:15:48:59 +0000]|148
[18/Aug/2013:15:48:59 +0000]|1683
[18/Aug/2013:15:49:00 +0000]|1800
[18/Aug/2013:15:49:00 +0000]|1856
[18/Aug/2013:15:49:00 +0000]|1883
[18/Aug/2013:15:49:00 +0000]|1908
[18/Aug/2013:15:49:00 +0000]|946
[18/Aug/2013:15:49:00 +0000]|968
[18/Aug/2013:15:49:03 +0000]|3018
[18/Aug/2013:15:49:03 +0000]|100
[18/Aug/2013:15:49:03 +0000]|140
[18/Aug/2013:15:49:03 +0000]|171
[18/Aug/2013:15:49:03 +0000]|1914
[18/Aug/2013:15:49:03 +0000]|1919
[18/Aug/2013:15:49:03 +0000]|3459
[18/Aug/2013:15:49:03 +0000]|2486
[18/Aug/2013:15:49:03 +0000]|2488
[18/Aug/2013:15:49:06 +0000]|2816
[18/Aug/2013:15:49:06 +0000]|56
[18/Aug/2013:15:49:06 +0000]|91
[18/Aug/2013:15:49:07 +0000]|115
[18/Aug/2013:15:49:07 +0000]|124
[18/Aug/2013:15:49:07 +0000]|135
[18/Aug/2013:15:49:07 +0000]|2935
[18/Aug/2013:15:49:07 +0000]|3692
[18/Aug/2013:15:49:07 +0000]|3732
[18/Aug/2013:15:49:07 +0000]|2884
[18/Aug/2013:15:49:07 +0000]|3112
[18/Aug/2013:15:49:07 +0000]|2604
[18/Aug/2013:15:49:10 +0000]|2300
[18/Aug/2013:15:49:10 +0000]|8
[18/Aug/2013:15:49:10 +0000]|8
[18/Aug/2013:15:49:10 +0000]|2
[18/Aug/2013:15:49:10 +0000]|3
[18/Aug/2013:15:49:10 +0000]|2
[18/Aug/2013:15:49:10 +0000]|2340
[18/Aug/2013:15:49:10 +0000]|3102
[18/Aug/2013:15:49:10 +0000]|1864
[18/Aug/2013:15:49:10 +0000]|3612
[18/Aug/2013:15:49:10 +0000]|3672
[18/Aug/2013:15:49:11 +0000]|4506
[18/Aug/2013:15:49:11 +0000]|1788
[18/Aug/2013:15:49:15 +0000]|3363
[18/Aug/2013:15:49:15 +0000]|3434
[18/Aug/2013:15:49:15 +0000]|3492
[18/Aug/2013:15:49:15 +0000]|3567
[18/Aug/2013:15:49:15 +0000]|3640
[18/Aug/2013:15:49:17 +0000]|2180
[18/Aug/2013:15:49:17 +0000]|2219
[18/Aug/2013:15:49:17 +0000]|6260
[18/Aug/2013:15:49:17 +0000]|3915
[18/Aug/2013:15:49:17 +0000]|3959
[18/Aug/2013:15:49:17 +0000]|4008
[18/Aug/2013:15:49:17 +0000]|4103
[18/Aug/2013:15:49:17 +0000]|4155
[18/Aug/2013:15:49:18 +0000]|1951
[18/Aug/2013:15:49:18 +0000]|1994
[18/Aug/2013:15:49:18 +0000]|6692
[18/Aug/2013:15:49:18 +0000]|2081
[18/Aug/2013:15:49:18 +0000]|2117
[18/Aug/2013:15:49:18 +0000]|2130
[18/Aug/2013:15:49:22 +0000]|6115
[18/Aug/2013:15:49:23 +0000]|720
[18/Aug/2013:15:49:23 +0000]|99
[18/Aug/2013:15:49:24 +0000]|832
[18/Aug/2013:15:49:24 +0000]|1298
[18/Aug/2013:15:49:24 +0000]|1413
[18/Aug/2013:15:49:25 +0000]|2398
[18/Aug/2013:15:49:25 +0000]|2515
[18/Aug/2013:15:49:26 +0000]|3356
[18/Aug/2013:15:49:26 +0000]|4590
[18/Aug/2013:15:49:26 +0000]|8398
[18/Aug/2013:15:49:26 +0000]|8482
[18/Aug/2013:15:49:26 +0000]|8550
[18/Aug/2013:15:49:27 +0000]|9420
[18/Aug/2013:15:49:28 +0000]|9595
[18/Aug/2013:15:49:28 +0000]|9663
[18/Aug/2013:15:49:28 +0000]|9725
[18/Aug/2013:15:49:28 +0000]|9740
[18/Aug/2013:15:49:28 +0000]|8484
[18/Aug/2013:15:49:28 +0000]|8570
[18/Aug/2013:15:49:28 +0000]|536
[18/Aug/2013:15:49:30 +0000]|515
[18/Aug/2013:15:49:31 +0000]|3146
[18/Aug/2013:15:49:31 +0000]|7676
[18/Aug/2013:15:49:31 +0000]|11482
[18/Aug/2013:15:49:31 +0000]|11559
[18/Aug/2013:15:49:31 +0000]|10737
[18/Aug/2013:15:49:31 +0000]|10758
[18/Aug/2013:15:49:31 +0000]|10792
[18/Aug/2013:15:49:32 +0000]|11302
[18/Aug/2013:15:49:34 +0000]|797
[18/Aug/2013:15:49:34 +0000]|886
[18/Aug/2013:15:49:34 +0000]|486
[18/Aug/2013:15:49:34 +0000]|5303
[18/Aug/2013:15:49:36 +0000]|2857
[18/Aug/2013:15:49:36 +0000]|2894
[18/Aug/2013:15:49:36 +0000]|2932
[18/Aug/2013:15:49:37 +0000]|2972
[18/Aug/2013:15:49:37 +0000]|3009
[18/Aug/2013:15:49:37 +0000]|3037
[18/Aug/2013:15:49:37 +0000]|3070
[18/Aug/2013:15:49:37 +0000]|6096
[18/Aug/2013:15:49:37 +0000]|6207
[18/Aug/2013:15:49:37 +0000]|6381
[18/Aug/2013:15:49:37 +0000]|6382
[18/Aug/2013:15:49:38 +0000]|7083
[18/Aug/2013:15:49:38 +0000]|7127
[18/Aug/2013:15:49:38 +0000]|7176
[18/Aug/2013:15:49:38 +0000]|7229
[18/Aug/2013:15:49:38 +0000]|7293
[18/Aug/2013:15:49:38 +0000]|7333
[18/Aug/2013:15:49:38 +0000]|7362
[18/Aug/2013:15:49:38 +0000]|7386
[18/Aug/2013:15:49:38 +0000]|7419
[18/Aug/2013:15:49:38 +0000]|7443
[18/Aug/2013:15:49:40 +0000]|6264
[18/Aug/2013:15:49:40 +0000]|6269
[18/Aug/2013:15:49:40 +0000]|6275
[18/Aug/2013:15:49:40 +0000]|6268
[18/Aug/2013:15:49:41 +0000]|10255
[18/Aug/2013:15:49:41 +0000]|5468
[18/Aug/2013:15:49:41 +0000]|7006
[18/Aug/2013:15:49:41 +0000]|1018
[18/Aug/2013:15:49:41 +0000]|1083
[18/Aug/2013:15:49:41 +0000]|1187
[18/Aug/2013:15:49:41 +0000]|1292
[18/Aug/2013:15:49:48 +0000]|6171
[18/Aug/2013:15:49:49 +0000]|15376
[18/Aug/2013:15:49:50 +0000]|9716
[18/Aug/2013:15:49:50 +0000]|9740
[18/Aug/2013:15:49:50 +0000]|9818
[18/Aug/2013:15:49:50 +0000]|9848
[18/Aug/2013:15:49:50 +0000]|9942
[18/Aug/2013:15:49:50 +0000]|8552
[18/Aug/2013:15:49:50 +0000]|10062
[18/Aug/2013:15:49:51 +0000]|8796
[18/Aug/2013:15:49:51 +0000]|8804
[18/Aug/2013:15:49:51 +0000]|8856
[18/Aug/2013:15:49:51 +0000]|8908
[18/Aug/2013:15:49:51 +0000]|8968
[18/Aug/2013:15:49:51 +0000]|9049
[18/Aug/2013:15:49:51 +0000]|11240
[18/Aug/2013:15:49:53 +0000]|16306
[18/Aug/2013:15:49:53 +0000]|16315
[18/Aug/2013:15:49:53 +0000]|4912
[18/Aug/2013:15:49:54 +0000]|13744
[18/Aug/2013:15:49:55 +0000]|12402
[18/Aug/2013:15:49:55 +0000]|8983
[18/Aug/2013:15:49:55 +0000]|6732
[18/Aug/2013:15:49:55 +0000]|385
[18/Aug/2013:15:49:56 +0000]|16095
[18/Aug/2013:15:49:56 +0000]|16100
[18/Aug/2013:15:49:56 +0000]|16108
[18/Aug/2013:15:49:57 +0000]|16595
[18/Aug/2013:15:49:58 +0000]|4076
[18/Aug/2013:15:49:58 +0000]|1881
[18/Aug/2013:15:49:58 +0000]|1974
[18/Aug/2013:15:49:58 +0000]|2062
[18/Aug/2013:15:49:58 +0000]|2118
[18/Aug/2013:15:49:58 +0000]|2161
[18/Aug/2013:15:49:58 +0000]|2180
[18/Aug/2013:15:49:58 +0000]|2184
[18/Aug/2013:15:49:58 +0000]|2187
[18/Aug/2013:15:49:58 +0000]|8611
[18/Aug/2013:15:50:01 +0000]|14030
[18/Aug/2013:15:50:02 +0000]|16634
[18/Aug/2013:15:50:02 +0000]|6998
[18/Aug/2013:15:50:02 +0000]|7936
[18/Aug/2013:15:50:02 +0000]|14784
[18/Aug/2013:15:50:03 +0000]|15675
[18/Aug/2013:15:50:03 +0000]|15738
[18/Aug/2013:15:50:03 +0000]|13707
[18/Aug/2013:15:50:03 +0000]|6344
[18/Aug/2013:15:50:05 +0000]|7460
[18/Aug/2013:15:50:05 +0000]|7547
[18/Aug/2013:15:50:05 +0000]|10410
[18/Aug/2013:15:50:05 +0000]|7647
[18/Aug/2013:15:50:05 +0000]|7706
[18/Aug/2013:15:50:05 +0000]|10576
[18/Aug/2013:15:50:05 +0000]|7982
[18/Aug/2013:15:50:05 +0000]|7980
[18/Aug/2013:15:50:08 +0000]|17978
[18/Aug/2013:15:50:08 +0000]|11074
[18/Aug/2013:15:50:08 +0000]|32
[18/Aug/2013:15:50:08 +0000]|28
[18/Aug/2013:15:50:08 +0000]|28
[18/Aug/2013:15:50:08 +0000]|28
[18/Aug/2013:15:50:08 +0000]|3
[18/Aug/2013:15:50:08 +0000]|2
[18/Aug/2013:15:50:08 +0000]|14019
[18/Aug/2013:15:50:08 +0000]|2
[18/Aug/2013:15:50:08 +0000]|5763
[18/Aug/2013:15:50:08 +0000]|11253
[18/Aug/2013:15:50:08 +0000]|5861
[18/Aug/2013:15:50:08 +0000]|11368
[18/Aug/2013:15:50:08 +0000]|5933
[18/Aug/2013:15:50:09 +0000]|6072
[18/Aug/2013:15:50:10 +0000]|7468
[18/Aug/2013:15:50:10 +0000]|7543
[18/Aug/2013:15:50:10 +0000]|16928
[18/Aug/2013:15:50:13 +0000]|20088
[18/Aug/2013:15:50:14 +0000]|5574
[18/Aug/2013:15:50:14 +0000]|20115
[18/Aug/2013:15:50:16 +0000]|450
[18/Aug/2013:15:50:16 +0000]|592
[18/Aug/2013:15:50:16 +0000]|13670
[18/Aug/2013:15:50:16 +0000]|13710
[18/Aug/2013:15:50:17 +0000]|14058
[18/Aug/2013:15:50:17 +0000]|502
[18/Aug/2013:15:50:18 +0000]|1747
[18/Aug/2013:15:50:18 +0000]|80
[18/Aug/2013:15:50:18 +0000]|1958
[18/Aug/2013:15:50:19 +0000]|16383
[18/Aug/2013:15:50:20 +0000]|616
[18/Aug/2013:15:50:21 +0000]|441
[18/Aug/2013:15:50:21 +0000]|458
[18/Aug/2013:15:50:21 +0000]|478
[18/Aug/2013:15:50:21 +0000]|1243
[18/Aug/2013:15:50:21 +0000]|756
[18/Aug/2013:15:50:21 +0000]|820
[18/Aug/2013:15:50:21 +0000]|857
[18/Aug/2013:15:50:21 +0000]|881
[18/Aug/2013:15:50:21 +0000]|884
[18/Aug/2013:15:50:21 +0000]|887
[18/Aug/2013:15:50:21 +0000]|889
[18/Aug/2013:15:50:21 +0000]|893
[18/Aug/2013:15:50:21 +0000]|895
[18/Aug/2013:15:50:21 +0000]|18507
[18/Aug/2013:15:50:21 +0000]|18520
[18/Aug/2013:15:50:21 +0000]|18536
[18/Aug/2013:15:50:21 +0000]|18563
[18/Aug/2013:15:50:22 +0000]|19232
[18/Aug/2013:15:50:22 +0000]|19276
[18/Aug/2013:15:50:22 +0000]|7572
[18/Aug/2013:15:50:22 +0000]|7590
[18/Aug/2013:15:50:22 +0000]|9216
[18/Aug/2013:15:50:23 +0000]|9378
[18/Aug/2013:15:50:23 +0000]|8087
[18/Aug/2013:15:50:23 +0000]|9647
[18/Aug/2013:15:50:23 +0000]|9652
[18/Aug/2013:15:50:23 +0000]|13695
[18/Aug/2013:15:50:27 +0000]|19644
[18/Aug/2013:15:50:28 +0000]|20140
[18/Aug/2013:15:50:29 +0000]|21301
[18/Aug/2013:15:50:29 +0000]|21306
[18/Aug/2013:15:50:30 +0000]|16669
[18/Aug/2013:15:50:32 +0000]|18443
[18/Aug/2013:15:50:32 +0000]|5878
[18/Aug/2013:15:50:32 +0000]|5903
[18/Aug/2013:15:50:32 +0000]|16170
[18/Aug/2013:15:50:33 +0000]|4199
[18/Aug/2013:15:50:33 +0000]|4304
[18/Aug/2013:15:50:33 +0000]|4400
[18/Aug/2013:15:50:33 +0000]|19688
[18/Aug/2013:15:50:33 +0000]|19692
[18/Aug/2013:15:50:33 +0000]|19700
[18/Aug/2013:15:50:33 +0000]|20207
[18/Aug/2013:15:50:33 +0000]|20214
[18/Aug/2013:15:50:33 +0000]|20220
[18/Aug/2013:15:50:34 +0000]|5814
[18/Aug/2013:15:50:34 +0000]|63
[18/Aug/2013:15:50:34 +0000]|5936
[18/Aug/2013:15:50:34 +0000]|66
[18/Aug/2013:15:50:34 +0000]|54
[18/Aug/2013:15:50:34 +0000]|8
[18/Aug/2013:15:50:36 +0000]|5720
[18/Aug/2013:15:50:36 +0000]|5755
[18/Aug/2013:15:50:36 +0000]|5799
[18/Aug/2013:15:50:37 +0000]|5843
[18/Aug/2013:15:50:37 +0000]|8254
[18/Aug/2013:15:50:37 +0000]|1044
[18/Aug/2013:15:50:37 +0000]|2630
[18/Aug/2013:15:50:37 +0000]|8385
[18/Aug/2013:15:50:37 +0000]|2678
[18/Aug/2013:15:50:37 +0000]|2723
[18/Aug/2013:15:50:37 +0000]|8472
[18/Aug/2013:15:50:37 +0000]|2751
[18/Aug/2013:15:50:42 +0000]|21346
[18/Aug/2013:15:50:42 +0000]|21548
[18/Aug/2013:15:50:42 +0000]|21555
[18/Aug/2013:15:50:43 +0000]|607
[18/Aug/2013:15:50:43 +0000]|12791
[18/Aug/2013:15:50:43 +0000]|4
[18/Aug/2013:15:50:43 +0000]|2
[18/Aug/2013:15:50:43 +0000]|2
[18/Aug/2013:15:50:43 +0000]|8629
[18/Aug/2013:15:50:43 +0000]|3255
[18/Aug/2013:15:50:43 +0000]|3328
[18/Aug/2013:15:50:43 +0000]|3427
[18/Aug/2013:15:50:44 +0000]|22623
[18/Aug/2013:15:50:45 +0000]|16796
[18/Aug/2013:15:50:46 +0000]|11676
[18/Aug/2013:15:50:47 +0000]|18381
[18/Aug/2013:15:50:48 +0000]|18144
[18/Aug/2013:15:50:48 +0000]|20302
[18/Aug/2013:15:50:50 +0000]|6844
[18/Aug/2013:15:50:50 +0000]|19916
[18/Aug/2013:15:50:50 +0000]|19921
[18/Aug/2013:15:50:50 +0000]|19927
[18/Aug/2013:15:50:50 +0000]|20550
[18/Aug/2013:15:50:50 +0000]|20558
[18/Aug/2013:15:50:51 +0000]|21137
[18/Aug/2013:15:50:51 +0000]|21189
[18/Aug/2013:15:50:51 +0000]|21196
[18/Aug/2013:15:50:51 +0000]|21204
[18/Aug/2013:15:50:52 +0000]|21684
[18/Aug/2013:15:50:52 +0000]|21693
[18/Aug/2013:15:50:52 +0000]|14424
[18/Aug/2013:15:50:52 +0000]|14504
[18/Aug/2013:15:50:53 +0000]|18647
[18/Aug/2013:15:50:56 +0000]|18162
[18/Aug/2013:15:50:57 +0000]|23097
[18/Aug/2013:15:50:58 +0000]|20350
[18/Aug/2013:15:50:58 +0000]|24240
[18/Aug/2013:15:50:59 +0000]|19264
[18/Aug/2013:15:51:00 +0000]|21635
[18/Aug/2013:15:51:00 +0000]|21643
[18/Aug/2013:15:51:00 +0000]|21651
[18/Aug/2013:15:51:00 +0000]|21659
[18/Aug/2013:15:51:00 +0000]|22140
[18/Aug/2013:15:51:00 +0000]|22148
[18/Aug/2013:15:51:00 +0000]|22157
[18/Aug/2013:15:51:00 +0000]|22165
[18/Aug/2013:15:51:00 +0000]|22173
[18/Aug/2013:15:51:00 +0000]|22178
[18/Aug/2013:15:51:00 +0000]|22185
[18/Aug/2013:15:51:01 +0000]|15498
[18/Aug/2013:15:51:01 +0000]|19059
[18/Aug/2013:15:51:03 +0000]|14706
[18/Aug/2013:15:51:03 +0000]|20075
[18/Aug/2013:15:51:03 +0000]|17272
[18/Aug/2013:15:51:03 +0000]|15314
[18/Aug/2013:15:51:03 +0000]|20724
[18/Aug/2013:15:51:04 +0000]|20783
[18/Aug/2013:15:51:04 +0000]|20876
[18/Aug/2013:15:51:05 +0000]|21824
[18/Aug/2013:15:51:06 +0000]|17936
[18/Aug/2013:15:51:06 +0000]|23476
[18/Aug/2013:15:51:07 +0000]|23819
[18/Aug/2013:15:51:07 +0000]|23828
[18/Aug/2013:15:51:07 +0000]|23839
[18/Aug/2013:15:51:07 +0000]|23848
[18/Aug/2013:15:51:07 +0000]|23863
[18/Aug/2013:15:51:07 +0000]|23871
[18/Aug/2013:15:51:08 +0000]|19903
[18/Aug/2013:15:51:08 +0000]|20239
[18/Aug/2013:15:51:08 +0000]|20247
