2013-10-25 20:58:19,115|0
2013-10-25 20:58:21,549|1,0
2013-10-25 20:58:23,957|1,0
2013-10-25 20:58:26,410|3,4
2013-10-25 20:58:28,802|3,4
2013-10-25 20:58:31,211|5,4
2013-10-25 20:58:33,639|5,4
2013-10-25 20:58:36,048|4,2
2013-10-25 20:58:38,506|4,5
2013-10-25 20:58:41,011|4,5
2013-10-25 20:58:43,478|4,9
2013-10-25 20:58:45,914|4,9
2013-10-25 20:58:48,320|4,5
2013-10-25 20:58:50,726|4,5
2013-10-25 20:58:53,270|4,5
2013-10-25 20:58:55,698|3,6
2013-10-25 20:58:58,134|3,6
2013-10-25 20:59:00,652|13,2
2013-10-25 20:59:03,118|13,2
2013-10-25 20:59:05,542|22,2
2013-10-25 20:59:07,871|22,2
2013-10-25 20:59:10,304|23,6
2013-10-25 20:59:12,722|30,3
2013-10-25 20:59:15,196|29,8
2013-10-25 20:59:17,583|38,5
2013-10-25 20:59:20,070|38,5
2013-10-25 20:59:22,570|37,8
2013-10-25 20:59:25,059|37,8
2013-10-25 20:59:27,551|27,8
2013-10-25 20:59:30,048|28,0
2013-10-25 20:59:32,416|20,7
2013-10-25 20:59:34,927|21,8
2013-10-25 20:59:37,484|21,8
2013-10-25 20:59:40,019|22,9
2013-10-25 20:59:42,536|21,7
2013-10-25 20:59:45,122|12,8
2013-10-25 20:59:47,498|20,4
2013-10-25 20:59:50,002|21,4
2013-10-25 20:59:52,492|28,7
2013-10-25 20:59:55,032|29,9
2013-10-25 20:59:57,535|39,5
2013-10-25 20:59:59,956|39,3
2013-10-25 21:00:02,356|38,1
2013-10-25 21:00:04,917|45,3
2013-10-25 21:00:07,430|35,3
2013-10-25 21:00:09,859|35,9
2013-10-25 21:00:12,334|29,2
2013-10-25 21:00:14,797|29,2
2013-10-25 21:00:17,308|22,5
2013-10-25 21:00:19,827|22,5
2013-10-25 21:00:22,351|12,2
2013-10-25 21:00:24,865|12,2
2013-10-25 21:00:27,349|11,2
2013-10-25 21:00:29,865|3,6
2013-10-25 21:00:32,465|5,1
2013-10-25 21:00:34,935|4,9
2013-10-25 21:00:37,376|14,5
2013-10-25 21:00:39,843|12,7
2013-10-25 21:00:42,366|12,7
2013-10-25 21:00:44,843|22,9
2013-10-25 21:00:47,269|22,9
2013-10-25 21:00:49,756|32,9
2013-10-25 21:00:52,269|32,9
2013-10-25 21:00:54,759|42,5
2013-10-25 21:00:57,192|51,5
2013-10-25 21:00:59,609|51,9
2013-10-25 21:01:02,086|62,5
2013-10-25 21:01:04,399|61,7
2013-10-25 21:01:06,857|70,6
2013-10-25 21:01:09,252|70,6
2013-10-25 21:01:11,751|71,0
2013-10-25 21:01:14,201|80,9
2013-10-25 21:01:16,644|68,9
2013-10-25 21:01:19,083|62,6
2013-10-25 21:01:21,365|62,6
2013-10-25 21:01:23,859|42,8
2013-10-25 21:01:26,360|42,8
2013-10-25 21:01:28,895|34
2013-10-25 21:01:31,380|25,9
2013-10-25 21:01:33,890|25,7
2013-10-25 21:01:36,344|16,6
2013-10-25 21:01:38,644|16,6
2013-10-25 21:01:41,053|33,2
2013-10-25 21:01:43,361|43
2013-10-25 21:01:45,792|53,0
2013-10-25 21:01:48,054|71,4
2013-10-25 21:01:50,512|81,3
2013-10-25 21:01:52,814|81,3
2013-10-25 21:01:55,255|90,1
2013-10-25 21:01:57,634|99,5
2013-10-25 21:02:00,060|99,5
2013-10-25 21:02:02,437|89,7
2013-10-25 21:02:05,029|80,7
2013-10-25 21:02:07,516|71,0
2013-10-25 21:02:10,113|52,1
2013-10-25 21:02:12,738|42,2
2013-10-25 21:02:15,309|32,2
2013-10-25 21:02:18,048|22,3
2013-10-25 21:02:20,741|21,5
2013-10-25 21:02:23,500|12,5
2013-10-25 21:02:26,096|22,2
2013-10-25 21:02:28,860|32,5
2013-10-25 21:02:31,510|41,3
2013-10-25 21:02:34,036|60,4
2013-10-25 21:02:36,684|79,0
2013-10-25 21:02:39,200|89,0
2013-10-25 21:02:41,916|99,0
2013-10-25 21:02:44,570|99,8
2013-10-25 21:02:47,134|99,8
2013-10-25 21:02:49,812|99,7
2013-10-25 21:02:52,428|99,8
2013-10-25 21:02:55,120|89,8
2013-10-25 21:02:57,723|79,8
2013-10-25 21:03:00,349|61,6
2013-10-25 21:03:03,025|51,8
2013-10-25 21:03:05,676|42,4
2013-10-25 21:03:08,316|33,0
2013-10-25 21:03:10,939|22,5
2013-10-25 21:03:13,585|12,2
2013-10-25 21:03:16,213|12,4
2013-10-25 21:03:18,830|2,3
2013-10-25 21:03:21,462|3,1
2013-10-25 21:03:24,112|3,1
2013-10-25 21:03:26,733|3,9
2013-10-25 21:03:29,417|3,3
2013-10-25 21:03:32,308|3,3
2013-10-25 21:03:35,112|12,7
2013-10-25 21:03:37,920|12,5
2013-10-25 21:03:40,670|26,3
2013-10-25 21:03:43,352|25,9
2013-10-25 21:03:45,896|45,5
2013-10-25 21:03:48,650|64,5
2013-10-25 21:03:51,340|74,4
2013-10-25 21:03:53,964|84,4
2013-10-25 21:03:56,712|93,2
2013-10-25 21:03:59,560|93,9
2013-10-25 21:04:02,318|99,8
2013-10-25 21:04:04,990|99,9
2013-10-25 21:04:07,842|99,9
2013-10-25 21:04:10,464|79,8
2013-10-25 21:04:13,323|70,9
2013-10-25 21:04:16,013|53,1
2013-10-25 21:04:18,705|43,9
2013-10-25 21:04:21,456|33,1
2013-10-25 21:04:24,276|24,1
2013-10-25 21:04:27,088|24,1
2013-10-25 21:04:29,836|24,9
2013-10-25 21:04:32,665|35,2
2013-10-25 21:04:35,384|35,8
2013-10-25 21:04:38,296|60,9
2013-10-25 21:04:41,030|68,3
2013-10-25 21:04:43,784|89,6
2013-10-25 21:04:46,478|99,6
2013-10-25 21:04:49,166|99,7
2013-10-25 21:04:51,942|99,7
2013-10-25 21:04:54,671|90,7
2013-10-25 21:04:57,300|90,6
2013-10-25 21:04:59,910|81,6
2013-10-25 21:05:02,607|81,8
2013-10-25 21:05:05,400|72,8
2013-10-25 21:05:08,215|45,0
2013-10-25 21:05:11,190|41,0
2013-10-25 21:05:14,065|35,2
2013-10-25 21:05:16,890|35,2
2013-10-25 21:05:19,722|34,1
2013-10-25 21:05:22,633|32,9
2013-10-25 21:05:25,576|42,0
2013-10-25 21:05:28,376|43,2
2013-10-25 21:05:31,109|57,3
2013-10-25 21:05:33,918|59,1
2013-10-25 21:05:36,766|73,3
2013-10-25 21:05:39,620|73,2
2013-10-25 21:05:42,378|73,4
2013-10-25 21:05:44,895|82,7
2013-10-25 21:05:47,541|82,6
2013-10-25 21:05:50,446|81,4
2013-10-25 21:05:53,436|81,5
2013-10-25 21:05:56,352|79,8
2013-10-25 21:05:59,333|79,9
2013-10-25 21:06:02,222|79,3
2013-10-25 21:06:04,928|69,2
2013-10-25 21:06:07,646|79,1
2013-10-25 21:06:10,342|89,2
2013-10-25 21:06:13,114|99,2
2013-10-25 21:06:15,930|99,7
2013-10-25 21:06:18,896|99,7
2013-10-25 21:06:21,854|99,6
2013-10-25 21:06:24,788|99,7
2013-10-25 21:06:27,431|99,8
2013-10-25 21:06:30,164|89,9
2013-10-25 21:06:32,926|78,7
2013-10-25 21:06:35,696|68,7
2013-10-25 21:06:38,544|50,7
2013-10-25 21:06:41,327|39,9
2013-10-25 21:06:44,085|31,4
2013-10-25 21:06:46,847|30,4
2013-10-25 21:06:49,780|11,4
2013-10-25 21:06:52,808|21,2
2013-10-25 21:06:55,782|13,4
2013-10-25 21:06:58,802|31,1
2013-10-25 21:07:01,808|30,1
2013-10-25 21:07:04,700|49,8
2013-10-25 21:07:07,712|48,7
2013-10-25 21:07:10,550|58,7
2013-10-25 21:07:13,440|68,7
2013-10-25 21:07:16,318|78,9
2013-10-25 21:07:19,348|70,2
2013-10-25 21:07:22,298|80,2
2013-10-25 21:07:24,968|79,8
2013-10-25 21:07:27,642|71,5
2013-10-25 21:07:30,377|71,3
2013-10-25 21:07:32,982|71,4
2013-10-25 21:07:35,640|61,4
2013-10-25 21:07:38,330|70,6
2013-10-25 21:07:41,206|70,5
2013-10-25 21:07:44,255|70,5
2013-10-25 21:07:47,408|70,5
2013-10-25 21:07:50,300|79,4
2013-10-25 21:07:53,258|79,4
2013-10-25 21:07:56,422|79,4
2013-10-25 21:07:59,438|79,3
2013-10-25 21:08:02,588|70,6
2013-10-25 21:08:05,661|61,0
2013-10-25 21:08:08,532|61,8
2013-10-25 21:08:11,387|52,5
2013-10-25 21:08:14,308|52,9
2013-10-25 21:08:17,199|44,0
2013-10-25 21:08:19,884|52,8
2013-10-25 21:08:22,535|43,3
2013-10-25 21:08:25,154|62,4
2013-10-25 21:08:28,214|62,6
2013-10-25 21:08:31,300|72,6
2013-10-25 21:08:34,416|81,1
2013-10-25 21:08:37,536|81,4
2013-10-25 21:08:40,654|81,2
2013-10-25 21:08:43,602|81,3
2013-10-25 21:08:46,814|90,7
2013-10-25 21:08:50,020|69,7
2013-10-25 21:08:52,988|61,5
2013-10-25 21:08:56,098|51,6
2013-10-25 21:08:59,232|52,3
2013-10-25 21:09:02,244|43,7
2013-10-25 21:09:05,019|44,9
2013-10-25 21:09:07,899|45,0
2013-10-25 21:09:10,784|45,5
2013-10-25 21:09:13,684|33,9
2013-10-25 21:09:16,327|33,1
2013-10-25 21:09:19,176|23,4
2013-10-25 21:09:22,065|23,2
2013-10-25 21:09:24,921|11,8
2013-10-25 21:09:27,800|11,8
2013-10-25 21:09:30,587|1,4
2013-10-25 21:09:33,497|1,2
2013-10-25 21:09:36,433|2
2013-10-25 21:09:39,318|1,8
2013-10-25 21:09:42,163|2,4
2013-10-25 21:09:44,955|3,4
2013-10-25 21:09:47,839|4,0
2013-10-25 21:09:50,720|3,2
2013-10-25 21:09:53,601|3,2
2013-10-25 21:09:56,457|2,8
2013-10-25 21:09:59,309|2,8
2013-10-25 21:10:02,190|3
2013-10-25 21:10:05,082|2,4
2013-10-25 21:10:08,064|2,0
2013-10-25 21:10:10,951|3,4
2013-10-25 21:10:13,808|2,4
2013-10-25 21:10:16,742|4,6
2013-10-25 21:10:19,608|4,0
2013-10-25 21:10:22,506|3,6
2013-10-25 21:10:25,451|3,4
2013-10-25 21:10:28,335|4,2
2013-10-25 21:10:31,280|4,0
2013-10-25 21:10:34,209|6,4
2013-10-25 21:10:37,106|5,8
2013-10-25 21:10:40,002|4,6
2013-10-25 21:10:42,904|4,6
2013-10-25 21:10:45,838|4,8
2013-10-25 21:10:48,748|5,0
2013-10-25 21:10:51,616|4,2
2013-10-25 21:10:54,501|3,6
2013-10-25 21:10:57,468|3,4
2013-10-25 21:11:00,361|4,4
2013-10-25 21:11:03,266|3,4
2013-10-25 21:11:06,160|1,8
2013-10-25 21:11:09,115|1,8
2013-10-25 21:11:12,027|2,7
2013-10-25 21:11:14,855|2,7
2013-10-25 21:11:17,502|2,7
