2013-09-12 10:49:43,200|0,0|0,0|100,0|995|915|80|54,73|16,07|0,12|0,14
2013-09-12 10:49:49,010|2,0|0,0|98,0|995|914|81|54,73|16,07|0,13|2,24
2013-09-12 10:49:54,560|0,0|0,0|100,0|995|914|81|54,73|16,07|0,06|1,05
2013-09-12 10:50:00,074|0,0|0,0|100,0|995|914|81|54,73|16,07|0,06|0,00
2013-09-12 10:50:05,583|1,9|0,0|98,0|995|914|81|54,73|16,07|0,00|0,00
2013-09-12 10:50:11,166|0,0|0,0|100,0|995|914|81|54,73|16,07|0,06|0,00
2013-09-12 10:50:16,699|0,0|0,0|100,0|995|914|81|54,73|16,07|0,14|0,00
2013-09-12 10:50:22,277|0,0|0,0|100,0|995|914|81|54,73|16,07|0,18|1,58
2013-09-12 10:50:27,816|0,0|0,0|100,0|995|914|81|54,73|16,07|0,84|4,80
2013-09-12 10:50:33,335|0,0|0,0|100,0|995|914|81|54,73|16,07|5,21|0,00
2013-09-12 10:50:38,937|0,0|0,0|100,0|995|914|80|54,73|16,07|4,52|0,00
2013-09-12 10:50:44,457|0,0|0,0|100,0|995|914|80|54,73|16,07|0,50|0,00
2013-09-12 10:50:50,032|0,0|2,0|98,0|995|914|80|54,73|16,07|1,52|1,56
2013-09-12 10:50:55,565|0,0|0,0|100,0|995|914|81|54,73|16,07|0,63|1,56
2013-09-12 10:51:01,083|0,0|0,0|100,0|995|914|80|54,73|16,07|0,19|1,06
2013-09-12 10:51:06,655|0,0|0,0|100,0|995|914|81|54,73|16,07|0,15|1,05
2013-09-12 10:51:12,192|0,0|1,9|98,0|995|914|80|54,72|16,07|5,18|0,00
2013-09-12 10:51:17,715|0,0|0,0|100,0|995|914|81|54,72|16,07|0,18|0,00
2013-09-12 10:51:23,289|0,0|0,0|100,0|995|914|81|54,72|16,07|0,18|0,00
2013-09-12 10:51:28,820|0,0|0,0|100,0|995|914|80|54,72|16,07|9,39|89,19
2013-09-12 10:51:34,346|0,0|0,0|100,0|995|914|80|54,72|16,07|4,79|8,27
2013-09-12 10:51:39,948|4,0|6,1|89,7|995|914|80|54,72|16,07|0,69|0,06
2013-09-12 10:51:45,500|0,0|2,0|98,0|995|916|79|54,72|16,07|7,75|87,03
2013-09-12 10:51:51,062|2,0|0,0|98,0|995|914|80|54,72|16,07|6,34|5,51
2013-09-12 10:51:56,659|84,0|12,0|0,0|995|914|81|54,76|16,07|0,49|0,14
2013-09-12 10:52:02,446|96,0|3,9|0,0|995|915|80|54,93|16,07|0,12|0,00
2013-09-12 10:52:08,362|92,0|8,0|0,0|995|914|80|55,08|16,07|0,06|0,00
2013-09-12 10:52:14,295|82,3|15,6|0,0|995|915|80|55,20|16,07|0,27|0,00
2013-09-12 10:52:20,151|88,0|10,0|0,0|995|922|72|55,35|16,07|5,10|83,30
2013-09-12 10:52:26,005|96,0|2,0|0,0|995|921|74|55,36|16,07|10,08|88,99
2013-09-12 10:52:31,834|2,0|0,0|96,0|995|908|87|55,36|16,07|4,87|6,71
2013-09-12 10:52:37,452|8,1|2,0|89,7|995|908|87|55,36|16,07|0,19|2,24
2013-09-12 10:52:43,004|2,0|0,0|97,9|995|909|86|55,36|16,07|6,45|88,79
2013-09-12 10:52:48,582|0,0|0,0|96,0|995|908|87|55,36|16,07|4,66|5,99
2013-09-12 10:52:54,206|6,0|6,0|88,0|995|908|87|55,36|16,07|0,00|0,00
2013-09-12 10:52:59,719|0,0|0,0|98,0|995|908|87|55,36|16,07|9,57|90,40
2013-09-12 10:53:05,302|2,0|0,0|98,0|995|908|87|55,36|16,07|4,48|8,19
2013-09-12 10:53:10,908|6,1|6,1|85,7|995|908|87|55,36|16,07|0,62|0,00
2013-09-12 10:53:16,460|0,0|0,0|100,0|995|908|87|55,36|16,07|9,94|92,93
2013-09-12 10:53:22,051|2,0|0,0|98,0|995|908|87|55,36|16,07|4,72|8,18
2013-09-12 10:53:27,602|6,1|6,1|87,7|995|909|86|55,36|16,07|3,73|83,05
2013-09-12 10:53:33,171|0,0|0,0|100,0|995|908|87|55,36|16,07|9,52|89,86
2013-09-12 10:53:38,750|5,8|1,9|92,1|995|908|87|55,36|16,07|1,67|0,30
2013-09-12 10:53:44,345|89,7|10,2|0,0|995|914|80|55,47|16,07|8,95|11,57
2013-09-12 10:53:50,237|90,0|10,0|0,0|995|920|75|55,64|16,07|5,35|83,31
2013-09-12 10:53:56,121|92,0|6,0|0,0|995|936|58|55,80|16,07|10,36|91,15
2013-09-12 10:54:02,142|95,9|4,0|0,0|995|913|82|55,88|16,07|9,52|91,10
2013-09-12 10:54:07,950|96,0|4,0|0,0|995|914|81|55,96|16,07|3,70|2,59
2013-09-12 10:54:13,900|2,0|8,1|89,7|995|908|86|56,00|16,07|1,81|82,88
2013-09-12 10:54:19,461|0,0|0,0|100,0|995|907|88|56,00|16,07|9,78|93,59
2013-09-12 10:54:25,025|2,0|8,0|90,0|995|907|88|56,00|16,07|0,30|2,24
2013-09-12 10:54:30,603|2,0|6,0|92,0|995|907|88|56,00|16,07|5,24|83,23
2013-09-12 10:54:36,181|0,0|0,0|100,0|995|907|88|56,00|16,07|6,16|7,36
2013-09-12 10:54:41,720|6,0|6,0|88,0|995|908|87|56,00|16,07|3,44|81,83
2013-09-12 10:54:47,297|0,0|0,0|100,0|995|907|88|56,00|16,07|8,38|11,89
2013-09-12 10:54:52,863|4,0|6,0|90,0|995|907|88|56,00|16,07|0,13|2,24
2013-09-12 10:54:58,442|0,0|0,0|100,0|995|907|88|56,00|16,07|10,16|94,16
2013-09-12 10:55:04,017|0,0|2,0|98,0|995|907|87|56,00|16,07|2,27|1,46
2013-09-12 10:55:09,621|2,0|8,1|89,7|995|907|87|56,00|16,07|5,94|83,23
2013-09-12 10:55:15,180|0,0|0,0|100,0|995|907|88|56,00|16,07|5,39|7,86
2013-09-12 10:55:20,716|4,0|10,0|86,0|995|909|86|56,00|16,07|0,24|0,00
2013-09-12 10:55:26,313|94,0|6,0|0,0|995|916|79|56,04|16,07|12,45|91,99
2013-09-12 10:55:32,154|97,9|2,0|0,0|995|915|80|56,06|16,07|6,42|8,70
2013-09-12 10:55:38,098|97,9|2,0|0,0|995|914|81|56,07|16,07|2,68|2,15
2013-09-12 10:55:43,935|92,0|8,0|0,0|995|915|80|56,08|16,07|5,64|86,87
2013-09-12 10:55:49,874|97,9|2,0|0,0|995|920|75|56,09|16,07|10,54|95,18
2013-09-12 10:55:55,678|98,0|2,0|0,0|995|914|81|56,09|16,07|9,97|95,23
2013-09-12 10:56:01,506|89,7|10,2|0,0|995|921|74|56,10|16,07|0,27|2,24
2013-09-12 10:56:07,318|90,1|9,8|0,0|995|915|80|56,10|16,07|5,47|83,30
2013-09-12 10:56:13,110|98,0|2,0|0,0|995|921|73|56,11|16,07|9,84|92,96
2013-09-12 10:56:18,906|94,0|6,0|0,0|995|915|80|56,11|16,07|0,00|0,00
2013-09-12 10:56:24,714|94,0|6,0|0,0|995|921|74|56,12|16,07|5,52|83,30
2013-09-12 10:56:30,477|96,0|4,0|0,0|995|914|81|56,12|16,07|4,73|12,13
2013-09-12 10:56:36,298|90,1|9,8|0,0|995|921|74|56,13|16,07|0,38|3,39
2013-09-12 10:56:42,062|96,0|3,9|0,0|995|916|79|56,14|16,07|9,67|94,52
2013-09-12 10:56:47,858|96,0|4,0|0,0|995|922|73|56,14|16,07|4,90|12,40
2013-09-12 10:56:53,732|92,0|8,0|0,0|995|916|79|56,15|16,07|0,00|0,00
2013-09-12 10:56:59,554|98,0|2,0|0,0|995|922|72|56,15|16,07|10,51|92,39
2013-09-12 10:57:05,407|98,0|2,0|0,0|995|916|79|56,16|16,07|4,72|9,22
2013-09-12 10:57:11,274|94,0|6,0|0,0|995|924|71|56,16|16,07|4,00|83,06
2013-09-12 10:57:17,108|96,0|4,0|0,0|995|916|79|56,17|16,07|9,66|93,81
2013-09-12 10:57:22,943|96,0|4,0|0,0|995|922|72|56,17|16,07|0,12|0,00
2013-09-12 10:57:28,762|90,1|9,8|0,0|995|920|75|56,18|16,07|5,16|83,23
2013-09-12 10:57:34,532|95,9|4,0|0,0|995|917|77|56,18|16,07|4,79|10,61
2013-09-12 10:57:40,349|91,8|8,1|0,0|995|924|71|56,19|16,07|0,56|0,00
2013-09-12 10:57:46,122|94,0|6,0|0,0|995|925|70|56,19|16,07|9,79|94,11
2013-09-12 10:57:51,925|94,1|5,8|0,0|995|919|76|56,20|16,07|0,21|2,24
2013-09-12 10:57:57,690|96,0|4,0|0,0|995|922|73|56,21|16,07|5,61|86,63
2013-09-12 10:58:03,518|96,0|4,0|0,0|995|924|71|56,21|16,07|4,84|13,22
2013-09-12 10:58:09,326|90,1|7,8|0,0|995|923|72|56,22|16,07|0,78|2,24
2013-09-12 10:58:15,135|98,0|2,0|0,0|995|917|78|56,22|16,07|9,71|93,50
2013-09-12 10:58:20,966|96,0|3,9|0,0|995|923|72|56,23|16,07|0,20|0,06
2013-09-12 10:58:26,916|96,0|4,0|0,0|995|919|76|56,23|16,07|3,80|81,84
2013-09-12 10:58:32,714|96,0|4,0|0,0|995|924|71|56,24|16,07|9,64|93,66
2013-09-12 10:58:38,520|89,7|10,2|0,0|995|921|74|56,24|16,07|0,31|0,06
2013-09-12 10:58:44,382|90,0|10,0|0,0|995|926|68|56,25|16,07|6,95|85,53
2013-09-12 10:58:50,232|95,9|4,0|0,0|995|842|152|56,26|16,07|9,71|97,08
2013-09-12 10:58:56,275|98,0|2,0|0,0|995|851|143|56,26|16,07|1,13|3,39
2013-09-12 10:59:02,144|90,0|8,0|0,0|995|858|137|56,27|16,07|5,17|85,53
2013-09-12 10:59:07,905|92,0|8,0|0,0|995|864|131|56,27|16,07|4,54|10,76
2013-09-12 10:59:13,770|88,0|12,0|0,0|995|872|123|56,28|16,07|4,14|83,10
2013-09-12 10:59:19,560|96,0|3,9|0,0|995|878|116|56,29|16,07|4,79|10,96
2013-09-12 10:59:25,459|92,1|7,8|0,0|995|885|110|56,29|16,07|0,18|0,00
2013-09-12 10:59:31,278|96,0|3,9|0,0|995|893|102|56,30|16,07|10,23|94,31
2013-09-12 10:59:37,054|92,1|5,8|0,0|995|899|95|56,30|16,07|0,76|0,00
2013-09-12 10:59:42,862|97,9|2,0|0,0|995|907|88|56,31|16,07|6,24|91,90
2013-09-12 10:59:48,766|96,0|4,0|0,0|995|912|82|56,31|16,07|4,89|11,25
2013-09-12 10:59:54,581|94,0|6,0|0,0|995|918|76|56,32|16,07|5,17|83,23
2013-09-12 11:00:00,404|96,0|4,0|0,0|995|926|69|56,32|16,07|4,96|11,34
2013-09-12 11:00:06,370|90,1|9,8|0,0|995|920|75|56,33|16,07|0,08|0,00
2013-09-12 11:00:12,152|92,0|8,0|0,0|995|915|79|56,34|16,07|10,59|95,34
2013-09-12 11:00:17,982|92,0|8,0|0,0|995|922|73|56,34|16,07|0,00|0,00
2013-09-12 11:00:23,766|97,9|2,0|0,0|995|916|79|56,35|16,07|9,77|95,22
2013-09-12 11:00:29,610|92,0|8,0|0,0|995|922|72|56,35|16,07|0,43|0,06
2013-09-12 11:00:35,438|93,8|6,1|0,0|995|919|76|56,36|16,07|7,88|93,71
2013-09-12 11:00:41,244|97,9|2,0|0,0|995|924|71|56,36|16,07|1,22|0,00
2013-09-12 11:00:47,086|93,8|6,1|0,0|995|919|76|56,37|16,07|5,48|83,30
2013-09-12 11:00:52,842|96,0|4,0|0,0|995|914|80|56,38|16,07|0,52|0,06
2013-09-12 11:00:58,693|90,1|7,8|0,0|995|921|73|56,38|16,07|5,68|83,58
2013-09-12 11:01:04,517|96,0|4,0|0,0|995|917|78|56,39|16,07|2,39|1,46
2013-09-12 11:01:10,406|93,8|6,1|0,0|995|924|71|56,39|16,07|5,81|83,23
2013-09-12 11:01:16,168|96,0|4,0|0,0|995|919|76|56,40|16,07|4,90|12,44
2013-09-12 11:01:21,998|71,4|28,5|0,0|995|914|81|56,40|16,07|5,23|83,23
2013-09-12 11:01:27,831|94,1|5,8|0,0|995|921|74|56,41|16,07|6,67|13,77
2013-09-12 11:01:33,678|90,1|9,8|0,0|995|916|79|56,42|16,07|6,03|83,63
2013-09-12 11:01:39,464|95,9|4,0|0,0|995|896|99|56,42|16,07|5,58|13,18
2013-09-12 11:01:45,286|94,0|6,0|0,0|995|904|90|56,43|16,07|5,37|83,16
2013-09-12 11:01:51,102|98,0|2,0|0,0|995|911|84|56,43|16,07|5,62|30,09
2013-09-12 11:01:56,970|95,9|4,0|0,0|995|919|75|56,44|16,07|2,92|81,02
2013-09-12 11:02:02,789|94,0|6,0|0,0|995|915|80|56,45|16,07|4,73|13,09
2013-09-12 11:02:08,618|96,0|4,0|0,0|995|924|70|56,45|16,07|3,68|81,84
2013-09-12 11:02:14,402|94,0|6,0|0,0|995|920|75|56,46|16,07|4,72|13,00
2013-09-12 11:02:20,468|88,0|12,0|0,0|995|865|130|56,47|16,07|0,29|0,00
2013-09-12 11:02:26,503|97,9|2,0|0,0|995|873|121|56,48|16,07|11,34|97,59
2013-09-12 11:02:32,258|94,0|6,0|0,0|995|880|115|56,48|16,06|1,81|0,06
2013-09-12 11:02:38,030|98,0|1,9|0,0|995|887|108|56,49|16,06|16,20|97,73
2013-09-12 11:02:43,866|94,0|6,0|0,0|995|895|100|56,49|16,06|0,00|0,00
2013-09-12 11:02:49,630|94,1|5,8|0,0|995|902|92|56,50|16,06|10,46|97,76
2013-09-12 11:02:55,410|90,0|10,0|0,0|995|910|85|56,51|16,06|0,12|0,00
2013-09-12 11:03:01,170|95,9|4,0|0,0|995|917|77|56,51|16,06|9,86|100,14
2013-09-12 11:03:06,938|88,0|12,0|0,0|995|912|83|56,52|16,06|0,84|2,24
2013-09-12 11:03:12,698|98,0|2,0|0,0|995|916|79|56,52|16,06|6,45|18,61
2013-09-12 11:03:18,589|94,0|6,0|0,0|995|923|72|56,52|16,06|3,43|84,07
2013-09-12 11:03:24,395|96,0|4,0|0,0|995|921|73|56,53|16,06|0,76|2,24
2013-09-12 11:03:30,231|96,0|3,9|0,0|995|916|79|56,54|16,06|4,72|14,11
2013-09-12 11:03:36,130|94,0|4,0|0,0|995|924|71|56,55|16,06|9,33|83,30
2013-09-12 11:03:41,939|93,8|6,1|0,0|995|918|77|56,55|16,06|6,35|0,00
2013-09-12 11:03:47,722|48,0|52,0|0,0|995|884|111|56,56|16,06|1,17|0,00
2013-09-12 11:03:53,834|96,0|3,9|0,0|995|791|204|56,57|16,06|8,42|96,18
2013-09-12 11:03:59,717|92,0|8,0|0,0|995|798|197|56,58|16,06|0,12|0,00
2013-09-12 11:04:05,526|96,0|4,0|0,0|995|806|189|56,59|16,06|10,59|98,69
2013-09-12 11:04:11,298|94,0|6,0|0,0|995|818|177|56,59|16,06|4,17|82,86
2013-09-12 11:04:17,190|90,1|7,8|0,0|995|831|163|56,61|16,06|4,79|0,00
2013-09-12 11:04:23,098|92,0|6,0|0,0|995|843|152|56,62|16,06|1,05|0,00
2013-09-12 11:04:29,382|93,8|6,1|0,0|995|854|141|56,63|16,06|5,30|83,23
2013-09-12 11:04:35,382|92,0|8,0|0,0|995|868|127|56,64|16,06|0,18|0,00
2013-09-12 11:04:41,298|96,0|4,0|0,0|995|880|115|56,65|16,06|0,76|0,00
2013-09-12 11:04:47,121|95,9|4,0|0,0|995|894|101|56,66|16,06|3,36|0,37
2013-09-12 11:04:52,962|94,1|5,8|0,0|995|910|85|56,67|16,06|8,30|16,10
2013-09-12 11:04:58,778|96,0|3,9|0,0|995|922|72|56,68|16,06|12,13|99,46
2013-09-12 11:05:04,577|96,0|4,0|0,0|995|923|72|56,69|16,06|3,81|85,30
2013-09-12 11:05:10,442|90,0|10,0|0,0|995|923|71|56,70|16,06|0,96|2,24
2013-09-12 11:05:16,261|96,0|4,0|0,0|995|921|74|56,72|16,06|4,85|18,77
2013-09-12 11:05:22,059|98,0|2,0|0,0|995|923|71|56,73|16,06|5,44|85,47
2013-09-12 11:05:27,889|96,0|4,0|0,0|995|924|71|56,74|16,06|0,36|2,24
2013-09-12 11:05:33,815|88,0|12,0|0,0|995|928|67|56,75|16,06|12,04|98,93
2013-09-12 11:05:39,957|88,2|7,8|0,0|995|887|108|56,76|16,06|1,73|2,24
2013-09-12 11:05:45,724|96,0|3,9|0,0|995|901|94|56,77|16,06|6,28|15,97
2013-09-12 11:05:51,631|92,0|8,0|0,0|995|914|81|56,78|16,06|5,24|83,30
2013-09-12 11:05:57,405|84,0|16,0|0,0|995|914|81|56,80|16,06|1,16|0,51
2013-09-12 11:06:03,277|90,0|10,0|0,0|995|922|73|56,81|16,06|15,45|99,16
2013-09-12 11:06:09,154|84,3|13,7|0,0|995|925|69|56,82|16,06|2,88|0,44
2013-09-12 11:06:15,042|84,0|16,0|0,0|995|932|63|56,83|16,06|10,72|20,35
2013-09-12 11:06:21,017|68,0|32,0|0,0|995|838|157|56,85|16,06|1,51|80,57
2013-09-12 11:06:27,135|94,0|6,0|0,0|995|807|188|56,87|16,06|5,14|16,25
2013-09-12 11:06:33,026|90,0|10,0|0,0|995|825|170|56,88|16,06|9,13|83,23
2013-09-12 11:06:38,878|95,9|4,0|0,0|995|837|157|56,89|16,06|6,32|0,18
2013-09-12 11:06:44,810|96,0|4,0|0,0|995|846|149|56,90|16,06|11,59|99,80
2013-09-12 11:06:50,695|90,0|10,0|0,0|995|858|137|56,91|16,06|0,47|0,18
2013-09-12 11:06:56,498|92,1|5,8|0,0|995|871|124|56,93|16,06|2,80|1,55
2013-09-12 11:07:02,305|92,0|8,0|0,0|995|884|110|56,94|16,06|9,65|100,00
2013-09-12 11:07:08,078|88,0|12,0|0,0|995|897|98|56,95|16,06|1,92|2,65
2013-09-12 11:07:13,947|96,0|4,0|0,0|995|909|86|56,96|16,06|9,33|19,65
2013-09-12 11:07:19,839|96,0|4,0|0,0|995|920|74|56,97|16,06|8,04|99,87
2013-09-12 11:07:25,718|90,0|10,0|0,0|995|930|65|56,98|16,06|0,52|0,00
2013-09-12 11:07:31,534|48,0|50,0|0,0|995|873|122|56,99|16,06|6,85|19,28
2013-09-12 11:07:38,038|70,5|29,4|0,0|995|815|180|57,02|16,06|0,89|0,00
2013-09-12 11:07:43,986|94,0|6,0|0,0|995|792|202|57,04|16,06|14,92|71,74
2013-09-12 11:07:49,730|0,0|0,0|98,0|995|421|573|57,04|16,06|9,88|100,68
2013-09-12 11:07:55,290|4,1|6,2|89,5|995|421|573|57,04|16,06|5,87|83,75
2013-09-12 11:08:00,837|6,1|4,0|89,7|995|421|573|57,04|16,06|0,21|0,00
2013-09-12 11:08:06,366|0,0|0,0|100,0|995|422|573|57,04|16,06|0,63|16,80
2013-09-12 11:08:11,950|0,0|0,0|100,0|995|421|573|57,04|16,06|7,41|17,71
2013-09-12 11:08:17,560|0,0|0,0|100,0|995|421|573|57,04|16,06|10,08|103,38
2013-09-12 11:08:23,104|8,0|4,0|88,0|995|422|573|57,04|16,06|5,17|83,29
2013-09-12 11:08:28,629|6,0|4,0|90,0|995|422|573|57,04|16,06|0,00|0,00
2013-09-12 11:08:34,199|2,0|0,0|98,0|995|422|573|57,04|16,06|0,23|0,00
2013-09-12 11:08:39,807|0,0|0,0|100,0|995|422|573|57,04|16,06|5,07|18,91
2013-09-12 11:08:45,394|0,0|0,0|100,0|995|402|593|57,04|16,06|9,84|104,58
2013-09-12 11:08:50,961|4,0|6,0|90,0|995|402|593|57,04|16,06|8,92|86,51
2013-09-12 11:08:56,510|6,0|6,0|88,0|995|402|593|57,04|16,06|6,13|0,00
2013-09-12 11:09:02,072|0,0|0,0|100,0|995|402|593|57,04|16,06|0,20|0,00
2013-09-12 11:09:07,637|0,0|0,0|100,0|995|402|593|57,04|16,06|4,91|18,34
2013-09-12 11:09:13,243|0,0|0,0|100,0|995|402|593|57,04|16,06|9,64|102,64
2013-09-12 11:09:18,792|6,0|8,0|86,0|995|403|592|57,04|16,06|3,45|81,83
2013-09-12 11:09:24,344|84,3|11,7|0,0|995|495|500|57,12|16,06|0,30|2,24
2013-09-12 11:09:30,206|90,0|10,0|0,0|995|592|403|57,22|16,06|1,02|2,24
2013-09-12 11:09:36,057|96,0|2,0|0,0|995|758|236|57,39|16,06|0,36|2,30
2013-09-12 11:09:42,026|96,0|4,0|0,0|995|916|79|57,54|16,06|0,30|2,24
2013-09-12 11:09:47,914|72,0|28,0|0,0|995|850|145|57,63|16,06|1,91|3,57
2013-09-12 11:09:53,826|96,0|4,0|0,0|995|896|99|57,68|16,06|0,65|2,30
2013-09-12 11:09:59,738|96,0|4,0|0,0|995|914|80|57,83|16,06|10,66|105,38
2013-09-12 11:10:05,523|90,0|10,0|0,0|995|915|79|58,04|16,06|9,53|102,19
2013-09-12 11:10:11,443|95,9|4,0|0,0|995|923|72|58,19|16,06|6,04|85,47
2013-09-12 11:10:17,416|92,0|8,0|0,0|995|920|75|58,30|16,06|5,16|83,30
2013-09-12 11:10:23,174|92,0|8,0|0,0|995|929|66|58,44|16,06|0,42|3,35
2013-09-12 11:10:29,562|94,0|6,0|0,0|995|921|74|58,62|16,06|0,95|0,00
2013-09-12 11:10:35,359|88,0|12,0|0,0|995|925|69|58,75|16,06|1,45|0,06
2013-09-12 11:10:41,218|90,1|7,8|0,0|995|936|59|58,83|16,06|1,12|0,00
2013-09-12 11:10:47,105|94,1|5,8|0,0|995|915|80|58,91|16,06|3,17|1,46
2013-09-12 11:10:52,998|90,1|9,8|0,0|995|917|78|59,05|16,06|9,58|103,80
2013-09-12 11:10:58,897|92,0|6,0|0,0|995|933|62|59,20|16,06|2,33|81,02
2013-09-12 11:11:04,866|95,9|4,0|0,0|995|915|80|59,35|16,06|3,22|0,00
2013-09-12 11:11:10,943|97,9|2,0|0,0|995|914|81|59,50|16,06|9,03|23,06
2013-09-12 11:11:16,811|84,3|13,7|0,0|995|927|68|59,63|16,06|5,30|83,37
2013-09-12 11:11:22,818|86,2|11,7|0,0|995|924|71|59,70|16,06|0,75|0,00
2013-09-12 11:11:28,670|2,0|0,0|98,0|995|912|82|59,71|16,06|0,00|0,00
2013-09-12 11:11:34,262|0,0|1,9|98,0|995|912|82|59,70|16,06|4,78|21,19
2013-09-12 11:11:39,856|0,0|0,0|100,0|995|912|82|59,70|16,06|10,21|106,88
2013-09-12 11:11:45,379|0,0|0,0|100,0|995|912|82|59,70|16,06|10,19|105,33
2013-09-12 11:11:50,954|5,8|5,8|88,2|995|912|82|59,70|16,06|5,81|85,53
2013-09-12 11:11:56,481|4,0|6,0|88,0|995|914|81|59,70|16,06|0,55|0,00
2013-09-12 11:12:02,063|8,0|4,0|88,0|995|912|82|59,70|16,06|0,08|0,00
2013-09-12 11:12:07,638|0,0|0,0|100,0|995|913|82|59,70|16,06|3,57|0,00
2013-09-12 11:12:13,236|0,0|0,0|100,0|995|913|82|59,70|16,06|1,73|1,29
2013-09-12 11:12:18,851|0,0|0,0|100,0|995|912|82|59,70|16,06|7,66|24,07
2013-09-12 11:12:24,386|0,0|0,0|100,0|995|912|82|59,70|16,06|9,76|105,83
2013-09-12 11:12:29,955|0,0|0,0|100,0|995|912|83|59,70|16,06|10,72|105,30
2013-09-12 11:12:35,490|6,0|4,0|88,0|995|912|82|59,70|16,06|5,22|83,29
2013-09-12 11:12:40,995|2,0|4,1|93,7|995|912|83|59,70|16,06|6,85|83,29
2013-09-12 11:12:46,475|2,0|8,1|89,7|995|912|83|59,70|16,06|0,12|0,00
2013-09-12 11:12:51,994|8,0|4,0|88,0|995|912|83|59,70|16,06|0,21|2,24
2013-09-12 11:12:57,575|0,0|0,0|100,0|995|912|82|59,70|16,06|0,63|2,24
2013-09-12 11:13:03,179|0,0|0,0|100,0|995|912|82|59,70|16,06|0,51|3,29
2013-09-12 11:13:08,730|0,0|0,0|100,0|995|912|82|59,70|16,06|4,97|21,52
2013-09-12 11:13:14,307|0,0|0,0|100,0|995|912|82|59,70|16,06|6,87|24,03
2013-09-12 11:13:19,887|0,0|0,0|100,0|995|912|82|59,70|16,06|9,91|106,88
2013-09-12 11:13:25,456|0,0|2,0|98,0|995|912|82|59,70|16,06|9,96|106,64
2013-09-12 11:13:30,993|0,0|3,9|96,0|995|913|81|59,70|16,06|8,08|106,86
2013-09-12 11:13:36,512|4,0|6,0|90,0|995|912|82|59,70|16,06|5,19|83,35
2013-09-12 11:13:42,100|4,0|10,0|86,0|995|913|81|59,70|16,06|4,08|82,99
2013-09-12 11:13:47,650|4,0|6,0|88,0|995|912|82|59,70|16,06|0,09|0,00
2013-09-12 11:13:53,206|3,9|7,8|88,2|995|912|82|59,70|16,06|0,30|0,00
2013-09-12 11:13:58,746|0,0|2,0|98,0|995|912|82|59,70|16,06|0,23|0,00
2013-09-12 11:14:04,309|1,9|1,9|96,0|995|912|82|59,70|16,06|0,75|0,00
2013-09-12 11:14:09,879|1,9|1,9|96,1|995|912|82|59,70|16,06|0,55|2,24
2013-09-12 11:14:15,471|0,0|0,0|100,0|995|913|82|59,70|16,06|5,19|24,15
2013-09-12 11:14:21,053|0,0|0,0|100,0|995|912|82|59,70|16,06|4,74|22,46
2013-09-12 11:14:26,615|0,0|0,0|100,0|995|913|82|59,69|16,06|5,40|24,54
2013-09-12 11:14:32,171|0,0|0,0|100,0|995|913|82|59,69|16,06|10,38|109,05
2013-09-12 11:14:37,725|0,0|0,0|100,0|995|912|82|59,69|16,06|9,71|107,77
2013-09-12 11:14:43,303|0,0|0,0|100,0|995|912|82|59,69|16,06|10,03|107,03
2013-09-12 11:14:48,851|0,0|0,0|96,0|995|914|81|59,69|16,06|8,17|109,06
2013-09-12 11:14:54,387|6,0|6,0|88,0|995|913|82|59,69|16,06|5,42|85,53
2013-09-12 11:14:59,955|8,0|4,0|86,0|995|913|82|59,69|16,06|6,50|83,29
2013-09-12 11:15:05,486|4,0|8,0|88,0|995|913|82|59,69|16,06|5,28|83,35
2013-09-12 11:15:11,006|6,0|8,0|86,0|995|914|81|59,69|16,06|4,39|82,99
2013-09-12 11:15:16,516|6,2|6,2|87,5|995|913|82|59,69|16,06|0,98|0,00
2013-09-12 11:15:22,083|3,9|7,8|88,2|995|913|82|59,69|16,06|0,78|2,24
2013-09-12 11:15:27,614|4,0|8,0|88,0|995|913|82|59,69|16,06|0,51|0,06
2013-09-12 11:15:33,129|4,0|8,0|88,0|995|913|82|59,69|16,06|7,96|0,00
2013-09-12 11:15:38,700|1,9|0,0|98,0|995|913|82|59,69|16,06|0,06|0,00
2013-09-12 11:15:44,310|0,0|0,0|100,0|995|913|82|59,69|16,06|0,23|0,00
2013-09-12 11:15:49,883|0,0|0,0|100,0|995|913|82|59,69|16,06|0,17|0,00
2013-09-12 11:15:55,446|1,9|1,9|96,0|995|913|82|59,69|16,06|0,06|0,00
2013-09-12 11:16:00,987|1,9|0,0|98,0|995|913|82|59,69|16,06|0,13|2,24
2013-09-12 11:16:06,554|0,0|0,0|100,0|995|913|82|59,69|16,06|2,21|3,54
2013-09-12 11:16:12,172|0,0|0,0|100,0|995|913|82|59,69|16,06|2,96|1,39
2013-09-12 11:16:17,792|0,0|0,0|100,0|995|913|82|59,69|16,06|1,96|1,39
2013-09-12 11:16:23,355|0,0|0,0|100,0|995|913|82|59,69|16,06|2,78|4,01
2013-09-12 11:16:28,921|0,0|0,0|100,0|995|913|82|59,69|16,06|9,22|3,19
2013-09-12 11:16:34,481|0,0|0,0|100,0|995|913|82|59,69|16,06|4,72|4,41
2013-09-12 11:16:40,016|0,0|0,0|100,0|995|913|82|59,69|16,06|4,93|27,43
2013-09-12 11:16:45,591|0,0|0,0|100,0|995|913|82|59,69|16,06|4,93|27,49
2013-09-12 11:16:51,126|0,0|0,0|100,0|995|913|82|59,69|16,06|4,98|24,35
2013-09-12 11:16:56,647|0,0|0,0|100,0|995|913|82|59,69|16,06|5,34|24,42
2013-09-12 11:17:02,229|0,0|0,0|100,0|995|913|82|59,69|16,06|4,92|25,53
2013-09-12 11:17:07,799|0,0|0,0|100,0|995|913|82|59,69|16,06|4,80|26,17
2013-09-12 11:17:13,403|0,0|0,0|100,0|995|913|82|59,69|16,06|6,88|28,10
2013-09-12 11:17:19,006|0,0|0,0|100,0|995|913|82|59,68|16,06|6,94|27,97
2013-09-12 11:17:24,592|0,0|0,0|100,0|995|913|82|59,68|16,06|7,76|30,22
2013-09-12 11:17:30,159|0,0|0,0|100,0|995|913|82|59,68|16,06|7,68|27,96
2013-09-12 11:17:35,759|0,0|0,0|100,0|995|913|82|59,68|16,06|6,34|26,29
2013-09-12 11:17:41,351|0,0|0,0|100,0|995|913|82|59,68|16,06|5,68|26,05
2013-09-12 11:17:46,924|0,0|0,0|100,0|995|913|82|59,68|16,06|4,87|26,13
2013-09-12 11:17:52,530|0,0|0,0|100,0|995|913|82|59,68|16,06|5,28|28,51
2013-09-12 11:17:58,144|0,0|0,0|100,0|995|913|82|59,68|16,06|5,37|28,44
2013-09-12 11:18:03,762|0,0|0,0|100,0|995|913|82|59,68|16,06|5,45|25,36
2013-09-12 11:18:09,357|0,0|0,0|100,0|995|913|82|59,68|16,06|4,74|25,31
2013-09-12 11:18:14,937|0,0|0,0|100,0|995|913|82|59,68|16,06|4,91|26,42
2013-09-12 11:18:20,528|0,0|0,0|100,0|995|913|82|59,68|16,06|4,91|26,51
2013-09-12 11:18:26,135|0,0|1,9|98,0|995|913|82|59,68|16,06|4,86|25,59
2013-09-12 11:18:31,729|0,0|0,0|100,0|995|913|82|59,68|16,06|5,00|25,66
2013-09-12 11:18:37,299|0,0|0,0|100,0|995|913|82|59,68|16,06|4,99|25,80
2013-09-12 11:18:42,897|0,0|0,0|100,0|995|913|82|59,68|16,06|4,91|25,88
2013-09-12 11:18:48,522|54,9|45,0|0,0|995|915|80|59,75|16,06|10,37|109,70
2013-09-12 11:18:54,750|62,0|38,0|0,0|995|924|71|59,76|16,06|0,06|0,00
2013-09-12 11:19:00,891|54,0|46,0|0,0|995|919|76|59,77|16,06|0,32|0,32
2013-09-12 11:19:07,133|96,0|4,0|0,0|995|926|69|59,78|16,06|1,69|0,30
2013-09-12 11:19:12,980|98,0|2,0|0,0|995|915|80|59,78|16,06|5,26|26,35
2013-09-12 11:19:18,755|98,0|2,0|0,0|995|916|78|59,78|16,06|4,61|27,30
2013-09-12 11:19:24,576|94,1|3,9|0,0|995|914|80|59,84|16,06|7,05|27,67
2013-09-12 11:19:30,403|96,0|4,0|0,0|995|914|80|59,90|16,06|10,81|109,82
2013-09-12 11:19:36,250|95,9|4,0|0,0|995|918|77|59,95|16,06|9,74|110,80
2013-09-12 11:19:42,149|80,0|18,0|0,0|995|936|58|60,02|16,06|7,01|107,18
2013-09-12 11:19:48,039|92,0|8,0|0,0|995|923|71|60,09|16,06|7,98|86,58
2013-09-12 11:19:53,977|94,0|6,0|0,0|995|918|76|60,16|16,06|7,66|85,60
2013-09-12 11:19:59,782|88,0|12,0|0,0|995|922|73|60,19|16,06|1,24|2,24
2013-09-12 11:20:05,606|92,0|8,0|0,0|995|919|76|60,26|16,06|0,25|2,24
2013-09-12 11:20:11,440|93,8|6,1|0,0|995|914|81|60,31|16,06|0,84|2,24
2013-09-12 11:20:17,248|92,0|8,0|0,0|995|901|94|60,32|16,06|0,69|5,26
2013-09-12 11:20:22,902|4,0|8,0|88,0|995|874|121|60,32|16,06|0,06|0,00
2013-09-12 11:20:28,472|8,0|4,0|88,0|995|874|121|60,32|16,06|0,62|0,00
2013-09-12 11:20:34,017|8,1|8,1|83,6|995|874|121|60,32|16,06|1,48|0,00
2013-09-12 11:20:39,576|6,0|8,0|86,0|995|875|120|60,32|16,06|3,43|81,83
2013-09-12 11:20:45,123|8,0|4,0|88,0|995|874|121|60,31|16,06|5,37|85,59
2013-09-12 11:20:50,637|4,0|4,0|91,8|995|874|121|60,31|16,06|6,09|83,29
2013-09-12 11:20:56,190|2,0|0,0|98,0|995|875|120|60,31|16,06|8,71|109,38
2013-09-12 11:21:01,753|0,0|0,0|100,0|995|874|121|60,31|16,06|10,22|111,82
2013-09-12 11:21:07,269|0,0|0,0|100,0|995|874|121|60,31|16,06|9,92|111,91
2013-09-12 11:21:12,814|0,0|0,0|100,0|995|874|121|60,31|16,06|5,77|29,40
2013-09-12 11:21:18,413|2,0|0,0|98,0|995|873|121|60,31|16,06|4,80|27,78
2013-09-12 11:21:24,016|0,0|0,0|100,0|995|873|121|60,31|16,06|4,79|4,70
2013-09-12 11:21:29,537|0,0|0,0|100,0|995|873|121|60,31|16,06|0,47|2,24
2013-09-12 11:21:35,167|0,0|0,0|100,0|995|873|121|60,31|16,06|1,29|0,00
2013-09-12 11:21:40,791|2,0|0,0|98,0|995|873|121|60,31|16,06|1,21|0,00
2013-09-12 11:21:46,369|2,0|0,0|98,0|995|873|121|60,31|16,06|1,87|0,00
2013-09-12 11:21:51,967|4,0|4,0|91,8|995|873|121|60,31|16,06|2,11|0,00
2013-09-12 11:21:57,511|4,0|6,1|89,7|995|873|121|60,31|16,06|1,07|2,24
2013-09-12 11:22:03,028|6,0|4,0|88,0|995|875|120|60,31|16,06|0,81|2,24
2013-09-12 11:22:08,623|6,1|4,0|89,7|995|873|121|60,31|16,06|5,53|85,46
2013-09-12 11:22:14,143|4,0|6,0|90,0|995|873|121|60,31|16,06|5,38|83,16
2013-09-12 11:22:19,691|0,0|0,0|100,0|995|875|120|60,31|16,06|7,89|110,41
2013-09-12 11:22:25,255|0,0|0,0|100,0|995|874|121|60,31|16,06|9,96|112,88
2013-09-12 11:22:30,774|0,0|1,9|98,0|995|874|121|60,31|16,06|15,72|32,32
2013-09-12 11:22:36,370|0,0|0,0|100,0|995|874|121|60,31|16,06|5,92|32,08
2013-09-12 11:22:41,906|0,0|0,0|100,0|995|874|121|60,31|16,06|5,16|4,63
2013-09-12 11:22:47,513|0,0|0,0|100,0|995|874|121|60,31|16,06|0,29|0,00
2013-09-12 11:22:53,134|0,0|0,0|100,0|995|874|121|60,31|16,06|0,50|0,00
2013-09-12 11:22:58,696|0,0|0,0|100,0|995|874|121|60,31|16,06|1,22|0,00
2013-09-12 11:23:04,270|7,8|5,8|86,2|995|874|121|60,31|16,06|0,93|0,00
2013-09-12 11:23:09,820|8,0|6,0|86,0|995|874|121|60,31|16,06|0,09|0,00
2013-09-12 11:23:15,374|6,1|4,0|89,7|995|874|121|60,31|16,06|5,52|86,46
2013-09-12 11:23:20,901|0,0|0,0|100,0|995|874|121|60,31|16,06|10,02|114,79
2013-09-12 11:23:26,487|0,0|0,0|100,0|995|874|121|60,31|16,06|9,94|113,74
2013-09-12 11:23:32,026|0,0|0,0|100,0|995|874|121|60,31|16,06|5,53|30,61
2013-09-12 11:23:37,645|0,0|0,0|100,0|995|874|121|60,30|16,06|5,12|31,40
2013-09-12 11:23:43,163|0,0|0,0|100,0|995|874|121|60,30|16,06|0,30|0,00
2013-09-12 11:23:48,781|2,0|0,0|97,9|995|874|121|60,30|16,06|0,09|0,00
2013-09-12 11:23:54,345|3,9|5,8|88,2|995|874|121|60,30|16,06|0,43|2,24
2013-09-12 11:23:59,883|4,0|8,0|88,0|995|875|120|60,30|16,06|3,39|84,07
2013-09-12 11:24:05,407|2,0|0,0|98,0|995|875|120|60,30|16,06|8,98|111,94
2013-09-12 11:24:10,984|0,0|0,0|100,0|995|874|121|60,30|16,06|9,93|113,40
2013-09-12 11:24:16,515|0,0|0,0|100,0|995|874|121|60,30|16,06|12,48|31,17
2013-09-12 11:24:22,056|0,0|1,9|98,0|995|874|121|60,30|16,06|0,46|0,00
2013-09-12 11:24:27,666|0,0|0,0|100,0|995|874|121|60,30|16,06|0,80|2,24
2013-09-12 11:24:33,264|0,0|2,0|97,9|995|874|121|60,30|16,06|0,89|2,25
2013-09-12 11:24:38,842|6,0|6,0|88,0|995|874|121|60,30|16,06|0,66|2,24
2013-09-12 11:24:44,389|4,0|6,1|89,7|995|874|121|60,30|16,06|5,03|83,29
2013-09-12 11:24:49,907|0,0|0,0|100,0|995|874|121|60,30|16,06|11,01|113,89
2013-09-12 11:24:55,481|0,0|0,0|100,0|995|874|121|60,30|16,06|6,60|33,22
2013-09-12 11:25:01,010|0,0|0,0|100,0|995|874|121|60,30|16,06|3,87|3,05
2013-09-12 11:25:06,567|0,0|0,0|100,0|995|874|121|60,30|16,06|12,30|0,11
2013-09-12 11:25:12,160|0,0|0,0|100,0|995|874|121|60,30|16,06|1,49|2,24
2013-09-12 11:25:17,754|6,0|4,0|88,0|995|874|121|60,30|16,06|0,14|0,00
2013-09-12 11:25:23,287|4,1|4,1|91,6|995|874|121|60,30|16,06|11,25|83,37
2013-09-12 11:25:28,857|0,0|0,0|100,0|995|874|121|60,30|16,06|12,14|114,92
2013-09-12 11:25:34,398|0,0|2,0|98,0|995|874|121|60,30|16,06|6,98|32,57
2013-09-12 11:25:39,947|0,0|0,0|100,0|995|874|121|60,30|16,06|2,32|4,61
2013-09-12 11:25:45,528|1,9|1,9|96,0|995|874|121|60,30|16,06|0,25|2,24
2013-09-12 11:25:51,100|1,9|0,0|98,0|995|874|121|60,30|16,06|0,12|0,06
2013-09-12 11:25:56,722|6,0|6,0|88,0|995|874|121|60,30|16,06|0,00|0,00
2013-09-12 11:26:02,281|4,0|6,1|89,7|995|874|121|60,30|16,06|5,13|83,29
2013-09-12 11:26:07,831|0,0|0,0|100,0|995|874|121|60,30|16,06|9,97|116,12
2013-09-12 11:26:13,376|0,0|2,0|98,0|995|874|121|60,30|16,06|5,09|32,78
2013-09-12 11:26:18,945|0,0|0,0|100,0|995|874|121|60,29|16,06|0,25|2,24
2013-09-12 11:26:24,518|2,0|0,0|98,0|995|874|121|60,29|16,06|0,42|2,24
2013-09-12 11:26:30,040|7,8|5,8|86,2|995|874|121|60,29|16,06|0,33|0,00
2013-09-12 11:26:35,631|4,0|4,0|91,8|995|874|121|60,29|16,06|5,41|83,23
2013-09-12 11:26:41,149|0,0|0,0|100,0|995|874|121|60,29|16,06|10,29|116,49
2013-09-12 11:26:46,666|0,0|0,0|100,0|995|874|121|60,29|16,06|4,79|33,21
2013-09-12 11:26:52,274|0,0|0,0|100,0|995|874|121|60,29|16,06|1,08|0,00
2013-09-12 11:26:57,803|0,0|0,0|100,0|995|874|121|60,29|16,06|0,55|0,06
2013-09-12 11:27:03,395|2,0|8,3|89,5|995|874|121|60,29|16,06|0,37|2,24
2013-09-12 11:27:08,915|2,0|2,0|96,0|995|876|119|60,29|16,06|5,79|83,29
2013-09-12 11:27:14,509|0,0|0,0|100,0|995|874|121|60,29|16,06|9,00|36,39
2013-09-12 11:27:20,043|0,0|0,0|100,0|995|874|121|60,29|16,06|1,67|1,29
2013-09-12 11:27:25,648|2,0|0,0|98,0|995|874|121|60,29|16,06|0,12|0,00
2013-09-12 11:27:31,199|6,1|4,0|89,7|995|874|121|60,29|16,06|1,14|0,00
2013-09-12 11:27:36,780|6,0|4,0|90,0|995|874|120|60,29|16,06|5,95|83,29
2013-09-12 11:27:42,359|0,0|0,0|100,0|995|874|120|60,29|16,06|11,49|117,24
2013-09-12 11:27:47,896|0,0|0,0|100,0|995|876|119|60,29|16,06|5,07|33,04
2013-09-12 11:27:53,499|0,0|0,0|100,0|995|875|120|60,29|16,06|0,21|0,00
2013-09-12 11:27:59,100|2,0|0,0|98,0|995|875|120|60,29|16,06|0,98|0,00
2013-09-12 11:28:04,663|4,0|6,1|89,7|995|876|119|60,29|16,06|1,85|80,64
2013-09-12 11:28:10,245|0,0|0,0|100,0|995|875|120|60,29|16,06|10,45|119,87
2013-09-12 11:28:15,778|0,0|0,0|100,0|995|875|120|60,29|16,06|5,33|36,64
2013-09-12 11:28:21,381|0,0|0,0|100,0|995|875|120|60,29|16,06|1,02|2,24
2013-09-12 11:28:26,976|2,0|0,0|98,0|995|875|120|60,29|16,06|0,32|0,00
2013-09-12 11:28:32,521|7,8|5,8|86,2|995|875|120|60,29|16,06|1,06|0,00
2013-09-12 11:28:38,043|6,1|4,0|89,7|995|875|120|60,29|16,06|5,37|83,29
2013-09-12 11:28:43,618|2,0|0,0|98,0|995|875|120|60,29|16,06|8,68|38,23
2013-09-12 11:28:49,173|0,0|0,0|100,0|995|875|120|60,29|16,06|8,65|1,72
2013-09-12 11:28:54,793|1,9|0,0|98,0|995|875|120|60,29|16,06|1,34|2,24
2013-09-12 11:29:00,356|6,0|6,0|88,0|995|875|120|60,29|16,06|0,80|0,00
2013-09-12 11:29:05,898|2,0|0,0|98,0|995|876|119|60,29|16,06|8,24|117,06
2013-09-12 11:29:11,422|0,0|0,0|100,0|995|875|120|60,29|16,06|5,34|35,13
2013-09-12 11:29:17,041|0,0|0,0|100,0|995|875|120|60,28|16,06|0,00|0,00
2013-09-12 11:29:22,618|2,0|0,0|97,9|995|875|120|60,28|16,06|0,20|0,00
2013-09-12 11:29:28,217|8,0|4,0|88,0|995|876|118|60,28|16,06|2,47|2,24
2013-09-12 11:29:33,837|0,0|0,0|100,0|995|875|120|60,28|16,06|10,95|122,07
2013-09-12 11:29:39,380|0,0|0,0|100,0|995|875|120|60,28|16,06|4,89|34,45
2013-09-12 11:29:44,919|0,0|0,0|100,0|995|875|119|60,28|16,06|0,23|0,00
2013-09-12 11:29:50,517|0,0|0,0|100,0|995|875|120|60,28|16,06|0,57|0,00
2013-09-12 11:29:56,089|6,0|8,0|86,0|995|876|119|60,28|16,06|3,48|82,99
2013-09-12 11:30:01,639|0,0|1,9|98,0|995|875|119|60,28|16,06|10,10|119,69
2013-09-12 11:30:07,165|0,0|0,0|100,0|995|875|119|60,28|16,06|0,51|2,24
2013-09-12 11:30:12,782|0,0|1,9|98,0|995|875|120|60,28|16,06|7,81|2,28
2013-09-12 11:30:18,364|4,0|6,1|89,7|995|875|119|60,28|16,06|0,12|0,00
2013-09-12 11:30:23,904|0,0|0,0|100,0|995|875|119|60,28|16,06|10,42|119,36
2013-09-12 11:30:29,419|0,0|0,0|100,0|995|875|119|60,28|16,06|6,09|2,65
2013-09-12 11:30:35,009|2,0|0,0|98,0|995|875|119|60,28|16,06|0,58|0,00
2013-09-12 11:30:40,541|4,0|6,1|89,7|995|875|119|60,28|16,06|0,37|2,24
2013-09-12 11:30:46,134|4,0|4,0|92,0|995|875|119|60,28|16,06|5,91|86,66
2013-09-12 11:30:51,709|0,0|0,0|100,0|995|875|119|60,28|16,06|5,06|37,70
2013-09-12 11:30:57,302|0,0|0,0|100,0|995|875|119|60,28|16,06|4,17|0,00
2013-09-12 11:31:02,896|2,0|6,0|92,0|995|876|119|60,28|16,06|0,55|0,00
2013-09-12 11:31:08,444|2,0|8,1|89,7|995|876|119|60,28|16,06|5,83|83,42
2013-09-12 11:31:14,014|1,9|0,0|98,0|995|876|119|60,28|16,06|5,39|36,55
2013-09-12 11:31:19,574|0,0|0,0|100,0|995|876|119|60,28|16,06|0,83|2,24
2013-09-12 11:31:25,156|2,0|8,1|89,7|995|876|119|60,28|16,06|0,47|3,21
2013-09-12 11:31:30,671|0,0|0,0|100,0|995|876|118|60,28|16,06|9,63|121,25
2013-09-12 11:31:36,254|0,0|0,0|100,0|995|876|119|60,28|16,06|5,28|37,08
2013-09-12 11:31:41,788|2,0|0,0|98,0|995|876|119|60,28|16,06|0,06|0,00
2013-09-12 11:31:47,364|4,0|6,1|89,7|995|876|119|60,28|16,06|0,59|0,00
2013-09-12 11:31:52,908|0,0|0,0|100,0|995|876|119|60,28|16,06|10,12|121,24
2013-09-12 11:31:58,427|0,0|0,0|100,0|995|876|119|60,28|16,06|1,80|3,54
2013-09-12 11:32:04,033|0,0|0,0|100,0|995|876|119|60,27|16,06|0,19|2,24
2013-09-12 11:32:09,617|4,0|6,1|89,7|995|876|119|60,27|16,06|5,49|83,29
2013-09-12 11:32:15,163|0,0|0,0|100,0|995|876|119|60,27|16,06|6,70|37,89
2013-09-12 11:32:20,750|0,0|0,0|100,0|995|876|119|60,27|16,06|5,79|0,00
2013-09-12 11:32:26,292|0,0|6,1|93,8|995|876|119|60,27|16,06|0,73|0,00
2013-09-12 11:32:31,879|8,1|4,0|87,7|995|876|119|60,27|16,06|5,49|83,22
2013-09-12 11:32:37,405|0,0|0,0|100,0|995|876|119|60,27|16,06|5,36|40,03
2013-09-12 11:32:42,924|0,0|0,0|100,0|995|876|119|60,27|16,06|1,72|2,24
2013-09-12 11:32:48,508|2,0|8,1|89,7|995|876|119|60,27|16,06|0,63|0,00
2013-09-12 11:32:54,039|0,0|0,0|100,0|995|876|119|60,27|16,06|10,20|121,33
2013-09-12 11:32:59,600|0,0|0,0|100,0|995|876|119|60,27|16,06|0,53|0,00
2013-09-12 11:33:05,193|2,0|0,0|97,9|995|876|119|60,27|16,06|0,68|0,00
2013-09-12 11:33:10,784|6,0|6,0|88,0|995|876|118|60,27|16,06|5,46|86,40
2013-09-12 11:33:16,304|0,0|0,0|100,0|995|876|118|60,27|16,06|5,11|40,57
2013-09-12 11:33:21,924|0,0|0,0|100,0|995|876|118|60,27|16,06|0,62|2,24
2013-09-12 11:33:27,532|4,0|6,1|89,7|995|876|118|60,27|16,06|0,55|0,00
2013-09-12 11:33:33,099|0,0|0,0|100,0|995|876|118|60,27|16,06|10,48|121,78
2013-09-12 11:33:38,672|0,0|0,0|100,0|995|876|118|60,27|16,06|0,37|1,06
2013-09-12 11:33:44,272|1,9|1,9|96,0|995|876|118|60,27|16,06|0,87|0,00
2013-09-12 11:33:49,879|4,0|8,1|87,7|995|877|117|60,27|16,06|3,48|85,07
2013-09-12 11:33:55,482|0,0|0,0|100,0|995|876|118|60,27|16,06|8,98|43,53
2013-09-12 11:34:01,073|0,0|0,0|100,0|995|876|118|60,27|16,06|1,19|0,06
2013-09-12 11:34:06,631|5,8|5,8|88,2|995|876|118|60,27|16,06|0,18|0,00
2013-09-12 11:34:12,158|2,0|0,0|97,9|995|878|117|60,27|16,06|14,35|121,07
2013-09-12 11:34:17,747|0,0|0,0|100,0|995|877|118|60,27|16,06|2,61|2,37
2013-09-12 11:34:23,322|2,0|0,0|98,0|995|877|118|60,27|16,06|0,75|0,00
2013-09-12 11:34:28,893|4,1|4,1|91,6|995|877|118|60,27|16,06|6,23|86,51
2013-09-12 11:34:34,484|0,0|0,0|100,0|995|877|118|60,27|16,06|5,05|41,79
2013-09-12 11:34:40,046|0,0|0,0|100,0|995|876|118|60,27|16,06|0,83|2,24
2013-09-12 11:34:45,647|4,0|6,1|89,7|995|877|118|60,27|16,06|2,11|0,00
2013-09-12 11:34:51,173|0,0|0,0|100,0|995|877|118|60,26|16,06|10,02|122,89
2013-09-12 11:34:56,746|0,0|0,0|100,0|995|877|118|60,26|16,06|0,12|0,00
2013-09-12 11:35:02,283|6,0|6,0|88,0|995|877|118|60,26|16,06|0,00|0,00
2013-09-12 11:35:07,788|0,0|0,0|100,0|995|877|118|60,26|16,06|10,00|125,39
2013-09-12 11:35:13,374|0,0|0,0|100,0|995|877|118|60,26|16,06|1,57|2,24
2013-09-12 11:35:18,954|2,0|0,0|98,0|995|877|118|60,26|16,06|0,06|0,00
2013-09-12 11:35:24,539|4,0|8,0|88,0|995|877|118|60,26|16,06|5,16|83,23
2013-09-12 11:35:30,057|0,0|0,0|100,0|995|877|118|60,26|16,06|5,21|40,22
2013-09-12 11:35:35,620|2,0|0,0|98,0|995|877|118|60,26|16,06|3,59|0,00
2013-09-12 11:35:41,153|2,0|8,0|88,0|995|877|118|60,26|16,06|5,29|86,45
2013-09-12 11:35:46,674|0,0|0,0|100,0|995|877|118|60,26|16,06|5,32|42,44
2013-09-12 11:35:52,287|0,0|0,0|100,0|995|877|118|60,26|16,06|1,77|2,24
2013-09-12 11:35:57,868|4,0|8,0|88,0|995|877|118|60,26|16,06|1,34|0,00
2013-09-12 11:36:03,407|0,0|0,0|100,0|995|877|118|60,26|16,06|6,91|41,99
2013-09-12 11:36:08,965|0,0|0,0|100,0|995|877|118|60,26|16,06|0,06|0,00
2013-09-12 11:36:14,555|3,9|7,8|86,2|995|877|118|60,26|16,06|0,59|0,00
2013-09-12 11:36:20,132|0,0|0,0|100,0|995|877|118|60,26|16,06|7,50|45,03
2013-09-12 11:36:25,696|0,0|0,0|100,0|995|877|118|60,26|16,06|0,30|2,24
2013-09-12 11:36:31,283|4,0|6,1|89,7|995|877|118|60,26|16,06|0,94|0,00
2013-09-12 11:36:36,806|1,9|0,0|98,0|995|877|118|60,26|16,06|8,70|43,76
2013-09-12 11:36:42,382|0,0|0,0|100,0|995|877|118|60,26|16,06|0,40|0,00
2013-09-12 11:36:47,974|5,8|7,8|86,2|995|877|117|60,26|16,06|0,14|0,00
2013-09-12 11:36:53,544|0,0|0,0|100,0|995|877|118|60,26|16,06|4,85|41,32
2013-09-12 11:36:59,107|0,0|0,0|100,0|995|877|117|60,26|16,06|2,18|2,21
2013-09-12 11:37:04,688|6,0|10,0|84,0|995|877|118|60,26|16,06|0,36|2,24
2013-09-12 11:37:10,274|1,9|0,0|98,0|995|877|117|60,26|16,06|4,67|41,53
2013-09-12 11:37:15,846|0,0|0,0|100,0|995|877|117|60,26|16,06|0,00|0,00
2013-09-12 11:37:21,448|6,0|6,0|88,0|995|878|116|60,26|16,06|3,52|81,90
2013-09-12 11:37:27,016|0,0|0,0|100,0|995|877|117|60,26|16,06|15,15|42,67
2013-09-12 11:37:32,558|1,9|1,9|96,0|995|877|117|60,26|16,06|5,86|0,00
2013-09-12 11:37:38,139|6,0|6,0|88,0|995|877|117|60,25|16,06|5,48|83,35
2013-09-12 11:37:43,663|0,0|0,0|100,0|995|877|117|60,25|16,06|6,72|42,51
2013-09-12 11:37:49,186|1,9|0,0|98,0|995|877|117|60,25|16,06|0,45|0,00
2013-09-12 11:37:54,762|0,0|2,0|97,9|995|878|116|60,25|16,06|16,47|122,98
2013-09-12 11:38:00,303|0,0|0,0|100,0|995|877|117|60,25|16,06|0,71|0,00
2013-09-12 11:38:05,902|2,0|2,0|94,0|995|877|117|60,25|16,06|1,08|0,00
2013-09-12 11:38:11,440|0,0|0,0|100,0|995|878|117|60,25|16,06|10,39|126,22
2013-09-12 11:38:17,015|0,0|0,0|100,0|995|877|117|60,25|16,06|0,36|2,24
2013-09-12 11:38:22,544|4,0|8,0|88,0|995|878|117|60,25|16,06|0,31|0,06
2013-09-12 11:38:28,059|0,0|0,0|100,0|995|878|117|60,25|16,06|9,78|45,52
2013-09-12 11:38:33,642|0,0|0,0|100,0|995|878|117|60,25|16,06|0,29|0,00
2013-09-12 11:38:39,243|8,1|4,0|87,7|995|879|116|60,25|16,06|3,45|81,83
2013-09-12 11:38:44,787|0,0|0,0|100,0|995|878|117|60,25|16,06|3,65|4,25
2013-09-12 11:38:50,332|1,9|1,9|96,0|995|878|117|60,25|16,05|0,60|2,24
2013-09-12 11:38:55,932|1,9|0,0|98,0|995|879|116|60,25|16,05|8,33|123,85
2013-09-12 11:39:01,488|0,0|0,0|100,0|995|878|117|60,25|16,05|0,80|0,00
2013-09-12 11:39:07,087|0,0|0,0|100,0|995|878|117|60,25|16,05|0,00|0,00
2013-09-12 11:39:12,678|0,0|0,0|100,0|995|878|117|60,25|16,05|10,96|126,45
2013-09-12 11:39:18,235|0,0|0,0|100,0|995|878|117|60,25|16,05|0,08|0,00
2013-09-12 11:39:23,782|5,8|5,8|86,2|995|878|117|60,25|16,05|0,38|0,00
2013-09-12 11:39:29,308|0,0|0,0|100,0|995|878|117|60,25|16,05|6,13|45,68
2013-09-12 11:39:34,906|0,0|0,0|100,0|995|878|117|60,25|16,05|0,36|3,29
2013-09-12 11:39:40,507|2,0|8,1|89,7|995|878|117|60,25|16,05|5,04|83,23
2013-09-12 11:39:46,053|0,0|0,0|100,0|995|878|117|60,25|16,05|0,12|0,00
2013-09-12 11:39:51,582|6,1|2,0|91,8|995|878|117|60,25|16,05|0,12|0,00
2013-09-12 11:39:57,149|0,0|2,0|98,0|995|878|117|60,25|16,05|11,98|46,41
2013-09-12 11:40:02,694|0,0|2,0|98,0|995|878|117|60,25|16,05|0,38|0,00
2013-09-12 11:40:08,313|8,0|4,0|88,0|995|878|117|60,25|16,05|5,36|85,53
2013-09-12 11:40:13,887|0,0|0,0|100,0|995|878|117|60,25|16,05|6,32|6,22
2013-09-12 11:40:19,431|0,0|0,0|100,0|995|878|117|60,25|16,05|0,56|0,00
2013-09-12 11:40:25,025|0,0|0,0|100,0|995|878|117|60,24|16,05|10,09|127,33
2013-09-12 11:40:30,554|0,0|0,0|100,0|995|878|117|60,24|16,05|0,00|0,00
2013-09-12 11:40:36,071|6,0|8,0|86,0|995|879|116|60,24|16,05|3,78|81,83
2013-09-12 11:40:41,639|0,0|0,0|100,0|995|878|117|60,24|16,05|6,13|46,57
2013-09-12 11:40:47,173|2,0|0,0|94,0|995|878|117|60,24|16,05|2,42|2,24
2013-09-12 11:40:52,780|0,0|0,0|100,0|995|878|116|60,24|16,05|16,01|127,77
2013-09-12 11:40:58,319|0,0|0,0|100,0|995|878|117|60,24|16,05|0,91|0,00
2013-09-12 11:41:03,891|5,8|9,8|84,3|995|878|116|60,24|16,05|5,68|0,00
2013-09-12 11:41:09,435|0,0|0,0|100,0|995|878|117|60,24|16,05|4,74|44,77
2013-09-12 11:41:14,999|2,0|0,0|98,0|995|878|116|60,24|16,05|7,37|0,00
2013-09-12 11:41:20,563|0,0|2,0|98,0|995|879|115|60,24|16,05|8,96|129,06
2013-09-12 11:41:26,152|0,0|0,0|100,0|995|878|116|60,24|16,05|8,06|0,06
2013-09-12 11:41:31,682|6,0|6,0|88,0|995|878|116|60,24|16,05|2,14|0,00
2013-09-12 11:41:37,274|0,0|0,0|100,0|995|878|116|60,24|16,05|5,52|45,14
2013-09-12 11:41:42,847|0,0|0,0|100,0|995|878|116|60,24|16,05|1,83|0,00
2013-09-12 11:41:48,415|0,0|0,0|100,0|995|878|116|60,24|16,05|11,84|128,59
2013-09-12 11:41:53,939|0,0|0,0|100,0|995|878|116|60,24|16,05|0,34|2,24
2013-09-12 11:41:59,453|8,0|4,0|88,0|995|878|116|60,24|16,05|6,54|85,46
2013-09-12 11:42:05,019|0,0|0,0|100,0|995|878|116|60,24|16,05|0,26|1,83
2013-09-12 11:42:10,592|2,0|2,0|95,9|995|878|116|60,24|16,05|0,64|0,00
2013-09-12 11:42:16,168|0,0|0,0|100,0|995|878|116|60,24|16,05|9,91|127,88
2013-09-12 11:42:21,695|0,0|0,0|100,0|995|878|116|60,24|16,05|0,29|0,00
2013-09-12 11:42:27,299|2,0|2,0|95,9|995|880|115|60,24|16,05|5,10|83,23
2013-09-12 11:42:32,886|0,0|0,0|100,0|995|879|116|60,24|16,05|0,51|2,24
2013-09-12 11:42:38,433|4,0|6,1|89,7|995|879|116|60,24|16,05|0,51|2,24
2013-09-12 11:42:43,948|0,0|0,0|100,0|995|879|116|60,24|16,05|5,98|46,03
2013-09-12 11:42:49,535|2,0|0,0|98,0|995|879|116|60,24|16,05|1,48|0,00
2013-09-12 11:42:55,151|0,0|0,0|100,0|995|879|116|60,24|16,05|9,91|129,39
2013-09-12 11:43:00,635|0,0|0,0|100,0|995|879|116|60,24|16,05|0,50|0,00
2013-09-12 11:43:06,178|0,0|1,9|98,0|995|879|116|60,24|16,05|0,87|0,00
2013-09-12 11:43:11,696|3,9|7,8|88,2|995|879|116|60,23|16,05|0,66|3,29
2013-09-12 11:43:17,269|0,0|0,0|100,0|995|881|113|60,24|16,05|5,00|48,62
2013-09-12 11:43:22,847|2,0|0,0|98,0|995|881|113|60,23|16,05|9,28|0,00
2013-09-12 11:43:28,406|0,0|0,0|100,0|995|881|113|60,23|16,05|10,14|129,88
2013-09-12 11:43:33,948|0,0|0,0|100,0|995|881|113|60,23|16,05|0,42|0,00
2013-09-12 11:43:39,555|6,0|6,0|88,0|995|881|113|60,23|16,05|5,30|83,35
2013-09-12 11:43:45,147|0,0|0,0|100,0|995|881|113|60,23|16,05|0,18|0,06
2013-09-12 11:43:50,694|6,1|4,0|89,7|995|881|113|60,23|16,05|0,49|2,24
2013-09-12 11:43:56,244|0,0|0,0|100,0|995|881|113|60,23|16,05|5,05|49,22
2013-09-12 11:44:01,803|2,0|0,0|98,0|995|881|113|60,23|16,05|0,91|0,00
2013-09-12 11:44:07,385|0,0|0,0|100,0|995|881|113|60,23|16,05|10,03|131,12
2013-09-12 11:44:12,940|0,0|0,0|100,0|995|881|113|60,23|16,05|1,56|0,00
2013-09-12 11:44:18,535|2,0|2,0|96,0|995|883|112|60,23|16,05|6,40|126,99
2013-09-12 11:44:24,121|0,0|0,0|100,0|995|881|113|60,23|16,05|0,25|2,24
2013-09-12 11:44:29,674|3,9|7,8|86,2|995|882|112|60,23|16,05|4,11|84,07
2013-09-12 11:44:35,200|0,0|0,0|100,0|995|881|113|60,23|16,05|0,36|0,00
2013-09-12 11:44:40,814|6,0|6,0|88,0|995|881|113|60,23|16,05|0,21|0,00
2013-09-12 11:44:46,326|0,0|0,0|100,0|995|881|113|60,23|16,05|5,07|48,44
2013-09-12 11:44:51,810|2,0|0,0|98,0|995|881|113|60,23|16,05|0,00|0,00
2013-09-12 11:44:57,423|0,0|0,0|100,0|995|881|113|60,23|16,05|8,64|49,39
2013-09-12 11:45:03,047|0,0|0,0|100,0|995|881|113|60,23|16,05|0,51|2,24
2013-09-12 11:45:08,593|0,0|0,0|100,0|995|881|113|60,23|16,05|10,18|132,99
2013-09-12 11:45:14,158|0,0|0,0|100,0|995|881|113|60,23|16,05|1,84|0,00
2013-09-12 11:45:19,764|3,9|1,9|94,1|995|883|112|60,23|16,05|5,43|83,23
2013-09-12 11:45:25,322|0,0|0,0|100,0|995|881|113|60,23|16,05|0,18|0,00
2013-09-12 11:45:30,866|2,0|10,0|88,0|995|882|113|60,23|16,05|5,56|83,35
2013-09-12 11:45:36,422|0,0|0,0|100,0|995|881|113|60,23|16,05|1,63|0,00
2013-09-12 11:45:41,956|6,0|6,0|88,0|995|883|112|60,23|16,05|3,15|81,90
2013-09-12 11:45:47,527|0,0|0,0|100,0|995|882|113|60,23|16,05|0,38|2,24
2013-09-12 11:45:53,115|2,0|8,0|90,0|995|882|113|60,23|16,05|0,20|0,00
2013-09-12 11:45:58,665|0,0|0,0|100,0|995|882|113|60,23|16,05|11,45|48,51
2013-09-12 11:46:04,200|2,0|0,0|98,0|995|882|113|60,23|16,05|0,06|0,00
2013-09-12 11:46:09,811|0,0|1,9|98,0|995|882|113|60,22|16,05|5,07|48,81
2013-09-12 11:46:15,374|0,0|0,0|100,0|995|882|113|60,22|16,05|0,31|2,24
2013-09-12 11:46:20,938|0,0|0,0|100,0|995|882|113|60,22|16,05|10,73|135,39
2013-09-12 11:46:26,455|0,0|0,0|100,0|995|882|113|60,22|16,05|0,25|2,24
2013-09-12 11:46:32,059|0,0|0,0|100,0|995|882|113|60,22|16,05|10,97|132,34
2013-09-12 11:46:37,583|0,0|0,0|100,0|995|882|113|60,22|16,05|0,81|0,00
2013-09-12 11:46:43,145|3,9|1,9|94,1|995|883|112|60,22|16,05|6,22|85,16
2013-09-12 11:46:48,697|0,0|0,0|100,0|995|882|113|60,22|16,05|0,20|0,00
2013-09-12 11:46:54,264|4,0|2,0|94,0|995|882|113|60,22|16,05|5,17|86,51
2013-09-12 11:46:59,821|0,0|0,0|100,0|995|882|113|60,22|16,05|1,98|2,24
2013-09-12 11:47:05,360|4,0|6,1|89,7|995|882|113|60,22|16,05|5,70|83,29
2013-09-12 11:47:10,919|0,0|0,0|100,0|995|882|113|60,22|16,05|5,69|0,00
2013-09-12 11:47:16,448|5,8|5,8|88,2|995|882|113|60,22|16,05|5,53|83,35
2013-09-12 11:47:21,999|0,0|0,0|100,0|995|882|113|60,22|16,05|1,97|0,00
2013-09-12 11:47:27,556|4,1|4,1|91,6|995|883|112|60,22|16,05|3,52|85,14
2013-09-12 11:47:33,123|0,0|0,0|100,0|995|882|113|60,22|16,05|0,21|2,24
2013-09-12 11:47:38,684|9,8|5,8|84,3|995|883|111|60,22|16,05|3,72|2,24
2013-09-12 11:47:44,265|0,0|0,0|100,0|995|882|113|60,22|16,05|2,88|0,06
2013-09-12 11:47:49,854|6,1|4,0|89,7|995|882|113|60,22|16,05|3,30|0,00
2013-09-12 11:47:55,422|0,0|0,0|100,0|995|882|113|60,22|16,05|2,02|3,19
2013-09-12 11:48:00,990|6,1|4,0|89,7|995|882|113|60,22|16,05|0,00|0,00
2013-09-12 11:48:06,550|0,0|0,0|100,0|995|882|113|60,22|16,05|2,37|1,94
2013-09-12 11:48:12,115|6,0|6,0|88,0|995|882|113|60,22|16,05|0,79|2,24
2013-09-12 11:48:17,666|0,0|0,0|100,0|995|882|113|60,22|16,05|1,96|3,09
2013-09-12 11:48:23,234|6,0|6,0|88,0|995|882|113|60,22|16,05|0,08|0,00
2013-09-12 11:48:28,798|0,0|0,0|100,0|995|882|113|60,22|16,05|2,72|2,37
2013-09-12 11:48:34,353|5,8|7,8|86,2|995|882|113|60,22|16,05|0,12|0,00
2013-09-12 11:48:39,911|0,0|0,0|100,0|995|882|113|60,22|16,05|1,67|1,90
2013-09-12 11:48:45,481|4,1|4,1|91,6|995|882|113|60,22|16,05|0,53|3,28
2013-09-12 11:48:51,042|0,0|0,0|100,0|995|882|113|60,22|16,05|1,30|2,24
2013-09-12 11:48:56,612|3,9|7,8|88,2|995|882|113|60,21|16,05|0,65|0,00
2013-09-12 11:49:02,179|0,0|0,0|100,0|995|882|113|60,21|16,05|1,51|0,00
2013-09-12 11:49:07,748|4,0|8,0|88,0|995|882|113|60,21|16,05|0,12|0,00
2013-09-12 11:49:13,303|0,0|2,0|98,0|995|882|113|60,21|16,05|1,46|0,00
2013-09-12 11:49:18,834|6,0|8,0|86,0|995|882|113|60,21|16,05|0,57|2,24
2013-09-12 11:49:24,408|0,0|0,0|100,0|995|882|113|60,21|16,05|0,39|2,24
2013-09-12 11:49:29,939|4,0|6,1|89,7|995|883|112|60,21|16,05|4,65|84,01
2013-09-12 11:49:35,463|0,0|0,0|100,0|995|882|113|60,21|16,05|0,57|0,00
2013-09-12 11:49:41,034|4,1|4,1|91,6|995|883|112|60,21|16,05|3,08|81,83
2013-09-12 11:49:46,583|0,0|0,0|100,0|995|882|113|60,21|16,05|0,12|0,00
2013-09-12 11:49:52,130|4,0|8,1|87,7|995|882|113|60,21|16,05|5,04|83,23
2013-09-12 11:49:57,679|0,0|0,0|100,0|995|882|113|60,21|16,05|0,19|2,24
2013-09-12 11:50:03,227|4,0|4,0|92,0|995|882|113|60,21|16,05|5,77|85,53
2013-09-12 11:50:08,795|0,0|0,0|100,0|995|882|113|60,21|16,05|0,14|0,00
2013-09-12 11:50:14,326|0,0|0,0|100,0|995|882|113|60,21|16,05|12,11|135,18
2013-09-12 11:50:19,843|0,0|0,0|100,0|995|882|113|60,21|16,05|0,59|0,00
2013-09-12 11:50:25,443|0,0|0,0|100,0|995|882|113|60,21|16,05|10,45|135,99
2013-09-12 11:50:30,963|0,0|2,0|98,0|995|882|113|60,21|16,05|0,46|0,06
2013-09-12 11:50:36,543|0,0|0,0|100,0|995|882|112|60,21|16,05|7,89|56,98
2013-09-12 11:50:42,101|1,9|0,0|98,0|995|882|112|60,21|16,05|0,06|0,06
2013-09-12 11:50:47,702|0,0|0,0|100,0|995|882|112|60,21|16,05|5,24|53,10
2013-09-12 11:50:53,366|2,0|0,0|98,0|995|882|113|60,21|16,05|0,26|0,00
2013-09-12 11:50:58,959|0,0|0,0|100,0|995|882|113|60,21|16,05|5,48|52,54
2013-09-12 11:51:04,479|0,0|0,0|100,0|995|882|112|60,21|16,05|0,00|0,00
2013-09-12 11:51:10,079|0,0|0,0|100,0|995|882|112|60,21|16,05|3,90|4,51
2013-09-12 11:51:15,604|6,1|4,0|89,7|995|882|113|60,21|16,05|0,13|2,24
2013-09-12 11:51:21,171|0,0|0,0|100,0|995|882|112|60,21|16,05|0,94|3,94
2013-09-12 11:51:26,748|4,0|6,0|88,0|995|882|112|60,21|16,05|0,67|0,00
2013-09-12 11:51:32,286|0,0|0,0|100,0|995|882|112|60,21|16,05|1,33|0,00
2013-09-12 11:51:37,824|7,8|3,9|88,2|995|883|111|60,21|16,05|3,55|81,83
2013-09-12 11:51:43,391|0,0|0,0|100,0|995|882|112|60,20|16,05|0,87|0,00
2013-09-12 11:51:48,936|4,0|6,0|90,0|995|882|112|60,20|16,05|6,28|86,45
2013-09-12 11:51:54,455|0,0|0,0|100,0|995|882|112|60,20|16,05|0,64|2,24
2013-09-12 11:51:59,963|0,0|0,0|100,0|995|882|112|60,20|16,05|10,13|137,39
2013-09-12 11:52:05,519|2,0|0,0|98,0|995|882|112|60,20|16,05|0,12|0,00
2013-09-12 11:52:11,084|0,0|0,0|100,0|995|882|112|60,20|16,05|6,89|54,99
2013-09-12 11:52:16,629|2,0|0,0|98,0|995|882|112|60,20|16,05|0,12|0,00
2013-09-12 11:52:22,264|0,0|0,0|100,0|995|882|112|60,20|16,05|4,80|53,81
2013-09-12 11:52:27,861|0,0|1,9|98,0|995|882|112|60,20|16,05|0,73|3,28
2013-09-12 11:52:33,459|0,0|0,0|100,0|995|882|112|60,20|16,05|3,72|7,11
2013-09-12 11:52:39,003|6,0|4,0|90,0|995|882|112|60,20|16,05|0,14|0,00
2013-09-12 11:52:44,558|0,0|0,0|100,0|995|882|112|60,20|16,05|1,24|0,00
2013-09-12 11:52:50,092|1,9|9,8|88,2|995|883|111|60,20|16,05|3,36|81,83
2013-09-12 11:52:55,673|0,0|0,0|100,0|995|882|112|60,20|16,05|0,18|0,00
2013-09-12 11:53:01,237|0,0|2,0|97,9|995|883|111|60,20|16,05|8,20|138,46
2013-09-12 11:53:06,808|0,0|0,0|100,0|995|882|112|60,20|16,05|0,71|2,24
2013-09-12 11:53:12,396|0,0|0,0|100,0|995|882|112|60,20|16,05|10,09|140,91
2013-09-12 11:53:17,943|0,0|0,0|100,0|995|882|112|60,20|16,05|0,33|0,00
2013-09-12 11:53:23,525|0,0|0,0|100,0|995|882|112|60,20|16,05|5,24|53,83
2013-09-12 11:53:29,080|6,0|6,0|88,0|995|880|114|60,20|16,05|0,73|0,00
2013-09-12 11:53:34,623|0,0|0,0|100,0|995|880|115|60,20|16,05|0,29|0,00
2013-09-12 11:53:40,180|4,0|8,0|88,0|995|880|114|60,20|16,05|5,29|83,23
2013-09-12 11:53:45,711|9,8|7,8|76,4|995|880|115|60,20|16,05|0,49|0,00
