2013-09-12 10:50:03,378|0,0|0,0|100,0|995|917|78|208,83|9,09|0,12|0,14
2013-09-12 10:50:08,899|1,9|0,0|98,0|995|916|79|208,83|9,09|0,13|2,24
2013-09-12 10:50:14,401|0,0|0,0|100,0|995|916|79|208,83|9,09|0,71|0,00
2013-09-12 10:50:19,907|0,0|0,0|100,0|995|916|79|208,83|9,09|0,23|0,00
2013-09-12 10:50:25,479|0,0|0,0|100,0|995|916|79|208,83|9,09|0,00|0,00
2013-09-12 10:50:31,005|0,0|0,0|100,0|995|916|79|208,83|9,09|0,53|0,00
2013-09-12 10:50:36,523|0,0|0,0|100,0|995|916|79|208,82|9,09|0,21|5,30
2013-09-12 10:50:42,103|0,0|0,0|100,0|995|916|79|208,82|9,09|7,39|2,21
2013-09-12 10:50:47,638|0,0|1,9|98,0|995|916|79|208,82|9,09|3,25|0,00
2013-09-12 10:50:53,227|0,0|0,0|100,0|995|916|79|208,82|9,09|0,00|0,00
2013-09-12 10:50:58,762|0,0|0,0|100,0|995|916|79|208,82|9,09|0,06|0,00
2013-09-12 10:51:04,340|0,0|0,0|100,0|995|916|79|208,82|9,09|0,49|0,00
2013-09-12 10:51:09,876|0,0|0,0|100,0|995|916|79|208,82|9,09|0,12|1,05
2013-09-12 10:51:15,398|0,0|0,0|100,0|995|916|79|208,82|9,09|0,80|1,05
2013-09-12 10:51:20,902|0,0|0,0|100,0|995|916|79|208,81|9,09|0,83|3,58
2013-09-12 10:51:26,479|1,9|0,0|98,0|995|916|79|208,81|9,09|0,14|0,00
2013-09-12 10:51:32,014|0,0|2,0|98,0|995|917|78|208,81|9,09|7,74|52,70
2013-09-12 10:51:37,535|0,0|0,0|100,0|995|916|79|208,81|9,09|4,78|5,99
2013-09-12 10:51:43,147|2,0|6,2|91,6|995|916|79|208,81|9,09|0,12|0,00
2013-09-12 10:51:48,695|8,0|2,0|90,0|995|916|79|208,81|9,09|5,10|52,70
2013-09-12 10:51:54,258|0,0|0,0|100,0|995|916|79|208,81|9,09|9,64|57,57
2013-09-12 10:51:59,833|2,0|0,0|98,0|995|916|79|208,81|9,09|4,54|5,13
2013-09-12 10:52:05,443|4,0|4,0|92,0|995|916|79|208,81|9,09|0,06|0,00
2013-09-12 10:52:10,975|4,0|2,0|93,8|995|916|79|208,80|9,09|5,18|49,40
2013-09-12 10:52:16,517|0,0|0,0|100,0|995|916|79|208,80|9,09|9,78|54,74
2013-09-12 10:52:22,128|0,0|2,0|98,0|995|916|79|208,80|9,09|4,48|7,32
2013-09-12 10:52:27,726|10,0|6,0|84,0|995|916|79|208,80|9,09|0,13|2,24
2013-09-12 10:52:33,271|0,0|0,0|100,0|995|916|79|208,80|9,09|9,65|57,26
2013-09-12 10:52:38,781|0,0|0,0|100,0|995|916|79|208,80|9,09|10,04|5,63
2013-09-12 10:52:44,395|6,1|8,1|85,7|995|916|79|208,80|9,09|0,77|0,00
2013-09-12 10:52:49,955|0,0|0,0|100,0|995|916|79|208,80|9,09|9,72|57,33
2013-09-12 10:52:55,505|3,8|0,0|96,1|995|916|79|208,79|9,09|2,71|4,07
2013-09-12 10:53:01,117|6,0|6,0|88,0|995|917|78|208,79|9,09|3,90|51,36
2013-09-12 10:53:06,656|0,0|0,0|100,0|995|916|79|208,79|9,09|9,60|58,68
2013-09-12 10:53:12,250|2,0|0,0|98,0|995|916|79|208,79|9,09|3,77|5,94
2013-09-12 10:53:17,859|8,0|4,0|88,0|995|916|79|208,79|9,09|5,03|49,47
2013-09-12 10:53:23,401|0,0|0,0|100,0|995|916|79|208,79|9,09|9,42|55,68
2013-09-12 10:53:28,983|0,0|8,1|91,8|995|916|79|208,79|9,09|0,41|0,00
2013-09-12 10:53:34,564|6,0|6,0|88,0|995|916|79|208,79|9,09|5,06|49,47
2013-09-12 10:53:40,121|0,0|0,0|100,0|995|916|79|208,79|9,09|8,31|12,32
2013-09-12 10:53:45,735|2,0|8,0|90,0|995|916|79|208,78|9,09|0,80|0,06
2013-09-12 10:53:51,261|7,8|3,9|88,2|995|916|79|208,78|9,09|7,16|51,58
2013-09-12 10:53:56,881|1,9|0,0|98,0|995|916|79|208,78|9,09|10,90|56,02
2013-09-12 10:54:02,462|1,9|5,8|92,1|995|916|79|208,78|9,09|0,12|0,00
2013-09-12 10:54:08,057|6,1|4,0|89,7|995|916|79|208,78|9,09|5,03|49,47
2013-09-12 10:54:13,619|0,0|2,0|98,0|995|916|78|208,78|9,09|8,55|10,45
2013-09-12 10:54:19,191|2,0|6,2|91,6|995|916|79|208,78|9,09|0,36|2,24
2013-09-12 10:54:24,749|0,0|0,0|100,0|995|916|79|208,78|9,09|9,71|59,64
2013-09-12 10:54:30,284|0,0|1,9|98,0|995|916|78|208,78|9,09|4,79|7,00
2013-09-12 10:54:35,863|8,0|2,0|90,0|995|916|78|208,77|9,09|4,91|49,47
2013-09-12 10:54:41,409|2,0|0,0|98,0|995|916|78|208,77|9,09|8,03|8,68
2013-09-12 10:54:47,019|6,1|4,0|89,7|995|916|78|208,77|9,09|0,21|0,00
2013-09-12 10:54:52,539|0,0|0,0|100,0|995|916|78|208,77|9,09|9,57|57,83
2013-09-12 10:54:58,087|4,0|4,0|91,8|995|916|78|208,77|9,09|0,19|2,24
2013-09-12 10:55:03,680|3,9|5,8|90,1|995|916|78|208,77|9,09|5,10|51,70
2013-09-12 10:55:09,253|0,0|0,0|100,0|995|916|78|208,77|9,09|4,88|7,58
2013-09-12 10:55:14,783|6,0|6,0|88,0|995|916|78|208,77|9,09|5,72|49,47
2013-09-12 10:55:20,298|0,0|0,0|100,0|995|916|78|208,76|9,09|5,33|8,72
2013-09-12 10:55:25,928|4,0|6,1|89,7|995|916|78|208,76|9,09|0,54|0,00
2013-09-12 10:55:31,486|0,0|0,0|100,0|995|916|78|208,76|9,09|10,54|58,86
2013-09-12 10:55:37,002|2,0|6,0|92,0|995|916|78|208,76|9,09|0,33|2,24
2013-09-12 10:55:42,536|2,0|0,0|96,0|995|916|78|208,76|9,09|4,98|49,40
2013-09-12 10:55:48,099|1,9|0,0|98,0|995|916|78|208,76|9,09|4,63|8,08
2013-09-12 10:55:53,655|4,0|4,0|90,0|995|916|78|208,76|9,09|0,27|0,00
2013-09-12 10:55:59,218|0,0|0,0|100,0|995|917|77|208,76|9,09|8,09|57,32
2013-09-12 10:56:04,750|2,0|2,0|96,0|995|916|78|208,76|9,09|4,63|9,30
2013-09-12 10:56:10,289|7,8|3,9|88,2|995|917|78|208,75|9,09|5,04|49,47
2013-09-12 10:56:15,844|0,0|0,0|100,0|995|917|78|208,75|9,09|6,91|10,45
2013-09-12 10:56:21,457|6,1|6,1|87,7|995|916|78|208,75|9,09|0,08|0,00
2013-09-12 10:56:27,013|0,0|0,0|100,0|995|916|78|208,75|9,09|8,28|11,24
2013-09-12 10:56:32,578|4,0|6,0|90,0|995|916|78|208,75|9,09|0,00|0,00
2013-09-12 10:56:38,138|0,0|0,0|100,0|995|917|78|208,75|9,09|9,94|59,90
2013-09-12 10:56:43,720|8,0|4,0|88,0|995|917|78|208,75|9,09|0,00|0,00
2013-09-12 10:56:49,259|0,0|0,0|100,0|995|917|78|208,75|9,09|9,58|61,56
2013-09-12 10:56:54,823|1,9|7,8|90,1|995|917|78|208,75|9,09|0,19|2,24
2013-09-12 10:57:00,431|2,0|0,0|98,0|995|918|77|208,74|9,09|12,76|58,18
2013-09-12 10:57:06,010|0,0|0,0|100,0|995|917|78|208,74|9,09|1,75|0,30
2013-09-12 10:57:11,639|6,0|4,0|90,0|995|917|78|208,74|9,09|5,05|49,47
2013-09-12 10:57:17,163|2,0|0,0|98,0|995|917|78|208,74|9,09|3,34|3,27
2013-09-12 10:57:22,761|4,0|6,0|88,0|995|917|78|208,74|9,09|4,85|49,47
2013-09-12 10:57:28,287|2,0|0,0|98,0|995|917|78|208,74|9,09|2,19|4,68
2013-09-12 10:57:33,892|4,0|6,0|90,0|995|917|78|208,74|9,09|5,09|49,53
2013-09-12 10:57:39,414|1,9|0,0|98,0|995|917|78|208,74|9,09|2,01|1,46
2013-09-12 10:57:45,013|4,0|8,0|88,0|995|917|78|208,73|9,09|5,57|49,47
2013-09-12 10:57:50,540|0,0|0,0|100,0|995|917|78|208,73|9,09|0,18|0,00
2013-09-12 10:57:56,155|0,0|0,0|100,0|995|918|77|208,73|9,09|7,65|57,75
2013-09-12 10:58:01,679|0,0|0,0|100,0|995|917|78|208,73|9,09|2,59|3,54
2013-09-12 10:58:07,302|8,0|4,0|88,0|995|917|78|208,73|9,09|5,11|51,70
2013-09-12 10:58:12,875|1,9|0,0|98,0|995|917|78|208,73|9,09|4,55|13,11
2013-09-12 10:58:18,429|4,1|2,0|93,7|995|917|78|208,73|9,09|5,64|49,47
2013-09-12 10:58:23,999|2,0|0,0|98,0|995|917|78|208,73|9,09|1,89|1,46
2013-09-12 10:58:29,630|8,0|4,0|88,0|995|917|78|208,73|9,09|5,15|49,47
2013-09-12 10:58:35,161|0,0|0,0|100,0|995|917|78|208,72|9,09|9,87|10,24
2013-09-12 10:58:40,669|4,0|4,0|91,8|995|917|78|208,72|9,09|5,45|52,70
2013-09-12 10:58:46,255|0,0|0,0|100,0|995|917|78|208,72|9,09|4,75|12,14
2013-09-12 10:58:51,893|6,0|6,0|88,0|995|918|77|208,72|9,09|3,35|50,25
2013-09-12 10:58:57,421|0,0|0,0|100,0|995|917|78|208,72|9,09|4,54|10,53
2013-09-12 10:59:03,038|6,2|2,0|91,6|995|918|77|208,72|9,09|3,22|48,01
2013-09-12 10:59:08,625|0,0|0,0|100,0|995|917|78|208,72|9,09|4,72|12,56
2013-09-12 10:59:14,267|7,6|5,7|86,5|995|917|78|208,72|9,09|5,69|49,47
2013-09-12 10:59:19,787|0,0|0,0|100,0|995|917|78|208,71|9,09|4,26|4,42
2013-09-12 10:59:25,327|2,0|0,0|98,0|995|918|77|208,71|9,09|7,81|61,14
2013-09-12 10:59:30,897|4,0|4,0|92,0|995|917|78|208,71|9,09|0,56|0,00
2013-09-12 10:59:36,474|0,0|0,0|100,0|995|917|78|208,71|9,09|10,22|60,45
2013-09-12 10:59:42,013|3,9|7,8|88,2|995|917|78|208,71|9,09|0,68|0,00
2013-09-12 10:59:47,532|0,0|0,0|100,0|995|917|78|208,71|9,09|6,43|14,44
2013-09-12 10:59:53,088|6,0|4,0|90,0|995|918|76|208,71|9,09|1,66|46,82
2013-09-12 10:59:58,658|0,0|0,0|100,0|995|917|78|208,71|9,09|4,61|14,55
2013-09-12 11:00:04,191|4,0|6,1|89,7|995|917|78|208,71|9,09|5,04|51,70
2013-09-12 11:00:09,755|2,0|0,0|98,0|995|917|78|208,70|9,09|1,61|0,30
2013-09-12 11:00:15,390|0,0|0,0|100,0|995|918|77|208,70|9,09|8,35|60,71
2013-09-12 11:00:20,919|2,0|8,1|89,7|995|917|77|208,70|9,09|0,64|0,00
2013-09-12 11:00:26,420|0,0|0,0|100,0|995|917|78|208,70|9,09|9,48|62,14
2013-09-12 11:00:32,004|7,8|7,8|84,3|995|917|77|208,70|9,09|0,21|2,24
2013-09-12 11:00:37,540|0,0|0,0|100,0|995|917|77|208,70|9,09|4,60|13,80
2013-09-12 11:00:43,165|6,1|4,0|89,7|995|917|77|208,70|9,09|5,04|51,70
2013-09-12 11:00:48,679|0,0|0,0|100,0|995|917|77|208,70|9,09|0,29|0,00
2013-09-12 11:00:54,291|0,0|0,0|100,0|995|917|78|208,70|9,09|10,79|63,18
2013-09-12 11:00:59,841|4,0|8,0|88,0|995|917|77|208,69|9,09|4,80|0,00
2013-09-12 11:01:05,391|0,0|0,0|100,0|995|917|77|208,69|9,09|4,54|13,18
2013-09-12 11:01:11,025|4,0|6,1|89,7|995|917|77|208,69|9,09|5,22|52,70
2013-09-12 11:01:16,547|0,0|0,0|100,0|995|917|77|208,69|9,09|0,50|0,06
2013-09-12 11:01:22,162|0,0|0,0|100,0|995|917|77|208,69|9,09|9,87|64,13
2013-09-12 11:01:27,671|4,0|6,1|89,7|995|917|77|208,69|9,09|0,00|0,00
2013-09-12 11:01:33,180|0,0|0,0|100,0|995|917|77|208,69|9,09|4,65|13,54
2013-09-12 11:01:38,790|2,0|6,2|91,6|995|917|77|208,69|9,09|5,37|49,47
2013-09-12 11:01:44,311|2,0|0,0|98,0|995|917|77|208,68|9,09|0,58|0,00
2013-09-12 11:01:49,914|0,0|0,0|100,0|995|917|77|208,68|9,09|9,77|65,42
2013-09-12 11:01:55,470|5,8|5,8|88,2|995|917|77|208,68|9,09|0,97|0,06
2013-09-12 11:02:01,018|0,0|0,0|100,0|995|917|77|208,68|9,09|5,17|12,92
2013-09-12 11:02:06,647|5,8|5,8|88,2|995|917|77|208,68|9,09|5,06|49,40
2013-09-12 11:02:12,174|1,9|0,0|98,0|995|917|77|208,68|9,09|1,53|0,00
2013-09-12 11:02:17,794|0,0|0,0|100,0|995|917|77|208,68|9,09|9,51|64,40
2013-09-12 11:02:23,364|6,0|6,0|88,0|995|917|77|208,68|9,09|0,00|0,00
2013-09-12 11:02:28,911|0,0|0,0|100,0|995|917|77|208,68|9,09|4,78|14,94
2013-09-12 11:02:34,533|2,0|8,1|89,7|995|917|77|208,67|9,09|5,46|49,47
2013-09-12 11:02:40,055|0,0|0,0|100,0|995|917|77|208,67|9,09|0,29|0,00
2013-09-12 11:02:45,668|0,0|0,0|100,0|995|918|77|208,67|9,09|10,01|63,95
2013-09-12 11:02:51,233|6,1|4,0|89,7|995|918|77|208,67|9,09|0,26|0,00
2013-09-12 11:02:56,783|2,0|0,0|98,0|995|918|77|208,67|9,09|6,53|14,93
2013-09-12 11:03:02,348|4,0|6,1|89,7|995|918|77|208,67|9,09|6,97|50,45
2013-09-12 11:03:07,902|2,0|0,0|98,0|995|918|77|208,67|9,09|4,17|3,58
2013-09-12 11:03:13,478|0,0|0,0|100,0|995|918|77|208,67|9,09|9,65|65,50
2013-09-12 11:03:19,023|6,1|4,0|89,7|995|918|77|208,67|9,09|0,30|0,00
2013-09-12 11:03:24,579|2,0|0,0|98,0|995|918|77|208,66|9,09|0,15|0,00
2013-09-12 11:03:30,153|0,0|0,0|100,0|995|918|77|208,66|9,09|4,66|15,07
2013-09-12 11:03:35,703|0,0|0,0|100,0|995|918|77|208,66|9,09|9,65|64,48
2013-09-12 11:03:41,262|3,9|7,8|88,2|995|918|77|208,66|9,09|8,86|51,52
2013-09-12 11:03:46,769|2,0|10,0|80,0|995|918|77|208,66|9,09|7,82|2,24
2013-09-12 11:03:52,308|4,0|6,0|90,0|995|918|77|208,66|9,09|0,18|0,00
2013-09-12 11:03:57,850|0,0|0,0|100,0|995|918|77|208,66|9,09|2,40|0,06
2013-09-12 11:04:03,469|0,0|0,0|100,0|995|918|77|208,66|9,09|9,45|65,68
2013-09-12 11:04:09,025|8,0|4,0|88,0|995|919|76|208,65|9,09|3,40|49,16
2013-09-12 11:04:14,556|50,0|0,0|0,0|995|924|71|208,66|9,09|0,40|0,00
2013-09-12 11:04:20,220|42,8|0,0|0,0|995|924|71|208,67|9,09|2,02|4,63
2013-09-12 11:04:26,143|36,7|2,0|0,0|995|923|72|208,85|9,09|11,60|67,31
2013-09-12 11:04:32,342|26,0|10,0|0,0|995|916|79|208,97|9,09|3,40|50,07
2013-09-12 11:04:38,233|64,0|6,0|0,0|995|916|78|209,17|9,09|0,18|0,00
2013-09-12 11:04:44,604|66,0|12,0|0,0|995|917|77|209,34|9,09|10,92|65,76
2013-09-12 11:04:50,380|40,8|2,0|0,0|995|915|80|209,36|9,09|11,76|67,80
2013-09-12 11:04:56,047|92,0|6,0|0,0|995|915|79|209,50|9,09|5,17|51,58
2013-09-12 11:05:02,396|94,0|6,0|0,0|995|916|79|209,66|9,09|0,18|0,06
2013-09-12 11:05:08,235|44,0|16,0|0,0|995|933|61|209,77|9,09|5,49|16,50
2013-09-12 11:05:14,433|68,6|3,9|0,0|995|922|72|209,95|9,09|9,85|67,03
2013-09-12 11:05:20,390|7,8|7,8|84,3|995|916|79|210,02|9,09|0,13|2,24
2013-09-12 11:05:26,000|0,0|0,0|100,0|995|914|81|210,02|9,09|0,35|0,06
2013-09-12 11:05:31,586|0,0|0,0|100,0|995|914|81|210,02|9,09|20,34|65,12
2013-09-12 11:05:37,157|6,0|4,0|90,0|995|914|81|210,02|9,09|5,67|49,47
2013-09-12 11:05:42,684|2,0|8,1|89,7|995|914|81|210,02|9,09|0,42|0,00
2013-09-12 11:05:48,265|0,0|0,0|100,0|995|914|80|210,02|9,09|4,60|15,87
2013-09-12 11:05:53,874|0,0|2,0|98,0|995|914|80|210,02|9,09|9,68|68,48
2013-09-12 11:05:59,418|4,0|6,0|90,0|995|915|80|210,01|9,09|1,51|46,88
2013-09-12 11:06:05,003|2,0|0,0|98,0|995|914|80|210,01|9,09|0,19|2,24
2013-09-12 11:06:10,608|0,0|0,0|100,0|995|914|80|210,01|9,09|13,09|65,63
2013-09-12 11:06:16,199|5,7|7,6|86,5|995|914|80|210,01|9,09|6,33|49,40
2013-09-12 11:06:21,771|6,0|6,0|88,0|995|914|81|210,01|9,09|0,44|0,00
2013-09-12 11:06:27,300|0,0|0,0|100,0|995|914|81|210,01|9,09|4,60|17,37
2013-09-12 11:06:32,885|0,0|0,0|100,0|995|914|80|210,01|9,09|9,46|66,92
2013-09-12 11:06:38,416|6,0|6,0|88,0|995|915|79|210,01|9,09|5,65|51,40
2013-09-12 11:06:43,947|1,9|1,9|96,0|995|914|80|210,01|9,09|6,57|2,24
2013-09-12 11:06:49,543|0,0|0,0|100,0|995|914|80|210,00|9,09|6,48|16,71
2013-09-12 11:06:55,175|0,0|2,0|98,0|995|915|79|210,00|9,10|7,77|64,76
2013-09-12 11:07:00,731|2,0|10,0|88,0|995|914|80|210,00|9,10|0,46|0,00
2013-09-12 11:07:06,283|0,0|0,0|100,0|995|914|80|210,00|9,10|0,23|0,00
2013-09-12 11:07:11,872|0,0|0,0|100,0|995|914|80|210,00|9,10|5,05|18,64
2013-09-12 11:07:17,479|0,0|0,0|100,0|995|915|80|210,00|9,10|7,77|68,03
2013-09-12 11:07:23,043|8,1|0,0|91,8|995|915|79|210,00|9,10|3,21|50,25
2013-09-12 11:07:28,562|4,0|4,0|91,8|995|914|80|210,00|9,10|0,58|0,00
2013-09-12 11:07:34,108|0,0|0,0|100,0|995|914|80|210,00|9,10|4,60|17,24
2013-09-12 11:07:39,690|0,0|0,0|100,0|995|914|80|209,99|9,10|9,57|66,79
2013-09-12 11:07:45,265|4,0|6,1|89,7|995|914|80|209,99|9,10|5,63|49,47
2013-09-12 11:07:50,807|2,0|8,1|89,7|995|914|80|209,99|9,10|0,65|2,24
2013-09-12 11:07:56,346|0,0|0,0|100,0|995|914|80|209,99|9,10|0,06|0,06
2013-09-12 11:08:01,962|1,9|0,0|98,0|995|914|80|209,99|9,10|5,81|17,55
2013-09-12 11:08:07,584|0,0|0,0|100,0|995|914|80|209,99|9,10|9,67|68,08
2013-09-12 11:08:13,139|4,0|8,0|88,0|995|914|80|209,99|9,10|10,12|49,46
2013-09-12 11:08:18,684|4,0|6,1|89,7|995|914|80|209,99|9,10|0,23|0,00
2013-09-12 11:08:24,201|0,0|2,0|98,0|995|914|80|209,98|9,10|0,00|0,00
2013-09-12 11:08:29,781|0,0|0,0|100,0|995|914|80|209,98|9,10|7,96|21,44
2013-09-12 11:08:35,341|0,0|0,0|100,0|995|914|80|209,98|9,10|14,62|69,75
2013-09-12 11:08:40,901|6,1|4,0|89,7|995|914|80|209,98|9,10|7,31|49,53
2013-09-12 11:08:46,430|6,0|4,0|90,0|995|914|80|209,98|9,10|4,56|0,00
2013-09-12 11:08:51,955|1,9|1,9|96,0|995|914|80|209,98|9,10|0,58|0,00
2013-09-12 11:08:57,537|0,0|0,0|100,0|995|914|80|209,98|9,10|4,78|20,04
2013-09-12 11:09:03,109|0,0|0,0|100,0|995|915|80|209,98|9,10|9,53|69,65
2013-09-12 11:09:08,659|4,0|6,0|88,0|995|915|80|209,98|9,10|3,78|51,27
2013-09-12 11:09:14,192|2,0|8,1|89,7|995|915|80|209,97|9,10|0,36|0,00
2013-09-12 11:09:19,695|0,0|0,0|100,0|995|915|80|209,97|9,10|0,29|0,00
2013-09-12 11:09:25,235|0,0|0,0|100,0|995|915|80|209,97|9,10|5,26|19,63
2013-09-12 11:09:30,827|0,0|0,0|100,0|995|915|80|209,97|9,10|5,20|20,60
2013-09-12 11:09:36,432|0,0|0,0|100,0|995|915|80|209,97|9,10|6,30|20,14
2013-09-12 11:09:42,009|0,0|0,0|100,0|995|915|80|209,97|9,10|4,75|20,68
2013-09-12 11:09:47,564|0,0|0,0|100,0|995|915|80|209,97|9,10|4,61|20,95
2013-09-12 11:09:53,113|0,0|0,0|100,0|995|915|80|209,97|9,10|0,18|0,00
2013-09-12 11:09:58,708|1,9|0,0|98,0|995|915|80|209,96|9,10|0,46|0,00
2013-09-12 11:10:04,320|0,0|0,0|100,0|995|915|80|209,96|9,10|5,62|20,07
2013-09-12 11:10:09,899|0,0|0,0|100,0|995|915|80|209,96|9,10|4,55|20,21
2013-09-12 11:10:15,479|2,0|0,0|98,0|995|915|80|209,96|9,10|2,55|2,46
2013-09-12 11:10:21,067|0,0|0,0|100,0|995|915|80|209,96|9,10|0,19|2,24
2013-09-12 11:10:26,683|0,0|0,0|100,0|995|915|80|209,96|9,10|0,38|3,30
2013-09-12 11:10:32,253|1,9|0,0|98,0|995|915|80|209,96|9,10|0,68|0,00
2013-09-12 11:10:37,834|4,0|4,0|92,0|995|915|80|209,96|9,10|0,23|0,00
2013-09-12 11:10:43,337|2,0|8,0|90,0|995|915|80|209,96|9,10|4,90|49,34
2013-09-12 11:10:48,924|4,0|6,0|90,0|995|915|80|209,95|9,10|0,06|0,00
2013-09-12 11:10:54,447|0,0|0,0|100,0|995|915|80|209,95|9,10|0,06|0,00
2013-09-12 11:11:00,019|0,0|0,0|100,0|995|915|80|209,95|9,10|3,77|5,87
2013-09-12 11:11:05,600|0,0|0,0|100,0|995|915|80|209,95|9,10|4,91|22,36
2013-09-12 11:11:11,192|0,0|0,0|100,0|995|915|80|209,95|9,10|10,36|70,65
2013-09-12 11:11:16,771|4,0|8,0|88,0|995|915|80|209,95|9,10|6,09|49,47
2013-09-12 11:11:22,302|6,0|4,0|90,0|995|916|79|209,95|9,10|3,13|47,88
2013-09-12 11:11:27,862|4,0|8,0|88,0|995|915|80|209,95|9,10|0,59|0,00
2013-09-12 11:11:33,417|2,0|0,0|98,0|995|915|80|209,94|9,10|0,13|2,24
2013-09-12 11:11:39,006|0,0|0,0|100,0|995|915|80|209,94|9,10|0,36|2,24
2013-09-12 11:11:44,596|0,0|0,0|100,0|995|915|80|209,94|9,10|5,23|22,85
2013-09-12 11:11:50,205|0,0|0,0|100,0|995|915|80|209,94|9,10|10,12|71,15
2013-09-12 11:11:55,779|2,0|0,0|96,0|995|916|79|209,94|9,10|6,64|67,58
2013-09-12 11:12:01,315|8,0|2,0|90,0|995|915|80|209,94|9,10|5,46|49,47
2013-09-12 11:12:06,831|4,0|8,1|87,7|995|915|80|209,94|9,10|0,08|0,00
2013-09-12 11:12:12,335|6,0|6,0|88,0|995|915|80|209,94|9,10|6,39|2,24
2013-09-12 11:12:17,931|0,0|0,0|98,0|995|915|80|209,94|9,10|0,25|2,24
2013-09-12 11:12:23,502|0,0|0,0|100,0|995|915|80|209,93|9,10|4,53|0,34
2013-09-12 11:12:29,112|0,0|0,0|100,0|995|915|80|209,93|9,10|4,84|21,26
2013-09-12 11:12:34,685|0,0|0,0|100,0|995|915|80|209,93|9,10|10,53|71,79
2013-09-12 11:12:40,255|0,0|0,0|100,0|995|915|80|209,93|9,10|9,64|71,87
2013-09-12 11:12:45,803|5,8|5,8|88,2|995|915|80|209,93|9,10|6,36|49,47
2013-09-12 11:12:51,313|4,0|6,1|89,7|995|916|79|209,93|9,10|3,57|51,40
2013-09-12 11:12:56,873|4,0|6,0|90,0|995|915|80|209,93|9,10|0,21|2,24
2013-09-12 11:13:02,427|2,0|6,0|92,0|995|915|80|209,93|9,10|0,51|0,00
2013-09-12 11:13:07,951|0,0|2,0|98,0|995|915|80|209,93|9,10|0,27|0,00
2013-09-12 11:13:13,517|2,0|0,0|98,0|995|915|79|209,92|9,10|0,36|1,06
2013-09-12 11:13:19,162|0,0|0,0|100,0|995|915|80|209,92|9,10|4,79|22,90
2013-09-12 11:13:24,732|0,0|0,0|100,0|995|915|80|209,92|9,10|6,68|24,92
2013-09-12 11:13:30,329|0,0|0,0|100,0|995|915|80|209,92|9,10|9,83|74,76
2013-09-12 11:13:35,895|0,0|0,0|100,0|995|915|80|209,92|9,10|9,65|73,84
2013-09-12 11:13:41,427|3,9|3,9|92,1|995|915|79|209,92|9,10|5,17|49,47
2013-09-12 11:13:46,997|6,0|4,0|88,0|995|915|79|209,92|9,10|5,56|49,47
2013-09-12 11:13:52,570|6,1|6,1|87,7|995|917|78|209,92|9,10|0,09|0,00
2013-09-12 11:13:58,142|4,0|6,1|89,7|995|915|79|209,91|9,10|0,39|0,00
2013-09-12 11:14:03,678|3,9|5,8|90,1|995|915|79|209,91|9,10|2,81|3,35
2013-09-12 11:14:09,218|2,0|0,0|98,0|995|915|79|209,91|9,10|0,42|0,06
2013-09-12 11:14:14,803|0,0|0,0|100,0|995|915|79|209,91|9,10|0,55|2,24
2013-09-12 11:14:20,323|0,0|0,0|100,0|995|915|79|209,91|9,10|1,90|0,30
2013-09-12 11:14:25,932|0,0|0,0|100,0|995|915|79|209,91|9,10|4,67|23,76
2013-09-12 11:14:31,513|0,0|0,0|100,0|995|915|79|209,91|9,10|5,27|23,85
2013-09-12 11:14:37,071|0,0|2,0|98,0|995|915|79|209,91|9,10|6,45|26,28
2013-09-12 11:14:42,681|0,0|0,0|100,0|995|915|79|209,91|9,10|9,71|74,12
2013-09-12 11:14:48,270|0,0|0,0|100,0|995|915|79|209,90|9,10|9,71|75,59
2013-09-12 11:14:53,799|2,0|0,0|98,0|995|915|79|209,90|9,10|9,65|73,62
2013-09-12 11:14:59,360|0,0|0,0|100,0|995|916|78|209,90|9,10|6,17|70,03
2013-09-12 11:15:04,937|4,1|4,1|91,6|995|915|79|209,90|9,10|6,18|49,47
2013-09-12 11:15:10,508|3,9|7,8|88,2|995|915|79|209,90|9,10|5,03|49,47
2013-09-12 11:15:16,058|8,0|4,0|88,0|995|917|78|209,90|9,10|3,89|48,01
2013-09-12 11:15:21,609|4,0|6,1|89,7|995|915|79|209,90|9,10|0,51|2,24
2013-09-12 11:15:27,166|4,0|6,0|90,0|995|915|79|209,90|9,10|0,66|0,06
2013-09-12 11:15:32,702|4,0|6,1|89,7|995|916|79|209,89|9,10|1,01|0,00
2013-09-12 11:15:38,215|3,9|7,8|88,2|995|916|79|209,89|9,10|1,17|0,00
2013-09-12 11:15:43,723|0,0|0,0|100,0|995|916|79|209,89|9,10|0,06|0,00
2013-09-12 11:15:49,322|0,0|0,0|100,0|995|916|79|209,89|9,10|0,23|0,00
2013-09-12 11:15:54,896|0,0|0,0|100,0|995|916|79|209,89|9,10|0,29|2,24
2013-09-12 11:16:00,448|0,0|0,0|100,0|995|916|79|209,89|9,10|0,06|0,06
2013-09-12 11:16:05,972|2,0|0,0|98,0|995|916|79|209,89|9,10|0,00|2,24
2013-09-12 11:16:11,586|0,0|0,0|100,0|995|916|79|209,89|9,10|0,08|0,00
2013-09-12 11:16:17,199|0,0|0,0|100,0|995|916|79|209,89|9,10|2,78|0,30
2013-09-12 11:16:22,816|0,0|0,0|100,0|995|916|79|209,88|9,10|2,32|2,45
2013-09-12 11:16:28,363|0,0|0,0|100,0|995|916|79|209,88|9,10|1,95|3,53
2013-09-12 11:16:33,966|0,0|0,0|100,0|995|916|79|209,88|9,10|12,42|25,98
2013-09-12 11:16:39,547|0,0|0,0|100,0|995|916|79|209,88|9,10|4,99|27,66
2013-09-12 11:16:45,080|0,0|0,0|100,0|995|916|79|209,88|9,10|4,73|26,82
2013-09-12 11:16:50,668|0,0|0,0|100,0|995|916|79|209,88|9,10|4,67|24,66
2013-09-12 11:16:56,218|0,0|0,0|100,0|995|916|79|209,88|9,10|4,91|25,71
2013-09-12 11:17:01,803|0,0|0,0|100,0|995|916|79|209,88|9,10|5,22|25,78
2013-09-12 11:17:07,340|0,0|0,0|100,0|995|916|79|209,88|9,10|6,39|26,18
2013-09-12 11:17:12,945|0,0|0,0|100,0|995|916|79|209,87|9,10|6,94|29,49
2013-09-12 11:17:18,501|0,0|0,0|100,0|995|916|79|209,87|9,10|9,82|77,66
2013-09-12 11:17:24,073|0,0|0,0|96,0|995|916|79|209,87|9,10|8,36|27,69
2013-09-12 11:17:29,627|0,0|0,0|100,0|995|916|79|209,87|9,10|7,38|28,43
2013-09-12 11:17:35,211|0,0|0,0|100,0|995|916|79|209,87|9,10|7,59|26,69
2013-09-12 11:17:40,817|0,0|0,0|98,0|995|916|79|209,87|9,10|9,08|28,85
2013-09-12 11:17:46,430|0,0|2,0|98,0|995|916|79|209,87|9,10|8,79|26,67
2013-09-12 11:17:51,986|0,0|0,0|96,0|995|916|79|209,87|9,10|5,04|28,55
2013-09-12 11:17:57,595|0,0|0,0|100,0|995|916|79|209,86|9,10|7,11|30,16
2013-09-12 11:18:03,245|0,0|0,0|100,0|995|916|79|209,86|9,10|6,41|29,10
2013-09-12 11:18:08,836|0,0|0,0|100,0|995|916|79|209,86|9,10|7,08|28,11
2013-09-12 11:18:14,446|0,0|0,0|100,0|995|916|79|209,86|9,10|5,41|26,74
2013-09-12 11:18:19,993|0,0|0,0|95,9|995|916|79|209,86|9,10|4,79|27,41
2013-09-12 11:18:25,603|0,0|2,0|98,0|995|916|79|209,86|9,10|6,45|27,99
2013-09-12 11:18:31,214|0,0|0,0|100,0|995|916|79|209,86|9,10|5,01|25,97
2013-09-12 11:18:36,831|0,0|0,0|98,0|995|916|79|209,86|9,10|6,48|26,34
2013-09-12 11:18:42,422|0,0|0,0|100,0|995|916|79|209,86|9,10|4,82|26,11
2013-09-12 11:18:47,997|2,0|0,0|98,0|995|916|79|209,85|9,10|4,91|26,24
2013-09-12 11:18:53,609|18,0|82,0|0,0|995|916|79|209,85|9,10|9,69|75,65
2013-09-12 11:18:59,397|14,0|86,0|0,0|995|916|79|209,85|9,10|4,91|49,47
2013-09-12 11:19:05,201|20,0|80,0|0,0|995|917|78|209,85|9,10|5,77|49,30
2013-09-12 11:19:10,900|4,0|4,0|91,8|995|916|79|209,85|9,10|4,92|49,47
2013-09-12 11:19:16,429|4,0|6,0|90,0|995|916|79|209,85|9,10|6,28|49,53
2013-09-12 11:19:21,980|2,0|8,0|88,0|995|916|79|209,85|9,10|5,65|49,40
2013-09-12 11:19:27,544|5,7|1,9|92,3|995|918|77|209,85|9,10|4,97|49,47
2013-09-12 11:19:33,137|2,0|0,0|93,8|995|917|77|209,84|9,10|8,47|74,78
2013-09-12 11:19:38,685|0,0|1,9|98,0|995|916|79|209,84|9,10|10,25|77,89
2013-09-12 11:19:44,231|0,0|0,0|100,0|995|916|78|209,84|9,10|9,62|77,36
2013-09-12 11:19:49,803|0,0|0,0|92,0|995|916|78|209,84|9,10|10,01|79,61
2013-09-12 11:19:55,377|0,0|0,0|100,0|995|916|78|209,84|9,10|10,47|33,04
2013-09-12 11:20:00,964|0,0|0,0|96,0|995|916|78|209,84|9,10|5,31|27,13
2013-09-12 11:20:06,569|0,0|0,0|100,0|995|916|78|209,84|9,10|4,69|27,20
2013-09-12 11:20:12,111|0,0|0,0|95,9|995|916|78|209,84|9,10|4,69|28,27
2013-09-12 11:20:17,725|0,0|1,9|98,0|995|916|78|209,84|9,10|5,92|28,26
2013-09-12 11:20:23,274|0,0|0,0|100,0|995|916|78|209,83|9,10|3,95|3,83
2013-09-12 11:20:28,840|0,0|0,0|96,0|995|916|78|209,83|9,10|0,63|2,24
2013-09-12 11:20:34,443|0,0|0,0|100,0|995|916|78|209,83|9,10|0,98|2,24
2013-09-12 11:20:40,077|0,0|0,0|100,0|995|916|78|209,83|9,10|0,35|0,00
2013-09-12 11:20:45,694|0,0|0,0|95,9|995|916|78|209,83|9,10|0,45|0,00
2013-09-12 11:20:51,320|0,0|0,0|100,0|995|916|78|209,83|9,10|0,17|0,00
2013-09-12 11:20:56,915|2,0|0,0|95,9|995|916|78|209,83|9,10|0,46|0,00
2013-09-12 11:21:02,463|2,0|0,0|98,0|995|916|78|209,83|9,10|1,23|0,00
2013-09-12 11:21:08,035|0,0|0,0|100,0|995|916|78|209,82|9,10|0,68|2,24
2013-09-12 11:21:13,604|6,1|2,0|91,8|995|916|78|209,82|9,10|0,63|0,06
2013-09-12 11:21:19,147|3,9|7,8|88,2|995|916|78|209,82|9,10|0,29|0,00
2013-09-12 11:21:24,711|6,0|6,0|88,0|995|918|77|209,82|9,10|4,01|48,01
2013-09-12 11:21:30,230|8,0|2,0|90,0|995|917|78|209,82|9,10|6,05|49,40
2013-09-12 11:21:35,756|2,0|0,0|97,9|995|918|77|209,82|9,10|6,73|75,18
2013-09-12 11:21:41,335|0,0|0,0|100,0|995|917|78|209,82|9,10|10,47|79,85
2013-09-12 11:21:46,812|0,0|0,0|100,0|995|917|78|209,82|9,10|8,97|33,18
2013-09-12 11:21:52,337|0,0|0,0|100,0|995|917|78|209,82|9,10|12,84|28,58
2013-09-12 11:21:57,959|0,0|0,0|100,0|995|916|78|209,81|9,10|5,15|28,49
2013-09-12 11:22:03,518|0,0|0,0|100,0|995|917|78|209,81|9,10|1,36|0,00
2013-09-12 11:22:09,133|0,0|0,0|100,0|995|917|78|209,81|9,10|1,08|0,00
2013-09-12 11:22:14,762|2,0|0,0|98,0|995|917|78|209,81|9,10|0,06|0,00
2013-09-12 11:22:20,344|0,0|0,0|100,0|995|917|78|209,81|9,10|0,25|2,24
2013-09-12 11:22:25,857|0,0|0,0|100,0|995|917|78|209,81|9,10|0,36|2,24
2013-09-12 11:22:31,489|4,0|4,0|91,8|995|917|78|209,81|9,10|0,52|0,00
2013-09-12 11:22:37,063|4,0|8,0|88,0|995|917|78|209,81|9,10|3,36|0,00
2013-09-12 11:22:42,619|4,0|8,0|88,0|995|918|77|209,80|9,10|3,49|48,01
2013-09-12 11:22:48,182|2,0|8,0|90,0|995|917|78|209,80|9,10|5,57|49,47
2013-09-12 11:22:53,714|1,9|1,9|96,0|995|918|77|209,80|9,10|8,09|77,31
2013-09-12 11:22:59,314|0,0|0,0|100,0|995|917|78|209,80|9,10|10,90|80,55
2013-09-12 11:23:04,869|0,0|0,0|100,0|995|917|78|209,80|9,10|7,75|31,43
2013-09-12 11:23:10,468|0,0|0,0|100,0|995|917|78|209,80|9,10|4,85|29,59
2013-09-12 11:23:15,980|0,0|0,0|100,0|995|917|78|209,80|9,10|8,82|0,06
2013-09-12 11:23:21,586|0,0|0,0|100,0|995|917|78|209,80|9,10|0,70|0,00
2013-09-12 11:23:27,104|0,0|0,0|100,0|995|917|78|209,80|9,10|0,38|0,00
2013-09-12 11:23:32,673|4,0|6,0|90,0|995|917|78|209,79|9,10|0,63|2,24
2013-09-12 11:23:38,209|4,0|6,0|88,0|995|918|77|209,79|9,10|1,83|49,06
2013-09-12 11:23:43,734|2,0|8,1|89,7|995|917|78|209,79|9,10|5,36|51,71
2013-09-12 11:23:49,311|0,0|0,0|100,0|995|917|78|209,79|9,10|9,59|80,62
2013-09-12 11:23:54,858|0,0|0,0|100,0|995|917|78|209,79|9,10|4,76|31,23
2013-09-12 11:24:00,465|0,0|0,0|100,0|995|917|78|209,79|9,10|2,45|2,44
2013-09-12 11:24:06,011|0,0|0,0|100,0|995|917|78|209,79|9,10|0,18|0,00
2013-09-12 11:24:11,593|0,0|1,9|98,0|995|917|78|209,79|9,10|1,27|2,24
2013-09-12 11:24:17,182|2,0|6,0|92,0|995|917|78|209,79|9,10|1,45|0,06
2013-09-12 11:24:22,715|6,0|6,0|88,0|995|918|77|209,78|9,10|7,38|48,01
2013-09-12 11:24:28,314|4,0|4,0|92,0|995|917|78|209,78|9,10|5,45|49,47
2013-09-12 11:24:33,857|0,0|0,0|100,0|995|917|78|209,78|9,10|10,27|82,03
2013-09-12 11:24:39,391|0,0|0,0|100,0|995|917|78|209,78|9,10|12,31|31,75
2013-09-12 11:24:44,958|0,0|1,9|98,0|995|917|78|209,78|9,10|0,00|0,00
2013-09-12 11:24:50,521|0,0|0,0|100,0|995|917|78|209,78|9,10|2,53|2,24
2013-09-12 11:24:56,074|6,0|2,0|92,0|995|917|78|209,78|9,10|1,88|2,24
2013-09-12 11:25:01,597|8,0|8,0|84,0|995|917|78|209,78|9,10|0,99|0,00
2013-09-12 11:25:07,117|6,1|4,0|89,7|995|917|78|209,77|9,10|5,15|49,47
2013-09-12 11:25:12,684|0,0|0,0|100,0|995|917|78|209,77|9,10|10,46|81,62
2013-09-12 11:25:18,271|0,0|0,0|100,0|995|917|78|209,77|9,10|5,55|32,25
2013-09-12 11:25:23,866|0,0|0,0|100,0|995|917|78|209,77|9,10|0,12|0,06
2013-09-12 11:25:29,471|0,0|0,0|100,0|995|917|78|209,77|9,10|2,16|2,24
2013-09-12 11:25:34,988|2,0|8,0|90,0|995|917|78|209,77|9,10|1,86|0,06
2013-09-12 11:25:40,484|5,8|3,9|88,2|995|918|76|209,77|9,10|1,99|46,82
2013-09-12 11:25:46,063|0,0|2,0|98,0|995|918|76|209,77|9,10|7,10|78,49
2013-09-12 11:25:51,652|0,0|0,0|100,0|995|917|78|209,77|9,10|19,42|82,19
2013-09-12 11:25:57,196|0,0|0,0|100,0|995|917|78|209,76|9,10|5,22|32,74
2013-09-12 11:26:02,731|0,0|0,0|100,0|995|917|78|209,76|9,10|0,57|2,24
2013-09-12 11:26:08,312|0,0|2,0|98,0|995|917|78|209,76|9,10|0,55|2,24
2013-09-12 11:26:13,872|4,0|6,0|90,0|995|917|78|209,76|9,10|0,00|0,00
2013-09-12 11:26:19,463|8,1|2,0|89,7|995|917|78|209,76|9,10|5,14|49,47
2013-09-12 11:26:25,011|0,0|0,0|100,0|995|917|78|209,76|9,10|9,65|82,64
2013-09-12 11:26:30,569|1,9|0,0|98,0|995|917|77|209,76|9,10|4,94|33,95
2013-09-12 11:26:36,133|0,0|0,0|100,0|995|917|77|209,76|9,10|0,09|0,00
2013-09-12 11:26:41,736|0,0|0,0|100,0|995|917|77|209,75|9,10|0,29|2,13
2013-09-12 11:26:47,240|3,9|7,8|88,2|995|917|77|209,75|9,10|1,12|0,06
2013-09-12 11:26:52,746|3,9|5,8|88,2|995|917|77|209,75|9,10|5,42|49,47
2013-09-12 11:26:58,317|0,0|0,0|100,0|995|917|77|209,75|9,10|9,92|83,06
2013-09-12 11:27:03,859|0,0|0,0|100,0|995|917|77|209,75|9,10|5,34|33,67
2013-09-12 11:27:09,413|0,0|0,0|100,0|995|917|77|209,75|9,10|0,79|0,00
2013-09-12 11:27:14,986|2,0|4,0|94,0|995|917|77|209,75|9,10|0,40|2,24
2013-09-12 11:27:20,537|4,0|8,1|87,7|995|919|76|209,75|9,10|0,06|0,06
2013-09-12 11:27:26,139|1,9|1,9|96,0|995|918|76|209,75|9,10|7,95|83,25
2013-09-12 11:27:31,697|0,0|0,0|100,0|995|917|77|209,74|9,10|7,04|35,43
2013-09-12 11:27:37,279|0,0|0,0|100,0|995|917|77|209,74|9,10|1,25|0,00
2013-09-12 11:27:42,879|0,0|0,0|100,0|995|917|77|209,74|9,10|0,47|0,00
2013-09-12 11:27:48,454|6,1|4,0|89,7|995|917|77|209,74|9,10|0,96|0,00
2013-09-12 11:27:53,991|4,0|6,1|89,7|995|917|77|209,74|9,10|11,36|52,70
2013-09-12 11:27:59,531|0,0|0,0|100,0|995|917|77|209,74|9,10|10,40|86,09
2013-09-12 11:28:05,087|0,0|0,0|100,0|995|917|77|209,74|9,10|2,81|1,46
2013-09-12 11:28:10,699|0,0|0,0|100,0|995|917|77|209,74|9,10|0,06|0,00
2013-09-12 11:28:16,234|4,0|4,0|91,8|995|917|77|209,74|9,10|0,96|0,00
2013-09-12 11:28:21,759|6,1|4,0|89,7|995|918|77|209,73|9,10|15,09|49,40
2013-09-12 11:28:27,327|0,0|0,0|100,0|995|917|77|209,73|9,10|10,71|84,23
2013-09-12 11:28:32,908|0,0|0,0|100,0|995|917|77|209,73|9,10|7,29|37,06
2013-09-12 11:28:38,467|0,0|0,0|100,0|995|918|77|209,73|9,10|0,95|3,29
2013-09-12 11:28:44,056|3,9|0,0|96,0|995|918|77|209,73|9,10|0,18|0,00
2013-09-12 11:28:49,621|3,9|7,8|88,2|995|919|76|209,73|9,10|1,62|46,82
2013-09-12 11:28:55,192|0,0|0,0|100,0|995|917|77|209,73|9,10|13,02|83,58
2013-09-12 11:29:00,719|0,0|0,0|100,0|995|917|77|209,73|9,10|5,39|36,01
2013-09-12 11:29:06,308|0,0|0,0|100,0|995|918|77|209,72|9,10|0,15|0,00
2013-09-12 11:29:11,912|3,8|5,7|88,4|995|918|77|209,72|9,10|0,33|2,24
2013-09-12 11:29:17,469|6,1|4,0|89,7|995|918|77|209,72|9,10|5,97|49,53
2013-09-12 11:29:23,022|0,0|0,0|100,0|995|918|77|209,72|9,10|9,95|84,94
2013-09-12 11:29:28,545|0,0|0,0|100,0|995|918|77|209,72|9,10|1,84|1,30
2013-09-12 11:29:34,119|2,0|0,0|98,0|995|918|77|209,72|9,10|0,44|0,00
2013-09-12 11:29:39,623|6,0|6,0|88,0|995|919|76|209,72|9,10|2,35|46,72
2013-09-12 11:29:45,184|0,0|0,0|100,0|995|918|77|209,72|9,10|10,09|87,42
2013-09-12 11:29:50,685|0,0|0,0|100,0|995|918|77|209,72|9,10|5,04|38,09
2013-09-12 11:29:56,235|0,0|0,0|100,0|995|918|77|209,71|9,10|0,23|0,00
2013-09-12 11:30:01,844|1,9|0,0|98,0|995|918|77|209,71|9,10|0,52|0,00
2013-09-12 11:30:07,435|6,2|2,0|91,6|995|919|76|209,71|9,10|3,23|48,01
2013-09-12 11:30:12,968|0,0|0,0|100,0|995|918|77|209,71|9,10|9,76|85,41
2013-09-12 11:30:18,537|0,0|0,0|100,0|995|918|77|209,71|9,10|5,04|0,00
2013-09-12 11:30:24,128|0,0|0,0|100,0|995|918|77|209,71|9,10|0,82|2,24
2013-09-12 11:30:29,687|4,0|6,1|89,7|995|918|77|209,71|9,10|0,54|3,29
2013-09-12 11:30:35,257|0,0|0,0|100,0|995|918|77|209,71|9,10|10,96|85,82
2013-09-12 11:30:40,757|0,0|0,0|100,0|995|918|77|209,71|9,10|5,12|35,49
2013-09-12 11:30:46,327|0,0|0,0|100,0|995|918|77|209,70|9,10|0,18|0,00
2013-09-12 11:30:51,924|2,0|8,1|89,7|995|918|77|209,70|9,10|0,45|0,00
2013-09-12 11:30:57,470|2,0|0,0|98,0|995|919|76|209,70|9,10|7,97|86,98
2013-09-12 11:31:03,018|0,0|0,0|100,0|995|918|77|209,70|9,10|9,95|37,46
2013-09-12 11:31:08,586|0,0|0,0|100,0|995|918|77|209,70|9,10|0,45|2,24
2013-09-12 11:31:14,176|5,7|7,6|84,6|995|918|77|209,70|9,10|3,12|0,06
2013-09-12 11:31:19,723|0,0|0,0|100,0|995|919|76|209,70|9,10|8,57|85,22
2013-09-12 11:31:25,261|0,0|0,0|100,0|995|918|77|209,70|9,10|4,60|4,92
2013-09-12 11:31:30,756|2,0|0,0|98,0|995|918|76|209,69|9,10|0,87|0,00
2013-09-12 11:31:36,259|4,0|6,1|89,7|995|919|75|209,69|9,10|3,74|48,08
2013-09-12 11:31:41,823|0,0|0,0|100,0|995|918|76|209,69|9,10|9,77|88,48
2013-09-12 11:31:47,344|0,0|0,0|100,0|995|918|76|209,69|9,10|1,60|0,00
2013-09-12 11:31:52,853|0,0|0,0|100,0|995|918|76|209,69|9,10|0,69|0,00
2013-09-12 11:31:58,473|8,1|2,0|89,7|995|918|76|209,69|9,10|5,04|49,51
2013-09-12 11:32:04,030|0,0|0,0|100,0|995|918|76|209,69|9,10|7,33|39,09
2013-09-12 11:32:09,609|1,9|0,0|98,0|995|918|76|209,69|9,10|1,39|0,06
2013-09-12 11:32:15,184|6,0|4,0|90,0|995|918|76|209,69|9,10|0,67|2,24
2013-09-12 11:32:20,723|0,0|0,0|100,0|995|919|75|209,68|9,10|8,16|86,08
2013-09-12 11:32:26,289|0,0|0,0|100,0|995|918|76|209,68|9,10|8,31|36,99
2013-09-12 11:32:31,853|0,0|1,9|98,0|995|918|76|209,68|9,10|0,29|0,00
2013-09-12 11:32:37,421|4,0|6,1|89,7|995|918|76|209,68|9,10|1,07|0,00
2013-09-12 11:32:42,967|0,0|0,0|100,0|995|918|76|209,68|9,10|10,26|87,57
2013-09-12 11:32:48,485|0,0|0,0|100,0|995|918|76|209,68|9,10|0,89|2,24
2013-09-12 11:32:54,025|0,0|0,0|100,0|995|918|76|209,68|9,10|0,40|2,24
2013-09-12 11:32:59,611|7,8|3,9|88,2|995|918|76|209,68|9,10|5,38|49,47
2013-09-12 11:33:05,192|0,0|0,0|100,0|995|918|76|209,67|9,10|6,78|39,93
2013-09-12 11:33:10,761|0,0|0,0|100,0|995|918|76|209,67|9,10|0,11|0,00
2013-09-12 11:33:16,328|4,0|8,0|88,0|995|918|76|209,67|9,10|0,32|0,00
2013-09-12 11:33:21,856|0,0|0,0|100,0|995|918|76|209,67|9,10|10,42|90,42
2013-09-12 11:33:27,353|0,0|0,0|100,0|995|918|76|209,67|9,10|0,55|2,24
2013-09-12 11:33:32,884|2,0|0,0|98,0|995|918|76|209,67|9,10|0,72|2,24
2013-09-12 11:33:38,487|7,6|7,6|84,6|995|918|76|209,67|9,10|5,54|49,47
2013-09-12 11:33:44,035|0,0|0,0|100,0|995|918|76|209,67|9,10|4,97|38,99
2013-09-12 11:33:49,635|0,0|0,0|100,0|995|918|76|209,67|9,10|0,52|0,00
2013-09-12 11:33:55,208|6,0|6,0|88,0|995|918|76|209,66|9,10|0,27|0,00
2013-09-12 11:34:00,763|0,0|0,0|100,0|995|918|76|209,66|9,10|10,62|89,40
2013-09-12 11:34:06,337|0,0|0,0|100,0|995|918|76|209,66|9,10|1,73|0,06
2013-09-12 11:34:11,893|1,9|0,0|98,0|995|918|76|209,66|9,10|0,09|0,00
2013-09-12 11:34:17,490|3,9|7,8|88,2|995|918|76|209,66|9,10|11,96|49,47
2013-09-12 11:34:22,969|0,0|0,0|100,0|995|919|76|209,66|9,10|4,82|39,49
2013-09-12 11:34:28,500|0,0|2,0|98,0|995|919|76|209,66|9,10|0,90|0,00
2013-09-12 11:34:34,001|7,6|5,7|86,5|995|919|76|209,66|9,10|6,05|52,68
2013-09-12 11:34:39,515|0,0|0,0|100,0|995|919|76|209,66|9,10|5,10|41,96
2013-09-12 11:34:45,099|0,0|0,0|100,0|995|919|76|209,65|9,10|0,83|2,24
2013-09-12 11:34:50,696|5,8|7,8|86,2|995|919|76|209,65|9,10|0,90|0,00
2013-09-12 11:34:56,243|0,0|0,0|100,0|995|919|76|209,65|9,10|9,90|89,33
2013-09-12 11:35:01,823|0,0|0,0|100,0|995|919|76|209,65|9,10|0,44|0,00
2013-09-12 11:35:07,367|8,0|4,0|88,0|995|919|76|209,65|9,10|0,20|0,00
2013-09-12 11:35:12,884|0,0|0,0|100,0|995|919|76|209,65|9,10|9,87|91,87
2013-09-12 11:35:18,422|0,0|0,0|100,0|995|919|76|209,65|9,10|1,23|2,24
2013-09-12 11:35:23,965|0,0|0,0|100,0|995|919|76|209,65|9,10|0,00|0,00
2013-09-12 11:35:29,569|6,0|4,0|90,0|995|919|76|209,64|9,10|5,03|49,47
2013-09-12 11:35:35,112|0,0|0,0|100,0|995|919|76|209,64|9,10|5,07|40,44
2013-09-12 11:35:40,693|0,0|0,0|100,0|995|919|76|209,64|9,10|1,70|0,00
2013-09-12 11:35:46,235|8,0|4,0|88,0|995|919|76|209,64|9,10|5,09|51,17
2013-09-12 11:35:51,790|0,0|0,0|100,0|995|919|76|209,64|9,10|5,58|41,34
2013-09-12 11:35:57,374|0,0|0,0|100,0|995|919|76|209,64|9,10|1,78|2,24
2013-09-12 11:36:02,956|2,0|8,1|89,7|995|919|76|209,64|9,10|0,87|0,00
2013-09-12 11:36:08,489|0,0|0,0|100,0|995|919|76|209,64|9,10|8,33|42,57
2013-09-12 11:36:14,046|0,0|0,0|100,0|995|919|76|209,64|9,10|0,06|0,00
2013-09-12 11:36:19,621|6,0|6,0|88,0|995|919|76|209,63|9,10|0,64|0,00
2013-09-12 11:36:25,101|0,0|0,0|100,0|995|919|76|209,63|9,10|4,98|43,22
2013-09-12 11:36:30,666|0,0|0,0|100,0|995|919|76|209,63|9,10|0,39|2,24
2013-09-12 11:36:36,245|6,0|6,0|88,0|995|919|76|209,63|9,10|1,00|0,00
2013-09-12 11:36:41,765|0,0|0,0|100,0|995|919|76|209,63|9,10|6,91|42,64
2013-09-12 11:36:47,363|0,0|0,0|100,0|995|919|76|209,63|9,10|0,80|0,00
2013-09-12 11:36:52,949|6,0|4,0|90,0|995|920|75|209,63|9,10|3,16|48,01
2013-09-12 11:36:58,485|0,0|0,0|100,0|995|919|76|209,63|9,10|4,92|40,54
2013-09-12 11:37:04,043|0,0|0,0|100,0|995|919|76|209,62|9,10|1,95|2,21
2013-09-12 11:37:09,669|6,0|6,0|88,0|995|920|75|209,62|9,10|3,38|50,25
2013-09-12 11:37:15,220|0,0|0,0|100,0|995|919|76|209,62|9,10|4,87|41,67
2013-09-12 11:37:20,783|2,0|0,0|98,0|995|919|76|209,62|9,10|0,00|0,00
2013-09-12 11:37:26,378|6,2|2,0|91,6|995|919|76|209,62|9,10|5,22|49,47
2013-09-12 11:37:31,860|0,0|1,9|98,0|995|919|76|209,62|9,10|15,23|41,70
2013-09-12 11:37:37,446|2,0|0,0|98,0|995|919|76|209,62|9,10|5,21|0,00
2013-09-12 11:37:43,002|2,0|4,1|93,7|995|919|76|209,62|9,10|5,82|52,62
2013-09-12 11:37:48,554|0,0|0,0|100,0|995|919|76|209,62|9,10|3,30|3,59
2013-09-12 11:37:54,135|0,0|2,0|98,0|995|919|76|209,61|9,10|0,51|0,00
2013-09-12 11:37:59,721|0,0|0,0|100,0|995|919|76|209,61|9,10|17,86|91,90
2013-09-12 11:38:05,294|0,0|0,0|100,0|995|919|76|209,61|9,10|0,71|0,00
2013-09-12 11:38:10,891|4,0|4,0|92,0|995|919|76|209,61|9,10|0,39|0,00
2013-09-12 11:38:16,482|0,0|1,9|98,0|995|919|76|209,61|9,10|10,26|94,13
2013-09-12 11:38:22,030|0,0|0,0|100,0|995|919|76|209,61|9,10|0,30|2,24
2013-09-12 11:38:27,578|4,0|6,1|89,7|995|919|76|209,61|9,10|0,37|2,24
2013-09-12 11:38:33,106|0,0|0,0|100,0|995|919|76|209,61|9,10|7,61|44,21
2013-09-12 11:38:38,625|0,0|0,0|100,0|995|919|76|209,61|9,10|0,23|0,00
2013-09-12 11:38:44,241|8,1|4,0|87,7|995|920|74|209,60|9,10|3,54|49,17
2013-09-12 11:38:49,755|0,0|0,0|100,0|995|919|76|209,60|9,10|1,73|1,30
2013-09-12 11:38:55,307|2,0|0,0|98,0|995|919|76|209,60|9,10|0,60|2,24
2013-09-12 11:39:00,899|3,8|1,9|94,2|995|920|75|209,60|9,10|8,14|90,21
2013-09-12 11:39:06,538|0,0|0,0|100,0|995|919|76|209,60|9,10|1,28|0,00
2013-09-12 11:39:12,139|0,0|0,0|100,0|995|919|75|209,60|9,10|0,00|0,00
2013-09-12 11:39:17,701|0,0|0,0|100,0|995|919|76|209,60|9,10|11,20|93,58
2013-09-12 11:39:23,249|0,0|1,9|98,0|995|919|76|209,60|9,10|0,08|0,00
2013-09-12 11:39:28,767|6,0|6,0|88,0|995|919|75|209,59|9,10|0,33|0,00
2013-09-12 11:39:34,337|0,0|0,0|100,0|995|919|75|209,59|9,10|6,00|44,33
2013-09-12 11:39:39,913|0,0|0,0|100,0|995|919|76|209,59|9,10|0,71|2,24
2013-09-12 11:39:45,503|4,0|6,1|89,7|995|919|76|209,59|9,10|5,05|49,44
2013-09-12 11:39:51,060|0,0|0,0|100,0|995|919|76|209,59|9,10|0,12|0,00
2013-09-12 11:39:56,661|2,0|6,0|92,0|995|919|75|209,59|9,10|0,12|0,00
2013-09-12 11:40:02,217|0,0|0,0|100,0|995|919|75|209,59|9,10|10,79|93,45
2013-09-12 11:40:07,770|0,0|2,0|98,0|995|919|75|209,59|9,10|0,08|0,00
2013-09-12 11:40:13,342|4,0|6,1|89,7|995|919|75|209,59|9,10|5,49|51,64
2013-09-12 11:40:18,868|0,0|0,0|100,0|995|919|75|209,58|9,10|3,32|3,05
2013-09-12 11:40:24,487|2,0|0,0|98,0|995|919|75|209,58|9,10|1,09|0,00
2013-09-12 11:40:30,083|0,0|0,0|100,0|995|919|75|209,58|9,10|9,89|93,80
2013-09-12 11:40:35,618|0,0|0,0|100,0|995|919|75|209,58|9,10|0,12|0,00
2013-09-12 11:40:41,144|4,0|6,1|89,7|995|920|74|209,58|9,10|3,32|48,01
2013-09-12 11:40:46,688|0,0|0,0|100,0|995|919|75|209,58|9,10|6,13|46,80
2013-09-12 11:40:52,262|0,0|0,0|100,0|995|919|75|209,58|9,10|1,66|2,24
2013-09-12 11:40:57,867|0,0|0,0|100,0|995|919|75|209,58|9,10|17,36|94,23
2013-09-12 11:41:03,433|0,0|0,0|100,0|995|919|75|209,57|9,10|1,01|0,00
2013-09-12 11:41:08,977|2,0|8,1|89,7|995|919|75|209,57|9,10|7,73|0,00
2013-09-12 11:41:14,534|0,0|0,0|100,0|995|919|75|209,57|9,10|4,80|44,91
2013-09-12 11:41:20,142|0,0|0,0|100,0|995|919|75|209,57|9,10|4,51|1,05
2013-09-12 11:41:25,654|0,0|2,0|98,0|995|920|74|209,57|9,10|7,02|94,12
2013-09-12 11:41:31,256|0,0|0,0|100,0|995|919|75|209,57|9,10|5,90|2,24
2013-09-12 11:41:36,844|2,0|8,1|89,7|995|919|75|209,57|9,10|2,73|0,00
2013-09-12 11:41:42,344|0,0|0,0|100,0|995|919|75|209,57|9,10|5,47|45,28
2013-09-12 11:41:47,914|1,9|0,0|98,0|995|920|75|209,57|9,10|1,63|0,00
2013-09-12 11:41:53,489|0,0|0,0|100,0|995|920|75|209,56|9,10|11,77|95,60
2013-09-12 11:41:59,051|0,0|0,0|100,0|995|920|75|209,56|9,10|0,06|0,00
2013-09-12 11:42:04,612|6,1|4,0|89,7|995|921|74|209,56|9,10|4,55|50,25
2013-09-12 11:42:10,172|0,0|0,0|100,0|995|920|75|209,56|9,10|4,48|6,06
2013-09-12 11:42:15,741|0,0|0,0|100,0|995|920|75|209,56|9,10|0,87|0,00
2013-09-12 11:42:21,354|0,0|0,0|100,0|995|919|75|209,56|9,10|9,78|95,25
2013-09-12 11:42:26,883|0,0|0,0|100,0|995|920|75|209,56|9,10|0,00|0,00
2013-09-12 11:42:32,492|6,1|4,0|89,7|995|920|75|209,56|9,10|5,00|49,47
2013-09-12 11:42:38,046|2,0|0,0|98,0|995|920|75|209,56|9,10|0,39|0,00
2013-09-12 11:42:43,613|4,0|6,0|90,0|995|920|75|209,55|9,10|0,73|2,24
2013-09-12 11:42:49,114|0,0|0,0|100,0|995|920|75|209,55|9,10|5,22|46,20
2013-09-12 11:42:54,679|0,0|0,0|100,0|995|920|75|209,55|9,10|1,60|0,00
2013-09-12 11:43:00,233|0,0|0,0|100,0|995|920|75|209,55|9,10|9,65|95,75
2013-09-12 11:43:05,806|0,0|0,0|100,0|995|920|75|209,55|9,10|0,44|0,00
2013-09-12 11:43:11,279|0,0|0,0|100,0|995|921|74|209,55|9,10|0,53|0,00
2013-09-12 11:43:16,822|0,0|2,0|97,9|995|920|75|209,55|9,10|0,48|0,06
2013-09-12 11:43:22,453|0,0|0,0|100,0|995|920|75|209,55|9,10|8,52|52,46
2013-09-12 11:43:28,017|0,0|2,0|98,0|995|920|75|209,54|9,10|8,22|0,00
2013-09-12 11:43:33,542|0,0|2,0|98,0|995|921|74|209,54|9,10|8,37|93,75
2013-09-12 11:43:39,111|0,0|0,0|100,0|995|920|75|209,54|9,10|0,43|0,00
2013-09-12 11:43:44,632|6,0|6,0|88,0|995|920|75|209,54|9,10|4,97|49,47
2013-09-12 11:43:50,134|0,0|1,9|98,0|995|920|75|209,54|9,10|0,25|2,24
2013-09-12 11:43:55,662|6,1|4,0|89,7|995|920|75|209,54|9,10|0,49|2,24
2013-09-12 11:44:01,195|0,0|0,0|100,0|995|920|75|209,54|9,10|5,11|49,31
2013-09-12 11:44:06,738|0,0|0,0|100,0|995|920|75|209,54|9,10|1,15|0,00
2013-09-12 11:44:12,340|0,0|0,0|100,0|995|920|75|209,54|9,10|9,83|96,69
2013-09-12 11:44:17,885|2,0|0,0|98,0|995|920|75|209,53|9,10|1,68|0,00
2013-09-12 11:44:23,474|0,0|0,0|100,0|995|921|74|209,53|9,10|8,25|95,54
2013-09-12 11:44:28,975|0,0|0,0|100,0|995|920|75|209,53|9,10|0,25|2,24
2013-09-12 11:44:34,529|5,8|3,9|88,2|995|920|75|209,53|9,10|5,81|51,71
2013-09-12 11:44:40,071|0,0|0,0|100,0|995|920|75|209,53|9,10|0,36|0,00
2013-09-12 11:44:45,597|6,0|4,0|90,0|995|921|74|209,53|9,10|1,59|46,82
2013-09-12 11:44:51,182|0,0|0,0|100,0|995|920|75|209,53|9,10|1,90|2,39
2013-09-12 11:44:56,751|1,9|0,0|98,0|995|920|75|209,53|9,10|0,00|0,00
2013-09-12 11:45:02,375|0,0|0,0|100,0|995|920|75|209,53|9,10|4,92|47,89
2013-09-12 11:45:07,943|2,0|0,0|98,0|995|920|75|209,52|9,10|0,51|2,24
2013-09-12 11:45:13,515|0,0|0,0|100,0|995|920|75|209,52|9,10|9,93|100,34
2013-09-12 11:45:19,089|0,0|0,0|100,0|995|920|75|209,52|9,10|1,28|0,00
2013-09-12 11:45:24,665|1,9|0,0|98,0|995|920|75|209,52|9,10|10,26|97,62
2013-09-12 11:45:30,198|0,0|0,0|100,0|995|920|75|209,52|9,10|0,18|0,00
2013-09-12 11:45:35,725|4,0|8,0|88,0|995|920|75|209,52|9,10|5,24|49,47
2013-09-12 11:45:41,301|0,0|0,0|100,0|995|920|75|209,52|9,10|1,08|2,24
2013-09-12 11:45:46,861|6,0|4,0|88,0|995|920|75|209,52|9,10|5,04|51,71
2013-09-12 11:45:52,425|0,0|0,0|100,0|995|920|75|209,51|9,10|0,31|0,06
2013-09-12 11:45:57,990|4,0|6,0|90,0|995|920|75|209,51|9,10|0,20|0,00
2013-09-12 11:46:03,550|0,0|0,0|100,0|995|920|75|209,51|9,10|8,38|3,26
2013-09-12 11:46:09,141|5,8|5,8|88,2|995|920|75|209,51|9,10|0,06|0,00
2013-09-12 11:46:14,686|0,0|0,0|100,0|995|920|75|209,51|9,10|4,80|48,81
2013-09-12 11:46:20,292|0,0|0,0|100,0|995|920|75|209,51|9,10|0,25|2,24
2013-09-12 11:46:25,856|0,0|0,0|100,0|995|920|75|209,51|9,10|10,41|101,65
2013-09-12 11:46:31,440|0,0|0,0|100,0|995|920|75|209,51|9,10|0,13|2,24
2013-09-12 11:46:37,027|0,0|0,0|100,0|995|920|75|209,51|9,10|10,58|98,53
2013-09-12 11:46:42,496|0,0|0,0|100,0|995|920|75|209,50|9,10|0,96|0,00
2013-09-12 11:46:48,114|0,0|2,0|98,0|995|921|74|209,50|9,10|8,66|97,55
2013-09-12 11:46:53,648|0,0|2,0|98,0|995|920|75|209,50|9,10|0,14|0,00
2013-09-12 11:46:59,214|0,0|2,0|97,9|995|921|74|209,50|9,10|8,30|99,23
2013-09-12 11:47:04,722|0,0|0,0|100,0|995|920|75|209,50|9,10|1,98|2,24
2013-09-12 11:47:10,271|2,0|0,0|97,9|995|922|73|209,50|9,10|5,84|49,47
2013-09-12 11:47:15,803|0,0|0,0|100,0|995|920|75|209,50|9,10|6,39|0,00
2013-09-12 11:47:21,384|7,8|3,9|86,2|995|920|75|209,50|9,10|5,79|49,47
2013-09-12 11:47:26,943|0,0|0,0|100,0|995|920|75|209,49|9,10|1,97|0,00
2013-09-12 11:47:32,487|8,0|4,0|88,0|995|920|75|209,49|9,10|5,10|51,24
2013-09-12 11:47:38,034|0,0|0,0|100,0|995|920|75|209,49|9,10|0,71|2,24
2013-09-12 11:47:43,599|6,0|6,0|88,0|995|921|73|209,49|9,10|6,81|50,25
2013-09-12 11:47:49,182|0,0|0,0|100,0|995|920|74|209,49|9,10|2,88|1,66
2013-09-12 11:47:54,748|6,0|6,0|88,0|995|920|74|209,49|9,10|2,81|0,00
2013-09-12 11:48:00,301|0,0|0,0|100,0|995|920|74|209,49|9,10|0,06|0,00
2013-09-12 11:48:05,905|4,0|6,1|89,7|995|920|74|209,49|9,10|0,00|0,00
2013-09-12 11:48:11,451|0,0|0,0|100,0|995|920|74|209,49|9,10|0,87|3,26
2013-09-12 11:48:17,046|4,0|4,0|91,8|995|920|74|209,48|9,10|0,43|2,24
2013-09-12 11:48:22,557|0,0|0,0|100,0|995|920|74|209,48|9,10|0,06|0,00
2013-09-12 11:48:28,187|4,0|6,1|89,7|995|920|74|209,48|9,10|0,32|0,00
2013-09-12 11:48:33,736|0,0|0,0|100,0|995|920|74|209,48|9,10|0,76|0,00
2013-09-12 11:48:39,309|6,0|6,0|88,0|995|920|74|209,48|9,10|0,12|0,00
2013-09-12 11:48:44,853|0,0|0,0|100,0|995|920|74|209,48|9,10|0,06|0,00
2013-09-12 11:48:50,419|6,1|2,0|91,8|995|920|74|209,48|9,10|0,42|2,24
2013-09-12 11:48:55,933|0,0|0,0|100,0|995|920|74|209,48|9,10|1,73|0,06
2013-09-12 11:49:01,548|6,0|4,0|90,0|995|920|74|209,48|9,10|0,65|0,00
2013-09-12 11:49:07,117|0,0|0,0|100,0|995|920|74|209,47|9,10|1,51|0,00
2013-09-12 11:49:12,650|5,8|5,8|88,2|995|922|73|209,47|9,10|2,38|47,19
2013-09-12 11:49:18,153|0,0|2,0|98,0|995|920|74|209,47|9,10|1,46|0,00
2013-09-12 11:49:23,731|6,1|4,0|89,7|995|922|73|209,47|9,10|3,59|51,23
2013-09-12 11:49:29,272|0,0|0,0|100,0|995|920|74|209,47|9,10|0,39|2,24
2013-09-12 11:49:34,799|7,8|3,9|88,2|995|921|74|209,47|9,10|6,29|49,47
2013-09-12 11:49:40,305|0,0|0,0|100,0|995|921|74|209,47|9,10|0,51|0,00
2013-09-12 11:49:45,862|6,0|6,0|88,0|995|921|74|209,47|9,10|4,91|49,47
2013-09-12 11:49:51,405|0,0|1,9|98,0|995|921|74|209,46|9,10|0,12|0,00
2013-09-12 11:49:56,936|0,0|4,0|96,0|995|922|73|209,46|9,10|7,49|97,97
2013-09-12 11:50:02,500|0,0|0,0|100,0|995|921|74|209,46|9,10|0,30|3,30
2013-09-12 11:50:08,035|0,0|0,0|100,0|995|921|74|209,46|9,10|10,45|103,54
2013-09-12 11:50:13,529|0,0|0,0|100,0|995|921|74|209,46|9,10|0,14|0,00
2013-09-12 11:50:19,051|0,0|0,0|100,0|995|920|74|209,46|9,10|10,46|54,71
2013-09-12 11:50:24,581|2,0|0,0|98,0|995|921|74|209,46|9,10|0,59|0,00
2013-09-12 11:50:30,138|0,0|1,9|98,0|995|921|74|209,46|9,10|5,47|52,20
2013-09-12 11:50:35,707|0,0|0,0|100,0|995|921|74|209,46|9,10|0,46|0,06
2013-09-12 11:50:41,307|0,0|0,0|100,0|995|921|74|209,45|9,10|5,90|55,59
2013-09-12 11:50:46,877|6,0|6,0|88,0|995|921|74|209,45|9,10|0,00|0,00
2013-09-12 11:50:52,404|0,0|0,0|100,0|995|921|74|209,45|9,10|2,27|2,39
2013-09-12 11:50:58,010|5,8|5,8|88,2|995|921|74|209,45|9,10|0,26|0,00
2013-09-12 11:51:03,544|0,0|0,0|100,0|995|921|74|209,45|9,10|0,55|0,00
2013-09-12 11:51:09,152|4,0|8,0|88,0|995|921|74|209,45|9,10|0,06|0,00
2013-09-12 11:51:14,674|0,0|0,0|100,0|995|921|74|209,45|9,10|0,56|2,24
2013-09-12 11:51:20,242|6,0|4,0|90,0|995|921|74|209,45|9,10|5,15|51,58
2013-09-12 11:51:25,782|0,0|0,0|100,0|995|921|74|209,44|9,10|0,81|0,00
2013-09-12 11:51:31,271|9,8|3,9|86,2|995|921|74|209,44|9,10|5,98|49,47
2013-09-12 11:51:36,820|0,0|0,0|100,0|995|921|74|209,44|9,10|0,90|0,00
2013-09-12 11:51:42,398|2,0|0,0|97,9|995|922|73|209,44|9,10|8,54|101,43
2013-09-12 11:51:47,957|0,0|0,0|100,0|995|921|74|209,44|9,10|0,66|2,25
2013-09-12 11:51:53,536|0,0|0,0|100,0|995|921|74|209,44|9,10|11,11|106,15
2013-09-12 11:51:59,107|2,0|0,0|98,0|995|921|74|209,44|9,10|0,51|0,06
2013-09-12 11:52:04,701|0,0|0,0|100,0|995|921|74|209,44|9,10|6,85|54,98
2013-09-12 11:52:10,287|2,0|0,0|98,0|995|921|74|209,44|9,10|0,12|0,00
2013-09-12 11:52:15,867|0,0|0,0|100,0|995|921|74|209,43|9,10|4,93|53,68
2013-09-12 11:52:21,412|5,8|5,8|88,2|995|921|74|209,43|9,10|0,12|0,00
2013-09-12 11:52:26,954|0,0|0,0|100,0|995|921|74|209,43|9,10|0,13|2,24
2013-09-12 11:52:32,542|6,0|6,0|88,0|995|921|74|209,43|9,10|0,62|2,24
2013-09-12 11:52:38,058|0,0|0,0|100,0|995|921|74|209,43|9,10|0,94|0,00
2013-09-12 11:52:43,622|4,0|8,0|88,0|995|921|74|209,43|9,10|5,06|49,47
2013-09-12 11:52:49,161|0,0|0,0|100,0|995|921|74|209,43|9,10|1,58|0,00
2013-09-12 11:52:54,738|2,0|2,0|96,0|995|922|73|209,43|9,10|8,23|101,21
2013-09-12 11:53:00,277|0,0|1,9|98,0|995|921|74|209,43|9,10|0,39|0,00
2013-09-12 11:53:05,861|0,0|0,0|100,0|995|921|74|209,42|9,10|11,23|106,69
2013-09-12 11:53:11,404|0,0|0,0|100,0|995|921|74|209,42|9,10|0,71|2,24
2013-09-12 11:53:16,972|0,0|0,0|100,0|995|921|74|209,42|9,10|5,18|54,41
2013-09-12 11:53:22,510|4,0|6,1|89,7|995|921|74|209,42|9,10|0,33|0,00
2013-09-12 11:53:28,083|0,0|0,0|100,0|995|921|74|209,42|9,10|0,14|0,00
2013-09-12 11:53:33,634|4,0|8,0|88,0|995|921|74|209,42|9,10|5,78|49,40
2013-09-12 11:53:39,185|0,0|0,0|100,0|995|921|74|209,42|9,10|0,74|3,29
2013-09-12 11:53:44,751|0,0|0,0|100,0|995|921|74|209,42|9,10|9,90|105,37
