2013-10-09 20:25:53,846|0
2013-10-09 20:25:56,234|0
2013-10-09 20:25:58,639|0
2013-10-09 20:26:01,028|1,4
2013-10-09 20:26:03,422|1,4
2013-10-09 20:26:05,792|2,1
2013-10-09 20:26:08,218|2,1
2013-10-09 20:26:10,631|2,1
2013-10-09 20:26:13,033|1,7
2013-10-09 20:26:15,420|1,7
2013-10-09 20:26:17,832|2,2
2013-10-09 20:26:20,239|2,2
2013-10-09 20:26:22,640|3,2
2013-10-09 20:26:25,069|3,2
2013-10-09 20:26:27,468|3,2
2013-10-09 20:26:29,884|2,3
2013-10-09 20:26:32,294|2,3
2013-10-09 20:26:34,732|2,2
2013-10-09 20:26:37,080|2,2
2013-10-09 20:26:39,447|3,4
2013-10-09 20:26:41,820|3,4
2013-10-09 20:26:44,191|3,4
2013-10-09 20:26:46,616|2,4
2013-10-09 20:26:49,072|2,4
2013-10-09 20:26:51,529|2
2013-10-09 20:26:53,919|2
2013-10-09 20:26:56,373|2,8
2013-10-09 20:26:58,802|2,8
2013-10-09 20:27:01,272|2,7
2013-10-09 20:27:03,677|2,5
2013-10-09 20:27:06,079|2,5
2013-10-09 20:27:08,535|1,4
2013-10-09 20:27:10,971|1,4
2013-10-09 20:27:13,416|1,8
2013-10-09 20:27:15,854|1,8
2013-10-09 20:27:18,289|1,6
2013-10-09 20:27:20,802|1,6
2013-10-09 20:27:23,191|2
2013-10-09 20:27:25,666|1,2
2013-10-09 20:27:28,113|1,2
2013-10-09 20:27:30,681|1,5
2013-10-09 20:27:33,056|1,7
2013-10-09 20:27:35,280|9,6
2013-10-09 20:27:37,608|9,6
2013-10-09 20:27:39,900|9,1
2013-10-09 20:27:42,221|16,5
2013-10-09 20:27:44,667|16,6
2013-10-09 20:27:47,013|26,4
2013-10-09 20:27:49,395|26,5
2013-10-09 20:27:51,858|26,6
2013-10-09 20:27:54,301|34,6
2013-10-09 20:28:24,081|42,4
2013-10-09 20:28:26,652|33,8
2013-10-09 20:28:29,153|33,8
2013-10-09 20:28:31,687|26,6
2013-10-09 20:28:34,144|27,2
2013-10-09 20:28:36,684|18,7
2013-10-09 20:28:39,121|18,5
2013-10-09 20:28:41,630|10,3
2013-10-09 20:28:44,112|10,9
2013-10-09 20:28:46,596|10,9
2013-10-09 20:28:49,134|1,8
2013-10-09 20:28:51,639|1,6
2013-10-09 20:28:54,123|1,6
2013-10-09 20:28:56,689|1,1
2013-10-09 20:28:59,219|0,9
2013-10-09 20:29:01,673|1,1
2013-10-09 20:29:09,119|1,8
2013-10-09 20:29:11,666|2
2013-10-09 20:29:14,223|1,4
2013-10-09 20:29:16,755|1,2
2013-10-09 20:29:19,407|7,2
2013-10-09 20:29:22,013|17,1
2013-10-09 20:29:24,540|20,6
2013-10-09 20:29:27,056|22,3
2013-10-09 20:29:29,692|28,4
2013-10-09 20:29:33,471|35,1
2013-10-09 20:29:36,032|38,3
2013-10-09 20:29:38,579|49,2
2013-10-09 20:29:41,059|55,1
2013-10-09 20:29:43,578|61,7
2013-10-09 20:29:46,032|74,1
2013-10-09 20:29:48,601|74,1
2013-10-09 20:29:51,142|79,3
2013-10-09 20:29:53,641|82,8
2013-10-09 20:29:56,072|85,5
2013-10-09 20:29:58,587|79,7
2013-10-09 20:30:01,018|81,9
2013-10-09 20:30:03,550|71,3
2013-10-09 20:30:06,037|65,3
2013-10-09 20:30:08,554|64,4
2013-10-09 20:30:11,052|61,5
2013-10-09 20:30:13,700|60,5
2013-10-09 20:30:16,208|58,3
2013-10-09 20:30:18,714|48,5
2013-10-09 20:30:21,258|42,5
2013-10-09 20:30:23,797|38,6
2013-10-09 20:30:26,408|31
2013-10-09 20:30:28,955|24,9
2013-10-09 20:30:31,461|24,7
2013-10-09 20:30:34,062|15,6
2013-10-09 20:30:36,690|15,5
2013-10-09 20:30:39,308|5,7
2013-10-09 20:30:41,930|6,1
2013-10-09 20:30:44,560|1,8
2013-10-09 20:30:47,132|2,2
2013-10-09 20:30:49,729|1,9
2013-10-09 20:30:52,326|2,5
2013-10-09 20:30:54,878|2,9
2013-10-09 20:30:57,475|2,9
2013-10-09 20:31:00,067|2,9
2013-10-09 20:31:02,640|3,4
2013-10-09 20:31:05,274|3,6
2013-10-09 20:31:07,840|2,6
2013-10-09 20:31:10,397|2,8
2013-10-09 20:31:13,002|2,7
2013-10-09 20:31:15,605|1,6
2013-10-09 20:31:18,221|1,6
2013-10-09 20:31:20,866|1,3
2013-10-09 20:31:23,495|0,9
2013-10-09 20:31:26,124|1,3
2013-10-09 20:31:28,776|0,7
2013-10-09 20:31:31,388|1,5
2013-10-09 20:31:33,999|1,4
2013-10-09 20:31:36,625|2,5
2013-10-09 20:31:39,264|2,5
2013-10-09 20:31:41,892|2,8
2013-10-09 20:31:44,550|2,8
2013-10-09 20:31:47,402|12,9
2013-10-09 20:31:50,232|13,3
2013-10-09 20:31:53,151|19
2013-10-09 20:31:56,136|22,7
2013-10-09 20:31:59,057|32,3
2013-10-09 20:32:02,130|39
2013-10-09 20:32:04,998|39
2013-10-09 20:32:08,173|51,9
2013-10-09 20:32:11,007|51,9
2013-10-09 20:32:13,873|54,8
2013-10-09 20:32:17,908|54,8
2013-10-09 20:32:20,661|52,9
2013-10-09 20:32:23,426|52,9
2013-10-09 20:32:26,196|44,2
2013-10-09 20:32:28,981|44,2
2013-10-09 20:32:31,992|41
2013-10-09 20:32:34,640|41
2013-10-09 20:32:37,355|41
2013-10-09 20:32:40,032|41
2013-10-09 20:32:42,657|42
2013-10-09 20:32:45,053|42
2013-10-09 20:32:47,690|42
2013-10-09 20:32:50,340|35,3
2013-10-09 20:32:53,026|34,3
2013-10-09 20:32:55,725|24,7
2013-10-09 20:32:58,445|24,2
2013-10-09 20:33:01,065|23,8
2013-10-09 20:33:03,718|22,9
2013-10-09 20:33:06,359|23,1
2013-10-09 20:33:09,049|22,9
2013-10-09 20:33:11,706|29,8
2013-10-09 20:33:14,362|30,6
2013-10-09 20:33:17,054|40,3
2013-10-09 20:33:19,682|40,1
2013-10-09 20:33:22,321|49,7
2013-10-09 20:33:24,942|50,5
2013-10-09 20:33:27,447|69,6
2013-10-09 20:33:29,985|69,6
2013-10-09 20:33:32,563|79,4
2013-10-09 20:33:35,111|79,4
2013-10-09 20:33:37,763|79
2013-10-09 20:33:40,445|69
2013-10-09 20:33:43,441|58,9
2013-10-09 20:33:46,337|56,7
2013-10-09 20:33:49,064|37,6
2013-10-09 20:33:52,079|36,8
2013-10-09 20:33:54,892|27,2
2013-10-09 20:33:57,664|26,9
2013-10-09 20:34:00,569|26,6
2013-10-09 20:34:03,424|26,7
2013-10-09 20:34:06,401|35,5
2013-10-09 20:34:09,294|27,7
2013-10-09 20:34:12,233|35,2
2013-10-09 20:34:15,032|26,2
2013-10-09 20:34:17,987|34
2013-10-09 20:34:21,053|24,7
2013-10-09 20:34:24,063|32,4
2013-10-09 20:34:27,081|24,2
2013-10-09 20:34:30,118|29,7
2013-10-09 20:34:32,928|21,9
2013-10-09 20:34:35,941|18,5
2013-10-09 20:34:38,853|18,6
2013-10-09 20:34:41,645|16
2013-10-09 20:34:44,505|15,6
2013-10-09 20:34:47,292|15,6
2013-10-09 20:34:50,459|15,8
2013-10-09 20:34:53,311|16,3
2013-10-09 20:34:55,751|16,5
2013-10-09 20:34:58,521|16,6
2013-10-09 20:35:01,310|16,6
2013-10-09 20:35:04,119|16,9
2013-10-09 20:35:06,872|15,9
2013-10-09 20:35:09,635|16,3
2013-10-09 20:35:12,326|16,8
2013-10-09 20:35:15,083|17,2
2013-10-09 20:35:17,801|16,4
2013-10-09 20:35:20,577|16,9
2013-10-09 20:35:23,379|16,5
2013-10-09 20:35:26,067|17,1
2013-10-09 20:35:28,797|16,8
2013-10-09 20:35:31,515|17
2013-10-09 20:35:34,300|17
2013-10-09 20:35:37,053|17,2
2013-10-09 20:35:39,780|17
2013-10-09 20:35:42,482|16,6
2013-10-09 20:35:45,277|16,8
2013-10-09 20:35:47,986|17
2013-10-09 20:35:50,797|17,2
2013-10-09 20:35:53,610|17,6
2013-10-09 20:35:56,412|18
2013-10-09 20:35:59,191|12,7
2013-10-09 20:36:01,967|18,1
2013-10-09 20:36:04,716|12,5
2013-10-09 20:36:07,488|17
2013-10-09 20:36:10,230|10,9
2013-10-09 20:36:12,997|15,9
2013-10-09 20:36:15,849|10,5
2013-10-09 20:36:18,683|15,7
2013-10-09 20:36:21,547|11
2013-10-09 20:36:24,348|15,8
2013-10-09 20:36:27,101|10,6
2013-10-09 20:36:29,938|10,6
2013-10-09 20:36:32,719|10,2
2013-10-09 20:36:35,492|10,2
2013-10-09 20:36:38,350|10
2013-10-09 20:36:41,089|10,7
2013-10-09 20:36:43,887|11,1
2013-10-09 20:36:46,710|11,1
2013-10-09 20:36:49,467|11,1
2013-10-09 20:36:52,094|20,8
2013-10-09 20:36:54,890|20,8
2013-10-09 20:36:57,623|29,4
2013-10-09 20:37:00,371|29,4
2013-10-09 20:37:03,018|39,1
2013-10-09 20:37:05,700|39,1
2013-10-09 20:37:08,484|50,6
2013-10-09 20:37:11,394|50,6
2013-10-09 20:37:14,243|53,4
2013-10-09 20:37:17,096|53,4
2013-10-09 20:37:19,909|53,8
2013-10-09 20:37:22,779|53,8
2013-10-09 20:37:25,680|53,8
2013-10-09 20:37:28,410|53,2
2013-10-09 20:37:31,146|53,2
2013-10-09 20:37:33,977|61,8
2013-10-09 20:37:36,816|61,8
2013-10-09 20:37:39,764|50
2013-10-09 20:37:42,614|50
2013-10-09 20:37:45,409|38,9
2013-10-09 20:37:48,277|38,9
2013-10-09 20:37:51,079|26,3
2013-10-09 20:37:53,964|26,3
2013-10-09 20:37:56,707|23,5
2013-10-09 20:37:59,532|23,5
2013-10-09 20:38:02,293|30,8
2013-10-09 20:38:05,236|30,8
2013-10-09 20:38:08,131|38,3
2013-10-09 20:38:11,012|38,3
2013-10-09 20:38:13,801|37,3
2013-10-09 20:38:16,687|37,3
2013-10-09 20:38:19,521|27,3
2013-10-09 20:38:22,383|27,3
2013-10-09 20:38:25,232|27,1
2013-10-09 20:38:28,055|27,1
2013-10-09 20:38:30,996|27,5
2013-10-09 20:38:33,804|27,5
2013-10-09 20:38:36,733|30,4
2013-10-09 20:38:39,572|30,4
2013-10-09 20:38:42,479|31
2013-10-09 20:38:45,489|31
2013-10-09 20:38:48,436|20,6
2013-10-09 20:38:51,422|20,6
2013-10-09 20:38:54,367|11,3
2013-10-09 20:38:57,302|11,3
2013-10-09 20:39:00,309|3,1
2013-10-09 20:39:03,309|3,1
2013-10-09 20:39:06,316|2,5
2013-10-09 20:39:09,318|2,5
2013-10-09 20:39:12,316|1
2013-10-09 20:39:15,309|1
2013-10-09 20:39:18,244|9,8
2013-10-09 20:39:21,236|9,8
2013-10-09 20:39:24,136|18,5
2013-10-09 20:39:27,110|19,1
2013-10-09 20:39:30,117|19,1
2013-10-09 20:39:33,104|10,3
2013-10-09 20:39:36,017|10,3
2013-10-09 20:39:39,007|2,6
2013-10-09 20:39:41,964|2,6
2013-10-09 20:39:44,961|2,9
2013-10-09 20:39:47,964|2,9
2013-10-09 20:39:50,969|2,7
2013-10-09 20:39:54,001|2,7
2013-10-09 20:39:57,009|1,4
2013-10-09 20:39:59,976|1,4
2013-10-09 20:40:03,062|1
2013-10-09 20:40:06,048|1,5
2013-10-09 20:40:09,094|1,5
2013-10-09 20:40:12,117|2,9
2013-10-09 20:40:15,043|2,9
2013-10-09 20:40:18,048|2,7
2013-10-09 20:40:21,105|2,7
2013-10-09 20:40:24,132|2,4
2013-10-09 20:40:27,146|2,4
2013-10-09 20:40:30,049|0,7
2013-10-09 20:40:33,074|0,7
2013-10-09 20:40:36,048|1,2
2013-10-09 20:40:39,120|1,2
2013-10-09 20:40:42,206|1,6
2013-10-09 20:40:45,208|1,8
2013-10-09 20:40:48,157|1,8
2013-10-09 20:40:51,185|18,8
2013-10-09 20:40:54,307|18,8
2013-10-09 20:40:57,391|30,7
2013-10-09 20:41:00,606|30,7
2013-10-09 20:41:03,691|44,6
2013-10-09 20:41:06,844|44,6
2013-10-09 20:41:10,068|41
2013-10-09 20:41:13,276|41
2013-10-09 20:41:16,513|33,9
2013-10-09 20:41:19,440|33,9
2013-10-09 20:41:22,535|29,4
2013-10-09 20:41:25,579|29,4
2013-10-09 20:41:28,672|28
2013-10-09 20:41:31,736|19,2
2013-10-09 20:41:34,797|19,2
2013-10-09 20:41:37,946|11,2
2013-10-09 20:41:41,040|11,2
2013-10-09 20:41:44,102|7,1
2013-10-09 20:41:47,240|7,1
2013-10-09 20:41:50,328|1,4
2013-10-09 20:41:53,382|0,8
2013-10-09 20:41:56,480|0,8
2013-10-09 20:41:59,581|0,7
2013-10-09 20:42:02,714|0,7
2013-10-09 20:42:05,827|1
2013-10-09 20:42:08,874|1
2013-10-09 20:42:11,984|1,5
2013-10-09 20:42:15,076|1,5
2013-10-09 20:42:18,281|1,6
2013-10-09 20:42:21,340|1
2013-10-09 20:42:24,396|1
2013-10-09 20:42:27,506|1,2
2013-10-09 20:42:30,621|1,2
2013-10-09 20:42:33,725|1,2
2013-10-09 20:42:36,751|1,2
2013-10-09 20:42:39,892|1
2013-10-09 20:42:42,999|1
2013-10-09 20:42:46,045|1,1
2013-10-09 20:42:49,175|1,5
2013-10-09 20:42:52,287|1,5
2013-10-09 20:42:55,484|2
2013-10-09 20:42:58,639|2
2013-10-09 20:43:02,029|1,5
2013-10-09 20:43:05,175|1,5
2013-10-09 20:43:08,293|1,1
2013-10-09 20:43:11,532|2
2013-10-09 20:43:14,620|2
2013-10-09 20:43:17,779|2,8
2013-10-09 20:43:21,004|2,8
2013-10-09 20:43:24,166|3,4
2013-10-09 20:43:27,267|3,4
2013-10-09 20:43:30,392|2,4
2013-10-09 20:43:33,532|2,1
2013-10-09 20:43:36,698|2,1
2013-10-09 20:43:39,904|1,5
2013-10-09 20:43:43,095|1,5
2013-10-09 20:43:46,268|1,6
2013-10-09 20:43:49,409|1,6
2013-10-09 20:43:52,639|1
2013-10-09 20:43:55,734|0,8
2013-10-09 20:43:58,916|0,8
2013-10-09 20:44:02,093|0,8
2013-10-09 20:44:05,301|0,8
2013-10-09 20:44:08,493|1,2
2013-10-09 20:44:11,667|1,2
2013-10-09 20:44:14,857|1,4
2013-10-09 20:44:18,042|1,4
2013-10-09 20:44:21,212|1,4
2013-10-09 20:44:24,448|1,8
2013-10-09 20:44:27,627|1,8
2013-10-09 20:44:30,860|1,4
2013-10-09 20:44:34,064|1,4
2013-10-09 20:44:37,240|1,6
2013-10-09 20:44:40,489|2,4
2013-10-09 20:44:43,714|2,4
2013-10-09 20:44:46,944|2,6
2013-10-09 20:44:50,212|2,6
2013-10-09 20:44:53,447|1,2
2013-10-09 20:44:56,697|1,2
2013-10-09 20:44:59,959|0,3
2013-10-09 20:45:03,195|0,8
2013-10-09 20:45:06,408|0,8
2013-10-09 20:45:09,646|1
2013-10-09 20:45:12,866|1
2013-10-09 20:45:16,205|1,6
2013-10-09 20:45:19,471|1,9
2013-10-09 20:45:22,669|1,9
2013-10-09 20:45:25,911|2
2013-10-09 20:45:29,166|2
2013-10-09 20:45:32,401|1,8
2013-10-09 20:45:35,695|1,3
2013-10-09 20:45:38,934|1,3
2013-10-09 20:45:42,170|1,6
2013-10-09 20:45:45,374|1,6
2013-10-09 20:45:48,643|1
2013-10-09 20:45:51,891|1
2013-10-09 20:45:55,130|1,4
2013-10-09 20:45:58,398|2,1
2013-10-09 20:46:01,660|2,1
2013-10-09 20:46:04,923|2,1
2013-10-09 20:46:08,177|2,1
2013-10-09 20:46:11,439|1,5
2013-10-09 20:46:14,675|1,5
2013-10-09 20:46:17,938|1,5
2013-10-09 20:46:21,268|2
2013-10-09 20:46:24,580|2
2013-10-09 20:46:27,813|1,5
2013-10-09 20:46:31,178|2,2
2013-10-09 20:46:34,477|2,2
2013-10-09 20:46:37,796|2
2013-10-09 20:46:41,059|2
2013-10-09 20:46:44,392|1,9
2013-10-09 20:46:47,696|1,9
2013-10-09 20:46:50,981|2,3
2013-10-09 20:46:54,356|2
2013-10-09 20:46:57,684|2
2013-10-09 20:47:00,953|1,9
2013-10-09 20:47:04,297|1,9
2013-10-09 20:47:07,609|1,4
2013-10-09 20:47:10,925|11,4
2013-10-09 20:47:14,240|11,4
2013-10-09 20:47:17,622|21
2013-10-09 20:47:20,877|21
2013-10-09 20:47:24,134|30,4
2013-10-09 20:47:27,481|30,1
2013-10-09 20:47:30,754|30,1
2013-10-09 20:47:34,094|31,3
2013-10-09 20:47:37,450|31,3
2013-10-09 20:47:40,825|30,9
2013-10-09 20:47:44,103|30,6
2013-10-09 20:47:47,474|30,6
2013-10-09 20:47:50,927|30,8
2013-10-09 20:47:54,250|30,3
2013-10-09 20:47:57,613|30,3
2013-10-09 20:48:00,981|31,3
2013-10-09 20:48:04,337|31,3
2013-10-09 20:48:07,664|22
2013-10-09 20:48:11,042|11,7
2013-10-09 20:48:14,459|11,7
2013-10-09 20:48:17,874|1,6
2013-10-09 20:48:21,162|1,6
2013-10-09 20:48:24,493|1,6
2013-10-09 20:48:27,781|1
2013-10-09 20:48:31,275|1
2013-10-09 20:48:34,759|1,2
2013-10-09 20:48:38,174|1,2
2013-10-09 20:48:42,003|0,8
2013-10-09 20:48:45,402|1,1
2013-10-09 20:48:49,581|1,1
2013-10-09 20:48:53,374|12,3
2013-10-09 20:48:56,848|12,3
2013-10-09 20:49:00,248|37,2
2013-10-09 20:49:03,643|34,7
2013-10-09 20:49:07,068|34,7
2013-10-09 20:49:10,429|19,7
2013-10-09 20:49:13,828|19,7
2013-10-09 20:49:17,244|10,4
2013-10-09 20:49:20,646|1,2
2013-10-09 20:49:24,099|1,2
2013-10-09 20:49:27,496|1,1
2013-10-09 20:49:30,813|1,1
2013-10-09 20:49:34,282|1,7
2013-10-09 20:49:37,730|11,8
2013-10-09 20:49:41,084|11,8
2013-10-09 20:49:44,502|20,8
2013-10-09 20:49:47,876|20,8
2013-10-09 20:49:51,300|21,8
2013-10-09 20:49:54,628|21,8
2013-10-09 20:49:58,087|21,8
2013-10-09 20:50:01,482|41,2
2013-10-09 20:50:04,880|41,2
2013-10-09 20:50:08,207|59,2
2013-10-09 20:50:11,606|59,2
2013-10-09 20:50:15,055|68,4
2013-10-09 20:50:18,471|69,1
2013-10-09 20:50:21,846|69,1
2013-10-09 20:50:25,264|69,3
2013-10-09 20:50:29,704|69,3
2013-10-09 20:50:34,140|70,1
2013-10-09 20:50:38,480|70,6
2013-10-09 20:50:42,815|70,6
2013-10-09 20:50:47,036|70,6
2013-10-09 20:50:51,444|68,8
2013-10-09 20:50:55,895|68,8
2013-10-09 20:51:00,267|68,8
2013-10-09 20:51:04,496|69
2013-10-09 20:51:08,715|68,8
2013-10-09 20:51:12,909|68,8
2013-10-09 20:51:17,304|68,4
2013-10-09 20:51:21,533|69,2
2013-10-09 20:51:25,999|69,2
2013-10-09 20:51:30,111|69,2
2013-10-09 20:51:34,220|69,2
2013-10-09 20:51:37,772|69,8
2013-10-09 20:51:41,182|69,8
2013-10-09 20:51:44,767|69,4
2013-10-09 20:51:48,274|69,4
2013-10-09 20:51:51,758|69,6
2013-10-09 20:51:55,268|69,8
2013-10-09 20:51:58,787|69,8
2013-10-09 20:52:02,297|69,3
2013-10-09 20:52:05,746|69,3
2013-10-09 20:52:09,298|69,3
2013-10-09 20:52:12,697|70
2013-10-09 20:52:16,206|70
2013-10-09 20:52:19,692|69,8
2013-10-09 20:52:23,158|69,8
2013-10-09 20:52:26,616|68,8
2013-10-09 20:52:30,090|69
2013-10-09 20:52:33,564|69
2013-10-09 20:52:37,192|69,2
2013-10-09 20:52:40,740|70,2
2013-10-09 20:52:44,237|70,2
2013-10-09 20:52:47,833|70,2
2013-10-09 20:52:51,232|70,2
2013-10-09 20:52:54,718|70,2
2013-10-09 20:52:58,232|70
2013-10-09 20:53:01,811|70
2013-10-09 20:53:05,391|69,1
2013-10-09 20:53:09,012|69,1
2013-10-09 20:53:12,514|69,3
2013-10-09 20:53:16,020|70,2
2013-10-09 20:53:19,682|70,2
2013-10-09 20:53:23,239|68,6
2013-10-09 20:53:26,770|68,6
2013-10-09 20:53:30,490|68,2
2013-10-09 20:53:34,131|68,8
2013-10-09 20:53:37,660|68,8
2013-10-09 20:53:41,371|69,8
2013-10-09 20:53:44,933|70
2013-10-09 20:53:48,515|70
2013-10-09 20:53:52,066|69,8
2013-10-09 20:53:55,621|69,8
2013-10-09 20:53:59,264|69,4
2013-10-09 20:54:02,864|70,4
2013-10-09 20:54:06,401|70,4
2013-10-09 20:54:09,986|69,6
2013-10-09 20:54:13,624|70
2013-10-09 20:54:17,173|70
2013-10-09 20:54:20,740|69,2
2013-10-09 20:54:24,321|69,2
2013-10-09 20:54:27,856|70,2
2013-10-09 20:54:31,492|70,2
2013-10-09 20:54:35,048|70,2
2013-10-09 20:54:38,657|69,6
2013-10-09 20:54:42,313|69,2
2013-10-09 20:54:45,984|69,2
2013-10-09 20:54:49,574|69,6
2013-10-09 20:54:53,162|69,6
2013-10-09 20:54:56,723|69,4
2013-10-09 20:55:00,368|69,6
2013-10-09 20:55:03,967|69,8
2013-10-09 20:55:07,527|69
2013-10-09 20:55:11,169|69
2013-10-09 20:55:14,815|69
2013-10-09 20:55:18,540|69,4
2013-10-09 20:55:22,263|69,6
2013-10-09 20:55:25,930|69,8
2013-10-09 20:55:29,478|70,8
2013-10-09 20:55:33,109|70,8
2013-10-09 20:55:36,774|69,6
2013-10-09 20:55:40,462|69,6
2013-10-09 20:55:44,199|69,6
2013-10-09 20:55:47,851|68,6
2013-10-09 20:55:51,510|68,6
2013-10-09 20:55:55,212|69,2
2013-10-09 20:55:58,928|70,1
2013-10-09 20:56:02,598|70,1
2013-10-09 20:56:06,257|69,9
2013-10-09 20:56:10,058|70,2
2013-10-09 20:56:13,682|70,2
2013-10-09 20:56:17,363|68,9
2013-10-09 20:56:21,079|69,3
2013-10-09 20:56:24,748|68,9
2013-10-09 20:56:28,490|68,4
2013-10-09 20:56:32,150|69,8
2013-10-09 20:56:35,751|69,8
2013-10-09 20:56:39,359|69,9
2013-10-09 20:56:43,043|70,1
2013-10-09 20:56:46,775|70,7
2013-10-09 20:56:50,432|70,3
2013-10-09 20:56:54,197|70,3
2013-10-09 20:56:57,979|70,5
2013-10-09 20:57:01,671|72,3
2013-10-09 20:57:05,296|72,3
2013-10-09 20:57:08,902|80,1
2013-10-09 20:57:12,520|80,1
2013-10-09 20:57:16,166|88,9
2013-10-09 20:57:19,811|87,1
2013-10-09 20:57:23,409|87,6
2013-10-09 20:57:27,014|82,2
2013-10-09 20:57:30,577|83
2013-10-09 20:57:34,256|82,8
2013-10-09 20:57:37,843|92
2013-10-09 20:58:32,863|99,8
2013-10-09 20:58:36,628|99,6
2013-10-09 20:58:40,385|100
2013-10-09 20:58:44,090|100
2013-10-09 20:58:47,761|99,4
2013-10-09 20:58:51,422|99,8
2013-10-09 20:58:55,100|99,8
2013-10-09 20:58:58,744|99
2013-10-09 20:59:02,492|99
2013-10-09 20:59:06,150|98,6
2013-10-09 20:59:09,933|93,4
2013-10-09 20:59:13,696|93,4
2013-10-09 20:59:17,382|94,7
2013-10-09 20:59:21,203|98,3
2013-10-09 20:59:24,918|94,7
2013-10-09 20:59:28,671|95,1
2013-10-09 20:59:32,327|99,5
2013-10-09 20:59:36,143|95,1
2013-10-09 20:59:39,839|99,1
2013-10-09 20:59:43,598|99,4
2013-10-09 20:59:47,293|99,4
2013-10-09 20:59:50,986|98,3
2013-10-09 20:59:54,674|94,3
2013-10-09 20:59:58,548|98,5
2013-10-09 21:00:02,311|98,1
2013-10-09 21:00:05,996|98,1
2013-10-09 21:00:09,731|98,6
2013-10-09 21:00:13,509|99
2013-10-09 21:00:17,311|89
2013-10-09 21:00:21,097|99
2013-10-09 21:00:24,744|99,2
2013-10-09 21:00:28,439|89,2
2013-10-09 21:00:32,240|98,5
2013-10-09 21:00:36,092|98,7
2013-10-09 21:00:39,837|91
2013-10-09 21:00:43,601|97,9
2013-10-09 21:00:47,406|90,9
2013-10-09 21:00:51,215|92
2013-10-09 21:00:55,012|98,4
2013-10-09 21:00:58,865|92,4
2013-10-09 21:01:02,764|98,8
2013-10-09 21:01:06,698|98,8
2013-10-09 21:01:10,620|93,8
2013-10-09 21:01:14,466|98,6
2013-10-09 21:01:18,357|98,8
2013-10-09 21:01:22,355|93,6
2013-10-09 21:01:26,302|85,4
2013-10-09 21:01:30,225|69,2
2013-10-09 21:01:34,133|59,6
2013-10-09 21:01:38,006|39,5
2013-10-09 21:01:42,011|43
2013-10-09 21:01:45,953|39,4
2013-10-09 21:01:49,877|29,4
2013-10-09 21:01:53,699|43,9
2013-10-09 21:01:57,407|44,2
2013-10-09 21:02:01,389|34,3
2013-10-09 21:02:05,362|35,2
2013-10-09 21:02:09,305|40,7
2013-10-09 21:02:13,314|31,1
2013-10-09 21:02:17,274|30
2013-10-09 21:02:21,274|39,4
2013-10-09 21:02:25,273|39,2
2013-10-09 21:02:29,302|29,5
2013-10-09 21:02:33,274|25,4
2013-10-09 21:02:37,225|25,5
2013-10-09 21:02:41,164|15,8
2013-10-09 21:02:45,187|5,9
2013-10-09 21:02:49,184|1,4
2013-10-09 21:02:53,197|1
2013-10-09 21:02:57,198|1,4
2013-10-09 21:03:01,296|1
2013-10-09 21:03:05,314|0,9
2013-10-09 21:03:09,290|0,9
2013-10-09 21:03:13,285|1,1
2013-10-09 21:03:17,223|11,4
2013-10-09 21:03:21,185|20,7
2013-10-09 21:03:25,184|20,7
2013-10-09 21:03:29,108|30,7
2013-10-09 21:03:33,134|30,8
2013-10-09 21:03:37,150|30,8
2013-10-09 21:03:41,196|30,6
2013-10-09 21:03:45,141|31,4
2013-10-09 21:03:49,091|33
2013-10-09 21:03:53,146|32,1
2013-10-09 21:03:57,008|41,1
2013-10-09 21:04:00,883|41,1
2013-10-09 21:04:04,645|50,7
2013-10-09 21:04:08,567|60,9
2013-10-09 21:04:12,505|60,3
2013-10-09 21:04:16,366|61
2013-10-09 21:04:20,395|61,5
2013-10-09 21:04:24,407|60,5
2013-10-09 21:04:28,398|61,2
2013-10-09 21:04:32,368|62,3
2013-10-09 21:04:36,309|62,1
2013-10-09 21:04:40,281|63,5
2013-10-09 21:04:44,353|63,3
2013-10-09 21:04:48,426|63,4
2013-10-09 21:04:52,393|63
2013-10-09 21:04:56,518|62,7
2013-10-09 21:05:00,525|61,9
2013-10-09 21:05:04,633|61,5
2013-10-09 21:05:08,697|61,3
2013-10-09 21:05:12,744|60,9
2013-10-09 21:05:16,868|60,3
2013-10-09 21:05:21,010|60,3
2013-10-09 21:05:25,050|59,9
2013-10-09 21:05:29,038|60,3
2013-10-09 21:05:33,156|60,3
2013-10-09 21:05:37,212|61,4
2013-10-09 21:05:41,326|60,3
2013-10-09 21:05:45,399|60,3
2013-10-09 21:05:49,313|60,1
2013-10-09 21:05:53,337|59,7
2013-10-09 21:05:57,347|49,9
2013-10-09 21:06:01,325|59,9
2013-10-09 21:06:05,399|59,9
2013-10-09 21:06:09,175|50,2
2013-10-09 21:06:13,190|50,8
2013-10-09 21:06:17,245|59,9
2013-10-09 21:06:21,409|49,9
2013-10-09 21:06:25,507|53,1
2013-10-09 21:06:29,565|62,6
2013-10-09 21:06:33,741|62,6
2013-10-09 21:06:37,768|72,4
2013-10-09 21:06:41,722|89
2013-10-09 21:06:45,846|98,9
2013-10-09 21:06:49,996|98,9
2013-10-09 21:06:54,035|99
2013-10-09 21:06:58,189|99,4
2013-10-09 21:07:02,283|99,4
2013-10-09 21:07:06,411|99,6
2013-10-09 21:07:10,581|99,2
2013-10-09 21:07:14,856|99,4
2013-10-09 21:07:18,902|99,4
2013-10-09 21:07:23,043|98,8
2013-10-09 21:07:27,100|99
2013-10-09 21:07:30,993|98,8
2013-10-09 21:07:34,958|98,8
2013-10-09 21:07:39,066|98,8
2013-10-09 21:07:43,215|98,8
2013-10-09 21:07:47,301|99,2
2013-10-09 21:07:51,412|88,3
2013-10-09 21:07:55,327|78,7
2013-10-09 21:07:59,305|78,5
2013-10-09 21:08:03,428|69,2
2013-10-09 21:08:07,612|69,6
2013-10-09 21:08:11,550|69,6
2013-10-09 21:08:15,662|70
2013-10-09 21:08:19,657|69,2
2013-10-09 21:08:23,741|69
2013-10-09 21:08:27,884|69,2
2013-10-09 21:08:32,075|69,2
2013-10-09 21:08:36,230|69,6
2013-10-09 21:08:40,376|69,4
2013-10-09 21:08:44,527|69,6
2013-10-09 21:08:48,872|69,1
2013-10-09 21:08:53,021|69,5
2013-10-09 21:08:57,215|69,1
2013-10-09 21:09:01,479|68,9
2013-10-09 21:09:05,740|69,6
2013-10-09 21:09:09,903|69,4
2013-10-09 21:09:14,137|69,4
2013-10-09 21:09:18,296|69,2
2013-10-09 21:09:22,521|69,4
2013-10-09 21:09:26,687|69,6
2013-10-09 21:09:30,895|69,4
2013-10-09 21:09:35,106|69,4
2013-10-09 21:09:39,299|69,5
2013-10-09 21:09:43,452|69,5
2013-10-09 21:09:47,752|79,6
2013-10-09 21:09:51,958|79,4
2013-10-09 21:09:56,193|89,2
2013-10-09 21:10:00,327|99,2
2013-10-09 21:10:04,559|89,6
2013-10-09 21:10:08,695|89
2013-10-09 21:10:13,056|78,5
2013-10-09 21:10:17,336|69,3
2013-10-09 21:10:21,593|62,8
2013-10-09 21:10:25,859|53,4
2013-10-09 21:10:30,230|48,9
2013-10-09 21:10:34,575|50,8
2013-10-09 21:10:38,786|50,8
2013-10-09 21:10:43,138|51,9
2013-10-09 21:10:47,506|52,2
2013-10-09 21:10:51,900|52
2013-10-09 21:10:56,208|51,4
2013-10-09 21:11:00,375|49,3
2013-10-09 21:11:04,652|49
2013-10-09 21:11:08,999|48,6
2013-10-09 21:11:13,408|49,3
2013-10-09 21:11:17,764|50
2013-10-09 21:11:22,112|50,3
2013-10-09 21:11:26,506|49,9
2013-10-09 21:11:30,959|50,3
2013-10-09 21:11:35,361|50,3
2013-10-09 21:11:39,771|49,7
2013-10-09 21:11:44,124|48,1
2013-10-09 21:11:48,548|49,3
2013-10-09 21:11:52,960|49,3
2013-10-09 21:11:57,388|51
2013-10-09 21:12:01,755|50,7
2013-10-09 21:12:06,219|40,2
2013-10-09 21:12:10,689|30,5
2013-10-09 21:12:15,121|30,5
2013-10-09 21:12:19,660|30,7
2013-10-09 21:12:24,155|20,5
2013-10-09 21:12:28,603|10,2
2013-10-09 21:12:33,018|1,2
2013-10-09 21:12:37,416|1,2
2013-10-09 21:12:41,848|1,3
2013-10-09 21:12:46,330|1,2
2013-10-09 21:12:50,867|0,4
2013-10-09 21:12:55,346|0,9
2013-10-09 21:12:59,814|0,9
2013-10-09 21:13:04,249|1,5
2013-10-09 21:13:08,663|1,6
2013-10-09 21:13:13,140|1,2
2013-10-09 21:13:17,550|0,8
2013-10-09 21:13:22,117|0,8
2013-10-09 21:13:26,612|1,2
2013-10-09 21:13:31,143|1,5
2013-10-09 21:13:35,589|1,3
2013-10-09 21:13:40,055|1,3
2013-10-09 21:13:44,541|1,3
2013-10-09 21:13:49,060|1,1
2013-10-09 21:13:53,523|1
2013-10-09 21:13:58,152|0,5
2013-10-09 21:14:02,730|1,2
2013-10-09 21:14:07,307|1,2
2013-10-09 21:14:11,888|0,8
2013-10-09 21:14:16,378|0,8
2013-10-09 21:14:20,832|1,3
2013-10-09 21:14:25,357|1,7
2013-10-09 21:14:29,845|0,7
2013-10-09 21:14:34,452|0,7
2013-10-09 21:14:39,016|0,2
2013-10-09 21:14:43,649|0
2013-10-09 21:14:48,305|1,4
2013-10-09 21:14:52,910|1,7
2013-10-09 21:14:57,425|1,3
2013-10-09 21:15:01,976|1,3
2013-10-09 21:15:06,537|0,3
