2013-10-09 20:23:44,252|0,0|0,0|100,0|995|914|81|3,63|0,36|0,59|0,00
2013-10-09 20:23:49,897|0,0|0,0|100,0|995|914|81|3,63|0,36|0,81|0,00
2013-10-09 20:23:55,408|0,0|0,0|100,0|995|913|82|3,63|0,36|1,94|0,00
2013-10-09 20:24:00,910|0,0|0,0|98,0|995|913|82|3,63|0,36|1,04|0,00
2013-10-09 20:24:06,410|0,0|0,0|100,0|995|913|82|3,63|0,36|0,36|0,00
2013-10-09 20:24:11,920|0,0|0,0|100,0|995|913|82|3,63|0,36|7,92|0,00
2013-10-09 20:24:17,425|0,0|0,0|100,0|995|913|82|3,63|0,36|2,26|0,00
2013-10-09 20:24:22,997|0,0|0,0|98,0|995|913|82|3,63|0,36|0,83|0,00
2013-10-09 20:24:28,529|0,0|0,0|100,0|995|913|82|3,63|0,36|0,44|0,00
2013-10-09 20:24:34,093|0,0|0,0|97,9|995|913|82|3,63|0,36|0,85|0,00
2013-10-09 20:24:39,631|0,0|0,0|100,0|995|913|82|3,63|0,36|12,34|0,00
2013-10-09 20:24:45,157|0,0|0,0|98,0|995|913|82|3,63|0,36|2,08|0,00
2013-10-09 20:24:50,672|0,0|0,0|100,0|995|913|82|3,63|0,36|2,21|0,00
2013-10-09 20:24:56,176|0,0|0,0|100,0|995|913|82|3,63|0,37|1,00|0,00
2013-10-09 20:25:01,745|0,0|0,0|98,0|995|913|82|3,63|0,37|0,56|0,00
2013-10-09 20:25:07,273|0,0|0,0|100,0|995|913|82|3,63|0,37|0,36|0,00
2013-10-09 20:25:12,749|0,0|0,0|100,0|995|913|82|3,63|0,37|0,45|0,00
2013-10-09 20:25:18,271|0,0|0,0|100,0|995|913|82|3,63|0,37|13,36|0,00
2013-10-09 20:25:23,789|0,0|0,0|100,0|995|913|82|3,63|0,37|0,18|0,00
2013-10-09 20:25:29,294|0,0|0,0|100,0|995|913|82|3,63|0,37|1,73|0,00
2013-10-09 20:25:34,773|0,0|0,0|100,0|995|913|82|3,63|0,37|0,94|0,00
2013-10-09 20:25:40,283|0,0|0,0|100,0|995|913|82|3,63|0,37|0,76|0,00
2013-10-09 20:25:45,794|0,0|0,0|98,0|995|913|82|3,63|0,37|9,68|7,40
2013-10-09 20:25:51,332|6,0|6,0|88,0|995|913|82|3,63|0,37|5,69|27,70
2013-10-09 20:25:56,883|1,9|0,0|98,0|995|913|82|3,63|0,37|1,42|0,00
2013-10-09 20:26:02,520|0,0|0,0|100,0|995|913|82|3,63|0,37|6,74|6,76
2013-10-09 20:26:08,068|6,0|4,0|88,0|995|913|82|3,63|0,37|9,71|27,72
2013-10-09 20:26:13,629|6,0|2,0|92,0|995|913|82|3,63|0,37|0,39|0,00
2013-10-09 20:26:19,268|0,0|0,0|100,0|995|913|82|3,63|0,37|5,22|5,50
2013-10-09 20:26:24,866|2,0|8,0|88,0|995|913|82|3,63|0,37|5,42|27,66
2013-10-09 20:26:30,395|2,0|6,0|90,0|995|913|82|3,63|0,37|0,62|0,00
2013-10-09 20:26:35,915|0,0|0,0|100,0|995|913|82|3,63|0,37|6,33|5,79
2013-10-09 20:26:41,531|4,1|4,1|91,6|995|913|81|3,63|0,37|9,35|31,12
2013-10-09 20:26:47,097|4,0|6,0|88,0|995|915|79|3,63|0,37|0,67|0,00
2013-10-09 20:26:52,642|0,0|0,0|100,0|995|915|79|3,63|0,37|6,08|5,93
2013-10-09 20:26:58,176|0,0|0,0|98,0|995|915|79|3,63|0,37|11,25|33,66
2013-10-09 20:27:03,728|6,0|4,0|90,0|995|915|79|3,63|0,37|5,34|27,65
2013-10-09 20:27:09,278|0,0|0,0|100,0|995|915|79|3,63|0,37|0,81|0,00
2013-10-09 20:27:14,906|0,0|0,0|98,0|995|915|79|3,63|0,37|4,73|6,21
2013-10-09 20:27:20,468|4,0|6,1|89,7|995|915|79|3,63|0,37|5,52|27,65
2013-10-09 20:27:26,042|74,0|8,0|18,0|995|917|78|3,63|0,37|2,81|1,41
2013-10-09 20:27:31,861|78,0|0,0|22,0|995|917|78|3,63|0,37|10,91|36,72
2013-10-09 20:27:37,717|94,0|6,0|0,0|995|916|78|3,63|0,37|2,52|2,10
2013-10-09 20:27:43,613|84,3|1,9|13,7|995|917|78|3,63|0,37|11,09|39,02
2013-10-09 20:27:49,393|86,0|0,0|14,0|995|917|78|3,63|0,37|1,19|1,41
2013-10-09 20:27:55,245|78,0|4,0|18,0|995|917|78|3,63|0,37|4,21|2,89
2013-10-09 20:28:01,109|89,7|0,0|10,2|995|917|78|3,63|0,37|2,70|1,75
2013-10-09 20:28:06,893|82,0|0,0|18,0|995|917|77|3,63|0,37|1,23|1,41
2013-10-09 20:28:12,753|89,7|0,0|10,2|995|917|77|3,63|0,37|0,44|0,00
2013-10-09 20:28:18,515|0,0|0,0|100,0|995|917|78|3,63|0,37|10,58|45,29
2013-10-09 20:28:24,036|4,0|6,1|89,7|995|917|78|3,63|0,37|4,97|38,30
2013-10-09 20:28:29,604|2,0|8,1|87,7|995|917|78|3,63|0,37|0,21|0,00
2013-10-09 20:28:35,158|2,0|0,0|98,0|995|917|78|3,63|0,37|1,44|0,00
2013-10-09 20:28:40,670|0,0|0,0|100,0|995|917|78|3,63|0,37|5,33|7,27
2013-10-09 20:28:46,313|1,9|1,9|94,1|995|918|77|3,63|0,37|8,69|43,94
2013-10-09 20:28:51,883|4,0|4,0|92,0|995|917|78|3,63|0,37|5,81|38,30
2013-10-09 20:28:57,413|0,0|0,0|100,0|995|918|77|3,63|0,37|10,86|0,00
2013-10-09 20:29:02,927|0,0|0,0|98,0|995|917|78|3,63|0,37|6,36|7,61
2013-10-09 20:29:08,575|60,7|5,8|0,0|995|914|81|3,77|0,37|9,91|46,08
2013-10-09 20:29:14,457|35,2|7,8|0,0|995|916|79|3,86|0,37|0,97|0,00
2013-10-09 20:29:20,418|90,1|3,9|0,0|995|922|72|3,89|0,37|6,13|9,17
2013-10-09 20:29:26,756|100,0|0,0|0,0|995|858|136|3,93|0,37|12,06|48,83
2013-10-09 20:29:33,906|94,0|6,0|0,0|995|918|76|3,96|0,37|0,88|0,14
2013-10-09 20:29:39,718|98,0|2,0|0,0|995|919|76|3,99|0,37|6,23|9,82
2013-10-09 20:29:45,512|60,0|4,0|0,0|995|918|77|4,06|0,37|11,65|51,59
2013-10-09 20:29:51,378|78,0|10,0|0,0|995|921|74|4,08|0,37|2,31|0,71
2013-10-09 20:29:57,182|32,0|2,0|66,0|995|916|79|4,10|0,37|3,46|1,01
2013-10-09 20:30:02,801|78,0|2,0|20,0|995|916|79|4,10|0,37|9,88|54,23
2013-10-09 20:30:08,486|42,0|4,0|54,0|995|917|78|4,10|0,37|5,67|45,14
2013-10-09 20:30:14,254|6,1|4,0|89,7|995|916|79|4,10|0,37|0,39|0,13
2013-10-09 20:30:19,804|2,0|0,0|98,0|995|916|78|4,10|0,37|0,18|0,00
2013-10-09 20:30:25,311|0,0|0,0|100,0|995|916|78|4,10|0,37|5,79|8,53
2013-10-09 20:30:30,886|0,0|0,0|100,0|995|916|78|4,10|0,37|5,03|8,59
2013-10-09 20:30:36,460|0,0|0,0|100,0|995|916|78|4,10|0,37|10,49|55,01
2013-10-09 20:30:42,021|6,0|4,0|88,0|995|916|78|4,10|0,37|5,12|46,28
2013-10-09 20:30:47,541|4,0|4,0|92,0|995|917|78|4,10|0,37|4,27|44,89
2013-10-09 20:30:53,059|6,0|4,0|88,0|995|916|78|4,10|0,37|0,53|0,00
2013-10-09 20:30:58,568|1,9|0,0|98,0|995|916|78|4,10|0,37|1,92|0,00
2013-10-09 20:31:04,140|0,0|0,0|100,0|995|916|79|4,10|0,37|5,11|9,02
2013-10-09 20:31:09,732|0,0|0,0|100,0|995|916|79|4,10|0,37|6,68|9,09
2013-10-09 20:31:15,321|0,0|0,0|100,0|995|916|79|4,10|0,37|10,27|55,44
2013-10-09 20:31:20,817|2,0|0,0|98,0|995|917|77|4,10|0,37|6,93|52,93
2013-10-09 20:31:26,403|6,0|4,0|90,0|995|916|79|4,10|0,37|6,56|46,28
2013-10-09 20:31:31,919|1,9|1,9|96,0|995|917|77|4,10|0,37|3,79|44,89
2013-10-09 20:31:37,425|75,5|12,2|0,0|995|914|80|4,19|0,37|0,52|0,00
2013-10-09 20:31:43,525|45,8|2,0|0,0|995|915|80|4,33|0,37|0,24|0,00
2013-10-09 20:31:49,682|98,0|2,0|0,0|995|921|74|4,42|0,37|1,80|1,81
2013-10-09 20:31:57,705|98,0|2,0|0,0|995|919|75|4,45|0,37|1,98|1,42
2013-10-09 20:32:03,706|90,1|7,8|0,0|995|920|75|4,48|0,37|0,99|0,27
2013-10-09 20:32:09,909|98,0|2,0|0,0|995|912|83|4,51|0,37|7,54|52,73
2013-10-09 20:32:15,678|92,0|8,0|0,0|995|919|75|4,52|0,37|4,56|50,57
2013-10-09 20:32:21,497|96,0|4,0|0,0|995|915|80|4,55|0,37|2,58|1,42
2013-10-09 20:32:27,336|96,0|4,0|0,0|995|919|75|4,55|0,37|2,22|1,35
2013-10-09 20:32:33,166|98,0|1,9|0,0|995|923|72|4,56|0,37|1,96|1,42
2013-10-09 20:32:39,094|25,4|5,8|0,0|995|916|78|4,57|0,37|6,27|10,62
2013-10-09 20:32:44,826|0,0|0,0|100,0|995|918|77|4,58|0,37|9,91|67,36
2013-10-09 20:32:50,390|92,0|6,0|0,0|995|916|79|4,58|0,37|5,48|57,15
2013-10-09 20:32:56,268|100,0|0,0|0,0|995|917|77|4,58|0,37|2,40|12,09
2013-10-09 20:33:02,044|98,0|0,0|0,0|995|914|80|4,58|0,37|0,78|0,00
2013-10-09 20:33:07,860|100,0|0,0|0,0|995|914|81|4,58|0,37|2,02|0,30
2013-10-09 20:33:13,657|100,0|0,0|0,0|995|914|80|4,58|0,37|4,77|10,63
2013-10-09 20:33:19,462|100,0|0,0|0,0|995|879|116|4,58|0,37|7,50|66,39
2013-10-09 20:33:25,232|98,0|2,0|0,0|995|878|117|4,58|0,37|2,17|0,00
2013-10-09 20:33:31,002|0,0|0,0|100,0|995|842|153|4,58|0,37|0,12|0,00
2013-10-09 20:33:36,561|78,0|2,0|18,0|995|843|152|4,58|0,37|2,21|1,42
2013-10-09 20:33:42,462|92,0|2,0|6,0|995|843|152|4,58|0,37|2,48|1,41
2013-10-09 20:33:48,317|95,9|0,0|4,0|995|843|152|4,58|0,37|4,22|2,81
2013-10-09 20:33:54,236|82,0|2,0|16,0|995|843|152|4,58|0,37|6,71|13,05
2013-10-09 20:34:00,141|77,5|2,0|20,4|995|843|151|4,58|0,37|6,33|12,55
2013-10-09 20:34:06,068|82,0|0,0|18,0|995|843|152|4,58|0,37|7,69|12,62
2013-10-09 20:34:12,029|76,0|2,0|22,0|995|843|152|4,58|0,37|11,38|17,31
2013-10-09 20:34:18,125|55,1|44,8|0,0|995|847|148|4,58|0,37|21,37|80,04
2013-10-09 20:34:24,221|48,9|51,0|0,0|995|851|144|4,58|0,37|11,36|79,80
2013-10-09 20:34:30,317|50,0|50,0|0,0|995|853|142|4,58|0,37|10,72|75,71
2013-10-09 20:34:36,589|56,0|44,0|0,0|995|859|135|4,58|0,37|3,08|64,81
2013-10-09 20:34:42,701|47,0|52,9|0,0|995|862|133|4,58|0,37|2,49|1,69
2013-10-09 20:34:48,803|51,0|48,9|0,0|995|857|138|4,58|0,37|3,63|2,41
2013-10-09 20:34:54,998|50,0|50,0|0,0|995|855|140|4,58|0,37|6,58|13,54
2013-10-09 20:35:01,248|54,0|46,0|0,0|995|860|134|4,58|0,37|8,64|83,15
2013-10-09 20:35:07,384|50,0|50,0|0,0|995|859|136|4,58|0,37|2,01|1,10
2013-10-09 20:35:13,525|52,0|48,0|0,0|995|858|137|4,58|0,37|2,80|2,52
2013-10-09 20:35:19,688|52,0|48,0|0,0|995|862|132|4,58|0,37|5,20|12,73
2013-10-09 20:35:25,869|51,0|48,9|0,0|995|862|132|4,58|0,37|13,12|89,91
2013-10-09 20:35:31,973|53,0|46,9|0,0|995|860|135|4,58|0,37|4,38|74,57
2013-10-09 20:35:38,065|56,0|44,0|0,0|995|857|138|4,58|0,37|7,24|0,77
2013-10-09 20:35:44,213|61,2|38,7|0,0|995|853|142|4,58|0,37|4,86|2,87
2013-10-09 20:35:50,353|54,9|45,0|0,0|995|852|142|4,58|0,37|7,01|13,89
2013-10-09 20:35:56,497|47,0|52,9|0,0|995|852|143|4,58|0,37|7,86|79,30
2013-10-09 20:36:02,597|52,0|48,0|0,0|995|854|141|4,58|0,37|0,35|0,00
2013-10-09 20:36:08,709|52,0|48,0|0,0|995|855|140|4,58|0,37|0,64|0,00
2013-10-09 20:36:14,861|52,0|48,0|0,0|995|857|138|4,58|0,37|1,93|1,33
2013-10-09 20:36:21,027|50,0|50,0|0,0|995|857|137|4,58|0,37|5,12|12,79
2013-10-09 20:36:27,173|50,0|50,0|0,0|995|859|135|4,58|0,37|5,80|84,85
2013-10-09 20:36:33,295|54,0|46,0|0,0|995|858|137|4,58|0,37|2,75|83,39
2013-10-09 20:36:39,391|50,0|50,0|0,0|995|858|137|4,58|0,37|0,61|0,00
2013-10-09 20:36:45,592|49,0|50,9|0,0|995|887|108|4,58|0,37|5,33|13,14
2013-10-09 20:36:51,765|50,0|48,0|0,0|995|892|103|4,58|0,37|10,20|100,92
2013-10-09 20:36:57,865|61,2|38,7|0,0|995|888|106|4,58|0,37|5,01|88,56
2013-10-09 20:37:04,029|64,7|35,2|0,0|995|885|110|4,58|0,37|2,08|1,04
2013-10-09 20:37:10,185|60,0|40,0|0,0|995|885|110|4,58|0,37|1,68|1,04
2013-10-09 20:37:16,397|56,0|44,0|0,0|995|885|110|4,58|0,37|5,91|14,59
2013-10-09 20:37:22,601|60,0|40,0|0,0|995|885|110|4,58|0,37|10,85|104,18
2013-10-09 20:37:28,718|54,0|46,0|0,0|995|885|110|4,58|0,37|7,37|90,93
2013-10-09 20:37:34,877|61,2|38,7|0,0|995|884|110|4,58|0,37|2,46|1,04
2013-10-09 20:37:40,967|21,5|78,4|0,0|995|847|147|4,58|0,37|1,81|1,04
2013-10-09 20:37:46,729|22,0|78,0|0,0|995|846|148|4,58|0,37|4,15|1,04
2013-10-09 20:37:52,568|16,0|84,0|0,0|995|846|149|4,58|0,37|1,90|1,04
2013-10-09 20:37:58,332|16,3|83,6|0,0|995|846|149|4,58|0,37|3,09|1,04
2013-10-09 20:38:04,075|18,0|82,0|0,0|995|846|149|4,58|0,37|1,51|1,04
2013-10-09 20:38:09,816|22,0|78,0|0,0|995|846|149|4,58|0,37|2,16|1,04
2013-10-09 20:38:15,542|18,0|82,0|0,0|995|846|149|4,58|0,37|2,82|1,04
2013-10-09 20:38:21,290|20,0|80,0|0,0|995|846|149|4,58|0,37|2,84|1,04
2013-10-09 20:38:27,066|32,6|67,3|0,0|995|846|149|4,58|0,37|2,62|1,04
2013-10-09 20:38:32,903|14,0|86,0|0,0|995|846|149|4,58|0,37|1,45|1,04
2013-10-09 20:38:38,768|0,0|0,0|100,0|995|845|149|4,58|0,37|0,15|0,00
2013-10-09 20:38:44,314|2,0|2,0|96,0|995|845|149|4,58|0,37|0,30|0,00
2013-10-09 20:38:49,889|8,0|4,0|88,0|995|845|149|4,58|0,37|0,53|0,00
2013-10-09 20:38:55,427|4,0|6,0|90,0|995|845|149|4,58|0,37|7,65|89,85
2013-10-09 20:39:01,001|2,0|0,0|98,0|995|847|148|4,58|0,37|7,12|101,92
2013-10-09 20:39:06,556|0,0|0,0|100,0|995|845|149|4,58|0,37|7,25|15,16
2013-10-09 20:39:12,108|0,0|0,0|100,0|995|845|149|4,58|0,37|5,31|15,00
2013-10-09 20:39:17,667|0,0|1,9|94,1|995|845|149|4,58|0,37|0,44|0,06
2013-10-09 20:39:23,302|2,0|0,0|98,0|995|845|149|4,58|0,37|0,20|0,00
2013-10-09 20:39:28,828|2,0|8,0|90,0|995|845|149|4,58|0,37|0,18|0,00
2013-10-09 20:39:34,399|6,0|6,0|88,0|995|845|149|4,58|0,37|0,12|0,00
2013-10-09 20:39:39,947|8,0|4,0|88,0|995|845|149|4,58|0,37|5,88|89,78
2013-10-09 20:39:45,516|0,0|0,0|100,0|995|845|149|4,58|0,37|10,21|105,20
2013-10-09 20:39:51,047|0,0|0,0|96,0|995|845|149|4,58|0,37|5,31|15,50
2013-10-09 20:39:56,583|0,0|0,0|100,0|995|846|149|4,58|0,37|1,99|0,00
2013-10-09 20:40:02,173|0,0|0,0|100,0|995|846|149|4,58|0,37|1,32|0,00
2013-10-09 20:40:07,714|2,0|8,0|90,0|995|846|149|4,58|0,37|0,62|0,00
2013-10-09 20:40:13,277|4,0|2,0|93,8|995|846|149|4,58|0,37|5,47|89,78
2013-10-09 20:40:18,803|0,0|2,0|96,0|995|846|148|4,58|0,37|8,40|104,16
2013-10-09 20:40:24,323|0,0|0,0|100,0|995|846|149|4,58|0,37|6,85|17,37
2013-10-09 20:40:29,869|0,0|0,0|82,0|995|845|149|4,58|0,37|5,53|16,00
2013-10-09 20:40:35,417|0,0|0,0|100,0|995|845|149|4,58|0,37|0,85|0,00
2013-10-09 20:40:41,042|0,0|0,0|100,0|995|845|149|4,58|0,37|0,79|0,06
2013-10-09 20:40:46,650|6,1|2,0|91,8|995|846|149|4,58|0,37|1,20|0,00
2013-10-09 20:40:52,208|6,1|4,0|0,0|995|854|141|4,58|0,37|5,96|90,06
2013-10-09 20:40:58,041|56,0|2,0|0,0|995|917|78|4,69|0,37|9,05|18,93
2013-10-09 20:41:04,223|52,9|3,9|0,0|995|914|80|4,85|0,37|7,19|17,81
2013-10-09 20:41:10,210|70,0|4,0|0,0|995|914|80|5,01|0,37|4,66|16,42
2013-10-09 20:41:16,046|62,0|4,0|0,0|995|923|72|5,06|0,37|5,74|16,55
2013-10-09 20:41:21,771|1,9|0,0|98,0|995|913|81|5,09|0,37|0,53|0,00
2013-10-09 20:41:27,322|6,1|4,0|89,7|995|913|81|5,09|0,37|1,68|0,00
2013-10-09 20:41:32,881|8,0|4,0|88,0|995|913|81|5,09|0,37|6,09|89,85
2013-10-09 20:41:38,429|0,0|0,0|100,0|995|913|81|5,09|0,37|9,37|19,11
2013-10-09 20:41:43,975|0,0|0,0|100,0|995|913|81|5,09|0,37|2,28|1,46
2013-10-09 20:41:49,569|1,9|1,9|96,0|995|914|81|5,09|0,37|1,58|0,00
2013-10-09 20:41:55,089|5,8|5,8|88,2|995|914|81|5,09|0,37|0,18|0,00
2013-10-09 20:42:00,657|4,1|4,1|91,6|995|914|81|5,09|0,37|5,68|89,84
2013-10-09 20:42:06,184|0,0|0,0|100,0|995|913|81|5,09|0,37|7,24|17,42
2013-10-09 20:42:11,749|0,0|0,0|95,9|995|914|81|5,09|0,37|2,97|0,00
2013-10-09 20:42:17,342|0,0|0,0|100,0|995|914|81|5,09|0,37|0,30|0,00
2013-10-09 20:42:22,768|2,0|2,0|96,0|995|915|80|5,09|0,37|4,41|88,59
2013-10-09 20:42:28,309|0,0|0,0|100,0|995|914|81|5,09|0,37|10,43|107,24
2013-10-09 20:42:33,835|0,0|0,0|100,0|995|914|81|5,09|0,37|5,24|17,48
2013-10-09 20:42:39,339|0,0|0,0|100,0|995|914|81|5,09|0,37|0,65|0,00
2013-10-09 20:42:44,916|4,0|6,0|90,0|995|914|81|5,09|0,37|0,39|0,00
2013-10-09 20:42:50,508|2,0|8,0|90,0|995|914|81|5,09|0,37|5,67|89,78
2013-10-09 20:42:56,040|0,0|0,0|100,0|995|914|81|5,09|0,37|11,92|17,82
2013-10-09 20:43:01,578|0,0|0,0|100,0|995|914|81|5,09|0,37|2,63|2,01
2013-10-09 20:43:07,157|4,0|6,0|88,0|995|914|81|5,09|0,37|2,57|1,15
2013-10-09 20:43:12,692|4,1|4,1|91,6|995|914|81|5,09|0,37|6,67|90,71
2013-10-09 20:43:18,203|0,0|0,0|92,0|995|914|81|5,09|0,37|6,04|18,29
2013-10-09 20:43:23,725|1,9|0,0|96,0|995|914|81|5,09|0,37|0,21|0,00
2013-10-09 20:43:29,318|4,0|6,0|90,0|995|914|81|5,09|0,38|2,19|0,00
2013-10-09 20:43:34,900|4,0|6,0|90,0|995|914|81|5,09|0,38|6,55|89,78
2013-10-09 20:43:40,440|0,0|0,0|100,0|995|914|81|5,09|0,38|5,17|18,32
2013-10-09 20:43:45,998|0,0|0,0|98,0|995|914|81|5,09|0,38|1,00|0,00
2013-10-09 20:43:51,574|2,0|2,0|96,0|995|914|81|5,09|0,38|0,82|0,00
2013-10-09 20:43:57,153|6,1|4,0|89,7|995|914|81|5,09|0,38|7,60|89,78
2013-10-09 20:44:02,683|0,0|0,0|100,0|995|914|81|5,09|0,38|5,89|18,60
2013-10-09 20:44:08,246|0,0|0,0|100,0|995|914|81|5,09|0,38|0,44|0,06
2013-10-09 20:44:13,825|6,0|4,0|90,0|995|914|81|5,09|0,38|0,81|0,00
2013-10-09 20:44:19,403|4,1|4,1|91,6|995|914|81|5,09|0,38|5,51|89,71
2013-10-09 20:44:24,945|0,0|0,0|98,0|995|914|81|5,09|0,38|5,23|18,88
2013-10-09 20:44:30,475|0,0|0,0|100,0|995|914|81|5,09|0,38|2,34|0,00
2013-10-09 20:44:36,069|4,0|6,1|89,7|995|914|81|5,09|0,38|0,91|0,00
2013-10-09 20:44:41,602|0,0|2,0|97,9|995|915|80|5,09|0,38|8,23|107,54
2013-10-09 20:44:47,167|0,0|0,0|100,0|995|914|81|5,09|0,38|4,91|3,00
2013-10-09 20:44:52,701|0,0|0,0|100,0|995|914|81|5,09|0,38|0,77|0,00
2013-10-09 20:44:58,217|4,0|6,0|90,0|995|914|81|5,09|0,38|5,56|89,78
2013-10-09 20:45:03,760|0,0|0,0|98,0|995|914|80|5,09|0,38|4,87|19,43
2013-10-09 20:45:09,356|0,0|0,0|100,0|995|914|81|5,09|0,38|0,06|0,00
2013-10-09 20:45:14,945|4,0|6,0|88,0|995|914|80|5,09|0,38|0,29|0,00
2013-10-09 20:45:20,455|0,0|0,0|100,0|995|914|81|5,09|0,38|10,51|109,38
2013-10-09 20:45:25,969|0,0|0,0|100,0|995|914|80|5,09|0,38|0,85|0,00
2013-10-09 20:45:31,559|5,8|3,9|88,2|995|914|81|5,09|0,38|0,23|0,00
2013-10-09 20:45:37,148|3,8|7,6|86,5|995|914|80|5,09|0,38|8,09|89,78
2013-10-09 20:45:42,691|0,0|0,0|100,0|995|914|81|5,09|0,38|4,81|20,04
2013-10-09 20:45:48,217|0,0|0,0|100,0|995|914|80|5,09|0,38|2,30|0,00
2013-10-09 20:45:53,791|2,0|6,1|91,8|995|914|80|5,09|0,38|0,06|0,00
2013-10-09 20:45:59,325|0,0|0,0|100,0|995|914|81|5,09|0,38|10,57|109,97
2013-10-09 20:46:04,838|0,0|0,0|100,0|995|914|80|5,09|0,38|0,91|0,00
2013-10-09 20:46:10,357|6,1|2,0|91,8|995|914|80|5,09|0,38|0,58|0,00
2013-10-09 20:46:15,970|2,0|0,0|97,9|995|915|79|5,09|0,38|7,84|108,24
2013-10-09 20:46:21,519|0,0|0,0|96,0|995|914|80|5,09|0,38|4,38|2,59
2013-10-09 20:46:27,085|1,9|0,0|98,0|995|914|80|5,09|0,38|2,16|0,00
2013-10-09 20:46:32,649|8,1|2,0|89,7|995|914|80|5,09|0,38|6,50|89,91
2013-10-09 20:46:38,192|0,0|0,0|100,0|995|914|80|5,09|0,38|7,05|20,68
2013-10-09 20:46:43,716|1,9|0,0|96,0|995|914|80|5,09|0,38|3,16|0,06
2013-10-09 20:46:49,226|4,0|6,1|89,7|995|914|80|5,09|0,38|5,90|89,78
2013-10-09 20:46:54,795|0,0|0,0|98,0|995|914|80|5,09|0,38|8,25|20,88
2013-10-09 20:47:00,325|2,0|0,0|98,0|995|914|80|5,09|0,38|0,83|0,00
2013-10-09 20:47:05,853|6,0|4,0|90,0|995|914|80|5,09|0,38|5,65|89,78
2013-10-09 20:47:11,419|0,0|0,0|100,0|995|914|80|5,09|0,38|5,06|21,16
2013-10-09 20:47:16,953|2,0|0,0|96,0|995|914|80|5,09|0,38|0,70|0,00
2013-10-09 20:47:22,466|6,1|4,0|89,7|995|914|80|5,09|0,38|5,80|89,84
2013-10-09 20:47:27,977|0,0|0,0|100,0|995|914|80|5,09|0,38|7,84|21,43
2013-10-09 20:47:33,544|2,0|0,0|98,0|995|914|80|5,09|0,38|0,56|0,00
2013-10-09 20:47:39,081|4,0|4,0|89,7|995|914|80|5,09|0,38|5,54|89,78
2013-10-09 20:47:44,595|0,0|0,0|100,0|995|915|80|5,09|0,38|2,43|1,39
2013-10-09 20:47:50,128|2,0|0,0|97,9|995|915|80|5,09|0,38|1,58|0,06
2013-10-09 20:47:55,710|3,9|1,9|94,1|995|916|78|5,09|0,38|6,70|98,43
2013-10-09 20:48:01,285|0,0|0,0|100,0|995|915|80|5,09|0,38|3,52|1,39
2013-10-09 20:48:06,864|4,0|2,0|93,8|995|915|80|5,09|0,38|1,10|0,00
2013-10-09 20:48:12,479|2,0|0,0|98,0|995|916|79|5,09|0,38|8,57|111,53
2013-10-09 20:48:18,052|0,0|0,0|100,0|995|915|80|5,09|0,38|0,45|0,00
2013-10-09 20:48:23,637|4,0|6,0|90,0|995|915|80|5,09|0,38|0,59|0,06
2013-10-09 20:48:29,210|0,0|0,0|100,0|995|915|80|5,09|0,38|9,99|112,14
2013-10-09 20:48:34,726|7,8|1,9|0,0|995|917|77|5,10|0,38|0,80|0,00
2013-10-09 20:48:40,470|30,6|8,1|0,0|995|916|79|5,14|0,45|5,95|89,98
2013-10-09 20:48:47,554|92,0|8,0|0,0|995|919|76|5,17|0,55|10,30|100,09
2013-10-09 20:48:53,810|0,0|0,0|100,0|995|899|96|5,18|0,61|0,29|0,00
2013-10-09 20:48:59,369|4,0|6,1|89,7|995|899|96|5,18|0,62|0,44|0,00
2013-10-09 20:49:04,962|0,0|0,0|100,0|995|899|96|5,18|0,62|10,26|112,28
2013-10-09 20:49:10,479|0,0|0,0|100,0|995|899|96|5,18|0,62|0,23|0,00
2013-10-09 20:49:16,051|3,9|1,9|94,1|995|901|94|5,18|0,62|1,33|16,41
2013-10-09 20:49:21,603|2,0|4,0|0,0|995|913|81|5,19|0,62|5,01|22,93
2013-10-09 20:49:27,340|100,0|0,0|0,0|995|914|81|5,19|0,62|1,64|0,00
2013-10-09 20:49:33,189|98,0|2,0|0,0|995|915|79|5,19|0,62|0,98|0,00
2013-10-09 20:49:38,979|100,0|0,0|0,0|995|916|79|5,19|0,62|8,54|112,53
2013-10-09 20:49:44,761|100,0|0,0|0,0|995|916|78|5,19|0,62|0,50|0,00
2013-10-09 20:49:50,555|100,0|0,0|0,0|995|917|78|5,19|0,62|1,38|0,00
2013-10-09 20:49:56,331|94,1|5,8|0,0|995|918|77|5,19|0,62|5,27|89,79
2013-10-09 20:50:02,079|100,0|0,0|0,0|995|918|77|5,19|0,62|6,47|23,36
2013-10-09 20:50:07,851|100,0|0,0|0,0|995|918|76|5,19|0,62|1,25|0,00
2013-10-09 20:50:13,635|100,0|0,0|0,0|995|920|75|5,19|0,62|2,98|87,64
2013-10-09 20:50:19,387|100,0|0,0|0,0|995|919|75|5,19|0,62|9,15|27,49
2013-10-09 20:50:25,325|100,0|0,0|0,0|995|921|74|5,19|0,62|1,93|0,27
2013-10-09 20:50:31,470|100,0|0,0|0,0|995|923|72|5,19|0,62|1,19|1,99
2013-10-09 20:50:37,621|94,1|5,8|0,0|995|912|83|5,19|0,62|7,14|92,27
2013-10-09 20:50:43,719|100,0|0,0|0,0|995|913|82|5,19|0,62|1,85|0,27
2013-10-09 20:50:49,969|100,0|0,0|0,0|995|906|89|5,19|0,62|11,77|118,91
2013-10-09 20:50:56,076|100,0|0,0|0,0|995|899|96|5,19|0,62|1,34|0,85
2013-10-09 20:51:02,213|96,0|2,0|0,0|995|906|89|5,19|0,62|13,43|231,99
2013-10-09 20:51:08,376|98,0|2,0|0,0|995|922|73|5,19|0,62|0,73|0,14
2013-10-09 20:51:14,505|98,0|1,9|0,0|995|918|76|5,19|0,62|0,90|0,57
2013-10-09 20:51:20,664|98,0|0,0|0,0|995|910|85|5,19|0,62|5,89|98,23
2013-10-09 20:51:26,761|100,0|0,0|0,0|995|907|88|5,19|0,62|1,23|1,15
2013-10-09 20:51:32,868|98,0|2,0|0,0|995|901|93|5,19|0,62|1,95|0,00
2013-10-09 20:51:38,719|100,0|0,0|0,0|995|900|95|5,19|0,62|5,68|24,51
2013-10-09 20:51:44,499|100,0|0,0|0,0|995|900|95|5,19|0,62|0,32|0,00
2013-10-09 20:51:50,269|97,9|2,0|0,0|995|900|95|5,19|0,62|6,52|100,59
2013-10-09 20:51:56,071|100,0|0,0|0,0|995|900|95|5,19|0,62|11,84|24,61
2013-10-09 20:52:01,827|100,0|0,0|0,0|995|900|95|5,19|0,62|1,28|0,00
2013-10-09 20:52:07,567|96,0|4,0|0,0|995|900|95|5,19|0,62|6,51|100,71
2013-10-09 20:52:13,319|100,0|0,0|0,0|995|898|96|5,19|0,62|5,15|24,86
2013-10-09 20:52:19,062|100,0|0,0|0,0|995|898|97|5,19|0,62|0,45|0,00
2013-10-09 20:52:24,833|96,0|4,0|0,0|995|899|96|5,19|0,62|5,78|100,72
2013-10-09 20:52:30,672|100,0|0,0|0,0|995|899|96|5,19|0,62|1,24|0,00
2013-10-09 20:52:36,447|98,0|2,0|0,0|995|899|96|5,19|0,62|0,85|0,00
2013-10-09 20:52:42,240|100,0|0,0|0,0|995|899|96|5,19|0,62|10,10|125,77
2013-10-09 20:52:47,987|100,0|0,0|0,0|995|899|96|5,19|0,62|0,53|0,00
2013-10-09 20:52:53,847|96,0|4,0|0,0|995|899|96|5,19|0,62|0,06|0,00
2013-10-09 20:52:59,619|100,0|0,0|0,0|995|899|96|5,19|0,62|10,12|126,23
2013-10-09 20:53:05,355|100,0|0,0|0,0|995|899|96|5,19|0,62|0,68|0,00
2013-10-09 20:53:11,149|96,0|4,0|0,0|995|899|96|5,19|0,62|5,67|100,78
2013-10-09 20:53:16,889|100,0|0,0|0,0|995|899|96|5,19|0,62|6,23|25,68
2013-10-09 20:53:22,670|96,0|2,0|0,0|995|899|95|5,19|0,62|7,28|221,13
2013-10-09 20:53:28,512|100,0|0,0|0,0|995|899|95|5,19|0,62|10,15|126,46
2013-10-09 20:53:34,242|100,0|0,0|0,0|995|899|95|5,19|0,62|1,27|0,00
2013-10-09 20:53:40,059|98,0|2,0|0,0|995|899|95|5,19|0,62|5,81|100,66
2013-10-09 20:53:45,815|100,0|0,0|0,0|995|899|95|5,19|0,62|4,88|26,00
2013-10-09 20:53:51,571|100,0|0,0|0,0|995|900|95|5,19|0,62|11,00|0,00
2013-10-09 20:53:57,365|100,0|0,0|0,0|995|901|94|5,19|0,62|12,68|126,69
2013-10-09 20:54:03,130|100,0|0,0|0,0|995|900|95|5,19|0,62|0,90|0,00
2013-10-09 20:54:08,939|94,0|6,0|0,0|995|900|95|5,19|0,62|0,23|0,00
2013-10-09 20:54:14,683|100,0|0,0|0,0|995|900|95|5,19|0,62|4,96|26,34
2013-10-09 20:54:20,483|100,0|0,0|0,0|995|900|95|5,19|0,62|1,00|0,00
2013-10-09 20:54:26,255|96,0|4,0|0,0|995|900|95|5,19|0,62|12,96|100,66
2013-10-09 20:54:31,995|100,0|0,0|0,0|995|900|95|5,19|0,62|0,12|0,00
2013-10-09 20:54:37,790|98,0|2,0|0,0|995|900|95|5,19|0,62|3,97|0,06
2013-10-09 20:54:43,597|100,0|0,0|0,0|995|900|95|5,19|0,62|4,79|26,79
2013-10-09 20:54:49,395|100,0|0,0|0,0|995|900|95|5,19|0,62|0,59|0,00
2013-10-09 20:54:55,189|96,0|4,0|0,0|995|900|95|5,19|0,62|5,63|100,65
2013-10-09 20:55:00,955|98,0|1,9|0,0|995|900|95|5,19|0,62|599,10|596,74
2013-10-09 20:55:06,828|96,0|4,0|0,0|995|900|95|5,19|0,62|0,59|0,00
2013-10-09 20:55:12,613|100,0|0,0|0,0|995|900|95|5,19|0,62|9,71|27,24
2013-10-09 20:55:18,392|100,0|0,0|0,0|995|903|92|5,19|0,62|2,90|0,06
2013-10-09 20:55:24,207|96,0|3,9|0,0|995|902|92|5,19|0,62|5,54|100,66
2013-10-09 20:55:29,975|100,0|0,0|0,0|995|902|92|5,19|0,62|0,21|0,00
2013-10-09 20:55:35,747|98,0|2,0|0,0|995|902|92|5,19|0,62|1,36|1,05
2013-10-09 20:55:41,549|100,0|0,0|0,0|995|901|94|5,19|0,62|5,42|27,44
2013-10-09 20:55:47,353|100,0|0,0|0,0|995|901|94|5,19|0,62|2,17|0,00
2013-10-09 20:55:53,147|100,0|0,0|0,0|995|901|94|5,19|0,62|10,40|128,24
2013-10-09 20:55:58,897|100,0|0,0|0,0|995|901|94|5,19|0,62|0,89|0,00
2013-10-09 20:56:04,700|98,0|2,0|0,0|995|901|94|5,19|0,62|12,77|100,72
2013-10-09 20:56:10,465|98,0|2,0|0,0|995|901|94|5,19|0,62|0,23|0,00
2013-10-09 20:56:16,257|98,0|2,0|0,0|995|901|94|5,19|0,62|0,00|0,00
2013-10-09 20:56:22,063|100,0|0,0|0,0|995|901|94|5,19|0,62|6,50|2,79
2013-10-09 20:56:27,820|100,0|0,0|0,0|995|901|94|5,19|0,62|2,11|0,00
2013-10-09 20:56:33,637|100,0|0,0|0,0|995|901|94|5,19|0,62|11,01|128,74
2013-10-09 20:56:39,383|100,0|0,0|0,0|995|901|94|5,19|0,62|0,23|0,00
2013-10-09 20:56:45,179|98,0|2,0|0,0|995|901|94|5,19|0,62|5,27|100,72
2013-10-09 20:56:50,925|100,0|0,0|0,0|995|901|94|5,19|0,62|0,89|0,00
2013-10-09 20:56:56,740|92,0|6,0|0,0|995|902|93|5,19|0,62|3,62|99,13
2013-10-09 20:57:02,563|100,0|0,0|0,0|995|901|94|5,19|0,62|5,97|28,44
2013-10-09 20:57:08,321|100,0|0,0|0,0|995|901|94|5,19|0,62|0,43|0,00
2013-10-09 20:57:14,133|100,0|0,0|0,0|995|901|94|5,19|0,62|10,25|129,22
2013-10-09 20:57:19,887|100,0|0,0|0,0|995|901|94|5,19|0,62|0,18|0,00
2013-10-09 20:57:25,649|100,0|0,0|0,0|995|902|93|5,19|0,62|3,77|99,20
2013-10-09 20:57:31,405|100,0|0,0|0,0|995|901|94|5,19|0,62|0,86|0,00
2013-10-09 20:57:37,143|100,0|0,0|0,0|995|901|94|5,19|0,62|15,30|482,31
2013-10-09 20:57:42,905|100,0|0,0|0,0|995|901|93|5,19|0,62|0,12|0,00
2013-10-09 20:57:48,653|94,0|2,0|0,0|995|901|94|5,19|0,62|193,26|192,00
2013-10-09 20:57:54,459|100,0|0,0|0,0|995|901|93|5,19|0,62|0,06|0,00
2013-10-09 20:58:00,203|100,0|0,0|0,0|995|901|93|5,19|0,62|0,15|0,00
2013-10-09 20:58:05,953|100,0|0,0|0,0|995|901|93|5,19|0,62|2,23|0,00
2013-10-09 20:58:11,699|100,0|0,0|0,0|995|901|93|5,19|0,62|5,91|0,00
2013-10-09 20:58:17,443|100,0|0,0|0,0|995|901|93|5,19|0,62|0,47|0,00
2013-10-09 20:58:23,207|100,0|0,0|0,0|995|901|93|5,19|0,62|6,27|31,55
2013-10-09 20:58:28,980|100,0|0,0|0,0|995|901|93|5,19|0,62|13,25|412,47
2013-10-09 20:58:34,731|100,0|0,0|0,0|995|902|93|5,19|0,62|10,13|130,30
2013-10-09 20:58:40,475|100,0|0,0|0,0|995|902|93|5,19|0,62|0,12|0,00
2013-10-09 20:58:46,278|94,0|6,0|0,0|995|902|93|5,19|0,62|200,99|288,21
2013-10-09 20:58:52,147|100,0|0,0|0,0|995|902|93|5,19|0,62|0,69|0,00
2013-10-09 20:58:57,941|92,1|7,8|0,0|995|902|93|5,19|0,62|2,22|0,00
2013-10-09 20:59:03,757|100,0|0,0|0,0|995|902|92|5,19|0,62|5,78|29,97
2013-10-09 20:59:09,565|100,0|0,0|0,0|995|902|92|5,19|0,62|0,43|0,00
2013-10-09 20:59:15,361|100,0|0,0|0,0|995|902|92|5,19|0,62|10,43|106,46
2013-10-09 20:59:21,157|98,0|2,0|0,0|995|902|92|5,19|0,62|0,81|0,00
2013-10-09 20:59:27,029|98,0|2,0|0,0|995|902|93|5,19|0,62|6,46|103,15
2013-10-09 20:59:32,908|100,0|0,0|0,0|995|902|93|5,19|0,62|0,65|0,71
2013-10-09 20:59:38,885|95,9|4,0|0,0|995|908|87|5,19|0,62|1,45|0,71
2013-10-09 20:59:44,919|98,0|0,0|0,0|995|908|87|5,19|0,62|21,25|133,63
2013-10-09 20:59:50,853|100,0|0,0|0,0|995|908|87|5,19|0,62|1,99|0,00
2013-10-09 20:59:56,629|98,0|0,0|0,0|995|908|87|5,19|0,62|453,86|572,68
2013-10-09 21:00:02,469|100,0|0,0|0,0|995|908|87|5,19|0,62|4,83|0,00
2013-10-09 21:00:08,249|96,0|4,0|0,0|995|908|87|5,19|0,62|6,59|103,47
2013-10-09 21:00:14,001|100,0|0,0|0,0|995|908|87|5,19|0,62|2,34|0,00
2013-10-09 21:00:19,812|96,0|3,9|0,0|995|909|85|5,19|0,62|1,00|0,00
2013-10-09 21:00:25,590|98,0|2,0|0,0|995|908|86|5,19|0,62|0,67|0,00
2013-10-09 21:00:31,448|96,0|4,0|0,0|995|908|86|5,19|0,62|6,71|0,00
2013-10-09 21:00:37,244|100,0|0,0|0,0|995|908|87|5,19|0,62|10,40|31,84
2013-10-09 21:00:43,152|100,0|0,0|0,0|995|908|87|5,19|0,62|0,66|0,79
2013-10-09 21:00:49,121|100,0|0,0|0,0|995|908|87|5,19|0,62|11,35|136,38
2013-10-09 21:00:55,144|100,0|0,0|0,0|995|908|87|5,19|0,62|1,63|1,52
2013-10-09 21:01:01,197|98,0|2,0|0,0|995|908|87|5,19|0,62|6,77|105,57
2013-10-09 21:01:07,101|100,0|0,0|0,0|995|908|87|5,19|0,62|2,72|0,71
2013-10-09 21:01:13,101|4,0|6,1|89,7|995|871|123|5,19|0,62|6,13|106,68
2013-10-09 21:01:18,924|0,0|0,0|100,0|995|871|123|5,19|0,62|0,98|0,00
2013-10-09 21:01:24,486|1,9|0,0|98,0|995|871|123|5,19|0,62|7,12|31,92
2013-10-09 21:01:30,037|1,9|1,9|96,0|995|872|123|5,19|0,62|0,21|0,00
2013-10-09 21:01:35,614|0,0|0,0|100,0|995|872|123|5,19|0,62|0,49|0,14
2013-10-09 21:01:41,169|4,0|0,0|95,9|995|873|122|5,19|0,62|11,30|104,54
2013-10-09 21:01:46,725|0,0|0,0|100,0|995|872|123|5,19|0,62|1,26|0,00
2013-10-09 21:01:52,248|6,2|2,0|91,6|995|872|123|5,19|0,62|7,04|105,94
2013-10-09 21:01:57,761|0,0|0,0|100,0|995|872|123|5,19|0,62|1,70|0,00
2013-10-09 21:02:03,379|0,0|0,0|100,0|995|872|123|5,19|0,62|6,14|32,18
2013-10-09 21:02:08,908|3,9|5,8|88,2|995|872|123|5,19|0,62|0,91|0,00
2013-10-09 21:02:14,470|0,0|0,0|100,0|995|872|123|5,19|0,62|1,23|0,00
2013-10-09 21:02:19,984|0,0|2,0|97,9|995|873|122|5,19|0,62|6,73|135,64
2013-10-09 21:02:25,558|0,0|0,0|100,0|995|872|123|5,19|0,62|0,53|0,00
2013-10-09 21:02:31,110|0,0|0,0|98,0|995|872|123|5,19|0,62|4,98|32,48
2013-10-09 21:02:36,587|2,0|8,1|89,7|995|872|123|5,19|0,62|0,76|0,00
2013-10-09 21:02:42,116|0,0|0,0|100,0|995|872|123|5,19|0,62|0,12|0,00
2013-10-09 21:02:47,629|0,0|0,0|100,0|995|872|123|5,19|0,62|11,14|138,64
2013-10-09 21:02:53,175|1,9|1,9|96,1|995|872|123|5,19|0,62|0,58|0,00
2013-10-09 21:02:58,733|0,0|0,0|98,0|995|872|123|5,19|0,63|8,84|0,06
2013-10-09 21:03:04,504|100,0|0,0|0,0|995|895|100|5,19|0,63|1,69|0,00
2013-10-09 21:03:10,251|100,0|0,0|0,0|995|896|99|5,19|0,63|0,00|0,00
2013-10-09 21:03:16,001|96,0|3,9|0,0|995|897|98|5,19|0,63|5,16|105,95
2013-10-09 21:03:21,756|100,0|0,0|0,0|995|897|97|5,19|0,63|1,74|0,00
2013-10-09 21:03:27,495|100,0|0,0|0,0|995|898|97|5,19|0,63|10,52|139,28
2013-10-09 21:03:33,251|100,0|0,0|0,0|995|898|96|5,19|0,63|0,47|0,00
2013-10-09 21:03:39,013|100,0|0,0|0,0|995|900|95|5,19|0,63|6,36|34,19
2013-10-09 21:03:44,998|100,0|0,0|0,0|995|901|93|5,19|0,63|1,93|1,69
2013-10-09 21:03:51,201|100,0|0,0|0,0|995|912|83|5,19|0,63|12,17|140,77
2013-10-09 21:03:57,312|100,0|0,0|0,0|995|914|81|5,19|0,63|2,75|0,55
2013-10-09 21:04:03,433|100,0|0,0|0,0|995|906|89|5,19|0,63|10,48|109,43
2013-10-09 21:04:09,547|100,0|0,0|0,0|995|918|77|5,19|0,63|2,38|0,55
2013-10-09 21:04:15,673|97,9|2,0|0,0|995|922|73|5,19|0,63|2,92|0,55
2013-10-09 21:04:21,753|100,0|0,0|0,0|995|914|80|5,19|0,63|4,22|2,24
2013-10-09 21:04:27,901|100,0|0,0|0,0|995|912|82|5,19|0,63|1,82|0,85
2013-10-09 21:04:34,057|100,0|0,0|0,0|995|919|75|5,19|0,63|5,71|36,22
2013-10-09 21:04:40,274|100,0|0,0|0,0|995|914|80|5,19|0,63|0,80|2,23
2013-10-09 21:04:46,433|100,0|0,0|0,0|995|899|96|5,19|0,63|8,81|38,37
2013-10-09 21:04:52,552|100,0|0,0|0,0|995|903|91|5,19|0,63|0,91|1,15
2013-10-09 21:04:58,713|96,0|3,9|0,0|995|906|88|5,19|0,63|16,53|304,24
2013-10-09 21:05:04,824|100,0|0,0|0,0|995|924|71|5,19|0,63|0,59|0,00
2013-10-09 21:05:10,979|100,0|0,0|0,0|995|920|75|5,19|0,63|10,46|152,05
2013-10-09 21:05:17,153|100,0|0,0|0,0|995|917|77|5,19|0,63|2,04|5,04
2013-10-09 21:05:23,305|100,0|0,0|0,0|995|918|77|5,19|0,63|9,71|152,79
2013-10-09 21:05:29,485|100,0|0,0|0,0|995|916|79|5,19|0,63|0,38|0,00
2013-10-09 21:05:35,677|98,0|2,0|0,0|995|912|82|5,19|0,63|345,49|496,70
2013-10-09 21:05:41,857|100,0|0,0|0,0|995|903|91|5,19|0,63|0,23|0,06
2013-10-09 21:05:47,977|97,9|2,0|0,0|995|896|98|5,19|0,63|6,40|124,78
2013-10-09 21:05:54,081|100,0|0,0|0,0|995|888|107|5,19|0,63|4,03|0,51
2013-10-09 21:06:00,191|96,0|4,0|0,0|995|881|113|5,19|0,63|7,65|128,96
2013-10-09 21:06:06,309|100,0|0,0|0,0|995|871|124|5,19|0,63|0,51|0,00
2013-10-09 21:06:12,071|96,0|4,0|0,0|995|871|124|5,19|0,63|5,41|127,61
2013-10-09 21:06:17,829|100,0|0,0|0,0|995|869|125|5,19|0,63|0,82|0,00
2013-10-09 21:06:23,627|100,0|0,0|0,0|995|866|129|5,19|0,63|5,74|35,37
2013-10-09 21:06:29,433|100,0|0,0|0,0|995|865|130|5,19|0,63|0,27|0,00
2013-10-09 21:06:35,223|100,0|0,0|0,0|995|864|130|5,19|0,63|1,90|0,30
2013-10-09 21:06:41,005|100,0|0,0|0,0|995|865|130|5,19|0,63|2,05|125,09
2013-10-09 21:06:46,755|100,0|0,0|0,0|995|863|132|5,19|0,63|0,29|0,00
2013-10-09 21:06:52,507|100,0|0,0|0,0|995|862|132|5,19|0,63|10,62|163,49
2013-10-09 21:06:58,244|100,0|0,0|0,0|995|863|132|5,19|0,63|2,07|0,70
2013-10-09 21:07:04,000|100,0|0,0|0,0|995|863|132|5,19|0,63|0,78|0,00
2013-10-09 21:07:09,781|98,0|2,0|0,0|995|863|132|5,19|0,63|6,74|127,74
2013-10-09 21:07:15,539|100,0|0,0|0,0|995|863|132|5,19|0,63|0,56|0,00
2013-10-09 21:07:21,299|98,0|2,0|0,0|995|863|132|5,19|0,63|15,66|163,65
2013-10-09 21:07:27,059|100,0|0,0|0,0|995|863|132|5,19|0,63|1,62|0,00
2013-10-09 21:07:32,817|100,0|0,0|0,0|995|863|132|5,19|0,63|5,36|36,30
2013-10-09 21:07:38,577|95,9|4,0|0,0|995|863|132|5,19|0,63|1,47|0,00
2013-10-09 21:07:44,377|100,0|0,0|0,0|995|863|132|5,19|0,63|0,44|0,00
2013-10-09 21:07:50,160|96,0|2,0|0,0|995|863|132|5,19|0,63|6,70|127,55
2013-10-09 21:07:55,943|100,0|0,0|0,0|995|862|132|5,19|0,63|0,59|0,00
2013-10-09 21:08:01,696|100,0|0,0|0,0|995|863|132|5,19|0,63|11,33|164,27
2013-10-09 21:08:07,443|100,0|0,0|0,0|995|863|132|5,19|0,63|0,82|0,00
2013-10-09 21:08:13,231|100,0|0,0|0,0|995|863|132|5,19|0,63|4,91|36,75
2013-10-09 21:08:18,977|96,0|3,9|0,0|995|863|132|5,19|0,63|0,12|0,00
2013-10-09 21:08:24,727|100,0|0,0|0,0|995|863|132|5,19|0,63|1,20|0,00
2013-10-09 21:08:30,479|100,0|0,0|0,0|995|863|132|5,19|0,63|10,86|165,27
2013-10-09 21:08:36,228|100,0|0,0|0,0|995|863|132|5,19|0,63|0,41|0,00
2013-10-09 21:08:42,011|100,0|0,0|0,0|995|863|132|5,19|0,63|7,37|0,00
2013-10-09 21:08:47,752|98,0|2,0|0,0|995|899|96|5,19|0,63|6,17|127,68
2013-10-09 21:08:53,853|98,0|1,9|0,0|995|899|96|5,19|0,63|11,52|353,72
2013-10-09 21:08:59,983|100,0|0,0|0,0|995|899|96|5,19|0,63|11,06|165,02
2013-10-09 21:09:06,120|100,0|0,0|0,0|995|899|96|5,19|0,63|0,33|0,00
2013-10-09 21:09:12,286|100,0|0,0|0,0|995|899|96|5,19|0,63|9,19|40,04
2013-10-09 21:09:18,425|98,0|1,9|0,0|995|899|96|5,19|0,63|0,21|0,00
2013-10-09 21:09:24,604|100,0|0,0|0,0|995|863|132|5,19|0,63|5,60|38,07
2013-10-09 21:09:30,363|100,0|0,0|0,0|995|863|132|5,19|0,63|0,30|0,00
2013-10-09 21:09:36,119|100,0|0,0|0,0|995|863|132|5,19|0,63|0,50|0,00
2013-10-09 21:09:41,880|100,0|0,0|0,0|995|863|132|5,19|0,63|15,83|40,52
2013-10-09 21:09:47,648|100,0|0,0|0,0|995|863|132|5,19|0,63|4,69|0,00
2013-10-09 21:09:53,451|100,0|0,0|0,0|995|863|132|5,19|0,63|0,40|0,00
2013-10-09 21:09:59,207|96,0|4,0|0,0|995|863|132|5,19|0,63|7,17|127,91
2013-10-09 21:10:04,951|100,0|0,0|0,0|995|863|132|5,19|0,63|1,16|0,00
2013-10-09 21:10:10,749|94,0|6,0|0,0|995|863|132|5,19|0,63|12,79|382,61
2013-10-09 21:10:16,571|95,9|4,0|0,0|995|863|132|5,19|0,63|5,47|127,85
2013-10-09 21:10:22,335|98,0|2,0|0,0|995|914|80|5,23|0,63|1,64|0,00
2013-10-09 21:10:28,518|96,0|3,9|0,0|995|916|79|5,30|0,63|11,77|166,04
2013-10-09 21:10:34,892|100,0|0,0|0,0|995|914|80|5,36|0,63|9,05|7,26
2013-10-09 21:10:41,138|100,0|0,0|0,0|995|915|80|5,41|0,63|4,98|38,52
2013-10-09 21:10:47,336|93,8|6,1|0,0|995|926|69|5,45|0,63|2,64|0,00
2013-10-09 21:10:53,529|96,0|3,9|0,0|995|919|76|5,49|0,63|1,04|0,04
2013-10-09 21:10:59,853|94,0|6,0|0,0|995|918|76|5,55|0,63|0,32|0,00
2013-10-09 21:11:06,101|100,0|0,0|0,0|995|915|79|5,62|0,63|0,39|0,00
2013-10-09 21:11:12,377|96,0|4,0|0,0|995|915|79|5,68|0,63|5,78|127,98
2013-10-09 21:11:18,600|98,0|2,0|0,0|995|934|60|5,75|0,63|0,59|0,43
2013-10-09 21:11:24,650|97,9|2,0|0,0|995|916|79|5,88|0,63|5,46|39,08
2013-10-09 21:11:30,567|86,0|14,0|0,0|995|915|79|6,01|0,63|0,65|0,00
2013-10-09 21:11:36,629|95,9|4,0|0,0|995|930|64|6,12|0,63|0,53|0,00
2013-10-09 21:11:42,528|91,8|4,0|0,0|995|918|76|6,21|0,63|4,97|39,29
2013-10-09 21:11:48,436|90,0|8,0|0,0|995|914|81|6,29|0,63|2,58|0,00
2013-10-09 21:11:54,259|0,0|0,0|100,0|995|903|92|6,29|0,63|1,34|0,00
2013-10-09 21:11:59,785|0,0|0,0|100,0|995|903|92|6,29|0,63|1,78|0,06
2013-10-09 21:12:05,394|2,0|0,0|98,0|995|904|90|6,29|0,63|9,29|165,28
2013-10-09 21:12:10,974|2,0|4,0|93,8|995|903|92|6,29|0,63|1,72|0,00
2013-10-09 21:12:16,502|0,0|0,0|100,0|995|903|92|6,29|0,63|0,06|0,00
2013-10-09 21:12:22,034|0,0|0,0|100,0|995|903|92|6,29|0,63|1,06|0,00
2013-10-09 21:12:27,648|1,9|1,9|96,0|995|904|90|6,29|0,63|10,08|166,89
2013-10-09 21:12:33,205|3,9|1,9|94,1|995|903|92|6,29|0,63|0,86|0,00
2013-10-09 21:12:38,778|0,0|0,0|100,0|995|903|92|6,29|0,63|1,47|0,00
2013-10-09 21:12:44,354|0,0|0,0|100,0|995|903|92|6,29|0,63|0,27|0,00
2013-10-09 21:12:49,919|0,0|0,0|100,0|995|903|92|6,29|0,63|9,55|168,26
2013-10-09 21:12:55,482|4,0|8,0|88,0|995|903|92|6,29|0,63|0,56|0,00
2013-10-09 21:13:01,032|0,0|0,0|100,0|995|903|92|6,29|0,63|1,07|0,00
2013-10-09 21:13:06,598|0,0|0,0|100,0|995|903|92|6,29|0,63|1,02|0,00
2013-10-09 21:13:12,177|2,0|0,0|98,0|995|904|91|6,29|0,63|8,50|167,32
2013-10-09 21:13:17,735|5,7|5,7|86,5|995|903|92|6,29|0,63|0,29|0,00
2013-10-09 21:13:23,267|0,0|0,0|100,0|995|903|92|6,29|0,63|1,01|0,00
2013-10-09 21:13:28,771|0,0|0,0|100,0|995|903|92|6,29|0,63|1,11|0,00
2013-10-09 21:13:34,277|0,0|0,0|100,0|995|903|92|6,29|0,63|5,35|40,69
2013-10-09 21:13:39,832|1,9|1,9|96,0|995|904|91|6,29|0,63|3,98|126,91
2013-10-09 21:13:45,377|0,0|0,0|100,0|995|903|92|6,29|0,63|0,29|0,00
2013-10-09 21:13:50,953|0,0|0,0|100,0|995|903|92|6,29|0,63|1,34|0,00
2013-10-09 21:13:56,466|0,0|0,0|100,0|995|903|92|6,29|0,63|5,04|40,97
2013-10-09 21:14:02,002|2,0|0,0|98,0|995|904|91|6,29|0,63|9,59|168,03
2013-10-09 21:14:07,500|10,0|2,0|88,0|995|903|92|6,29|0,63|0,72|0,00
2013-10-09 21:14:13,017|0,0|0,0|100,0|995|903|92|6,29|0,63|0,74|0,00
2013-10-09 21:14:18,533|0,0|0,0|100,0|995|903|92|6,29|0,63|0,70|0,00
2013-10-09 21:14:24,078|0,0|0,0|100,0|995|903|92|6,29|0,63|7,50|41,63
2013-10-09 21:14:29,653|0,0|8,0|92,0|995|903|92|6,29|0,63|7,32|128,43
2013-10-09 21:14:35,160|0,0|0,0|100,0|995|903|92|6,29|0,63|1,03|0,00
2013-10-09 21:14:40,732|0,0|0,0|100,0|995|903|92|6,29|0,63|0,06|0,00
2013-10-09 21:14:46,278|0,0|0,0|100,0|995|903|92|6,29|0,63|7,35|0,00
2013-10-09 21:14:51,786|0,0|0,0|100,0|995|903|92|6,29|0,63|11,04|169,98
2013-10-09 21:14:57,355|4,0|2,0|93,8|995|903|92|6,29|0,63|0,18|0,00
2013-10-09 21:15:02,901|0,0|0,0|100,0|995|903|92|6,29|0,63|1,15|0,00
2013-10-09 21:15:08,453|0,0|1,9|98,0|995|903|92|6,29|0,63|0,53|0,00
2013-10-09 21:15:13,998|0,0|0,0|100,0|995|903|92|6,29|0,63|0,41|0,00
2013-10-09 21:15:19,524|0,0|0,0|100,0|995|903|92|6,29|0,63|0,23|0,00
2013-10-09 21:15:25,027|0,0|0,0|100,0|995|903|92|6,29|0,63|0,99|0,00
2013-10-09 21:15:30,537|0,0|0,0|100,0|995|903|92|6,29|0,63|0,32|0,00
2013-10-09 21:15:36,105|0,0|0,0|100,0|995|903|92|6,29|0,63|0,76|0,00
2013-10-09 21:15:41,654|0,0|0,0|100,0|995|903|92|6,29|0,63|0,43|0,00
2013-10-09 21:15:47,156|0,0|0,0|100,0|995|903|92|6,29|0,63|0,47|0,00
2013-10-09 21:15:52,706|0,0|0,0|100,0|995|903|92|6,29|0,63|1,04|0,00
2013-10-09 21:15:58,248|0,0|0,0|100,0|995|903|92|6,29|0,63|1,12|0,00
2013-10-09 21:16:03,786|0,0|0,0|100,0|995|903|92|6,29|0,63|1,54|0,00
2013-10-09 21:16:09,284|0,0|0,0|100,0|995|903|92|6,29|0,63|1,30|0,00
2013-10-09 21:16:14,789|0,0|0,0|100,0|995|903|92|6,29|0,63|0,76|0,00
2013-10-09 21:16:20,353|0,0|0,0|100,0|995|903|92|6,29|0,63|1,59|0,00
2013-10-09 21:16:25,949|0,0|0,0|100,0|995|903|92|6,29|0,63|0,91|0,00
2013-10-09 21:16:31,487|0,0|0,0|100,0|995|903|92|6,29|0,63|1,03|0,00
2013-10-09 21:16:37,017|0,0|0,0|100,0|995|903|92|6,29|0,63|1,70|0,00
2013-10-09 21:16:42,540|0,0|0,0|100,0|995|903|92|6,29|0,63|2,51|0,00
2013-10-09 21:16:48,110|0,0|0,0|100,0|995|903|92|6,29|0,63|0,76|0,00
2013-10-09 21:16:53,646|0,0|0,0|100,0|995|903|92|6,29|0,63|1,81|0,00
2013-10-09 21:16:59,161|0,0|0,0|100,0|995|903|92|6,29|0,63|2,30|0,00
2013-10-09 21:17:04,671|0,0|0,0|100,0|995|903|92|6,29|0,63|0,72|0,00
2013-10-09 21:17:10,237|0,0|0,0|100,0|995|903|92|6,29|0,63|0,23|0,00
2013-10-09 21:17:15,770|0,0|0,0|100,0|995|903|92|6,29|0,63|0,29|0,00
2013-10-09 21:17:21,285|0,0|0,0|100,0|995|903|92|6,29|0,63|0,35|0,00
2013-10-09 21:17:26,794|0,0|0,0|100,0|995|903|92|6,29|0,63|0,97|0,00
2013-10-09 21:17:32,361|0,0|0,0|100,0|995|903|92|6,29|0,63|0,53|0,00
2013-10-09 21:17:37,892|0,0|0,0|100,0|995|903|92|6,29|0,63|0,76|0,00
2013-10-09 21:17:43,408|0,0|0,0|100,0|995|903|92|6,29|0,63|1,33|0,00
2013-10-09 21:17:48,908|0,0|0,0|100,0|995|903|92|6,29|0,63|1,41|0,00
2013-10-09 21:17:54,417|0,0|0,0|100,0|995|903|91|6,29|0,63|1,60|0,00
2013-10-09 21:17:59,990|0,0|0,0|100,0|995|903|91|6,29|0,63|1,41|0,00
