MV1===========================================
2013-10-21 12:07:22,651|0,0|0,0|100,0|995|915|80|9,19|6,57|7,09|0,14
2013-10-21 12:07:28,297|0,0|0,0|100,0|995|916|79|9,20|6,57|3,06|0,17
2013-10-21 12:07:33,814|0,0|0,0|100,0|995|914|80|9,20|6,57|1,22|0,00
2013-10-21 12:07:39,322|0,0|0,0|100,0|995|914|81|9,19|6,57|0,20|0,00
2013-10-21 12:07:44,822|0,0|0,0|100,0|995|914|80|9,19|6,57|0,12|0,00
2013-10-21 12:07:50,331|0,0|0,0|100,0|995|914|80|9,19|6,57|0,41|0,00
2013-10-21 12:07:55,896|0,0|0,0|100,0|995|914|81|9,19|6,57|0,95|0,00
2013-10-21 12:08:01,416|0,0|0,0|100,0|995|914|80|9,19|6,57|0,92|0,00
2013-10-21 12:08:06,939|0,0|0,0|100,0|995|914|81|9,19|6,57|1,26|0,00
2013-10-21 12:08:12,450|0,0|0,0|100,0|995|914|81|9,19|6,57|0,71|0,00
2013-10-21 12:08:17,950|0,0|0,0|100,0|995|914|80|9,19|6,57|1,28|0,00
2013-10-21 12:08:23,454|0,0|0,0|100,0|995|914|80|9,19|6,57|0,65|0,00
2013-10-21 12:08:28,956|0,0|0,0|100,0|995|914|80|9,19|6,57|1,92|0,00
2013-10-21 12:08:34,448|0,0|0,0|100,0|995|914|80|9,19|6,57|1,23|0,00
2013-10-21 12:08:39,954|0,0|0,0|100,0|995|914|80|9,19|6,57|0,52|0,00
2013-10-21 12:08:45,448|0,0|0,0|100,0|995|914|80|9,19|6,57|0,40|0,00
2013-10-21 12:08:50,953|0,0|0,0|100,0|995|914|80|9,19|6,57|0,21|0,00
2013-10-21 12:08:56,448|0,0|0,0|100,0|995|914|81|9,19|6,57|1,63|0,00
2013-10-21 12:09:01,943|0,0|0,0|100,0|995|914|80|9,19|6,57|1,22|0,00
2013-10-21 12:09:07,449|0,0|0,0|100,0|995|914|80|9,19|6,57|1,73|0,00
2013-10-21 12:09:12,950|0,0|0,0|100,0|995|914|80|9,19|6,57|0,12|0,00
2013-10-21 12:09:18,453|0,0|0,0|100,0|995|914|80|9,19|6,57|1,19|0,00
2013-10-21 12:09:23,947|0,0|0,0|100,0|995|914|80|9,19|6,57|0,70|0,00
2013-10-21 12:09:29,450|0,0|0,0|100,0|995|914|80|9,19|6,57|2,82|0,00
2013-10-21 12:09:34,947|0,0|0,0|100,0|995|914|80|9,19|6,57|0,50|0,00
2013-10-21 12:09:40,454|0,0|0,0|100,0|995|914|80|9,19|6,57|0,66|0,00
2013-10-21 12:09:45,958|0,0|0,0|100,0|995|914|80|9,19|6,57|2,26|0,00
2013-10-21 12:09:51,459|0,0|0,0|100,0|995|914|80|9,19|6,57|0,23|0,00
2013-10-21 12:09:57,028|0,0|0,0|100,0|995|914|80|9,19|6,57|1,80|0,00
2013-10-21 12:10:02,557|0,0|0,0|100,0|995|914|80|9,19|6,57|0,58|0,00
2013-10-21 12:10:08,072|0,0|0,0|100,0|995|914|80|9,19|6,57|1,24|0,00
2013-10-21 12:10:13,578|0,0|0,0|100,0|995|914|81|9,19|6,57|0,12|0,00
2013-10-21 12:10:19,073|0,0|0,0|100,0|995|914|81|9,19|6,57|1,21|0,00
2013-10-21 12:10:24,573|0,0|0,0|100,0|995|914|80|9,19|6,57|0,32|0,00
2013-10-21 12:10:30,076|0,0|0,0|100,0|995|914|80|9,19|6,57|2,10|0,00
2013-10-21 12:10:35,577|0,0|0,0|100,0|995|914|81|9,19|6,57|0,44|0,00
2013-10-21 12:10:41,085|0,0|0,0|100,0|995|914|80|9,19|6,57|0,06|0,00
2013-10-21 12:10:46,586|0,0|0,0|100,0|995|914|80|9,19|6,57|1,76|0,00
2013-10-21 12:10:52,085|0,0|0,0|100,0|995|914|80|9,19|6,57|0,21|0,00
2013-10-21 12:10:57,589|0,0|0,0|100,0|995|914|81|9,19|6,57|0,94|0,00
2013-10-21 12:11:03,157|0,0|0,0|100,0|995|914|80|9,19|6,57|4,04|0,00
2013-10-21 12:11:08,685|0,0|0,0|100,0|995|914|80|9,19|6,57|0,70|0,00
2013-10-21 12:11:14,200|0,0|0,0|100,0|995|914|80|9,19|6,57|0,38|0,00
2013-10-21 12:11:19,705|0,0|0,0|100,0|995|914|80|9,19|6,57|0,82|0,00
2013-10-21 12:11:25,209|0,0|0,0|100,0|995|914|80|9,19|6,57|0,59|0,00
2013-10-21 12:11:30,709|0,0|0,0|100,0|995|914|80|9,19|6,57|1,47|0,00
2013-10-21 12:11:36,204|0,0|0,0|100,0|995|914|80|9,19|6,57|0,54|0,00
2013-10-21 12:11:41,706|0,0|0,0|100,0|995|914|80|9,19|6,57|1,90|0,00
2013-10-21 12:11:47,213|0,0|0,0|100,0|995|914|80|9,19|6,57|0,62|0,00
2013-10-21 12:11:52,709|0,0|0,0|100,0|995|914|80|9,19|6,57|0,15|0,00
2013-10-21 12:11:58,212|0,0|0,0|100,0|995|914|80|9,19|6,57|1,81|0,00
2013-10-21 12:12:03,704|0,0|0,0|100,0|995|914|81|9,19|6,57|1,15|0,00
2013-10-21 12:12:09,202|0,0|0,0|100,0|995|914|80|9,19|6,57|0,55|0,00
2013-10-21 12:12:14,709|0,0|0,0|100,0|995|914|81|9,19|6,57|0,44|0,00
2013-10-21 12:12:20,204|0,0|0,0|100,0|995|914|80|9,18|6,57|1,01|0,00
2013-10-21 12:12:25,709|0,0|0,0|100,0|995|914|80|9,18|6,57|0,69|0,00
2013-10-21 12:12:31,213|0,0|0,0|100,0|995|914|80|9,18|6,57|0,00|0,00
2013-10-21 12:12:36,716|0,0|0,0|100,0|995|914|80|9,18|6,57|0,60|0,00
2013-10-21 12:12:42,283|0,0|0,0|100,0|995|914|81|9,18|6,57|0,47|0,00
2013-10-21 12:12:47,816|0,0|0,0|100,0|995|914|80|9,18|6,57|1,64|0,00
2013-10-21 12:12:53,324|0,0|0,0|100,0|995|914|80|9,18|6,58|0,30|0,00
2013-10-21 12:12:58,828|0,0|0,0|100,0|995|914|80|9,18|6,58|2,62|0,00
2013-10-21 12:13:04,332|0,0|0,0|100,0|995|914|80|9,18|6,58|1,26|0,00
2013-10-21 12:13:09,839|0,0|0,0|100,0|995|914|81|9,18|6,58|0,75|0,00
2013-10-21 12:13:15,342|0,0|0,0|100,0|995|914|80|9,18|6,58|1,15|0,00
2013-10-21 12:13:20,907|0,0|0,0|100,0|995|914|80|9,18|6,58|0,70|0,00
2013-10-21 12:13:26,437|0,0|0,0|100,0|995|914|81|9,18|6,58|0,51|0,00
2013-10-21 12:13:31,950|0,0|0,0|100,0|995|914|81|9,18|6,58|1,16|0,00
2013-10-21 12:13:37,458|1,9|0,0|98,0|995|914|81|9,18|6,58|1,25|0,00
2013-10-21 12:13:42,957|0,0|0,0|100,0|995|914|81|9,18|6,58|0,23|0,00
2013-10-21 12:13:48,463|0,0|0,0|100,0|995|914|80|9,18|6,58|0,55|0,00
2013-10-21 12:13:53,965|0,0|0,0|100,0|995|914|81|9,18|6,58|0,21|0,00
2013-10-21 12:13:59,462|0,0|0,0|100,0|995|914|80|9,18|6,58|2,39|0,00
2013-10-21 12:14:04,964|0,0|0,0|100,0|995|914|80|9,18|6,58|0,56|0,00
2013-10-21 12:14:10,466|0,0|0,0|100,0|995|914|80|9,18|6,58|6,21|0,00
2013-10-21 12:14:15,966|0,0|0,0|100,0|995|914|80|9,18|6,58|1,18|0,00
2013-10-21 12:14:21,467|0,0|0,0|100,0|995|914|80|9,18|6,58|0,63|0,00
2013-10-21 12:14:26,970|0,0|0,0|100,0|995|914|81|9,18|6,58|1,30|0,00
2013-10-21 12:14:32,457|0,0|0,0|100,0|995|914|80|9,18|6,58|1,14|0,00
2013-10-21 12:14:37,966|0,0|0,0|100,0|995|914|81|9,18|6,58|1,26|0,00
2013-10-21 12:14:43,533|0,0|0,0|100,0|995|914|81|9,18|6,58|0,51|0,00
2013-10-21 12:14:49,059|0,0|0,0|100,0|995|914|80|9,18|6,58|0,62|0,00
2013-10-21 12:14:54,572|0,0|0,0|100,0|995|914|80|9,18|6,58|0,61|0,00
2013-10-21 12:15:00,076|8,0|6,0|86,0|995|914|80|9,18|6,58|2,84|0,00
2013-10-21 12:15:05,580|4,0|4,0|90,0|995|914|80|9,18|6,58|10,55|256,93
2013-10-21 12:15:11,089|0,0|0,0|100,0|995|914|80|9,18|6,58|6,15|9,88
2013-10-21 12:15:16,629|0,0|0,0|100,0|995|914|80|9,18|6,58|1,52|0,00
2013-10-21 12:15:22,192|6,0|4,0|90,0|995|914|80|9,18|6,58|5,70|128,56
2013-10-21 12:15:27,738|95,9|4,0|0,0|995|916|79|9,66|6,58|8,32|136,95
2013-10-21 12:15:33,619|98,0|2,0|0,0|995|915|80|10,30|6,58|9,00|12,39
2013-10-21 12:15:39,423|97,9|2,0|0,0|995|915|79|11,00|6,58|0,57|0,06
2013-10-21 12:15:45,198|66,6|33,3|0,0|995|921|74|11,75|6,58|1,02|0,00
2013-10-21 12:15:51,111|86,0|12,0|0,0|995|915|79|12,49|6,58|5,80|128,38
2013-10-21 12:15:56,999|96,0|4,0|0,0|995|916|78|13,28|6,58|11,57|138,66
2013-10-21 12:16:02,887|95,9|4,0|0,0|995|915|80|13,96|6,58|4,75|10,16
2013-10-21 12:16:08,660|96,0|4,0|0,0|995|935|59|14,66|6,58|0,42|0,06
2013-10-21 12:16:14,715|92,0|4,0|0,0|995|914|81|15,40|6,58|3,81|127,18
2013-10-21 12:16:20,835|92,0|8,0|0,0|995|917|78|15,66|6,58|9,01|255,49
2013-10-21 12:16:26,622|100,0|0,0|0,0|995|918|76|15,67|6,58|10,71|140,63
2013-10-21 12:16:32,564|94,0|6,0|0,0|995|916|78|16,42|6,58|6,36|10,66
2013-10-21 12:16:38,411|94,0|6,0|0,0|995|916|79|16,93|6,58|0,12|0,00
2013-10-21 12:16:44,203|92,0|8,0|0,0|995|934|61|17,34|6,58|0,51|0,00
2013-10-21 12:16:53,916|43,1|1,9|0,0|995|921|74|17,42|6,58|5,64|128,75
2013-10-21 12:17:00,380|66,6|2,0|0,0|995|915|80|17,47|6,58|4,90|11,01
2013-10-21 12:17:07,155|91,8|8,1|0,0|995|919|76|17,48|6,58|7,27|153,74
2013-10-21 12:17:13,047|24,0|6,0|0,0|995|920|74|17,59|6,58|7,56|128,61
2013-10-21 12:17:19,141|88,0|4,0|0,0|995|935|59|18,06|6,58|5,09|11,01
2013-10-21 12:17:25,188|94,1|5,8|0,0|995|930|65|18,48|6,58|3,88|2,63
2013-10-21 12:17:31,257|6,1|4,0|87,7|995|901|94|18,49|6,58|0,70|0,14
2013-10-21 12:17:36,999|96,0|4,0|0,0|995|924|70|18,99|6,59|11,17|257,05
2013-10-21 12:17:43,240|90,1|9,8|0,0|995|921|73|19,66|6,59|12,15|196,92
2013-10-21 12:17:49,519|100,0|0,0|0,0|995|917|78|20,05|6,59|10,89|139,94
2013-10-21 12:17:55,903|98,0|2,0|0,0|995|917|78|20,46|6,59|8,88|138,52
2013-10-21 12:18:02,179|98,0|2,0|0,0|995|928|66|20,75|6,59|7,86|130,26
2013-10-21 12:18:08,515|100,0|0,0|0,0|995|937|58|20,93|6,59|0,29|0,00
2013-10-21 12:18:14,727|96,0|4,0|0,0|995|915|80|21,39|6,59|10,04|140,51
2013-10-21 12:18:21,067|96,0|3,9|0,0|995|915|80|21,45|6,59|4,84|11,75
2013-10-21 12:18:27,255|100,0|0,0|0,0|995|908|87|21,47|6,59|5,78|11,92
2013-10-21 12:18:33,110|100,0|0,0|0,0|995|915|79|21,50|6,59|3,02|0,00
2013-10-21 12:18:38,965|94,1|5,8|0,0|995|913|81|21,64|6,59|4,01|127,18
2013-10-21 12:18:45,038|98,0|2,0|0,0|995|918|77|22,28|6,59|7,52|13,42
2013-10-21 12:18:51,710|98,0|2,0|0,0|995|927|67|22,95|6,59|8,69|14,77
2013-10-21 12:18:59,731|94,0|6,0|0,0|995|924|71|23,45|6,59|11,71|256,76
2013-10-21 12:19:05,846|100,0|0,0|0,0|995|916|79|23,51|6,59|11,23|164,62
2013-10-21 12:19:12,855|96,0|4,0|0,0|995|918|76|24,03|6,59|10,82|256,72
2013-10-21 12:19:20,186|92,1|7,8|0,0|995|925|70|24,54|6,59|6,00|128,55
2013-10-21 12:19:26,614|96,0|4,0|0,0|995|916|79|25,19|6,59|9,69|148,94
2013-10-21 12:19:32,950|94,0|4,0|0,0|995|932|63|25,85|6,59|11,14|257,13
2013-10-21 12:19:42,643|58,8|3,9|0,0|995|919|76|26,16|6,59|7,62|253,67
2013-10-21 12:19:48,811|68,6|5,8|0,0|995|916|79|26,35|6,59|8,89|15,29
2013-10-21 12:19:55,079|42,8|8,1|0,0|995|916|78|27,04|6,59|2,94|78,19
2013-10-21 12:20:01,037|94,1|5,8|0,0|995|914|81|27,05|6,59|2,11|0,00
2013-10-21 12:20:06,890|98,0|2,0|0,0|995|914|81|27,05|6,59|5,52|128,31
2013-10-21 12:20:12,634|100,0|0,0|0,0|995|916|79|27,05|6,59|8,38|139,94
2013-10-21 12:20:18,477|100,0|0,0|0,0|995|918|77|27,06|6,59|5,02|13,22
2013-10-21 12:20:24,253|6,1|6,1|87,7|995|888|106|27,07|6,59|1,23|0,00
2013-10-21 12:20:29,812|3,9|0,0|96,0|995|890|105|27,07|6,59|6,57|139,08
2013-10-21 12:20:35,406|0,0|0,0|100,0|995|889|106|27,07|6,59|1,06|0,00
2013-10-21 12:20:41,027|95,9|4,0|0,0|995|917|78|27,39|6,59|12,91|128,67
2013-10-21 12:20:46,884|96,0|4,0|0,0|995|917|77|28,08|6,59|7,54|15,01
2013-10-21 12:20:52,766|88,0|12,0|0,0|995|937|58|28,76|6,59|0,27|0,06
2013-10-21 12:20:58,712|92,0|8,0|0,0|995|921|73|28,95|6,59|9,18|255,62
2013-10-21 12:21:04,499|96,0|4,0|0,0|995|914|81|29,33|6,59|9,31|16,47
2013-10-21 12:21:10,319|98,0|1,9|0,0|995|915|80|29,81|6,59|0,63|0,06
2013-10-21 12:21:16,127|90,1|7,8|0,0|995|933|62|30,54|6,60|11,42|256,69
2013-10-21 12:21:21,898|97,9|0,0|0,0|995|916|79|31,05|6,60|0,67|0,00
2013-10-21 12:21:27,851|84,0|14,0|0,0|995|933|61|31,60|6,60|1,17|0,00
2013-10-21 12:21:34,119|92,0|8,0|0,0|995|921|74|31,99|6,60|6,35|128,78
2013-10-21 12:21:39,939|94,1|5,8|0,0|995|915|79|32,09|6,60|1,36|0,14
2013-10-21 12:21:45,806|92,0|6,0|0,0|995|916|78|32,63|6,60|1,87|125,72
2013-10-21 12:21:51,615|64,0|2,0|0,0|995|922|73|33,11|6,60|1,05|0,06
2013-10-21 12:21:59,122|36,0|2,0|0,0|995|922|72|33,43|6,60|0,38|0,00
2013-10-21 12:22:04,903|22,0|2,0|0,0|995|916|79|33,58|6,60|10,23|255,38
2013-10-21 12:22:10,830|96,0|4,0|0,0|995|921|74|33,84|6,60|5,13|14,40
2013-10-21 12:22:17,745|85,7|4,0|0,0|995|936|58|34,32|6,60|0,90|0,00
2013-10-21 12:22:23,931|92,0|6,0|0,0|995|913|81|34,68|6,60|7,48|128,31
2013-10-21 12:22:29,779|92,0|8,0|0,0|995|920|75|35,03|6,60|8,09|17,31
2013-10-21 12:22:35,634|88,2|7,8|0,0|995|930|64|35,61|6,61|1,80|0,00
2013-10-21 12:22:41,579|93,8|6,1|0,0|995|935|59|36,02|6,61|7,66|128,31
2013-10-21 12:22:47,350|96,0|4,0|0,0|995|915|80|36,39|6,61|10,95|143,31
2013-10-21 12:22:53,268|86,0|2,0|0,0|995|927|68|37,17|6,61|0,30|0,00
2013-10-21 12:22:59,455|84,3|15,6|0,0|995|936|59|37,77|6,61|0,73|0,00
2013-10-21 12:23:05,521|88,0|12,0|0,0|995|930|65|38,52|6,61|6,21|128,35
2013-10-21 12:23:11,403|80,8|4,2|0,0|995|924|70|39,16|6,61|6,91|15,53
2013-10-21 12:23:17,455|0,0|0,0|100,0|995|915|80|39,22|6,61|1,81|0,00
2013-10-21 12:23:23,048|5,8|5,8|86,2|995|915|80|39,22|6,61|11,00|256,67
2013-10-21 12:23:28,587|2,0|0,0|98,0|995|915|80|39,22|6,61|1,73|0,30
2013-10-21 12:23:34,197|6,0|4,0|90,0|995|915|80|39,21|6,61|5,77|128,37
2013-10-21 12:23:39,726|0,0|0,0|100,0|995|915|80|39,21|6,61|5,01|15,69
2013-10-21 12:23:45,278|4,0|8,1|87,7|995|915|80|39,21|6,61|0,56|0,00
2013-10-21 12:23:50,824|87,7|6,1|0,0|995|915|80|39,40|6,61|7,46|128,75
2013-10-21 12:23:56,708|100,0|0,0|0,0|995|914|80|39,60|6,61|5,32|2,86
2013-10-21 12:24:02,563|97,9|2,0|0,0|995|916|79|39,60|6,61|1,35|0,00
2013-10-21 12:24:08,339|100,0|0,0|0,0|995|917|78|39,60|6,61|8,86|141,79
2013-10-21 12:24:14,171|100,0|0,0|0,0|995|916|78|39,60|6,61|2,30|2,00
2013-10-21 12:24:19,965|98,0|2,0|0,0|995|919|76|39,60|6,61|1,08|0,00
2013-10-21 12:24:25,745|98,0|2,0|0,0|995|920|75|39,60|6,61|7,39|17,56
2013-10-21 12:24:32,005|94,0|6,0|0,0|995|923|71|39,91|6,61|1,58|0,00
2013-10-21 12:24:38,091|94,0|6,0|0,0|995|913|82|40,36|6,61|8,38|145,07
2013-10-21 12:24:44,610|98,0|2,0|0,0|995|918|77|40,85|6,61|5,17|16,39
2013-10-21 12:24:50,723|94,1|5,8|0,0|995|928|67|41,12|6,61|1,28|0,00
2013-10-21 12:24:57,899|94,0|6,0|0,0|995|915|80|41,65|6,62|7,31|128,50
2013-10-21 12:25:04,125|98,0|2,0|0,0|995|915|80|41,97|6,62|4,85|16,54
2013-10-21 12:25:10,275|98,0|2,0|0,0|995|914|80|42,27|6,62|0,72|0,00
2013-10-21 12:25:16,487|90,0|10,0|0,0|995|935|60|42,65|6,62|7,44|142,27
2013-10-21 12:25:22,839|98,0|2,0|0,0|995|920|75|42,95|6,62|8,48|16,74
2013-10-21 12:25:29,019|100,0|0,0|0,0|995|916|79|43,35|6,62|0,88|0,00
2013-10-21 12:25:35,387|94,0|6,0|0,0|995|924|71|43,75|6,62|1,97|0,00
2013-10-21 12:25:41,558|94,0|6,0|0,0|995|921|74|43,99|6,62|6,16|128,38
2013-10-21 12:25:47,663|88,0|12,0|0,0|995|936|59|44,48|6,62|12,42|256,95
2013-10-21 12:25:53,913|82,0|2,0|0,0|995|936|59|44,96|6,62|19,15|388,67
2013-10-21 12:26:00,410|98,0|2,0|0,0|995|919|75|45,12|6,62|5,54|17,18
2013-10-21 12:26:06,582|82,0|18,0|0,0|995|900|95|45,31|6,62|0,71|0,00
2013-10-21 12:26:12,537|95,9|4,0|0,0|995|915|80|45,44|6,62|11,46|256,89
2013-10-21 12:26:18,710|96,0|4,0|0,0|995|916|78|45,92|6,62|6,78|17,46
2013-10-21 12:26:24,871|94,0|6,0|0,0|995|918|76|46,36|6,62|0,85|0,00
2013-10-21 12:26:31,736|97,9|2,0|0,0|995|918|77|46,76|6,62|11,73|131,01
2013-10-21 12:26:39,366|92,1|7,8|0,0|995|922|73|46,94|6,62|4,05|126,17
2013-10-21 12:26:50,075|96,0|3,9|0,0|995|924|71|47,46|6,62|0,72|0,00
2013-10-21 12:26:56,483|96,0|4,0|0,0|995|915|79|47,75|6,62|0,56|0,00
2013-10-21 12:27:02,715|95,9|4,0|0,0|995|924|71|47,97|6,62|13,59|256,82
2013-10-21 12:27:08,882|100,0|0,0|0,0|995|921|73|48,08|6,62|6,87|17,90
2013-10-21 12:27:14,774|100,0|0,0|0,0|995|914|81|48,10|6,62|0,35|0,00
2013-10-21 12:27:20,638|96,0|4,0|0,0|995|913|82|48,13|6,62|6,06|128,31
2013-10-21 12:27:26,855|94,0|4,0|0,0|995|916|79|48,55|6,62|0,29|0,00
2013-10-21 12:27:33,452|94,0|6,0|0,0|995|917|78|49,08|6,62|6,99|128,36
2013-10-21 12:27:40,563|28,5|2,0|0,0|995|922|73|49,63|6,63|6,12|18,40
2013-10-21 12:27:50,372|80,0|8,0|0,0|995|935|60|50,28|6,63|0,15|0,00
2013-10-21 12:28:01,966|22,4|2,0|0,0|995|918|77|50,70|6,63|9,75|145,54
2013-10-21 12:28:09,071|49,0|7,8|0,0|995|922|73|51,43|6,63|6,04|128,47
2013-10-21 12:28:19,141|56,0|4,0|0,0|995|915|80|52,22|6,63|5,88|18,84
2013-10-21 12:28:27,059|66,6|2,0|0,0|995|931|64|52,88|6,63|0,57|0,06
2013-10-21 12:28:33,495|90,1|9,8|0,0|995|918|77|53,20|6,63|13,39|383,67
2013-10-21 12:28:39,748|92,0|8,0|0,0|995|915|80|53,48|6,63|11,18|256,83
2013-10-21 12:28:46,030|98,0|2,0|0,0|995|914|81|53,58|6,63|0,18|0,00
2013-10-21 12:28:52,231|98,0|2,0|0,0|995|922|73|53,66|6,63|12,87|147,59
2013-10-21 12:28:58,405|98,0|1,9|0,0|995|919|76|53,74|6,63|1,46|0,00
2013-10-21 12:29:04,628|90,1|7,8|0,0|995|914|80|53,90|6,63|6,12|129,17
2013-10-21 12:29:10,799|90,1|9,8|0,0|995|919|75|54,04|6,63|11,36|256,76
2013-10-21 12:29:17,095|100,0|0,0|0,0|995|920|74|54,17|6,63|6,96|19,56
2013-10-21 12:29:23,307|96,0|4,0|0,0|995|921|74|54,36|6,63|1,36|0,00
2013-10-21 12:29:29,163|94,0|6,0|0,0|995|923|71|54,61|6,63|6,12|128,25
2013-10-21 12:29:34,936|92,1|5,8|0,0|995|916|78|54,85|6,63|11,00|147,64
2013-10-21 12:29:40,907|94,0|6,0|0,0|995|915|80|55,10|6,63|1,02|0,00
2013-10-21 12:29:46,822|90,0|10,0|0,0|995|927|67|55,37|6,63|0,57|0,06
2013-10-21 12:29:52,797|95,9|4,0|0,0|995|922|72|55,64|6,63|11,37|148,10
2013-10-21 12:29:58,647|97,9|2,0|0,0|995|925|70|55,94|6,63|1,29|0,00
2013-10-21 12:30:04,427|92,0|8,0|0,0|995|916|78|56,17|6,63|10,35|255,62
2013-10-21 12:30:10,279|96,0|4,0|0,0|995|921|74|56,25|6,63|5,17|19,99
2013-10-21 12:30:16,061|92,1|5,8|0,0|995|922|72|56,35|6,63|0,29|0,00
2013-10-21 12:30:21,955|98,0|2,0|0,0|995|915|80|56,36|6,63|0,43|0,00
2013-10-21 12:30:27,763|95,9|4,0|0,0|995|925|70|56,41|6,63|11,58|263,05
2013-10-21 12:30:33,552|66,0|8,0|0,0|995|915|80|56,70|6,63|1,97|0,06
2013-10-21 12:30:39,536|66,6|3,9|0,0|995|915|79|57,14|6,63|8,47|21,76
2013-10-21 12:30:45,616|71,4|4,0|0,0|995|936|58|57,66|6,63|0,12|0,00
2013-10-21 12:30:52,247|82,0|8,0|0,0|995|920|74|58,28|6,64|3,16|0,06
2013-10-21 12:30:58,275|94,0|4,0|0,0|995|920|75|58,51|6,64|9,82|23,16
2013-10-21 12:31:04,327|80,7|9,6|0,0|995|935|60|58,78|6,64|2,13|0,00
2013-10-21 12:31:10,293|4,0|6,0|90,0|995|904|91|58,89|6,64|12,08|256,87
2013-10-21 12:31:15,856|100,0|0,0|0,0|995|917|78|59,16|6,64|0,29|0,00
2013-10-21 12:31:21,791|86,2|11,7|0,0|995|921|74|59,90|6,64|6,83|128,56
2013-10-21 12:31:27,620|22,0|2,0|0,0|995|918|76|60,30|6,64|0,67|0,00
2013-10-21 12:31:33,463|92,0|8,0|0,0|995|927|68|60,53|6,64|2,53|0,29
2013-10-21 12:31:41,219|92,0|8,0|0,0|995|923|71|60,61|6,64|0,52|0,00
2013-10-21 12:31:47,810|89,7|6,1|0,0|995|918|77|61,01|6,64|1,11|0,19
2013-10-21 12:31:53,931|90,1|9,8|0,0|995|923|72|61,21|6,64|5,56|20,90
2013-10-21 12:31:59,795|95,9|4,0|0,0|995|915|80|61,41|6,64|1,07|12,06
2013-10-21 12:32:05,756|94,0|6,0|0,0|995|926|69|61,67|6,64|7,91|22,81
2013-10-21 12:32:11,664|90,0|10,0|0,0|995|918|76|62,05|6,64|0,60|0,00
2013-10-21 12:32:17,567|92,0|8,0|0,0|995|935|59|62,38|6,64|7,09|128,38
2013-10-21 12:32:23,515|96,0|4,0|0,0|995|915|80|62,75|6,64|1,28|0,00
2013-10-21 12:32:29,428|92,0|8,0|0,0|995|916|78|63,00|6,64|10,76|256,70
2013-10-21 12:32:35,283|92,0|8,0|0,0|995|915|79|63,06|6,64|1,80|0,00
2013-10-21 12:32:41,252|86,0|12,0|0,0|995|914|81|63,25|6,64|6,23|128,44
2013-10-21 12:32:47,057|94,0|6,0|0,0|995|918|76|63,26|6,64|1,11|6,29
2013-10-21 12:32:52,851|92,0|8,0|0,0|995|921|74|63,32|6,64|7,12|132,85
2013-10-21 12:32:58,601|94,0|6,0|0,0|995|921|74|63,42|6,64|8,39|2,98
2013-10-21 12:33:04,359|96,0|4,0|0,0|995|920|75|63,43|6,64|6,91|128,51
2013-10-21 12:33:10,168|0,0|0,0|100,0|995|880|114|63,43|6,64|6,31|23,80
2013-10-21 12:33:15,716|4,0|6,1|89,7|995|880|114|63,43|6,64|5,79|128,37
2013-10-21 12:33:21,245|1,9|0,0|98,0|995|880|114|63,42|6,64|0,47|0,00
2013-10-21 12:33:26,817|2,0|6,2|91,6|995|880|115|63,42|6,64|18,68|258,33
2013-10-21 12:33:32,363|0,0|0,0|100,0|995|880|115|63,42|6,64|1,54|4,41
2013-10-21 12:33:37,879|0,0|1,9|98,0|995|880|115|63,42|6,64|9,03|33,33
2013-10-21 12:33:43,399|6,1|6,1|87,7|995|880|115|63,42|6,64|1,35|0,00
2013-10-21 12:33:48,965|0,0|0,0|100,0|995|880|115|63,42|6,64|7,76|22,75
2013-10-21 12:33:54,486|5,8|7,8|86,2|995|880|115|63,42|6,64|6,01|128,43
2013-10-21 12:34:00,009|1,9|1,9|96,0|995|880|115|63,41|6,64|0,76|0,00
2013-10-21 12:34:05,571|0,0|0,0|100,0|995|880|115|63,41|6,64|2,11|6,02
2013-10-21 12:34:11,107|0,0|0,0|100,0|995|879|115|63,41|6,64|0,83|6,00
2013-10-21 12:34:16,630|0,0|0,0|100,0|995|879|115|63,41|6,64|0,29|0,00
2013-10-21 12:34:22,139|0,0|0,0|100,0|995|879|115|63,41|6,64|0,23|0,00
2013-10-21 12:34:27,689|0,0|0,0|100,0|995|879|115|63,41|6,64|0,66|0,00
2013-10-21 12:34:33,235|0,0|2,0|98,0|995|879|115|63,41|6,64|1,10|0,36
2013-10-21 12:34:38,749|0,0|2,0|95,9|995|880|115|63,41|6,64|1,05|0,71
2013-10-21 12:34:44,261|0,0|0,0|100,0|995|880|115|63,41|6,64|0,79|0,00
2013-10-21 12:34:49,810|0,0|0,0|100,0|995|880|115|63,41|6,64|1,86|7,79
2013-10-21 12:34:55,357|0,0|0,0|100,0|995|880|115|63,40|6,64|2,17|0,14
2013-10-21 12:35:00,883|0,0|2,0|81,6|995|880|115|63,40|6,64|0,38|0,00
2013-10-21 12:35:06,389|0,0|0,0|100,0|995|880|115|63,40|6,64|2,04|0,00
2013-10-21 12:35:11,956|0,0|0,0|100,0|995|880|115|63,40|6,64|1,14|0,00
2013-10-21 12:35:17,492|0,0|0,0|96,0|995|880|115|63,40|6,64|0,70|0,00
2013-10-21 12:35:23,009|0,0|0,0|100,0|995|880|115|63,40|6,64|10,80|34,67
2013-10-21 12:35:28,514|0,0|0,0|100,0|995|880|115|63,40|6,64|0,83|0,00
2013-10-21 12:35:34,087|0,0|0,0|100,0|995|880|115|63,40|6,64|0,77|0,00
2013-10-21 12:35:39,617|0,0|0,0|100,0|995|880|114|63,39|6,64|1,87|0,00
2013-10-21 12:35:45,134|0,0|0,0|100,0|995|880|114|63,39|6,64|0,65|0,00
2013-10-21 12:35:50,643|0,0|0,0|100,0|995|880|114|63,39|6,64|1,91|0,00
2013-10-21 12:35:56,212|0,0|0,0|100,0|995|880|114|63,39|6,64|1,77|0,00
2013-10-21 12:36:01,740|0,0|0,0|100,0|995|880|114|63,39|6,64|0,72|0,00
2013-10-21 12:36:07,261|0,0|0,0|100,0|995|880|114|63,39|6,64|1,08|0,00
2013-10-21 12:36:12,770|0,0|0,0|100,0|995|880|114|63,39|6,64|0,15|0,00
2013-10-21 12:36:18,342|0,0|0,0|100,0|995|880|114|63,39|6,64|0,97|0,00
2013-10-21 12:36:23,875|0,0|0,0|100,0|995|880|114|63,38|6,64|1,65|0,00
2013-10-21 12:36:29,387|0,0|0,0|100,0|995|880|114|63,38|6,64|1,31|0,00
2013-10-21 12:36:34,898|0,0|0,0|100,0|995|880|114|63,38|6,64|0,44|0,00
2013-10-21 12:36:40,463|0,0|0,0|100,0|995|880|114|63,38|6,64|1,35|0,00
2013-10-21 12:36:45,998|0,0|0,0|100,0|995|880|114|63,38|6,64|1,06|0,00
2013-10-21 12:36:51,510|0,0|0,0|100,0|995|880|114|63,38|6,64|0,27|0,00
2013-10-21 12:36:57,018|0,0|0,0|100,0|995|880|114|63,38|6,64|0,62|0,00
2013-10-21 12:37:02,519|0,0|0,0|100,0|995|880|114|63,37|6,64|1,24|0,00
2013-10-21 12:37:08,066|0,0|0,0|100,0|995|880|114|63,37|6,64|1,14|0,48
2013-10-21 12:37:13,612|0,0|0,0|100,0|995|880|114|63,37|6,64|0,06|0,00
2013-10-21 12:37:19,139|0,0|0,0|100,0|995|880|114|63,37|6,64|1,66|0,00
2013-10-21 12:37:24,646|0,0|0,0|100,0|995|880|114|63,37|6,64|0,83|0,00
2013-10-21 12:37:30,218|0,0|0,0|100,0|995|880|114|63,37|6,64|0,14|0,00
2013-10-21 12:37:35,751|0,0|0,0|100,0|995|880|114|63,37|6,64|1,79|0,00
2013-10-21 12:37:41,270|0,0|0,0|100,0|995|880|114|63,36|6,64|1,22|0,00
2013-10-21 12:37:46,817|0,0|0,0|100,0|995|880|114|63,36|6,64|0,12|0,00
2013-10-21 12:37:52,361|0,0|0,0|100,0|995|880|114|63,36|6,64|0,48|0,00
MV2===========================================
2013-10-21 12:07:35,411|0,0|0,0|98,0|995|915|80|5,25|6,55|0,59|0,00
2013-10-21 12:07:41,088|0,0|0,0|100,0|995|915|80|5,25|6,55|0,06|0,00
2013-10-21 12:07:46,594|0,0|0,0|100,0|995|915|80|5,25|6,55|1,60|0,00
2013-10-21 12:07:52,171|0,0|0,0|100,0|995|913|81|5,25|6,55|0,41|0,00
2013-10-21 12:07:57,691|0,0|0,0|100,0|995|913|81|5,25|6,55|0,76|0,00
2013-10-21 12:08:03,283|0,0|0,0|100,0|995|913|81|5,25|6,55|0,12|0,00
2013-10-21 12:08:08,816|0,0|0,0|100,0|995|913|81|5,25|6,55|0,76|0,00
2013-10-21 12:08:14,407|0,0|0,0|100,0|995|913|81|5,25|6,55|0,32|0,00
2013-10-21 12:08:19,931|0,0|0,0|100,0|995|913|81|5,25|6,55|0,58|0,00
2013-10-21 12:08:25,446|0,0|0,0|100,0|995|913|81|5,25|6,55|0,45|0,00
2013-10-21 12:08:30,965|0,0|0,0|100,0|995|913|81|5,25|6,55|1,20|0,00
2013-10-21 12:08:36,458|0,0|0,0|100,0|995|913|81|5,25|6,55|0,83|0,00
2013-10-21 12:08:41,969|0,0|0,0|100,0|995|913|81|5,25|6,55|0,47|0,00
2013-10-21 12:08:47,539|0,0|0,0|100,0|995|913|81|5,25|6,55|0,47|0,00
2013-10-21 12:08:53,066|0,0|0,0|100,0|995|913|81|5,25|6,55|0,36|0,00
2013-10-21 12:08:58,583|0,0|0,0|100,0|995|913|81|5,25|6,55|1,70|0,00
2013-10-21 12:09:04,086|0,0|0,0|100,0|995|913|81|5,25|6,55|0,78|0,00
2013-10-21 12:09:09,588|0,0|0,0|100,0|995|913|81|5,25|6,55|0,64|0,00
2013-10-21 12:09:15,161|0,0|0,0|100,0|995|914|81|5,25|6,55|0,55|0,00
2013-10-21 12:09:20,690|0,0|0,0|100,0|995|914|81|5,25|6,55|0,41|0,00
2013-10-21 12:09:26,198|0,0|0,0|100,0|995|914|81|5,25|6,55|0,32|0,00
2013-10-21 12:09:31,718|0,0|0,0|100,0|995|914|81|5,25|6,55|0,18|0,00
2013-10-21 12:09:37,224|0,0|0,0|100,0|995|914|81|5,25|6,55|1,41|0,00
2013-10-21 12:09:42,784|0,0|0,0|100,0|995|914|81|5,25|6,55|0,84|0,00
2013-10-21 12:09:48,314|0,0|0,0|100,0|995|914|81|5,25|6,55|0,47|0,00
2013-10-21 12:09:53,835|0,0|0,0|100,0|995|914|81|5,25|6,55|0,83|0,00
2013-10-21 12:09:59,345|0,0|0,0|100,0|995|914|81|5,25|6,55|1,43|0,00
2013-10-21 12:10:04,844|0,0|0,0|100,0|995|914|81|5,25|6,55|0,74|0,00
2013-10-21 12:10:10,338|0,0|0,0|100,0|995|913|81|5,25|6,55|0,26|0,00
2013-10-21 12:10:15,844|0,0|0,0|100,0|995|913|81|5,25|6,55|0,63|0,00
2013-10-21 12:10:21,341|0,0|1,9|98,0|995|914|81|5,24|6,55|0,23|0,00
2013-10-21 12:10:26,844|0,0|0,0|100,0|995|914|81|5,24|6,55|0,63|0,00
2013-10-21 12:10:32,344|0,0|0,0|100,0|995|913|81|5,24|6,55|0,47|0,00
2013-10-21 12:10:37,852|0,0|0,0|100,0|995|913|81|5,24|6,55|1,14|0,00
2013-10-21 12:10:43,414|0,0|0,0|100,0|995|913|81|5,24|6,55|0,06|0,00
2013-10-21 12:10:48,938|0,0|0,0|100,0|995|913|81|5,24|6,55|1,62|0,00
2013-10-21 12:10:54,459|0,0|0,0|100,0|995|913|81|5,24|6,55|0,23|0,00
2013-10-21 12:11:00,049|0,0|0,0|100,0|995|913|81|5,24|6,55|2,02|0,00
2013-10-21 12:11:05,575|0,0|0,0|100,0|995|913|81|5,24|6,55|4,51|0,06
2013-10-21 12:11:11,160|0,0|0,0|100,0|995|913|81|5,24|6,55|0,70|0,00
2013-10-21 12:11:16,696|0,0|0,0|100,0|995|914|81|5,24|6,55|1,58|0,00
2013-10-21 12:11:22,217|0,0|0,0|100,0|995|914|81|5,24|6,55|0,18|0,00
2013-10-21 12:11:27,724|0,0|0,0|100,0|995|914|81|5,24|6,55|1,24|0,00
2013-10-21 12:11:33,301|0,0|0,0|100,0|995|913|81|5,24|6,55|0,87|0,00
2013-10-21 12:11:38,828|0,0|0,0|100,0|995|914|81|5,24|6,55|6,55|0,00
2013-10-21 12:11:44,412|0,0|0,0|100,0|995|914|81|5,24|6,55|0,43|0,00
2013-10-21 12:11:49,948|0,0|0,0|100,0|995|913|81|5,24|6,55|1,22|0,00
2013-10-21 12:11:55,464|0,0|0,0|100,0|995|914|81|5,24|6,55|0,61|0,00
2013-10-21 12:12:01,041|0,0|0,0|100,0|995|914|81|5,24|6,55|1,11|0,00
2013-10-21 12:12:06,572|0,0|0,0|100,0|995|914|81|5,24|6,55|0,60|0,00
2013-10-21 12:12:12,093|0,0|0,0|100,0|995|914|81|5,24|6,55|1,23|0,00
2013-10-21 12:12:17,599|0,0|0,0|100,0|995|914|81|5,24|6,55|1,15|0,00
2013-10-21 12:12:23,165|0,0|0,0|100,0|995|914|81|5,24|6,55|0,29|0,00
2013-10-21 12:12:28,694|0,0|0,0|100,0|995|914|81|5,24|6,55|0,12|0,00
2013-10-21 12:12:34,288|0,0|0,0|100,0|995|913|81|5,24|6,55|1,01|0,00
2013-10-21 12:12:39,820|0,0|0,0|100,0|995|913|81|5,24|6,55|0,17|0,00
2013-10-21 12:12:45,352|0,0|0,0|100,0|995|913|81|5,24|6,55|0,35|0,00
2013-10-21 12:12:50,855|0,0|0,0|100,0|995|914|81|5,24|6,55|0,86|0,00
2013-10-21 12:12:56,419|0,0|0,0|100,0|995|913|81|5,24|6,55|0,39|0,00
2013-10-21 12:13:01,953|0,0|0,0|100,0|995|914|81|5,24|6,55|0,12|0,00
2013-10-21 12:13:07,462|0,0|0,0|100,0|995|914|81|5,24|6,55|0,70|0,00
2013-10-21 12:13:12,973|0,0|0,0|100,0|995|914|81|5,24|6,55|0,87|0,00
2013-10-21 12:13:18,472|0,0|0,0|100,0|995|914|81|5,24|6,55|1,39|0,00
2013-10-21 12:13:23,980|0,0|0,0|100,0|995|914|81|5,24|6,55|0,70|0,00
2013-10-21 12:13:29,547|1,9|0,0|98,0|995|914|81|5,24|6,55|2,22|0,00
2013-10-21 12:13:35,075|0,0|0,0|100,0|995|914|81|5,24|6,55|1,43|0,00
2013-10-21 12:13:40,586|0,0|0,0|100,0|995|914|81|5,24|6,55|1,04|0,00
2013-10-21 12:13:46,100|0,0|0,0|100,0|995|914|81|5,24|6,55|0,45|0,00
2013-10-21 12:13:51,599|0,0|0,0|100,0|995|914|81|5,24|6,55|0,65|0,00
2013-10-21 12:13:57,101|0,0|0,0|100,0|995|914|81|5,24|6,55|0,84|0,00
2013-10-21 12:14:02,599|0,0|0,0|100,0|995|914|81|5,24|6,55|0,62|0,00
2013-10-21 12:14:08,103|0,0|0,0|100,0|995|914|81|5,24|6,55|1,73|0,00
2013-10-21 12:14:13,598|0,0|0,0|100,0|995|913|81|5,24|6,55|0,24|0,00
2013-10-21 12:14:19,165|0,0|0,0|100,0|995|913|81|5,24|6,55|0,72|0,00
2013-10-21 12:14:24,695|0,0|0,0|100,0|995|913|81|5,24|6,55|0,41|0,00
2013-10-21 12:14:30,215|0,0|0,0|100,0|995|913|81|5,24|6,55|0,90|0,00
2013-10-21 12:14:35,728|0,0|0,0|100,0|995|913|81|5,24|6,55|0,44|0,00
2013-10-21 12:14:41,228|0,0|0,0|100,0|995|913|81|5,24|6,55|1,17|0,00
2013-10-21 12:14:46,732|0,0|0,0|100,0|995|913|81|5,24|6,55|1,28|0,00
2013-10-21 12:14:52,300|0,0|0,0|100,0|995|913|81|5,24|6,55|0,74|0,00
2013-10-21 12:14:57,822|1,9|0,0|98,0|995|913|81|5,24|6,55|1,77|0,00
2013-10-21 12:15:03,340|7,6|5,7|86,5|995|914|81|5,24|6,55|5,26|26,78
2013-10-21 12:15:08,838|0,0|0,0|100,0|995|914|81|5,24|6,55|10,32|36,15
2013-10-21 12:15:14,338|0,0|0,0|100,0|995|913|81|5,24|6,55|0,29|0,00
2013-10-21 12:15:19,875|5,8|3,9|90,1|995|913|81|5,24|6,55|1,33|0,00
2013-10-21 12:15:25,472|4,0|8,0|88,0|995|913|81|5,24|6,55|10,14|53,62
2013-10-21 12:15:30,988|0,0|0,0|100,0|995|914|81|5,24|6,55|6,19|9,59
2013-10-21 12:15:36,516|0,0|0,0|100,0|995|914|81|5,24|6,56|0,75|0,00
2013-10-21 12:15:42,135|4,0|2,0|93,8|995|914|81|5,24|6,56|5,61|26,84
2013-10-21 12:15:47,689|0,0|0,0|100,0|995|914|81|5,24|6,56|10,46|36,71
2013-10-21 12:15:53,337|0,0|0,0|100,0|995|914|81|5,24|6,56|1,82|0,28
2013-10-21 12:15:58,957|8,3|0,0|91,6|995|913|81|5,24|6,56|0,53|0,00
2013-10-21 12:16:04,484|0,0|0,0|100,0|995|914|81|5,24|6,56|10,51|36,79
2013-10-21 12:16:10,041|0,0|0,0|100,0|995|914|81|5,24|6,56|0,62|0,00
2013-10-21 12:16:15,694|2,0|4,0|93,8|995|914|81|5,24|6,56|5,04|26,85
2013-10-21 12:16:21,214|0,0|0,0|100,0|995|915|80|5,24|6,56|9,14|37,13
2013-10-21 12:16:26,757|2,0|0,0|98,0|995|914|81|5,24|6,56|3,70|2,65
2013-10-21 12:16:32,338|9,8|3,9|86,2|995|914|81|5,24|6,56|0,06|0,00
2013-10-21 12:16:37,983|12,0|6,0|82,0|995|914|81|5,24|6,56|7,01|26,92
2013-10-21 12:16:43,650|48,0|4,0|0,0|995|922|73|5,94|6,56|5,03|10,63
2013-10-21 12:16:49,417|36,0|6,0|0,0|995|917|78|6,43|6,56|5,60|26,80
2013-10-21 12:16:55,180|8,1|0,0|0,0|995|919|75|6,97|6,56|8,05|36,17
2013-10-21 12:17:02,361|36,0|2,0|0,0|995|916|79|7,86|6,56|6,00|26,84
2013-10-21 12:17:09,171|54,0|0,0|0,0|995|921|74|8,57|6,56|0,67|0,00
2013-10-21 12:17:14,913|4,0|6,1|0,0|995|914|81|9,16|6,56|5,09|26,84
2013-10-21 12:17:20,560|0,0|0,0|100,0|995|913|81|9,17|6,56|10,12|37,83
2013-10-21 12:17:26,153|0,0|0,0|100,0|995|913|81|9,17|6,56|0,35|0,00
2013-10-21 12:17:31,741|6,0|6,0|88,0|995|914|81|9,17|6,56|0,36|0,00
2013-10-21 12:17:37,340|20,0|0,0|62,0|995|920|75|9,17|6,56|9,49|38,08
2013-10-21 12:17:43,083|100,0|0,0|0,0|995|925|69|9,18|6,56|0,80|0,00
2013-10-21 12:17:49,000|96,0|4,0|0,0|995|915|80|9,18|6,56|1,06|0,00
2013-10-21 12:17:54,768|100,0|0,0|0,0|995|917|78|9,18|6,56|0,80|0,00
2013-10-21 12:18:00,559|96,0|4,0|0,0|995|916|79|9,18|6,56|6,71|26,85
2013-10-21 12:18:06,316|100,0|0,0|0,0|995|916|79|9,18|6,56|0,18|0,00
2013-10-21 12:18:12,059|100,0|0,0|0,0|995|917|78|9,18|6,56|4,93|11,67
2013-10-21 12:18:17,847|100,0|0,0|0,0|995|917|78|9,18|6,56|0,78|0,00
2013-10-21 12:18:23,712|97,9|2,0|0,0|995|917|77|9,18|6,56|0,18|0,00
2013-10-21 12:18:29,495|94,1|3,9|0,0|995|918|77|9,18|6,56|4,97|26,78
2013-10-21 12:18:35,268|100,0|0,0|0,0|995|918|77|9,18|6,56|12,59|39,15
2013-10-21 12:18:41,047|96,0|3,9|0,0|995|914|81|9,56|6,56|0,36|0,00
2013-10-21 12:18:47,776|98,0|1,9|0,0|995|914|80|10,36|6,56|0,67|0,00
2013-10-21 12:18:53,924|94,1|5,8|0,0|995|921|73|11,09|6,56|4,31|25,57
2013-10-21 12:19:01,844|98,0|2,0|0,0|995|914|81|12,13|6,56|5,19|200,88
2013-10-21 12:19:07,985|80,3|19,6|0,0|995|914|81|13,11|6,56|1,68|0,00
2013-10-21 12:19:14,459|97,9|2,0|0,0|995|914|81|13,16|6,56|4,95|26,78
2013-10-21 12:19:20,280|98,0|2,0|0,0|995|915|80|13,80|6,56|9,75|39,22
2013-10-21 12:19:26,299|100,0|0,0|0,0|995|924|71|14,54|6,56|1,04|0,00
2013-10-21 12:19:32,526|98,0|2,0|0,0|995|918|76|15,27|6,56|0,57|0,00
2013-10-21 12:19:40,813|94,0|6,0|0,0|995|914|81|16,08|6,56|0,52|0,00
2013-10-21 12:19:46,903|90,0|10,0|0,0|995|934|61|17,00|6,56|5,43|26,78
2013-10-21 12:19:53,759|94,0|6,0|0,0|995|915|80|17,08|6,56|7,61|28,91
2013-10-21 12:19:59,688|100,0|0,0|0,0|995|915|80|17,08|6,56|5,16|12,76
2013-10-21 12:20:05,468|100,0|0,0|0,0|995|915|80|17,08|6,56|1,60|0,00
2013-10-21 12:20:11,232|97,9|2,0|0,0|995|916|78|17,08|6,56|0,63|0,00
2013-10-21 12:20:17,012|96,0|4,0|0,0|995|915|80|17,08|6,56|9,95|53,70
2013-10-21 12:20:22,741|0,0|0,0|100,0|995|884|111|17,08|6,56|3,53|2,65
2013-10-21 12:20:28,267|3,9|5,8|90,1|995|884|111|17,08|6,56|1,24|0,00
2013-10-21 12:20:33,854|0,0|0,0|100,0|995|884|111|17,08|6,56|9,57|40,09
2013-10-21 12:20:39,448|0,0|0,0|100,0|995|884|111|17,08|6,56|7,96|0,00
2013-10-21 12:20:44,993|10,0|8,0|82,0|995|884|111|17,08|6,56|6,00|26,85
2013-10-21 12:20:50,577|0,0|0,0|100,0|995|884|111|17,08|6,56|0,64|0,00
2013-10-21 12:20:56,138|4,1|6,2|89,5|995|884|111|17,08|6,56|7,50|26,78
2013-10-21 12:21:01,708|0,0|0,0|100,0|995|884|111|17,08|6,56|7,79|13,61
2013-10-21 12:21:07,280|4,0|10,2|85,7|995|884|111|17,08|6,56|0,23|0,00
2013-10-21 12:21:12,875|0,0|0,0|100,0|995|884|111|17,07|6,56|10,96|40,54
2013-10-21 12:21:18,485|1,9|0,0|98,0|995|884|111|17,07|6,56|1,05|0,00
2013-10-21 12:21:24,045|4,0|2,0|93,8|995|886|109|17,07|6,56|6,86|27,15
2013-10-21 12:21:29,643|0,0|0,0|100,0|995|884|111|17,07|6,56|0,09|0,00
2013-10-21 12:21:35,307|2,0|6,0|92,0|995|885|110|17,07|6,56|4,56|26,54
2013-10-21 12:21:40,861|0,0|0,0|100,0|995|884|111|17,07|6,56|0,78|0,00
2013-10-21 12:21:46,465|33,3|8,3|0,0|995|897|97|17,12|6,56|5,11|26,78
2013-10-21 12:21:52,186|48,0|2,0|0,0|995|918|77|18,10|6,56|0,99|0,00
2013-10-21 12:21:57,849|24,0|12,0|0,0|995|922|72|18,66|6,56|10,68|53,80
2013-10-21 12:22:04,577|72,9|6,2|0,0|995|914|80|19,55|6,56|11,07|53,77
2013-10-21 12:22:11,446|72,0|2,0|0,0|995|916|79|20,37|6,56|1,81|1,37
2013-10-21 12:22:17,262|6,0|6,0|0,0|995|914|80|20,99|6,56|6,38|26,84
2013-10-21 12:22:23,111|0,0|0,0|100,0|995|913|82|21,00|6,56|4,72|14,56
2013-10-21 12:22:28,650|4,0|0,0|96,0|995|914|81|21,00|6,56|1,92|24,19
2013-10-21 12:22:34,308|0,0|0,0|100,0|995|913|82|21,00|6,56|9,84|41,85
2013-10-21 12:22:39,812|0,0|0,0|100,0|995|913|82|21,00|6,56|0,29|0,00
2013-10-21 12:22:45,425|4,1|4,1|91,6|995|914|81|21,00|6,56|8,13|53,25
2013-10-21 12:22:51,016|2,0|0,0|98,0|995|913|82|20,99|6,56|5,05|15,04
2013-10-21 12:22:56,561|4,0|2,0|93,8|995|913|82|20,99|6,56|0,56|0,00
2013-10-21 12:23:02,184|0,0|0,0|100,0|995|913|82|20,99|6,56|11,27|42,01
2013-10-21 12:23:07,769|0,0|0,0|100,0|995|913|82|20,99|6,56|0,53|0,00
2013-10-21 12:23:13,243|4,1|4,1|91,6|995|913|82|20,99|6,56|10,24|53,69
2013-10-21 12:23:18,749|1,9|0,0|98,0|995|913|82|20,99|6,56|1,79|0,00
2013-10-21 12:23:24,356|5,8|5,8|88,2|995|913|82|20,99|6,56|5,15|26,85
2013-10-21 12:23:29,877|0,0|0,0|100,0|995|913|82|20,99|6,56|4,85|15,54
2013-10-21 12:23:35,478|4,0|8,0|88,0|995|913|82|20,99|6,56|1,07|0,00
2013-10-21 12:23:41,003|2,0|2,0|95,9|995|914|80|20,99|6,56|7,39|28,30
2013-10-21 12:23:46,616|0,0|0,0|100,0|995|913|82|20,99|6,57|0,95|0,00
2013-10-21 12:23:52,172|4,0|6,1|89,7|995|913|82|20,99|6,57|5,82|26,85
2013-10-21 12:23:57,715|0,0|0,0|95,9|995|913|82|20,99|6,57|3,49|1,46
2013-10-21 12:24:03,268|2,0|4,0|94,0|995|913|82|20,99|6,57|1,35|0,00
2013-10-21 12:24:08,877|100,0|0,0|0,0|995|920|75|20,99|6,57|11,21|43,08
2013-10-21 12:24:14,547|98,0|2,0|0,0|995|913|81|20,99|6,57|0,23|0,00
2013-10-21 12:24:20,373|94,1|5,8|0,0|995|915|80|20,99|6,57|5,68|26,78
2013-10-21 12:24:26,129|96,0|4,0|0,0|995|916|79|21,36|6,57|5,81|16,36
2013-10-21 12:24:32,741|98,0|2,0|0,0|995|918|77|21,96|6,57|1,41|0,00
2013-10-21 12:24:38,989|96,0|4,0|0,0|995|914|80|22,83|6,57|6,82|40,52
2013-10-21 12:24:46,310|92,0|8,0|0,0|995|915|80|23,91|6,57|5,11|26,82
2013-10-21 12:24:52,593|94,1|5,8|0,0|995|915|80|24,80|6,57|1,07|0,00
2013-10-21 12:24:58,506|96,0|4,0|0,0|995|912|82|24,91|6,57|8,70|51,45
2013-10-21 12:25:04,277|100,0|0,0|0,0|995|911|83|24,91|6,57|0,23|0,00
2013-10-21 12:25:10,061|92,0|8,0|0,0|995|912|83|24,91|6,57|5,48|26,78
2013-10-21 12:25:15,815|100,0|0,0|0,0|995|912|83|24,91|6,57|8,04|0,00
2013-10-21 12:25:21,581|96,0|3,9|0,0|995|912|83|24,91|6,57|10,47|26,89
2013-10-21 12:25:27,337|100,0|0,0|0,0|995|912|82|24,91|6,57|17,90|43,95
2013-10-21 12:25:33,113|100,0|0,0|0,0|995|897|98|24,91|6,57|3,33|0,00
2013-10-21 12:25:38,964|88,0|12,0|0,0|995|899|95|24,91|6,57|17,74|371,77
2013-10-21 12:25:44,775|100,0|0,0|0,0|995|915|79|24,90|6,57|12,12|45,34
2013-10-21 12:25:50,582|100,0|0,0|0,0|995|915|79|24,90|6,57|0,17|0,00
2013-10-21 12:25:56,423|96,0|3,9|0,0|995|915|79|24,90|6,57|0,72|0,00
2013-10-21 12:26:02,213|100,0|0,0|0,0|995|915|79|24,90|6,57|10,45|44,30
2013-10-21 12:26:08,068|98,0|2,0|0,0|995|915|79|24,90|6,57|1,38|0,00
2013-10-21 12:26:13,901|96,0|4,0|0,0|995|915|79|24,90|6,57|5,71|27,03
2013-10-21 12:26:19,831|98,0|2,0|0,0|995|917|78|25,71|6,57|5,46|26,83
2013-10-21 12:26:27,265|96,0|3,9|0,0|995|918|77|26,48|6,57|0,44|0,00
2013-10-21 12:26:33,352|98,0|2,0|0,0|995|899|95|27,17|6,57|1,41|0,00
2013-10-21 12:26:41,329|86,2|11,7|0,0|995|915|80|28,03|6,57|5,46|26,89
2013-10-21 12:26:47,463|95,9|4,0|0,0|995|917|78|28,62|6,57|0,84|0,00
2013-10-21 12:26:53,605|100,0|0,0|0,0|995|914|81|28,82|6,57|0,44|0,00
2013-10-21 12:26:59,456|88,0|12,0|0,0|995|912|83|28,82|6,57|27,72|702,70
2013-10-21 12:27:05,292|98,0|0,0|0,0|995|912|83|28,82|6,57|1,07|0,00
2013-10-21 12:27:11,064|96,0|4,0|0,0|995|912|83|28,82|6,57|5,49|26,78
2013-10-21 12:27:16,816|100,0|0,0|0,0|995|912|83|28,82|6,57|9,75|45,09
2013-10-21 12:27:22,565|98,0|2,0|0,0|995|914|80|28,93|6,57|1,31|0,00
2013-10-21 12:27:29,468|94,0|6,0|0,0|995|915|80|29,93|6,57|10,01|53,64
2013-10-21 12:27:35,659|100,0|0,0|0,0|995|926|68|30,78|6,57|0,98|0,04
2013-10-21 12:27:44,347|94,1|5,8|0,0|995|916|79|31,58|6,57|0,49|0,00
2013-10-21 12:27:51,135|100,0|0,0|0,0|995|924|71|32,39|6,57|7,16|19,93
2013-10-21 12:27:57,627|96,0|2,0|0,0|995|922|73|33,00|6,57|1,32|8,02
2013-10-21 12:28:06,901|92,0|6,0|0,0|995|915|79|34,00|6,57|8,04|52,41
2013-10-21 12:28:13,403|98,0|0,0|0,0|995|914|80|34,58|6,57|5,04|18,82
2013-10-21 12:28:20,185|100,0|0,0|0,0|995|914|80|35,33|6,57|15,30|360,24
2013-10-21 12:28:28,636|98,0|1,9|0,0|995|922|73|36,17|6,57|10,61|45,75
2013-10-21 12:28:35,087|100,0|0,0|0,0|995|922|72|36,66|6,57|1,11|0,00
2013-10-21 12:28:40,951|95,9|4,0|0,0|995|922|72|36,66|6,57|5,65|26,83
2013-10-21 12:28:46,703|100,0|0,0|0,0|995|923|72|36,66|6,57|0,18|0,00
2013-10-21 12:28:52,488|100,0|0,0|0,0|995|923|72|36,66|6,57|5,07|19,44
2013-10-21 12:28:58,263|95,9|4,0|0,0|995|923|72|36,66|6,57|6,15|26,78
2013-10-21 12:29:04,012|100,0|0,0|0,0|995|923|72|36,66|6,57|8,10|20,73
2013-10-21 12:29:09,805|100,0|0,0|0,0|995|923|72|36,66|6,57|1,94|0,00
2013-10-21 12:29:15,583|92,0|8,0|0,0|995|923|72|36,66|6,57|5,25|26,78
2013-10-21 12:29:21,343|100,0|0,0|0,0|995|923|72|36,66|6,57|7,88|19,67
2013-10-21 12:29:27,120|100,0|0,0|0,0|995|923|72|36,66|6,57|0,76|0,00
2013-10-21 12:29:32,923|8,0|4,0|88,0|995|892|102|36,66|6,57|8,54|52,24
2013-10-21 12:29:38,457|0,0|0,0|100,0|995|891|103|36,66|6,57|0,12|0,00
2013-10-21 12:29:44,025|1,9|3,9|94,1|995|892|102|36,66|6,57|1,68|24,23
2013-10-21 12:29:49,579|0,0|0,0|100,0|995|891|103|36,65|6,57|5,66|20,09
2013-10-21 12:29:55,172|2,0|6,0|92,0|995|891|103|36,65|6,57|0,32|0,00
2013-10-21 12:30:00,740|0,0|0,0|100,0|995|891|103|36,65|6,57|9,32|47,07
2013-10-21 12:30:06,231|2,0|4,0|93,8|995|891|103|36,65|6,57|1,20|0,00
2013-10-21 12:30:11,773|0,0|0,0|100,0|995|891|103|36,65|6,57|9,93|47,21
2013-10-21 12:30:17,352|0,0|0,0|100,0|995|891|103|36,65|6,57|0,63|0,00
2013-10-21 12:30:22,943|96,0|4,0|0,0|995|917|78|37,02|6,57|5,48|20,46
2013-10-21 12:30:28,765|90,1|9,8|0,0|995|918|77|37,67|6,57|10,87|53,63
2013-10-21 12:30:34,521|78,0|6,0|0,0|995|914|80|38,27|6,57|2,11|0,18
2013-10-21 12:30:40,868|48,9|28,5|0,0|995|921|73|38,80|6,58|10,21|53,63
2013-10-21 12:30:47,110|94,0|6,0|0,0|995|918|77|39,47|6,58|1,68|0,00
2013-10-21 12:30:53,021|92,1|7,8|0,0|995|913|82|40,17|6,58|0,77|0,00
2013-10-21 12:30:58,922|0,0|0,0|100,0|995|913|82|40,57|6,58|6,29|21,35
2013-10-21 12:31:04,530|8,0|4,0|88,0|995|913|82|40,57|6,58|1,61|0,00
2013-10-21 12:31:10,163|0,0|0,0|100,0|995|913|82|40,56|6,58|6,83|21,02
2013-10-21 12:31:15,755|6,0|6,0|88,0|995|913|82|40,56|6,58|0,49|0,00
2013-10-21 12:31:21,343|55,1|4,0|0,0|995|917|78|41,07|6,58|9,89|47,98
2013-10-21 12:31:28,652|14,0|4,0|0,0|995|924|71|41,77|6,58|1,26|24,10
2013-10-21 12:31:38,233|18,3|2,0|0,0|995|934|61|42,48|6,58|4,25|25,52
2013-10-21 12:31:45,460|50,9|1,9|0,0|995|920|74|42,99|6,58|3,76|2,67
2013-10-21 12:31:52,347|2,0|6,2|91,6|995|914|80|43,04|6,58|10,10|53,76
2013-10-21 12:31:57,889|0,0|0,0|100,0|995|914|81|43,04|6,58|1,00|0,00
2013-10-21 12:32:03,416|4,0|8,1|87,7|995|914|80|43,04|6,58|10,44|29,56
2013-10-21 12:32:08,996|0,0|0,0|100,0|995|914|80|43,04|6,58|1,12|0,00
2013-10-21 12:32:14,550|0,0|0,0|100,0|995|914|80|43,04|6,58|10,56|48,58
2013-10-21 12:32:20,204|0,0|0,0|98,0|995|914|80|43,03|6,58|2,83|0,00
2013-10-21 12:32:25,770|0,0|0,0|100,0|995|914|80|43,03|6,58|9,90|48,90
2013-10-21 12:32:31,331|6,1|6,1|87,7|995|914|80|43,03|6,58|0,14|0,00
2013-10-21 12:32:36,875|0,0|0,0|96,0|995|914|80|43,03|6,58|5,36|22,06
2013-10-21 12:32:42,434|3,9|3,9|92,1|995|915|79|43,03|6,58|3,97|26,54
2013-10-21 12:32:48,002|0,0|0,0|98,0|995|914|80|43,03|6,58|2,33|0,30
2013-10-21 12:32:53,549|4,0|6,1|89,7|995|915|80|43,03|6,58|6,46|26,84
2013-10-21 12:32:59,124|0,0|0,0|96,0|995|915|80|43,03|6,58|4,63|6,07
2013-10-21 12:33:04,636|2,0|4,0|89,7|995|915|79|43,03|6,58|8,28|59,33
2013-10-21 12:33:10,147|0,0|0,0|100,0|995|915|80|43,03|6,58|2,46|0,00
2013-10-21 12:33:15,738|5,8|3,9|88,2|995|915|80|43,02|6,58|7,27|28,17
2013-10-21 12:33:21,285|0,0|0,0|100,0|995|915|80|43,02|6,58|1,59|0,00
2013-10-21 12:33:26,868|0,0|0,0|100,0|995|915|80|43,02|6,58|10,98|51,69
2013-10-21 12:33:32,385|5,8|9,8|84,3|995|915|80|43,02|6,58|1,17|0,00
2013-10-21 12:33:37,954|0,0|0,0|100,0|995|915|80|43,02|6,58|2,44|7,46
2013-10-21 12:33:43,520|4,1|4,1|91,6|995|915|80|43,02|6,58|5,39|31,19
2013-10-21 12:33:49,020|0,0|0,0|96,0|995|915|80|43,02|6,58|3,41|0,06
2013-10-21 12:33:54,585|4,0|6,0|90,0|995|915|80|43,02|6,58|10,87|53,63
2013-10-21 12:34:00,115|0,0|0,0|100,0|995|915|80|43,02|6,58|1,05|0,00
2013-10-21 12:34:05,639|0,0|0,0|95,9|995|915|80|43,02|6,58|1,87|0,00
2013-10-21 12:34:11,148|0,0|0,0|100,0|995|915|80|43,02|6,58|1,57|6,00
2013-10-21 12:34:16,692|0,0|0,0|100,0|995|915|80|43,01|6,58|0,58|6,05
2013-10-21 12:34:22,234|0,0|0,0|100,0|995|915|80|43,01|6,58|0,23|0,00
2013-10-21 12:34:27,754|0,0|0,0|100,0|995|915|80|43,01|6,58|0,21|0,00
2013-10-21 12:34:33,264|0,0|0,0|100,0|995|915|80|43,01|6,58|1,02|0,00
2013-10-21 12:34:38,775|0,0|0,0|98,0|995|915|80|43,01|6,58|0,73|0,00
2013-10-21 12:34:44,320|0,0|0,0|100,0|995|915|80|43,01|6,58|1,40|6,05
2013-10-21 12:34:49,868|0,0|0,0|95,9|995|915|80|43,01|6,58|0,62|1,67
2013-10-21 12:34:55,387|0,0|0,0|100,0|995|915|80|43,01|6,58|2,52|0,00
2013-10-21 12:35:00,900|0,0|1,9|96,0|995|915|80|43,01|6,58|0,08|0,00
2013-10-21 12:35:06,444|0,0|0,0|100,0|995|915|80|43,01|6,58|2,33|0,00
2013-10-21 12:35:11,992|0,0|0,0|100,0|995|915|80|43,01|6,58|0,66|0,00
2013-10-21 12:35:17,513|0,0|0,0|100,0|995|915|80|43,01|6,58|0,48|0,00
2013-10-21 12:35:23,028|0,0|0,0|100,0|995|915|80|43,00|6,58|4,39|6,00
2013-10-21 12:35:28,611|0,0|0,0|100,0|995|915|80|43,00|6,58|0,49|6,00
2013-10-21 12:35:34,140|0,0|0,0|98,0|995|915|80|43,00|6,58|1,12|0,00
2013-10-21 12:35:39,651|0,0|0,0|100,0|995|915|79|43,00|6,58|0,85|0,00
2013-10-21 12:35:45,197|0,0|0,0|100,0|995|915|79|43,00|6,58|0,47|0,00
2013-10-21 12:35:50,742|0,0|0,0|98,0|995|915|79|43,00|6,58|1,36|0,00
2013-10-21 12:35:56,261|0,0|0,0|100,0|995|915|79|43,00|6,58|1,16|7,66
2013-10-21 12:36:01,776|0,0|1,9|98,0|995|915|79|43,00|6,58|0,18|1,67
2013-10-21 12:36:07,317|0,0|0,0|100,0|995|915|79|43,00|6,58|1,53|0,00
2013-10-21 12:36:12,862|0,0|0,0|100,0|995|915|79|43,00|6,58|0,59|0,00
2013-10-21 12:36:18,382|0,0|0,0|100,0|995|915|79|43,00|6,58|0,69|0,00
2013-10-21 12:36:23,904|2,0|0,0|98,0|995|915|79|42,99|6,58|0,98|0,00
2013-10-21 12:36:29,447|0,0|0,0|100,0|995|915|79|42,99|6,58|1,72|0,06
2013-10-21 12:36:34,996|0,0|0,0|96,1|995|915|79|42,99|6,58|0,92|4,94
2013-10-21 12:36:40,520|0,0|0,0|100,0|995|915|79|42,99|6,58|2,30|0,00
2013-10-21 12:36:46,032|0,0|0,0|100,0|995|915|79|42,99|6,58|1,69|0,00
2013-10-21 12:36:51,601|0,0|0,0|100,0|995|915|79|42,99|6,58|2,00|0,00
2013-10-21 12:36:57,135|0,0|0,0|98,0|995|915|80|42,99|6,58|2,27|0,48
2013-10-21 12:37:02,650|0,0|0,0|85,7|995|915|79|42,99|6,58|1,60|0,00
2013-10-21 12:37:08,154|0,0|0,0|100,0|995|915|79|42,99|6,58|1,20|0,00
2013-10-21 12:37:13,700|0,0|0,0|98,0|995|915|79|42,99|6,58|0,06|0,00
2013-10-21 12:37:19,248|0,0|0,0|100,0|995|915|79|42,99|6,58|1,38|0,00
2013-10-21 12:37:24,773|0,0|0,0|100,0|995|915|79|42,99|6,58|1,01|0,00
2013-10-21 12:37:30,285|0,0|0,0|98,0|995|915|79|42,98|6,58|1,17|0,00
2013-10-21 12:37:35,858|0,0|0,0|100,0|995|915|79|42,98|6,58|0,08|0,00
2013-10-21 12:37:41,387|0,0|0,0|100,0|995|915|79|42,98|6,58|0,83|0,00
2013-10-21 12:37:46,901|0,0|0,0|100,0|995|915|79|42,98|6,58|0,29|0,00
2013-10-21 12:37:52,405|0,0|0,0|100,0|995|915|79|42,98|6,58|0,39|0,00
MV3===========================================
2013-10-21 12:07:56,187|0,0|0,0|98,0|995|915|80|5,22|6,57|0,62|0,00
2013-10-21 12:08:01,844|0,0|0,0|100,0|995|915|80|5,22|6,57|2,21|0,04
2013-10-21 12:08:07,379|0,0|0,0|100,0|995|914|81|5,22|6,57|0,23|0,00
2013-10-21 12:08:12,890|0,0|0,0|100,0|995|914|81|5,22|6,57|0,23|0,00
2013-10-21 12:08:18,397|0,0|0,0|100,0|995|914|81|5,22|6,57|1,98|0,00
2013-10-21 12:08:23,968|0,0|0,0|100,0|995|914|81|5,22|6,57|1,08|0,00
2013-10-21 12:08:29,498|0,0|0,0|100,0|995|914|81|5,22|6,57|1,68|0,00
2013-10-21 12:08:35,016|0,0|0,0|100,0|995|914|81|5,22|6,57|1,02|0,00
2013-10-21 12:08:40,520|0,0|0,0|100,0|995|914|81|5,22|6,57|0,30|0,00
2013-10-21 12:08:46,096|0,0|0,0|100,0|995|914|81|5,22|6,57|0,56|0,00
2013-10-21 12:08:51,628|0,0|0,0|100,0|995|914|81|5,22|6,57|0,73|0,00
2013-10-21 12:08:57,145|0,0|0,0|100,0|995|914|81|5,22|6,57|1,07|0,00
2013-10-21 12:09:02,720|0,0|0,0|100,0|995|914|81|5,22|6,57|1,62|0,00
2013-10-21 12:09:08,243|0,0|0,0|100,0|995|914|81|5,22|6,57|1,46|0,00
2013-10-21 12:09:13,763|0,0|0,0|100,0|995|914|81|5,22|6,57|0,69|0,00
2013-10-21 12:09:19,269|0,0|0,0|100,0|995|914|81|5,22|6,57|0,23|0,00
2013-10-21 12:09:24,850|0,0|0,0|100,0|995|914|81|5,22|6,57|0,47|0,00
2013-10-21 12:09:30,374|0,0|0,0|100,0|995|914|81|5,22|6,57|0,12|0,00
2013-10-21 12:09:35,891|0,0|0,0|100,0|995|914|81|5,22|6,57|0,81|0,00
2013-10-21 12:09:41,386|0,0|0,0|100,0|995|914|81|5,22|6,57|0,41|0,00
2013-10-21 12:09:46,979|0,0|0,0|100,0|995|914|81|5,22|6,57|0,38|0,00
2013-10-21 12:09:52,500|0,0|0,0|100,0|995|914|81|5,22|6,57|0,44|0,00
2013-10-21 12:09:58,020|0,0|0,0|100,0|995|914|81|5,22|6,57|0,62|0,00
2013-10-21 12:10:03,529|0,0|0,0|100,0|995|914|81|5,22|6,57|0,18|0,00
2013-10-21 12:10:09,096|0,0|0,0|100,0|995|914|81|5,22|6,57|0,18|0,00
2013-10-21 12:10:14,629|0,0|0,0|100,0|995|914|81|5,22|6,57|0,73|0,00
2013-10-21 12:10:20,147|0,0|0,0|100,0|995|914|81|5,22|6,57|0,90|0,00
2013-10-21 12:10:25,736|0,0|0,0|100,0|995|914|81|5,22|6,57|0,41|0,00
2013-10-21 12:10:31,260|0,0|0,0|100,0|995|914|81|5,22|6,57|2,49|0,00
2013-10-21 12:10:36,844|0,0|0,0|100,0|995|914|81|5,22|6,57|0,77|0,00
2013-10-21 12:10:42,376|0,0|0,0|100,0|995|914|81|5,22|6,57|0,20|0,00
2013-10-21 12:10:47,896|0,0|0,0|100,0|995|914|81|5,22|6,57|0,96|0,00
2013-10-21 12:10:53,398|0,0|0,0|100,0|995|914|81|5,22|6,57|0,21|0,00
2013-10-21 12:10:58,972|0,0|0,0|100,0|995|914|81|5,22|6,57|1,39|0,00
2013-10-21 12:11:04,501|0,0|0,0|100,0|995|914|81|5,22|6,57|4,22|0,00
2013-10-21 12:11:10,024|0,0|0,0|100,0|995|914|81|5,22|6,57|1,73|0,00
2013-10-21 12:11:15,528|0,0|0,0|100,0|995|914|81|5,21|6,57|0,23|0,00
2013-10-21 12:11:21,076|0,0|0,0|100,0|995|914|81|5,21|6,57|1,07|0,00
2013-10-21 12:11:26,615|0,0|0,0|100,0|995|914|81|5,21|6,57|1,01|0,00
2013-10-21 12:11:32,144|0,0|0,0|100,0|995|914|81|5,21|6,57|1,60|0,00
2013-10-21 12:11:37,724|0,0|0,0|100,0|995|914|81|5,21|6,57|0,35|0,00
2013-10-21 12:11:43,247|0,0|0,0|100,0|995|914|81|5,21|6,57|1,05|0,00
2013-10-21 12:11:48,772|0,0|0,0|100,0|995|914|81|5,21|6,57|2,31|0,00
2013-10-21 12:11:54,280|0,0|0,0|100,0|995|914|81|5,21|6,57|0,27|0,00
2013-10-21 12:11:59,853|0,0|0,0|100,0|995|914|81|5,21|6,57|1,70|0,00
2013-10-21 12:12:05,380|0,0|0,0|100,0|995|914|81|5,21|6,57|0,64|0,00
2013-10-21 12:12:10,891|0,0|0,0|100,0|995|914|81|5,21|6,57|0,47|0,00
2013-10-21 12:12:16,398|0,0|0,0|100,0|995|914|81|5,21|6,57|0,23|0,00
2013-10-21 12:12:21,888|0,0|0,0|100,0|995|914|81|5,21|6,57|1,27|0,00
2013-10-21 12:12:27,401|0,0|0,0|100,0|995|914|81|5,21|6,57|0,26|0,00
2013-10-21 12:12:32,976|0,0|0,0|100,0|995|914|81|5,21|6,57|1,30|0,00
2013-10-21 12:12:38,503|0,0|0,0|100,0|995|914|81|5,21|6,57|1,04|0,00
2013-10-21 12:12:44,028|0,0|0,0|100,0|995|914|81|5,21|6,57|0,99|0,00
2013-10-21 12:12:49,523|0,0|0,0|100,0|995|914|81|5,21|6,57|0,90|0,00
2013-10-21 12:12:55,036|0,0|0,0|100,0|995|914|81|5,21|6,57|0,39|0,00
2013-10-21 12:13:00,604|0,0|0,0|100,0|995|914|81|5,21|6,57|0,99|0,00
2013-10-21 12:13:06,140|0,0|0,0|100,0|995|914|81|5,21|6,57|1,22|0,00
2013-10-21 12:13:11,724|0,0|0,0|100,0|995|914|81|5,21|6,57|0,69|0,00
2013-10-21 12:13:17,256|0,0|0,0|100,0|995|914|81|5,21|6,57|0,52|0,00
2013-10-21 12:13:22,781|0,0|0,0|100,0|995|914|81|5,21|6,57|1,39|0,00
2013-10-21 12:13:28,275|0,0|0,0|100,0|995|914|81|5,21|6,57|0,54|0,00
2013-10-21 12:13:33,849|0,0|0,0|100,0|995|914|81|5,21|6,57|0,40|0,00
2013-10-21 12:13:39,376|0,0|0,0|100,0|995|914|81|5,21|6,57|0,88|0,00
2013-10-21 12:13:44,891|0,0|0,0|100,0|995|914|81|5,21|6,57|0,61|0,00
2013-10-21 12:13:50,400|0,0|0,0|100,0|995|914|81|5,21|6,57|0,67|0,00
2013-10-21 12:13:55,907|0,0|0,0|100,0|995|914|81|5,21|6,57|0,15|0,00
2013-10-21 12:14:01,415|0,0|0,0|100,0|995|914|81|5,21|6,57|1,87|0,00
2013-10-21 12:14:06,975|0,0|0,0|100,0|995|914|81|5,21|6,57|0,96|0,00
2013-10-21 12:14:12,507|0,0|0,0|100,0|995|914|81|5,21|6,57|3,33|0,00
2013-10-21 12:14:18,028|0,0|0,0|100,0|995|914|81|5,21|6,57|0,84|0,00
2013-10-21 12:14:23,537|0,0|0,0|100,0|995|914|81|5,21|6,57|0,63|0,00
2013-10-21 12:14:29,107|0,0|0,0|100,0|995|914|81|5,21|6,57|0,51|0,00
2013-10-21 12:14:34,640|0,0|0,0|100,0|995|914|81|5,21|6,57|1,20|0,00
2013-10-21 12:14:40,153|0,0|0,0|100,0|995|914|81|5,21|6,57|1,38|0,00
2013-10-21 12:14:45,659|0,0|0,0|100,0|995|914|81|5,21|6,57|0,80|0,00
2013-10-21 12:14:51,164|0,0|0,0|100,0|995|914|81|5,21|6,57|0,84|0,00
2013-10-21 12:14:56,737|0,0|0,0|100,0|995|914|81|5,21|6,57|0,50|0,00
2013-10-21 12:15:02,265|2,0|8,1|89,7|995|914|81|5,21|6,57|8,81|43,10
2013-10-21 12:15:07,855|6,0|6,0|88,0|995|914|81|5,21|6,57|5,03|43,10
2013-10-21 12:15:13,428|2,0|0,0|98,0|995|914|81|5,21|6,57|4,83|9,16
2013-10-21 12:15:19,021|4,0|8,0|88,0|995|914|81|5,21|6,57|0,91|0,00
2013-10-21 12:15:24,537|0,0|0,0|100,0|995|914|81|5,21|6,57|10,12|86,19
2013-10-21 12:15:30,084|0,0|0,0|100,0|995|914|81|5,21|6,57|7,48|9,62
2013-10-21 12:15:35,637|0,0|0,0|100,0|995|914|81|5,21|6,57|0,12|0,00
2013-10-21 12:15:41,176|2,0|4,0|94,0|995|914|81|5,21|6,57|5,12|43,03
2013-10-21 12:15:46,749|4,0|6,1|89,7|995|914|81|5,21|6,57|4,93|43,10
2013-10-21 12:15:52,317|0,0|0,0|100,0|995|914|81|5,21|6,57|6,42|9,66
2013-10-21 12:15:57,897|4,1|4,1|91,6|995|914|81|5,21|6,57|0,59|0,00
2013-10-21 12:16:03,415|1,9|5,8|90,1|995|914|81|5,21|6,57|9,56|45,75
2013-10-21 12:16:08,934|1,9|0,0|98,0|995|914|81|5,21|6,57|4,44|2,79
2013-10-21 12:16:14,539|2,0|10,0|88,0|995|914|81|5,21|6,57|6,12|43,10
2013-10-21 12:16:20,132|7,8|3,9|88,2|995|914|81|5,21|6,57|9,53|45,76
2013-10-21 12:16:25,679|0,0|0,0|100,0|995|914|81|5,21|6,57|4,48|10,08
2013-10-21 12:16:31,231|2,0|6,1|91,8|995|914|81|5,21|6,57|0,12|0,00
2013-10-21 12:16:36,767|4,0|2,0|94,0|995|914|81|5,21|6,57|11,00|85,93
2013-10-21 12:16:42,289|0,0|0,0|100,0|995|914|81|5,21|6,57|5,42|10,35
2013-10-21 12:16:47,960|62,0|8,0|0,0|995|914|81|5,74|6,57|0,18|0,00
2013-10-21 12:16:53,632|35,2|1,9|0,0|995|925|70|6,33|6,57|6,47|11,82
2013-10-21 12:16:59,450|56,0|2,0|0,0|995|915|79|7,03|6,57|1,68|0,00
2013-10-21 12:17:07,021|44,0|8,0|0,0|995|915|79|7,78|6,57|1,54|0,00
2013-10-21 12:17:12,805|52,0|12,5|0,0|995|915|79|8,42|6,57|8,80|45,89
2013-10-21 12:17:18,520|22,0|2,0|0,0|995|913|82|9,14|6,57|5,24|11,18
2013-10-21 12:17:24,157|4,0|6,0|88,0|995|913|82|9,15|6,57|0,24|0,00
2013-10-21 12:17:29,665|5,8|5,8|88,2|995|913|82|9,15|6,57|11,04|86,19
2013-10-21 12:17:35,173|0,0|0,0|100,0|995|913|82|9,15|6,57|5,95|10,92
2013-10-21 12:17:40,730|2,0|4,0|92,0|995|913|82|9,15|6,57|1,38|0,18
2013-10-21 12:17:46,440|94,0|6,0|0,0|995|914|80|9,15|6,57|10,10|86,08
2013-10-21 12:17:52,204|100,0|0,0|0,0|995|916|79|9,15|6,57|9,83|54,10
2013-10-21 12:17:57,979|100,0|0,0|0,0|995|917|78|9,15|6,57|5,02|11,15
2013-10-21 12:18:03,779|98,0|0,0|0,0|995|917|78|9,15|6,57|0,38|0,00
2013-10-21 12:18:09,617|100,0|0,0|0,0|995|918|77|9,15|6,57|0,39|0,00
2013-10-21 12:18:15,347|98,0|2,0|0,0|995|918|77|9,15|6,57|10,37|86,14
2013-10-21 12:18:21,083|100,0|0,0|0,0|995|918|76|9,15|6,57|10,06|54,46
2013-10-21 12:18:26,841|100,0|0,0|0,0|995|918|76|9,15|6,57|5,45|11,55
2013-10-21 12:18:32,631|96,0|3,9|0,0|995|919|76|9,15|6,57|1,94|0,00
2013-10-21 12:18:38,409|98,0|2,0|0,0|995|920|74|9,15|6,57|3,78|41,64
2013-10-21 12:18:44,209|96,0|4,0|0,0|995|918|77|9,44|6,57|6,70|43,26
2013-10-21 12:18:50,461|97,9|2,0|0,0|995|915|79|10,00|6,57|0,61|0,00
2013-10-21 12:18:56,593|96,0|4,0|0,0|995|918|76|10,67|6,57|3,11|40,56
2013-10-21 12:19:02,677|98,0|1,9|0,0|995|917|78|11,35|6,57|1,48|0,00
2013-10-21 12:19:09,485|97,9|2,0|0,0|995|915|79|12,04|6,58|6,29|83,48
2013-10-21 12:19:15,365|96,0|3,9|0,0|995|917|78|12,71|6,58|7,82|53,80
2013-10-21 12:19:21,374|98,0|2,0|0,0|995|914|80|13,24|6,58|5,81|43,13
2013-10-21 12:19:28,732|100,0|0,0|0,0|995|914|81|13,74|6,58|5,29|12,27
2013-10-21 12:19:35,204|92,0|8,0|0,0|995|917|78|14,15|6,58|3,61|41,64
2013-10-21 12:19:41,334|98,0|2,0|0,0|995|917|78|14,50|6,58|7,87|55,01
2013-10-21 12:19:47,234|100,0|0,0|0,0|995|918|77|14,93|6,58|0,32|0,00
2013-10-21 12:19:54,770|98,0|2,0|0,0|995|918|77|15,64|6,58|4,76|12,79
2013-10-21 12:20:00,904|96,0|4,0|0,0|995|914|80|16,50|6,58|0,74|0,06
2013-10-21 12:20:07,239|96,0|3,9|0,0|995|913|82|17,04|6,58|1,60|0,00
2013-10-21 12:20:13,101|100,0|0,0|0,0|995|913|81|17,04|6,58|5,48|43,04
2013-10-21 12:20:18,895|4,0|6,0|90,0|995|882|112|17,04|6,58|5,61|43,10
2013-10-21 12:20:24,469|0,0|0,0|100,0|995|882|112|17,04|6,58|2,08|1,58
2013-10-21 12:20:30,053|7,8|5,8|86,2|995|882|112|17,04|6,58|6,09|43,10
2013-10-21 12:20:35,657|0,0|0,0|100,0|995|882|112|17,04|6,58|10,12|56,14
2013-10-21 12:20:41,234|0,0|0,0|100,0|995|882|112|17,04|6,58|7,26|0,00
2013-10-21 12:20:46,812|0,0|6,2|93,7|995|882|112|17,04|6,58|11,15|86,19
2013-10-21 12:20:52,369|0,0|0,0|100,0|995|882|112|17,04|6,58|0,64|0,00
2013-10-21 12:20:57,980|0,0|0,0|100,0|995|882|112|17,04|6,58|10,21|86,26
2013-10-21 12:21:03,512|0,0|0,0|100,0|995|882|112|17,04|6,58|7,18|13,40
2013-10-21 12:21:09,056|6,0|4,0|90,0|995|882|112|17,04|6,58|0,29|0,06
2013-10-21 12:21:14,557|0,0|0,0|100,0|995|882|112|17,04|6,58|5,51|13,56
2013-10-21 12:21:20,170|5,8|3,9|90,1|995|882|113|17,04|6,58|1,76|0,00
2013-10-21 12:21:25,709|0,0|0,0|100,0|995|882|113|17,04|6,58|9,92|56,80
2013-10-21 12:21:31,268|0,0|0,0|100,0|995|882|112|17,04|6,58|0,09|0,00
2013-10-21 12:21:36,869|0,0|0,0|100,0|995|883|111|17,04|6,58|8,84|84,74
2013-10-21 12:21:42,413|0,0|0,0|100,0|995|882|112|17,04|6,58|0,23|0,00
2013-10-21 12:21:48,014|2,0|4,0|94,0|995|882|112|17,04|6,58|10,15|86,20
2013-10-21 12:21:53,575|36,7|4,0|0,0|995|916|79|17,43|6,58|0,90|0,00
2013-10-21 12:21:59,337|52,9|7,8|0,0|995|915|79|17,89|6,58|5,65|43,10
2013-10-21 12:22:05,184|26,0|4,0|0,0|995|923|71|18,36|6,58|0,30|0,00
2013-10-21 12:22:11,257|12,0|0,0|0,0|995|914|81|18,79|6,58|5,73|43,10
2013-10-21 12:22:17,138|24,0|10,0|0,0|995|921|74|19,20|6,58|10,74|86,14
2013-10-21 12:22:24,461|45,0|1,9|0,0|995|918|77|20,18|6,58|0,09|0,00
2013-10-21 12:22:30,467|6,1|4,0|89,7|995|923|71|20,97|6,58|5,97|43,10
2013-10-21 12:22:36,052|0,0|0,0|100,0|995|923|71|20,97|6,58|4,92|14,56
2013-10-21 12:22:41,580|6,0|4,0|90,0|995|923|71|20,97|6,58|0,12|0,00
2013-10-21 12:22:47,135|8,0|2,0|90,0|995|923|71|20,97|6,58|6,89|43,40
2013-10-21 12:22:52,691|0,0|0,0|96,0|995|923|71|20,97|6,58|2,67|1,46
2013-10-21 12:22:58,309|4,0|8,0|88,0|995|923|71|20,97|6,58|6,01|43,10
2013-10-21 12:23:03,893|0,0|0,0|100,0|995|924|71|20,97|6,58|7,15|14,98
2013-10-21 12:23:09,475|3,9|5,8|90,1|995|924|71|20,96|6,58|0,59|0,00
2013-10-21 12:23:15,039|6,0|4,0|90,0|995|924|71|20,96|6,58|5,40|43,10
2013-10-21 12:23:20,595|0,0|0,0|100,0|995|924|71|20,96|6,58|1,79|0,00
2013-10-21 12:23:26,187|6,0|6,0|88,0|995|924|71|20,96|6,58|5,21|43,10
2013-10-21 12:23:31,758|0,0|0,0|100,0|995|924|71|20,96|6,58|4,73|15,35
2013-10-21 12:23:37,290|5,8|7,8|86,2|995|924|71|20,96|6,58|0,72|0,00
2013-10-21 12:23:42,803|0,0|0,0|100,0|995|925|70|20,96|6,58|8,34|57,12
2013-10-21 12:23:48,307|2,0|0,0|98,0|995|924|71|20,96|6,58|0,36|0,00
2013-10-21 12:23:53,878|4,0|4,0|91,8|995|924|71|20,96|6,58|9,97|46,10
2013-10-21 12:23:59,430|0,0|0,0|100,0|995|923|71|20,96|6,58|3,09|0,30
2013-10-21 12:24:05,029|6,0|6,0|88,0|995|924|71|20,96|6,58|6,03|43,13
2013-10-21 12:24:10,551|0,0|0,0|100,0|995|924|71|20,96|6,58|5,16|15,84
2013-10-21 12:24:16,126|7,8|3,9|88,2|995|912|82|20,96|6,58|0,23|0,00
2013-10-21 12:24:21,658|6,1|4,0|89,7|995|912|82|20,96|6,58|6,11|43,24
2013-10-21 12:24:27,274|60,0|2,0|0,0|995|918|77|21,52|6,58|5,20|15,98
2013-10-21 12:24:34,153|65,3|8,1|0,0|995|919|76|22,16|6,58|7,01|43,10
2013-10-21 12:24:40,009|32,0|2,0|0,0|995|918|77|22,75|6,58|4,87|16,31
2013-10-21 12:24:46,285|36,0|0,0|0,0|995|923|72|23,56|6,58|0,35|0,00
2013-10-21 12:24:52,305|96,0|3,9|0,0|995|924|70|24,10|6,58|10,36|96,49
2013-10-21 12:24:58,337|98,0|2,0|0,0|995|915|80|24,78|6,58|0,92|0,00
2013-10-21 12:25:04,324|96,0|4,0|0,0|995|913|82|24,90|6,58|6,86|43,15
2013-10-21 12:25:10,076|100,0|0,0|0,0|995|914|81|24,90|6,58|0,62|0,00
2013-10-21 12:25:15,873|97,9|2,0|0,0|995|914|81|24,90|6,58|17,14|86,07
2013-10-21 12:25:21,619|100,0|0,0|0,0|995|915|80|24,90|6,58|1,66|0,00
2013-10-21 12:25:27,410|96,0|3,9|0,0|995|915|80|24,90|6,58|6,97|43,04
2013-10-21 12:25:33,188|96,0|4,0|0,0|995|915|79|24,90|6,58|6,37|43,08
2013-10-21 12:25:39,086|98,0|1,9|0,0|995|916|79|24,89|6,58|5,36|16,84
2013-10-21 12:25:44,913|98,0|1,9|0,0|995|916|79|24,89|6,58|0,54|0,00
2013-10-21 12:25:50,653|96,0|4,0|0,0|995|916|78|24,89|6,58|10,68|86,20
2013-10-21 12:25:56,383|100,0|0,0|0,0|995|916|78|24,89|6,58|5,32|17,06
2013-10-21 12:26:01,951|4,0|6,0|90,0|995|889|105|24,89|6,58|3,89|42,79
2013-10-21 12:26:07,553|0,0|0,0|100,0|995|888|106|24,89|6,58|7,14|17,56
2013-10-21 12:26:13,101|6,0|6,0|88,0|995|888|106|24,89|6,58|0,66|0,00
2013-10-21 12:26:18,654|2,0|0,0|97,9|995|889|105|24,89|6,58|7,87|59,04
2013-10-21 12:26:24,181|44,0|2,0|0,0|995|916|79|25,30|6,58|0,93|0,00
2013-10-21 12:26:30,995|43,1|9,8|0,0|995|925|69|25,95|6,58|5,26|43,10
2013-10-21 12:26:37,434|96,0|4,0|0,0|995|917|78|26,43|6,58|5,46|68,62
2013-10-21 12:26:43,817|98,0|2,0|0,0|995|858|136|26,95|6,58|5,39|17,75
2013-10-21 12:26:52,126|95,9|4,0|0,0|995|914|81|27,66|6,58|0,79|0,00
2013-10-21 12:26:58,252|94,0|6,0|0,0|995|915|79|28,67|6,58|9,29|45,62
2013-10-21 12:27:04,913|100,0|0,0|0,0|995|924|71|28,83|6,59|10,34|20,42
2013-10-21 12:27:10,681|100,0|0,0|0,0|995|913|82|28,83|6,59|1,29|0,00
2013-10-21 12:27:16,431|96,0|4,0|0,0|995|913|81|28,83|6,59|5,41|43,04
2013-10-21 12:27:22,171|100,0|0,0|0,0|995|914|81|28,83|6,59|6,17|18,06
2013-10-21 12:27:27,945|92,0|8,0|0,0|995|915|80|29,03|6,59|5,64|43,04
2013-10-21 12:27:33,893|98,0|2,0|0,0|995|919|76|29,83|6,59|11,55|0,00
2013-10-21 12:27:39,993|95,9|4,0|0,0|995|912|82|30,36|6,59|5,70|43,36
2013-10-21 12:27:46,233|98,0|2,0|0,0|995|900|95|30,78|6,59|0,61|0,00
2013-10-21 12:27:53,790|96,0|4,0|0,0|995|915|79|31,15|6,59|9,85|86,08
2013-10-21 12:28:00,185|83,6|16,3|0,0|995|915|80|31,58|6,59|6,22|42,98
2013-10-21 12:28:07,712|94,1|3,9|0,0|995|925|70|31,98|6,59|6,18|18,69
2013-10-21 12:28:14,257|94,0|6,0|0,0|995|918|77|32,49|6,59|0,86|0,00
2013-10-21 12:28:20,488|100,0|0,0|0,0|995|914|81|32,78|6,59|6,37|43,03
2013-10-21 12:28:26,194|58,8|3,9|0,0|995|914|81|32,85|6,59|0,23|0,00
2013-10-21 12:28:32,115|100,0|0,0|0,0|995|914|80|32,85|6,59|10,23|86,14
2013-10-21 12:28:37,843|100,0|0,0|0,0|995|914|80|32,85|6,59|6,09|18,91
2013-10-21 12:28:43,595|96,0|3,9|0,0|995|915|80|32,85|6,59|1,42|0,00
2013-10-21 12:28:49,327|100,0|0,0|0,0|995|915|80|32,85|6,59|0,51|0,00
2013-10-21 12:28:55,061|100,0|0,0|0,0|995|915|80|32,85|6,59|8,89|60,95
2013-10-21 12:29:00,853|95,9|4,0|0,0|995|914|80|32,84|6,59|1,83|0,00
2013-10-21 12:29:06,591|95,9|4,0|0,0|995|915|80|32,84|6,59|6,16|43,10
2013-10-21 12:29:12,385|100,0|0,0|0,0|995|915|80|32,84|6,59|0,75|0,00
2013-10-21 12:29:18,241|98,0|2,0|0,0|995|915|80|32,84|6,59|0,53|0,00
2013-10-21 12:29:24,023|98,0|2,0|0,0|995|915|80|32,84|6,59|6,14|43,04
2013-10-21 12:29:29,807|100,0|0,0|0,0|995|914|80|32,84|6,59|2,28|1,46
2013-10-21 12:29:35,724|97,9|2,0|0,0|995|915|79|32,84|6,59|2,14|0,00
2013-10-21 12:29:41,515|96,0|3,9|0,0|995|915|80|32,84|6,59|9,00|45,25
2013-10-21 12:29:47,279|100,0|0,0|0,0|995|915|80|32,84|6,59|0,54|0,14
2013-10-21 12:29:53,127|5,8|5,8|88,2|995|884|111|32,84|6,59|5,40|43,10
2013-10-21 12:29:58,702|0,0|0,0|100,0|995|884|111|32,84|6,59|5,11|20,09
2013-10-21 12:30:04,271|4,1|0,0|95,8|995|885|109|32,84|6,59|3,20|40,82
2013-10-21 12:30:09,823|0,0|0,0|100,0|995|884|110|32,84|6,59|4,88|20,23
2013-10-21 12:30:15,406|6,1|6,1|87,7|995|885|110|32,84|6,59|0,35|0,06
2013-10-21 12:30:20,932|0,0|0,0|100,0|995|884|110|32,84|6,59|6,05|20,37
2013-10-21 12:30:26,492|88,2|9,8|0,0|995|915|80|33,31|6,59|5,24|43,12
2013-10-21 12:30:32,456|72,0|6,0|0,0|995|928|67|33,95|6,59|3,92|0,00
2013-10-21 12:30:38,386|72,0|2,0|0,0|995|936|58|34,52|6,59|5,39|43,10
2013-10-21 12:30:45,031|74,5|5,8|0,0|995|932|62|34,94|6,59|4,33|0,00
2013-10-21 12:30:51,090|98,0|2,0|0,0|995|913|81|35,44|6,59|4,90|42,91
2013-10-21 12:30:56,950|98,0|2,0|0,0|995|915|80|35,44|6,59|5,17|20,81
2013-10-21 12:31:02,624|4,0|6,0|78,0|995|902|93|35,44|6,59|5,14|43,10
2013-10-21 12:31:08,231|0,0|0,0|100,0|995|902|93|35,44|6,59|6,07|20,94
2013-10-21 12:31:13,775|8,0|6,0|86,0|995|902|93|35,44|6,59|5,42|43,10
2013-10-21 12:31:19,377|0,0|0,0|100,0|995|902|93|35,44|6,59|5,64|21,08
2013-10-21 12:31:24,957|64,0|10,0|0,0|995|915|80|35,58|6,60|5,78|43,06
2013-10-21 12:31:30,982|57,9|2,0|0,0|995|924|71|36,45|6,60|5,66|21,42
2013-10-21 12:31:37,488|30,6|2,0|0,0|995|925|70|37,02|6,60|1,46|0,00
2013-10-21 12:31:45,633|14,0|0,0|0,0|995|921|74|37,35|6,60|7,86|84,67
2013-10-21 12:31:51,594|34,6|0,0|0,0|995|935|60|37,74|6,60|6,73|0,00
2013-10-21 12:31:58,289|0,0|8,0|92,0|995|916|79|37,94|6,60|12,26|86,28
2013-10-21 12:32:03,812|0,0|0,0|100,0|995|916|79|37,93|6,60|0,81|0,00
2013-10-21 12:32:09,375|5,8|5,8|88,2|995|916|79|37,93|6,60|7,27|44,55
2013-10-21 12:32:14,949|0,0|0,0|100,0|995|916|79|37,93|6,60|0,78|0,13
2013-10-21 12:32:20,497|6,1|4,0|89,7|995|916|79|37,93|6,60|6,06|43,10
2013-10-21 12:32:26,082|0,0|0,0|100,0|995|916|79|37,93|6,60|1,28|0,00
2013-10-21 12:32:31,673|0,0|0,0|100,0|995|916|79|37,93|6,60|10,25|65,10
2013-10-21 12:32:37,201|8,0|4,0|88,0|995|916|79|37,93|6,60|1,52|0,00
2013-10-21 12:32:42,707|0,0|0,0|100,0|995|916|79|37,93|6,60|5,17|22,15
2013-10-21 12:32:48,201|4,0|8,1|87,7|995|916|79|37,93|6,60|5,17|43,10
2013-10-21 12:32:53,777|1,9|0,0|98,0|995|916|78|37,93|6,60|4,82|22,29
2013-10-21 12:32:59,307|2,0|2,0|96,0|995|918|77|37,93|6,60|9,04|90,82
2013-10-21 12:33:04,828|0,0|0,0|100,0|995|917|78|37,93|6,60|1,19|4,41
2013-10-21 12:33:10,419|2,0|4,0|93,8|995|917|78|37,93|6,60|10,33|86,30
2013-10-21 12:33:15,985|0,0|0,0|100,0|995|917|78|37,92|6,60|0,50|0,00
2013-10-21 12:33:21,568|4,0|6,0|90,0|995|917|78|37,92|6,60|6,45|43,10
2013-10-21 12:33:27,197|0,0|0,0|100,0|995|917|78|37,92|6,60|0,12|0,00
2013-10-21 12:33:32,773|0,0|2,0|98,0|995|917|78|37,92|6,60|8,57|24,24
2013-10-21 12:33:38,344|5,8|7,8|86,2|995|917|78|37,92|6,60|2,71|4,43
2013-10-21 12:33:43,890|0,0|0,0|100,0|995|917|78|37,92|6,60|5,76|28,93
2013-10-21 12:33:49,433|8,0|4,0|88,0|995|917|78|37,92|6,60|5,60|43,10
2013-10-21 12:33:54,982|0,0|0,0|100,0|995|917|78|37,92|6,60|0,94|0,00
2013-10-21 12:34:00,573|5,8|5,8|88,2|995|917|78|37,92|6,60|8,76|45,25
2013-10-21 12:34:06,111|0,0|0,0|100,0|995|917|78|37,92|6,60|0,51|0,00
2013-10-21 12:34:11,689|1,9|0,0|98,0|995|917|78|37,92|6,60|1,76|0,00
2013-10-21 12:34:17,205|0,0|0,0|100,0|995|917|78|37,92|6,60|0,79|4,94
2013-10-21 12:34:22,788|0,0|0,0|100,0|995|917|78|37,91|6,60|2,00|1,55
2013-10-21 12:34:28,318|0,0|0,0|100,0|995|917|78|37,91|6,60|2,05|0,00
2013-10-21 12:34:33,900|0,0|0,0|100,0|995|917|78|37,91|6,60|0,94|0,00
2013-10-21 12:34:39,432|0,0|0,0|100,0|995|917|78|37,91|6,60|0,18|0,00
2013-10-21 12:34:44,960|0,0|0,0|100,0|995|917|78|37,91|6,60|0,92|0,00
2013-10-21 12:34:50,464|0,0|0,0|100,0|995|917|78|37,91|6,60|1,19|1,70
2013-10-21 12:34:56,053|0,0|0,0|100,0|995|917|78|37,91|6,60|1,22|1,70
2013-10-21 12:35:01,571|0,0|0,0|100,0|995|917|78|37,91|6,60|2,09|0,00
2013-10-21 12:35:07,086|0,0|0,0|100,0|995|917|78|37,91|6,60|1,15|0,00
2013-10-21 12:35:12,628|0,0|0,0|100,0|995|917|78|37,91|6,60|2,28|0,00
2013-10-21 12:35:18,176|0,0|1,9|98,0|995|917|78|37,91|6,60|0,56|0,00
2013-10-21 12:35:23,695|0,0|0,0|100,0|995|917|78|37,91|6,60|0,59|1,70
2013-10-21 12:35:29,207|0,0|0,0|100,0|995|917|78|37,91|6,60|1,90|4,41
2013-10-21 12:35:34,712|0,0|0,0|100,0|995|917|78|37,90|6,60|1,13|0,00
2013-10-21 12:35:40,213|0,0|0,0|100,0|995|917|78|37,90|6,60|0,48|0,00
2013-10-21 12:35:45,783|0,0|0,0|100,0|995|917|78|37,90|6,60|0,23|0,00
2013-10-21 12:35:51,306|0,0|0,0|100,0|995|917|78|37,90|6,60|0,97|0,00
2013-10-21 12:35:56,814|0,0|0,0|100,0|995|917|78|37,90|6,60|1,34|1,70
2013-10-21 12:36:02,332|0,0|0,0|100,0|995|917|78|37,90|6,60|0,66|6,05
2013-10-21 12:36:07,917|0,0|0,0|100,0|995|917|78|37,90|6,60|1,97|5,90
2013-10-21 12:36:13,445|0,0|0,0|100,0|995|917|78|37,90|6,60|1,27|0,00
2013-10-21 12:36:19,033|0,0|0,0|100,0|995|917|77|37,90|6,60|0,98|0,00
2013-10-21 12:36:24,568|0,0|0,0|100,0|995|917|77|37,90|6,60|0,41|0,00
2013-10-21 12:36:30,085|0,0|0,0|100,0|995|917|77|37,90|6,60|1,13|0,00
2013-10-21 12:36:35,593|0,0|0,0|100,0|995|917|77|37,90|6,60|0,93|7,68
2013-10-21 12:36:41,160|0,0|0,0|100,0|995|917|77|37,89|6,60|2,01|6,00
2013-10-21 12:36:46,688|0,0|0,0|100,0|995|917|78|37,89|6,60|2,00|0,73
2013-10-21 12:36:52,199|0,0|0,0|100,0|995|917|78|37,89|6,60|1,13|0,11
2013-10-21 12:36:57,699|0,0|0,0|100,0|995|917|77|37,89|6,60|1,65|0,00
2013-10-21 12:37:03,209|0,0|0,0|100,0|995|917|77|37,89|6,60|0,29|0,00
2013-10-21 12:37:08,716|0,0|0,0|100,0|995|917|77|37,89|6,60|2,42|0,00
2013-10-21 12:37:14,220|0,0|0,0|100,0|995|917|77|37,89|6,60|0,92|0,00
2013-10-21 12:37:19,780|0,0|0,0|100,0|995|917|77|37,89|6,60|1,07|0,00
2013-10-21 12:37:25,308|0,0|0,0|100,0|995|917|78|37,89|6,60|0,57|0,00
2013-10-21 12:37:30,822|0,0|0,0|100,0|995|917|77|37,89|6,60|0,18|0,00
2013-10-21 12:37:36,330|0,0|0,0|100,0|995|917|77|37,89|6,60|1,01|0,00
2013-10-21 12:37:41,836|0,0|0,0|100,0|995|917|77|37,89|6,60|0,33|0,00
2013-10-21 12:37:47,340|0,0|0,0|100,0|995|917|77|37,89|6,60|0,56|0,00
2013-10-21 12:37:52,837|0,0|0,0|100,0|995|917|77|37,89|6,60|0,44|0,00
MV4===========================================
2013-10-21 12:08:38,739|0,0|0,0|100,0|995|454|540|1,00|2,65|1,84|0,00
2013-10-21 12:08:44,169|0,0|0,0|100,0|995|454|540|1,00|2,65|1,47|0,00
2013-10-21 12:08:49,598|1,9|0,0|98,0|995|453|542|1,00|2,65|0,92|0,00
2013-10-21 12:08:55,022|0,0|0,0|100,0|995|453|542|1,00|2,65|0,21|0,00
2013-10-21 12:09:00,442|0,0|0,0|100,0|995|453|542|1,00|2,65|1,78|0,00
2013-10-21 12:09:05,865|0,0|0,0|100,0|995|453|542|1,00|2,65|0,27|0,00
2013-10-21 12:09:11,296|0,0|0,0|100,0|995|453|542|1,00|2,65|1,83|0,00
2013-10-21 12:09:16,720|0,0|0,0|100,0|995|453|542|1,00|2,65|0,52|0,00
2013-10-21 12:09:22,168|0,0|0,0|100,0|995|453|542|1,00|2,65|1,06|0,00
2013-10-21 12:09:27,592|0,0|0,0|100,0|995|453|542|1,00|2,65|0,12|0,00
2013-10-21 12:09:33,027|0,0|0,0|100,0|995|453|542|1,00|2,65|1,57|0,00
2013-10-21 12:09:38,446|0,0|0,0|100,0|995|453|542|1,00|2,65|0,83|0,00
2013-10-21 12:09:43,880|0,0|0,0|100,0|995|453|542|1,00|2,65|3,16|0,00
2013-10-21 12:09:49,304|0,0|0,0|100,0|995|453|542|1,00|2,65|0,56|0,00
2013-10-21 12:09:54,725|0,0|0,0|100,0|995|453|542|1,00|2,65|0,66|0,00
2013-10-21 12:10:00,159|0,0|0,0|100,0|995|453|542|1,00|2,65|2,26|0,00
2013-10-21 12:10:05,586|0,0|0,0|100,0|995|453|542|1,00|2,65|0,32|0,00
2013-10-21 12:10:11,022|0,0|0,0|100,0|995|453|542|1,00|2,65|1,80|0,00
2013-10-21 12:10:16,444|0,0|0,0|100,0|995|453|542|1,00|2,65|0,82|0,00
2013-10-21 12:10:21,878|0,0|0,0|100,0|995|453|542|1,00|2,65|1,43|0,00
2013-10-21 12:10:27,345|0,0|0,0|100,0|995|453|542|1,00|2,65|0,31|0,00
2013-10-21 12:10:32,780|0,0|0,0|100,0|995|453|542|1,00|2,65|1,13|0,00
2013-10-21 12:10:38,217|0,0|0,0|100,0|995|453|542|1,00|2,65|0,49|0,00
2013-10-21 12:10:43,636|0,0|0,0|100,0|995|453|542|1,00|2,65|1,48|0,00
2013-10-21 12:10:49,071|0,0|0,0|100,0|995|453|542|1,00|2,65|0,88|0,00
2013-10-21 12:10:54,546|0,0|0,0|100,0|995|453|542|1,00|2,65|0,06|0,00
2013-10-21 12:10:59,976|0,0|0,0|100,0|995|453|542|1,00|2,65|1,14|0,00
2013-10-21 12:11:05,392|0,0|0,0|100,0|995|453|542|1,00|2,65|0,21|0,00
2013-10-21 12:11:10,834|0,0|0,0|100,0|995|453|542|1,00|2,65|1,39|0,00
2013-10-21 12:11:16,257|0,0|0,0|100,0|995|453|542|1,00|2,65|4,22|0,00
2013-10-21 12:11:21,681|0,0|0,0|100,0|995|453|542|1,00|2,65|1,73|0,00
2013-10-21 12:11:27,117|0,0|0,0|100,0|995|453|542|1,00|2,65|0,23|0,00
2013-10-21 12:11:32,536|0,0|0,0|100,0|995|453|542|1,00|2,65|0,72|0,00
2013-10-21 12:11:37,965|0,0|0,0|100,0|995|453|542|1,00|2,65|0,47|0,00
2013-10-21 12:11:43,394|0,0|0,0|100,0|995|453|542|1,00|2,65|1,02|0,00
2013-10-21 12:11:48,827|0,0|0,0|100,0|995|453|542|1,00|2,65|0,68|0,00
2013-10-21 12:11:54,260|0,0|0,0|100,0|995|453|542|1,00|2,65|2,89|0,00
2013-10-21 12:11:59,685|0,0|0,0|100,0|995|453|542|1,00|2,65|2,37|0,00
2013-10-21 12:12:05,122|0,0|0,0|100,0|995|453|542|1,00|2,65|2,99|0,04
2013-10-21 12:12:10,543|0,0|0,0|100,0|995|453|542|1,00|2,65|0,79|0,00
2013-10-21 12:12:15,983|0,0|0,0|100,0|995|453|542|1,00|2,65|0,72|0,00
2013-10-21 12:12:21,410|0,0|0,0|100,0|995|453|542|1,00|2,65|1,55|0,00
2013-10-21 12:12:26,836|0,0|0,0|100,0|995|453|542|1,00|2,65|0,18|0,00
2013-10-21 12:12:32,271|0,0|1,9|98,0|995|453|542|1,00|2,65|0,90|0,00
2013-10-21 12:12:37,701|0,0|0,0|100,0|995|453|542|1,00|2,65|0,47|0,00
2013-10-21 12:12:43,136|0,0|0,0|100,0|995|453|542|1,00|2,65|2,07|0,00
2013-10-21 12:12:48,557|0,0|0,0|100,0|995|453|542|1,00|2,65|1,16|0,00
2013-10-21 12:12:53,990|0,0|0,0|100,0|995|453|542|1,00|2,65|0,54|0,00
2013-10-21 12:12:59,409|0,0|0,0|100,0|995|453|542|1,00|2,65|0,27|0,00
2013-10-21 12:13:04,834|0,0|0,0|100,0|995|453|542|1,00|2,65|1,07|0,00
2013-10-21 12:13:10,256|0,0|0,0|100,0|995|453|542|1,00|2,65|0,30|0,00
2013-10-21 12:13:15,679|0,0|0,0|100,0|995|453|542|1,00|2,65|0,12|0,00
2013-10-21 12:13:21,105|0,0|0,0|100,0|995|453|542|1,00|2,65|0,76|0,00
2013-10-21 12:13:26,526|0,0|0,0|100,0|995|453|542|1,00|2,65|0,93|0,00
2013-10-21 12:13:31,953|0,0|0,0|100,0|995|453|542|1,00|2,65|0,89|0,00
2013-10-21 12:13:37,378|0,0|0,0|100,0|995|453|542|1,00|2,65|0,52|0,00
2013-10-21 12:13:42,802|0,0|0,0|100,0|995|453|542|1,00|2,65|1,47|0,00
2013-10-21 12:13:48,235|0,0|0,0|100,0|995|453|542|1,00|2,65|1,09|0,00
2013-10-21 12:13:53,654|1,9|0,0|98,0|995|453|542|1,00|2,65|0,47|0,00
2013-10-21 12:13:59,077|0,0|0,0|100,0|995|453|542|1,00|2,65|0,32|0,00
2013-10-21 12:14:04,504|0,0|0,0|100,0|995|453|542|1,00|2,65|0,52|0,00
2013-10-21 12:14:09,933|0,0|0,0|100,0|995|453|542|1,00|2,65|0,59|0,00
2013-10-21 12:14:15,357|0,0|0,0|100,0|995|453|542|1,00|2,66|0,18|0,00
2013-10-21 12:14:20,780|0,0|0,0|100,0|995|453|542|1,00|2,66|0,72|0,00
2013-10-21 12:14:26,204|0,0|0,0|100,0|995|453|542|1,00|2,66|1,32|0,00
2013-10-21 12:14:31,633|0,0|0,0|100,0|995|453|542|1,00|2,66|2,45|0,00
2013-10-21 12:14:37,064|0,0|0,0|100,0|995|453|542|1,00|2,66|0,41|0,00
2013-10-21 12:14:42,489|0,0|0,0|100,0|995|453|542|1,00|2,66|0,23|0,00
2013-10-21 12:14:47,921|0,0|0,0|100,0|995|453|542|1,00|2,66|1,04|0,00
2013-10-21 12:14:53,348|0,0|0,0|100,0|995|453|542|1,00|2,66|0,77|0,00
2013-10-21 12:14:58,784|0,0|0,0|100,0|995|453|542|1,00|2,66|0,75|0,00
2013-10-21 12:15:04,220|0,0|0,0|100,0|995|453|542|1,00|2,66|1,76|0,00
2013-10-21 12:15:09,645|0,0|0,0|100,0|995|453|542|1,00|2,66|0,62|0,00
2013-10-21 12:15:15,074|2,0|0,0|98,0|995|453|542|1,00|2,66|1,25|0,00
2013-10-21 12:15:20,547|6,0|4,0|90,0|995|453|542|1,00|2,66|5,08|39,38
2013-10-21 12:15:25,982|0,0|0,0|100,0|995|453|542|1,00|2,66|9,84|48,27
2013-10-21 12:15:31,400|0,0|0,0|100,0|995|453|542|1,00|2,66|1,52|0,00
2013-10-21 12:15:36,821|5,8|3,9|88,2|995|453|542|1,00|2,66|5,17|39,32
2013-10-21 12:15:42,252|0,0|0,0|100,0|995|453|542|1,00|2,66|9,60|48,41
2013-10-21 12:15:47,671|0,0|0,0|100,0|995|453|542|1,00|2,66|0,06|0,00
2013-10-21 12:15:53,128|6,0|2,0|92,0|995|454|541|1,00|2,66|3,22|37,92
2013-10-21 12:15:58,568|0,0|2,0|97,9|995|455|540|1,00|2,66|4,81|39,38
2013-10-21 12:16:04,039|0,0|0,0|100,0|995|453|542|1,00|2,66|3,83|1,39
2013-10-21 12:16:09,509|4,0|2,0|93,8|995|454|541|1,00|2,66|3,48|37,92
2013-10-21 12:16:14,983|0,0|0,0|100,0|995|453|542|1,00|2,66|10,67|48,91
2013-10-21 12:16:20,421|0,0|0,0|100,0|995|453|542|1,00|2,66|0,59|0,00
2013-10-21 12:16:25,850|4,0|4,0|92,0|995|453|542|1,00|2,66|10,59|78,63
2013-10-21 12:16:31,269|0,0|0,0|100,0|995|453|542|1,00|2,66|6,12|9,81
2013-10-21 12:16:36,741|2,0|6,0|92,0|995|453|542|1,00|2,66|0,00|0,00
2013-10-21 12:16:42,222|0,0|0,0|100,0|995|454|540|1,00|2,66|7,86|77,24
2013-10-21 12:16:47,646|0,0|0,0|100,0|995|453|541|1,00|2,66|4,66|9,95
2013-10-21 12:16:53,116|0,0|0,0|100,0|995|453|541|1,00|2,66|0,06|0,00
2013-10-21 12:16:58,574|14,2|2,0|0,0|995|468|526|1,04|2,66|6,06|47,00
2013-10-21 12:17:04,255|46,9|2,0|0,0|995|670|324|1,85|2,66|1,18|0,00
2013-10-21 12:17:10,088|61,2|12,2|0,0|995|861|134|2,61|2,66|5,63|39,32
2013-10-21 12:17:16,134|47,0|1,9|0,0|995|898|97|3,50|2,66|8,22|47,96
2013-10-21 12:17:23,087|46,0|6,0|0,0|995|929|66|4,49|2,66|5,09|10,39
2013-10-21 12:17:29,118|0,0|4,1|0,0|995|915|80|4,93|2,66|5,26|39,38
2013-10-21 12:17:34,608|1,9|1,9|96,0|995|915|80|4,94|2,66|6,57|47,32
2013-10-21 12:17:40,111|0,0|0,0|96,0|995|914|81|4,94|2,66|0,23|0,00
2013-10-21 12:17:45,584|5,8|3,9|90,1|995|915|80|4,94|2,66|3,47|39,08
2013-10-21 12:17:51,053|0,0|0,0|98,0|995|914|81|4,94|2,66|9,68|50,05
2013-10-21 12:17:56,522|98,0|2,0|0,0|995|921|74|4,94|2,66|0,50|0,00
2013-10-21 12:18:02,400|95,9|4,0|0,0|995|916|79|4,94|2,66|3,84|37,93
2013-10-21 12:18:08,239|98,0|2,0|0,0|995|916|79|4,94|2,66|6,47|39,32
2013-10-21 12:18:14,074|96,0|4,0|0,0|995|916|78|4,94|2,66|10,87|78,75
2013-10-21 12:18:19,927|100,0|0,0|0,0|995|917|78|4,94|2,66|0,18|0,00
2013-10-21 12:18:25,766|100,0|0,0|0,0|995|917|77|4,94|2,66|4,93|11,16
2013-10-21 12:18:31,607|100,0|0,0|0,0|995|918|77|4,94|2,66|0,78|0,00
2013-10-21 12:18:37,503|98,0|2,0|0,0|995|918|77|4,94|2,66|1,20|0,00
2013-10-21 12:18:43,411|98,0|2,0|0,0|995|920|75|4,94|2,66|5,39|50,85
2013-10-21 12:18:49,268|96,0|4,0|0,0|995|918|76|4,94|2,66|10,44|42,04
2013-10-21 12:18:55,119|98,0|1,9|0,0|995|919|76|4,94|2,66|2,19|1,46
2013-10-21 12:19:01,052|98,0|2,0|0,0|995|920|75|4,94|2,66|4,04|37,97
2013-10-21 12:19:06,950|100,0|0,0|0,0|995|919|75|4,94|2,66|9,93|51,20
2013-10-21 12:19:12,799|98,0|0,0|0,0|995|919|75|4,94|2,66|0,47|0,00
2013-10-21 12:19:18,731|95,9|4,0|0,0|995|904|91|4,94|2,66|2,28|0,00
2013-10-21 12:19:24,587|92,0|8,0|0,0|995|915|80|5,27|2,66|17,68|392,24
2013-10-21 12:19:30,714|96,0|4,0|0,0|995|913|82|5,86|2,67|7,13|39,64
2013-10-21 12:19:37,635|98,0|1,9|0,0|995|916|78|6,32|2,67|5,70|12,06
2013-10-21 12:19:43,924|94,0|6,0|0,0|995|916|79|6,77|2,67|1,64|0,00
2013-10-21 12:19:50,539|96,0|4,0|0,0|995|893|102|7,26|2,67|0,48|0,00
2013-10-21 12:19:58,030|98,0|2,0|0,0|995|923|72|7,79|2,67|0,18|0,06
2013-10-21 12:20:04,350|96,0|4,0|0,0|995|916|79|8,32|2,67|11,37|78,41
2013-10-21 12:20:10,551|96,0|4,0|0,0|995|914|80|8,87|2,67|10,00|52,39
2013-10-21 12:20:16,745|100,0|0,0|0,0|995|908|86|8,88|2,67|5,13|12,48
2013-10-21 12:20:22,659|100,0|0,0|0,0|995|908|86|8,88|2,67|1,26|0,00
2013-10-21 12:20:28,599|2,0|2,0|95,9|995|878|117|8,88|2,67|1,19|36,73
2013-10-21 12:20:34,067|0,0|0,0|100,0|995|877|117|8,88|2,67|10,24|52,08
2013-10-21 12:20:39,508|0,0|0,0|100,0|995|877|117|8,88|2,67|0,23|0,00
2013-10-21 12:20:44,954|4,0|4,0|91,8|995|877|117|8,88|2,67|12,25|78,77
2013-10-21 12:20:50,388|1,9|0,0|98,0|995|877|117|8,88|2,67|5,62|12,92
2013-10-21 12:20:55,821|6,0|4,0|90,0|995|877|117|8,88|2,67|6,44|39,32
2013-10-21 12:21:01,262|0,0|0,0|100,0|995|877|117|8,88|2,67|5,70|13,04
2013-10-21 12:21:06,699|4,0|4,0|92,0|995|877|117|8,88|2,67|4,96|39,32
2013-10-21 12:21:12,137|0,0|0,0|100,0|995|877|117|8,88|2,67|6,71|13,20
2013-10-21 12:21:17,565|2,0|2,0|96,0|995|878|116|8,88|2,67|3,47|37,56
2013-10-21 12:21:23,025|0,0|0,0|100,0|995|877|117|8,88|2,67|11,79|52,66
2013-10-21 12:21:28,483|6,0|4,0|90,0|995|877|117|8,88|2,67|0,12|0,00
2013-10-21 12:21:33,909|0,0|0,0|100,0|995|877|117|8,88|2,67|10,42|52,82
2013-10-21 12:21:39,339|2,0|6,0|90,0|995|877|117|8,88|2,67|0,08|0,00
2013-10-21 12:21:44,768|0,0|0,0|100,0|995|878|116|8,88|2,67|8,23|52,70
2013-10-21 12:21:50,217|0,0|0,0|100,0|995|877|118|8,88|2,67|0,67|0,00
2013-10-21 12:21:55,645|0,0|0,0|100,0|995|877|117|8,88|2,67|9,35|53,07
2013-10-21 12:22:01,071|6,0|4,0|90,0|995|877|117|8,88|2,67|1,25|0,00
2013-10-21 12:22:06,545|12,2|2,0|0,0|995|895|100|8,94|2,67|2,31|1,46
2013-10-21 12:22:12,460|42,0|10,0|0,0|995|915|80|9,69|2,67|0,50|0,00
2013-10-21 12:22:18,563|48,0|0,0|0,0|995|916|78|10,47|2,67|5,36|14,06
2013-10-21 12:22:24,590|15,6|7,8|0,0|995|924|71|11,13|2,67|8,13|78,31
2013-10-21 12:22:33,333|4,0|2,0|36,7|995|920|75|11,36|2,67|4,83|14,55
2013-10-21 12:22:38,775|4,1|4,1|91,6|995|920|75|11,36|2,67|6,60|39,32
2013-10-21 12:22:44,205|0,0|0,0|100,0|995|919|75|11,36|2,67|4,57|14,34
2013-10-21 12:22:49,631|4,0|4,0|92,0|995|920|75|11,36|2,67|6,38|39,38
2013-10-21 12:22:55,107|0,0|0,0|100,0|995|920|75|11,36|2,67|7,01|15,87
2013-10-21 12:23:00,581|3,9|3,9|92,1|995|920|75|11,36|2,67|0,45|0,00
2013-10-21 12:23:06,044|2,0|6,1|91,8|995|920|75|11,36|2,67|7,25|39,69
2013-10-21 12:23:11,511|0,0|0,0|100,0|995|920|75|11,36|2,67|1,80|0,00
2013-10-21 12:23:16,931|0,0|2,0|98,0|995|921|73|11,36|2,67|7,32|76,11
2013-10-21 12:23:22,361|2,0|0,0|98,0|995|920|75|11,36|2,67|7,63|14,84
2013-10-21 12:23:27,838|5,7|5,7|88,4|995|920|75|11,36|2,67|6,08|39,38
2013-10-21 12:23:33,281|0,0|0,0|98,0|995|920|75|11,36|2,68|5,38|14,98
2013-10-21 12:23:38,745|6,0|4,0|90,0|995|920|75|11,36|2,68|1,77|0,00
2013-10-21 12:23:44,168|0,0|0,0|100,0|995|920|75|11,36|2,68|10,20|54,57
2013-10-21 12:23:49,604|4,0|2,0|93,8|995|920|75|11,36|2,68|1,13|0,00
2013-10-21 12:23:55,079|3,8|5,7|88,4|995|920|75|11,36|2,68|6,90|39,68
2013-10-21 12:24:00,544|0,0|0,0|100,0|995|920|75|11,36|2,68|1,29|0,00
2013-10-21 12:24:05,963|3,9|3,9|90,1|995|920|75|11,36|2,68|10,73|78,69
2013-10-21 12:24:11,394|0,0|2,0|98,0|995|920|75|11,36|2,68|1,59|0,00
2013-10-21 12:24:16,895|8,0|2,0|90,0|995|920|75|11,36|2,68|5,89|39,38
2013-10-21 12:24:22,319|0,0|0,0|100,0|995|920|75|11,36|2,68|5,16|15,66
2013-10-21 12:24:27,743|2,0|2,0|96,0|995|921|74|11,36|2,68|1,75|36,73
2013-10-21 12:24:33,241|78,0|6,0|0,0|995|917|77|11,90|2,68|9,85|55,25
2013-10-21 12:24:39,021|32,6|6,1|0,0|995|914|80|13,13|2,68|2,26|0,30
2013-10-21 12:24:45,812|90,0|10,0|0,0|995|918|77|13,79|2,68|7,14|39,32
2013-10-21 12:24:51,708|0,0|0,0|95,9|995|923|72|13,82|2,68|5,00|16,04
2013-10-21 12:24:57,375|4,0|6,1|89,7|995|923|72|13,82|2,68|5,73|39,32
2013-10-21 12:25:02,811|65,3|0,0|0,0|995|922|73|13,86|2,68|1,76|0,00
2013-10-21 12:25:08,513|6,1|4,0|0,0|995|918|77|14,17|2,68|9,38|109,16
2013-10-21 12:25:14,180|100,0|0,0|0,0|995|916|79|14,21|2,68|1,37|0,00
2013-10-21 12:25:20,099|96,0|4,0|0,0|995|917|78|14,21|2,68|5,46|39,32
2013-10-21 12:25:25,943|100,0|0,0|0,0|995|917|78|14,20|2,68|0,91|0,00
2013-10-21 12:25:31,820|97,9|2,0|0,0|995|919|76|14,20|2,68|10,12|77,43
2013-10-21 12:25:37,663|98,0|0,0|0,0|995|918|77|14,20|2,68|10,52|16,62
2013-10-21 12:25:43,550|100,0|0,0|0,0|995|918|76|14,20|2,68|0,88|0,00
2013-10-21 12:25:49,419|94,0|6,0|0,0|995|919|76|14,20|2,68|7,24|39,50
2013-10-21 12:25:55,251|100,0|0,0|0,0|995|919|76|14,20|2,68|8,53|55,95
2013-10-21 12:26:01,161|100,0|0,0|0,0|995|919|76|14,20|2,68|5,27|16,84
2013-10-21 12:26:06,982|4,1|4,1|91,6|995|892|103|14,20|2,68|0,15|0,00
2013-10-21 12:26:12,436|0,0|0,0|100,0|995|892|103|14,20|2,68|10,94|19,70
2013-10-21 12:26:17,907|7,8|3,9|88,2|995|892|103|14,20|2,68|1,47|0,00
2013-10-21 12:26:23,342|0,0|0,0|100,0|995|892|103|14,20|2,68|11,63|56,50
2013-10-21 12:26:28,784|4,0|4,0|92,0|995|892|103|14,20|2,68|0,43|0,00
2013-10-21 12:26:34,265|0,0|0,0|100,0|995|893|102|14,20|2,68|9,58|56,62
2013-10-21 12:26:39,740|28,0|4,0|0,0|995|922|73|14,72|2,68|0,90|9,99
2013-10-21 12:26:45,923|6,1|0,0|0,0|995|917|78|15,33|2,68|1,95|0,00
2013-10-21 12:26:52,040|20,0|8,0|0,0|995|917|77|15,97|2,68|1,30|0,00
2013-10-21 12:27:00,269|34,6|4,0|0,0|995|917|78|16,61|2,68|0,55|0,06
2013-10-21 12:27:05,841|0,0|0,0|100,0|995|916|78|16,86|2,68|5,68|17,93
2013-10-21 12:27:11,692|6,1|6,1|0,0|995|924|71|17,02|2,68|2,84|67,33
2013-10-21 12:27:17,323|96,0|4,0|0,0|995|915|79|17,03|2,68|10,11|41,91
2013-10-21 12:27:23,159|100,0|0,0|0,0|995|916|78|17,03|2,68|6,78|17,84
2013-10-21 12:27:29,025|98,0|2,0|0,0|995|917|78|17,03|2,68|0,35|0,00
2013-10-21 12:27:34,863|94,1|5,8|0,0|995|917|78|17,03|2,68|10,30|78,73
2013-10-21 12:27:40,703|98,0|2,0|0,0|995|918|77|17,03|2,68|0,49|0,00
2013-10-21 12:27:46,563|98,0|1,9|0,0|995|918|77|17,03|2,68|18,17|18,25
2013-10-21 12:27:52,395|94,1|5,8|0,0|995|916|78|17,44|2,68|9,30|77,23
2013-10-21 12:27:59,008|98,0|1,9|0,0|995|923|72|18,18|2,68|0,61|0,00
2013-10-21 12:28:05,322|13,7|7,8|0,0|995|916|79|18,83|2,69|7,91|41,53
2013-10-21 12:28:12,015|36,7|2,0|0,0|995|934|61|19,59|2,69|8,69|18,78
2013-10-21 12:28:17,955|2,0|0,0|26,5|995|913|81|19,75|2,69|6,55|39,56
2013-10-21 12:28:23,601|80,3|3,9|0,0|995|914|80|19,85|2,69|1,30|0,00
2013-10-21 12:28:29,277|96,0|4,0|0,0|995|912|82|19,91|2,69|9,95|78,75
2013-10-21 12:28:34,938|100,0|0,0|0,0|995|914|81|19,91|2,69|1,28|0,00
2013-10-21 12:28:40,884|98,0|2,0|0,0|995|914|80|19,91|2,69|5,23|39,38
2013-10-21 12:28:46,782|100,0|0,0|0,0|995|915|80|19,91|2,69|10,19|58,30
2013-10-21 12:28:52,642|100,0|0,0|0,0|995|915|79|19,91|2,69|1,67|0,00
2013-10-21 12:28:58,498|96,0|3,9|0,0|995|916|79|19,91|2,69|7,15|40,74
2013-10-21 12:29:04,400|98,0|2,0|0,0|995|917|77|20,55|2,69|1,72|0,00
2013-10-21 12:29:10,752|98,0|2,0|0,0|995|934|61|21,51|2,69|8,31|21,50
2013-10-21 12:29:17,187|94,1|3,9|0,0|995|917|78|22,57|2,69|6,27|19,32
2013-10-21 12:29:23,546|94,1|5,8|0,0|995|914|81|22,63|2,69|0,86|0,00
2013-10-21 12:29:29,616|97,9|2,0|0,0|995|915|79|22,63|2,69|5,17|39,35
2013-10-21 12:29:35,467|100,0|0,0|0,0|995|919|76|22,64|2,69|9,71|22,16
2013-10-21 12:29:41,330|100,0|0,0|0,0|995|914|81|22,67|2,69|0,32|0,00
2013-10-21 12:29:47,203|96,0|2,0|0,0|995|920|75|22,69|2,69|6,98|39,36
2013-10-21 12:29:53,058|100,0|0,0|0,0|995|914|80|22,71|2,69|11,17|59,09
2013-10-21 12:29:58,962|100,0|0,0|0,0|995|903|92|22,73|2,69|0,41|0,00
2013-10-21 12:30:04,891|98,0|2,0|0,0|995|903|92|22,73|2,69|5,18|39,32
2013-10-21 12:30:10,633|98,0|1,9|0,0|995|914|80|22,81|2,69|5,43|20,01
2013-10-21 12:30:16,511|100,0|0,0|0,0|995|914|80|22,81|2,69|0,89|0,29
2013-10-21 12:30:22,186|0,0|1,9|98,0|995|884|111|22,81|2,69|10,04|59,56
2013-10-21 12:30:27,630|2,0|2,0|96,0|995|884|111|22,81|2,69|0,44|0,00
2013-10-21 12:30:33,108|0,0|0,0|100,0|995|883|111|22,81|2,69|10,91|59,61
2013-10-21 12:30:38,542|4,0|4,0|88,0|995|884|111|22,81|2,69|5,30|39,32
2013-10-21 12:30:44,014|0,0|0,0|96,0|995|884|111|22,81|2,69|4,74|0,00
2013-10-21 12:30:49,554|0,0|0,0|100,0|995|883|111|22,81|2,69|1,86|0,00
2013-10-21 12:30:55,068|5,8|3,9|84,3|995|884|111|22,81|2,69|7,55|39,68
2013-10-21 12:31:00,534|0,0|0,0|100,0|995|884|111|22,81|2,69|0,47|0,22
2013-10-21 12:31:05,975|2,0|2,0|90,0|995|885|110|22,81|2,69|11,13|58,72
2013-10-21 12:31:11,425|4,0|2,0|89,7|995|884|111|22,81|2,69|0,97|0,00
2013-10-21 12:31:16,871|0,0|0,0|98,0|995|884|111|22,80|2,69|5,34|20,87
2013-10-21 12:31:22,340|4,1|4,1|91,6|995|884|111|22,80|2,69|0,91|0,00
2013-10-21 12:31:27,777|0,0|0,0|96,0|995|884|111|22,80|2,69|5,05|20,96
2013-10-21 12:31:33,214|6,0|4,0|90,0|995|884|111|22,80|2,69|6,31|39,34
2013-10-21 12:31:38,659|6,0|2,0|38,0|995|886|108|22,81|2,69|0,31|0,00
2013-10-21 12:31:44,259|30,7|5,7|0,0|995|914|81|23,60|2,69|9,20|41,93
2013-10-21 12:31:50,014|24,4|2,0|0,0|995|915|80|24,38|2,69|1,61|0,00
2013-10-21 12:31:55,684|38,7|4,0|0,0|995|915|79|25,05|2,69|5,24|21,38
2013-10-21 12:32:01,991|96,0|4,0|0,0|995|917|77|25,52|2,69|9,84|78,74
2013-10-21 12:32:07,629|4,0|4,0|90,0|995|912|82|25,52|2,69|1,74|0,00
2013-10-21 12:32:13,086|0,0|0,0|100,0|995|912|83|25,52|2,69|6,67|21,79
2013-10-21 12:32:18,558|4,0|4,0|91,8|995|912|83|25,52|2,69|1,43|0,00
2013-10-21 12:32:23,994|0,0|0,0|100,0|995|912|83|25,52|2,69|6,96|21,77
2013-10-21 12:32:29,433|4,0|4,0|91,8|995|912|83|25,52|2,69|5,23|39,38
2013-10-21 12:32:34,869|2,0|0,0|98,0|995|912|83|25,52|2,69|1,35|0,00
2013-10-21 12:32:40,336|3,9|7,8|88,2|995|912|83|25,51|2,69|9,78|42,05
2013-10-21 12:32:45,807|0,0|0,0|100,0|995|912|83|25,51|2,69|0,72|0,00
2013-10-21 12:32:51,243|0,0|0,0|100,0|995|912|83|25,51|2,70|9,66|61,53
2013-10-21 12:32:56,664|6,1|4,0|89,7|995|912|83|25,51|2,70|0,92|0,00
2013-10-21 12:33:02,095|0,0|0,0|98,0|995|912|83|25,51|2,70|5,89|22,29
2013-10-21 12:33:07,527|4,0|4,0|91,8|995|912|83|25,51|2,70|6,59|39,42
2013-10-21 12:33:12,955|0,0|0,0|100,0|995|912|83|25,51|2,70|4,96|0,29
2013-10-21 12:33:18,427|6,0|6,0|88,0|995|912|82|25,51|2,70|11,18|78,70
2013-10-21 12:33:23,882|0,0|0,0|100,0|995|912|82|25,51|2,70|2,74|4,41
2013-10-21 12:33:29,318|0,0|0,0|100,0|995|912|82|25,51|2,70|10,54|67,89
2013-10-21 12:33:34,755|6,0|4,0|90,0|995|912|82|25,51|2,70|2,19|0,00
2013-10-21 12:33:40,194|0,0|0,0|100,0|995|912|82|25,51|2,70|3,15|1,46
2013-10-21 12:33:45,655|2,0|0,0|98,0|995|913|82|25,51|2,70|8,11|78,39
2013-10-21 12:33:51,099|2,0|0,0|98,0|995|912|82|25,51|2,70|0,12|0,00
2013-10-21 12:33:56,542|0,0|0,0|100,0|995|912|82|25,51|2,70|10,33|68,34
2013-10-21 12:34:01,971|6,0|4,0|90,0|995|912|82|25,51|2,70|0,57|0,00
2013-10-21 12:34:07,410|0,0|0,0|100,0|995|913|82|25,51|2,70|5,96|24,62
2013-10-21 12:34:12,865|2,0|0,0|98,0|995|914|81|25,51|2,70|9,29|76,42
2013-10-21 12:34:18,310|0,0|2,0|98,0|995|913|82|25,51|2,70|0,51|0,00
2013-10-21 12:34:23,753|0,0|0,0|100,0|995|913|82|25,50|2,70|2,09|6,02
2013-10-21 12:34:29,190|0,0|0,0|100,0|995|913|82|25,50|2,70|0,72|1,70
2013-10-21 12:34:34,627|0,0|0,0|100,0|995|913|82|25,50|2,70|1,94|0,00
2013-10-21 12:34:40,074|0,0|0,0|100,0|995|913|82|25,50|2,70|2,05|0,00
2013-10-21 12:34:45,511|0,0|0,0|100,0|995|913|82|25,50|2,70|0,36|0,00
2013-10-21 12:34:50,956|2,0|0,0|98,0|995|913|82|25,50|2,70|0,79|6,02
2013-10-21 12:34:56,385|0,0|0,0|100,0|995|913|82|25,50|2,70|0,87|5,90
2013-10-21 12:35:01,850|0,0|0,0|100,0|995|913|82|25,50|2,70|0,72|0,00
2013-10-21 12:35:07,299|0,0|0,0|100,0|995|913|82|25,50|2,70|1,46|0,00
2013-10-21 12:35:12,741|0,0|0,0|100,0|995|913|82|25,50|2,70|1,42|0,00
2013-10-21 12:35:18,178|0,0|0,0|100,0|995|913|82|25,50|2,70|0,51|1,66
2013-10-21 12:35:23,614|0,0|0,0|100,0|995|913|82|25,50|2,70|1,91|0,06
2013-10-21 12:35:29,047|0,0|0,0|100,0|995|913|82|25,50|2,70|0,94|0,00
2013-10-21 12:35:34,483|0,0|0,0|100,0|995|913|82|25,50|2,70|1,97|0,00
2013-10-21 12:35:39,927|0,0|0,0|100,0|995|913|82|25,50|2,70|0,14|0,00
2013-10-21 12:35:45,362|2,0|0,0|98,0|995|913|82|25,50|2,70|0,08|0,00
2013-10-21 12:35:50,789|0,0|0,0|100,0|995|913|82|25,50|2,70|2,63|6,00
2013-10-21 12:35:56,238|0,0|0,0|100,0|995|913|82|25,50|2,70|1,14|0,00
2013-10-21 12:36:01,677|0,0|0,0|100,0|995|913|82|25,50|2,70|0,51|0,00
2013-10-21 12:36:07,110|0,0|0,0|100,0|995|913|82|25,49|2,70|0,85|0,00
2013-10-21 12:36:12,548|0,0|2,0|98,0|995|913|82|25,49|2,70|1,34|0,00
2013-10-21 12:36:18,078|0,0|0,0|100,0|995|913|82|25,49|2,70|1,02|6,00
2013-10-21 12:36:23,507|0,0|0,0|100,0|995|913|82|25,49|2,70|0,68|1,66
2013-10-21 12:36:28,951|0,0|0,0|100,0|995|913|82|25,49|2,70|0,23|0,00
2013-10-21 12:36:34,390|0,0|0,0|100,0|995|913|82|25,49|2,70|0,35|0,00
2013-10-21 12:36:39,837|0,0|0,0|100,0|995|913|82|25,49|2,70|1,04|0,00
2013-10-21 12:36:45,291|0,0|0,0|100,0|995|912|82|25,49|2,70|1,29|0,79
2013-10-21 12:36:50,727|2,0|0,0|98,0|995|913|82|25,49|2,70|1,05|0,00
2013-10-21 12:36:56,178|0,0|0,0|100,0|995|913|82|25,49|2,70|1,17|0,00
2013-10-21 12:37:01,611|0,0|0,0|100,0|995|913|82|25,49|2,70|0,84|0,00
2013-10-21 12:37:07,045|0,0|0,0|100,0|995|913|82|25,49|2,70|0,27|0,00
2013-10-21 12:37:12,482|0,0|0,0|100,0|995|913|82|25,49|2,70|0,97|0,00
2013-10-21 12:37:17,919|0,0|0,0|100,0|995|913|82|25,49|2,70|1,01|0,00
2013-10-21 12:37:23,355|0,0|0,0|100,0|995|913|82|25,49|2,70|0,67|0,00
2013-10-21 12:37:28,798|0,0|0,0|100,0|995|913|82|25,49|2,70|0,44|0,00
2013-10-21 12:37:34,239|0,0|0,0|100,0|995|913|82|25,49|2,70|0,53|0,00
2013-10-21 12:37:39,666|0,0|0,0|100,0|995|913|82|25,49|2,70|1,17|0,00
2013-10-21 12:37:45,105|0,0|0,0|100,0|995|913|82|25,49|2,70|0,14|0,00
2013-10-21 12:37:50,542|0,0|0,0|100,0|995|913|82|25,49|2,70|2,26|0,00
2013-10-21 12:37:55,973|0,0|0,0|100,0|995|913|82|25,49|2,70|1,22|0,00
2013-10-21 12:38:01,400|0,0|0,0|100,0|995|913|82|25,49|2,70|0,06|0,00
2013-10-21 12:38:06,847|0,0|0,0|100,0|995|913|82|25,48|2,70|0,39|0,00
