2013-10-21 12:08:38,739|0,0|0,0|100,0|995|454|540|1,00|2,65|1,84|0,00
2013-10-21 12:08:44,169|0,0|0,0|100,0|995|454|540|1,00|2,65|1,47|0,00
2013-10-21 12:08:49,598|1,9|0,0|98,0|995|453|542|1,00|2,65|0,92|0,00
2013-10-21 12:08:55,022|0,0|0,0|100,0|995|453|542|1,00|2,65|0,21|0,00
2013-10-21 12:09:00,442|0,0|0,0|100,0|995|453|542|1,00|2,65|1,78|0,00
2013-10-21 12:09:05,865|0,0|0,0|100,0|995|453|542|1,00|2,65|0,27|0,00
2013-10-21 12:09:11,296|0,0|0,0|100,0|995|453|542|1,00|2,65|1,83|0,00
2013-10-21 12:09:16,720|0,0|0,0|100,0|995|453|542|1,00|2,65|0,52|0,00
2013-10-21 12:09:22,168|0,0|0,0|100,0|995|453|542|1,00|2,65|1,06|0,00
2013-10-21 12:09:27,592|0,0|0,0|100,0|995|453|542|1,00|2,65|0,12|0,00
2013-10-21 12:09:33,027|0,0|0,0|100,0|995|453|542|1,00|2,65|1,57|0,00
2013-10-21 12:09:38,446|0,0|0,0|100,0|995|453|542|1,00|2,65|0,83|0,00
2013-10-21 12:09:43,880|0,0|0,0|100,0|995|453|542|1,00|2,65|3,16|0,00
2013-10-21 12:09:49,304|0,0|0,0|100,0|995|453|542|1,00|2,65|0,56|0,00
2013-10-21 12:09:54,725|0,0|0,0|100,0|995|453|542|1,00|2,65|0,66|0,00
2013-10-21 12:10:00,159|0,0|0,0|100,0|995|453|542|1,00|2,65|2,26|0,00
2013-10-21 12:10:05,586|0,0|0,0|100,0|995|453|542|1,00|2,65|0,32|0,00
2013-10-21 12:10:11,022|0,0|0,0|100,0|995|453|542|1,00|2,65|1,80|0,00
2013-10-21 12:10:16,444|0,0|0,0|100,0|995|453|542|1,00|2,65|0,82|0,00
2013-10-21 12:10:21,878|0,0|0,0|100,0|995|453|542|1,00|2,65|1,43|0,00
2013-10-21 12:10:27,345|0,0|0,0|100,0|995|453|542|1,00|2,65|0,31|0,00
2013-10-21 12:10:32,780|0,0|0,0|100,0|995|453|542|1,00|2,65|1,13|0,00
2013-10-21 12:10:38,217|0,0|0,0|100,0|995|453|542|1,00|2,65|0,49|0,00
2013-10-21 12:10:43,636|0,0|0,0|100,0|995|453|542|1,00|2,65|1,48|0,00
2013-10-21 12:10:49,071|0,0|0,0|100,0|995|453|542|1,00|2,65|0,88|0,00
2013-10-21 12:10:54,546|0,0|0,0|100,0|995|453|542|1,00|2,65|0,06|0,00
2013-10-21 12:10:59,976|0,0|0,0|100,0|995|453|542|1,00|2,65|1,14|0,00
2013-10-21 12:11:05,392|0,0|0,0|100,0|995|453|542|1,00|2,65|0,21|0,00
2013-10-21 12:11:10,834|0,0|0,0|100,0|995|453|542|1,00|2,65|1,39|0,00
2013-10-21 12:11:16,257|0,0|0,0|100,0|995|453|542|1,00|2,65|4,22|0,00
2013-10-21 12:11:21,681|0,0|0,0|100,0|995|453|542|1,00|2,65|1,73|0,00
2013-10-21 12:11:27,117|0,0|0,0|100,0|995|453|542|1,00|2,65|0,23|0,00
2013-10-21 12:11:32,536|0,0|0,0|100,0|995|453|542|1,00|2,65|0,72|0,00
2013-10-21 12:11:37,965|0,0|0,0|100,0|995|453|542|1,00|2,65|0,47|0,00
2013-10-21 12:11:43,394|0,0|0,0|100,0|995|453|542|1,00|2,65|1,02|0,00
2013-10-21 12:11:48,827|0,0|0,0|100,0|995|453|542|1,00|2,65|0,68|0,00
2013-10-21 12:11:54,260|0,0|0,0|100,0|995|453|542|1,00|2,65|2,89|0,00
2013-10-21 12:11:59,685|0,0|0,0|100,0|995|453|542|1,00|2,65|2,37|0,00
2013-10-21 12:12:05,122|0,0|0,0|100,0|995|453|542|1,00|2,65|2,99|0,04
2013-10-21 12:12:10,543|0,0|0,0|100,0|995|453|542|1,00|2,65|0,79|0,00
2013-10-21 12:12:15,983|0,0|0,0|100,0|995|453|542|1,00|2,65|0,72|0,00
2013-10-21 12:12:21,410|0,0|0,0|100,0|995|453|542|1,00|2,65|1,55|0,00
2013-10-21 12:12:26,836|0,0|0,0|100,0|995|453|542|1,00|2,65|0,18|0,00
2013-10-21 12:12:32,271|0,0|1,9|98,0|995|453|542|1,00|2,65|0,90|0,00
2013-10-21 12:12:37,701|0,0|0,0|100,0|995|453|542|1,00|2,65|0,47|0,00
2013-10-21 12:12:43,136|0,0|0,0|100,0|995|453|542|1,00|2,65|2,07|0,00
2013-10-21 12:12:48,557|0,0|0,0|100,0|995|453|542|1,00|2,65|1,16|0,00
2013-10-21 12:12:53,990|0,0|0,0|100,0|995|453|542|1,00|2,65|0,54|0,00
2013-10-21 12:12:59,409|0,0|0,0|100,0|995|453|542|1,00|2,65|0,27|0,00
2013-10-21 12:13:04,834|0,0|0,0|100,0|995|453|542|1,00|2,65|1,07|0,00
2013-10-21 12:13:10,256|0,0|0,0|100,0|995|453|542|1,00|2,65|0,30|0,00
2013-10-21 12:13:15,679|0,0|0,0|100,0|995|453|542|1,00|2,65|0,12|0,00
2013-10-21 12:13:21,105|0,0|0,0|100,0|995|453|542|1,00|2,65|0,76|0,00
2013-10-21 12:13:26,526|0,0|0,0|100,0|995|453|542|1,00|2,65|0,93|0,00
2013-10-21 12:13:31,953|0,0|0,0|100,0|995|453|542|1,00|2,65|0,89|0,00
2013-10-21 12:13:37,378|0,0|0,0|100,0|995|453|542|1,00|2,65|0,52|0,00
2013-10-21 12:13:42,802|0,0|0,0|100,0|995|453|542|1,00|2,65|1,47|0,00
2013-10-21 12:13:48,235|0,0|0,0|100,0|995|453|542|1,00|2,65|1,09|0,00
2013-10-21 12:13:53,654|1,9|0,0|98,0|995|453|542|1,00|2,65|0,47|0,00
2013-10-21 12:13:59,077|0,0|0,0|100,0|995|453|542|1,00|2,65|0,32|0,00
2013-10-21 12:14:04,504|0,0|0,0|100,0|995|453|542|1,00|2,65|0,52|0,00
2013-10-21 12:14:09,933|0,0|0,0|100,0|995|453|542|1,00|2,65|0,59|0,00
2013-10-21 12:14:15,357|0,0|0,0|100,0|995|453|542|1,00|2,66|0,18|0,00
2013-10-21 12:14:20,780|0,0|0,0|100,0|995|453|542|1,00|2,66|0,72|0,00
2013-10-21 12:14:26,204|0,0|0,0|100,0|995|453|542|1,00|2,66|1,32|0,00
2013-10-21 12:14:31,633|0,0|0,0|100,0|995|453|542|1,00|2,66|2,45|0,00
2013-10-21 12:14:37,064|0,0|0,0|100,0|995|453|542|1,00|2,66|0,41|0,00
2013-10-21 12:14:42,489|0,0|0,0|100,0|995|453|542|1,00|2,66|0,23|0,00
2013-10-21 12:14:47,921|0,0|0,0|100,0|995|453|542|1,00|2,66|1,04|0,00
2013-10-21 12:14:53,348|0,0|0,0|100,0|995|453|542|1,00|2,66|0,77|0,00
2013-10-21 12:14:58,784|0,0|0,0|100,0|995|453|542|1,00|2,66|0,75|0,00
2013-10-21 12:15:04,220|0,0|0,0|100,0|995|453|542|1,00|2,66|1,76|0,00
2013-10-21 12:15:09,645|0,0|0,0|100,0|995|453|542|1,00|2,66|0,62|0,00
2013-10-21 12:15:15,074|2,0|0,0|98,0|995|453|542|1,00|2,66|1,25|0,00
2013-10-21 12:15:20,547|6,0|4,0|90,0|995|453|542|1,00|2,66|5,08|39,38
2013-10-21 12:15:25,982|0,0|0,0|100,0|995|453|542|1,00|2,66|9,84|48,27
2013-10-21 12:15:31,400|0,0|0,0|100,0|995|453|542|1,00|2,66|1,52|0,00
2013-10-21 12:15:36,821|5,8|3,9|88,2|995|453|542|1,00|2,66|5,17|39,32
2013-10-21 12:15:42,252|0,0|0,0|100,0|995|453|542|1,00|2,66|9,60|48,41
2013-10-21 12:15:47,671|0,0|0,0|100,0|995|453|542|1,00|2,66|0,06|0,00
2013-10-21 12:15:53,128|6,0|2,0|92,0|995|454|541|1,00|2,66|3,22|37,92
2013-10-21 12:15:58,568|0,0|2,0|97,9|995|455|540|1,00|2,66|4,81|39,38
2013-10-21 12:16:04,039|0,0|0,0|100,0|995|453|542|1,00|2,66|3,83|1,39
2013-10-21 12:16:09,509|4,0|2,0|93,8|995|454|541|1,00|2,66|3,48|37,92
2013-10-21 12:16:14,983|0,0|0,0|100,0|995|453|542|1,00|2,66|10,67|48,91
2013-10-21 12:16:20,421|0,0|0,0|100,0|995|453|542|1,00|2,66|0,59|0,00
2013-10-21 12:16:25,850|4,0|4,0|92,0|995|453|542|1,00|2,66|10,59|78,63
2013-10-21 12:16:31,269|0,0|0,0|100,0|995|453|542|1,00|2,66|6,12|9,81
2013-10-21 12:16:36,741|2,0|6,0|92,0|995|453|542|1,00|2,66|0,00|0,00
2013-10-21 12:16:42,222|0,0|0,0|100,0|995|454|540|1,00|2,66|7,86|77,24
2013-10-21 12:16:47,646|0,0|0,0|100,0|995|453|541|1,00|2,66|4,66|9,95
2013-10-21 12:16:53,116|0,0|0,0|100,0|995|453|541|1,00|2,66|0,06|0,00
2013-10-21 12:16:58,574|14,2|2,0|0,0|995|468|526|1,04|2,66|6,06|47,00
2013-10-21 12:17:04,255|46,9|2,0|0,0|995|670|324|1,85|2,66|1,18|0,00
2013-10-21 12:17:10,088|61,2|12,2|0,0|995|861|134|2,61|2,66|5,63|39,32
2013-10-21 12:17:16,134|47,0|1,9|0,0|995|898|97|3,50|2,66|8,22|47,96
2013-10-21 12:17:23,087|46,0|6,0|0,0|995|929|66|4,49|2,66|5,09|10,39
2013-10-21 12:17:29,118|0,0|4,1|0,0|995|915|80|4,93|2,66|5,26|39,38
2013-10-21 12:17:34,608|1,9|1,9|96,0|995|915|80|4,94|2,66|6,57|47,32
2013-10-21 12:17:40,111|0,0|0,0|96,0|995|914|81|4,94|2,66|0,23|0,00
2013-10-21 12:17:45,584|5,8|3,9|90,1|995|915|80|4,94|2,66|3,47|39,08
2013-10-21 12:17:51,053|0,0|0,0|98,0|995|914|81|4,94|2,66|9,68|50,05
2013-10-21 12:17:56,522|98,0|2,0|0,0|995|921|74|4,94|2,66|0,50|0,00
2013-10-21 12:18:02,400|95,9|4,0|0,0|995|916|79|4,94|2,66|3,84|37,93
2013-10-21 12:18:08,239|98,0|2,0|0,0|995|916|79|4,94|2,66|6,47|39,32
2013-10-21 12:18:14,074|96,0|4,0|0,0|995|916|78|4,94|2,66|10,87|78,75
2013-10-21 12:18:19,927|100,0|0,0|0,0|995|917|78|4,94|2,66|0,18|0,00
2013-10-21 12:18:25,766|100,0|0,0|0,0|995|917|77|4,94|2,66|4,93|11,16
2013-10-21 12:18:31,607|100,0|0,0|0,0|995|918|77|4,94|2,66|0,78|0,00
2013-10-21 12:18:37,503|98,0|2,0|0,0|995|918|77|4,94|2,66|1,20|0,00
2013-10-21 12:18:43,411|98,0|2,0|0,0|995|920|75|4,94|2,66|5,39|50,85
2013-10-21 12:18:49,268|96,0|4,0|0,0|995|918|76|4,94|2,66|10,44|42,04
2013-10-21 12:18:55,119|98,0|1,9|0,0|995|919|76|4,94|2,66|2,19|1,46
2013-10-21 12:19:01,052|98,0|2,0|0,0|995|920|75|4,94|2,66|4,04|37,97
2013-10-21 12:19:06,950|100,0|0,0|0,0|995|919|75|4,94|2,66|9,93|51,20
2013-10-21 12:19:12,799|98,0|0,0|0,0|995|919|75|4,94|2,66|0,47|0,00
2013-10-21 12:19:18,731|95,9|4,0|0,0|995|904|91|4,94|2,66|2,28|0,00
2013-10-21 12:19:24,587|92,0|8,0|0,0|995|915|80|5,27|2,66|17,68|392,24
2013-10-21 12:19:30,714|96,0|4,0|0,0|995|913|82|5,86|2,67|7,13|39,64
2013-10-21 12:19:37,635|98,0|1,9|0,0|995|916|78|6,32|2,67|5,70|12,06
2013-10-21 12:19:43,924|94,0|6,0|0,0|995|916|79|6,77|2,67|1,64|0,00
2013-10-21 12:19:50,539|96,0|4,0|0,0|995|893|102|7,26|2,67|0,48|0,00
2013-10-21 12:19:58,030|98,0|2,0|0,0|995|923|72|7,79|2,67|0,18|0,06
2013-10-21 12:20:04,350|96,0|4,0|0,0|995|916|79|8,32|2,67|11,37|78,41
2013-10-21 12:20:10,551|96,0|4,0|0,0|995|914|80|8,87|2,67|10,00|52,39
2013-10-21 12:20:16,745|100,0|0,0|0,0|995|908|86|8,88|2,67|5,13|12,48
2013-10-21 12:20:22,659|100,0|0,0|0,0|995|908|86|8,88|2,67|1,26|0,00
2013-10-21 12:20:28,599|2,0|2,0|95,9|995|878|117|8,88|2,67|1,19|36,73
2013-10-21 12:20:34,067|0,0|0,0|100,0|995|877|117|8,88|2,67|10,24|52,08
2013-10-21 12:20:39,508|0,0|0,0|100,0|995|877|117|8,88|2,67|0,23|0,00
2013-10-21 12:20:44,954|4,0|4,0|91,8|995|877|117|8,88|2,67|12,25|78,77
2013-10-21 12:20:50,388|1,9|0,0|98,0|995|877|117|8,88|2,67|5,62|12,92
2013-10-21 12:20:55,821|6,0|4,0|90,0|995|877|117|8,88|2,67|6,44|39,32
2013-10-21 12:21:01,262|0,0|0,0|100,0|995|877|117|8,88|2,67|5,70|13,04
2013-10-21 12:21:06,699|4,0|4,0|92,0|995|877|117|8,88|2,67|4,96|39,32
2013-10-21 12:21:12,137|0,0|0,0|100,0|995|877|117|8,88|2,67|6,71|13,20
2013-10-21 12:21:17,565|2,0|2,0|96,0|995|878|116|8,88|2,67|3,47|37,56
2013-10-21 12:21:23,025|0,0|0,0|100,0|995|877|117|8,88|2,67|11,79|52,66
2013-10-21 12:21:28,483|6,0|4,0|90,0|995|877|117|8,88|2,67|0,12|0,00
2013-10-21 12:21:33,909|0,0|0,0|100,0|995|877|117|8,88|2,67|10,42|52,82
2013-10-21 12:21:39,339|2,0|6,0|90,0|995|877|117|8,88|2,67|0,08|0,00
2013-10-21 12:21:44,768|0,0|0,0|100,0|995|878|116|8,88|2,67|8,23|52,70
2013-10-21 12:21:50,217|0,0|0,0|100,0|995|877|118|8,88|2,67|0,67|0,00
2013-10-21 12:21:55,645|0,0|0,0|100,0|995|877|117|8,88|2,67|9,35|53,07
2013-10-21 12:22:01,071|6,0|4,0|90,0|995|877|117|8,88|2,67|1,25|0,00
2013-10-21 12:22:06,545|12,2|2,0|0,0|995|895|100|8,94|2,67|2,31|1,46
2013-10-21 12:22:12,460|42,0|10,0|0,0|995|915|80|9,69|2,67|0,50|0,00
2013-10-21 12:22:18,563|48,0|0,0|0,0|995|916|78|10,47|2,67|5,36|14,06
2013-10-21 12:22:24,590|15,6|7,8|0,0|995|924|71|11,13|2,67|8,13|78,31
2013-10-21 12:22:33,333|4,0|2,0|36,7|995|920|75|11,36|2,67|4,83|14,55
2013-10-21 12:22:38,775|4,1|4,1|91,6|995|920|75|11,36|2,67|6,60|39,32
2013-10-21 12:22:44,205|0,0|0,0|100,0|995|919|75|11,36|2,67|4,57|14,34
2013-10-21 12:22:49,631|4,0|4,0|92,0|995|920|75|11,36|2,67|6,38|39,38
2013-10-21 12:22:55,107|0,0|0,0|100,0|995|920|75|11,36|2,67|7,01|15,87
2013-10-21 12:23:00,581|3,9|3,9|92,1|995|920|75|11,36|2,67|0,45|0,00
2013-10-21 12:23:06,044|2,0|6,1|91,8|995|920|75|11,36|2,67|7,25|39,69
2013-10-21 12:23:11,511|0,0|0,0|100,0|995|920|75|11,36|2,67|1,80|0,00
2013-10-21 12:23:16,931|0,0|2,0|98,0|995|921|73|11,36|2,67|7,32|76,11
2013-10-21 12:23:22,361|2,0|0,0|98,0|995|920|75|11,36|2,67|7,63|14,84
2013-10-21 12:23:27,838|5,7|5,7|88,4|995|920|75|11,36|2,67|6,08|39,38
2013-10-21 12:23:33,281|0,0|0,0|98,0|995|920|75|11,36|2,68|5,38|14,98
2013-10-21 12:23:38,745|6,0|4,0|90,0|995|920|75|11,36|2,68|1,77|0,00
2013-10-21 12:23:44,168|0,0|0,0|100,0|995|920|75|11,36|2,68|10,20|54,57
2013-10-21 12:23:49,604|4,0|2,0|93,8|995|920|75|11,36|2,68|1,13|0,00
2013-10-21 12:23:55,079|3,8|5,7|88,4|995|920|75|11,36|2,68|6,90|39,68
2013-10-21 12:24:00,544|0,0|0,0|100,0|995|920|75|11,36|2,68|1,29|0,00
2013-10-21 12:24:05,963|3,9|3,9|90,1|995|920|75|11,36|2,68|10,73|78,69
2013-10-21 12:24:11,394|0,0|2,0|98,0|995|920|75|11,36|2,68|1,59|0,00
2013-10-21 12:24:16,895|8,0|2,0|90,0|995|920|75|11,36|2,68|5,89|39,38
2013-10-21 12:24:22,319|0,0|0,0|100,0|995|920|75|11,36|2,68|5,16|15,66
2013-10-21 12:24:27,743|2,0|2,0|96,0|995|921|74|11,36|2,68|1,75|36,73
2013-10-21 12:24:33,241|78,0|6,0|0,0|995|917|77|11,90|2,68|9,85|55,25
2013-10-21 12:24:39,021|32,6|6,1|0,0|995|914|80|13,13|2,68|2,26|0,30
2013-10-21 12:24:45,812|90,0|10,0|0,0|995|918|77|13,79|2,68|7,14|39,32
2013-10-21 12:24:51,708|0,0|0,0|95,9|995|923|72|13,82|2,68|5,00|16,04
2013-10-21 12:24:57,375|4,0|6,1|89,7|995|923|72|13,82|2,68|5,73|39,32
2013-10-21 12:25:02,811|65,3|0,0|0,0|995|922|73|13,86|2,68|1,76|0,00
2013-10-21 12:25:08,513|6,1|4,0|0,0|995|918|77|14,17|2,68|9,38|109,16
2013-10-21 12:25:14,180|100,0|0,0|0,0|995|916|79|14,21|2,68|1,37|0,00
2013-10-21 12:25:20,099|96,0|4,0|0,0|995|917|78|14,21|2,68|5,46|39,32
2013-10-21 12:25:25,943|100,0|0,0|0,0|995|917|78|14,20|2,68|0,91|0,00
2013-10-21 12:25:31,820|97,9|2,0|0,0|995|919|76|14,20|2,68|10,12|77,43
2013-10-21 12:25:37,663|98,0|0,0|0,0|995|918|77|14,20|2,68|10,52|16,62
2013-10-21 12:25:43,550|100,0|0,0|0,0|995|918|76|14,20|2,68|0,88|0,00
2013-10-21 12:25:49,419|94,0|6,0|0,0|995|919|76|14,20|2,68|7,24|39,50
2013-10-21 12:25:55,251|100,0|0,0|0,0|995|919|76|14,20|2,68|8,53|55,95
2013-10-21 12:26:01,161|100,0|0,0|0,0|995|919|76|14,20|2,68|5,27|16,84
2013-10-21 12:26:06,982|4,1|4,1|91,6|995|892|103|14,20|2,68|0,15|0,00
2013-10-21 12:26:12,436|0,0|0,0|100,0|995|892|103|14,20|2,68|10,94|19,70
2013-10-21 12:26:17,907|7,8|3,9|88,2|995|892|103|14,20|2,68|1,47|0,00
2013-10-21 12:26:23,342|0,0|0,0|100,0|995|892|103|14,20|2,68|11,63|56,50
2013-10-21 12:26:28,784|4,0|4,0|92,0|995|892|103|14,20|2,68|0,43|0,00
2013-10-21 12:26:34,265|0,0|0,0|100,0|995|893|102|14,20|2,68|9,58|56,62
2013-10-21 12:26:39,740|28,0|4,0|0,0|995|922|73|14,72|2,68|0,90|9,99
2013-10-21 12:26:45,923|6,1|0,0|0,0|995|917|78|15,33|2,68|1,95|0,00
2013-10-21 12:26:52,040|20,0|8,0|0,0|995|917|77|15,97|2,68|1,30|0,00
2013-10-21 12:27:00,269|34,6|4,0|0,0|995|917|78|16,61|2,68|0,55|0,06
2013-10-21 12:27:05,841|0,0|0,0|100,0|995|916|78|16,86|2,68|5,68|17,93
2013-10-21 12:27:11,692|6,1|6,1|0,0|995|924|71|17,02|2,68|2,84|67,33
2013-10-21 12:27:17,323|96,0|4,0|0,0|995|915|79|17,03|2,68|10,11|41,91
2013-10-21 12:27:23,159|100,0|0,0|0,0|995|916|78|17,03|2,68|6,78|17,84
2013-10-21 12:27:29,025|98,0|2,0|0,0|995|917|78|17,03|2,68|0,35|0,00
2013-10-21 12:27:34,863|94,1|5,8|0,0|995|917|78|17,03|2,68|10,30|78,73
2013-10-21 12:27:40,703|98,0|2,0|0,0|995|918|77|17,03|2,68|0,49|0,00
2013-10-21 12:27:46,563|98,0|1,9|0,0|995|918|77|17,03|2,68|18,17|18,25
2013-10-21 12:27:52,395|94,1|5,8|0,0|995|916|78|17,44|2,68|9,30|77,23
2013-10-21 12:27:59,008|98,0|1,9|0,0|995|923|72|18,18|2,68|0,61|0,00
2013-10-21 12:28:05,322|13,7|7,8|0,0|995|916|79|18,83|2,69|7,91|41,53
2013-10-21 12:28:12,015|36,7|2,0|0,0|995|934|61|19,59|2,69|8,69|18,78
2013-10-21 12:28:17,955|2,0|0,0|26,5|995|913|81|19,75|2,69|6,55|39,56
2013-10-21 12:28:23,601|80,3|3,9|0,0|995|914|80|19,85|2,69|1,30|0,00
2013-10-21 12:28:29,277|96,0|4,0|0,0|995|912|82|19,91|2,69|9,95|78,75
2013-10-21 12:28:34,938|100,0|0,0|0,0|995|914|81|19,91|2,69|1,28|0,00
2013-10-21 12:28:40,884|98,0|2,0|0,0|995|914|80|19,91|2,69|5,23|39,38
2013-10-21 12:28:46,782|100,0|0,0|0,0|995|915|80|19,91|2,69|10,19|58,30
2013-10-21 12:28:52,642|100,0|0,0|0,0|995|915|79|19,91|2,69|1,67|0,00
2013-10-21 12:28:58,498|96,0|3,9|0,0|995|916|79|19,91|2,69|7,15|40,74
2013-10-21 12:29:04,400|98,0|2,0|0,0|995|917|77|20,55|2,69|1,72|0,00
2013-10-21 12:29:10,752|98,0|2,0|0,0|995|934|61|21,51|2,69|8,31|21,50
2013-10-21 12:29:17,187|94,1|3,9|0,0|995|917|78|22,57|2,69|6,27|19,32
2013-10-21 12:29:23,546|94,1|5,8|0,0|995|914|81|22,63|2,69|0,86|0,00
2013-10-21 12:29:29,616|97,9|2,0|0,0|995|915|79|22,63|2,69|5,17|39,35
2013-10-21 12:29:35,467|100,0|0,0|0,0|995|919|76|22,64|2,69|9,71|22,16
2013-10-21 12:29:41,330|100,0|0,0|0,0|995|914|81|22,67|2,69|0,32|0,00
2013-10-21 12:29:47,203|96,0|2,0|0,0|995|920|75|22,69|2,69|6,98|39,36
2013-10-21 12:29:53,058|100,0|0,0|0,0|995|914|80|22,71|2,69|11,17|59,09
2013-10-21 12:29:58,962|100,0|0,0|0,0|995|903|92|22,73|2,69|0,41|0,00
2013-10-21 12:30:04,891|98,0|2,0|0,0|995|903|92|22,73|2,69|5,18|39,32
2013-10-21 12:30:10,633|98,0|1,9|0,0|995|914|80|22,81|2,69|5,43|20,01
2013-10-21 12:30:16,511|100,0|0,0|0,0|995|914|80|22,81|2,69|0,89|0,29
2013-10-21 12:30:22,186|0,0|1,9|98,0|995|884|111|22,81|2,69|10,04|59,56
2013-10-21 12:30:27,630|2,0|2,0|96,0|995|884|111|22,81|2,69|0,44|0,00
2013-10-21 12:30:33,108|0,0|0,0|100,0|995|883|111|22,81|2,69|10,91|59,61
2013-10-21 12:30:38,542|4,0|4,0|88,0|995|884|111|22,81|2,69|5,30|39,32
2013-10-21 12:30:44,014|0,0|0,0|96,0|995|884|111|22,81|2,69|4,74|0,00
2013-10-21 12:30:49,554|0,0|0,0|100,0|995|883|111|22,81|2,69|1,86|0,00
2013-10-21 12:30:55,068|5,8|3,9|84,3|995|884|111|22,81|2,69|7,55|39,68
2013-10-21 12:31:00,534|0,0|0,0|100,0|995|884|111|22,81|2,69|0,47|0,22
2013-10-21 12:31:05,975|2,0|2,0|90,0|995|885|110|22,81|2,69|11,13|58,72
2013-10-21 12:31:11,425|4,0|2,0|89,7|995|884|111|22,81|2,69|0,97|0,00
2013-10-21 12:31:16,871|0,0|0,0|98,0|995|884|111|22,80|2,69|5,34|20,87
2013-10-21 12:31:22,340|4,1|4,1|91,6|995|884|111|22,80|2,69|0,91|0,00
2013-10-21 12:31:27,777|0,0|0,0|96,0|995|884|111|22,80|2,69|5,05|20,96
2013-10-21 12:31:33,214|6,0|4,0|90,0|995|884|111|22,80|2,69|6,31|39,34
2013-10-21 12:31:38,659|6,0|2,0|38,0|995|886|108|22,81|2,69|0,31|0,00
2013-10-21 12:31:44,259|30,7|5,7|0,0|995|914|81|23,60|2,69|9,20|41,93
2013-10-21 12:31:50,014|24,4|2,0|0,0|995|915|80|24,38|2,69|1,61|0,00
2013-10-21 12:31:55,684|38,7|4,0|0,0|995|915|79|25,05|2,69|5,24|21,38
2013-10-21 12:32:01,991|96,0|4,0|0,0|995|917|77|25,52|2,69|9,84|78,74
2013-10-21 12:32:07,629|4,0|4,0|90,0|995|912|82|25,52|2,69|1,74|0,00
2013-10-21 12:32:13,086|0,0|0,0|100,0|995|912|83|25,52|2,69|6,67|21,79
2013-10-21 12:32:18,558|4,0|4,0|91,8|995|912|83|25,52|2,69|1,43|0,00
2013-10-21 12:32:23,994|0,0|0,0|100,0|995|912|83|25,52|2,69|6,96|21,77
2013-10-21 12:32:29,433|4,0|4,0|91,8|995|912|83|25,52|2,69|5,23|39,38
2013-10-21 12:32:34,869|2,0|0,0|98,0|995|912|83|25,52|2,69|1,35|0,00
2013-10-21 12:32:40,336|3,9|7,8|88,2|995|912|83|25,51|2,69|9,78|42,05
2013-10-21 12:32:45,807|0,0|0,0|100,0|995|912|83|25,51|2,69|0,72|0,00
2013-10-21 12:32:51,243|0,0|0,0|100,0|995|912|83|25,51|2,70|9,66|61,53
2013-10-21 12:32:56,664|6,1|4,0|89,7|995|912|83|25,51|2,70|0,92|0,00
2013-10-21 12:33:02,095|0,0|0,0|98,0|995|912|83|25,51|2,70|5,89|22,29
2013-10-21 12:33:07,527|4,0|4,0|91,8|995|912|83|25,51|2,70|6,59|39,42
2013-10-21 12:33:12,955|0,0|0,0|100,0|995|912|83|25,51|2,70|4,96|0,29
2013-10-21 12:33:18,427|6,0|6,0|88,0|995|912|82|25,51|2,70|11,18|78,70
2013-10-21 12:33:23,882|0,0|0,0|100,0|995|912|82|25,51|2,70|2,74|4,41
2013-10-21 12:33:29,318|0,0|0,0|100,0|995|912|82|25,51|2,70|10,54|67,89
2013-10-21 12:33:34,755|6,0|4,0|90,0|995|912|82|25,51|2,70|2,19|0,00
2013-10-21 12:33:40,194|0,0|0,0|100,0|995|912|82|25,51|2,70|3,15|1,46
2013-10-21 12:33:45,655|2,0|0,0|98,0|995|913|82|25,51|2,70|8,11|78,39
2013-10-21 12:33:51,099|2,0|0,0|98,0|995|912|82|25,51|2,70|0,12|0,00
2013-10-21 12:33:56,542|0,0|0,0|100,0|995|912|82|25,51|2,70|10,33|68,34
2013-10-21 12:34:01,971|6,0|4,0|90,0|995|912|82|25,51|2,70|0,57|0,00
2013-10-21 12:34:07,410|0,0|0,0|100,0|995|913|82|25,51|2,70|5,96|24,62
2013-10-21 12:34:12,865|2,0|0,0|98,0|995|914|81|25,51|2,70|9,29|76,42
2013-10-21 12:34:18,310|0,0|2,0|98,0|995|913|82|25,51|2,70|0,51|0,00
2013-10-21 12:34:23,753|0,0|0,0|100,0|995|913|82|25,50|2,70|2,09|6,02
2013-10-21 12:34:29,190|0,0|0,0|100,0|995|913|82|25,50|2,70|0,72|1,70
2013-10-21 12:34:34,627|0,0|0,0|100,0|995|913|82|25,50|2,70|1,94|0,00
2013-10-21 12:34:40,074|0,0|0,0|100,0|995|913|82|25,50|2,70|2,05|0,00
2013-10-21 12:34:45,511|0,0|0,0|100,0|995|913|82|25,50|2,70|0,36|0,00
2013-10-21 12:34:50,956|2,0|0,0|98,0|995|913|82|25,50|2,70|0,79|6,02
2013-10-21 12:34:56,385|0,0|0,0|100,0|995|913|82|25,50|2,70|0,87|5,90
2013-10-21 12:35:01,850|0,0|0,0|100,0|995|913|82|25,50|2,70|0,72|0,00
2013-10-21 12:35:07,299|0,0|0,0|100,0|995|913|82|25,50|2,70|1,46|0,00
2013-10-21 12:35:12,741|0,0|0,0|100,0|995|913|82|25,50|2,70|1,42|0,00
2013-10-21 12:35:18,178|0,0|0,0|100,0|995|913|82|25,50|2,70|0,51|1,66
2013-10-21 12:35:23,614|0,0|0,0|100,0|995|913|82|25,50|2,70|1,91|0,06
2013-10-21 12:35:29,047|0,0|0,0|100,0|995|913|82|25,50|2,70|0,94|0,00
2013-10-21 12:35:34,483|0,0|0,0|100,0|995|913|82|25,50|2,70|1,97|0,00
2013-10-21 12:35:39,927|0,0|0,0|100,0|995|913|82|25,50|2,70|0,14|0,00
2013-10-21 12:35:45,362|2,0|0,0|98,0|995|913|82|25,50|2,70|0,08|0,00
2013-10-21 12:35:50,789|0,0|0,0|100,0|995|913|82|25,50|2,70|2,63|6,00
2013-10-21 12:35:56,238|0,0|0,0|100,0|995|913|82|25,50|2,70|1,14|0,00
2013-10-21 12:36:01,677|0,0|0,0|100,0|995|913|82|25,50|2,70|0,51|0,00
2013-10-21 12:36:07,110|0,0|0,0|100,0|995|913|82|25,49|2,70|0,85|0,00
2013-10-21 12:36:12,548|0,0|2,0|98,0|995|913|82|25,49|2,70|1,34|0,00
2013-10-21 12:36:18,078|0,0|0,0|100,0|995|913|82|25,49|2,70|1,02|6,00
2013-10-21 12:36:23,507|0,0|0,0|100,0|995|913|82|25,49|2,70|0,68|1,66
2013-10-21 12:36:28,951|0,0|0,0|100,0|995|913|82|25,49|2,70|0,23|0,00
2013-10-21 12:36:34,390|0,0|0,0|100,0|995|913|82|25,49|2,70|0,35|0,00
2013-10-21 12:36:39,837|0,0|0,0|100,0|995|913|82|25,49|2,70|1,04|0,00
2013-10-21 12:36:45,291|0,0|0,0|100,0|995|912|82|25,49|2,70|1,29|0,79
2013-10-21 12:36:50,727|2,0|0,0|98,0|995|913|82|25,49|2,70|1,05|0,00
2013-10-21 12:36:56,178|0,0|0,0|100,0|995|913|82|25,49|2,70|1,17|0,00
2013-10-21 12:37:01,611|0,0|0,0|100,0|995|913|82|25,49|2,70|0,84|0,00
2013-10-21 12:37:07,045|0,0|0,0|100,0|995|913|82|25,49|2,70|0,27|0,00
2013-10-21 12:37:12,482|0,0|0,0|100,0|995|913|82|25,49|2,70|0,97|0,00
2013-10-21 12:37:17,919|0,0|0,0|100,0|995|913|82|25,49|2,70|1,01|0,00
2013-10-21 12:37:23,355|0,0|0,0|100,0|995|913|82|25,49|2,70|0,67|0,00
2013-10-21 12:37:28,798|0,0|0,0|100,0|995|913|82|25,49|2,70|0,44|0,00
2013-10-21 12:37:34,239|0,0|0,0|100,0|995|913|82|25,49|2,70|0,53|0,00
2013-10-21 12:37:39,666|0,0|0,0|100,0|995|913|82|25,49|2,70|1,17|0,00
2013-10-21 12:37:45,105|0,0|0,0|100,0|995|913|82|25,49|2,70|0,14|0,00
2013-10-21 12:37:50,542|0,0|0,0|100,0|995|913|82|25,49|2,70|2,26|0,00
2013-10-21 12:37:55,973|0,0|0,0|100,0|995|913|82|25,49|2,70|1,22|0,00
2013-10-21 12:38:01,400|0,0|0,0|100,0|995|913|82|25,49|2,70|0,06|0,00
2013-10-21 12:38:06,847|0,0|0,0|100,0|995|913|82|25,48|2,70|0,39|0,00
