0
0.4
0.4
0.6
0.6
1
1
10.7
10.9
10.9
20.2
20.4
20.4
29.9
29.9
29.7
39.2
39.2
38.7
48.2
48.4
48.3
39.4
49.2
49.2
39.7
50.1
50.1
40.5
50.9
50.9
41.3
50.5
40.9
50.3
49.9
40.3
49.3
49
39.1
48.1
48.1
38.1
47.3
47.3
37.5
46.7
37.3
37.3
45.9
37.9
37.9
47.3
38.3
38.3
47.2
38
38.4
48
39
38.5
39.9
39.9
39.9
40
40
40
39.7
39.7
49.2
39.8
40.1
46.2
46.2
54.7
62.7
62.7
72.1
79.7
79.7
89.1
89
89
92
92.2
92.2
92.7
93.5
93.5
95
95
93.6
94.1
93.9
94.1
94.1
93.1
93.5
93.5
93.2
93.4
95.2
95.6
95.9
95.9
96.1
96.5
88.9
88.9
90.1
80.5
71.8
62.4
62.4
58.7
48.9
39.3
39.3
29.5
19.5
19.7
20.3
10.5
10.5
2.4
2.4
2.4
2.5
2.3
11.9
12.1
12.1
21.1
21.1
20.6
29.8
30
30
38.3
38.3
38.3
38.4
38
38.3
38.6
38.6
38.9
39.3
39.3
39.5
39.6
40.2
40.4
40.4
49.6
59.2
59.2
68.3
78.1
87
87
96
95.4
95.8
95.8
95.6
95.6
95.6
95.8
95.6
95.6
95.4
95.8
96.4
96.2
96.3
97.1
96.9
91.4
91.2
81.9
81.9
72.4
62.8
58.9
50
50
49.5
40.3
40.2
40.2
39.6
39.3
39.3
39.3
39.1
39.2
39.6
30.7
40.5
40
39.6
39.7
30.3
39.7
39.1
29.9
39.5
39.5
39.5
39.5
30.8
40.2
39.9
30.5
40.5
30.5
30.5
39.9
30.6
40.2
40.4
31
41.1
32.2
32.2
41.2
31.2
40.3
31.1
31.1
40
30.2
30.8
