2013-08-16 23:34:12,1|0,0|0,0|100,0|995|266|728|1,30|4,27|0,24|0,00
2013-08-16 23:34:12,6|0,0|0,0|100,0|995|266|728|1,30|4,27|0,15|0,00
2013-08-16 23:34:12,11|0,0|0,0|100,0|995|265|730|1,30|4,27|0,56|0,00
2013-08-16 23:34:12,16|0,0|0,0|100,0|995|265|730|1,30|4,27|1,46|0,00
2013-08-16 23:34:12,21|0,0|0,0|100,0|995|265|730|1,30|4,27|0,00|0,00
2013-08-16 23:34:12,26|0,0|0,0|100,0|995|265|730|1,30|4,27|0,62|0,00
2013-08-16 23:34:12,31|0,0|0,0|100,0|995|265|730|1,30|4,27|9,45|49,02
2013-08-16 23:34:12,36|0,0|0,0|100,0|995|265|730|1,30|4,27|4,71|3,86
2013-08-16 23:34:12,41|96,0|4,0|0,0|995|265|730|1,30|4,27|7,72|5,23
2013-08-16 23:34:12,46|96,0|3,9|0,0|995|266|729|1,30|4,27|13,04|50,47
2013-08-16 23:34:12,51|95,9|4,0|0,0|995|266|729|1,30|4,27|12,41|50,89
2013-08-16 23:34:12,56|96,0|4,0|0,0|995|266|729|1,30|4,27|10,63|47,52
2013-08-16 23:34:12,61|96,0|4,0|0,0|995|268|727|1,30|4,27|3,55|1,08
2013-08-16 23:34:12,66|100,0|0,0|0,0|995|266|729|1,30|4,27|1,51|0,41
2013-08-16 23:34:12,71|98,0|1,9|0,0|995|266|729|1,30|4,27|4,80|4,31
2013-08-16 23:34:12,76|100,0|0,0|0,0|995|266|728|1,30|4,27|4,54|4,19
2013-08-16 23:34:12,81|100,0|0,0|0,0|995|266|728|1,30|4,27|4,91|4,51
2013-08-16 23:34:12,86|100,0|0,0|0,0|995|267|728|1,30|4,27|5,14|4,37
2013-08-16 23:34:12,91|94,1|5,8|0,0|995|267|728|1,30|4,27|2,06|1,39
2013-08-16 23:34:12,96|90,0|10,0|0,0|995|266|728|1,30|4,27|0,59|2,22
2013-08-16 23:34:12,101|90,0|8,0|0,0|995|267|728|1,30|4,27|0,18|0,00
2013-08-16 23:34:12,106|92,0|8,0|0,0|995|267|728|1,30|4,27|0,00|0,00
2013-08-16 23:34:12,111|90,0|10,0|0,0|995|267|728|1,30|4,27|0,27|0,00
2013-08-16 23:34:12,116|87,7|12,2|0,0|995|267|728|1,30|4,27|5,50|55,22
2013-08-16 23:34:12,121|98,0|2,0|0,0|995|268|727|1,30|4,27|6,68|57,57
2013-08-16 23:34:12,126|94,0|6,0|0,0|995|267|728|1,30|4,27|9,33|59,83
2013-08-16 23:34:12,131|96,0|4,0|0,0|995|267|728|1,30|4,27|9,64|61,83
2013-08-16 23:34:12,136|98,0|2,0|0,0|995|267|728|1,30|4,27|9,33|61,81
2013-08-16 23:34:12,141|98,0|2,0|0,0|995|267|727|1,30|4,27|4,48|4,82
2013-08-16 23:34:12,146|96,0|4,0|0,0|995|267|727|1,30|4,27|4,67|4,99
2013-08-16 23:34:12,151|94,1|5,8|0,0|995|267|727|1,30|4,27|2,77|2,21
2013-08-16 23:34:12,156|94,0|6,0|0,0|995|267|727|1,30|4,27|1,95|0,55
2013-08-16 23:34:12,161|88,0|10,0|0,0|995|267|727|1,30|4,27|1,69|0,55
2013-08-16 23:34:12,166|96,0|4,0|0,0|995|268|726|1,30|4,27|5,62|58,09
2013-08-16 23:34:12,171|94,0|6,0|0,0|995|268|727|1,30|4,27|7,21|59,62
2013-08-16 23:34:12,176|96,0|4,0|0,0|995|268|727|1,30|4,27|8,27|120,71
2013-08-16 23:34:12,181|96,0|4,0|0,0|995|268|727|1,30|4,27|5,52|61,17
2013-08-16 23:34:12,186|95,9|4,0|0,0|995|268|727|1,30|4,27|5,67|62,04
2013-08-16 23:34:12,191|94,0|6,0|0,0|995|268|727|1,30|4,27|5,56|63,43
2013-08-16 23:34:12,196|88,2|11,7|0,0|995|268|727|1,30|4,27|5,03|62,43
2013-08-16 23:34:12,201|91,8|8,1|0,0|995|268|726|1,30|4,27|5,09|62,30
2013-08-16 23:34:12,206|98,0|1,9|0,0|995|267|727|1,30|4,27|7,70|69,27
2013-08-16 23:34:12,211|98,0|2,0|0,0|995|266|728|1,30|4,27|9,58|70,59
2013-08-16 23:34:12,216|100,0|0,0|0,0|995|266|729|1,30|4,27|10,02|70,69
2013-08-16 23:34:12,221|98,0|2,0|0,0|995|266|729|1,30|4,27|14,20|89,06
2013-08-16 23:34:12,226|85,7|14,2|0,0|995|266|728|1,30|4,27|4,94|6,63
2013-08-16 23:34:12,231|4,0|6,1|89,7|995|266|728|1,30|4,27|5,40|70,85
2013-08-16 23:34:12,236|0,0|0,0|100,0|995|266|728|1,30|4,27|9,78|76,72
2013-08-16 23:34:12,241|6,0|6,0|88,0|995|266|728|1,30|4,27|0,00|0,00
2013-08-16 23:34:12,246|1,9|1,9|96,0|995|268|727|1,30|4,27|6,06|74,16
2013-08-16 23:34:12,251|9,8|0,0|88,2|995|266|728|1,30|4,27|7,73|7,31
2013-08-16 23:34:12,256|96,0|4,0|0,0|995|266|728|1,30|4,27|3,25|1,37
2013-08-16 23:34:12,261|92,0|8,0|0,0|995|266|728|1,30|4,27|4,30|1,37
2013-08-16 23:34:12,266|92,1|7,8|0,0|995|267|728|1,30|4,27|9,66|72,27
2013-08-16 23:34:12,271|92,0|8,0|0,0|995|267|728|1,30|4,27|12,95|80,41
2013-08-16 23:34:12,276|96,0|4,0|0,0|995|267|728|1,30|4,27|10,80|80,52
2013-08-16 23:34:12,281|98,0|2,0|0,0|995|267|727|1,30|4,27|4,62|6,30
2013-08-16 23:34:12,286|95,9|4,0|0,0|995|267|727|1,30|4,27|0,92|1,95
2013-08-16 23:34:12,291|94,0|6,0|0,0|995|267|728|1,30|4,27|5,28|75,52
2013-08-16 23:34:12,296|96,0|3,9|0,0|995|267|728|1,30|4,27|13,45|82,33
2013-08-16 23:34:12,301|96,0|2,0|0,0|995|267|727|1,30|4,27|3,11|0,29
2013-08-16 23:34:12,306|92,1|7,8|0,0|995|267|727|1,30|4,27|2,42|1,39
2013-08-16 23:34:12,311|94,1|5,8|0,0|995|267|727|1,30|4,27|7,85|77,32
2013-08-16 23:34:12,316|98,0|1,9|0,0|995|267|727|1,30|4,27|12,17|83,60
2013-08-16 23:34:12,321|98,0|1,9|0,0|995|267|727|1,30|4,27|10,44|83,53
2013-08-16 23:34:12,326|100,0|0,0|0,0|995|267|727|1,30|4,27|5,02|6,81
2013-08-16 23:34:12,331|94,1|5,8|0,0|995|267|727|1,30|4,27|0,55|0,19
2013-08-16 23:34:12,336|96,0|4,0|0,0|995|269|726|1,30|4,27|3,80|75,17
2013-08-16 23:34:12,341|96,0|4,0|0,0|995|268|727|1,30|4,27|5,17|78,35
2013-08-16 23:34:12,346|100,0|0,0|0,0|995|268|726|1,30|4,27|9,90|85,20
2013-08-16 23:34:12,351|97,9|2,0|0,0|995|269|726|1,30|4,27|4,48|6,96
2013-08-16 23:34:12,356|95,9|4,0|0,0|995|269|726|1,30|4,27|0,90|3,52
2013-08-16 23:34:12,361|96,0|2,0|0,0|995|270|725|1,30|4,27|6,29|89,30
2013-08-16 23:34:12,366|96,0|4,0|0,0|995|269|726|1,30|4,27|4,85|7,10
2013-08-16 23:34:12,371|96,0|4,0|0,0|995|269|726|1,30|4,27|0,06|0,00
2013-08-16 23:34:12,376|96,0|4,0|0,0|995|269|726|1,30|4,27|5,07|85,12
2013-08-16 23:34:12,381|98,0|2,0|0,0|995|271|724|1,30|4,27|12,22|92,30
2013-08-16 23:34:12,386|95,9|4,0|0,0|995|274|721|1,30|4,27|0,94|0,00
2013-08-16 23:34:12,391|94,1|5,8|0,0|995|274|721|1,30|4,27|6,21|85,12
2013-08-16 23:34:12,396|100,0|0,0|0,0|995|274|721|1,30|4,27|9,52|92,44
2013-08-16 23:34:12,401|98,0|1,9|0,0|995|274|721|1,30|4,27|2,73|5,62
2013-08-16 23:34:12,406|95,9|4,0|0,0|995|279|716|1,30|4,27|0,06|0,00
2013-08-16 23:34:12,411|96,0|3,9|0,0|995|277|718|1,30|4,27|9,75|99,55
2013-08-16 23:34:12,416|100,0|0,0|0,0|995|277|717|1,30|4,27|4,67|7,50
2013-08-16 23:34:12,421|98,0|2,0|0,0|995|277|717|1,30|4,27|0,59|0,00
2013-08-16 23:34:12,426|98,0|2,0|0,0|995|278|716|1,30|4,27|8,72|101,97
2013-08-16 23:34:12,431|100,0|0,0|0,0|995|277|718|1,30|4,27|5,46|7,87
2013-08-16 23:34:12,436|90,1|7,8|0,0|995|277|717|1,30|4,27|0,59|2,18
2013-08-16 23:34:12,441|98,0|2,0|0,0|995|277|717|1,30|4,27|16,92|103,06
2013-08-16 23:34:12,446|4,0|8,0|88,0|995|277|718|1,30|4,27|3,63|0,06
2013-08-16 23:34:12,451|0,0|0,0|100,0|995|277|718|1,30|4,27|0,59|0,00
2013-08-16 23:34:12,456|0,0|0,0|100,0|995|276|718|1,30|4,27|0,41|0,00
