2013-09-12 21:54:16,578|0,0|0,0|100,0|995|915|80|204,55|8,83|1,39|0,00
2013-09-12 21:54:22,446|0,0|0,0|100,0|995|914|81|204,55|8,83|0,36|0,00
2013-09-12 21:54:27,965|0,0|0,0|100,0|995|914|81|204,54|8,83|0,55|0,00
2013-09-12 21:54:33,514|0,0|1,9|98,0|995|914|81|204,54|8,83|0,00|0,00
2013-09-12 21:54:39,061|0,0|0,0|100,0|995|914|80|204,54|8,83|0,46|1,64
2013-09-12 21:54:44,586|0,0|0,0|100,0|995|914|80|204,54|8,83|0,74|12,21
2013-09-12 21:54:50,087|0,0|0,0|100,0|995|914|80|204,54|8,83|0,06|0,00
2013-09-12 21:54:55,645|0,0|0,0|100,0|995|914|80|204,54|8,83|0,00|0,00
2013-09-12 21:55:01,183|0,0|0,0|100,0|995|914|80|204,54|8,83|0,15|0,00
2013-09-12 21:55:06,711|0,0|0,0|100,0|995|914|80|204,54|8,83|0,09|0,00
2013-09-12 21:55:12,295|0,0|0,0|100,0|995|914|80|204,54|8,83|0,00|0,00
2013-09-12 21:55:17,823|0,0|0,0|100,0|995|914|80|204,53|8,83|0,38|10,93
2013-09-12 21:55:23,410|0,0|0,0|100,0|995|914|80|204,53|8,83|0,96|12,52
2013-09-12 21:55:28,946|0,0|0,0|100,0|995|914|80|204,53|8,83|0,80|0,00
2013-09-12 21:55:34,465|10,0|0,0|88,0|995|914|80|204,53|8,83|0,51|0,00
2013-09-12 21:55:40,022|4,0|0,0|96,0|995|914|80|204,53|8,83|4,72|13,45
2013-09-12 21:55:45,578|0,0|0,0|100,0|995|914|80|204,53|8,83|9,22|18,72
2013-09-12 21:55:51,150|2,0|0,0|98,0|995|914|80|204,53|8,83|10,30|20,83
2013-09-12 21:55:56,700|2,0|0,0|98,0|995|914|80|204,53|8,83|4,80|16,45
2013-09-12 21:56:02,331|0,0|0,0|100,0|995|914|80|204,53|8,83|0,00|0,00
2013-09-12 21:56:07,853|0,0|0,0|100,0|995|914|80|204,52|8,83|4,70|4,99
2013-09-12 21:56:13,446|24,0|2,0|0,0|995|919|76|204,53|8,83|1,89|1,39
2013-09-12 21:56:19,252|32,0|12,0|0,0|995|913|81|204,53|8,83|0,21|0,00
2013-09-12 21:56:24,889|37,5|4,1|0,0|995|916|78|204,57|8,83|9,53|19,91
2013-09-12 21:56:30,696|68,6|7,8|0,0|995|920|75|204,80|8,83|0,00|0,00
2013-09-12 21:56:36,628|36,0|8,0|0,0|995|915|79|205,03|8,83|1,13|11,07
2013-09-12 21:56:42,750|48,9|4,0|0,0|995|918|77|205,14|8,83|4,53|13,45
2013-09-12 21:56:48,426|38,0|4,0|0,0|995|925|70|205,14|8,83|8,80|8,71
2013-09-12 21:56:54,287|60,0|4,0|0,0|995|924|70|205,20|8,83|4,35|3,87
2013-09-12 21:57:00,327|68,0|10,0|0,0|995|914|80|205,34|8,83|0,31|2,24
2013-09-12 21:57:06,415|57,1|10,2|0,0|995|920|75|205,52|8,83|0,18|0,00
2013-09-12 21:57:12,923|80,0|10,0|0,0|995|915|80|205,70|8,83|0,00|0,00
2013-09-12 21:57:18,823|6,0|6,0|88,0|995|913|81|205,75|8,83|4,53|13,61
2013-09-12 21:57:24,471|0,0|0,0|100,0|995|914|81|205,75|8,83|9,89|31,13
2013-09-12 21:57:30,086|62,7|3,9|0,0|995|924|71|205,76|8,83|3,72|5,20
2013-09-12 21:57:35,984|58,3|12,5|0,0|995|923|72|205,77|8,83|0,50|11,00
2013-09-12 21:57:41,652|76,0|8,0|0,0|995|916|79|205,92|8,83|9,84|30,95
2013-09-12 21:57:47,696|56,0|4,0|0,0|995|935|60|206,07|8,83|5,58|18,23
2013-09-12 21:57:53,887|94,0|4,0|0,0|995|931|64|206,18|8,83|5,52|9,37
2013-09-12 21:57:59,951|88,2|11,7|0,0|995|920|75|206,32|8,83|1,36|10,93
2013-09-12 21:58:05,886|2,0|6,1|91,8|995|916|79|206,35|8,83|4,97|24,74
2013-09-12 21:58:11,443|0,0|0,0|100,0|995|916|79|206,34|8,83|6,76|8,02
2013-09-12 21:58:17,075|4,0|6,0|90,0|995|916|79|206,34|8,83|1,20|0,00
2013-09-12 21:58:22,581|0,0|0,0|100,0|995|916|79|206,34|8,83|9,62|22,88
2013-09-12 21:58:28,132|2,0|0,0|94,0|995|916|79|206,34|8,83|1,83|2,38
2013-09-12 21:58:33,752|4,0|6,1|87,7|995|916|79|206,34|8,83|0,06|0,00
2013-09-12 21:58:39,324|0,0|0,0|100,0|995|916|79|206,34|8,83|9,67|31,77
2013-09-12 21:58:44,851|7,6|3,8|86,5|995|916|79|206,34|8,83|0,68|10,93
2013-09-12 21:58:50,436|2,0|0,0|98,0|995|917|78|206,34|8,83|7,61|19,64
2013-09-12 21:58:55,974|2,0|0,0|94,0|995|916|79|206,34|8,83|4,73|7,15
2013-09-12 21:59:01,550|4,0|6,1|89,7|995|916|79|206,33|8,83|4,53|14,01
2013-09-12 21:59:07,107|0,0|0,0|98,0|995|916|79|206,33|8,83|9,59|22,22
2013-09-12 21:59:12,713|48,9|0,0|0,0|995|913|82|206,34|8,83|1,67|1,30
2013-09-12 21:59:18,708|69,3|10,2|0,0|995|923|71|206,34|8,83|0,50|11,93
2013-09-12 21:59:24,514|76,0|2,0|0,0|995|925|70|206,38|8,83|9,52|33,13
2013-09-12 21:59:30,808|75,5|4,0|0,0|995|915|80|206,52|8,83|8,17|20,07
2013-09-12 21:59:36,823|78,0|6,0|0,0|995|926|69|206,66|8,83|9,13|21,85
2013-09-12 21:59:42,931|80,7|13,4|0,0|995|916|78|206,79|8,83|4,48|8,69
2013-09-12 21:59:49,008|90,0|8,0|0,0|995|925|70|206,88|8,83|0,21|0,00
2013-09-12 21:59:54,865|2,0|16,3|53,0|995|910|85|206,94|8,83|6,68|19,73
2013-09-12 22:00:00,615|1,9|0,0|98,0|995|910|85|206,94|8,83|4,89|14,03
2013-09-12 22:00:06,224|4,0|6,0|90,0|995|910|84|206,94|8,83|5,82|25,24
2013-09-12 22:00:11,779|34,7|4,3|0,0|995|916|79|206,94|8,83|4,93|8,02
2013-09-12 22:00:17,655|46,9|6,1|0,0|995|920|74|206,94|8,83|5,79|14,31
2013-09-12 22:00:23,295|76,4|3,9|0,0|995|915|79|207,03|8,83|4,99|8,17
2013-09-12 22:00:29,655|49,0|11,7|0,0|995|932|63|207,27|8,83|0,36|0,00
2013-09-12 22:00:36,071|11,7|5,8|0,0|995|932|63|207,35|8,83|0,90|10,93
2013-09-12 22:00:42,519|3,8|9,6|0,0|995|915|80|207,50|8,83|4,91|26,00
2013-09-12 22:00:48,275|0,0|2,0|98,0|995|913|82|207,50|8,83|4,07|14,28
2013-09-12 22:00:53,870|8,0|4,0|86,0|995|913|82|207,49|8,83|5,31|14,42
2013-09-12 22:00:59,439|0,0|0,0|100,0|995|913|82|207,49|8,83|0,15|0,00
2013-09-12 22:01:05,051|4,0|4,0|92,0|995|913|82|207,49|8,83|4,53|14,42
2013-09-12 22:01:10,595|0,0|2,0|98,0|995|913|82|207,49|8,83|0,29|0,00
2013-09-12 22:01:16,226|2,0|0,0|97,9|995|914|80|207,49|8,83|7,48|21,84
2013-09-12 22:01:21,794|0,0|0,0|100,0|995|913|81|207,49|8,83|3,11|13,12
2013-09-12 22:01:27,397|4,0|4,0|91,8|995|913|81|207,49|8,83|4,98|25,35
2013-09-12 22:01:32,961|0,0|2,0|98,0|995|913|81|207,49|8,83|1,89|1,46
2013-09-12 22:01:38,581|6,1|2,0|91,8|995|913|81|207,49|8,83|4,65|14,42
2013-09-12 22:01:44,104|0,0|0,0|100,0|995|913|81|207,48|8,83|1,89|1,46
2013-09-12 22:01:49,708|4,1|4,1|91,6|995|913|81|207,48|8,83|4,59|14,42
2013-09-12 22:01:55,232|0,0|0,0|100,0|995|913|81|207,48|8,83|2,82|13,37
2013-09-12 22:02:00,835|2,0|4,0|94,0|995|913|81|207,48|8,83|5,34|26,20
2013-09-12 22:02:06,415|0,0|0,0|100,0|995|913|81|207,48|8,83|2,35|3,49
2013-09-12 22:02:12,023|0,0|0,0|100,0|995|914|80|207,48|8,83|7,74|22,56
2013-09-12 22:02:17,592|4,0|4,0|92,0|995|913|81|207,48|8,83|1,20|0,00
2013-09-12 22:02:23,198|0,0|0,0|100,0|995|913|81|207,48|8,83|0,41|0,00
