2014-06-15 10:00:17,127|0,0|1,9|98,0|1678|557|1121|0,10|1247,33|0,00|0,00
2014-06-15 10:00:22,866|0,0|0,0|100,0|1678|555|1122|0,10|1247,21|0,00|0,00
2014-06-15 10:00:28,645|0,0|0,0|100,0|1678|555|1122|0,10|1247,09|0,00|0,00
2014-06-15 10:00:34,440|0,0|0,0|100,0|1678|555|1122|0,10|1246,97|0,00|0,00
2014-06-15 10:00:40,214|0,0|0,0|100,0|1678|555|1122|0,10|1246,85|0,00|0,00
2014-06-15 10:00:46,010|0,0|0,0|100,0|1678|555|1122|0,10|1246,73|0,00|0,00
2014-06-15 10:00:51,790|0,0|0,0|100,0|1678|555|1122|0,10|1246,61|0,00|0,00
2014-06-15 10:00:57,557|1,9|0,0|98,0|1678|557|1120|0,10|1246,49|0,51|1,02
2014-06-15 10:01:03,461|0,0|0,0|100,0|1678|555|1122|0,10|1246,37|0,00|0,00
2014-06-15 10:01:09,241|0,0|0,0|100,0|1678|555|1122|0,10|1246,25|0,00|0,00
2014-06-15 10:01:15,161|0,0|0,0|100,0|1678|557|1120|0,10|1246,12|2,87|155,85
2014-06-15 10:01:20,993|0,0|0,0|100,0|1678|555|1122|0,10|1246,00|0,00|0,00
2014-06-15 10:01:26,875|0,0|1,9|98,0|1678|555|1122|0,10|1245,88|3,63|0,00
2014-06-15 10:01:32,658|0,0|0,0|100,0|1678|555|1122|0,10|1245,76|0,00|0,00
2014-06-15 10:01:38,443|0,0|0,0|100,0|1678|555|1122|0,10|1245,64|0,00|0,00
2014-06-15 10:01:44,323|0,0|1,9|98,0|1678|555|1122|0,10|1245,52|0,00|0,00
2014-06-15 10:01:50,070|1,9|0,0|98,0|1678|555|1122|0,10|1245,40|0,00|0,00
2014-06-15 10:01:55,802|0,0|0,0|100,0|1678|555|1122|0,10|1245,28|0,00|0,00
2014-06-15 10:02:01,681|0,0|0,0|100,0|1678|555|1122|0,10|1245,16|0,00|0,00
2014-06-15 10:02:07,528|0,0|0,0|100,0|1678|555|1122|0,10|1245,04|0,00|0,00
2014-06-15 10:02:13,345|0,0|0,0|100,0|1678|555|1122|0,10|1244,91|0,00|0,00
2014-06-15 10:02:19,234|0,0|0,0|100,0|1678|555|1122|0,10|1244,79|0,00|0,00
2014-06-15 10:02:25,052|0,0|1,9|98,0|1678|557|1120|0,10|1244,67|0,52|0,38
2014-06-15 10:02:31,107|0,0|0,0|100,0|1678|555|1122|0,10|1244,55|0,00|0,00
2014-06-15 10:02:37,002|0,0|0,0|100,0|1678|555|1122|0,10|1244,42|0,07|0,07
2014-06-15 10:02:42,827|0,0|0,0|100,0|1678|557|1120|0,10|1244,30|2,75|38,67
2014-06-15 10:02:48,714|0,0|0,0|100,0|1678|555|1122|0,10|1244,18|0,00|0,00
2014-06-15 10:02:54,562|0,0|0,0|100,0|1678|555|1122|0,10|1244,06|0,00|0,00
2014-06-15 10:03:00,371|0,0|0,0|100,0|1678|556|1121|0,10|1243,94|0,47|0,45
2014-06-15 10:03:06,250|0,0|0,0|100,0|1678|555|1122|0,10|1243,82|0,00|0,00
2014-06-15 10:03:12,086|0,0|0,0|100,0|1678|555|1122|0,10|1243,70|0,40|1,01
2014-06-15 10:03:17,971|0,0|0,0|100,0|1678|556|1121|0,10|1243,58|1,38|0,68
2014-06-15 10:03:23,958|0,0|0,0|100,0|1678|555|1122|0,10|1243,45|0,00|0,00
2014-06-15 10:03:29,823|0,0|0,0|100,0|1678|555|1122|0,10|1243,33|0,00|0,00
2014-06-15 10:03:35,654|1,9|0,0|94,1|1678|557|1121|0,10|1243,21|0,39|0,38
2014-06-15 10:03:41,490|0,0|0,0|96,0|1678|555|1122|0,10|1243,09|0,00|0,00
2014-06-15 10:03:47,295|0,0|0,0|100,0|1678|555|1122|0,10|1242,97|0,00|0,00
2014-06-15 10:03:53,154|72,0|22,0|6,0|1678|557|1121|0,10|1242,85|0,49|15,04
2014-06-15 10:03:58,999|0,0|0,0|100,0|1678|555|1122|0,10|1242,73|0,00|0,00
2014-06-15 10:04:04,784|15,3|3,8|78,8|1678|556|1121|0,10|1242,60|2,37|3,32
2014-06-15 10:04:11,414|60,0|40,0|0,0|1678|563|1115|0,10|1242,46|2,20|1,99
2014-06-15 10:04:18,478|52,9|45,0|0,0|1678|566|1111|0,10|1242,31|2,66|2,45
2014-06-15 10:04:25,572|52,9|47,0|0,0|1678|567|1110|0,10|1242,16|4,49|2,24
2014-06-15 10:04:32,675|52,0|48,0|0,0|1678|573|1104|0,10|1242,02|0,00|0,00
2014-06-15 10:04:39,762|52,9|47,0|0,0|1678|573|1104|0,10|1241,87|0,30|1,96
2014-06-15 10:04:46,918|52,0|48,0|0,0|1678|572|1105|0,10|1241,72|0,00|0,00
2014-06-15 10:04:53,990|54,0|46,0|0,0|1678|570|1108|0,10|1241,58|0,13|0,13
2014-06-15 10:05:01,131|51,9|46,1|0,0|1678|581|1096|0,10|1241,43|5,40|153,43
2014-06-15 10:05:08,387|54,9|45,0|0,0|1678|584|1094|0,10|1241,28|0,00|0,00
2014-06-15 10:05:15,507|54,0|46,0|0,0|1678|581|1097|0,10|1241,13|0,33|0,67
2014-06-15 10:05:22,832|54,9|45,0|0,0|1678|579|1099|0,10|1240,98|0,00|0,00
2014-06-15 10:05:29,955|56,8|43,1|0,0|1678|589|1089|0,10|1240,84|0,00|0,00
2014-06-15 10:05:37,115|57,9|42,0|0,0|1678|585|1092|0,10|1240,69|1,17|0,44
2014-06-15 10:05:44,176|56,8|43,1|0,0|1678|574|1103|0,10|1240,54|0,00|0,00
2014-06-15 10:05:51,280|58,8|41,1|0,0|1678|573|1105|0,10|1240,40|3,50|2,89
2014-06-15 10:05:58,391|58,8|41,1|0,0|1678|571|1107|0,10|1240,25|3,27|3,69
2014-06-15 10:06:05,519|45,0|1,9|52,9|1678|562|1115|0,10|1240,11|0,14|0,18
2014-06-15 10:06:11,612|0,0|1,9|98,0|1678|565|1113|0,10|1239,99|1,23|0,38
2014-06-15 10:06:17,413|60,0|40,0|0,0|1678|565|1113|0,10|1239,86|1,85|1,85
2014-06-15 10:06:24,569|57,9|42,0|0,0|1678|572|1105|0,10|1239,71|3,69|2,84
2014-06-15 10:06:31,907|56,0|44,0|0,0|1678|588|1089|0,10|1239,56|2,60|2,99
2014-06-15 10:06:39,003|54,0|46,0|0,0|1678|580|1097|0,10|1239,41|0,88|0,67
2014-06-15 10:06:46,115|52,0|48,0|0,0|1678|573|1105|0,10|1239,27|0,00|0,00
2014-06-15 10:06:53,263|52,0|48,0|0,0|1678|570|1107|0,10|1239,12|0,00|0,00
2014-06-15 10:07:00,364|56,0|44,0|0,0|1678|595|1083|0,10|1238,97|5,24|8,49
2014-06-15 10:07:07,532|56,8|43,1|0,0|1678|618|1059|0,10|1238,83|0,00|0,00
2014-06-15 10:07:14,604|54,9|45,0|0,0|1678|616|1062|0,10|1238,68|1,73|2,37
2014-06-15 10:07:21,748|58,8|41,1|0,0|1678|610|1067|0,10|1238,54|0,40|1,01
2014-06-15 10:07:28,823|56,8|43,1|0,0|1678|604|1074|0,10|1238,39|0,06|0,06
2014-06-15 10:07:35,896|57,1|42,8|0,0|1678|601|1076|0,10|1238,24|0,64|5,92
2014-06-15 10:07:43,012|57,9|42,0|0,0|1678|593|1084|0,10|1238,10|0,00|0,00
2014-06-15 10:07:50,064|56,8|43,1|0,0|1678|595|1083|0,10|1237,95|0,33|0,67
2014-06-15 10:07:57,278|57,9|42,0|0,0|1678|591|1086|0,10|1237,81|0,00|0,00
2014-06-15 10:08:04,357|57,9|42,0|0,0|1678|582|1095|0,10|1237,66|0,00|0,00
2014-06-15 10:08:11,408|56,8|43,1|0,0|1678|578|1100|0,10|1237,51|3,06|3,00
2014-06-15 10:08:18,613|58,8|41,1|0,0|1678|574|1103|0,10|1237,37|0,51|0,51
2014-06-15 10:08:25,693|58,8|41,1|0,0|1678|573|1104|0,10|1237,22|4,56|0,65
2014-06-15 10:08:32,780|62,0|38,0|0,0|1678|572|1106|0,10|1237,08|0,00|0,00
2014-06-15 10:08:39,860|60,7|39,2|0,0|1678|568|1109|0,10|1236,93|1,62|4,42
2014-06-15 10:08:46,500|0,0|0,0|100,0|1678|562|1116|0,10|1236,81|0,00|0,00
2014-06-15 10:08:52,238|0,0|0,0|100,0|1678|561|1116|0,10|1236,69|0,00|0,00
2014-06-15 10:08:57,972|0,0|0,0|100,0|1678|562|1115|0,10|1236,58|1,67|2,72
2014-06-15 10:09:03,816|0,0|0,0|98,0|1678|562|1116|0,10|1236,46|0,00|0,00
2014-06-15 10:09:09,604|0,0|1,9|98,0|1678|562|1116|0,10|1236,34|0,00|0,00
2014-06-15 10:09:15,452|0,0|0,0|100,0|1678|562|1115|0,10|1236,22|0,47|0,45
2014-06-15 10:09:21,350|0,0|0,0|100,0|1678|561|1116|0,10|1236,10|0,00|0,00
2014-06-15 10:09:27,137|0,0|0,0|100,0|1678|561|1117|0,10|1235,98|2,91|0,45
2014-06-15 10:09:32,889|0,0|2,0|98,0|1678|561|1116|0,10|1235,86|1,30|0,58
2014-06-15 10:09:38,676|0,0|0,0|100,0|1678|559|1118|0,10|1235,74|0,00|0,00
2014-06-15 10:09:44,474|0,0|0,0|100,0|1678|559|1118|0,10|1235,62|0,00|0,00
2014-06-15 10:09:50,240|25,0|9,6|65,3|1678|561|1117|0,10|1235,51|0,43|7,55
2014-06-15 10:09:56,038|0,0|1,9|98,0|1678|559|1118|0,10|1235,39|0,00|0,00
2014-06-15 10:10:01,818|0,0|0,0|100,0|1678|559|1118|0,10|1235,27|0,00|0,00
2014-06-15 10:10:07,610|0,0|0,0|100,0|1678|561|1116|0,10|1235,15|3,64|185,35
2014-06-15 10:10:13,578|0,0|0,0|100,0|1678|559|1118|0,10|1235,03|0,00|0,00
2014-06-15 10:10:19,505|0,0|0,0|100,0|1678|559|1118|0,10|1234,91|0,14|0,18
2014-06-15 10:10:25,293|0,0|0,0|100,0|1678|559|1118|0,10|1234,79|0,00|0,00
2014-06-15 10:10:31,074|0,0|0,0|100,0|1678|559|1118|0,10|1234,67|0,00|0,00
2014-06-15 10:10:36,926|0,0|1,9|98,0|1678|559|1118|0,10|1234,55|0,00|0,00
2014-06-15 10:10:42,733|28,5|12,2|59,1|1678|561|1117|0,10|1234,43|0,68|15,13
2014-06-15 10:10:48,549|0,0|0,0|100,0|1678|559|1118|0,10|1234,32|0,00|0,00
2014-06-15 10:10:54,376|0,0|0,0|100,0|1678|559|1118|0,10|1234,20|0,00|0,00
2014-06-15 10:11:00,242|1,9|0,0|98,0|1678|561|1117|0,10|1234,07|0,65|0,38
2014-06-15 10:11:06,177|0,0|1,9|98,0|1678|559|1118|0,10|1233,96|0,00|0,00
2014-06-15 10:11:11,897|0,0|0,0|100,0|1678|559|1118|0,10|1233,84|0,00|0,00
2014-06-15 10:11:17,709|24,0|10,0|66,0|1678|561|1117|0,10|1233,72|0,81|44,46
2014-06-15 10:11:23,446|0,0|0,0|100,0|1678|559|1118|0,10|1233,60|0,00|0,00
2014-06-15 10:11:29,213|0,0|0,0|100,0|1678|559|1118|0,10|1233,49|0,00|0,00
2014-06-15 10:11:34,982|0,0|0,0|100,0|1678|561|1117|0,10|1233,37|0,65|0,38
2014-06-15 10:11:40,869|0,0|0,0|100,0|1678|559|1118|0,10|1233,25|0,00|0,00
2014-06-15 10:11:46,611|0,0|0,0|100,0|1678|559|1118|0,10|1233,13|0,00|0,00
2014-06-15 10:11:52,345|8,0|4,0|88,0|1678|563|1115|0,10|1233,02|0,57|0,41
2014-06-15 10:11:58,128|0,0|0,0|100,0|1678|559|1118|0,10|1232,90|0,00|0,00
2014-06-15 10:12:03,902|0,0|0,0|100,0|1678|559|1118|0,10|1232,78|0,00|0,00
2014-06-15 10:12:09,686|64,0|18,0|18,0|1678|565|1112|0,10|1232,66|0,43|9,67
2014-06-15 10:12:15,503|0,0|0,0|100,0|1678|559|1118|0,10|1232,54|0,00|0,00
2014-06-15 10:12:21,350|1,9|0,0|98,0|1678|559|1118|0,10|1232,43|0,00|0,00
2014-06-15 10:12:27,087|0,0|0,0|100,0|1678|560|1117|0,10|1232,31|5,20|0,68
2014-06-15 10:12:33,006|0,0|0,0|100,0|1678|559|1118|0,10|1232,19|0,00|0,00
2014-06-15 10:12:38,815|0,0|0,0|100,0|1678|559|1118|0,10|1232,07|0,00|0,00
2014-06-15 10:12:44,589|0,0|0,0|100,0|1678|560|1117|0,10|1231,95|1,38|0,68
2014-06-15 10:12:50,608|0,0|0,0|100,0|1678|559|1118|0,10|1231,83|0,00|0,00
2014-06-15 10:12:56,413|0,0|1,9|98,0|1678|559|1118|0,10|1231,71|3,62|0,00
2014-06-15 10:13:02,304|1,9|1,9|96,0|1678|560|1117|0,10|1231,59|1,59|0,56
2014-06-15 10:13:08,192|0,0|0,0|100,0|1678|559|1118|0,10|1231,47|0,00|0,00
2014-06-15 10:13:14,030|0,0|0,0|100,0|1678|559|1118|0,10|1231,36|0,40|1,01
2014-06-15 10:13:19,837|1,9|1,9|96,0|1678|560|1117|0,10|1231,24|1,58|0,56
2014-06-15 10:13:25,680|0,0|0,0|100,0|1678|559|1118|0,10|1231,12|0,00|0,00
2014-06-15 10:13:31,527|0,0|1,9|98,0|1678|559|1118|0,10|1231,00|0,00|0,00
2014-06-15 10:13:37,239|0,0|0,0|100,0|1678|559|1118|0,10|1230,88|0,07|0,07
2014-06-15 10:13:43,066|0,0|1,9|98,0|1678|561|1116|0,10|1230,77|3,43|97,38
2014-06-15 10:13:48,800|0,0|0,0|100,0|1678|559|1118|0,10|1230,65|0,00|0,00
2014-06-15 10:13:54,532|0,0|0,0|100,0|1678|559|1118|0,10|1230,53|0,00|0,00
2014-06-15 10:14:00,392|0,0|1,9|98,0|1678|561|1117|0,10|1230,41|0,35|0,13
2014-06-15 10:14:06,155|0,0|0,0|100,0|1678|559|1118|0,10|1230,30|0,00|0,00
2014-06-15 10:14:11,936|0,0|1,9|98,0|1678|559|1118|0,10|1230,18|0,00|0,00
2014-06-15 10:14:17,859|52,0|16,0|32,0|1678|561|1117|0,10|1230,06|0,81|44,48
2014-06-15 10:14:23,719|0,0|0,0|100,0|1678|559|1118|0,10|1229,94|0,00|0,00
2014-06-15 10:14:29,560|0,0|0,0|100,0|1678|559|1118|0,10|1229,82|0,40|1,01
2014-06-15 10:14:35,388|0,0|0,0|100,0|1678|560|1117|0,10|1229,70|0,00|0,00
2014-06-15 10:14:41,236|32,0|12,0|56,0|1678|561|1117|0,10|1229,59|0,67|11,67
2014-06-15 10:14:47,091|0,0|0,0|100,0|1678|559|1118|0,10|1229,47|0,00|0,00
2014-06-15 10:14:52,909|0,0|0,0|100,0|1678|559|1118|0,10|1229,35|0,00|0,00
2014-06-15 10:14:58,751|0,0|0,0|100,0|1678|560|1117|0,10|1229,23|1,49|0,98
2014-06-15 10:15:05,011|0,0|1,9|98,0|1678|559|1118|0,10|1229,11|0,00|0,00
2014-06-15 10:15:10,829|0,0|0,0|100,0|1678|559|1118|0,10|1228,99|0,00|0,00
2014-06-15 10:15:16,672|1,9|0,0|98,0|1678|560|1117|0,10|1228,87|1,38|0,68
2014-06-15 10:15:22,936|0,0|0,0|100,0|1678|559|1118|0,10|1228,74|0,00|0,00
2014-06-15 10:15:28,801|0,0|0,0|100,0|1678|559|1118|0,10|1228,62|0,00|0,00
2014-06-15 10:15:34,741|1,9|1,9|96,0|1678|560|1117|0,10|1228,50|1,58|0,56
2014-06-15 10:15:40,684|0,0|0,0|100,0|1678|559|1118|0,10|1228,39|0,00|0,00
2014-06-15 10:15:46,443|0,0|1,9|98,0|1678|559|1118|0,10|1228,27|0,00|0,00
2014-06-15 10:15:52,209|1,9|1,9|96,1|1678|560|1117|0,10|1228,15|1,67|2,27
2014-06-15 10:15:58,141|1,9|0,0|98,0|1678|559|1118|0,10|1228,03|0,00|0,00
2014-06-15 10:16:03,952|0,0|0,0|100,0|1678|559|1118|0,10|1227,91|0,00|0,00
2014-06-15 10:16:09,767|0,0|0,0|100,0|1678|559|1118|0,10|1227,80|0,47|1,08
2014-06-15 10:16:15,634|0,0|0,0|100,0|1678|561|1116|0,10|1227,68|3,97|103,39
2014-06-15 10:16:21,493|0,0|0,0|100,0|1678|559|1118|0,10|1227,56|0,00|0,00
2014-06-15 10:16:27,305|0,0|1,9|98,0|1678|559|1118|0,10|1227,44|0,00|0,00
2014-06-15 10:16:33,113|0,0|0,0|100,0|1678|561|1117|0,10|1227,33|0,42|0,13
2014-06-15 10:16:38,916|0,0|0,0|100,0|1678|559|1118|0,10|1227,21|0,00|0,00
2014-06-15 10:16:44,780|0,0|0,0|98,0|1678|559|1118|0,10|1227,09|0,00|0,00
2014-06-15 10:16:50,707|60,0|18,0|22,0|1678|561|1117|0,10|1226,97|0,49|15,10
2014-06-15 10:16:56,564|0,0|1,9|98,0|1678|559|1118|0,10|1226,85|3,63|0,00
2014-06-15 10:17:02,386|0,0|0,0|100,0|1678|559|1118|0,10|1226,74|0,00|0,00
2014-06-15 10:17:08,233|69,3|30,6|0,0|1678|575|1102|0,10|1226,62|3,07|3,18
2014-06-15 10:17:14,751|57,9|42,0|0,0|1678|570|1108|0,10|1226,47|1,86|1,86
2014-06-15 10:17:21,824|56,0|44,0|0,0|1678|568|1109|0,10|1226,33|5,99|5,99
2014-06-15 10:17:28,880|53,0|46,9|0,0|1678|573|1105|0,10|1226,19|3,60|134,64
2014-06-15 10:17:36,098|50,0|50,0|0,0|1678|568|1110|0,10|1226,05|2,92|2,92
2014-06-15 10:17:43,164|52,0|48,0|0,0|1678|570|1107|0,10|1225,90|1,80|2,40
2014-06-15 10:17:50,316|54,0|46,0|0,0|1678|593|1084|0,10|1225,76|0,27|0,14
2014-06-15 10:17:57,443|55,1|44,8|0,0|1678|587|1090|0,10|1225,62|0,75|0,75
2014-06-15 10:18:04,488|54,0|46,0|0,0|1678|592|1086|0,10|1225,47|2,06|1,48
2014-06-15 10:18:11,568|54,0|46,0|0,0|1678|586|1091|0,10|1225,33|2,09|5,59
2014-06-15 10:18:18,629|56,0|44,0|0,0|1678|587|1090|0,10|1225,19|0,00|0,00
2014-06-15 10:18:25,713|57,9|42,0|0,0|1678|585|1092|0,10|1225,05|5,86|2,24
2014-06-15 10:18:32,752|62,0|38,0|0,0|1678|584|1093|0,10|1224,91|0,00|0,00
2014-06-15 10:18:39,834|96,0|4,0|0,0|1678|579|1099|0,10|1224,77|6,26|7,44
2014-06-15 10:18:46,257|0,0|1,9|98,0|1678|570|1108|0,10|1224,65|0,00|0,00
2014-06-15 10:18:52,117|0,0|1,9|98,0|1678|569|1109|0,10|1224,53|0,00|0,00
2014-06-15 10:18:57,852|0,0|0,0|100,0|1678|570|1108|0,10|1224,41|0,33|0,67
2014-06-15 10:19:03,646|0,0|0,0|100,0|1678|569|1109|0,10|1224,30|2,74|2,93
2014-06-15 10:19:10,149|57,9|42,0|0,0|1678|573|1104|0,10|1224,15|1,85|1,85
2014-06-15 10:19:17,266|54,9|45,0|0,0|1678|577|1101|0,10|1224,01|3,43|2,54
2014-06-15 10:19:24,442|53,0|46,9|0,0|1678|576|1101|0,10|1223,87|1,85|1,85
2014-06-15 10:19:31,537|52,0|48,0|0,0|1678|577|1100|0,10|1223,73|0,00|0,00
2014-06-15 10:19:38,681|55,1|44,8|0,0|1678|595|1082|0,10|1223,58|0,46|0,38
2014-06-15 10:19:46,011|54,9|45,0|0,0|1678|599|1079|0,10|1223,44|0,00|0,00
2014-06-15 10:19:53,115|54,0|46,0|0,0|1678|593|1085|0,10|1223,29|1,59|1,94
2014-06-15 10:20:00,253|56,0|44,0|0,0|1678|593|1085|0,10|1223,15|0,00|0,00
2014-06-15 10:20:07,325|56,0|44,0|0,0|1678|587|1091|0,10|1223,01|0,75|0,75
2014-06-15 10:20:14,389|56,8|43,1|0,0|1678|585|1092|0,10|1222,87|2,26|1,66
2014-06-15 10:20:21,637|58,8|41,1|0,0|1678|584|1094|0,10|1222,72|2,25|2,25
2014-06-15 10:20:28,705|57,6|40,3|0,0|1678|581|1096|0,10|1222,58|0,00|0,00
2014-06-15 10:20:35,865|62,0|38,0|0,0|1678|581|1096|0,10|1222,43|4,76|104,18
2014-06-15 10:20:43,149|64,0|36,0|0,0|1678|576|1101|0,10|1222,29|0,51|0,51
2014-06-15 10:20:50,242|0,0|0,0|100,0|1678|569|1108|0,10|1222,16|0,07|0,07
2014-06-15 10:20:56,078|0,0|1,9|98,0|1678|569|1108|0,10|1222,05|0,43|0,00
2014-06-15 10:21:01,851|0,0|0,0|100,0|1678|569|1108|0,10|1221,93|0,00|0,00
2014-06-15 10:21:07,635|0,0|0,0|100,0|1678|569|1108|0,10|1221,82|0,00|0,00
2014-06-15 10:21:13,489|0,0|0,0|100,0|1678|571|1107|0,10|1221,70|4,97|48,93
2014-06-15 10:21:20,082|57,6|42,3|0,0|1678|573|1104|0,10|1221,55|4,77|4,84
2014-06-15 10:21:27,175|56,0|44,0|0,0|1678|576|1101|0,10|1221,41|4,19|4,54
2014-06-15 10:21:34,344|50,0|48,0|0,0|1678|603|1074|0,10|1221,27|1,85|1,85
2014-06-15 10:21:41,465|56,0|44,0|0,0|1678|609|1068|0,10|1221,13|0,00|0,00
2014-06-15 10:21:48,658|56,0|44,0|0,0|1678|602|1075|0,10|1220,98|1,77|1,17
2014-06-15 10:21:55,742|54,9|45,0|0,0|1678|598|1079|0,10|1220,84|3,62|0,00
2014-06-15 10:22:02,830|54,0|46,0|0,0|1678|589|1089|0,10|1220,70|0,00|0,00
2014-06-15 10:22:09,938|54,0|46,0|0,0|1678|582|1095|0,10|1220,56|0,52|0,38
2014-06-15 10:22:17,218|52,9|47,0|0,0|1678|577|1101|0,10|1220,41|9,76|9,76
2014-06-15 10:22:24,322|57,9|42,0|0,0|1678|588|1089|0,10|1220,27|1,67|2,02
2014-06-15 10:22:31,426|56,8|43,1|0,0|1678|587|1091|0,10|1220,13|0,00|0,00
2014-06-15 10:22:38,519|59,1|40,8|0,0|1678|581|1096|0,10|1219,99|0,75|0,75
2014-06-15 10:22:45,630|58,8|41,1|0,0|1678|579|1099|0,10|1219,85|2,77|1,88
2014-06-15 10:22:52,767|60,7|39,2|0,0|1678|575|1102|0,10|1219,70|0,00|0,00
2014-06-15 10:22:59,839|0,0|0,0|100,0|1678|568|1109|0,10|1219,58|0,00|0,00
2014-06-15 10:23:05,676|1,9|0,0|92,1|1678|570|1107|0,10|1219,46|1,56|0,72
2014-06-15 10:23:11,494|0,0|0,0|95,9|1678|568|1109|0,10|1219,34|0,00|0,00
2014-06-15 10:23:17,332|0,0|1,9|94,2|1678|568|1109|0,10|1219,23|0,00|0,00
2014-06-15 10:23:23,156|0,0|1,9|98,0|1678|568|1109|0,10|1219,11|1,99|2,35
2014-06-15 10:23:29,828|60,0|40,0|0,0|1678|574|1104|0,10|1218,97|3,47|3,47
2014-06-15 10:23:36,904|56,0|44,0|0,0|1678|575|1102|0,10|1218,83|1,85|1,85
2014-06-15 10:23:43,992|60,7|39,2|0,0|1678|607|1070|0,10|1218,69|2,39|43,18
2014-06-15 10:23:51,095|54,9|45,0|0,0|1678|599|1078|0,10|1218,54|0,00|0,00
2014-06-15 10:23:58,227|54,0|46,0|0,0|1678|591|1086|0,10|1218,40|0,00|0,00
2014-06-15 10:24:05,355|54,0|46,0|0,0|1678|585|1093|0,10|1218,26|0,00|0,00
2014-06-15 10:24:12,503|54,0|46,0|0,0|1678|579|1099|0,10|1218,12|0,00|0,00
2014-06-15 10:24:19,683|56,8|43,1|0,0|1678|593|1084|0,10|1217,98|3,20|2,18
2014-06-15 10:24:26,747|59,6|40,3|0,0|1678|602|1076|0,10|1217,83|0,00|0,00
2014-06-15 10:24:33,903|58,8|41,1|0,0|1678|594|1083|0,10|1217,69|0,00|0,00
2014-06-15 10:24:40,992|58,8|41,1|0,0|1678|597|1081|0,10|1217,55|1,29|0,53
2014-06-15 10:24:48,123|58,8|41,1|0,0|1678|589|1088|0,10|1217,41|0,00|0,00
2014-06-15 10:24:55,223|60,7|39,2|0,0|1678|584|1093|0,10|1217,27|0,00|0,00
2014-06-15 10:25:02,421|60,7|39,2|0,0|1678|580|1098|0,10|1217,13|2,10|104,04
2014-06-15 10:25:09,535|96,0|3,9|0,0|1678|569|1108|0,10|1216,99|0,00|0,00
2014-06-15 10:25:15,664|60,7|39,2|0,0|1678|573|1105|0,10|1216,86|2,72|2,72
2014-06-15 10:25:22,932|56,8|43,1|0,0|1678|575|1103|0,10|1216,72|2,38|2,23
2014-06-15 10:25:30,182|58,8|41,1|0,0|1678|611|1066|0,10|1216,58|1,86|1,86
2014-06-15 10:25:37,272|54,9|45,0|0,0|1678|605|1072|0,10|1216,44|0,00|0,00
2014-06-15 10:25:44,361|54,9|45,0|0,0|1678|600|1078|0,10|1216,30|1,17|0,38
2014-06-15 10:25:51,489|54,9|45,0|0,0|1678|594|1083|0,10|1216,16|0,00|0,00
2014-06-15 10:25:58,568|54,0|46,0|0,0|1678|585|1092|0,10|1216,02|1,59|0,56
2014-06-15 10:26:05,630|54,0|46,0|0,0|1678|578|1100|0,10|1215,88|2,18|2,18
2014-06-15 10:26:12,748|57,9|42,0|0,0|1678|588|1090|0,10|1215,73|0,26|0,26
2014-06-15 10:26:19,976|57,9|42,0|0,0|1678|591|1086|0,10|1215,59|1,30|0,64
2014-06-15 10:26:27,072|57,9|42,0|0,0|1678|581|1096|0,10|1215,45|0,00|0,00
2014-06-15 10:26:34,160|58,8|41,1|0,0|1678|577|1100|0,10|1215,31|1,50|1,50
2014-06-15 10:26:41,260|62,0|38,0|0,0|1678|579|1099|0,10|1215,17|4,85|4,63
2014-06-15 10:26:48,518|62,0|38,0|0,0|1678|578|1099|0,10|1215,03|0,39|0,39
2014-06-15 10:26:55,564|54,0|0,0|46,0|1678|568|1109|0,10|1214,90|0,00|0,00
2014-06-15 10:27:01,602|0,0|1,9|98,0|1678|568|1109|0,10|1214,78|0,30|1,96
2014-06-15 10:27:07,453|0,0|1,9|98,0|1678|571|1107|0,10|1214,66|1,36|0,38
2014-06-15 10:27:13,285|0,0|0,0|100,0|1678|568|1110|0,10|1214,55|0,00|0,00
2014-06-15 10:27:19,223|0,0|0,0|100,0|1678|568|1110|0,10|1214,43|0,00|0,00
2014-06-15 10:27:25,075|62,0|38,0|0,0|1678|569|1108|0,10|1214,31|3,48|3,48
2014-06-15 10:27:32,204|57,9|42,0|0,0|1678|574|1103|0,10|1214,17|4,07|4,35
2014-06-15 10:27:39,413|54,9|45,0|0,0|1678|582|1096|0,10|1214,02|1,85|1,85
2014-06-15 10:27:46,544|53,0|46,9|0,0|1678|573|1105|0,10|1213,88|1,86|1,86
2014-06-15 10:27:53,614|54,0|46,0|0,0|1678|586|1091|0,10|1213,74|1,64|1,04
2014-06-15 10:28:00,750|54,0|46,0|0,0|1678|591|1086|0,10|1213,60|0,00|0,00
2014-06-15 10:28:07,822|56,0|44,0|0,0|1678|592|1085|0,10|1213,46|0,75|0,75
2014-06-15 10:28:14,897|58,8|41,1|0,0|1678|600|1078|0,10|1213,32|0,54|21,06
2014-06-15 10:28:22,053|56,0|44,0|0,0|1678|591|1086|0,10|1213,18|0,00|0,00
2014-06-15 10:28:29,117|56,0|44,0|0,0|1678|584|1093|0,10|1213,04|1,41|1,41
2014-06-15 10:28:36,193|53,8|44,2|0,0|1678|588|1089|0,10|1212,90|2,51|32,91
2014-06-15 10:28:43,329|56,0|44,0|0,0|1678|582|1095|0,10|1212,76|3,89|3,89
2014-06-15 10:28:50,469|57,9|42,0|0,0|1678|580|1098|0,10|1212,62|0,14|0,07
2014-06-15 10:28:57,545|62,0|38,0|0,0|1678|579|1099|0,10|1212,48|0,00|0,00
2014-06-15 10:29:04,625|52,9|1,9|45,0|1678|569|1108|0,10|1212,35|0,00|0,00
2014-06-15 10:29:10,835|0,0|1,9|98,0|1678|569|1108|0,10|1212,23|3,16|3,46
2014-06-15 10:29:17,253|60,0|40,0|0,0|1678|578|1099|0,10|1212,09|2,69|2,62
2014-06-15 10:29:24,351|57,9|42,0|0,0|1678|591|1087|0,10|1211,96|1,85|1,85
2014-06-15 10:29:31,473|54,0|46,0|0,0|1678|581|1096|0,10|1211,82|3,44|3,79
2014-06-15 10:29:38,581|54,0|46,0|0,0|1678|575|1102|0,10|1211,68|0,00|0,00
2014-06-15 10:29:45,681|54,0|46,0|0,0|1678|580|1098|0,10|1211,54|0,00|0,00
2014-06-15 10:29:52,774|56,0|44,0|0,0|1678|604|1074|0,10|1211,40|2,26|2,59
2014-06-15 10:29:59,889|56,8|43,1|0,0|1678|611|1067|0,10|1211,26|0,00|0,00
2014-06-15 10:30:07,014|57,9|42,0|0,0|1678|603|1075|0,10|1211,12|0,00|0,00
2014-06-15 10:30:14,114|54,0|46,0|0,0|1678|598|1080|0,10|1210,98|0,81|0,82
2014-06-15 10:30:21,386|57,9|42,0|0,0|1678|590|1087|0,10|1210,83|0,00|0,00
2014-06-15 10:30:28,458|58,8|41,1|0,0|1678|584|1094|0,10|1210,70|0,00|0,00
2014-06-15 10:30:35,533|57,9|42,0|0,0|1678|582|1096|0,10|1210,56|2,69|2,62
2014-06-15 10:30:42,671|58,8|41,1|0,0|1678|579|1098|0,10|1210,42|1,68|1,68
2014-06-15 10:30:49,848|94,2|3,8|0,0|1678|576|1102|0,10|1210,28|0,13|0,13
2014-06-15 10:30:56,224|1,9|0,0|98,0|1678|572|1105|0,10|1210,16|3,72|0,47
2014-06-15 10:31:02,032|0,0|1,9|98,0|1678|570|1108|0,10|1210,05|0,00|0,00
2014-06-15 10:31:07,834|0,0|0,0|100,0|1678|570|1108|0,10|1209,94|0,00|0,00
2014-06-15 10:31:13,591|2,0|0,0|98,0|1678|571|1107|0,10|1209,82|2,06|1,64
2014-06-15 10:31:19,738|60,0|6,0|34,0|1678|570|1107|0,10|1209,70|0,54|0,77
2014-06-15 10:31:25,912|0,0|1,9|98,0|1678|569|1108|0,10|1209,58|0,00|0,00
2014-06-15 10:31:31,704|0,0|1,9|98,0|1678|569|1108|0,10|1209,47|0,07|0,07
2014-06-15 10:31:37,519|0,0|0,0|100,0|1678|570|1107|0,10|1209,35|0,35|0,13
2014-06-15 10:31:43,340|0,0|0,0|100,0|1678|566|1111|0,10|1209,24|0,00|0,00
2014-06-15 10:31:49,186|58,8|41,1|0,0|1678|566|1111|0,10|1209,11|3,96|3,96
2014-06-15 10:31:56,266|56,0|44,0|0,0|1678|573|1105|0,10|1208,97|8,15|187,16
2014-06-15 10:32:03,571|54,9|45,0|0,0|1678|573|1104|0,10|1208,83|1,85|1,85
2014-06-15 10:32:10,646|52,9|47,0|0,0|1678|574|1103|0,10|1208,69|1,37|1,37
2014-06-15 10:32:17,766|52,0|48,0|0,0|1678|584|1094|0,10|1208,55|0,00|0,00
2014-06-15 10:32:24,847|52,9|47,0|0,0|1678|578|1100|0,10|1208,42|1,75|1,75
2014-06-15 10:32:31,959|54,9|45,0|0,0|1678|587|1091|0,10|1208,28|1,59|1,94
2014-06-15 10:32:39,125|54,0|46,0|0,0|1678|588|1089|0,10|1208,14|0,00|0,00
2014-06-15 10:32:46,207|54,9|45,0|0,0|1678|588|1090|0,10|1208,00|0,00|0,00
2014-06-15 10:32:53,315|56,0|44,0|0,0|1678|587|1090|0,10|1207,86|2,98|2,82
2014-06-15 10:33:00,447|54,9|45,0|0,0|1678|582|1095|0,10|1207,72|3,73|3,73
2014-06-15 10:33:07,583|56,8|43,1|0,0|1678|585|1092|0,10|1207,58|0,00|0,00
2014-06-15 10:33:14,687|60,7|39,2|0,0|1678|585|1092|0,10|1207,44|0,49|15,07
2014-06-15 10:33:21,891|60,0|40,0|0,0|1678|578|1099|0,10|1207,30|0,00|0,00
2014-06-15 10:33:29,000|96,0|3,9|0,0|1678|575|1102|0,10|1207,17|0,13|0,13
2014-06-15 10:33:35,372|22,0|6,0|72,0|1678|570|1107|0,10|1207,05|0,50|0,38
2014-06-15 10:33:41,164|0,0|0,0|100,0|1678|568|1110|0,10|1206,94|0,00|0,00
2014-06-15 10:33:47,025|0,0|1,9|98,0|1678|567|1110|0,10|1206,82|2,69|2,93
2014-06-15 10:33:53,527|60,0|40,0|0,0|1678|572|1105|0,10|1206,68|9,37|8,73
2014-06-15 10:34:00,867|56,8|43,1|0,0|1678|580|1098|0,10|1206,54|1,85|1,85
2014-06-15 10:34:07,959|54,0|46,0|0,0|1678|577|1101|0,10|1206,40|2,71|3,31
2014-06-15 10:34:15,075|49,0|49,0|0,0|1678|585|1092|0,10|1206,26|1,07|0,47
2014-06-15 10:34:22,296|54,0|46,0|0,0|1678|582|1096|0,10|1206,12|0,00|0,00
2014-06-15 10:34:29,447|54,0|46,0|0,0|1678|593|1084|0,10|1205,99|0,00|0,00
2014-06-15 10:34:36,548|56,0|44,0|0,0|1678|597|1080|0,10|1205,85|1,19|103,49
2014-06-15 10:34:43,605|54,9|45,0|0,0|1678|593|1085|0,10|1205,71|0,00|0,00
2014-06-15 10:34:50,728|56,8|43,1|0,0|1678|590|1087|0,10|1205,57|1,93|1,93
2014-06-15 10:34:57,780|54,9|45,0|0,0|1678|592|1086|0,10|1205,43|1,32|12,25
2014-06-15 10:35:05,113|56,0|44,0|0,0|1678|585|1092|0,10|1205,29|0,00|0,00
2014-06-15 10:35:12,176|56,8|41,1|0,0|1678|582|1096|0,10|1205,15|0,81|0,81
2014-06-15 10:35:19,425|60,7|39,2|0,0|1678|582|1095|0,10|1205,01|1,17|0,44
2014-06-15 10:35:26,548|62,0|38,0|0,0|1678|576|1101|0,10|1204,87|1,45|0,00
2014-06-15 10:35:33,664|64,0|36,0|0,0|1678|570|1107|0,10|1204,75|4,29|4,29
2014-06-15 10:35:40,233|60,7|39,2|0,0|1678|582|1095|0,10|1204,61|1,85|1,85
2014-06-15 10:35:47,308|54,9|45,0|0,0|1678|577|1100|0,10|1204,47|5,23|5,23
2014-06-15 10:35:54,419|54,0|46,0|0,0|1678|582|1096|0,10|1204,33|1,76|3,49
2014-06-15 10:36:01,506|54,0|46,0|0,0|1678|583|1094|0,10|1204,20|0,00|0,00
2014-06-15 10:36:08,596|50,9|49,0|0,0|1678|582|1095|0,10|1204,06|2,99|2,99
2014-06-15 10:36:15,704|54,0|46,0|0,0|1678|584|1093|0,10|1203,92|1,67|2,27
2014-06-15 10:36:22,881|54,0|46,0|0,0|1678|585|1093|0,10|1203,78|0,00|0,00
2014-06-15 10:36:29,973|54,0|46,0|0,0|1678|587|1090|0,10|1203,64|0,13|0,13
2014-06-15 10:36:37,059|56,0|44,0|0,0|1678|591|1086|0,10|1203,50|0,81|0,76
2014-06-15 10:36:44,341|56,0|44,0|0,0|1678|590|1088|0,10|1203,36|0,00|0,00
2014-06-15 10:36:51,409|60,0|40,0|0,0|1678|591|1086|0,10|1203,23|0,00|0,00
2014-06-15 10:36:58,481|62,7|37,2|0,0|1678|593|1084|0,10|1203,09|0,31|0,44
2014-06-15 10:37:05,621|60,7|39,2|0,0|1678|583|1094|0,10|1202,95|1,13|1,13
2014-06-15 10:37:12,673|96,0|4,0|0,0|1678|572|1105|0,10|1202,82|0,00|0,00
2014-06-15 10:37:18,826|1,9|0,0|98,0|1678|572|1106|0,10|1202,71|1,25|0,51
2014-06-15 10:37:24,657|0,0|0,0|100,0|1678|570|1107|0,10|1202,59|0,00|0,00
2014-06-15 10:37:30,430|0,0|0,0|98,0|1678|570|1108|0,10|1202,48|0,00|0,00
2014-06-15 10:37:36,248|0,0|1,9|98,0|1678|571|1107|0,10|1202,37|0,33|0,67
2014-06-15 10:37:42,068|0,0|0,0|100,0|1678|569|1109|0,10|1202,26|0,00|0,00
2014-06-15 10:37:47,841|1,9|0,0|98,0|1678|568|1110|0,10|1202,14|0,00|0,00
2014-06-15 10:37:53,718|0,0|0,0|100,0|1678|567|1111|0,10|1202,03|0,00|0,00
2014-06-15 10:37:59,525|1,9|0,0|98,0|1678|568|1110|0,10|1201,92|3,06|155,90
2014-06-15 10:38:05,311|0,0|0,0|100,0|1678|565|1112|0,10|1201,81|0,00|0,00
2014-06-15 10:38:11,115|0,0|0,0|100,0|1678|564|1113|0,10|1201,70|0,00|0,00
2014-06-15 10:38:16,893|0,0|0,0|100,0|1678|566|1111|0,10|1201,58|1,19|0,47
2014-06-15 10:38:22,717|0,0|0,0|100,0|1678|564|1113|0,10|1201,47|0,00|0,00
2014-06-15 10:38:28,510|0,0|0,0|100,0|1678|564|1113|0,10|1201,36|0,00|0,00
2014-06-15 10:38:34,327|0,0|0,0|100,0|1678|566|1112|0,10|1201,25|0,33|0,73
2014-06-15 10:38:40,099|0,0|1,9|98,0|1678|564|1113|0,10|1201,14|0,00|0,00
2014-06-15 10:38:45,907|0,0|1,9|98,0|1678|564|1113|0,10|1201,02|0,00|0,00
2014-06-15 10:38:51,695|0,0|0,0|100,0|1678|564|1113|0,10|1200,91|0,00|0,00
2014-06-15 10:38:57,506|1,9|1,9|96,1|1678|566|1111|0,10|1200,80|0,80|28,70
2014-06-15 10:39:03,368|0,0|0,0|100,0|1678|564|1113|0,10|1200,69|0,00|0,00
2014-06-15 10:39:09,171|0,0|0,0|100,0|1678|564|1113|0,10|1200,57|0,00|0,00
2014-06-15 10:39:14,998|0,0|1,9|98,0|1678|566|1112|0,10|1200,46|1,39|0,68
2014-06-15 10:39:20,767|0,0|0,0|100,0|1678|564|1113|0,10|1200,35|0,00|0,00
2014-06-15 10:39:26,578|0,0|0,0|100,0|1678|564|1113|0,10|1200,24|3,62|0,00
2014-06-15 10:39:32,395|0,0|0,0|100,0|1678|565|1113|0,10|1200,13|1,59|1,94
2014-06-15 10:39:38,235|0,0|1,9|98,0|1678|565|1113|0,10|1200,01|0,00|0,00
2014-06-15 10:39:44,066|0,0|1,9|98,0|1678|565|1113|0,10|1199,90|0,00|0,00
2014-06-15 10:39:49,810|0,0|1,9|98,0|1678|565|1113|0,10|1199,79|0,00|0,00
2014-06-15 10:39:55,700|0,0|1,9|98,0|1678|566|1111|0,10|1199,68|0,94|94,02
2014-06-15 10:40:01,466|0,0|0,0|100,0|1678|565|1113|0,10|1199,57|0,00|0,00
2014-06-15 10:40:07,203|0,0|0,0|100,0|1678|565|1113|0,10|1199,46|0,00|0,00
2014-06-15 10:40:12,947|0,0|1,9|98,0|1678|566|1112|0,10|1199,35|1,38|0,68
2014-06-15 10:40:18,887|0,0|1,9|98,0|1678|564|1113|0,10|1199,23|0,00|0,00
2014-06-15 10:40:24,699|0,0|0,0|100,0|1678|565|1113|0,10|1199,12|0,00|0,00
2014-06-15 10:40:30,524|0,0|0,0|100,0|1678|565|1113|0,10|1199,01|1,60|1,95
2014-06-15 10:40:36,347|0,0|0,0|98,0|1678|567|1111|0,10|1198,89|0,35|0,13
2014-06-15 10:40:42,152|0,0|0,0|100,0|1678|565|1113|0,10|1198,78|0,00|0,00
2014-06-15 10:40:47,936|0,0|0,0|100,0|1678|565|1113|0,10|1198,67|0,00|0,00
2014-06-15 10:40:53,739|7,8|3,9|88,2|1678|566|1111|0,10|1198,56|0,54|30,16
2014-06-15 10:40:59,492|0,0|0,0|100,0|1678|565|1113|0,10|1198,45|0,00|0,00
2014-06-15 10:41:05,260|0,0|0,0|100,0|1678|564|1113|0,10|1198,34|0,00|0,00
2014-06-15 10:41:11,048|1,9|1,9|96,1|1678|566|1112|0,10|1198,23|0,89|0,81
2014-06-15 10:41:17,099|0,0|0,0|100,0|1678|565|1113|0,10|1198,11|0,00|0,00
2014-06-15 10:41:22,874|1,9|0,0|98,0|1678|565|1113|0,10|1198,00|0,00|0,00
2014-06-15 10:41:28,660|0,0|0,0|100,0|1678|565|1113|0,10|1197,89|0,00|0,00
2014-06-15 10:41:34,556|0,0|0,0|100,0|1678|565|1113|0,10|1197,77|0,00|0,00
2014-06-15 10:41:40,416|0,0|0,0|100,0|1678|564|1113|0,10|1197,66|0,40|1,01
2014-06-15 10:41:46,265|0,0|0,0|100,0|1678|565|1113|0,10|1197,55|0,00|0,00
2014-06-15 10:41:52,120|0,0|0,0|100,0|1678|565|1113|0,10|1197,44|0,00|0,00
2014-06-15 10:41:57,920|0,0|1,9|98,0|1678|565|1113|0,10|1197,33|0,00|0,00
2014-06-15 10:42:03,761|0,0|1,9|98,0|1678|565|1113|0,10|1197,22|0,00|0,00
2014-06-15 10:42:09,527|0,0|1,9|98,0|1678|565|1113|0,10|1197,10|0,00|0,00
2014-06-15 10:42:15,339|0,0|0,0|100,0|1678|565|1113|0,10|1196,99|0,00|0,00
2014-06-15 10:42:21,156|0,0|0,0|100,0|1678|565|1113|0,10|1196,88|0,00|0,00
2014-06-15 10:42:26,933|0,0|0,0|100,0|1678|564|1113|0,10|1196,77|3,62|0,00
2014-06-15 10:42:32,779|0,0|0,0|100,0|1678|565|1113|0,10|1196,66|0,00|0,00
2014-06-15 10:42:38,559|0,0|0,0|100,0|1678|565|1113|0,10|1196,55|0,00|0,00
2014-06-15 10:42:44,328|0,0|1,9|98,0|1678|565|1113|0,10|1196,44|0,00|0,00
2014-06-15 10:42:50,120|0,0|0,0|100,0|1678|565|1113|0,10|1196,32|0,00|0,00
2014-06-15 10:42:55,968|1,9|0,0|98,0|1678|565|1113|0,10|1196,21|0,40|1,01
2014-06-15 10:43:01,737|0,0|0,0|100,0|1678|564|1113|0,10|1196,10|0,00|0,00
2014-06-15 10:43:07,555|0,0|0,0|100,0|1678|565|1113|0,10|1195,99|0,00|0,00
2014-06-15 10:43:13,359|0,0|0,0|100,0|1678|565|1113|0,10|1195,88|0,00|0,00
2014-06-15 10:43:19,243|0,0|0,0|100,0|1678|565|1113|0,10|1195,77|0,00|0,00
2014-06-15 10:43:25,001|0,0|0,0|100,0|1678|565|1113|0,10|1195,66|0,00|0,00
2014-06-15 10:43:30,761|0,0|0,0|100,0|1678|565|1113|0,10|1195,55|0,00|0,00
2014-06-15 10:43:36,508|0,0|0,0|100,0|1678|565|1113|0,10|1195,44|0,00|0,00
2014-06-15 10:43:42,248|0,0|0,0|100,0|1678|565|1113|0,10|1195,33|0,00|0,00
2014-06-15 10:43:47,988|0,0|0,0|100,0|1678|565|1113|0,10|1195,22|0,00|0,00
2014-06-15 10:43:53,724|0,0|0,0|100,0|1678|565|1113|0,10|1195,11|0,00|0,00
2014-06-15 10:43:59,456|0,0|0,0|100,0|1678|565|1113|0,10|1195,00|0,00|0,00
2014-06-15 10:44:05,202|0,0|0,0|100,0|1678|565|1113|0,10|1194,89|0,00|0,00
2014-06-15 10:44:10,953|0,0|0,0|100,0|1678|565|1113|0,10|1194,78|0,40|1,01
2014-06-15 10:44:16,692|0,0|0,0|100,0|1678|565|1113|0,10|1194,67|0,00|0,00
2014-06-15 10:44:22,520|0,0|0,0|100,0|1678|565|1113|0,10|1194,56|0,00|0,00
2014-06-15 10:44:28,277|0,0|0,0|100,0|1678|565|1113|0,10|1194,45|0,00|0,00
2014-06-15 10:44:34,001|0,0|0,0|100,0|1678|565|1113|0,10|1194,34|0,00|0,00
2014-06-15 10:44:39,863|0,0|0,0|100,0|1678|565|1113|0,10|1194,23|0,00|0,00
2014-06-15 10:44:45,697|0,0|0,0|100,0|1678|565|1113|0,10|1194,11|0,00|0,00
2014-06-15 10:44:51,502|0,0|1,9|98,0|1678|565|1113|0,10|1194,00|0,00|0,00
2014-06-15 10:44:57,352|0,0|0,0|100,0|1678|565|1113|0,10|1193,89|0,00|0,00
2014-06-15 10:45:03,166|0,0|0,0|100,0|1678|564|1113|0,10|1193,78|0,00|0,00
2014-06-15 10:45:08,980|1,9|0,0|98,0|1678|564|1113|0,10|1193,67|0,00|0,00
2014-06-15 10:45:14,845|0,0|1,9|98,0|1678|565|1113|0,10|1193,56|0,00|0,00
2014-06-15 10:45:20,762|0,0|0,0|100,0|1678|564|1113|0,10|1193,44|0,00|0,00
2014-06-15 10:45:26,650|0,0|0,0|100,0|1678|565|1113|0,10|1193,33|4,03|1,01
2014-06-15 10:45:32,514|0,0|0,0|100,0|1678|564|1113|0,10|1193,22|0,00|0,00
2014-06-15 10:45:38,355|0,0|0,0|100,0|1678|564|1113|0,10|1193,11|0,00|0,00
2014-06-15 10:45:44,192|0,0|0,0|100,0|1678|564|1113|0,10|1193,00|0,00|0,00
2014-06-15 10:45:49,964|0,0|0,0|100,0|1678|565|1113|0,10|1192,89|0,00|0,00
2014-06-15 10:45:55,791|0,0|0,0|100,0|1678|564|1113|0,10|1192,78|0,00|0,00
2014-06-15 10:46:01,595|0,0|0,0|100,0|1678|565|1113|0,10|1192,67|0,00|0,00
2014-06-15 10:46:07,451|0,0|0,0|100,0|1678|564|1113|0,10|1192,56|0,00|0,00
2014-06-15 10:46:13,223|0,0|0,0|100,0|1678|565|1113|0,10|1192,45|0,00|0,00
2014-06-15 10:46:19,110|0,0|0,0|100,0|1678|564|1113|0,10|1192,33|0,00|0,00
2014-06-15 10:46:24,883|0,0|0,0|100,0|1678|565|1113|0,10|1192,22|0,00|0,00
2014-06-15 10:46:30,650|0,0|0,0|100,0|1678|564|1113|0,10|1192,11|0,00|0,00
2014-06-15 10:46:36,409|0,0|0,0|100,0|1678|565|1113|0,10|1192,01|0,00|0,00
2014-06-15 10:46:42,165|0,0|0,0|100,0|1678|564|1113|0,10|1191,90|0,40|1,01
2014-06-15 10:46:47,909|0,0|0,0|100,0|1678|565|1113|0,10|1191,79|0,00|0,00
2014-06-15 10:46:53,698|0,0|0,0|100,0|1678|564|1113|0,10|1191,68|0,00|0,00
2014-06-15 10:46:59,466|0,0|1,9|98,0|1678|565|1113|0,10|1191,57|0,00|0,00
2014-06-15 10:47:05,235|0,0|0,0|100,0|1678|564|1113|0,10|1191,46|0,00|0,00
2014-06-15 10:47:11,014|0,0|0,0|100,0|1678|565|1113|0,10|1191,35|0,00|0,00
2014-06-15 10:47:16,769|0,0|0,0|100,0|1678|565|1113|0,10|1191,24|0,00|0,00
2014-06-15 10:47:22,563|0,0|0,0|100,0|1678|565|1113|0,10|1191,13|0,00|0,00
2014-06-15 10:47:28,327|0,0|0,0|100,0|1678|565|1113|0,10|1191,02|0,00|0,00
2014-06-15 10:47:34,094|0,0|0,0|100,0|1678|565|1113|0,10|1190,91|0,00|0,00
2014-06-15 10:47:39,891|0,0|0,0|100,0|1678|565|1113|0,10|1190,80|0,00|0,00
2014-06-15 10:47:45,641|0,0|0,0|100,0|1678|565|1113|0,10|1190,69|0,00|0,00
2014-06-15 10:47:51,479|1,9|0,0|98,0|1678|565|1113|0,10|1190,58|0,00|0,00
2014-06-15 10:47:57,240|0,0|1,9|98,0|1678|565|1113|0,10|1190,47|1,49|1,01
2014-06-15 10:48:03,075|0,0|0,0|100,0|1678|565|1113|0,10|1190,36|0,00|0,00
2014-06-15 10:48:08,943|0,0|0,0|100,0|1678|565|1113|0,10|1190,25|0,00|0,00
2014-06-15 10:48:14,746|0,0|0,0|100,0|1678|565|1113|0,10|1190,14|0,00|0,00
2014-06-15 10:48:20,542|0,0|0,0|100,0|1678|565|1113|0,10|1190,03|0,00|0,00
2014-06-15 10:48:26,378|0,0|0,0|100,0|1678|565|1113|0,10|1189,92|3,63|0,00
2014-06-15 10:48:32,275|0,0|0,0|100,0|1678|565|1113|0,10|1189,80|0,00|0,00
2014-06-15 10:48:38,184|0,0|0,0|100,0|1678|565|1113|0,10|1189,69|0,00|0,00
2014-06-15 10:48:44,046|0,0|1,9|98,0|1678|565|1113|0,10|1189,58|0,00|0,00
2014-06-15 10:48:49,855|0,0|0,0|100,0|1678|565|1113|0,10|1189,47|0,00|0,00
2014-06-15 10:48:55,747|0,0|0,0|100,0|1678|565|1113|0,10|1189,36|0,00|0,00
2014-06-15 10:49:01,563|0,0|0,0|100,0|1678|565|1113|0,10|1189,25|0,00|0,00
2014-06-15 10:49:07,423|0,0|0,0|100,0|1678|565|1113|0,10|1189,14|0,06|0,00
2014-06-15 10:49:13,208|0,0|0,0|100,0|1678|565|1113|0,10|1189,03|0,00|0,00
2014-06-15 10:49:19,119|0,0|0,0|100,0|1678|565|1113|0,10|1188,92|0,00|0,00
2014-06-15 10:49:24,904|0,0|0,0|100,0|1678|565|1113|0,10|1188,81|0,00|0,00
2014-06-15 10:49:30,706|0,0|0,0|100,0|1678|565|1113|0,10|1188,70|0,00|0,00
2014-06-15 10:49:36,513|0,0|0,0|100,0|1678|565|1113|0,10|1188,59|0,00|0,00
2014-06-15 10:49:42,295|0,0|0,0|100,0|1678|565|1113|0,10|1188,48|0,00|0,00
2014-06-15 10:49:48,059|0,0|0,0|100,0|1678|565|1113|0,10|1188,37|0,00|0,00
2014-06-15 10:49:53,835|0,0|1,9|98,0|1678|565|1113|0,10|1188,26|0,00|0,00
2014-06-15 10:49:59,620|0,0|0,0|100,0|1678|565|1113|0,10|1188,15|0,00|0,00
2014-06-15 10:50:05,427|0,0|0,0|100,0|1678|565|1113|0,10|1188,04|0,00|0,00
2014-06-15 10:50:11,182|0,0|0,0|100,0|1678|565|1113|0,10|1187,93|0,00|0,00
2014-06-15 10:50:16,996|0,0|0,0|100,0|1678|565|1113|0,10|1187,82|0,00|0,00
2014-06-15 10:50:22,790|0,0|1,9|98,0|1678|565|1113|0,10|1187,71|0,00|0,00
2014-06-15 10:50:28,596|0,0|0,0|100,0|1678|565|1113|0,10|1187,60|0,00|0,00
2014-06-15 10:50:34,428|0,0|0,0|100,0|1678|565|1113|0,10|1187,49|0,00|0,00
2014-06-15 10:50:40,204|1,9|1,9|96,1|1678|565|1113|0,10|1187,39|0,00|0,00
2014-06-15 10:50:46,043|0,0|0,0|100,0|1678|565|1113|0,10|1187,27|0,00|0,00
2014-06-15 10:50:51,945|0,0|0,0|100,0|1678|565|1113|0,10|1187,16|0,00|0,00
2014-06-15 10:50:57,800|0,0|0,0|100,0|1678|565|1113|0,10|1187,05|0,00|0,00
2014-06-15 10:51:03,636|0,0|1,9|98,0|1678|565|1113|0,10|1186,94|0,00|0,00
2014-06-15 10:51:09,487|0,0|0,0|100,0|1678|565|1113|0,10|1186,83|0,00|0,00
2014-06-15 10:51:15,332|0,0|1,9|98,0|1678|565|1113|0,10|1186,72|0,00|0,00
2014-06-15 10:51:21,148|0,0|0,0|98,0|1678|565|1113|0,10|1186,61|0,00|0,00
2014-06-15 10:51:26,885|0,0|1,9|98,0|1678|565|1113|0,10|1186,50|3,61|0,00
2014-06-15 10:51:32,712|0,0|1,9|98,0|1678|565|1113|0,10|1186,39|0,00|0,00
2014-06-15 10:51:38,479|0,0|1,9|98,0|1678|565|1113|0,10|1186,29|0,00|0,00
2014-06-15 10:51:44,249|0,0|0,0|100,0|1678|565|1113|0,10|1186,18|0,00|0,00
2014-06-15 10:51:50,041|0,0|0,0|100,0|1678|565|1113|0,10|1186,07|0,00|0,00
2014-06-15 10:51:55,815|0,0|0,0|100,0|1678|565|1113|0,10|1185,96|0,00|0,00
2014-06-15 10:52:01,585|0,0|0,0|100,0|1678|565|1113|0,10|1185,85|0,00|0,00
2014-06-15 10:52:07,396|0,0|0,0|100,0|1678|565|1113|0,10|1185,74|0,00|0,00
2014-06-15 10:52:13,163|0,0|1,9|98,0|1678|565|1113|0,10|1185,63|0,00|0,00
2014-06-15 10:52:19,081|0,0|1,9|98,0|1678|565|1113|0,10|1185,52|0,00|0,00
2014-06-15 10:52:24,855|1,9|0,0|98,0|1678|565|1113|0,10|1185,41|0,00|0,00
2014-06-15 10:52:30,675|0,0|0,0|100,0|1678|565|1113|0,10|1185,30|0,00|0,00
2014-06-15 10:52:36,456|0,0|0,0|100,0|1678|565|1113|0,10|1185,19|0,00|0,00
2014-06-15 10:52:42,294|0,0|0,0|100,0|1678|565|1113|0,10|1185,08|0,00|0,00
2014-06-15 10:52:48,057|0,0|0,0|100,0|1678|565|1113|0,10|1184,97|0,00|0,00
2014-06-15 10:52:53,888|0,0|0,0|100,0|1678|565|1113|0,10|1184,86|0,00|0,00
2014-06-15 10:52:59,772|0,0|0,0|100,0|1678|565|1113|0,10|1184,75|0,00|0,00
2014-06-15 10:53:05,708|0,0|0,0|100,0|1678|565|1113|0,10|1184,64|0,00|0,00
2014-06-15 10:53:11,636|0,0|0,0|100,0|1678|565|1113|0,10|1184,53|0,00|0,00
2014-06-15 10:53:17,513|0,0|0,0|100,0|1678|565|1113|0,10|1184,42|0,00|0,00
2014-06-15 10:53:23,329|0,0|0,0|100,0|1678|565|1113|0,10|1184,31|0,40|1,01
2014-06-15 10:53:29,130|0,0|0,0|100,0|1678|565|1113|0,10|1184,20|0,00|0,00
2014-06-15 10:53:34,941|0,0|0,0|100,0|1678|565|1113|0,10|1184,10|0,00|0,00
2014-06-15 10:53:40,709|0,0|0,0|100,0|1678|565|1113|0,10|1183,99|0,00|0,00
2014-06-15 10:53:46,527|0,0|1,9|98,0|1678|565|1113|0,10|1183,88|0,00|0,00
2014-06-15 10:53:52,314|0,0|0,0|100,0|1678|565|1113|0,10|1183,77|0,00|0,00
2014-06-15 10:53:58,093|0,0|0,0|100,0|1678|565|1113|0,10|1183,66|0,00|0,00
2014-06-15 10:54:03,789|0,0|1,9|98,0|1678|565|1113|0,10|1183,55|0,00|0,00
2014-06-15 10:54:09,525|0,0|0,0|100,0|1678|565|1113|0,10|1183,45|0,00|0,00
2014-06-15 10:54:15,288|0,0|1,9|98,0|1678|565|1113|0,10|1183,34|0,00|0,00
2014-06-15 10:54:21,029|0,0|0,0|100,0|1678|565|1113|0,10|1183,23|0,00|0,00
2014-06-15 10:54:26,821|0,0|1,9|98,0|1678|564|1113|0,10|1183,12|3,62|0,00
2014-06-15 10:54:32,610|0,0|0,0|100,0|1678|565|1113|0,10|1183,01|0,00|0,00
2014-06-15 10:54:38,410|0,0|0,0|100,0|1678|565|1113|0,10|1182,90|0,40|1,01
2014-06-15 10:54:44,186|0,0|0,0|100,0|1678|565|1113|0,10|1182,80|0,00|0,00
2014-06-15 10:54:49,985|0,0|0,0|100,0|1678|565|1113|0,10|1182,69|0,00|0,00
2014-06-15 10:54:55,709|0,0|1,9|98,0|1678|565|1113|0,10|1182,58|0,00|0,00
2014-06-15 10:55:01,453|0,0|0,0|100,0|1678|565|1113|0,10|1182,47|0,00|0,00
2014-06-15 10:55:07,213|0,0|0,0|100,0|1678|565|1113|0,10|1182,37|0,00|0,00
2014-06-15 10:55:12,947|0,0|0,0|100,0|1678|565|1113|0,10|1182,26|0,00|0,11
2014-06-15 10:55:18,692|0,0|0,0|100,0|1678|565|1113|0,10|1182,15|0,00|0,00
2014-06-15 10:55:24,526|0,0|0,0|100,0|1678|565|1113|0,10|1182,04|0,00|0,00
2014-06-15 10:55:30,322|0,0|1,9|98,0|1678|565|1113|0,10|1181,93|0,00|0,00
2014-06-15 10:55:36,091|0,0|0,0|100,0|1678|565|1113|0,10|1181,83|0,00|0,00
2014-06-15 10:55:41,894|0,0|0,0|100,0|1678|565|1113|0,10|1181,72|0,00|0,00
2014-06-15 10:55:47,794|1,9|0,0|98,0|1678|565|1113|0,10|1181,61|0,00|0,00
2014-06-15 10:55:53,586|0,0|0,0|100,0|1678|565|1113|0,10|1181,50|0,40|1,01
2014-06-15 10:55:59,389|0,0|0,0|100,0|1678|565|1113|0,10|1181,39|0,00|0,00
2014-06-15 10:56:05,170|0,0|0,0|100,0|1678|565|1113|0,10|1181,28|0,00|0,00
2014-06-15 10:56:10,975|0,0|1,9|98,0|1678|565|1113|0,10|1181,17|0,00|0,00
2014-06-15 10:56:16,730|0,0|0,0|100,0|1678|565|1113|0,10|1181,07|0,00|0,00
2014-06-15 10:56:22,522|0,0|0,0|100,0|1678|565|1113|0,10|1180,96|0,00|0,00
2014-06-15 10:56:28,291|0,0|0,0|100,0|1678|565|1113|0,10|1180,85|0,00|0,00
2014-06-15 10:56:34,091|0,0|1,9|94,1|1678|565|1113|0,10|1180,74|0,00|0,00
2014-06-15 10:56:39,896|0,0|1,9|92,1|1678|565|1113|0,10|1180,63|0,00|0,00
2014-06-15 10:56:45,667|0,0|0,0|100,0|1678|565|1113|0,10|1180,53|0,00|0,00
2014-06-15 10:56:51,450|0,0|0,0|100,0|1678|565|1113|0,10|1180,42|0,00|0,00
2014-06-15 10:56:57,411|1,9|0,0|98,0|1678|565|1113|0,10|1180,31|0,00|0,00
2014-06-15 10:57:03,175|0,0|1,9|94,1|1678|565|1113|0,10|1180,20|0,00|0,00
2014-06-15 10:57:08,971|0,0|0,0|96,0|1678|565|1113|0,10|1180,09|0,40|1,01
2014-06-15 10:57:14,758|0,0|0,0|100,0|1678|565|1113|0,10|1179,98|0,00|0,00
2014-06-15 10:57:20,563|0,0|0,0|100,0|1678|565|1113|0,10|1179,88|0,00|0,00
2014-06-15 10:57:26,323|0,0|0,0|96,0|1678|565|1113|0,10|1179,77|3,27|0,00
2014-06-15 10:57:32,175|0,0|0,0|94,1|1678|565|1113|0,10|1179,66|0,00|0,00
2014-06-15 10:57:38,064|0,0|0,0|100,0|1678|565|1113|0,10|1179,55|0,00|0,00
2014-06-15 10:57:43,882|0,0|0,0|96,0|1678|565|1113|0,10|1179,44|0,00|0,00
2014-06-15 10:57:49,697|0,0|0,0|100,0|1678|565|1113|0,10|1179,33|0,00|0,00
2014-06-15 10:57:55,568|0,0|0,0|100,0|1678|565|1113|0,10|1179,22|0,00|0,00
2014-06-15 10:58:01,339|0,0|0,0|97,9|1678|565|1113|0,10|1179,12|0,00|0,00
2014-06-15 10:58:07,094|0,0|0,0|94,1|1678|565|1113|0,10|1179,01|0,00|0,00
2014-06-15 10:58:12,844|0,0|0,0|88,0|1678|565|1113|0,10|1178,90|0,00|0,00
2014-06-15 10:58:18,741|1,9|0,0|98,0|1678|565|1113|0,10|1178,79|0,00|0,00
2014-06-15 10:58:24,507|0,0|0,0|98,0|1678|565|1113|0,10|1178,68|0,40|1,01
2014-06-15 10:58:30,244|0,0|0,0|98,0|1678|565|1113|0,10|1178,58|0,00|0,00
2014-06-15 10:58:36,007|0,0|1,9|92,3|1678|565|1113|0,10|1178,47|0,00|0,00
2014-06-15 10:58:41,806|0,0|0,0|100,0|1678|565|1113|0,10|1178,36|0,00|0,00
2014-06-15 10:58:47,594|0,0|0,0|98,0|1678|565|1113|0,10|1178,25|0,00|0,00
2014-06-15 10:58:53,364|0,0|0,0|100,0|1678|565|1113|0,10|1178,15|0,00|0,00
2014-06-15 10:58:59,158|0,0|0,0|100,0|1678|565|1113|0,10|1178,04|0,00|0,00
2014-06-15 10:59:04,947|0,0|0,0|100,0|1678|565|1113|0,10|1177,93|0,00|0,00
2014-06-15 10:59:10,710|0,0|1,9|98,0|1678|565|1113|0,10|1177,83|0,00|0,00
2014-06-15 10:59:16,461|0,0|0,0|100,0|1678|565|1113|0,10|1177,72|0,00|0,00
2014-06-15 10:59:22,258|0,0|0,0|100,0|1678|565|1113|0,10|1177,61|0,00|0,00
2014-06-15 10:59:28,072|0,0|0,0|100,0|1678|565|1113|0,10|1177,50|0,00|0,00
2014-06-15 10:59:33,819|0,0|0,0|100,0|1678|565|1113|0,10|1177,40|0,00|0,00
2014-06-15 10:59:39,560|0,0|0,0|100,0|1678|565|1113|0,10|1177,29|0,40|1,01
2014-06-15 10:59:45,375|0,0|0,0|100,0|1678|565|1113|0,10|1177,18|0,00|0,00
2014-06-15 10:59:51,119|0,0|0,0|100,0|1678|565|1113|0,10|1177,08|0,00|0,00
2014-06-15 10:59:56,884|0,0|0,0|100,0|1678|565|1113|0,10|1176,97|3,61|0,00
2014-06-15 11:00:02,740|0,0|0,0|100,0|1678|565|1113|0,10|1176,86|0,00|0,00
2014-06-15 11:00:08,521|0,0|0,0|100,0|1678|565|1113|0,10|1176,75|0,00|0,00
2014-06-15 11:00:14,348|0,0|0,0|100,0|1678|565|1113|0,10|1176,64|0,00|0,00
2014-06-15 11:00:20,260|0,0|1,9|98,0|1678|565|1113|0,10|1176,53|0,00|0,00
2014-06-15 11:00:26,204|0,0|0,0|100,0|1678|565|1113|0,10|1176,42|2,90|0,00
2014-06-15 11:00:32,087|0,0|0,0|100,0|1678|565|1113|0,10|1176,31|0,00|0,00
2014-06-15 11:00:37,976|0,0|0,0|100,0|1678|565|1113|0,10|1176,21|0,00|0,00
2014-06-15 11:00:43,867|0,0|1,9|98,0|1678|565|1113|0,10|1176,10|0,00|0,00
2014-06-15 11:00:49,795|0,0|0,0|100,0|1678|565|1113|0,10|1175,99|0,00|0,00
2014-06-15 11:00:55,645|1,9|0,0|98,0|1678|565|1113|0,10|1175,88|0,00|0,00
2014-06-15 11:01:01,451|0,0|0,0|100,0|1678|565|1113|0,10|1175,77|0,00|0,00
2014-06-15 11:01:07,268|0,0|0,0|100,0|1678|565|1112|0,10|1175,66|0,00|0,00
2014-06-15 11:01:13,040|0,0|1,9|98,0|1678|565|1113|0,10|1175,56|0,00|0,00
2014-06-15 11:01:18,981|0,0|0,0|100,0|1678|565|1113|0,10|1175,45|0,00|0,00
2014-06-15 11:01:24,781|0,0|0,0|100,0|1678|565|1113|0,10|1175,34|0,00|0,00
2014-06-15 11:01:30,576|0,0|0,0|100,0|1678|565|1113|0,10|1175,23|0,00|0,00
2014-06-15 11:01:36,356|0,0|0,0|100,0|1678|565|1113|0,10|1175,13|0,00|0,00
2014-06-15 11:01:42,144|0,0|0,0|100,0|1678|565|1113|0,10|1175,02|0,00|0,00
2014-06-15 11:01:47,861|0,0|0,0|100,0|1678|565|1113|0,10|1174,91|0,00|0,00
2014-06-15 11:01:53,608|0,0|0,0|100,0|1678|565|1113|0,10|1174,81|0,00|0,00
2014-06-15 11:01:59,352|0,0|0,0|100,0|1678|565|1113|0,10|1174,70|0,00|0,00
2014-06-15 11:02:05,105|0,0|0,0|100,0|1678|565|1113|0,10|1174,60|0,00|0,00
2014-06-15 11:02:10,854|0,0|1,9|98,0|1678|565|1113|0,10|1174,49|0,00|0,00
2014-06-15 11:02:16,600|0,0|0,0|98,0|1678|565|1113|0,10|1174,38|0,00|0,00
2014-06-15 11:02:22,374|0,0|0,0|100,0|1678|565|1113|0,10|1174,28|0,00|0,00
2014-06-15 11:02:28,141|0,0|0,0|100,0|1678|565|1113|0,10|1174,17|0,00|0,00
2014-06-15 11:02:33,925|0,0|0,0|100,0|1678|565|1113|0,10|1174,06|0,00|0,00
2014-06-15 11:02:39,661|0,0|0,0|100,0|1678|565|1113|0,10|1173,96|0,00|0,00
2014-06-15 11:02:45,432|0,0|0,0|100,0|1678|565|1113|0,10|1173,85|0,00|0,00
2014-06-15 11:02:51,188|0,0|0,0|100,0|1678|565|1112|0,10|1173,74|0,00|0,00
2014-06-15 11:02:56,917|0,0|0,0|100,0|1678|565|1113|0,10|1173,64|3,63|0,00
2014-06-15 11:03:02,825|0,0|0,0|100,0|1678|565|1113|0,10|1173,53|0,00|0,00
2014-06-15 11:03:08,673|0,0|0,0|100,0|1678|565|1113|0,10|1173,42|0,00|0,00
2014-06-15 11:03:14,464|0,0|1,9|98,0|1678|565|1113|0,10|1173,31|0,00|0,11
2014-06-15 11:03:20,325|0,0|1,9|98,0|1678|565|1113|0,10|1173,21|0,00|0,00
2014-06-15 11:03:26,212|0,0|1,9|98,0|1678|565|1113|0,10|1173,10|1,82|0,00
2014-06-15 11:03:32,024|0,0|0,0|100,0|1678|565|1113|0,10|1172,99|0,00|0,00
2014-06-15 11:03:37,801|0,0|0,0|100,0|1678|565|1113|0,10|1172,89|0,00|0,00
2014-06-15 11:03:43,650|0,0|0,0|100,0|1678|565|1113|0,10|1172,78|0,00|0,00
2014-06-15 11:03:49,497|0,0|0,0|100,0|1678|565|1113|0,10|1172,67|0,00|0,00
2014-06-15 11:03:55,295|0,0|0,0|100,0|1678|565|1113|0,10|1172,56|0,00|0,00
2014-06-15 11:04:01,201|0,0|0,0|100,0|1678|565|1113|0,10|1172,45|0,00|0,00
2014-06-15 11:04:07,087|0,0|0,0|100,0|1678|565|1113|0,10|1172,35|0,00|0,00
2014-06-15 11:04:12,929|0,0|0,0|100,0|1678|565|1113|0,10|1172,24|0,00|0,00
2014-06-15 11:04:18,773|0,0|1,9|98,0|1678|565|1112|0,10|1172,13|0,00|0,00
2014-06-15 11:04:24,581|0,0|0,0|100,0|1678|565|1113|0,10|1172,02|0,00|0,00
2014-06-15 11:04:30,402|0,0|0,0|100,0|1678|565|1113|0,10|1171,92|0,00|0,00
2014-06-15 11:04:36,186|0,0|0,0|100,0|1678|565|1113|0,10|1171,81|0,00|0,00
2014-06-15 11:04:41,934|0,0|1,8|98,1|1678|565|1113|0,10|1171,70|0,00|0,00
2014-06-15 11:04:47,778|0,0|0,0|100,0|1678|565|1113|0,10|1171,60|0,00|0,00
2014-06-15 11:04:53,558|0,0|0,0|100,0|1678|565|1113|0,10|1171,49|0,00|0,00
2014-06-15 11:04:59,298|0,0|1,9|98,0|1678|565|1112|0,10|1171,39|0,00|0,00
2014-06-15 11:05:05,073|0,0|1,9|98,0|1678|565|1113|0,10|1171,28|0,00|0,00
2014-06-15 11:05:10,838|0,0|0,0|100,0|1678|565|1113|0,10|1171,17|0,00|0,00
2014-06-15 11:05:16,649|0,0|1,9|98,0|1678|565|1113|0,10|1171,07|0,00|0,00
2014-06-15 11:05:22,477|0,0|1,9|98,0|1678|565|1113|0,10|1170,96|0,00|0,00
2014-06-15 11:05:28,307|0,0|0,0|100,0|1678|565|1113|0,10|1170,85|0,00|0,00
2014-06-15 11:05:34,082|1,9|0,0|98,0|1678|565|1113|0,10|1170,75|0,00|0,00
2014-06-15 11:05:39,857|0,0|0,0|100,0|1678|565|1113|0,10|1170,64|0,00|0,00
2014-06-15 11:05:45,622|0,0|0,0|100,0|1678|565|1113|0,10|1170,54|0,00|0,00
2014-06-15 11:05:51,406|0,0|0,0|100,0|1678|565|1113|0,10|1170,43|0,00|0,00
2014-06-15 11:05:57,137|0,0|0,0|100,0|1678|565|1113|0,10|1170,32|2,54|0,00
2014-06-15 11:06:02,863|0,0|0,0|100,0|1678|565|1112|0,10|1170,22|0,00|0,00
2014-06-15 11:06:08,610|0,0|0,0|100,0|1678|565|1113|0,10|1170,11|1,60|1,95
2014-06-15 11:06:14,335|0,0|0,0|100,0|1678|565|1112|0,10|1170,01|0,06|0,00
2014-06-15 11:06:20,130|0,0|1,9|98,0|1678|565|1113|0,10|1169,90|0,00|0,00
2014-06-15 11:06:25,867|0,0|0,0|100,0|1678|565|1112|0,10|1169,80|0,00|0,00
2014-06-15 11:06:31,631|0,0|0,0|100,0|1678|565|1112|0,10|1169,69|0,30|1,96
2014-06-15 11:06:37,387|2,0|0,0|98,0|1678|568|1109|0,10|1169,59|5,22|243,90
2014-06-15 11:06:43,127|0,0|1,9|98,0|1678|565|1113|0,10|1169,48|0,00|0,00
2014-06-15 11:06:48,858|0,0|0,0|100,0|1678|565|1113|0,10|1169,38|0,00|0,00
2014-06-15 11:06:54,573|0,0|1,9|98,0|1678|565|1113|0,10|1169,27|0,00|0,00
2014-06-15 11:07:00,374|0,0|0,0|100,0|1678|565|1113|0,10|1169,17|0,00|0,00
2014-06-15 11:07:06,103|0,0|0,0|100,0|1678|565|1113|0,10|1169,06|0,00|0,00
2014-06-15 11:07:11,856|0,0|0,0|100,0|1678|565|1113|0,10|1168,95|0,00|0,00
2014-06-15 11:07:17,681|0,0|0,0|100,0|1678|565|1113|0,10|1168,85|0,00|0,00
2014-06-15 11:07:23,410|0,0|0,0|100,0|1678|565|1113|0,10|1168,74|0,00|0,00
2014-06-15 11:07:29,249|0,0|0,0|100,0|1678|565|1113|0,10|1168,64|0,00|0,00
2014-06-15 11:07:35,110|0,0|0,0|100,0|1678|565|1113|0,10|1168,53|0,00|0,00
2014-06-15 11:07:40,915|0,0|0,0|100,0|1678|565|1113|0,10|1168,42|0,00|0,00
2014-06-15 11:07:46,754|0,0|0,0|100,0|1678|565|1113|0,10|1168,32|0,00|0,00
2014-06-15 11:07:52,527|0,0|0,0|100,0|1678|565|1113|0,10|1168,21|0,00|0,00
2014-06-15 11:07:58,335|0,0|0,0|100,0|1678|565|1113|0,10|1168,11|0,00|0,00
2014-06-15 11:08:04,140|0,0|0,0|100,0|1678|565|1113|0,10|1168,00|0,00|0,00
2014-06-15 11:08:09,879|0,0|1,9|98,0|1678|565|1113|0,10|1167,89|0,00|0,00
2014-06-15 11:08:15,685|0,0|0,0|100,0|1678|565|1113|0,10|1167,79|0,00|0,00
2014-06-15 11:08:21,580|1,9|0,0|98,0|1678|565|1113|0,10|1167,68|0,00|0,00
2014-06-15 11:08:27,403|1,9|1,9|96,0|1678|565|1113|0,10|1167,57|0,00|0,00
2014-06-15 11:08:33,183|0,0|0,0|100,0|1678|565|1113|0,10|1167,47|0,00|0,00
2014-06-15 11:08:38,976|0,0|0,0|100,0|1678|565|1113|0,10|1167,36|0,00|0,00
2014-06-15 11:08:44,780|0,0|0,0|98,0|1678|565|1113|0,10|1167,26|0,00|0,00
2014-06-15 11:08:50,580|1,9|0,0|98,0|1678|565|1113|0,10|1167,15|0,00|0,00
2014-06-15 11:08:56,371|0,0|0,0|100,0|1678|565|1113|0,10|1167,05|3,63|0,00
2014-06-15 11:09:02,205|0,0|0,0|100,0|1678|565|1113|0,10|1166,94|0,00|0,00
2014-06-15 11:09:08,063|0,0|1,9|98,0|1678|565|1113|0,10|1166,83|0,00|0,00
2014-06-15 11:09:13,897|0,0|0,0|100,0|1678|565|1113|0,10|1166,73|0,00|0,00
2014-06-15 11:09:19,773|0,0|0,0|100,0|1678|565|1113|0,10|1166,62|0,00|0,00
2014-06-15 11:09:25,623|0,0|0,0|100,0|1678|565|1113|0,10|1166,51|0,00|0,00
2014-06-15 11:09:31,407|0,0|0,0|100,0|1678|565|1113|0,10|1166,41|0,00|0,00
2014-06-15 11:09:37,192|0,0|1,9|98,0|1678|565|1113|0,10|1166,30|0,00|0,00
2014-06-15 11:09:42,964|0,0|0,0|100,0|1678|566|1111|0,10|1166,20|0,47|0,45
2014-06-15 11:09:48,732|0,0|0,0|100,0|1678|565|1113|0,10|1166,09|0,00|0,00
2014-06-15 11:09:54,528|0,0|1,9|98,0|1678|565|1113|0,10|1165,99|0,00|0,00
2014-06-15 11:10:00,348|0,0|0,0|100,0|1678|565|1113|0,10|1165,88|0,00|0,00
2014-06-15 11:10:06,212|35,2|13,7|50,9|1678|566|1111|0,10|1165,77|0,81|44,45
2014-06-15 11:10:12,031|0,0|0,0|100,0|1678|565|1113|0,10|1165,67|0,00|0,00
2014-06-15 11:10:17,848|0,0|0,0|100,0|1678|565|1113|0,10|1165,56|0,00|0,00
2014-06-15 11:10:23,654|0,0|0,0|100,0|1678|565|1113|0,10|1165,46|0,00|0,00
2014-06-15 11:10:29,449|0,0|0,0|100,0|1678|565|1113|0,10|1165,35|0,00|0,00
2014-06-15 11:10:35,207|0,0|0,0|100,0|1678|565|1113|0,10|1165,25|0,00|0,00
2014-06-15 11:10:40,998|0,0|0,0|100,0|1678|565|1113|0,10|1165,14|0,00|0,00
2014-06-15 11:10:46,841|0,0|0,0|100,0|1678|565|1113|0,10|1165,04|0,00|0,00
2014-06-15 11:10:52,584|0,0|0,0|100,0|1678|565|1113|0,10|1164,93|0,00|0,00
2014-06-15 11:10:58,352|0,0|0,0|100,0|1678|565|1113|0,10|1164,83|0,00|0,00
2014-06-15 11:11:04,133|0,0|0,0|100,0|1678|565|1113|0,10|1164,72|0,00|0,00
2014-06-15 11:11:09,953|0,0|0,0|100,0|1678|565|1113|0,10|1164,62|0,00|0,00
2014-06-15 11:11:15,699|0,0|0,0|100,0|1678|565|1113|0,10|1164,51|0,00|0,00
2014-06-15 11:11:21,518|0,0|0,0|100,0|1678|565|1113|0,10|1164,41|0,00|0,00
2014-06-15 11:11:27,290|0,0|0,0|100,0|1678|565|1112|0,10|1164,30|0,73|0,00
2014-06-15 11:11:33,061|0,0|1,9|98,0|1678|565|1113|0,10|1164,20|0,00|0,00
2014-06-15 11:11:38,806|0,0|1,9|98,0|1678|565|1112|0,10|1164,09|0,00|0,00
2014-06-15 11:11:44,573|0,0|0,0|100,0|1678|565|1113|0,10|1163,99|0,00|0,00
2014-06-15 11:11:50,341|0,0|0,0|100,0|1678|565|1112|0,10|1163,88|0,00|0,00
2014-06-15 11:11:56,094|0,0|0,0|100,0|1678|565|1113|0,10|1163,78|0,73|0,00
2014-06-15 11:12:01,850|0,0|0,0|100,0|1678|565|1112|0,10|1163,67|0,00|0,00
2014-06-15 11:12:07,601|0,0|0,0|100,0|1678|565|1113|0,10|1163,57|0,00|0,00
2014-06-15 11:12:13,350|0,0|0,0|100,0|1678|565|1112|0,10|1163,47|0,00|0,00
2014-06-15 11:12:19,236|0,0|1,9|98,0|1678|565|1113|0,10|1163,36|0,00|0,00
2014-06-15 11:12:24,989|0,0|0,0|100,0|1678|566|1111|0,10|1163,25|1,30|0,54
