2014-06-15 10:00:04,241|0,0|0,0|100,0|1678|572|1105|0,09|1124,24|0,00|0,00
2014-06-15 10:00:10,035|0,0|0,0|100,0|1678|570|1107|0,09|1124,14|0,00|0,00
2014-06-15 10:00:15,787|0,0|0,0|100,0|1678|570|1107|0,09|1124,04|0,00|0,00
2014-06-15 10:00:21,516|0,0|0,0|100,0|1678|570|1107|0,09|1123,94|0,00|0,00
2014-06-15 10:00:27,317|0,0|0,0|100,0|1678|570|1107|0,09|1123,85|3,63|0,00
2014-06-15 10:00:33,075|0,0|0,0|100,0|1678|570|1107|0,09|1123,75|0,00|0,00
2014-06-15 10:00:38,894|0,0|0,0|100,0|1678|570|1107|0,09|1123,65|0,00|0,00
2014-06-15 10:00:44,621|0,0|0,0|100,0|1678|570|1107|0,09|1123,55|0,40|1,01
2014-06-15 10:00:50,367|1,9|1,9|96,0|1678|571|1106|0,09|1123,46|1,59|0,56
2014-06-15 10:00:56,142|0,0|0,0|100,0|1678|570|1107|0,09|1123,36|0,00|0,00
2014-06-15 10:01:01,940|0,0|0,0|100,0|1678|570|1107|0,09|1123,26|0,00|0,00
2014-06-15 10:01:07,673|0,0|0,0|100,0|1678|572|1105|0,09|1123,16|1,30|0,65
2014-06-15 10:01:13,471|0,0|1,9|92,1|1678|570|1107|0,09|1123,07|0,00|0,00
2014-06-15 10:01:19,168|0,0|1,9|98,0|1678|570|1107|0,09|1122,97|0,00|0,00
2014-06-15 10:01:24,881|0,0|0,0|100,0|1678|570|1107|0,09|1122,87|0,00|0,00
2014-06-15 10:01:30,675|0,0|0,0|94,1|1678|570|1107|0,09|1122,78|0,00|0,00
2014-06-15 10:01:36,411|0,0|0,0|98,0|1678|570|1107|0,09|1122,68|0,00|0,00
2014-06-15 10:01:42,168|0,0|0,0|100,0|1678|570|1107|0,09|1122,58|0,00|0,00
2014-06-15 10:01:48,008|0,0|0,0|100,0|1678|570|1107|0,09|1122,48|0,00|0,00
2014-06-15 10:01:53,717|0,0|0,0|95,9|1678|570|1107|0,09|1122,39|0,00|0,00
2014-06-15 10:01:59,442|0,0|0,0|94,1|1678|570|1107|0,09|1122,29|0,00|0,00
2014-06-15 10:02:05,258|0,0|0,0|98,0|1678|570|1107|0,09|1122,19|0,00|0,00
2014-06-15 10:02:11,041|0,0|0,0|100,0|1678|570|1107|0,09|1122,10|0,00|0,00
2014-06-15 10:02:16,833|0,0|0,0|100,0|1678|571|1106|0,09|1122,00|1,67|2,28
2014-06-15 10:02:22,624|0,0|0,0|100,0|1678|570|1107|0,09|1121,90|0,00|0,00
2014-06-15 10:02:28,372|0,0|0,0|94,0|1678|570|1107|0,09|1121,80|0,00|0,00
2014-06-15 10:02:34,100|0,0|0,0|100,0|1678|571|1106|0,09|1121,71|1,39|0,68
2014-06-15 10:02:40,225|0,0|0,0|100,0|1678|570|1107|0,09|1121,60|0,00|0,00
2014-06-15 10:02:45,966|0,0|0,0|100,0|1678|570|1107|0,09|1121,51|0,00|0,00
2014-06-15 10:02:51,700|0,0|0,0|96,0|1678|570|1107|0,09|1121,41|0,00|0,00
2014-06-15 10:02:57,416|1,9|1,9|96,0|1678|572|1105|0,09|1121,31|4,71|0,48
2014-06-15 10:03:03,120|0,0|0,0|100,0|1678|570|1107|0,09|1121,22|0,00|0,00
2014-06-15 10:03:08,833|0,0|0,0|100,0|1678|570|1107|0,09|1121,12|0,00|0,00
2014-06-15 10:03:14,563|0,0|0,0|100,0|1678|572|1105|0,09|1121,02|2,29|153,06
2014-06-15 10:03:20,637|0,0|0,0|96,0|1678|570|1107|0,09|1120,92|0,00|0,00
2014-06-15 10:03:26,481|0,0|0,0|96,0|1678|570|1107|0,09|1120,83|0,00|0,00
2014-06-15 10:03:32,232|52,0|16,0|32,0|1678|572|1105|0,09|1120,73|1,27|4,31
2014-06-15 10:03:38,100|60,0|2,0|38,0|1678|571|1106|0,09|1120,63|0,61|0,84
2014-06-15 10:03:44,208|32,0|4,0|64,0|1678|571|1106|0,09|1120,53|2,59|2,86
2014-06-15 10:03:50,236|50,0|4,0|46,0|1678|573|1104|0,09|1120,43|1,45|1,28
2014-06-15 10:03:56,141|42,3|1,9|55,7|1678|571|1106|0,09|1120,33|0,79|0,83
2014-06-15 10:04:01,993|0,0|0,0|100,0|1678|570|1107|0,09|1120,23|0,74|0,94
2014-06-15 10:04:08,010|29,4|1,9|68,6|1678|571|1107|0,09|1120,13|2,94|3,39
2014-06-15 10:04:14,433|57,9|42,0|0,0|1678|578|1100|0,09|1120,01|2,19|1,99
2014-06-15 10:04:21,494|52,9|47,0|0,0|1678|585|1092|0,09|1119,89|3,07|96,17
2014-06-15 10:04:28,637|51,0|48,9|0,0|1678|583|1095|0,09|1119,77|6,58|6,96
2014-06-15 10:04:35,701|52,0|48,0|0,0|1678|598|1080|0,09|1119,65|0,30|1,95
2014-06-15 10:04:42,757|54,0|46,0|0,0|1678|600|1077|0,09|1119,53|0,00|0,00
2014-06-15 10:04:49,845|52,9|47,0|0,0|1678|598|1079|0,09|1119,41|6,00|7,15
2014-06-15 10:04:56,897|52,0|48,0|0,0|1678|606|1071|0,09|1119,30|6,07|26,28
2014-06-15 10:05:04,002|54,0|46,0|0,0|1678|600|1077|0,09|1119,18|1,90|1,90
2014-06-15 10:05:11,097|54,0|46,0|0,0|1678|605|1073|0,09|1119,06|1,84|0,62
2014-06-15 10:05:18,209|54,0|46,0|0,0|1678|604|1073|0,09|1118,94|0,00|0,00
2014-06-15 10:05:25,269|54,0|46,0|0,0|1678|605|1072|0,09|1118,82|1,40|1,40
2014-06-15 10:05:32,325|52,9|45,0|0,0|1678|600|1077|0,09|1118,70|0,06|0,00
2014-06-15 10:05:39,405|56,0|44,0|0,0|1678|599|1078|0,09|1118,58|1,45|1,45
2014-06-15 10:05:46,453|57,9|42,0|0,0|1678|599|1078|0,09|1118,47|1,39|0,68
2014-06-15 10:05:53,717|57,9|42,0|0,0|1678|596|1081|0,09|1118,34|1,49|1,49
2014-06-15 10:06:00,782|58,8|41,1|0,0|1678|593|1084|0,09|1118,22|1,74|2,38
2014-06-15 10:06:07,898|98,0|2,0|0,0|1678|587|1090|0,09|1118,11|0,74|0,86
2014-06-15 10:06:14,619|62,0|38,0|0,0|1678|584|1093|0,09|1117,99|1,84|1,84
2014-06-15 10:06:21,714|56,8|43,1|0,0|1678|594|1083|0,09|1117,87|3,97|3,96
2014-06-15 10:06:28,834|54,0|46,0|0,0|1678|592|1085|0,09|1117,76|2,19|1,98
2014-06-15 10:06:35,906|52,9|47,0|0,0|1678|599|1079|0,09|1117,64|4,65|5,64
2014-06-15 10:06:43,166|56,0|44,0|0,0|1678|606|1071|0,09|1117,52|0,34|0,14
2014-06-15 10:06:50,246|52,0|48,0|0,0|1678|600|1078|0,09|1117,40|0,00|0,00
2014-06-15 10:06:57,342|56,0|44,0|0,0|1678|606|1072|0,09|1117,28|0,70|5,67
2014-06-15 10:07:04,490|54,9|45,0|0,0|1678|598|1080|0,09|1117,16|0,00|0,00
2014-06-15 10:07:11,542|54,9|45,0|0,0|1678|598|1079|0,09|1117,04|1,30|0,64
2014-06-15 10:07:18,634|54,9|45,0|0,0|1678|595|1083|0,09|1116,92|0,00|0,00
2014-06-15 10:07:25,717|56,8|43,1|0,0|1678|596|1081|0,09|1116,81|0,53|1,13
2014-06-15 10:07:32,794|57,9|42,0|0,0|1678|596|1081|0,09|1116,69|0,13|0,06
2014-06-15 10:07:39,943|56,0|44,0|0,0|1678|593|1085|0,09|1116,57|0,06|0,06
2014-06-15 10:07:47,022|64,7|35,2|0,0|1678|596|1081|0,09|1116,45|0,49|15,08
2014-06-15 10:07:54,118|62,7|37,2|0,0|1678|595|1082|0,09|1116,33|0,00|0,00
2014-06-15 10:08:01,218|62,7|37,2|0,0|1678|594|1084|0,09|1116,21|0,00|0,00
2014-06-15 10:08:08,302|96,0|3,9|0,0|1678|587|1090|0,09|1116,10|0,13|0,13
2014-06-15 10:08:14,958|0,0|0,0|100,0|1678|578|1099|0,09|1115,99|0,00|0,00
2014-06-15 10:08:20,718|0,0|0,0|100,0|1678|579|1098|0,09|1115,90|1,49|0,85
2014-06-15 10:08:26,556|0,0|0,0|100,0|1678|576|1101|0,09|1115,80|0,00|0,00
2014-06-15 10:08:32,359|0,0|0,0|100,0|1678|576|1101|0,09|1115,70|0,00|0,00
2014-06-15 10:08:38,105|0,0|0,0|100,0|1678|577|1100|0,09|1115,61|1,58|0,56
2014-06-15 10:08:43,887|0,0|0,0|100,0|1678|575|1102|0,09|1115,51|0,00|0,00
2014-06-15 10:08:49,735|0,0|0,0|100,0|1678|573|1105|0,09|1115,41|0,00|0,00
2014-06-15 10:08:55,481|21,5|11,7|66,6|1678|579|1099|0,09|1115,32|0,68|15,10
2014-06-15 10:09:01,315|0,0|0,0|100,0|1678|572|1105|0,09|1115,22|0,00|0,00
2014-06-15 10:09:07,107|0,0|1,9|98,0|1678|572|1106|0,09|1115,13|0,40|1,01
2014-06-15 10:09:12,888|1,9|0,0|98,0|1678|573|1104|0,09|1115,03|1,08|0,35
2014-06-15 10:09:18,653|0,0|0,0|100,0|1678|571|1106|0,09|1114,93|0,00|0,00
2014-06-15 10:09:24,407|0,0|0,0|100,0|1678|572|1106|0,09|1114,84|0,00|0,00
2014-06-15 10:09:30,141|0,0|0,0|100,0|1678|574|1104|0,09|1114,74|3,10|90,66
2014-06-15 10:09:35,891|0,0|0,0|100,0|1678|571|1106|0,09|1114,65|0,00|0,00
2014-06-15 10:09:41,596|0,0|0,0|100,0|1678|572|1106|0,09|1114,55|0,00|0,00
2014-06-15 10:09:47,312|0,0|0,0|100,0|1678|573|1104|0,09|1114,45|0,65|0,38
2014-06-15 10:09:53,213|0,0|0,0|100,0|1678|571|1106|0,09|1114,36|0,00|0,00
2014-06-15 10:09:58,952|0,0|2,0|98,0|1678|572|1105|0,09|1114,26|1,76|2,28
2014-06-15 10:10:04,733|0,0|0,0|100,0|1678|571|1106|0,09|1114,17|0,00|0,00
2014-06-15 10:10:10,497|0,0|0,0|100,0|1678|572|1106|0,09|1114,07|0,00|0,00
2014-06-15 10:10:16,236|0,0|0,0|100,0|1678|572|1106|0,09|1113,98|1,67|2,02
2014-06-15 10:10:21,951|0,0|0,0|100,0|1678|572|1106|0,09|1113,88|0,40|1,01
2014-06-15 10:10:27,759|0,0|0,0|100,0|1678|571|1106|0,09|1113,78|3,27|0,00
2014-06-15 10:10:33,495|0,0|0,0|100,0|1678|572|1106|0,09|1113,69|0,00|0,00
2014-06-15 10:10:39,332|0,0|0,0|100,0|1678|574|1104|0,09|1113,59|3,43|99,67
2014-06-15 10:10:45,060|0,0|0,0|100,0|1678|571|1106|0,09|1113,50|0,00|0,00
2014-06-15 10:10:50,837|0,0|1,9|98,0|1678|572|1106|0,09|1113,40|0,00|0,00
2014-06-15 10:10:56,579|0,0|0,0|100,0|1678|573|1104|0,09|1113,30|0,35|0,13
2014-06-15 10:11:02,456|0,0|0,0|100,0|1678|571|1106|0,09|1113,21|0,00|0,00
2014-06-15 10:11:08,152|0,0|0,0|100,0|1678|572|1106|0,09|1113,11|0,00|0,00
2014-06-15 10:11:13,876|0,0|0,0|100,0|1678|574|1104|0,09|1113,02|3,24|91,12
2014-06-15 10:11:19,633|0,0|1,9|98,0|1678|572|1106|0,09|1112,92|0,00|0,00
2014-06-15 10:11:25,478|0,0|0,0|100,0|1678|571|1106|0,09|1112,83|0,00|0,00
2014-06-15 10:11:31,218|0,0|0,0|100,0|1678|573|1104|0,09|1112,73|0,35|0,13
2014-06-15 10:11:37,140|0,0|0,0|100,0|1678|571|1106|0,09|1112,63|0,40|1,01
2014-06-15 10:11:42,873|0,0|0,0|100,0|1678|571|1106|0,09|1112,54|0,00|0,00
2014-06-15 10:11:48,616|0,0|0,0|100,0|1678|574|1104|0,09|1112,44|3,13|149,67
2014-06-15 10:11:54,461|0,0|0,0|100,0|1678|572|1106|0,09|1112,35|0,00|0,00
2014-06-15 10:12:00,220|1,9|0,0|98,0|1678|572|1106|0,09|1112,25|0,00|0,00
2014-06-15 10:12:05,989|18,3|4,0|77,5|1678|573|1104|0,09|1112,16|0,53|9,75
2014-06-15 10:12:11,715|0,0|0,0|100,0|1678|571|1106|0,09|1112,06|0,00|0,00
2014-06-15 10:12:17,486|0,0|0,0|100,0|1678|572|1106|0,09|1111,96|0,00|0,00
2014-06-15 10:12:23,194|30,0|12,0|57,9|1678|574|1104|0,09|1111,87|0,54|44,31
2014-06-15 10:12:29,021|0,0|0,0|100,0|1678|572|1106|0,09|1111,77|0,00|0,00
2014-06-15 10:12:34,726|0,0|0,0|100,0|1678|572|1106|0,09|1111,68|0,00|0,00
2014-06-15 10:12:40,508|0,0|1,9|96,1|1678|573|1105|0,09|1111,58|1,39|0,68
2014-06-15 10:12:46,375|0,0|0,0|100,0|1678|572|1106|0,09|1111,49|0,00|0,00
2014-06-15 10:12:52,109|0,0|0,0|100,0|1678|572|1106|0,09|1111,39|0,00|0,00
2014-06-15 10:12:57,829|0,0|0,0|100,0|1678|573|1105|0,09|1111,30|2,98|0,76
2014-06-15 10:13:03,760|0,0|0,0|100,0|1678|572|1106|0,09|1111,20|0,00|0,00
2014-06-15 10:13:09,479|0,0|0,0|100,0|1678|572|1106|0,09|1111,10|0,00|0,00
2014-06-15 10:13:15,220|0,0|0,0|100,0|1678|572|1106|0,09|1111,01|1,74|2,38
2014-06-15 10:13:20,946|0,0|0,0|100,0|1678|572|1106|0,09|1110,92|0,00|0,00
2014-06-15 10:13:26,667|0,0|0,0|100,0|1678|572|1106|0,09|1110,82|0,00|0,00
2014-06-15 10:13:32,449|0,0|0,0|100,0|1678|572|1106|0,09|1110,73|0,30|1,96
2014-06-15 10:13:38,155|0,0|0,0|100,0|1678|574|1103|0,09|1110,63|1,10|0,38
2014-06-15 10:13:43,921|0,0|1,9|98,0|1678|572|1106|0,09|1110,54|0,00|0,00
2014-06-15 10:13:49,630|0,0|0,0|100,0|1678|572|1106|0,09|1110,44|0,00|0,00
2014-06-15 10:13:55,410|1,9|1,9|96,0|1678|573|1104|0,09|1110,34|0,76|11,24
2014-06-15 10:14:01,269|0,0|0,0|100,0|1678|571|1106|0,09|1110,25|0,00|0,00
2014-06-15 10:14:07,053|0,0|0,0|100,0|1678|572|1106|0,09|1110,15|0,00|0,00
2014-06-15 10:14:12,846|11,7|3,9|84,3|1678|573|1104|0,09|1110,06|0,54|41,30
2014-06-15 10:14:18,591|0,0|0,0|100,0|1678|572|1106|0,09|1109,96|0,00|0,00
2014-06-15 10:14:24,397|0,0|0,0|100,0|1678|571|1106|0,09|1109,87|0,00|0,00
2014-06-15 10:14:30,186|0,0|2,0|98,0|1678|573|1104|0,09|1109,77|1,29|0,64
2014-06-15 10:14:35,929|0,0|0,0|100,0|1678|572|1106|0,09|1109,68|0,00|0,00
2014-06-15 10:14:41,657|0,0|0,0|100,0|1678|572|1106|0,09|1109,58|0,00|0,00
2014-06-15 10:14:47,410|0,0|0,0|100,0|1678|572|1106|0,09|1109,49|0,00|0,00
2014-06-15 10:14:53,137|0,0|0,0|100,0|1678|573|1105|0,09|1109,39|0,81|0,76
2014-06-15 10:14:59,230|0,0|0,0|100,0|1678|571|1106|0,09|1109,29|0,00|0,00
2014-06-15 10:15:04,996|0,0|1,9|98,0|1678|571|1106|0,09|1109,20|0,00|0,00
2014-06-15 10:15:10,742|0,0|0,0|100,0|1678|571|1106|0,09|1109,10|1,67|2,02
2014-06-15 10:15:16,482|0,0|1,9|98,0|1678|572|1106|0,09|1109,01|0,00|0,00
2014-06-15 10:15:22,314|0,0|1,9|98,0|1678|572|1106|0,09|1108,91|0,00|0,00
2014-06-15 10:15:28,049|0,0|0,0|100,0|1678|572|1106|0,09|1108,82|0,07|0,07
2014-06-15 10:15:33,842|0,0|0,0|100,0|1678|574|1104|0,09|1108,72|3,46|93,90
2014-06-15 10:15:39,571|0,0|0,0|100,0|1678|572|1106|0,09|1108,63|0,00|0,00
2014-06-15 10:15:45,382|1,9|0,0|98,0|1678|572|1106|0,09|1108,53|0,00|0,00
2014-06-15 10:15:51,122|62,7|19,6|17,6|1678|573|1104|0,09|1108,44|0,42|12,85
2014-06-15 10:15:56,870|0,0|0,0|100,0|1678|572|1106|0,09|1108,34|1,81|0,00
2014-06-15 10:16:02,607|0,0|0,0|100,0|1678|572|1106|0,09|1108,25|0,00|0,00
2014-06-15 10:16:08,334|40,0|10,0|50,0|1678|586|1091|0,09|1108,16|0,38|0,65
2014-06-15 10:16:14,116|0,0|0,0|100,0|1678|572|1106|0,09|1108,06|0,34|0,63
2014-06-15 10:16:19,928|0,0|0,0|100,0|1678|572|1106|0,09|1107,97|0,00|0,00
2014-06-15 10:16:25,634|0,0|1,9|98,0|1678|573|1105|0,09|1107,87|0,33|0,67
2014-06-15 10:16:31,356|0,0|1,9|98,0|1678|572|1106|0,09|1107,78|0,00|0,00
2014-06-15 10:16:37,150|0,0|0,0|100,0|1678|572|1106|0,09|1107,68|0,00|0,00
2014-06-15 10:16:42,887|1,9|1,9|96,0|1678|573|1105|0,09|1107,59|1,58|0,56
2014-06-15 10:16:48,642|0,0|0,0|100,0|1678|572|1106|0,09|1107,49|0,00|0,00
2014-06-15 10:16:54,356|0,0|0,0|100,0|1678|572|1106|0,09|1107,40|0,00|0,00
2014-06-15 10:17:00,083|1,9|1,9|96,0|1678|572|1106|0,09|1107,31|0,14|0,18
2014-06-15 10:17:05,896|1,9|0,0|98,0|1678|572|1106|0,09|1107,21|0,00|0,00
2014-06-15 10:17:11,621|50,9|31,3|17,6|1678|573|1104|0,09|1107,12|1,84|1,84
2014-06-15 10:17:18,094|60,0|40,0|0,0|1678|578|1099|0,09|1107,00|1,85|1,85
2014-06-15 10:17:25,220|54,9|45,0|0,0|1678|585|1093|0,09|1106,88|2,19|1,97
2014-06-15 10:17:32,282|54,0|46,0|0,0|1678|582|1095|0,09|1106,77|15,54|15,54
2014-06-15 10:17:39,351|54,9|45,0|0,0|1678|606|1071|0,09|1106,65|1,59|0,56
2014-06-15 10:17:46,434|54,9|45,0|0,0|1678|593|1084|0,09|1106,53|0,00|0,00
2014-06-15 10:17:53,523|54,0|46,0|0,0|1678|585|1092|0,09|1106,42|0,40|1,01
2014-06-15 10:18:00,603|54,9|45,0|0,0|1678|594|1084|0,09|1106,30|8,42|107,50
2014-06-15 10:18:07,730|56,8|43,1|0,0|1678|594|1083|0,09|1106,19|8,93|8,93
2014-06-15 10:18:14,809|58,8|41,1|0,0|1678|603|1074|0,09|1106,07|0,00|0,00
2014-06-15 10:18:21,879|60,7|39,2|0,0|1678|606|1071|0,09|1105,95|0,00|0,00
2014-06-15 10:18:28,955|60,7|39,2|0,0|1678|601|1076|0,09|1105,84|0,00|0,00
2014-06-15 10:18:36,040|62,0|38,0|0,0|1678|597|1080|0,09|1105,72|1,30|0,64
2014-06-15 10:18:43,119|60,7|39,2|0,0|1678|590|1088|0,09|1105,61|0,40|1,01
2014-06-15 10:18:50,171|66,0|34,0|0,0|1678|585|1092|0,09|1105,49|0,39|2,28
2014-06-15 10:18:56,848|0,0|1,9|94,2|1678|578|1099|0,09|1105,39|4,08|0,38
2014-06-15 10:19:02,852|64,0|36,0|0,0|1678|577|1100|0,09|1105,29|1,84|1,84
2014-06-15 10:19:09,315|54,9|45,0|0,0|1678|583|1095|0,09|1105,18|1,98|2,02
2014-06-15 10:19:16,403|56,0|44,0|0,0|1678|582|1095|0,09|1105,06|2,60|2,60
2014-06-15 10:19:23,495|56,0|44,0|0,0|1678|608|1070|0,09|1104,95|1,85|1,85
2014-06-15 10:19:30,559|52,9|47,0|0,0|1678|603|1074|0,09|1104,83|1,08|1,42
2014-06-15 10:19:37,679|54,0|46,0|0,0|1678|592|1086|0,09|1104,71|0,00|0,00
2014-06-15 10:19:44,709|54,0|46,0|0,0|1678|592|1085|0,09|1104,60|0,00|0,00
2014-06-15 10:19:51,755|54,0|46,0|0,0|1678|592|1085|0,09|1104,48|6,52|169,60
2014-06-15 10:19:58,851|52,9|45,0|0,0|1678|592|1085|0,09|1104,37|0,40|1,01
2014-06-15 10:20:05,916|57,9|42,0|0,0|1678|594|1084|0,09|1104,25|0,00|0,00
2014-06-15 10:20:12,956|58,8|41,1|0,0|1678|593|1085|0,09|1104,14|0,06|0,00
2014-06-15 10:20:20,000|58,8|41,1|0,0|1678|589|1088|0,09|1104,02|0,00|0,00
2014-06-15 10:20:27,072|60,0|40,0|0,0|1678|587|1090|0,09|1103,91|10,82|7,18
2014-06-15 10:20:34,272|62,0|38,0|0,0|1678|585|1092|0,09|1103,79|0,00|0,00
2014-06-15 10:20:41,305|100,0|0,0|0,0|1678|577|1100|0,09|1103,68|0,00|0,00
2014-06-15 10:20:47,617|26,0|18,0|56,0|1678|579|1099|0,09|1103,58|3,92|4,20
2014-06-15 10:20:54,176|57,9|42,0|0,0|1678|588|1089|0,09|1103,47|1,85|1,85
2014-06-15 10:21:01,220|57,1|42,8|0,0|1678|597|1081|0,09|1103,35|1,85|1,85
2014-06-15 10:21:08,290|54,0|46,0|0,0|1678|592|1086|0,09|1103,23|5,54|180,54
2014-06-15 10:21:15,508|52,9|47,0|0,0|1678|585|1093|0,09|1103,12|0,00|0,00
2014-06-15 10:21:22,580|52,9|47,0|0,0|1678|599|1079|0,09|1103,00|1,67|2,02
2014-06-15 10:21:29,664|57,1|42,8|0,0|1678|626|1051|0,09|1102,89|0,00|0,00
2014-06-15 10:21:36,724|56,0|44,0|0,0|1678|617|1061|0,09|1102,77|0,00|0,00
2014-06-15 10:21:43,804|56,8|43,1|0,0|1678|614|1064|0,09|1102,66|0,38|0,47
2014-06-15 10:21:50,965|57,9|42,0|0,0|1678|604|1074|0,09|1102,54|0,00|0,00
2014-06-15 10:21:58,036|57,9|42,0|0,0|1678|598|1079|0,09|1102,43|0,00|0,00
2014-06-15 10:22:05,128|56,0|44,0|0,0|1678|592|1086|0,09|1102,31|0,78|2,59
2014-06-15 10:22:12,313|57,9|42,0|0,0|1678|588|1090|0,09|1102,19|0,00|0,00
2014-06-15 10:22:19,364|62,0|38,0|0,0|1678|593|1085|0,09|1102,08|1,98|4,79
2014-06-15 10:22:26,105|60,7|39,2|0,0|1678|594|1083|0,09|1101,97|2,21|1,85
2014-06-15 10:22:33,169|54,0|46,0|0,0|1678|586|1091|0,09|1101,85|1,85|1,85
2014-06-15 10:22:40,237|52,0|48,0|0,0|1678|594|1084|0,09|1101,74|2,46|2,73
2014-06-15 10:22:47,469|54,0|46,0|0,0|1678|600|1077|0,09|1101,62|2,24|2,31
2014-06-15 10:22:54,534|52,0|48,0|0,0|1678|590|1087|0,09|1101,51|0,40|1,01
2014-06-15 10:23:01,610|50,9|49,0|0,0|1678|589|1088|0,09|1101,39|11,17|186,21
2014-06-15 10:23:08,851|52,0|48,0|0,0|1678|596|1081|0,09|1101,27|0,00|0,00
2014-06-15 10:23:15,917|56,0|44,0|0,0|1678|600|1078|0,09|1101,16|0,07|0,07
2014-06-15 10:23:22,985|54,0|46,0|0,0|1678|595|1082|0,09|1101,05|0,34|0,14
2014-06-15 10:23:30,045|54,9|45,0|0,0|1678|593|1084|0,09|1100,93|3,40|3,19
2014-06-15 10:23:37,102|56,0|44,0|0,0|1678|599|1078|0,09|1100,82|4,05|2,93
2014-06-15 10:23:44,293|54,9|43,1|0,0|1678|601|1076|0,09|1100,70|0,40|1,01
2014-06-15 10:23:51,369|55,7|44,2|0,0|1678|600|1077|0,09|1100,58|0,00|0,00
2014-06-15 10:23:58,437|60,0|40,0|0,0|1678|602|1075|0,09|1100,47|0,43|15,16
2014-06-15 10:24:05,525|58,8|41,1|0,0|1678|600|1078|0,09|1100,36|5,23|5,23
2014-06-15 10:24:12,553|63,2|36,7|0,0|1678|596|1081|0,09|1100,24|0,07|1,22
2014-06-15 10:24:19,598|64,0|36,0|0,0|1678|601|1076|0,09|1100,13|0,13|0,06
2014-06-15 10:24:26,630|60,0|40,0|0,0|1678|598|1079|0,09|1100,01|5,12|1,49
2014-06-15 10:24:33,643|64,0|36,0|0,0|1678|595|1082|0,09|1099,90|0,20|0,24
2014-06-15 10:24:40,682|98,0|1,9|0,0|1678|588|1089|0,09|1099,79|0,63|1,15
2014-06-15 10:24:47,062|45,0|1,9|52,9|1678|576|1101|0,09|1099,69|0,00|0,00
2014-06-15 10:24:53,079|0,0|0,0|100,0|1678|576|1101|0,09|1099,59|0,14|0,18
2014-06-15 10:24:58,923|0,0|0,0|100,0|1678|579|1099|0,09|1099,50|2,43|26,27
2014-06-15 10:25:05,178|60,7|39,2|0,0|1678|581|1096|0,09|1099,39|5,70|5,70
2014-06-15 10:25:12,250|56,8|43,1|0,0|1678|583|1094|0,09|1099,28|1,97|1,97
2014-06-15 10:25:19,326|54,0|46,0|0,0|1678|591|1086|0,09|1099,16|3,77|3,77
2014-06-15 10:25:26,332|54,0|46,0|0,0|1678|606|1071|0,09|1099,05|2,90|0,00
2014-06-15 10:25:33,399|55,1|44,8|0,0|1678|605|1072|0,09|1098,93|1,67|2,27
2014-06-15 10:25:40,466|54,0|46,0|0,0|1678|595|1082|0,09|1098,82|0,00|0,00
2014-06-15 10:25:47,554|54,9|45,0|0,0|1678|591|1086|0,09|1098,70|0,00|0,00
2014-06-15 10:25:54,602|54,9|45,0|0,0|1678|604|1074|0,09|1098,59|0,81|0,82
2014-06-15 10:26:01,858|56,0|44,0|0,0|1678|601|1076|0,09|1098,47|0,00|0,00
2014-06-15 10:26:08,910|56,0|44,0|0,0|1678|595|1082|0,09|1098,36|0,00|0,00
2014-06-15 10:26:15,970|56,8|43,1|0,0|1678|595|1082|0,09|1098,24|15,18|108,21
2014-06-15 10:26:23,070|64,0|36,0|0,0|1678|593|1084|0,09|1098,13|0,00|0,00
2014-06-15 10:26:30,140|61,5|36,5|0,0|1678|589|1088|0,09|1098,02|0,00|0,00
2014-06-15 10:26:37,170|62,7|37,2|0,0|1678|583|1095|0,09|1097,90|5,08|5,08
2014-06-15 10:26:44,255|54,9|45,0|0,0|1678|586|1092|0,09|1097,79|1,85|1,85
2014-06-15 10:26:51,287|54,9|45,0|0,0|1678|587|1090|0,09|1097,67|3,52|4,12
2014-06-15 10:26:58,359|52,0|48,0|0,0|1678|591|1086|0,09|1097,56|2,72|2,11
2014-06-15 10:27:05,471|52,0|48,0|0,0|1678|597|1081|0,09|1097,45|2,64|3,25
2014-06-15 10:27:12,555|56,0|44,0|0,0|1678|609|1069|0,09|1097,33|0,00|0,00
2014-06-15 10:27:19,683|54,9|45,0|0,0|1678|611|1066|0,09|1097,22|0,00|0,00
2014-06-15 10:27:26,771|54,0|46,0|0,0|1678|607|1071|0,09|1097,10|5,29|2,27
2014-06-15 10:27:33,867|56,0|44,0|0,0|1678|604|1073|0,09|1096,99|0,51|0,51
2014-06-15 10:27:40,975|55,7|44,2|0,0|1678|599|1079|0,09|1096,87|0,00|0,00
2014-06-15 10:27:48,059|55,7|44,2|0,0|1678|596|1081|0,09|1096,76|7,59|6,99
2014-06-15 10:27:55,115|56,0|44,0|0,0|1678|595|1082|0,09|1096,65|0,00|0,00
2014-06-15 10:28:02,204|60,7|39,2|0,0|1678|595|1082|0,09|1096,53|6,71|6,71
2014-06-15 10:28:09,315|64,0|36,0|0,0|1678|594|1083|0,09|1096,42|1,08|0,48
2014-06-15 10:28:16,375|96,0|4,0|0,0|1678|581|1096|0,09|1096,31|0,00|0,00
2014-06-15 10:28:22,439|0,0|0,0|94,0|1678|579|1098|0,09|1096,22|0,00|0,00
2014-06-15 10:28:28,148|0,0|0,0|96,0|1678|580|1097|0,09|1096,12|1,39|0,81
2014-06-15 10:28:33,907|0,0|0,0|100,0|1678|579|1098|0,09|1096,03|1,42|1,65
2014-06-15 10:28:40,335|60,7|39,2|0,0|1678|589|1088|0,09|1095,92|2,19|1,98
2014-06-15 10:28:47,407|56,8|41,1|0,0|1678|595|1082|0,09|1095,80|3,43|2,41
2014-06-15 10:28:54,464|52,9|47,0|0,0|1678|587|1090|0,09|1095,69|1,85|1,85
2014-06-15 10:29:01,481|52,9|47,0|0,0|1678|590|1088|0,09|1095,58|1,81|2,19
2014-06-15 10:29:08,512|54,0|46,0|0,0|1678|636|1042|0,09|1095,47|0,57|0,54
2014-06-15 10:29:15,576|54,9|45,0|0,0|1678|630|1047|0,09|1095,35|0,00|0,00
2014-06-15 10:29:22,629|54,0|46,0|0,0|1678|623|1054|0,09|1095,24|0,00|0,00
2014-06-15 10:29:29,676|55,1|44,8|0,0|1678|612|1066|0,09|1095,13|0,39|0,38
2014-06-15 10:29:36,760|54,0|46,0|0,0|1678|605|1072|0,09|1095,01|0,00|0,00
2014-06-15 10:29:43,808|54,9|45,0|0,0|1678|604|1073|0,09|1094,90|0,48|0,27
2014-06-15 10:29:50,874|54,0|46,0|0,0|1678|602|1076|0,09|1094,78|10,32|156,38
2014-06-15 10:29:58,112|56,8|43,1|0,0|1678|599|1078|0,09|1094,67|0,00|0,00
2014-06-15 10:30:05,200|57,9|42,0|0,0|1678|599|1079|0,09|1094,56|0,00|0,00
2014-06-15 10:30:12,276|58,8|41,1|0,0|1678|598|1080|0,09|1094,44|0,84|8,16
2014-06-15 10:30:19,532|60,0|40,0|0,0|1678|595|1082|0,09|1094,33|1,30|1,30
2014-06-15 10:30:26,280|98,0|1,9|0,0|1678|584|1093|0,09|1094,22|1,69|2,29
2014-06-15 10:30:32,337|0,0|0,0|100,0|1678|582|1095|0,09|1094,13|3,44|149,38
2014-06-15 10:30:38,121|0,0|0,0|100,0|1678|580|1097|0,09|1094,04|0,00|0,00
2014-06-15 10:30:43,840|0,0|0,0|100,0|1678|580|1097|0,09|1093,95|0,00|0,00
2014-06-15 10:30:49,600|0,0|0,0|100,0|1678|581|1097|0,09|1093,85|1,59|0,56
2014-06-15 10:30:55,378|0,0|0,0|100,0|1678|579|1099|0,09|1093,76|0,00|0,00
2014-06-15 10:31:01,194|0,0|0,0|100,0|1678|577|1100|0,09|1093,67|0,00|0,00
2014-06-15 10:31:06,926|0,0|0,0|100,0|1678|576|1101|0,09|1093,58|0,14|0,18
2014-06-15 10:31:12,706|0,0|0,0|100,0|1678|578|1099|0,09|1093,48|2,38|26,33
2014-06-15 10:31:18,434|96,0|4,0|0,0|1678|574|1103|0,09|1093,39|0,60|0,77
2014-06-15 10:31:24,709|84,3|5,8|9,8|1678|574|1103|0,09|1093,29|0,60|0,77
2014-06-15 10:31:31,005|52,9|9,8|37,2|1678|576|1101|0,09|1093,19|1,47|15,90
2014-06-15 10:31:37,123|33,3|3,9|62,7|1678|575|1103|0,09|1093,09|0,87|0,91
2014-06-15 10:31:43,223|34,0|22,0|44,0|1678|575|1102|0,09|1092,99|3,46|3,46
2014-06-15 10:31:49,805|60,7|39,2|0,0|1678|580|1097|0,09|1092,88|14,90|58,61
2014-06-15 10:31:56,918|57,9|42,0|0,0|1678|588|1090|0,09|1092,77|5,47|1,85
2014-06-15 10:32:03,977|52,9|45,0|0,0|1678|591|1086|0,09|1092,65|1,84|1,84
2014-06-15 10:32:11,045|54,0|46,0|0,0|1678|591|1087|0,09|1092,54|0,62|9,53
2014-06-15 10:32:18,229|52,0|48,0|0,0|1678|588|1090|0,09|1092,43|0,00|0,00
2014-06-15 10:32:25,313|55,1|44,8|0,0|1678|594|1084|0,09|1092,31|0,20|0,20
2014-06-15 10:32:32,389|54,9|45,0|0,0|1678|597|1080|0,09|1092,20|0,35|0,13
2014-06-15 10:32:39,477|56,8|43,1|0,0|1678|595|1083|0,09|1092,09|0,00|0,00
2014-06-15 10:32:46,561|57,9|42,0|0,0|1678|594|1083|0,09|1091,97|1,59|1,95
2014-06-15 10:32:53,705|56,8|43,1|0,0|1678|594|1084|0,09|1091,86|0,00|0,00
2014-06-15 10:33:00,741|60,0|40,0|0,0|1678|596|1081|0,09|1091,75|0,00|0,00
2014-06-15 10:33:07,777|57,9|42,0|0,0|1678|596|1081|0,09|1091,63|1,39|0,68
2014-06-15 10:33:14,901|57,9|42,0|0,0|1678|588|1090|0,09|1091,52|0,00|0,00
2014-06-15 10:33:21,849|0,0|0,0|100,0|1678|578|1099|0,09|1091,42|0,61|0,84
2014-06-15 10:33:27,893|79,5|4,0|16,3|1678|578|1099|0,09|1091,32|2,60|3,77
2014-06-15 10:33:34,228|0,0|0,0|100,0|1678|578|1099|0,09|1091,22|0,00|0,00
2014-06-15 10:33:40,302|0,0|0,0|100,0|1678|578|1099|0,09|1091,13|0,00|0,00
2014-06-15 10:33:46,100|62,0|38,0|0,0|1678|582|1096|0,09|1091,02|5,06|5,41
2014-06-15 10:33:53,170|57,9|42,0|0,0|1678|585|1092|0,09|1090,91|5,51|5,51
2014-06-15 10:34:00,270|54,9|43,1|0,0|1678|599|1078|0,09|1090,80|2,26|2,05
2014-06-15 10:34:07,318|52,9|47,0|0,0|1678|609|1069|0,09|1090,69|1,98|2,02
2014-06-15 10:34:14,374|54,0|46,0|0,0|1678|598|1080|0,09|1090,57|0,00|0,00
2014-06-15 10:34:21,418|54,9|45,0|0,0|1678|587|1090|0,09|1090,46|0,00|0,00
2014-06-15 10:34:28,466|54,9|43,1|0,0|1678|618|1060|0,09|1090,35|0,81|0,76
2014-06-15 10:34:35,734|60,7|39,2|0,0|1678|633|1044|0,09|1090,23|0,75|0,75
2014-06-15 10:34:42,782|60,0|40,0|0,0|1678|630|1048|0,09|1090,12|0,00|0,00
2014-06-15 10:34:49,842|62,0|38,0|0,0|1678|621|1056|0,09|1090,01|0,33|0,67
2014-06-15 10:34:57,034|60,0|40,0|0,0|1678|613|1065|0,09|1089,89|3,62|0,00
2014-06-15 10:35:04,114|60,0|40,0|0,0|1678|606|1072|0,09|1089,78|4,23|4,23
2014-06-15 10:35:11,158|62,0|38,0|0,0|1678|608|1069|0,09|1089,67|0,56|0,54
2014-06-15 10:35:18,262|60,7|39,2|0,0|1678|604|1074|0,09|1089,56|0,13|0,13
2014-06-15 10:35:25,318|58,8|41,1|0,0|1678|596|1081|0,09|1089,45|0,00|0,00
2014-06-15 10:35:32,488|58,8|41,1|0,0|1678|581|1096|0,09|1089,33|1,30|0,64
2014-06-15 10:35:39,498|60,7|39,2|0,0|1678|577|1100|0,09|1089,22|2,65|2,65
2014-06-15 10:35:46,563|58,8|41,1|0,0|1678|587|1091|0,09|1089,11|1,84|1,84
2014-06-15 10:35:53,627|54,9|45,0|0,0|1678|584|1093|0,09|1088,99|5,29|151,23
2014-06-15 10:36:00,855|54,0|46,0|0,0|1678|592|1085|0,09|1088,88|2,61|2,61
2014-06-15 10:36:07,899|54,9|45,0|0,0|1678|603|1074|0,09|1088,77|0,13|0,13
2014-06-15 10:36:15,009|53,8|46,1|0,0|1678|600|1077|0,09|1088,65|0,97|12,42
2014-06-15 10:36:22,235|54,0|46,0|0,0|1678|590|1088|0,09|1088,54|0,00|0,00
2014-06-15 10:36:29,347|54,0|46,0|0,0|1678|591|1087|0,09|1088,43|0,14|0,18
2014-06-15 10:36:36,444|54,0|46,0|0,0|1678|595|1082|0,09|1088,32|0,00|0,00
2014-06-15 10:36:43,503|54,9|45,0|0,0|1678|597|1080|0,09|1088,20|0,00|0,00
2014-06-15 10:36:50,593|54,9|45,0|0,0|1678|593|1084|0,09|1088,09|1,59|1,94
2014-06-15 10:36:57,711|55,1|44,8|0,0|1678|592|1086|0,09|1087,98|0,74|0,74
2014-06-15 10:37:04,788|57,9|42,0|0,0|1678|591|1086|0,09|1087,87|4,95|4,95
2014-06-15 10:37:11,839|57,9|42,0|0,0|1678|596|1081|0,09|1087,75|2,27|1,56
2014-06-15 10:37:18,969|58,8|41,1|0,0|1678|591|1086|0,09|1087,64|2,14|2,14
2014-06-15 10:37:26,035|96,0|4,0|0,0|1678|584|1093|0,09|1087,53|1,03|1,03
2014-06-15 10:37:32,403|0,0|0,0|100,0|1678|580|1097|0,09|1087,44|0,47|0,45
2014-06-15 10:37:38,124|0,0|0,0|100,0|1678|578|1099|0,09|1087,35|0,00|0,00
2014-06-15 10:37:43,841|0,0|0,0|100,0|1678|578|1099|0,09|1087,26|0,00|0,00
2014-06-15 10:37:49,648|0,0|1,9|98,0|1678|577|1100|0,09|1087,17|1,60|1,95
2014-06-15 10:37:55,494|0,0|0,0|100,0|1678|579|1098|0,09|1087,07|0,35|0,13
2014-06-15 10:38:01,213|0,0|0,0|100,0|1678|576|1101|0,09|1086,98|0,00|0,00
2014-06-15 10:38:06,929|0,0|0,0|100,0|1678|576|1102|0,09|1086,89|0,00|0,00
2014-06-15 10:38:12,792|24,0|8,0|68,0|1678|577|1101|0,09|1086,80|0,61|15,09
2014-06-15 10:38:18,540|0,0|0,0|100,0|1678|575|1102|0,09|1086,71|0,00|0,00
2014-06-15 10:38:24,352|39,2|1,9|58,8|1678|576|1102|0,09|1086,62|0,67|0,84
2014-06-15 10:38:30,476|50,9|5,8|43,1|1678|577|1100|0,09|1086,52|2,23|1,49
2014-06-15 10:38:36,444|45,0|1,9|52,9|1678|576|1102|0,09|1086,43|0,93|0,91
2014-06-15 10:38:42,300|46,0|2,0|52,0|1678|576|1102|0,09|1086,33|0,54|0,77
2014-06-15 10:38:48,191|0,0|1,9|98,0|1678|575|1103|0,09|1086,24|0,07|0,07
2014-06-15 10:38:53,940|0,0|0,0|100,0|1678|577|1101|0,09|1086,15|0,35|0,13
2014-06-15 10:38:59,668|0,0|0,0|100,0|1678|575|1103|0,09|1086,06|0,06|0,00
2014-06-15 10:39:05,404|0,0|1,9|98,0|1678|575|1103|0,09|1085,97|0,00|0,00
2014-06-15 10:39:11,122|1,9|1,9|96,1|1678|577|1101|0,09|1085,88|0,54|44,27
2014-06-15 10:39:16,875|0,0|0,0|100,0|1678|575|1103|0,09|1085,79|0,00|0,00
2014-06-15 10:39:22,636|0,0|0,0|100,0|1678|575|1103|0,09|1085,70|0,00|0,00
2014-06-15 10:39:28,341|0,0|0,0|100,0|1678|576|1101|0,09|1085,61|1,59|0,56
2014-06-15 10:39:34,084|0,0|0,0|100,0|1678|575|1103|0,09|1085,52|0,00|0,00
2014-06-15 10:39:39,802|0,0|0,0|100,0|1678|575|1103|0,09|1085,43|0,00|0,00
2014-06-15 10:39:45,513|0,0|0,0|100,0|1678|575|1103|0,09|1085,34|0,07|0,07
2014-06-15 10:39:51,284|0,0|0,0|100,0|1678|577|1100|0,09|1085,24|3,36|96,64
2014-06-15 10:39:57,044|0,0|1,9|98,0|1678|575|1103|0,09|1085,15|3,62|0,00
2014-06-15 10:40:02,807|0,0|0,0|100,0|1678|575|1103|0,09|1085,06|0,00|0,00
2014-06-15 10:40:08,544|0,0|0,0|100,0|1678|576|1101|0,09|1084,97|1,39|0,68
2014-06-15 10:40:14,286|0,0|1,9|98,0|1678|575|1103|0,09|1084,88|0,00|0,00
2014-06-15 10:40:20,078|0,0|0,0|100,0|1678|575|1103|0,09|1084,79|0,00|0,00
2014-06-15 10:40:25,821|1,9|1,9|96,0|1678|576|1101|0,09|1084,70|1,59|0,56
2014-06-15 10:40:31,585|0,0|0,0|100,0|1678|575|1103|0,09|1084,61|0,00|0,00
2014-06-15 10:40:37,385|0,0|0,0|100,0|1678|575|1103|0,09|1084,52|0,00|0,00
2014-06-15 10:40:43,216|0,0|0,0|100,0|1678|575|1102|0,09|1084,43|0,00|0,00
2014-06-15 10:40:48,965|1,9|1,9|96,0|1678|577|1101|0,09|1084,34|0,54|30,50
2014-06-15 10:40:54,717|0,0|1,9|98,0|1678|575|1103|0,09|1084,25|0,34|0,63
2014-06-15 10:41:00,466|0,0|0,0|94,0|1678|575|1103|0,09|1084,15|0,00|0,00
2014-06-15 10:41:06,311|0,0|1,9|98,0|1678|576|1101|0,09|1084,06|1,30|0,58
2014-06-15 10:41:12,075|0,0|0,0|98,0|1678|575|1102|0,09|1083,97|0,00|0,00
2014-06-15 10:41:17,856|0,0|0,0|98,0|1678|575|1103|0,09|1083,88|0,00|0,00
2014-06-15 10:41:23,585|0,0|0,0|98,0|1678|575|1102|0,09|1083,79|0,00|0,00
2014-06-15 10:41:29,321|0,0|0,0|100,0|1678|575|1103|0,09|1083,70|0,00|0,00
2014-06-15 10:41:35,079|0,0|0,0|98,0|1678|575|1103|0,09|1083,61|0,00|0,00
2014-06-15 10:41:40,813|0,0|0,0|96,0|1678|575|1103|0,09|1083,52|0,00|0,00
2014-06-15 10:41:46,589|0,0|1,9|90,3|1678|575|1103|0,09|1083,43|0,00|0,00
2014-06-15 10:41:52,398|0,0|0,0|100,0|1678|575|1103|0,09|1083,34|0,00|0,00
2014-06-15 10:41:58,126|0,0|0,0|100,0|1678|575|1103|0,09|1083,25|0,00|0,00
2014-06-15 10:42:03,901|0,0|0,0|95,9|1678|575|1103|0,09|1083,16|0,00|0,00
2014-06-15 10:42:09,644|0,0|0,0|94,0|1678|575|1103|0,09|1083,07|0,40|1,01
2014-06-15 10:42:15,371|0,0|0,0|100,0|1678|575|1102|0,09|1082,98|0,00|0,00
2014-06-15 10:42:21,169|0,0|1,9|98,0|1678|575|1103|0,09|1082,89|0,00|0,00
2014-06-15 10:42:26,893|0,0|0,0|94,1|1678|575|1102|0,09|1082,80|1,81|0,00
2014-06-15 10:42:32,736|0,0|0,0|96,0|1678|575|1103|0,09|1082,70|0,00|0,00
2014-06-15 10:42:38,481|0,0|0,0|100,0|1678|575|1103|0,09|1082,61|0,00|0,00
2014-06-15 10:42:44,327|0,0|0,0|100,0|1678|575|1103|0,09|1082,52|0,00|0,00
2014-06-15 10:42:50,168|0,0|0,0|100,0|1678|575|1103|0,09|1082,43|0,00|0,00
2014-06-15 10:42:55,889|0,0|0,0|96,0|1678|575|1103|0,09|1082,34|0,00|0,00
2014-06-15 10:43:01,717|0,0|0,0|96,0|1678|575|1103|0,09|1082,25|0,00|0,00
2014-06-15 10:43:07,555|0,0|1,9|98,0|1678|575|1103|0,09|1082,16|0,00|0,00
2014-06-15 10:43:13,289|0,0|0,0|100,0|1678|575|1103|0,09|1082,07|0,00|0,00
2014-06-15 10:43:19,053|0,0|0,0|94,1|1678|575|1102|0,09|1081,98|0,00|0,00
2014-06-15 10:43:24,841|0,0|0,0|96,0|1678|575|1103|0,09|1081,89|0,40|1,01
2014-06-15 10:43:30,630|0,0|0,0|100,0|1678|575|1102|0,09|1081,80|0,00|0,00
2014-06-15 10:43:36,382|0,0|1,9|98,0|1678|575|1103|0,09|1081,71|0,00|0,00
2014-06-15 10:43:42,098|0,0|0,0|94,1|1678|575|1102|0,09|1081,62|0,00|0,00
2014-06-15 10:43:47,867|0,0|0,0|96,0|1678|575|1103|0,09|1081,53|0,00|0,00
2014-06-15 10:43:53,608|0,0|0,0|100,0|1678|575|1102|0,09|1081,44|0,00|0,00
2014-06-15 10:43:59,423|0,0|0,0|100,0|1678|575|1103|0,09|1081,35|0,00|0,00
2014-06-15 10:44:05,206|0,0|0,0|100,0|1678|575|1102|0,09|1081,26|0,00|0,00
2014-06-15 10:44:10,969|0,0|0,0|94,1|1678|575|1103|0,09|1081,17|0,00|0,00
2014-06-15 10:44:16,727|0,0|0,0|96,0|1678|575|1102|0,09|1081,07|0,00|0,00
2014-06-15 10:44:22,603|0,0|0,0|100,0|1678|575|1103|0,09|1080,98|0,00|0,00
2014-06-15 10:44:28,367|0,0|1,9|98,0|1678|575|1102|0,09|1080,89|0,00|0,00
2014-06-15 10:44:34,118|0,0|0,0|96,0|1678|575|1103|0,09|1080,80|0,00|0,00
2014-06-15 10:44:39,838|0,0|0,0|96,0|1678|575|1103|0,09|1080,71|0,40|1,01
2014-06-15 10:44:45,563|0,0|0,0|100,0|1678|575|1103|0,09|1080,62|0,00|0,00
2014-06-15 10:44:51,332|0,0|1,9|98,0|1678|575|1102|0,09|1080,53|0,00|0,00
2014-06-15 10:44:57,136|0,0|0,0|94,1|1678|575|1103|0,09|1080,44|3,62|0,00
2014-06-15 10:45:02,959|0,0|1,9|92,3|1678|575|1102|0,09|1080,35|0,00|0,00
2014-06-15 10:45:08,738|0,0|0,0|94,1|1678|575|1103|0,09|1080,26|0,00|0,00
2014-06-15 10:45:14,460|0,0|0,0|100,0|1678|575|1102|0,09|1080,17|0,00|0,00
2014-06-15 10:45:20,236|0,0|0,0|88,0|1678|575|1103|0,09|1080,08|0,00|0,00
2014-06-15 10:45:26,026|0,0|0,0|94,0|1678|575|1102|0,09|1079,99|0,00|0,00
2014-06-15 10:45:31,788|0,0|0,0|94,0|1678|575|1102|0,09|1079,90|0,00|0,00
2014-06-15 10:45:37,712|0,0|0,0|100,0|1678|575|1102|0,09|1079,81|0,00|0,00
2014-06-15 10:45:43,466|1,9|0,0|98,0|1678|575|1103|0,09|1079,72|0,00|0,00
2014-06-15 10:45:49,205|0,0|1,9|92,3|1678|575|1102|0,09|1079,63|0,00|0,00
2014-06-15 10:45:54,947|0,0|0,0|96,0|1678|575|1103|0,09|1079,54|0,40|1,01
2014-06-15 10:46:00,796|0,0|0,0|90,0|1678|575|1102|0,09|1079,45|0,00|0,00
2014-06-15 10:46:06,560|0,0|0,0|100,0|1678|575|1102|0,09|1079,36|0,00|0,00
2014-06-15 10:46:12,301|0,0|0,0|100,0|1678|575|1103|0,09|1079,27|0,00|0,00
2014-06-15 10:46:18,073|0,0|0,0|96,0|1678|575|1103|0,09|1079,18|0,00|0,00
2014-06-15 10:46:23,811|0,0|0,0|94,1|1678|575|1103|0,09|1079,09|0,00|0,00
2014-06-15 10:46:29,587|1,9|0,0|98,0|1678|575|1103|0,09|1079,00|0,00|0,00
2014-06-15 10:46:35,399|0,0|1,9|98,0|1678|575|1102|0,09|1078,91|0,00|0,00
2014-06-15 10:46:41,137|0,0|0,0|96,0|1678|575|1103|0,09|1078,82|0,00|0,00
2014-06-15 10:46:46,907|0,0|0,0|94,0|1678|575|1102|0,09|1078,73|0,00|0,00
2014-06-15 10:46:52,620|0,0|0,0|100,0|1678|575|1103|0,09|1078,64|0,00|0,00
2014-06-15 10:46:58,352|0,0|0,0|100,0|1678|575|1102|0,09|1078,55|0,00|0,00
2014-06-15 10:47:04,232|0,0|0,0|94,0|1678|575|1103|0,09|1078,46|0,00|0,00
2014-06-15 10:47:09,995|1,9|1,9|92,3|1678|575|1102|0,09|1078,37|0,00|0,00
2014-06-15 10:47:15,811|0,0|0,0|100,0|1678|575|1103|0,09|1078,28|0,00|0,00
2014-06-15 10:47:21,519|0,0|0,0|100,0|1678|575|1102|0,09|1078,19|0,00|0,00
2014-06-15 10:47:27,296|0,0|0,0|96,0|1678|575|1103|0,09|1078,10|3,72|0,17
2014-06-15 10:47:33,101|0,0|0,0|95,9|1678|575|1102|0,09|1078,01|0,00|0,00
2014-06-15 10:47:38,903|0,0|0,0|96,0|1678|575|1103|0,09|1077,92|0,00|0,00
2014-06-15 10:47:44,638|0,0|0,0|100,0|1678|575|1102|0,09|1077,83|0,00|0,00
2014-06-15 10:47:50,392|0,0|0,0|100,0|1678|575|1103|0,09|1077,74|0,00|0,00
2014-06-15 10:47:56,095|0,0|0,0|94,0|1678|575|1102|0,09|1077,65|0,00|0,00
2014-06-15 10:48:01,865|0,0|0,0|96,0|1678|575|1103|0,09|1077,56|0,00|0,00
2014-06-15 10:48:07,600|1,9|0,0|98,0|1678|575|1102|0,09|1077,47|0,00|0,00
2014-06-15 10:48:13,311|0,0|0,0|94,1|1678|575|1103|0,09|1077,38|0,00|0,00
2014-06-15 10:48:19,072|0,0|1,9|94,1|1678|575|1102|0,09|1077,30|0,00|0,00
2014-06-15 10:48:24,815|0,0|0,0|94,1|1678|575|1102|0,09|1077,21|0,00|0,00
2014-06-15 10:48:30,637|0,0|0,0|100,0|1678|575|1102|0,09|1077,12|0,00|0,00
2014-06-15 10:48:36,357|0,0|0,0|94,0|1678|575|1102|0,09|1077,03|0,00|0,00
2014-06-15 10:48:42,084|0,0|0,0|93,8|1678|575|1102|0,09|1076,94|0,00|0,00
2014-06-15 10:48:47,881|0,0|0,0|98,0|1678|575|1102|0,09|1076,85|0,00|0,00
2014-06-15 10:48:53,629|0,0|1,9|98,0|1678|575|1103|0,09|1076,76|0,00|0,00
2014-06-15 10:48:59,341|0,0|1,9|96,0|1678|575|1102|0,09|1076,67|0,00|0,00
2014-06-15 10:49:05,140|0,0|1,9|92,3|1678|575|1103|0,09|1076,58|0,00|0,00
2014-06-15 10:49:10,866|0,0|1,9|96,0|1678|575|1102|0,09|1076,49|0,00|0,00
2014-06-15 10:49:16,669|0,0|1,9|98,0|1678|575|1103|0,09|1076,40|0,00|0,00
2014-06-15 10:49:22,408|0,0|0,0|100,0|1678|575|1102|0,09|1076,31|0,00|0,00
2014-06-15 10:49:28,117|0,0|1,9|96,0|1678|575|1103|0,09|1076,22|0,08|0,05
2014-06-15 10:49:33,865|0,0|0,0|100,0|1678|575|1102|0,09|1076,14|0,00|0,00
2014-06-15 10:49:39,585|0,0|0,0|100,0|1678|575|1103|0,09|1076,05|0,00|0,00
2014-06-15 10:49:45,314|0,0|1,9|92,1|1678|575|1102|0,09|1075,96|0,00|0,00
2014-06-15 10:49:51,028|0,0|0,0|90,0|1678|575|1103|0,09|1075,87|0,00|0,00
2014-06-15 10:49:56,752|0,0|0,0|100,0|1678|575|1102|0,09|1075,78|0,00|0,00
2014-06-15 10:50:02,494|0,0|0,0|100,0|1678|575|1103|0,09|1075,69|0,00|0,00
2014-06-15 10:50:08,225|0,0|0,0|94,0|1678|575|1102|0,09|1075,60|0,00|0,00
2014-06-15 10:50:13,976|0,0|0,0|92,1|1678|575|1103|0,09|1075,51|0,00|0,00
2014-06-15 10:50:19,687|0,0|0,0|100,0|1678|575|1102|0,09|1075,42|0,00|0,00
2014-06-15 10:50:25,451|0,0|0,0|98,0|1678|575|1103|0,09|1075,34|0,00|0,00
2014-06-15 10:50:31,180|0,0|0,0|95,9|1678|575|1102|0,09|1075,25|0,40|1,01
2014-06-15 10:50:36,907|0,0|0,0|94,1|1678|575|1102|0,09|1075,16|0,00|0,00
2014-06-15 10:50:42,737|0,0|0,0|100,0|1678|575|1102|0,09|1075,07|0,00|0,00
2014-06-15 10:50:48,465|0,0|1,9|98,0|1678|575|1103|0,09|1074,98|0,00|0,00
2014-06-15 10:50:54,185|0,0|1,9|92,3|1678|575|1102|0,09|1074,89|0,00|0,00
2014-06-15 10:50:59,917|1,9|0,0|98,0|1678|575|1103|0,09|1074,80|0,00|0,00
2014-06-15 10:51:05,650|0,0|1,9|98,0|1678|575|1102|0,09|1074,71|0,00|0,00
2014-06-15 10:51:11,367|0,0|1,9|92,1|1678|575|1102|0,09|1074,63|0,00|0,00
2014-06-15 10:51:17,100|0,0|0,0|96,0|1678|575|1102|0,09|1074,54|0,00|0,00
2014-06-15 10:51:22,842|0,0|0,0|100,0|1678|575|1103|0,09|1074,45|0,00|0,00
2014-06-15 10:51:28,591|0,0|0,0|100,0|1678|575|1102|0,09|1074,36|0,08|0,05
2014-06-15 10:51:34,302|0,0|1,9|98,0|1678|575|1102|0,09|1074,27|0,00|0,00
2014-06-15 10:51:40,077|0,0|0,0|96,0|1678|575|1102|0,09|1074,18|0,00|0,00
2014-06-15 10:51:45,814|0,0|0,0|100,0|1678|575|1102|0,09|1074,09|0,00|0,00
2014-06-15 10:51:51,543|0,0|0,0|100,0|1678|575|1103|0,09|1074,00|0,00|0,00
2014-06-15 10:51:57,331|0,0|0,0|96,0|1678|575|1102|0,09|1073,92|3,62|0,00
2014-06-15 10:52:03,078|0,0|0,0|94,0|1678|575|1103|0,09|1073,83|0,00|0,00
2014-06-15 10:52:08,822|0,0|0,0|100,0|1678|575|1102|0,09|1073,74|0,00|0,00
2014-06-15 10:52:14,578|0,0|0,0|100,0|1678|575|1103|0,09|1073,65|0,00|0,00
2014-06-15 10:52:20,364|0,0|1,9|92,1|1678|575|1102|0,09|1073,56|0,00|0,00
2014-06-15 10:52:26,109|0,0|2,0|94,0|1678|575|1103|0,09|1073,47|0,00|0,00
2014-06-15 10:52:31,834|0,0|1,9|98,0|1678|575|1102|0,09|1073,38|0,00|0,00
2014-06-15 10:52:37,563|0,0|0,0|100,0|1678|575|1103|0,09|1073,29|0,00|0,00
2014-06-15 10:52:43,305|1,9|0,0|92,3|1678|575|1102|0,09|1073,21|0,00|0,00
2014-06-15 10:52:49,057|0,0|0,0|97,9|1678|575|1103|0,09|1073,12|0,00|0,00
2014-06-15 10:52:54,804|0,0|0,0|100,0|1678|575|1102|0,09|1073,03|0,00|0,00
2014-06-15 10:53:00,579|0,0|0,0|100,0|1678|575|1103|0,09|1072,94|0,00|0,00
2014-06-15 10:53:06,329|0,0|0,0|96,0|1678|575|1102|0,09|1072,85|0,00|0,00
2014-06-15 10:53:12,101|0,0|0,0|96,0|1678|575|1103|0,09|1072,76|0,00|0,00
2014-06-15 10:53:17,875|0,0|0,0|100,0|1678|575|1102|0,09|1072,67|0,00|0,00
2014-06-15 10:53:23,606|0,0|0,0|100,0|1678|575|1103|0,09|1072,58|0,00|0,00
2014-06-15 10:53:29,335|0,0|1,9|92,1|1678|575|1102|0,09|1072,50|0,00|0,00
2014-06-15 10:53:35,158|0,0|0,0|94,1|1678|575|1103|0,09|1072,41|0,00|0,00
2014-06-15 10:53:40,903|0,0|0,0|100,0|1678|575|1102|0,09|1072,32|0,00|0,00
2014-06-15 10:53:46,640|0,0|0,0|100,0|1678|575|1102|0,09|1072,23|0,00|0,00
2014-06-15 10:53:52,442|0,0|0,0|94,1|1678|575|1102|0,09|1072,14|0,40|1,00
2014-06-15 10:53:58,182|1,9|0,0|92,1|1678|575|1102|0,09|1072,05|0,00|0,00
2014-06-15 10:54:04,182|0,0|0,0|95,9|1678|575|1103|0,09|1071,96|0,00|0,00
2014-06-15 10:54:09,982|0,0|0,0|100,0|1678|575|1102|0,09|1071,87|0,00|0,00
2014-06-15 10:54:15,731|0,0|0,0|100,0|1678|575|1103|0,09|1071,78|0,00|0,00
2014-06-15 10:54:21,483|0,0|1,9|92,3|1678|575|1102|0,09|1071,69|0,00|0,00
2014-06-15 10:54:27,332|0,0|1,9|92,1|1678|575|1103|0,09|1071,60|3,61|0,00
2014-06-15 10:54:33,115|0,0|1,9|98,0|1678|575|1102|0,09|1071,51|0,00|0,00
2014-06-15 10:54:38,878|0,0|0,0|100,0|1678|575|1103|0,09|1071,43|0,00|0,00
2014-06-15 10:54:44,651|0,0|0,0|94,1|1678|575|1102|0,09|1071,34|0,00|0,00
2014-06-15 10:54:50,398|0,0|0,0|94,1|1678|575|1103|0,09|1071,25|0,00|0,00
2014-06-15 10:54:56,174|0,0|0,0|97,9|1678|575|1102|0,09|1071,16|0,00|0,00
2014-06-15 10:55:01,911|0,0|0,0|100,0|1678|575|1103|0,09|1071,07|0,00|0,00
2014-06-15 10:55:07,642|0,0|0,0|98,0|1678|575|1103|0,09|1070,98|0,40|1,00
2014-06-15 10:55:13,430|0,0|1,9|92,1|1678|575|1103|0,09|1070,90|0,00|0,00
2014-06-15 10:55:19,156|0,0|0,0|98,0|1678|575|1102|0,09|1070,81|0,00|0,00
2014-06-15 10:55:24,936|0,0|0,0|100,0|1678|575|1103|0,09|1070,72|0,00|0,00
2014-06-15 10:55:30,700|0,0|0,0|92,1|1678|575|1102|0,09|1070,63|0,00|0,00
2014-06-15 10:55:36,455|0,0|1,9|86,5|1678|575|1103|0,09|1070,54|0,00|0,00
2014-06-15 10:55:42,293|0,0|0,0|96,0|1678|575|1103|0,09|1070,45|0,00|0,00
2014-06-15 10:55:48,097|0,0|0,0|100,0|1678|575|1103|0,09|1070,36|0,00|0,00
2014-06-15 10:55:53,855|0,0|1,9|98,0|1678|575|1103|0,09|1070,27|0,00|0,00
2014-06-15 10:55:59,648|0,0|0,0|98,0|1678|575|1103|0,09|1070,19|0,00|0,00
2014-06-15 10:56:05,431|0,0|0,0|96,0|1678|575|1102|0,09|1070,10|0,00|0,00
2014-06-15 10:56:11,181|0,0|0,0|98,0|1678|575|1103|0,09|1070,01|0,00|0,00
2014-06-15 10:56:16,948|0,0|0,0|100,0|1678|575|1102|0,09|1069,92|0,00|0,00
2014-06-15 10:56:22,688|0,0|1,9|94,2|1678|575|1102|0,09|1069,83|0,40|1,01
2014-06-15 10:56:28,439|0,0|1,9|94,2|1678|575|1102|0,09|1069,74|0,00|0,00
2014-06-15 10:56:34,172|0,0|0,0|94,1|1678|575|1102|0,09|1069,66|0,00|0,00
2014-06-15 10:56:39,927|0,0|0,0|100,0|1678|575|1102|0,09|1069,57|0,00|0,00
2014-06-15 10:56:45,634|0,0|0,0|96,0|1678|575|1102|0,09|1069,48|0,00|0,00
2014-06-15 10:56:51,364|0,0|0,0|94,0|1678|575|1102|0,09|1069,39|0,00|0,00
2014-06-15 10:56:57,140|0,0|0,0|100,0|1678|575|1102|0,09|1069,31|3,63|0,00
2014-06-15 10:57:02,885|0,0|0,0|100,0|1678|575|1102|0,09|1069,22|0,00|0,00
2014-06-15 10:57:08,599|0,0|0,0|96,0|1678|575|1102|0,09|1069,13|0,00|0,00
2014-06-15 10:57:14,300|0,0|0,0|100,0|1678|575|1102|0,09|1069,04|0,00|0,00
2014-06-15 10:57:20,052|0,0|0,0|100,0|1678|575|1102|0,09|1068,95|0,00|0,00
2014-06-15 10:57:25,779|0,0|0,0|96,0|1678|575|1102|0,09|1068,87|0,00|0,00
2014-06-15 10:57:31,511|0,0|0,0|96,0|1678|575|1102|0,09|1068,78|0,00|0,00
2014-06-15 10:57:37,279|0,0|0,0|98,0|1678|575|1102|0,09|1068,69|0,00|0,00
2014-06-15 10:57:42,992|0,0|0,0|100,0|1678|575|1102|0,09|1068,60|0,00|0,00
2014-06-15 10:57:48,789|0,0|0,0|94,0|1678|575|1102|0,09|1068,52|0,00|0,00
2014-06-15 10:57:54,530|0,0|0,0|94,1|1678|575|1102|0,09|1068,43|0,00|0,00
2014-06-15 10:58:00,257|0,0|0,0|100,0|1678|575|1102|0,09|1068,34|0,00|0,00
2014-06-15 10:58:05,966|0,0|1,9|98,0|1678|575|1102|0,09|1068,25|0,00|0,00
2014-06-15 10:58:11,728|0,0|0,0|94,0|1678|575|1103|0,09|1068,16|0,00|0,00
2014-06-15 10:58:17,441|0,0|0,0|96,0|1678|575|1102|0,09|1068,08|0,00|0,00
2014-06-15 10:58:23,201|0,0|0,0|100,0|1678|575|1102|0,09|1067,99|0,00|0,00
2014-06-15 10:58:28,924|1,9|0,0|96,1|1678|575|1102|0,09|1067,90|0,00|0,00
2014-06-15 10:58:34,632|0,0|0,0|94,1|1678|575|1102|0,09|1067,81|0,00|0,00
2014-06-15 10:58:40,517|0,0|0,0|95,9|1678|575|1102|0,09|1067,72|0,00|0,00
2014-06-15 10:58:46,290|0,0|0,0|100,0|1678|575|1102|0,09|1067,64|0,00|0,00
2014-06-15 10:58:52,026|0,0|0,0|100,0|1678|575|1102|0,09|1067,55|0,00|0,00
2014-06-15 10:58:57,838|1,9|0,0|94,1|1678|575|1102|0,09|1067,46|1,81|0,00
2014-06-15 10:59:03,650|0,0|0,0|94,0|1678|575|1102|0,09|1067,37|0,00|0,00
2014-06-15 10:59:09,361|0,0|1,9|94,1|1678|575|1102|0,09|1067,28|0,00|0,00
2014-06-15 10:59:15,120|0,0|0,0|100,0|1678|575|1102|0,09|1067,20|0,00|0,00
2014-06-15 10:59:20,864|0,0|1,9|94,1|1678|575|1103|0,09|1067,11|0,00|0,00
2014-06-15 10:59:26,630|0,0|0,0|94,0|1678|575|1102|0,09|1067,02|0,00|0,00
2014-06-15 10:59:32,345|0,0|0,0|100,0|1678|575|1102|0,09|1066,93|0,00|0,00
2014-06-15 10:59:38,098|0,0|0,0|100,0|1678|575|1102|0,09|1066,85|0,00|0,00
2014-06-15 10:59:43,832|0,0|0,0|95,9|1678|575|1102|0,09|1066,76|0,40|1,01
2014-06-15 10:59:49,568|0,0|0,0|94,1|1678|575|1102|0,09|1066,67|0,00|0,00
2014-06-15 10:59:55,384|0,0|0,0|100,0|1678|575|1102|0,09|1066,58|0,00|0,00
2014-06-15 11:00:01,108|0,0|0,0|100,0|1678|575|1102|0,09|1066,50|0,00|0,00
2014-06-15 11:00:06,862|0,0|1,9|92,1|1678|575|1102|0,09|1066,41|0,00|0,00
2014-06-15 11:00:12,617|0,0|2,0|94,0|1678|575|1102|0,09|1066,32|0,00|0,00
2014-06-15 11:00:18,389|0,0|1,9|98,0|1678|575|1102|0,09|1066,23|0,00|0,00
2014-06-15 11:00:24,192|0,0|0,0|100,0|1678|575|1102|0,09|1066,14|0,00|0,00
2014-06-15 11:00:29,929|0,0|1,9|92,1|1678|575|1102|0,09|1066,06|0,00|0,00
2014-06-15 11:00:35,645|0,0|0,0|94,0|1678|575|1102|0,09|1065,97|0,00|0,00
2014-06-15 11:00:41,367|0,0|1,9|98,0|1678|575|1102|0,09|1065,88|0,00|0,00
2014-06-15 11:00:47,177|0,0|0,0|100,0|1678|575|1102|0,09|1065,80|0,00|0,00
2014-06-15 11:00:52,914|0,0|0,0|92,0|1678|575|1102|0,09|1065,71|0,00|0,00
2014-06-15 11:00:58,649|0,0|0,0|96,0|1678|575|1102|0,09|1065,62|0,40|1,01
2014-06-15 11:01:04,362|0,0|0,0|100,0|1678|575|1102|0,09|1065,53|0,00|0,00
2014-06-15 11:01:10,246|0,0|1,9|98,0|1678|575|1102|0,09|1065,44|0,00|0,00
2014-06-15 11:01:16,013|0,0|0,0|100,0|1678|575|1102|0,09|1065,36|0,00|0,00
2014-06-15 11:01:21,777|1,9|0,0|98,0|1678|575|1102|0,09|1065,27|0,00|0,00
2014-06-15 11:01:27,565|0,0|0,0|100,0|1678|575|1102|0,09|1065,18|3,62|0,00
2014-06-15 11:01:33,359|0,0|0,0|100,0|1678|575|1102|0,09|1065,09|0,00|0,00
2014-06-15 11:01:39,105|0,0|1,9|98,0|1678|575|1102|0,09|1065,01|0,00|0,00
2014-06-15 11:01:44,825|0,0|0,0|100,0|1678|575|1102|0,09|1064,92|0,00|0,00
2014-06-15 11:01:50,549|0,0|0,0|100,0|1678|575|1102|0,09|1064,83|0,00|0,00
2014-06-15 11:01:56,269|0,0|0,0|100,0|1678|575|1102|0,09|1064,75|0,00|0,00
2014-06-15 11:02:01,982|0,0|0,0|100,0|1678|575|1102|0,09|1064,66|0,00|0,00
2014-06-15 11:02:07,705|0,0|0,0|100,0|1678|575|1102|0,09|1064,57|0,00|0,00
2014-06-15 11:02:13,428|0,0|0,0|100,0|1678|575|1102|0,09|1064,48|0,00|0,00
2014-06-15 11:02:19,169|0,0|1,9|98,0|1678|575|1102|0,09|1064,40|0,00|0,00
2014-06-15 11:02:24,909|0,0|0,0|100,0|1678|575|1102|0,09|1064,31|0,00|0,00
2014-06-15 11:02:30,631|0,0|0,0|100,0|1678|575|1102|0,09|1064,22|0,00|0,00
2014-06-15 11:02:36,359|0,0|0,0|100,0|1678|575|1102|0,09|1064,14|0,00|0,00
2014-06-15 11:02:42,098|0,0|0,0|100,0|1678|575|1102|0,09|1064,05|0,00|0,00
2014-06-15 11:02:47,833|0,0|0,0|100,0|1678|575|1102|0,09|1063,96|0,00|0,00
2014-06-15 11:02:53,575|0,0|0,0|100,0|1678|575|1102|0,09|1063,88|0,00|0,00
2014-06-15 11:02:59,323|0,0|0,0|100,0|1678|575|1102|0,09|1063,79|0,00|0,00
2014-06-15 11:03:05,183|0,0|0,0|100,0|1678|575|1102|0,09|1063,70|0,00|0,00
2014-06-15 11:03:10,939|0,0|0,0|100,0|1678|575|1102|0,09|1063,61|0,00|0,00
2014-06-15 11:03:16,766|0,0|0,0|100,0|1678|575|1102|0,09|1063,52|0,00|0,00
2014-06-15 11:03:22,566|0,0|0,0|100,0|1678|575|1102|0,09|1063,44|0,00|0,00
2014-06-15 11:03:28,303|0,0|0,0|100,0|1678|575|1102|0,09|1063,35|0,00|0,00
2014-06-15 11:03:34,067|0,0|0,0|100,0|1678|575|1102|0,09|1063,26|0,00|0,00
2014-06-15 11:03:39,891|0,0|0,0|100,0|1678|575|1102|0,09|1063,17|0,00|0,00
2014-06-15 11:03:45,636|0,0|0,0|100,0|1678|575|1102|0,09|1063,09|0,00|0,00
2014-06-15 11:03:51,362|0,0|1,9|98,0|1678|575|1102|0,09|1063,00|0,00|0,00
2014-06-15 11:03:57,115|0,0|0,0|100,0|1678|575|1102|0,09|1062,91|3,62|0,00
2014-06-15 11:04:02,955|0,0|0,0|100,0|1678|575|1102|0,09|1062,83|0,00|0,00
2014-06-15 11:04:08,710|0,0|0,0|100,0|1678|575|1102|0,09|1062,74|0,00|0,00
2014-06-15 11:04:14,458|0,0|0,0|100,0|1678|575|1102|0,09|1062,65|0,00|0,00
2014-06-15 11:04:20,270|1,9|0,0|98,0|1678|575|1102|0,09|1062,56|0,00|0,00
2014-06-15 11:04:26,032|0,0|0,0|100,0|1678|575|1102|0,09|1062,48|0,00|0,00
2014-06-15 11:04:31,818|0,0|0,0|100,0|1678|575|1102|0,09|1062,39|0,00|0,00
2014-06-15 11:04:37,586|0,0|0,0|100,0|1678|575|1102|0,09|1062,30|0,00|0,00
2014-06-15 11:04:43,322|0,0|0,0|100,0|1678|575|1102|0,09|1062,22|0,00|0,00
2014-06-15 11:04:49,071|0,0|0,0|100,0|1678|575|1102|0,09|1062,13|0,00|0,00
2014-06-15 11:04:54,830|0,0|0,0|100,0|1678|575|1102|0,09|1062,04|0,00|0,00
2014-06-15 11:05:00,596|0,0|1,9|98,0|1678|575|1102|0,09|1061,95|0,00|0,00
2014-06-15 11:05:06,357|0,0|0,0|100,0|1678|575|1102|0,09|1061,87|0,00|0,00
2014-06-15 11:05:12,088|0,0|0,0|100,0|1678|575|1102|0,09|1061,78|0,00|0,00
2014-06-15 11:05:17,876|0,0|0,0|100,0|1678|575|1102|0,09|1061,69|0,00|0,00
2014-06-15 11:05:23,620|0,0|0,0|100,0|1678|575|1102|0,09|1061,61|0,00|0,00
2014-06-15 11:05:29,387|0,0|0,0|100,0|1678|575|1102|0,09|1061,52|0,00|0,00
2014-06-15 11:05:35,235|0,0|0,0|100,0|1678|575|1102|0,09|1061,43|0,40|1,01
2014-06-15 11:05:40,997|0,0|0,0|100,0|1678|575|1102|0,09|1061,34|0,00|0,00
2014-06-15 11:05:46,814|0,0|1,9|98,0|1678|575|1102|0,09|1061,26|0,00|0,00
2014-06-15 11:05:52,647|0,0|0,0|100,0|1678|575|1102|0,09|1061,17|0,00|0,00
2014-06-15 11:05:58,388|0,0|0,0|100,0|1678|575|1102|0,09|1061,08|0,00|0,00
2014-06-15 11:06:04,191|0,0|1,9|98,0|1678|576|1101|0,09|1060,99|0,33|0,67
2014-06-15 11:06:09,980|0,0|0,0|100,0|1678|575|1102|0,09|1060,91|0,00|0,00
2014-06-15 11:06:15,736|0,0|1,9|98,0|1678|575|1102|0,09|1060,82|0,00|0,00
2014-06-15 11:06:21,479|0,0|1,9|96,1|1678|575|1102|0,09|1060,73|0,00|0,00
2014-06-15 11:06:27,252|1,9|0,0|98,0|1678|576|1101|0,09|1060,65|4,45|0,76
2014-06-15 11:06:33,196|0,0|1,9|98,0|1678|575|1102|0,09|1060,56|0,00|0,00
2014-06-15 11:06:38,895|0,0|0,0|100,0|1678|575|1102|0,09|1060,47|0,00|0,00
2014-06-15 11:06:44,628|0,0|0,0|100,0|1678|575|1102|0,09|1060,38|0,00|0,00
2014-06-15 11:06:50,403|0,0|0,0|100,0|1678|575|1102|0,09|1060,30|0,40|1,01
2014-06-15 11:06:56,203|0,0|0,0|100,0|1678|575|1102|0,09|1060,21|0,00|0,00
2014-06-15 11:07:01,912|0,0|0,0|100,0|1678|575|1102|0,09|1060,13|0,00|0,00
2014-06-15 11:07:07,620|0,0|0,0|100,0|1678|575|1102|0,09|1060,04|0,00|0,00
2014-06-15 11:07:13,327|0,0|1,9|98,0|1678|575|1102|0,09|1059,95|0,00|0,00
2014-06-15 11:07:19,068|0,0|0,0|100,0|1678|575|1102|0,09|1059,87|0,00|0,00
2014-06-15 11:07:24,875|0,0|1,9|98,0|1678|575|1102|0,09|1059,78|0,00|0,00
2014-06-15 11:07:30,601|0,0|1,9|98,0|1678|575|1102|0,09|1059,69|0,00|0,00
2014-06-15 11:07:36,344|0,0|0,0|100,0|1678|575|1102|0,09|1059,61|0,00|0,00
2014-06-15 11:07:42,085|0,0|1,9|98,0|1678|575|1102|0,09|1059,52|0,00|0,00
2014-06-15 11:07:47,953|0,0|0,0|100,0|1678|575|1102|0,09|1059,43|0,00|0,00
2014-06-15 11:07:53,681|0,0|0,0|100,0|1678|575|1102|0,09|1059,35|0,00|0,00
2014-06-15 11:07:59,417|0,0|0,0|100,0|1678|575|1102|0,09|1059,26|0,00|0,00
2014-06-15 11:08:05,176|0,0|0,0|100,0|1678|575|1102|0,09|1059,17|0,40|1,01
2014-06-15 11:08:10,877|0,0|1,9|98,0|1678|575|1102|0,09|1059,09|0,00|0,00
2014-06-15 11:08:16,706|0,0|0,0|100,0|1678|575|1102|0,09|1059,00|0,00|0,00
2014-06-15 11:08:22,556|0,0|0,0|100,0|1678|575|1102|0,09|1058,91|0,00|0,00
2014-06-15 11:08:28,272|0,0|0,0|100,0|1678|575|1102|0,09|1058,83|0,00|0,00
2014-06-15 11:08:34,013|0,0|0,0|100,0|1678|575|1102|0,09|1058,74|0,00|0,00
2014-06-15 11:08:39,721|0,0|0,0|100,0|1678|575|1102|0,09|1058,66|0,00|0,00
2014-06-15 11:08:45,474|0,0|0,0|100,0|1678|575|1102|0,09|1058,57|0,00|0,00
2014-06-15 11:08:51,201|0,0|0,0|98,0|1678|575|1102|0,09|1058,48|0,00|0,00
2014-06-15 11:08:56,916|0,0|0,0|100,0|1678|575|1102|0,09|1058,40|2,18|0,00
2014-06-15 11:09:02,758|0,0|0,0|100,0|1678|575|1102|0,09|1058,31|0,00|0,00
2014-06-15 11:09:08,480|0,0|1,9|98,0|1678|575|1102|0,09|1058,22|0,00|0,00
2014-06-15 11:09:14,240|0,0|0,0|100,0|1678|575|1102|0,09|1058,14|0,00|0,00
2014-06-15 11:09:20,041|0,0|0,0|100,0|1678|575|1102|0,09|1058,05|0,00|0,00
2014-06-15 11:09:25,773|0,0|0,0|100,0|1678|575|1102|0,09|1057,97|0,00|0,00
2014-06-15 11:09:31,494|0,0|0,0|100,0|1678|575|1102|0,09|1057,88|0,08|0,17
2014-06-15 11:09:37,232|1,9|1,9|96,0|1678|576|1101|0,09|1057,79|1,59|0,56
2014-06-15 11:09:43,000|0,0|0,0|100,0|1678|575|1102|0,09|1057,71|0,00|0,00
2014-06-15 11:09:48,732|0,0|1,9|98,0|1678|575|1102|0,09|1057,62|0,00|0,00
2014-06-15 11:09:54,510|0,0|0,0|100,0|1678|575|1102|0,09|1057,53|0,00|0,00
2014-06-15 11:10:00,222|12,0|4,0|84,0|1678|577|1100|0,09|1057,45|0,54|44,39
2014-06-15 11:10:05,945|0,0|0,0|100,0|1678|575|1102|0,09|1057,36|0,00|0,00
2014-06-15 11:10:11,704|0,0|1,9|98,0|1678|575|1102|0,09|1057,28|0,00|0,00
2014-06-15 11:10:17,445|0,0|0,0|100,0|1678|575|1102|0,09|1057,19|0,00|0,00
2014-06-15 11:10:23,174|0,0|1,9|98,0|1678|575|1102|0,09|1057,11|0,00|0,00
2014-06-15 11:10:28,903|0,0|0,0|100,0|1678|575|1102|0,09|1057,02|0,00|0,00
2014-06-15 11:10:34,642|0,0|1,9|98,0|1678|575|1102|0,09|1056,93|0,00|0,00
2014-06-15 11:10:40,429|0,0|0,0|100,0|1678|575|1102|0,09|1056,85|0,00|0,00
2014-06-15 11:10:46,213|0,0|0,0|100,0|1678|575|1102|0,09|1056,76|0,00|0,00
2014-06-15 11:10:51,977|0,0|0,0|100,0|1678|575|1102|0,09|1056,67|0,00|0,00
2014-06-15 11:10:57,849|0,0|0,0|100,0|1678|575|1102|0,09|1056,59|2,53|0,00
2014-06-15 11:11:03,578|0,0|0,0|100,0|1678|575|1102|0,09|1056,50|0,00|0,00
2014-06-15 11:11:09,406|0,0|0,0|100,0|1678|575|1102|0,09|1056,41|0,00|0,00
2014-06-15 11:11:15,146|0,0|0,0|100,0|1678|575|1102|0,09|1056,33|0,00|0,00
2014-06-15 11:11:20,907|0,0|1,9|98,0|1678|575|1102|0,09|1056,24|0,00|0,00
2014-06-15 11:11:26,646|0,0|1,9|98,0|1678|575|1102|0,09|1056,16|0,00|0,00
2014-06-15 11:11:32,394|0,0|1,9|98,0|1678|575|1102|0,09|1056,07|0,08|0,17
2014-06-15 11:11:38,134|0,0|0,0|98,0|1678|575|1102|0,09|1055,99|0,00|0,00
2014-06-15 11:11:43,867|0,0|0,0|100,0|1678|575|1102|0,09|1055,90|0,00|0,00
2014-06-15 11:11:49,598|0,0|0,0|100,0|1678|575|1102|0,09|1055,81|0,00|0,00
2014-06-15 11:11:55,389|0,0|0,0|100,0|1678|575|1102|0,09|1055,73|0,00|0,00
2014-06-15 11:12:01,166|0,0|0,0|100,0|1678|575|1102|0,09|1055,64|0,00|0,00
2014-06-15 11:12:06,896|0,0|0,0|100,0|1678|575|1102|0,09|1055,56|0,00|0,00
2014-06-15 11:12:12,682|0,0|0,0|100,0|1678|575|1102|0,09|1055,47|0,00|0,00
2014-06-15 11:12:18,412|2,0|0,0|98,0|1678|576|1101|0,09|1055,38|1,58|0,56
