2014-06-15 10:00:00,633|0,0|0,0|100,0|1678|594|1083|0,04|444,43|0,00|0,00
2014-06-15 10:00:06,413|0,0|0,0|100,0|1678|594|1083|0,04|444,42|0,00|0,00
2014-06-15 10:00:12,193|0,0|0,0|100,0|1678|594|1083|0,04|444,40|0,00|0,00
2014-06-15 10:00:17,926|0,0|0,0|100,0|1678|595|1083|0,04|444,39|0,00|0,00
2014-06-15 10:00:23,661|0,0|0,0|100,0|1678|594|1083|0,04|444,37|0,00|0,00
2014-06-15 10:00:29,473|0,0|0,0|100,0|1678|595|1083|0,04|444,36|0,00|0,00
2014-06-15 10:00:35,198|0,0|0,0|100,0|1678|594|1083|0,04|444,34|0,00|0,00
2014-06-15 10:00:41,044|0,0|0,0|100,0|1678|594|1083|0,04|444,33|0,00|0,00
2014-06-15 10:00:46,774|0,0|0,0|100,0|1678|594|1083|0,04|444,31|0,00|0,00
2014-06-15 10:00:52,501|0,0|0,0|100,0|1678|597|1081|0,04|444,29|0,52|0,38
2014-06-15 10:00:58,398|1,9|0,0|98,0|1678|594|1083|0,04|444,28|0,00|0,00
2014-06-15 10:01:04,139|0,0|0,0|100,0|1678|596|1082|0,04|444,26|0,81|0,82
2014-06-15 10:01:10,073|0,0|0,0|100,0|1678|595|1083|0,04|444,25|0,00|0,00
2014-06-15 10:01:15,829|0,0|0,0|100,0|1678|595|1083|0,04|444,23|0,00|0,00
2014-06-15 10:01:21,567|0,0|1,9|98,0|1678|595|1083|0,04|444,22|0,00|0,00
2014-06-15 10:01:27,306|0,0|0,0|100,0|1678|595|1083|0,04|444,20|0,40|1,01
2014-06-15 10:01:33,051|0,0|1,9|98,0|1678|595|1083|0,04|444,19|0,00|0,00
2014-06-15 10:01:38,786|0,0|0,0|100,0|1678|595|1083|0,04|444,17|0,00|0,00
2014-06-15 10:01:44,579|0,0|0,0|100,0|1678|594|1083|0,04|444,16|0,00|0,00
2014-06-15 10:01:50,334|0,0|0,0|100,0|1678|595|1083|0,04|444,14|0,00|0,00
2014-06-15 10:01:56,057|0,0|1,9|98,0|1678|595|1083|0,04|444,13|0,00|0,00
2014-06-15 10:02:01,793|0,0|0,0|100,0|1678|594|1083|0,04|444,11|0,00|0,00
2014-06-15 10:02:07,530|0,0|0,0|100,0|1678|595|1083|0,04|444,10|0,00|0,00
2014-06-15 10:02:13,310|0,0|0,0|100,0|1678|595|1083|0,04|444,08|0,00|0,00
2014-06-15 10:02:19,086|0,0|0,0|100,0|1678|596|1081|0,04|444,07|0,52|0,38
2014-06-15 10:02:25,174|0,0|0,0|100,0|1678|595|1083|0,04|444,05|0,00|0,00
2014-06-15 10:02:30,931|1,9|0,0|98,0|1678|596|1082|0,04|444,04|0,47|0,45
2014-06-15 10:02:36,678|0,0|0,0|100,0|1678|595|1083|0,04|444,02|0,00|0,00
2014-06-15 10:02:42,430|0,0|0,0|100,0|1678|595|1083|0,04|444,01|0,40|1,01
2014-06-15 10:02:48,210|0,0|1,9|98,0|1678|594|1083|0,04|443,99|0,00|0,11
2014-06-15 10:02:53,963|2,0|0,0|98,0|1678|595|1082|0,04|443,97|1,67|2,27
2014-06-15 10:02:59,812|96,0|3,9|0,0|1678|595|1082|0,04|443,96|1,20|2,11
2014-06-15 10:03:06,282|96,0|3,9|0,0|1678|596|1081|0,04|443,94|1,41|1,54
2014-06-15 10:03:12,710|94,2|3,8|0,0|1678|599|1079|0,04|443,92|3,76|27,88
2014-06-15 10:03:19,132|96,0|3,9|0,0|1678|596|1081|0,04|443,91|1,39|1,60
2014-06-15 10:03:25,527|0,0|0,0|100,0|1678|595|1082|0,04|443,89|0,00|0,00
2014-06-15 10:03:31,290|1,9|1,9|96,1|1678|597|1081|0,04|443,88|0,57|3,29
2014-06-15 10:03:37,082|52,9|1,9|45,0|1678|596|1082|0,04|443,86|0,86|0,91
2014-06-15 10:03:43,279|62,0|2,0|36,0|1678|597|1081|0,04|443,84|2,06|1,52
2014-06-15 10:03:49,782|33,3|1,9|64,7|1678|595|1082|0,04|443,83|0,79|0,83
2014-06-15 10:03:56,066|48,0|4,0|48,0|1678|596|1082|0,04|443,81|0,67|0,84
2014-06-15 10:04:02,272|1,9|1,9|90,3|1678|596|1081|0,04|443,79|1,58|0,56
2014-06-15 10:04:08,042|39,2|3,9|56,8|1678|595|1082|0,04|443,78|0,60|0,77
2014-06-15 10:04:13,952|39,2|1,9|58,8|1678|595|1082|0,04|443,76|3,23|3,76
2014-06-15 10:04:20,519|57,9|42,0|0,0|1678|602|1075|0,04|443,74|3,12|2,38
2014-06-15 10:04:27,591|57,9|42,0|0,0|1678|614|1063|0,04|443,73|2,20|2,00
2014-06-15 10:04:34,607|53,0|46,9|0,0|1678|613|1064|0,04|443,71|3,60|4,24
2014-06-15 10:04:41,687|52,9|47,0|0,0|1678|610|1067|0,04|443,69|4,46|5,80
2014-06-15 10:04:48,709|52,0|48,0|0,0|1678|615|1063|0,04|443,67|0,30|1,96
2014-06-15 10:04:55,767|54,0|46,0|0,0|1678|610|1067|0,04|443,65|1,26|1,26
2014-06-15 10:05:02,839|54,0|46,0|0,0|1678|612|1065|0,04|443,63|6,91|6,91
2014-06-15 10:05:09,951|54,0|46,0|0,0|1678|655|1022|0,04|443,61|0,61|0,88
2014-06-15 10:05:17,139|60,0|40,0|0,0|1678|654|1024|0,04|443,60|0,00|0,00
2014-06-15 10:05:24,176|62,0|38,0|0,0|1678|654|1023|0,04|443,58|1,94|0,70
2014-06-15 10:05:31,247|60,0|40,0|0,0|1678|644|1033|0,04|443,56|0,00|0,00
2014-06-15 10:05:38,356|60,0|40,0|0,0|1678|633|1044|0,04|443,54|0,00|0,00
2014-06-15 10:05:45,415|60,0|40,0|0,0|1678|632|1045|0,04|443,52|1,30|0,54
2014-06-15 10:05:52,451|57,9|42,0|0,0|1678|625|1052|0,04|443,50|0,00|0,00
2014-06-15 10:05:59,519|57,9|42,0|0,0|1678|618|1059|0,04|443,48|1,50|0,86
2014-06-15 10:06:06,739|60,0|40,0|0,0|1678|614|1063|0,04|443,46|0,00|0,00
2014-06-15 10:06:13,788|64,0|36,0|0,0|1678|610|1067|0,04|443,45|0,66|2,08
2014-06-15 10:06:20,835|90,1|9,8|0,0|1678|606|1071|0,04|443,43|0,71|5,97
2014-06-15 10:06:26,933|34,0|0,0|66,0|1678|598|1079|0,04|443,41|0,60|0,77
2014-06-15 10:06:33,015|62,0|4,0|34,0|1678|599|1078|0,04|443,40|2,19|1,33
2014-06-15 10:06:38,984|36,0|24,0|40,0|1678|599|1079|0,04|443,38|4,07|4,24
2014-06-15 10:06:45,648|57,9|42,0|0,0|1678|604|1073|0,04|443,36|12,77|13,64
2014-06-15 10:06:52,720|56,0|44,0|0,0|1678|622|1055|0,04|443,34|2,58|3,59
2014-06-15 10:06:59,908|52,0|48,0|0,0|1678|613|1064|0,04|443,32|1,85|1,85
2014-06-15 10:07:06,972|52,9|47,0|0,0|1678|606|1071|0,04|443,31|1,93|2,53
2014-06-15 10:07:14,078|54,0|46,0|0,0|1678|614|1064|0,04|443,29|0,00|0,00
2014-06-15 10:07:21,212|52,9|47,0|0,0|1678|604|1073|0,04|443,27|0,00|0,00
2014-06-15 10:07:28,302|54,0|46,0|0,0|1678|619|1059|0,04|443,25|1,38|0,68
2014-06-15 10:07:35,436|56,0|44,0|0,0|1678|611|1067|0,04|443,23|0,34|0,14
2014-06-15 10:07:42,500|54,0|46,0|0,0|1678|615|1063|0,04|443,21|1,90|2,04
2014-06-15 10:07:49,784|56,0|44,0|0,0|1678|614|1063|0,04|443,19|0,00|0,00
2014-06-15 10:07:56,844|56,0|42,0|0,0|1678|615|1063|0,04|443,17|0,00|0,00
2014-06-15 10:08:03,940|54,9|45,0|0,0|1678|621|1056|0,04|443,16|2,17|1,02
2014-06-15 10:08:11,024|56,0|44,0|0,0|1678|628|1049|0,04|443,14|0,00|0,00
2014-06-15 10:08:18,086|56,0|44,0|0,0|1678|622|1055|0,04|443,12|0,87|0,27
2014-06-15 10:08:25,168|56,0|44,0|0,0|1678|624|1053|0,04|443,10|0,00|0,00
2014-06-15 10:08:32,249|54,9|45,0|0,0|1678|618|1059|0,04|443,08|0,06|0,37
2014-06-15 10:08:39,421|56,0|44,0|0,0|1678|616|1061|0,04|443,06|0,65|0,44
2014-06-15 10:08:46,649|96,0|4,0|0,0|1678|613|1065|0,04|443,04|0,06|0,64
2014-06-15 10:08:53,306|27,4|11,7|60,7|1678|603|1075|0,04|443,03|0,49|15,02
2014-06-15 10:08:59,054|0,0|0,0|94,1|1678|601|1076|0,04|443,01|0,34|0,63
2014-06-15 10:09:04,781|0,0|0,0|95,9|1678|600|1078|0,04|443,00|0,00|0,00
2014-06-15 10:09:10,598|1,9|0,0|98,0|1678|600|1077|0,04|442,98|0,89|0,83
2014-06-15 10:09:16,422|1,9|1,9|96,1|1678|599|1078|0,04|442,97|0,00|0,00
2014-06-15 10:09:22,166|0,0|0,0|98,0|1678|599|1079|0,04|442,95|0,07|0,07
2014-06-15 10:09:27,906|0,0|1,9|98,0|1678|601|1076|0,04|442,94|2,19|17,52
2014-06-15 10:09:33,646|0,0|0,0|100,0|1678|599|1078|0,04|442,92|0,00|0,00
2014-06-15 10:09:39,430|0,0|1,9|98,0|1678|598|1079|0,04|442,91|0,00|0,00
2014-06-15 10:09:45,170|22,4|8,1|65,3|1678|599|1079|0,04|442,89|0,42|7,67
2014-06-15 10:09:50,921|0,0|0,0|94,0|1678|596|1082|0,04|442,88|0,00|0,00
2014-06-15 10:09:56,658|2,0|0,0|80,0|1678|597|1081|0,04|442,86|1,58|0,56
2014-06-15 10:10:02,386|0,0|0,0|100,0|1678|596|1082|0,04|442,85|0,00|0,00
2014-06-15 10:10:08,137|0,0|0,0|100,0|1678|596|1082|0,04|442,83|0,00|0,00
2014-06-15 10:10:13,879|0,0|0,0|100,0|1678|596|1082|0,04|442,82|0,40|1,01
2014-06-15 10:10:19,718|0,0|2,0|98,0|1678|596|1082|0,04|442,80|0,06|0,00
2014-06-15 10:10:25,459|0,0|0,0|100,0|1678|596|1082|0,04|442,79|0,00|0,00
2014-06-15 10:10:31,194|0,0|0,0|100,0|1678|597|1080|0,04|442,77|1,11|0,47
2014-06-15 10:10:36,931|0,0|0,0|100,0|1678|598|1080|0,04|442,76|0,94|18,83
2014-06-15 10:10:42,694|0,0|0,0|100,0|1678|596|1082|0,04|442,74|0,00|0,00
2014-06-15 10:10:48,483|0,0|0,0|100,0|1678|596|1082|0,04|442,73|0,00|0,00
2014-06-15 10:10:54,300|24,0|8,0|68,0|1678|597|1080|0,04|442,71|0,42|8,63
2014-06-15 10:11:00,068|0,0|0,0|100,0|1678|596|1082|0,04|442,70|0,00|0,00
2014-06-15 10:11:05,811|0,0|0,0|100,0|1678|597|1081|0,04|442,68|1,58|0,56
2014-06-15 10:11:11,582|0,0|0,0|100,0|1678|598|1079|0,04|442,67|1,61|32,13
2014-06-15 10:11:17,329|0,0|0,0|100,0|1678|596|1082|0,04|442,65|0,00|0,00
2014-06-15 10:11:23,147|0,0|0,0|100,0|1678|596|1082|0,04|442,63|0,00|0,00
2014-06-15 10:11:28,887|23,5|9,8|66,6|1678|597|1080|0,04|442,62|1,02|10,21
2014-06-15 10:11:34,631|0,0|0,0|100,0|1678|596|1082|0,04|442,60|0,00|0,00
2014-06-15 10:11:40,375|1,9|0,0|98,0|1678|597|1081|0,04|442,59|1,67|2,27
2014-06-15 10:11:46,162|0,0|0,0|100,0|1678|598|1080|0,04|442,57|1,71|52,54
2014-06-15 10:11:51,914|0,0|0,0|100,0|1678|596|1082|0,04|442,56|0,00|0,00
2014-06-15 10:11:57,770|0,0|0,0|100,0|1678|596|1082|0,04|442,54|0,00|0,00
2014-06-15 10:12:03,526|0,0|1,9|98,0|1678|597|1080|0,04|442,53|1,30|0,64
2014-06-15 10:12:09,293|0,0|0,0|100,0|1678|596|1082|0,04|442,51|0,00|0,00
2014-06-15 10:12:15,055|0,0|0,0|100,0|1678|596|1082|0,04|442,50|0,14|0,18
2014-06-15 10:12:20,810|0,0|0,0|100,0|1678|598|1079|0,04|442,48|1,58|74,97
2014-06-15 10:12:26,639|0,0|1,9|98,0|1678|596|1082|0,04|442,47|0,00|0,00
2014-06-15 10:12:32,411|0,0|1,9|98,0|1678|596|1082|0,04|442,45|0,00|0,00
2014-06-15 10:12:38,170|0,0|1,9|98,0|1678|597|1081|0,04|442,44|0,47|0,45
2014-06-15 10:12:44,004|0,0|0,0|100,0|1678|596|1082|0,04|442,42|0,40|1,00
2014-06-15 10:12:49,750|0,0|1,9|98,0|1678|596|1082|0,04|442,41|0,00|0,00
2014-06-15 10:12:55,507|8,0|4,0|88,0|1678|598|1080|0,04|442,39|0,54|29,48
2014-06-15 10:13:01,323|0,0|0,0|100,0|1678|596|1082|0,04|442,38|0,00|0,00
2014-06-15 10:13:07,076|0,0|0,0|100,0|1678|596|1082|0,04|442,36|0,00|0,00
2014-06-15 10:13:12,828|0,0|0,0|100,0|1678|596|1082|0,04|442,35|0,14|0,18
2014-06-15 10:13:18,570|0,0|0,0|100,0|1678|596|1082|0,04|442,33|0,00|0,00
2014-06-15 10:13:24,336|0,0|0,0|100,0|1678|596|1082|0,04|442,32|0,00|0,00
2014-06-15 10:13:30,127|0,0|0,0|100,0|1678|597|1080|0,04|442,30|1,39|0,68
2014-06-15 10:13:36,039|0,0|1,9|98,0|1678|598|1080|0,04|442,29|0,35|0,13
2014-06-15 10:13:41,880|0,0|1,9|98,0|1678|596|1082|0,04|442,27|0,00|0,00
2014-06-15 10:13:47,599|0,0|0,0|100,0|1678|596|1082|0,04|442,26|0,00|0,00
2014-06-15 10:13:53,327|72,0|20,0|8,0|1678|597|1080|0,04|442,24|0,43|11,17
2014-06-15 10:13:59,063|0,0|0,0|100,0|1678|596|1082|0,04|442,23|0,00|0,00
2014-06-15 10:14:04,863|0,0|1,9|98,0|1678|596|1082|0,04|442,21|1,60|1,95
2014-06-15 10:14:10,619|0,0|0,0|98,0|1678|598|1079|0,04|442,20|1,33|61,87
2014-06-15 10:14:16,341|0,0|0,0|100,0|1678|596|1082|0,04|442,18|0,00|0,00
2014-06-15 10:14:22,089|0,0|0,0|100,0|1678|596|1082|0,04|442,17|0,00|0,00
2014-06-15 10:14:27,792|0,0|1,9|98,0|1678|597|1080|0,04|442,15|0,81|0,83
2014-06-15 10:14:33,711|0,0|0,0|100,0|1678|596|1082|0,04|442,14|0,00|0,00
2014-06-15 10:14:39,448|0,0|0,0|100,0|1678|596|1082|0,04|442,12|0,00|0,00
2014-06-15 10:14:45,172|0,0|1,9|98,0|1678|596|1082|0,04|442,11|0,00|0,00
2014-06-15 10:14:50,899|1,9|0,0|98,0|1678|598|1079|0,04|442,09|0,90|45,62
2014-06-15 10:14:57,040|0,0|0,0|100,0|1678|596|1082|0,04|442,07|0,00|0,00
2014-06-15 10:15:02,785|0,0|0,0|100,0|1678|596|1082|0,04|442,06|0,00|0,00
2014-06-15 10:15:08,533|0,0|0,0|100,0|1678|596|1082|0,04|442,04|0,07|0,07
2014-06-15 10:15:14,291|0,0|0,0|100,0|1678|596|1082|0,04|442,03|0,06|0,00
2014-06-15 10:15:20,025|0,0|0,0|100,0|1678|596|1082|0,04|442,01|0,00|0,00
2014-06-15 10:15:25,836|0,0|0,0|100,0|1678|597|1081|0,04|442,00|0,81|0,76
2014-06-15 10:15:31,809|0,0|0,0|100,0|1678|598|1080|0,04|441,98|0,59|0,38
2014-06-15 10:15:37,536|0,0|0,0|100,0|1678|596|1082|0,04|441,97|0,00|0,00
2014-06-15 10:15:43,304|0,0|0,0|100,0|1678|596|1082|0,04|441,95|0,00|0,00
2014-06-15 10:15:49,036|2,0|2,0|96,0|1678|599|1078|0,04|441,94|0,39|0,38
2014-06-15 10:15:54,800|0,0|0,0|100,0|1678|596|1082|0,04|441,92|0,00|0,00
2014-06-15 10:16:00,528|0,0|0,0|100,0|1678|596|1082|0,04|441,91|0,30|1,95
2014-06-15 10:16:06,292|0,0|0,0|100,0|1678|598|1080|0,04|441,89|1,27|56,05
2014-06-15 10:16:12,101|0,0|0,0|100,0|1678|596|1082|0,04|441,88|0,00|0,00
2014-06-15 10:16:17,902|1,9|0,0|98,0|1678|596|1082|0,04|441,86|0,00|0,00
2014-06-15 10:16:23,630|2,0|0,0|98,0|1678|597|1081|0,04|441,85|1,59|0,56
2014-06-15 10:16:29,421|0,0|0,0|100,0|1678|596|1082|0,04|441,83|0,00|0,00
2014-06-15 10:16:35,193|0,0|0,0|100,0|1678|596|1082|0,04|441,82|0,00|0,00
2014-06-15 10:16:40,945|72,5|21,5|5,8|1678|597|1080|0,04|441,80|0,49|15,11
2014-06-15 10:16:46,684|0,0|0,0|100,0|1678|596|1082|0,04|441,79|0,08|0,17
2014-06-15 10:16:52,421|0,0|0,0|100,0|1678|596|1082|0,04|441,77|0,00|0,00
2014-06-15 10:16:58,246|0,0|1,9|98,0|1678|596|1082|0,04|441,76|0,00|0,00
2014-06-15 10:17:04,001|0,0|1,9|98,0|1678|597|1080|0,04|441,74|0,06|0,00
2014-06-15 10:17:09,777|1,9|0,0|98,0|1678|596|1082|0,04|441,73|0,00|0,00
2014-06-15 10:17:15,540|0,0|0,0|100,0|1678|597|1081|0,04|441,71|0,43|1,03
2014-06-15 10:17:21,396|60,0|40,0|0,0|1678|603|1074|0,04|441,70|4,38|53,85
2014-06-15 10:17:28,484|56,0|44,0|0,0|1678|605|1073|0,04|441,68|1,85|1,85
2014-06-15 10:17:35,548|52,9|47,0|0,0|1678|605|1072|0,04|441,66|1,85|1,85
2014-06-15 10:17:42,630|52,0|48,0|0,0|1678|606|1071|0,04|441,64|4,48|4,48
2014-06-15 10:17:49,709|50,9|47,0|0,0|1678|615|1062|0,04|441,62|0,00|0,00
2014-06-15 10:17:56,804|54,0|46,0|0,0|1678|612|1066|0,04|441,60|0,96|50,03
2014-06-15 10:18:04,001|54,9|45,0|0,0|1678|616|1062|0,04|441,58|0,00|0,00
2014-06-15 10:18:11,061|54,0|46,0|0,0|1678|616|1061|0,04|441,57|0,00|0,00
2014-06-15 10:18:18,116|60,0|40,0|0,0|1678|620|1057|0,04|441,55|2,15|15,98
2014-06-15 10:18:25,237|56,8|43,1|0,0|1678|617|1060|0,04|441,53|0,13|0,13
2014-06-15 10:18:32,305|57,9|42,0|0,0|1678|621|1057|0,04|441,51|0,38|0,47
2014-06-15 10:18:39,377|60,0|40,0|0,0|1678|619|1058|0,04|441,49|0,00|0,00
2014-06-15 10:18:46,466|60,0|40,0|0,0|1678|617|1061|0,04|441,47|0,75|0,75
2014-06-15 10:18:53,545|62,0|38,0|0,0|1678|615|1062|0,04|441,45|0,57|0,57
2014-06-15 10:19:00,634|0,0|0,0|100,0|1678|602|1075|0,04|441,44|0,55|1,25
2014-06-15 10:19:06,981|62,0|38,0|0,0|1678|607|1070|0,04|441,42|4,15|4,10
2014-06-15 10:19:14,342|54,9|45,0|0,0|1678|637|1041|0,04|441,40|2,54|2,12
2014-06-15 10:19:21,405|54,9|45,0|0,0|1678|630|1048|0,04|441,38|2,54|2,12
2014-06-15 10:19:28,511|52,9|45,0|0,0|1678|620|1057|0,04|441,36|2,27|0,83
2014-06-15 10:19:35,593|54,9|45,0|0,0|1678|611|1066|0,04|441,35|0,69|0,27
2014-06-15 10:19:42,687|56,0|44,0|0,0|1678|629|1049|0,04|441,33|0,14|0,18
2014-06-15 10:19:49,771|56,8|43,1|0,0|1678|639|1038|0,04|441,31|1,78|55,63
2014-06-15 10:19:56,821|54,0|46,0|0,0|1678|629|1048|0,04|441,29|0,00|0,00
2014-06-15 10:20:03,894|54,9|45,0|0,0|1678|623|1054|0,04|441,27|0,00|0,57
2014-06-15 10:20:10,962|56,0|44,0|0,0|1678|620|1057|0,04|441,25|0,06|0,00
2014-06-15 10:20:18,106|56,8|43,1|0,0|1678|627|1051|0,04|441,23|0,19|0,19
2014-06-15 10:20:25,218|58,8|41,1|0,0|1678|633|1045|0,04|441,22|0,82|44,19
2014-06-15 10:20:32,322|57,9|42,0|0,0|1678|631|1046|0,04|441,20|0,06|0,06
2014-06-15 10:20:39,427|57,9|42,0|0,0|1678|632|1045|0,04|441,18|0,00|0,00
2014-06-15 10:20:46,486|60,0|40,0|0,0|1678|629|1048|0,04|441,16|1,30|0,65
2014-06-15 10:20:53,646|58,8|41,1|0,0|1678|622|1055|0,04|441,14|0,31|1,15
2014-06-15 10:21:00,714|60,7|39,2|0,0|1678|621|1057|0,04|441,12|0,47|0,56
2014-06-15 10:21:08,018|62,0|38,0|0,0|1678|617|1060|0,04|441,10|0,00|0,00
2014-06-15 10:21:15,194|60,7|39,2|0,0|1678|616|1061|0,04|441,09|0,87|0,87
2014-06-15 10:21:22,282|94,1|0,0|5,8|1678|603|1074|0,04|441,07|1,58|1,00
2014-06-15 10:21:28,430|0,0|0,0|100,0|1678|600|1077|0,04|441,05|0,00|0,00
2014-06-15 10:21:34,186|64,0|36,0|0,0|1678|607|1070|0,04|441,04|2,32|2,32
2014-06-15 10:21:41,390|54,0|46,0|0,0|1678|614|1064|0,04|441,02|3,90|57,14
2014-06-15 10:21:48,630|50,9|49,0|0,0|1678|622|1055|0,04|441,00|1,85|1,85
2014-06-15 10:21:55,786|54,0|46,0|0,0|1678|623|1055|0,04|440,98|0,40|1,01
2014-06-15 10:22:02,990|54,0|46,0|0,0|1678|623|1054|0,04|440,96|0,60|16,85
2014-06-15 10:22:10,190|52,9|47,0|0,0|1678|620|1058|0,04|440,94|0,00|0,00
2014-06-15 10:22:17,459|52,9|47,0|0,0|1678|620|1057|0,04|440,92|1,14|0,48
2014-06-15 10:22:24,559|52,0|48,0|0,0|1678|614|1064|0,04|440,90|7,21|7,21
2014-06-15 10:22:31,695|56,0|44,0|0,0|1678|622|1056|0,04|440,89|0,00|0,00
2014-06-15 10:22:38,872|56,8|43,1|0,0|1678|623|1055|0,04|440,87|1,42|1,16
2014-06-15 10:22:46,139|57,1|42,8|0,0|1678|621|1057|0,04|440,85|3,40|4,01
2014-06-15 10:22:53,207|60,0|40,0|0,0|1678|616|1061|0,04|440,83|1,68|2,28
2014-06-15 10:23:00,273|60,0|40,0|0,0|1678|616|1062|0,04|440,81|5,36|4,90
2014-06-15 10:23:07,331|60,0|40,0|0,0|1678|608|1070|0,04|440,79|0,00|1,15
2014-06-15 10:23:14,399|62,0|38,0|0,0|1678|608|1069|0,04|440,78|0,07|0,07
2014-06-15 10:23:21,471|0,0|0,0|100,0|1678|602|1076|0,04|440,76|0,54|0,77
2014-06-15 10:23:27,608|72,0|2,0|26,0|1678|601|1077|0,04|440,74|0,54|0,71
2014-06-15 10:23:33,615|45,0|25,4|29,4|1678|603|1074|0,04|440,73|3,82|2,77
2014-06-15 10:23:40,191|56,8|43,1|0,0|1678|608|1069|0,04|440,71|2,20|1,99
2014-06-15 10:23:47,299|54,9|45,0|0,0|1678|609|1068|0,04|440,69|22,26|24,73
2014-06-15 10:23:54,375|56,0|44,0|0,0|1678|645|1033|0,04|440,67|2,19|2,53
2014-06-15 10:24:01,556|54,9|45,0|0,0|1678|638|1039|0,04|440,65|0,92|1,52
2014-06-15 10:24:08,605|52,9|47,0|0,0|1678|633|1044|0,04|440,63|0,30|1,95
2014-06-15 10:24:15,685|54,0|46,0|0,0|1678|630|1047|0,04|440,62|1,10|8,70
2014-06-15 10:24:22,783|52,9|47,0|0,0|1678|621|1057|0,04|440,60|0,34|0,14
2014-06-15 10:24:29,873|54,0|46,0|0,0|1678|619|1059|0,04|440,58|0,00|0,00
2014-06-15 10:24:36,941|52,9|47,0|0,0|1678|616|1061|0,04|440,56|2,01|1,33
2014-06-15 10:24:44,152|56,0|44,0|0,0|1678|617|1060|0,04|440,54|7,00|7,44
2014-06-15 10:24:51,211|56,0|44,0|0,0|1678|625|1053|0,04|440,52|0,97|1,54
2014-06-15 10:24:58,320|56,8|43,1|0,0|1678|624|1054|0,04|440,51|0,75|0,75
2014-06-15 10:25:05,428|57,6|40,3|0,0|1678|624|1053|0,04|440,49|0,00|0,00
2014-06-15 10:25:12,520|57,9|42,0|0,0|1678|621|1056|0,04|440,47|0,33|0,67
2014-06-15 10:25:19,632|60,0|40,0|0,0|1678|619|1058|0,04|440,45|0,75|0,75
2014-06-15 10:25:26,700|59,1|40,8|0,0|1678|615|1062|0,04|440,43|0,00|0,00
2014-06-15 10:25:33,812|62,0|38,0|0,0|1678|619|1058|0,04|440,41|1,33|54,40
2014-06-15 10:25:40,909|60,0|40,0|0,0|1678|618|1060|0,04|440,39|0,75|0,75
2014-06-15 10:25:47,982|60,0|40,0|0,0|1678|612|1065|0,04|440,38|2,40|2,25
2014-06-15 10:25:55,068|17,6|5,8|76,4|1678|604|1074|0,04|440,36|0,75|19,67
2014-06-15 10:26:01,101|0,0|0,0|100,0|1678|602|1075|0,04|440,34|0,00|0,00
2014-06-15 10:26:06,834|0,0|0,0|100,0|1678|602|1075|0,04|440,33|0,00|0,00
2014-06-15 10:26:12,585|1,9|1,9|96,0|1678|604|1073|0,04|440,31|0,96|47,03
2014-06-15 10:26:18,322|0,0|0,0|96,0|1678|601|1077|0,04|440,30|0,00|0,00
2014-06-15 10:26:24,094|0,0|0,0|94,1|1678|600|1077|0,04|440,28|0,00|0,00
2014-06-15 10:26:29,878|0,0|0,0|100,0|1678|600|1078|0,04|440,27|0,07|0,07
2014-06-15 10:26:35,620|62,7|37,2|0,0|1678|602|1075|0,04|440,25|2,53|2,53
2014-06-15 10:26:42,721|56,8|43,1|0,0|1678|615|1062|0,04|440,23|1,85|1,85
2014-06-15 10:26:49,793|56,8|43,1|0,0|1678|609|1068|0,04|440,22|2,40|31,47
2014-06-15 10:26:56,973|52,9|47,0|0,0|1678|604|1073|0,04|440,20|3,52|4,12
2014-06-15 10:27:04,037|54,0|46,0|0,0|1678|626|1052|0,04|440,18|0,00|0,00
2014-06-15 10:27:11,114|56,0|44,0|0,0|1678|637|1040|0,04|440,16|0,00|0,00
2014-06-15 10:27:18,181|54,0|46,0|0,0|1678|635|1043|0,04|440,14|0,00|0,00
2014-06-15 10:27:25,261|60,0|40,0|0,0|1678|645|1033|0,04|440,12|0,00|0,00
2014-06-15 10:27:32,329|60,7|39,2|0,0|1678|641|1036|0,04|440,11|0,00|0,00
2014-06-15 10:27:39,373|60,7|39,2|0,0|1678|636|1041|0,04|440,09|0,00|0,00
2014-06-15 10:27:46,425|59,1|40,8|0,0|1678|633|1044|0,04|440,07|1,71|76,53
2014-06-15 10:27:53,497|60,0|40,0|0,0|1678|628|1049|0,04|440,05|0,00|0,00
2014-06-15 10:28:00,641|62,0|38,0|0,0|1678|619|1058|0,04|440,03|0,00|0,00
2014-06-15 10:28:07,729|62,0|38,0|0,0|1678|618|1059|0,04|440,01|0,50|0,51
2014-06-15 10:28:14,826|0,0|0,0|100,0|1678|600|1077|0,04|440,00|0,00|0,00
2014-06-15 10:28:20,566|0,0|0,0|100,0|1678|600|1078|0,04|439,98|0,07|0,07
2014-06-15 10:28:26,333|16,3|0,0|83,6|1678|600|1077|0,04|439,97|2,22|51,49
2014-06-15 10:28:32,458|96,0|3,9|0,0|1678|598|1079|0,04|439,95|1,49|1,84
2014-06-15 10:28:38,829|58,8|41,1|0,0|1678|604|1074|0,04|439,93|2,54|2,12
2014-06-15 10:28:45,927|56,0|44,0|0,0|1678|610|1067|0,04|439,91|3,09|2,81
2014-06-15 10:28:53,317|52,9|47,0|0,0|1678|604|1073|0,04|439,90|2,24|2,24
2014-06-15 10:29:00,394|52,9|47,0|0,0|1678|619|1058|0,04|439,88|0,30|1,95
2014-06-15 10:29:07,433|53,0|46,9|0,0|1678|615|1062|0,04|439,86|1,84|51,11
2014-06-15 10:29:14,534|52,0|48,0|0,0|1678|612|1065|0,04|439,84|0,00|0,00
2014-06-15 10:29:21,629|54,0|46,0|0,0|1678|610|1068|0,04|439,82|0,26|0,26
2014-06-15 10:29:28,714|53,8|46,1|0,0|1678|610|1067|0,04|439,80|10,66|34,91
2014-06-15 10:29:35,802|54,0|46,0|0,0|1678|626|1051|0,04|439,79|1,09|0,46
2014-06-15 10:29:42,899|52,9|47,0|0,0|1678|620|1058|0,04|439,77|1,86|0,94
2014-06-15 10:29:50,098|54,9|45,0|0,0|1678|610|1068|0,04|439,75|0,93|0,77
2014-06-15 10:29:57,183|58,8|41,1|0,0|1678|655|1022|0,04|439,73|0,00|0,00
2014-06-15 10:30:04,294|62,0|38,0|0,0|1678|643|1035|0,04|439,71|0,00|0,00
2014-06-15 10:30:11,411|60,0|40,0|0,0|1678|635|1043|0,04|439,69|1,03|1,03
2014-06-15 10:30:18,486|60,7|39,2|0,0|1678|624|1053|0,04|439,67|0,00|0,00
2014-06-15 10:30:25,570|64,0|36,0|0,0|1678|623|1055|0,04|439,66|0,50|0,60
2014-06-15 10:30:32,706|60,7|37,2|0,0|1678|608|1070|0,04|439,64|3,69|13,72
2014-06-15 10:30:39,834|64,7|35,2|0,0|1678|622|1056|0,04|439,62|0,06|0,06
2014-06-15 10:30:46,939|64,0|36,0|0,0|1678|630|1047|0,04|439,60|1,65|0,62
2014-06-15 10:30:54,103|64,0|36,0|0,0|1678|624|1053|0,04|439,58|0,12|0,12
2014-06-15 10:31:01,186|94,2|5,7|0,0|1678|616|1062|0,04|439,57|0,00|0,00
2014-06-15 10:31:07,604|96,0|3,9|0,0|1678|613|1065|0,04|439,55|1,28|64,69
2014-06-15 10:31:14,010|0,0|0,0|100,0|1678|601|1076|0,04|439,53|0,00|0,00
2014-06-15 10:31:19,770|33,3|1,9|64,7|1678|602|1076|0,04|439,52|0,54|0,77
2014-06-15 10:31:26,071|61,5|1,9|34,6|1678|602|1075|0,04|439,50|0,84|2,71
2014-06-15 10:31:32,131|41,1|1,9|56,8|1678|603|1075|0,04|439,49|0,87|0,91
2014-06-15 10:31:38,164|68,6|5,8|25,4|1678|602|1076|0,04|439,47|0,54|0,77
2014-06-15 10:31:44,490|61,5|36,5|0,0|1678|611|1066|0,04|439,45|2,24|2,40
2014-06-15 10:31:51,595|57,9|42,0|0,0|1678|613|1064|0,04|439,43|1,86|1,86
2014-06-15 10:31:58,651|54,0|46,0|0,0|1678|610|1068|0,04|439,42|4,44|4,74
2014-06-15 10:32:05,687|54,0|46,0|0,0|1678|627|1050|0,04|439,40|1,26|1,60
2014-06-15 10:32:12,797|54,0|46,0|0,0|1678|633|1044|0,04|439,38|0,00|0,00
2014-06-15 10:32:19,867|54,9|45,0|0,0|1678|623|1054|0,04|439,36|0,00|0,00
2014-06-15 10:32:27,031|52,9|47,0|0,0|1678|622|1055|0,04|439,34|1,20|57,51
2014-06-15 10:32:34,083|55,1|44,8|0,0|1678|627|1051|0,04|439,32|6,74|6,74
2014-06-15 10:32:41,119|60,0|40,0|0,0|1678|623|1054|0,04|439,31|0,00|0,00
2014-06-15 10:32:48,211|62,0|38,0|0,0|1678|628|1049|0,04|439,29|0,95|25,21
2014-06-15 10:32:55,295|59,1|40,8|0,0|1678|621|1056|0,04|439,27|0,00|0,00
2014-06-15 10:33:02,343|62,0|38,0|0,0|1678|631|1047|0,04|439,25|0,81|0,76
2014-06-15 10:33:09,620|61,5|38,4|0,0|1678|622|1055|0,04|439,23|0,00|0,00
2014-06-15 10:33:16,687|62,0|38,0|0,0|1678|615|1062|0,04|439,21|0,69|0,27
2014-06-15 10:33:23,705|98,0|2,0|0,0|1678|616|1062|0,04|439,20|0,62|0,20
2014-06-15 10:33:30,129|98,0|0,0|0,0|1678|612|1066|0,04|439,18|3,06|5,67
2014-06-15 10:33:36,670|98,0|2,0|0,0|1678|607|1070|0,04|439,16|2,31|4,01
2014-06-15 10:33:43,057|0,0|0,0|96,0|1678|602|1075|0,04|439,15|5,23|5,43
2014-06-15 10:33:49,920|60,0|40,0|0,0|1678|609|1069|0,04|439,13|1,85|1,85
2014-06-15 10:33:57,057|60,0|40,0|0,0|1678|623|1055|0,04|439,11|4,30|4,30
2014-06-15 10:34:04,116|54,0|46,0|0,0|1678|623|1054|0,04|439,09|2,61|2,70
2014-06-15 10:34:11,157|52,9|47,0|0,0|1678|617|1061|0,04|439,07|0,75|0,27
2014-06-15 10:34:18,236|50,9|49,0|0,0|1678|607|1071|0,04|439,06|2,94|2,52
2014-06-15 10:34:25,356|62,0|38,0|0,0|1678|617|1060|0,04|439,04|1,23|15,81
2014-06-15 10:34:32,450|52,9|47,0|0,0|1678|613|1065|0,04|439,02|6,53|11,36
2014-06-15 10:34:39,544|56,0|44,0|0,0|1678|650|1028|0,04|439,00|0,00|0,00
2014-06-15 10:34:46,600|57,9|42,0|0,0|1678|644|1033|0,04|438,98|1,59|1,94
2014-06-15 10:34:53,716|57,9|42,0|0,0|1678|634|1043|0,04|438,96|0,44|1,05
2014-06-15 10:35:00,764|58,8|41,1|0,0|1678|633|1044|0,04|438,95|0,06|0,06
2014-06-15 10:35:07,832|56,0|44,0|0,0|1678|626|1052|0,04|438,93|1,15|47,11
2014-06-15 10:35:15,092|56,8|43,1|0,0|1678|622|1056|0,04|438,91|1,16|1,58
2014-06-15 10:35:22,168|56,8|43,1|0,0|1678|622|1055|0,04|438,89|0,29|0,13
2014-06-15 10:35:29,258|56,8|41,1|0,0|1678|624|1053|0,04|438,87|0,47|0,45
2014-06-15 10:35:36,489|62,0|38,0|0,0|1678|622|1055|0,04|438,85|4,36|6,03
2014-06-15 10:35:43,544|98,0|2,0|0,0|1678|622|1056|0,04|438,84|0,35|0,44
2014-06-15 10:35:50,317|57,9|42,0|0,0|1678|619|1058|0,04|438,82|3,37|70,89
2014-06-15 10:35:57,509|54,0|46,0|0,0|1678|615|1062|0,04|438,80|2,48|4,15
2014-06-15 10:36:04,674|53,0|46,9|0,0|1678|624|1054|0,04|438,78|1,85|1,85
2014-06-15 10:36:11,737|54,0|46,0|0,0|1678|630|1047|0,04|438,76|0,50|0,51
2014-06-15 10:36:18,837|54,0|46,0|0,0|1678|620|1057|0,04|438,74|0,00|0,00
2014-06-15 10:36:25,897|54,0|46,0|0,0|1678|613|1064|0,04|438,73|1,58|0,56
2014-06-15 10:36:32,981|53,0|46,9|0,0|1678|643|1034|0,04|438,71|7,77|7,55
2014-06-15 10:36:40,106|60,0|40,0|0,0|1678|665|1012|0,04|438,69|0,00|0,00
2014-06-15 10:36:47,165|60,7|39,2|0,0|1678|660|1018|0,04|438,67|0,00|0,00
2014-06-15 10:36:54,301|60,0|40,0|0,0|1678|652|1026|0,04|438,65|0,00|0,00
2014-06-15 10:37:01,415|60,0|40,0|0,0|1678|645|1032|0,04|438,63|0,00|0,00
2014-06-15 10:37:08,481|64,0|36,0|0,0|1678|638|1039|0,04|438,62|0,81|29,76
2014-06-15 10:37:15,583|60,0|40,0|0,0|1678|634|1043|0,04|438,60|2,43|2,43
2014-06-15 10:37:22,679|60,7|39,2|0,0|1678|637|1041|0,04|438,58|0,00|0,00
2014-06-15 10:37:29,753|60,7|39,2|0,0|1678|624|1053|0,04|438,56|0,81|0,76
2014-06-15 10:37:37,073|60,7|39,2|0,0|1678|618|1060|0,04|438,54|0,00|0,00
2014-06-15 10:37:44,149|60,7|39,2|0,0|1678|607|1071|0,04|438,52|1,68|2,11
2014-06-15 10:37:51,334|20,0|0,0|80,0|1678|600|1077|0,04|438,51|1,42|13,12
2014-06-15 10:37:57,721|0,0|0,0|98,0|1678|598|1079|0,04|438,49|0,00|0,00
2014-06-15 10:38:03,474|0,0|0,0|96,0|1678|598|1079|0,04|438,48|0,00|0,00
2014-06-15 10:38:09,222|0,0|0,0|100,0|1678|599|1078|0,04|438,46|0,47|0,45
2014-06-15 10:38:14,988|0,0|0,0|100,0|1678|598|1079|0,04|438,45|0,44|1,05
2014-06-15 10:38:20,734|0,0|0,0|96,0|1678|599|1079|0,04|438,43|0,00|0,00
2014-06-15 10:38:26,490|74,5|13,7|11,7|1678|601|1076|0,04|438,42|1,16|15,84
2014-06-15 10:38:32,578|49,0|1,9|49,0|1678|600|1078|0,04|438,40|0,67|0,84
2014-06-15 10:38:38,710|52,9|3,9|43,1|1678|599|1078|0,04|438,39|0,61|0,84
2014-06-15 10:38:44,835|74,0|2,0|24,0|1678|599|1078|0,04|438,37|0,54|0,77
2014-06-15 10:38:51,006|1,9|1,9|96,1|1678|601|1077|0,04|438,35|0,54|28,36
2014-06-15 10:38:56,779|0,0|0,0|100,0|1678|600|1077|0,04|438,34|0,00|0,00
2014-06-15 10:39:02,518|0,0|0,0|100,0|1678|600|1078|0,04|438,32|0,30|1,95
2014-06-15 10:39:08,284|0,0|1,9|98,0|1678|602|1075|0,04|438,31|1,26|57,32
2014-06-15 10:39:14,102|0,0|0,0|100,0|1678|600|1077|0,04|438,29|0,00|0,00
2014-06-15 10:39:19,858|0,0|0,0|100,0|1678|600|1078|0,04|438,28|0,00|0,00
2014-06-15 10:39:25,643|0,0|1,9|98,0|1678|600|1078|0,04|438,27|1,66|2,02
2014-06-15 10:39:31,386|0,0|0,0|100,0|1678|600|1078|0,04|438,25|0,00|0,00
2014-06-15 10:39:37,143|0,0|0,0|100,0|1678|600|1078|0,04|438,24|0,00|0,00
2014-06-15 10:39:42,912|0,0|0,0|100,0|1678|600|1077|0,04|438,22|0,33|0,67
2014-06-15 10:39:48,650|0,0|0,0|100,0|1678|602|1076|0,04|438,21|1,52|27,65
2014-06-15 10:39:54,390|0,0|0,0|100,0|1678|599|1078|0,04|438,19|0,00|0,00
2014-06-15 10:40:00,152|0,0|0,0|100,0|1678|599|1078|0,04|438,18|0,00|0,00
2014-06-15 10:40:05,915|0,0|1,9|98,0|1678|600|1077|0,04|438,16|0,33|0,67
2014-06-15 10:40:11,655|0,0|0,0|100,0|1678|599|1078|0,04|438,15|0,00|0,00
2014-06-15 10:40:17,519|0,0|1,9|96,0|1678|599|1078|0,04|438,13|0,00|0,00
2014-06-15 10:40:23,271|0,0|1,9|98,0|1678|601|1076|0,04|438,12|1,26|0,51
2014-06-15 10:40:29,022|0,0|0,0|100,0|1678|599|1078|0,04|438,10|0,00|0,00
2014-06-15 10:40:34,775|0,0|0,0|94,1|1678|599|1078|0,04|438,09|0,00|0,00
2014-06-15 10:40:40,496|0,0|0,0|100,0|1678|599|1078|0,04|438,07|0,00|0,00
2014-06-15 10:40:46,212|0,0|0,0|100,0|1678|601|1076|0,04|438,06|0,91|1,39
2014-06-15 10:40:51,975|0,0|2,0|94,0|1678|599|1078|0,04|438,04|0,00|0,00
2014-06-15 10:40:57,720|0,0|0,0|96,0|1678|599|1078|0,04|438,03|0,00|0,00
2014-06-15 10:41:03,531|0,0|2,0|94,0|1678|601|1076|0,04|438,01|0,90|45,73
2014-06-15 10:41:09,424|0,0|0,0|100,0|1678|599|1078|0,04|438,00|0,00|0,00
2014-06-15 10:41:15,151|0,0|0,0|100,0|1678|599|1078|0,04|437,98|0,00|0,00
2014-06-15 10:41:20,868|0,0|0,0|96,0|1678|599|1078|0,04|437,97|0,00|0,00
2014-06-15 10:41:26,635|0,0|0,0|96,0|1678|599|1078|0,04|437,95|0,00|0,00
2014-06-15 10:41:32,351|0,0|0,0|100,0|1678|599|1078|0,04|437,94|0,00|0,00
2014-06-15 10:41:38,164|0,0|0,0|100,0|1678|599|1078|0,04|437,92|0,00|0,00
2014-06-15 10:41:43,928|0,0|0,0|94,0|1678|599|1078|0,04|437,91|0,00|0,00
2014-06-15 10:41:49,651|0,0|0,0|96,0|1678|599|1078|0,04|437,90|0,00|0,00
2014-06-15 10:41:55,372|0,0|0,0|100,0|1678|599|1078|0,04|437,88|0,00|0,00
2014-06-15 10:42:01,121|0,0|0,0|100,0|1678|599|1078|0,04|437,87|0,40|1,01
2014-06-15 10:42:06,903|0,0|0,0|96,0|1678|599|1078|0,04|437,85|0,00|0,00
2014-06-15 10:42:12,669|0,0|0,0|100,0|1678|599|1078|0,04|437,84|0,00|0,00
2014-06-15 10:42:18,408|0,0|0,0|100,0|1678|599|1078|0,04|437,82|0,00|0,00
2014-06-15 10:42:24,140|0,0|0,0|98,0|1678|599|1078|0,04|437,81|0,00|0,00
2014-06-15 10:42:29,923|0,0|0,0|94,0|1678|599|1078|0,04|437,79|0,00|0,00
2014-06-15 10:42:35,667|0,0|0,0|100,0|1678|599|1078|0,04|437,78|0,00|0,00
2014-06-15 10:42:41,476|0,0|0,0|100,0|1678|599|1078|0,04|437,76|0,00|0,00
2014-06-15 10:42:47,220|0,0|0,0|82,0|1678|599|1078|0,04|437,75|0,00|0,00
2014-06-15 10:42:52,948|0,0|0,0|96,0|1678|599|1078|0,04|437,73|0,00|0,00
2014-06-15 10:42:58,684|0,0|0,0|100,0|1678|599|1078|0,04|437,72|0,00|0,00
2014-06-15 10:43:04,400|0,0|0,0|100,0|1678|599|1078|0,04|437,70|0,00|0,00
2014-06-15 10:43:10,160|0,0|0,0|98,0|1678|599|1078|0,04|437,69|0,00|0,00
2014-06-15 10:43:15,881|0,0|0,0|94,0|1678|599|1078|0,04|437,67|0,06|0,37
2014-06-15 10:43:21,616|0,0|1,9|98,0|1678|599|1078|0,04|437,66|0,00|0,00
2014-06-15 10:43:27,329|0,0|1,9|98,0|1678|599|1078|0,04|437,64|0,00|0,00
2014-06-15 10:43:33,081|0,0|0,0|94,1|1678|599|1078|0,04|437,63|0,00|0,00
2014-06-15 10:43:38,819|0,0|0,0|96,0|1678|599|1078|0,04|437,61|0,00|0,00
2014-06-15 10:43:44,641|0,0|0,0|100,0|1678|599|1078|0,04|437,60|0,06|0,00
2014-06-15 10:43:50,384|0,0|0,0|100,0|1678|599|1078|0,04|437,59|0,00|0,00
2014-06-15 10:43:56,105|0,0|0,0|96,0|1678|599|1078|0,04|437,57|0,00|0,00
2014-06-15 10:44:01,836|0,0|0,0|96,0|1678|599|1078|0,04|437,56|0,00|0,00
2014-06-15 10:44:07,566|0,0|0,0|94,1|1678|599|1078|0,04|437,54|0,00|0,00
2014-06-15 10:44:13,332|0,0|0,0|100,0|1678|599|1078|0,04|437,53|0,00|0,00
2014-06-15 10:44:19,138|0,0|1,9|94,1|1678|599|1078|0,04|437,51|0,00|0,00
2014-06-15 10:44:24,873|0,0|0,0|94,0|1678|599|1078|0,04|437,50|0,00|0,00
2014-06-15 10:44:30,629|0,0|0,0|100,0|1678|599|1078|0,04|437,48|0,00|0,00
2014-06-15 10:44:36,364|0,0|0,0|100,0|1678|599|1078|0,04|437,47|0,00|0,00
2014-06-15 10:44:42,166|0,0|0,0|94,0|1678|599|1078|0,04|437,45|0,00|0,00
2014-06-15 10:44:47,910|0,0|0,0|96,0|1678|599|1078|0,04|437,44|0,00|0,00
2014-06-15 10:44:53,699|0,0|0,0|100,0|1678|599|1078|0,04|437,42|0,00|0,00
2014-06-15 10:44:59,534|0,0|0,0|100,0|1678|599|1078|0,04|437,41|0,00|0,00
2014-06-15 10:45:05,281|0,0|0,0|97,9|1678|599|1078|0,04|437,39|0,00|0,00
2014-06-15 10:45:11,052|0,0|0,0|92,0|1678|599|1078|0,04|437,38|0,00|0,00
2014-06-15 10:45:16,834|0,0|0,0|98,0|1678|599|1078|0,04|437,36|0,00|0,00
2014-06-15 10:45:22,612|0,0|0,0|100,0|1678|599|1078|0,04|437,35|0,00|0,00
2014-06-15 10:45:28,388|0,0|0,0|96,0|1678|599|1078|0,04|437,33|0,00|0,00
2014-06-15 10:45:34,134|0,0|0,0|94,1|1678|599|1078|0,04|437,32|0,00|0,00
2014-06-15 10:45:39,870|0,0|0,0|100,0|1678|599|1078|0,04|437,30|0,00|0,00
2014-06-15 10:45:45,621|0,0|0,0|100,0|1678|599|1078|0,04|437,29|0,00|0,00
2014-06-15 10:45:51,361|0,0|0,0|94,0|1678|599|1078|0,04|437,28|0,00|0,11
2014-06-15 10:45:57,223|0,0|0,0|96,0|1678|599|1078|0,04|437,26|0,00|0,00
2014-06-15 10:46:02,990|0,0|0,0|96,0|1678|599|1078|0,04|437,25|0,00|0,00
2014-06-15 10:46:08,756|0,0|0,0|100,0|1678|599|1078|0,04|437,23|0,00|0,00
2014-06-15 10:46:14,561|0,0|0,0|100,0|1678|599|1078|0,04|437,22|0,00|0,00
2014-06-15 10:46:20,318|0,0|0,0|94,1|1678|599|1078|0,04|437,20|0,00|0,00
2014-06-15 10:46:26,094|0,0|0,0|97,9|1678|600|1078|0,04|437,19|0,00|0,00
2014-06-15 10:46:31,833|0,0|0,0|100,0|1678|600|1078|0,04|437,17|0,00|0,00
2014-06-15 10:46:37,561|0,0|1,9|98,0|1678|599|1078|0,04|437,16|0,34|0,63
2014-06-15 10:46:43,398|0,0|0,0|94,0|1678|599|1078|0,04|437,14|0,00|0,00
2014-06-15 10:46:49,135|0,0|0,0|96,0|1678|599|1078|0,04|437,13|0,00|0,00
2014-06-15 10:46:54,879|0,0|0,0|100,0|1678|599|1078|0,04|437,11|0,00|0,00
2014-06-15 10:47:00,683|0,0|0,0|100,0|1678|599|1078|0,04|437,10|0,00|0,00
2014-06-15 10:47:06,401|0,0|0,0|94,1|1678|599|1078|0,04|437,08|0,00|0,00
2014-06-15 10:47:12,237|0,0|0,0|96,0|1678|599|1078|0,04|437,07|0,00|0,00
2014-06-15 10:47:17,969|0,0|0,0|100,0|1678|599|1078|0,04|437,05|0,00|0,00
2014-06-15 10:47:23,697|0,0|0,0|100,0|1678|599|1078|0,04|437,04|0,00|0,00
2014-06-15 10:47:29,586|0,0|0,0|97,9|1678|599|1078|0,04|437,02|0,00|0,00
2014-06-15 10:47:35,319|0,0|0,0|96,0|1678|599|1078|0,04|437,01|0,00|0,00
2014-06-15 10:47:41,078|0,0|1,9|98,0|1678|599|1078|0,04|436,99|0,00|0,00
2014-06-15 10:47:46,818|0,0|0,0|100,0|1678|599|1078|0,04|436,98|0,00|0,00
2014-06-15 10:47:52,571|0,0|0,0|94,2|1678|599|1078|0,04|436,97|0,49|1,17
2014-06-15 10:47:58,354|0,0|0,0|96,0|1678|599|1078|0,04|436,95|0,00|0,00
2014-06-15 10:48:04,174|0,0|0,0|100,0|1678|599|1078|0,04|436,94|0,00|0,00
2014-06-15 10:48:09,914|0,0|0,0|100,0|1678|599|1078|0,04|436,92|0,00|0,00
2014-06-15 10:48:15,667|0,0|0,0|100,0|1678|600|1078|0,04|436,91|0,00|0,00
2014-06-15 10:48:21,462|0,0|0,0|96,0|1678|599|1078|0,04|436,89|0,00|0,00
2014-06-15 10:48:27,228|0,0|1,9|94,1|1678|599|1078|0,04|436,88|0,00|0,00
2014-06-15 10:48:33,038|0,0|0,0|100,0|1678|599|1078|0,04|436,86|0,00|0,00
2014-06-15 10:48:38,795|1,9|0,0|98,0|1678|599|1078|0,04|436,85|0,00|0,00
2014-06-15 10:48:44,667|0,0|0,0|100,0|1678|599|1078|0,04|436,83|0,00|0,00
2014-06-15 10:48:50,418|0,0|0,0|100,0|1678|599|1078|0,04|436,82|0,00|0,00
2014-06-15 10:48:56,171|0,0|0,0|100,0|1678|599|1078|0,04|436,80|0,00|0,00
2014-06-15 10:49:01,935|0,0|0,0|100,0|1678|599|1078|0,04|436,79|0,00|0,00
2014-06-15 10:49:07,750|0,0|0,0|100,0|1678|599|1078|0,04|436,77|0,40|1,01
2014-06-15 10:49:13,528|0,0|0,0|100,0|1678|599|1078|0,04|436,76|0,00|0,00
2014-06-15 10:49:19,303|0,0|0,0|100,0|1678|599|1078|0,04|436,74|0,00|0,00
2014-06-15 10:49:25,054|0,0|0,0|100,0|1678|599|1078|0,04|436,73|0,00|0,00
2014-06-15 10:49:30,831|0,0|0,0|100,0|1678|599|1078|0,04|436,71|0,00|0,00
2014-06-15 10:49:36,647|0,0|0,0|100,0|1678|599|1078|0,04|436,70|0,00|0,00
2014-06-15 10:49:42,491|0,0|1,9|98,0|1678|599|1078|0,04|436,68|0,00|0,00
2014-06-15 10:49:48,211|0,0|0,0|100,0|1678|599|1078|0,04|436,67|0,00|0,00
2014-06-15 10:49:53,935|0,0|0,0|100,0|1678|599|1078|0,04|436,66|0,00|0,00
2014-06-15 10:49:59,744|0,0|1,9|98,0|1678|599|1078|0,04|436,64|0,00|0,00
2014-06-15 10:50:05,463|0,0|0,0|100,0|1678|599|1078|0,04|436,63|0,00|0,00
2014-06-15 10:50:11,231|0,0|0,0|100,0|1678|600|1078|0,04|436,61|0,00|0,00
2014-06-15 10:50:16,971|0,0|1,9|98,0|1678|599|1078|0,04|436,60|0,00|0,00
2014-06-15 10:50:22,725|0,0|0,0|100,0|1678|599|1078|0,04|436,58|0,40|1,01
2014-06-15 10:50:28,472|0,0|0,0|100,0|1678|599|1078|0,04|436,57|0,00|0,00
2014-06-15 10:50:34,196|0,0|0,0|100,0|1678|599|1078|0,04|436,55|0,00|0,00
2014-06-15 10:50:39,948|0,0|0,0|100,0|1678|599|1078|0,04|436,54|0,00|0,00
2014-06-15 10:50:45,716|0,0|0,0|100,0|1678|600|1078|0,04|436,52|0,00|0,00
2014-06-15 10:50:51,496|0,0|0,0|100,0|1678|599|1078|0,04|436,51|0,00|0,00
2014-06-15 10:50:57,229|0,0|0,0|100,0|1678|599|1078|0,04|436,49|0,00|0,00
2014-06-15 10:51:03,008|0,0|0,0|100,0|1678|599|1078|0,04|436,48|0,00|0,00
2014-06-15 10:51:08,727|1,8|1,8|96,2|1678|599|1078|0,04|436,46|0,00|0,00
2014-06-15 10:51:14,567|0,0|0,0|100,0|1678|599|1078|0,04|436,45|0,00|0,00
2014-06-15 10:51:20,296|0,0|0,0|100,0|1678|599|1078|0,04|436,43|0,00|0,00
2014-06-15 10:51:26,032|0,0|0,0|100,0|1678|599|1078|0,04|436,42|0,00|0,00
2014-06-15 10:51:31,811|1,9|0,0|98,0|1678|599|1078|0,04|436,41|0,00|0,00
2014-06-15 10:51:37,536|0,0|0,0|100,0|1678|599|1078|0,04|436,39|0,00|0,00
2014-06-15 10:51:43,302|0,0|1,9|98,0|1678|600|1078|0,04|436,38|0,00|0,00
2014-06-15 10:51:49,079|0,0|0,0|100,0|1678|599|1078|0,04|436,36|0,00|0,00
2014-06-15 10:51:54,801|0,0|0,0|100,0|1678|599|1078|0,04|436,35|0,00|0,00
2014-06-15 10:52:00,556|0,0|0,0|100,0|1678|599|1078|0,04|436,33|0,00|0,00
2014-06-15 10:52:06,292|0,0|1,9|98,0|1678|599|1078|0,04|436,32|0,00|0,00
2014-06-15 10:52:12,104|0,0|0,0|100,0|1678|599|1078|0,04|436,30|0,00|0,00
2014-06-15 10:52:17,840|0,0|0,0|100,0|1678|599|1078|0,04|436,29|0,00|0,00
2014-06-15 10:52:23,605|0,0|0,0|100,0|1678|599|1078|0,04|436,27|0,00|0,00
2014-06-15 10:52:29,360|0,0|0,0|100,0|1678|599|1078|0,04|436,26|0,00|0,00
2014-06-15 10:52:35,088|0,0|0,0|100,0|1678|599|1078|0,04|436,24|0,00|0,00
2014-06-15 10:52:40,882|0,0|0,0|100,0|1678|599|1078|0,04|436,23|0,00|0,00
2014-06-15 10:52:46,604|0,0|1,9|98,0|1678|599|1078|0,04|436,21|0,00|0,00
2014-06-15 10:52:52,389|0,0|0,0|100,0|1678|599|1078|0,04|436,20|0,00|0,00
2014-06-15 10:52:58,201|0,0|0,0|100,0|1678|599|1078|0,04|436,19|0,00|0,00
2014-06-15 10:53:03,934|0,0|0,0|100,0|1678|600|1078|0,04|436,17|0,00|0,00
2014-06-15 10:53:09,684|1,9|0,0|98,0|1678|599|1078|0,04|436,16|0,00|0,00
2014-06-15 10:53:15,420|0,0|0,0|100,0|1678|599|1078|0,04|436,14|0,00|0,00
2014-06-15 10:53:21,164|0,0|0,0|100,0|1678|599|1078|0,04|436,13|0,00|0,00
2014-06-15 10:53:26,937|0,0|1,9|98,0|1678|599|1078|0,04|436,11|0,00|0,00
2014-06-15 10:53:32,690|0,0|0,0|100,0|1678|599|1078|0,04|436,10|0,00|0,00
2014-06-15 10:53:38,409|0,0|0,0|100,0|1678|599|1078|0,04|436,08|0,00|0,00
2014-06-15 10:53:44,208|0,0|0,0|100,0|1678|599|1078|0,04|436,07|0,34|0,20
2014-06-15 10:53:50,024|0,0|0,0|100,0|1678|599|1078|0,04|436,05|0,00|0,00
2014-06-15 10:53:55,800|0,0|0,0|100,0|1678|599|1078|0,04|436,04|0,00|0,00
2014-06-15 10:54:01,529|0,0|1,9|98,0|1678|599|1078|0,04|436,02|0,00|0,00
2014-06-15 10:54:07,270|0,0|0,0|100,0|1678|599|1078|0,04|436,01|0,00|0,00
2014-06-15 10:54:13,029|0,0|0,0|100,0|1678|599|1078|0,04|435,99|0,00|0,00
2014-06-15 10:54:18,822|0,0|0,0|100,0|1678|599|1078|0,04|435,98|0,00|0,00
2014-06-15 10:54:24,597|0,0|0,0|100,0|1678|599|1078|0,04|435,97|0,00|0,00
2014-06-15 10:54:30,341|0,0|0,0|100,0|1678|599|1078|0,04|435,95|0,00|0,00
2014-06-15 10:54:36,153|0,0|1,9|98,0|1678|599|1078|0,04|435,94|0,00|0,00
2014-06-15 10:54:41,963|1,9|0,0|98,0|1678|599|1078|0,04|435,92|0,00|0,00
2014-06-15 10:54:47,698|0,0|0,0|100,0|1678|599|1078|0,04|435,91|0,00|0,00
2014-06-15 10:54:53,437|1,9|1,9|96,1|1678|599|1078|0,04|435,89|0,00|0,00
2014-06-15 10:54:59,187|0,0|0,0|100,0|1678|599|1078|0,04|435,88|0,40|1,01
2014-06-15 10:55:04,966|0,0|1,9|98,0|1678|599|1078|0,04|435,86|0,00|0,00
2014-06-15 10:55:10,718|0,0|0,0|100,0|1678|600|1078|0,04|435,85|0,00|0,00
2014-06-15 10:55:16,458|0,0|0,0|100,0|1678|599|1078|0,04|435,83|0,00|0,00
2014-06-15 10:55:22,193|0,0|0,0|100,0|1678|599|1078|0,04|435,82|0,00|0,00
2014-06-15 10:55:27,934|0,0|0,0|100,0|1678|599|1078|0,04|435,80|0,00|0,00
2014-06-15 10:55:33,682|0,0|0,0|100,0|1678|599|1078|0,04|435,79|0,00|0,00
2014-06-15 10:55:39,430|1,9|0,0|98,0|1678|599|1078|0,04|435,77|0,00|0,00
2014-06-15 10:55:45,146|0,0|0,0|100,0|1678|599|1078|0,04|435,76|0,00|0,00
2014-06-15 10:55:50,909|0,0|1,9|98,0|1678|599|1078|0,04|435,75|0,00|0,00
2014-06-15 10:55:56,702|0,0|0,0|100,0|1678|600|1078|0,04|435,73|0,00|0,00
2014-06-15 10:56:02,439|0,0|0,0|100,0|1678|599|1078|0,04|435,72|0,00|0,00
2014-06-15 10:56:08,229|1,9|0,0|98,0|1678|599|1078|0,04|435,70|0,00|0,00
2014-06-15 10:56:13,970|0,0|0,0|100,0|1678|599|1078|0,04|435,69|0,40|1,01
2014-06-15 10:56:19,702|0,0|0,0|100,0|1678|600|1078|0,04|435,67|0,00|0,00
2014-06-15 10:56:25,430|0,0|0,0|100,0|1678|599|1078|0,04|435,66|0,00|0,00
2014-06-15 10:56:31,169|0,0|1,9|98,0|1678|599|1078|0,04|435,64|0,00|0,00
2014-06-15 10:56:36,906|0,0|0,0|100,0|1678|599|1078|0,04|435,63|0,00|0,00
2014-06-15 10:56:42,731|0,0|0,0|100,0|1678|599|1078|0,04|435,61|0,00|0,00
2014-06-15 10:56:48,519|0,0|0,0|100,0|1678|599|1078|0,04|435,60|0,00|0,00
2014-06-15 10:56:54,263|0,0|0,0|100,0|1678|599|1078|0,04|435,58|0,00|0,00
2014-06-15 10:57:00,039|0,0|0,0|100,0|1678|599|1078|0,04|435,57|0,00|0,00
2014-06-15 10:57:05,791|0,0|0,0|100,0|1678|600|1078|0,04|435,56|0,00|0,00
2014-06-15 10:57:11,573|0,0|0,0|100,0|1678|599|1078|0,04|435,54|0,00|0,00
2014-06-15 10:57:17,354|0,0|0,0|100,0|1678|599|1078|0,04|435,53|0,00|0,00
2014-06-15 10:57:23,194|0,0|0,0|98,0|1678|599|1078|0,04|435,51|0,00|0,00
2014-06-15 10:57:28,947|0,0|0,0|100,0|1678|599|1078|0,04|435,50|0,00|0,00
2014-06-15 10:57:34,726|0,0|0,0|100,0|1678|599|1078|0,04|435,48|0,00|0,00
2014-06-15 10:57:40,487|0,0|0,0|100,0|1678|599|1078|0,04|435,47|0,00|0,00
2014-06-15 10:57:46,248|0,0|1,9|98,0|1678|599|1078|0,04|435,45|0,00|0,00
2014-06-15 10:57:52,042|0,0|0,0|100,0|1678|599|1078|0,04|435,44|0,00|0,00
2014-06-15 10:57:57,871|0,0|1,9|98,0|1678|599|1078|0,04|435,42|0,00|0,00
2014-06-15 10:58:03,619|0,0|0,0|100,0|1678|599|1078|0,04|435,41|0,00|0,00
2014-06-15 10:58:09,383|0,0|0,0|100,0|1678|599|1078|0,04|435,39|0,00|0,00
2014-06-15 10:58:15,189|0,0|0,0|100,0|1678|599|1078|0,04|435,38|0,00|0,00
2014-06-15 10:58:21,000|0,0|0,0|100,0|1678|599|1078|0,04|435,36|0,00|0,00
2014-06-15 10:58:26,791|0,0|0,0|100,0|1678|599|1078|0,04|435,35|0,00|0,00
2014-06-15 10:58:32,538|0,0|0,0|100,0|1678|599|1078|0,04|435,34|0,00|0,00
2014-06-15 10:58:38,311|0,0|1,9|98,0|1678|599|1078|0,04|435,32|0,00|0,00
2014-06-15 10:58:44,128|0,0|0,0|100,0|1678|599|1078|0,04|435,31|0,00|0,00
2014-06-15 10:58:49,892|0,0|0,0|100,0|1678|599|1078|0,04|435,29|0,00|0,00
2014-06-15 10:58:55,634|0,0|1,9|98,0|1678|600|1078|0,04|435,28|0,00|0,00
2014-06-15 10:59:01,347|0,0|0,0|100,0|1678|599|1078|0,04|435,26|0,00|0,00
2014-06-15 10:59:07,077|0,0|1,9|98,0|1678|600|1078|0,04|435,25|0,00|0,00
2014-06-15 10:59:12,855|0,0|0,0|100,0|1678|600|1078|0,04|435,23|0,00|0,00
2014-06-15 10:59:18,579|0,0|0,0|100,0|1678|600|1078|0,04|435,22|0,00|0,00
2014-06-15 10:59:24,344|0,0|0,0|100,0|1678|600|1078|0,04|435,20|0,00|0,00
2014-06-15 10:59:30,092|0,0|0,0|100,0|1678|600|1078|0,04|435,19|0,00|0,00
2014-06-15 10:59:35,811|0,0|0,0|100,0|1678|600|1078|0,04|435,17|0,00|0,00
2014-06-15 10:59:41,587|0,0|1,9|98,0|1678|600|1078|0,04|435,16|0,00|0,00
2014-06-15 10:59:47,328|0,0|0,0|100,0|1678|600|1078|0,04|435,15|0,00|0,00
2014-06-15 10:59:53,072|0,0|0,0|100,0|1678|600|1078|0,04|435,13|0,00|0,00
2014-06-15 10:59:58,832|0,0|0,0|100,0|1678|600|1078|0,04|435,12|0,00|0,00
2014-06-15 11:00:04,553|0,0|0,0|100,0|1678|600|1078|0,04|435,10|0,00|0,00
2014-06-15 11:00:10,281|0,0|0,0|100,0|1678|600|1078|0,04|435,09|0,00|0,00
2014-06-15 11:00:16,004|0,0|1,9|98,0|1678|600|1078|0,04|435,07|0,00|0,00
2014-06-15 11:00:21,735|0,0|0,0|100,0|1678|600|1078|0,04|435,06|0,00|0,00
2014-06-15 11:00:27,506|0,0|1,9|98,0|1678|600|1078|0,04|435,04|0,00|0,00
2014-06-15 11:00:33,247|0,0|0,0|100,0|1678|599|1078|0,04|435,03|0,00|0,00
2014-06-15 11:00:39,001|0,0|0,0|100,0|1678|600|1078|0,04|435,01|0,00|0,00
2014-06-15 11:00:44,776|0,0|0,0|100,0|1678|600|1078|0,04|435,00|0,00|0,00
2014-06-15 11:00:50,508|0,0|0,0|100,0|1678|600|1078|0,04|434,99|0,40|1,01
2014-06-15 11:00:56,251|0,0|0,0|100,0|1678|600|1078|0,04|434,97|0,00|0,00
2014-06-15 11:01:01,997|0,0|0,0|100,0|1678|600|1078|0,04|434,96|0,00|0,00
2014-06-15 11:01:07,776|0,0|0,0|100,0|1678|600|1078|0,04|434,94|0,00|0,00
2014-06-15 11:01:13,517|0,0|1,9|98,0|1678|600|1078|0,04|434,93|0,00|0,00
2014-06-15 11:01:19,261|0,0|0,0|100,0|1678|600|1078|0,04|434,91|0,00|0,00
2014-06-15 11:01:24,984|0,0|0,0|100,0|1678|600|1078|0,04|434,90|0,00|0,00
2014-06-15 11:01:30,720|0,0|1,9|98,0|1678|600|1078|0,04|434,88|0,00|0,00
2014-06-15 11:01:36,524|0,0|0,0|100,0|1678|600|1078|0,04|434,87|0,00|0,00
2014-06-15 11:01:42,244|0,0|0,0|100,0|1678|600|1078|0,04|434,85|0,00|0,00
2014-06-15 11:01:47,985|1,9|0,0|98,0|1678|600|1078|0,04|434,84|0,00|0,00
2014-06-15 11:01:53,712|0,0|0,0|100,0|1678|600|1078|0,04|434,83|0,00|0,00
2014-06-15 11:01:59,496|0,0|0,0|100,0|1678|600|1078|0,04|434,81|0,00|0,00
2014-06-15 11:02:05,229|0,0|0,0|100,0|1678|600|1078|0,04|434,80|0,40|1,01
2014-06-15 11:02:11,013|0,0|0,0|100,0|1678|599|1078|0,04|434,78|0,00|0,00
2014-06-15 11:02:16,744|0,0|0,0|100,0|1678|600|1078|0,04|434,77|0,00|0,00
2014-06-15 11:02:22,476|0,0|0,0|100,0|1678|599|1078|0,04|434,75|0,00|0,00
2014-06-15 11:02:28,224|0,0|0,0|100,0|1678|600|1078|0,04|434,74|0,00|0,00
2014-06-15 11:02:33,960|0,0|0,0|100,0|1678|600|1078|0,04|434,72|0,00|0,00
2014-06-15 11:02:39,748|0,0|0,0|100,0|1678|600|1078|0,04|434,71|0,00|0,00
2014-06-15 11:02:45,496|0,0|0,0|100,0|1678|600|1078|0,04|434,69|0,00|0,00
2014-06-15 11:02:51,229|1,9|1,9|96,1|1678|599|1078|0,04|434,68|0,00|0,00
2014-06-15 11:02:57,016|0,0|1,9|98,0|1678|600|1078|0,04|434,67|0,00|0,00
2014-06-15 11:03:02,741|0,0|0,0|100,0|1678|600|1078|0,04|434,65|0,00|0,00
2014-06-15 11:03:08,474|0,0|0,0|100,0|1678|600|1078|0,04|434,64|0,00|0,00
2014-06-15 11:03:14,253|0,0|0,0|100,0|1678|600|1078|0,04|434,62|0,00|0,00
2014-06-15 11:03:20,036|0,0|0,0|100,0|1678|600|1078|0,04|434,61|0,00|0,00
2014-06-15 11:03:25,812|0,0|0,0|100,0|1678|599|1078|0,04|434,59|0,00|0,00
2014-06-15 11:03:31,566|0,0|0,0|100,0|1678|600|1078|0,04|434,58|0,00|0,00
2014-06-15 11:03:37,373|1,9|0,0|98,0|1678|599|1078|0,04|434,56|0,00|0,00
2014-06-15 11:03:43,133|0,0|0,0|100,0|1678|600|1078|0,04|434,55|0,00|0,00
2014-06-15 11:03:48,897|0,0|0,0|100,0|1678|599|1078|0,04|434,53|0,00|0,00
2014-06-15 11:03:54,626|0,0|0,0|100,0|1678|600|1078|0,04|434,52|0,06|0,04
2014-06-15 11:04:00,375|0,0|1,9|98,0|1678|599|1078|0,04|434,50|0,00|0,00
2014-06-15 11:04:06,139|0,0|0,0|100,0|1678|600|1078|0,04|434,49|0,00|0,00
2014-06-15 11:04:11,926|0,0|0,0|100,0|1678|599|1078|0,04|434,48|0,00|0,00
2014-06-15 11:04:17,665|0,0|0,0|100,0|1678|600|1078|0,04|434,46|0,00|0,00
2014-06-15 11:04:23,430|0,0|0,0|100,0|1678|600|1078|0,04|434,45|0,00|0,00
2014-06-15 11:04:29,161|0,0|0,0|100,0|1678|599|1078|0,04|434,43|0,00|0,00
2014-06-15 11:04:34,889|0,0|0,0|100,0|1678|599|1078|0,04|434,42|0,00|0,00
2014-06-15 11:04:40,653|0,0|0,0|100,0|1678|599|1078|0,04|434,40|0,00|0,00
2014-06-15 11:04:46,398|1,9|0,0|98,0|1678|600|1078|0,04|434,39|0,00|0,00
2014-06-15 11:04:52,189|0,0|0,0|100,0|1678|600|1078|0,04|434,37|0,00|0,00
2014-06-15 11:04:57,961|0,0|0,0|100,0|1678|600|1078|0,04|434,36|0,00|0,00
2014-06-15 11:05:03,690|0,0|0,0|100,0|1678|600|1078|0,04|434,34|0,00|0,00
2014-06-15 11:05:09,474|0,0|0,0|100,0|1678|600|1078|0,04|434,33|0,00|0,00
2014-06-15 11:05:15,197|0,0|0,0|100,0|1678|600|1078|0,04|434,32|0,00|0,00
2014-06-15 11:05:20,943|0,0|0,0|100,0|1678|599|1078|0,04|434,30|0,00|0,00
2014-06-15 11:05:26,679|0,0|0,0|100,0|1678|600|1078|0,04|434,29|0,40|1,01
2014-06-15 11:05:32,462|0,0|0,0|100,0|1678|600|1078|0,04|434,27|0,00|0,00
2014-06-15 11:05:38,213|0,0|0,0|100,0|1678|600|1078|0,04|434,26|0,00|0,00
2014-06-15 11:05:43,978|0,0|0,0|100,0|1678|600|1078|0,04|434,24|0,00|0,00
2014-06-15 11:05:49,718|0,0|0,0|100,0|1678|600|1078|0,04|434,23|0,00|0,00
2014-06-15 11:05:55,465|0,0|0,0|100,0|1678|599|1078|0,04|434,21|0,00|0,00
2014-06-15 11:06:01,270|0,0|1,9|98,0|1678|601|1077|0,04|434,20|0,33|0,67
2014-06-15 11:06:07,043|0,0|0,0|100,0|1678|600|1078|0,04|434,18|0,00|0,00
2014-06-15 11:06:12,769|0,0|0,0|100,0|1678|600|1078|0,04|434,17|0,00|0,00
2014-06-15 11:06:18,566|0,0|0,0|100,0|1678|600|1078|0,04|434,16|1,59|1,94
2014-06-15 11:06:24,327|0,0|1,9|98,0|1678|602|1075|0,04|434,14|1,33|57,33
2014-06-15 11:06:30,082|0,0|1,9|98,0|1678|600|1078|0,04|434,13|0,00|0,00
2014-06-15 11:06:35,859|0,0|0,0|100,0|1678|600|1078|0,04|434,11|0,00|0,00
2014-06-15 11:06:41,682|0,0|0,0|100,0|1678|600|1078|0,04|434,10|0,40|1,01
2014-06-15 11:06:47,439|0,0|0,0|100,0|1678|600|1078|0,04|434,08|0,00|0,00
2014-06-15 11:06:53,203|0,0|0,0|100,0|1678|600|1078|0,04|434,07|0,00|0,00
2014-06-15 11:06:58,946|0,0|0,0|100,0|1678|600|1078|0,04|434,05|0,00|0,00
2014-06-15 11:07:04,759|0,0|0,0|100,0|1678|600|1078|0,04|434,04|0,00|0,00
2014-06-15 11:07:10,510|0,0|1,9|98,0|1678|600|1078|0,04|434,02|0,00|0,00
2014-06-15 11:07:16,250|0,0|0,0|100,0|1678|600|1078|0,04|434,01|0,00|0,00
2014-06-15 11:07:22,004|0,0|0,0|100,0|1678|600|1078|0,04|434,00|0,00|0,00
2014-06-15 11:07:27,755|0,0|1,9|98,0|1678|600|1078|0,04|433,98|0,00|0,00
2014-06-15 11:07:33,539|0,0|0,0|100,0|1678|600|1078|0,04|433,97|0,00|0,00
2014-06-15 11:07:39,310|0,0|0,0|100,0|1678|600|1078|0,04|433,95|0,00|0,00
2014-06-15 11:07:45,090|0,0|0,0|100,0|1678|600|1078|0,04|433,94|0,00|0,00
2014-06-15 11:07:50,843|0,0|1,9|98,0|1678|600|1078|0,04|433,92|0,00|0,00
2014-06-15 11:07:56,595|0,0|0,0|100,0|1678|600|1078|0,04|433,91|0,49|1,17
2014-06-15 11:08:02,347|0,0|0,0|100,0|1678|600|1078|0,04|433,89|0,00|0,00
2014-06-15 11:08:08,136|0,0|0,0|100,0|1678|600|1078|0,04|433,88|0,00|0,00
2014-06-15 11:08:13,856|0,0|0,0|100,0|1678|600|1078|0,04|433,87|0,00|0,00
2014-06-15 11:08:19,601|0,0|0,0|100,0|1678|600|1078|0,04|433,85|0,00|0,00
2014-06-15 11:08:25,320|0,0|1,9|98,0|1678|600|1078|0,04|433,84|0,00|0,00
2014-06-15 11:08:31,043|0,0|0,0|100,0|1678|600|1078|0,04|433,82|0,00|0,00
2014-06-15 11:08:36,763|0,0|1,9|98,0|1678|600|1078|0,04|433,81|0,00|0,00
2014-06-15 11:08:42,539|0,0|0,0|100,0|1678|600|1078|0,04|433,79|0,00|0,00
2014-06-15 11:08:48,319|0,0|0,0|100,0|1678|600|1078|0,04|433,78|0,00|0,00
2014-06-15 11:08:54,048|0,0|1,9|98,0|1678|600|1078|0,04|433,76|0,00|0,00
2014-06-15 11:08:59,824|0,0|0,0|100,0|1678|600|1078|0,04|433,75|0,00|0,00
2014-06-15 11:09:05,584|0,0|0,0|100,0|1678|600|1078|0,04|433,73|0,00|0,00
2014-06-15 11:09:11,316|0,0|0,0|100,0|1678|600|1078|0,04|433,72|0,00|0,00
2014-06-15 11:09:17,080|0,0|0,0|100,0|1678|600|1078|0,04|433,71|0,00|0,00
2014-06-15 11:09:22,788|0,0|0,0|100,0|1678|600|1078|0,04|433,69|0,00|0,00
2014-06-15 11:09:28,552|0,0|0,0|100,0|1678|600|1078|0,04|433,68|0,00|0,00
2014-06-15 11:09:34,288|0,0|0,0|100,0|1678|600|1078|0,04|433,66|1,59|1,95
2014-06-15 11:09:40,039|0,0|1,9|98,0|1678|600|1078|0,04|433,65|0,06|0,00
2014-06-15 11:09:45,764|0,0|0,0|100,0|1678|600|1078|0,04|433,63|0,00|0,00
2014-06-15 11:09:51,488|0,0|0,0|100,0|1678|600|1078|0,04|433,62|1,60|1,95
2014-06-15 11:09:57,252|0,0|0,0|98,0|1678|603|1075|0,04|433,60|4,50|181,58
2014-06-15 11:10:02,997|0,0|0,0|100,0|1678|600|1078|0,04|433,59|0,00|0,00
2014-06-15 11:10:08,727|0,0|0,0|100,0|1678|600|1078|0,04|433,58|0,00|0,00
2014-06-15 11:10:14,524|0,0|0,0|100,0|1678|600|1078|0,04|433,56|0,00|0,00
2014-06-15 11:10:20,252|0,0|0,0|100,0|1678|600|1078|0,04|433,55|0,00|0,00
2014-06-15 11:10:26,028|0,0|1,9|98,0|1678|600|1078|0,04|433,53|0,00|0,00
2014-06-15 11:10:31,767|0,0|1,9|98,0|1678|600|1078|0,04|433,52|0,00|0,00
2014-06-15 11:10:37,491|0,0|0,0|100,0|1678|600|1078|0,04|433,50|0,00|0,00
2014-06-15 11:10:43,260|0,0|0,0|100,0|1678|600|1078|0,04|433,49|0,00|0,00
2014-06-15 11:10:49,000|0,0|0,0|100,0|1678|600|1078|0,04|433,47|0,00|0,00
2014-06-15 11:10:54,776|0,0|0,0|100,0|1678|600|1078|0,04|433,46|0,00|0,00
2014-06-15 11:11:00,544|0,0|0,0|100,0|1678|600|1078|0,04|433,45|0,00|0,00
2014-06-15 11:11:06,265|0,0|0,0|100,0|1678|600|1078|0,04|433,43|0,00|0,00
2014-06-15 11:11:12,113|0,0|0,0|100,0|1678|600|1078|0,04|433,42|0,00|0,00
2014-06-15 11:11:17,884|0,0|0,0|100,0|1678|600|1078|0,04|433,40|0,40|1,01
2014-06-15 11:11:23,601|0,0|0,0|100,0|1678|600|1078|0,04|433,39|0,00|0,00
2014-06-15 11:11:29,357|0,0|0,0|100,0|1678|600|1078|0,04|433,37|0,00|0,00
2014-06-15 11:11:35,081|0,0|0,0|100,0|1678|600|1078|0,04|433,36|0,00|0,00
2014-06-15 11:11:40,869|0,0|0,0|100,0|1678|600|1078|0,04|433,34|0,00|0,00
2014-06-15 11:11:46,622|0,0|0,0|100,0|1678|600|1078|0,04|433,33|0,00|0,00
2014-06-15 11:11:52,353|0,0|0,0|100,0|1678|600|1078|0,04|433,31|0,00|0,00
2014-06-15 11:11:58,122|0,0|0,0|100,0|1678|600|1078|0,04|433,30|0,08|0,05
2014-06-15 11:12:03,849|0,0|0,0|100,0|1678|600|1078|0,04|433,29|0,00|0,00
2014-06-15 11:12:09,661|0,0|0,0|100,0|1678|600|1078|0,04|433,27|0,00|0,00
2014-06-15 11:12:15,433|0,0|0,0|100,0|1678|600|1078|0,04|433,26|1,59|1,94
