MV1===========================================
[14/Aug/2013:23:59:57 +0000]|1923
[15/Aug/2013:00:00:11 +0000]|16267
[15/Aug/2013:00:00:11 +0000]|8079
[15/Aug/2013:00:00:08 +0000]|13644
[14/Aug/2013:23:59:59 +0000]|4481
[14/Aug/2013:23:59:59 +0000]|2664
[15/Aug/2013:00:00:01 +0000]|6645
[15/Aug/2013:00:00:01 +0000]|4717
[15/Aug/2013:00:00:03 +0000]|8173
[15/Aug/2013:00:00:03 +0000]|3592
[15/Aug/2013:00:00:07 +0000]|11774
[15/Aug/2013:00:00:07 +0000]|5127
[15/Aug/2013:00:00:07 +0000]|3592
[15/Aug/2013:00:00:08 +0000]|13647
[15/Aug/2013:00:00:11 +0000]|16267
[15/Aug/2013:00:01:12 +0000]|1879
[15/Aug/2013:00:01:13 +0000]|1642
[15/Aug/2013:00:01:16 +0000]|2466
[15/Aug/2013:00:01:16 +0000]|2472
[15/Aug/2013:00:01:18 +0000]|2006
[15/Aug/2013:00:01:18 +0000]|2016
[15/Aug/2013:00:01:18 +0000]|4488
[15/Aug/2013:00:01:22 +0000]|3947
[15/Aug/2013:00:01:23 +0000]|1445
[15/Aug/2013:00:01:23 +0000]|7408
[15/Aug/2013:00:01:32 +0000]|14200
[15/Aug/2013:00:01:32 +0000]|14197
[15/Aug/2013:00:01:32 +0000]|14198
[15/Aug/2013:00:01:32 +0000]|14208
[15/Aug/2013:00:01:32 +0000]|14197
[15/Aug/2013:00:01:35 +0000]|11494
[15/Aug/2013:00:01:35 +0000]|16895
[15/Aug/2013:00:01:35 +0000]|16896
[15/Aug/2013:00:01:35 +0000]|12959
[15/Aug/2013:00:01:32 +0000]|14207
[15/Aug/2013:00:01:35 +0000]|16901
[15/Aug/2013:00:01:32 +0000]|14207
[15/Aug/2013:00:01:32 +0000]|8803
[15/Aug/2013:00:01:37 +0000]|13527
[15/Aug/2013:00:01:37 +0000]|11266
[15/Aug/2013:00:01:42 +0000]|18847
[15/Aug/2013:00:01:42 +0000]|13908
[15/Aug/2013:00:01:42 +0000]|5329
[15/Aug/2013:00:01:42 +0000]|5328
[15/Aug/2013:00:01:44 +0000]|2442
[15/Aug/2013:00:01:44 +0000]|16356
[15/Aug/2013:00:01:44 +0000]|2441
[15/Aug/2013:00:01:48 +0000]|19858
[15/Aug/2013:00:01:48 +0000]|3494
[15/Aug/2013:00:01:48 +0000]|3499
[15/Aug/2013:00:01:48 +0000]|5943
[15/Aug/2013:00:01:52 +0000]|20316
[15/Aug/2013:00:01:52 +0000]|15564
[15/Aug/2013:00:01:52 +0000]|4282
[15/Aug/2013:00:01:55 +0000]|32077
[15/Aug/2013:00:01:55 +0000]|2963
[15/Aug/2013:00:01:55 +0000]|7256
[15/Aug/2013:00:01:55 +0000]|18543
[15/Aug/2013:00:01:58 +0000]|5613
[15/Aug/2013:00:01:58 +0000]|5593
[15/Aug/2013:00:02:00 +0000]|8342
[15/Aug/2013:00:02:00 +0000]|8342
[15/Aug/2013:00:02:00 +0000]|8343
[15/Aug/2013:00:02:01 +0000]|5370
[15/Aug/2013:00:02:04 +0000]|11998
[15/Aug/2013:00:02:04 +0000]|11996
[15/Aug/2013:00:02:04 +0000]|11996
[15/Aug/2013:00:02:06 +0000]|14031
[15/Aug/2013:00:02:06 +0000]|14035
[15/Aug/2013:00:02:10 +0000]|17514
[15/Aug/2013:00:02:10 +0000]|17532
[15/Aug/2013:00:02:10 +0000]|17531
[15/Aug/2013:00:02:10 +0000]|17539
[15/Aug/2013:00:02:13 +0000]|28277
[15/Aug/2013:00:02:13 +0000]|6440
[15/Aug/2013:00:02:13 +0000]|2920
[15/Aug/2013:00:02:17 +0000]|6926
[15/Aug/2013:00:02:17 +0000]|32277
[15/Aug/2013:00:02:17 +0000]|4007
[15/Aug/2013:00:02:17 +0000]|4008
[15/Aug/2013:00:02:19 +0000]|34676
[15/Aug/2013:00:02:22 +0000]|2651
[15/Aug/2013:00:02:22 +0000]|5069
[15/Aug/2013:00:02:22 +0000]|2659
[15/Aug/2013:00:02:22 +0000]|9072
[15/Aug/2013:00:02:24 +0000]|7188
[15/Aug/2013:00:02:24 +0000]|4784
[15/Aug/2013:00:02:29 +0000]|4821
[15/Aug/2013:00:02:29 +0000]|16045
[15/Aug/2013:00:02:29 +0000]|6967
[15/Aug/2013:00:02:29 +0000]|16047
[15/Aug/2013:00:02:29 +0000]|16047
[15/Aug/2013:00:02:34 +0000]|21133
[15/Aug/2013:00:02:34 +0000]|5073
[15/Aug/2013:00:02:34 +0000]|5071
[15/Aug/2013:00:02:34 +0000]|5079
[15/Aug/2013:00:02:36 +0000]|7588
[15/Aug/2013:00:02:36 +0000]|17241
[15/Aug/2013:00:02:38 +0000]|9590
[15/Aug/2013:00:02:38 +0000]|4511
[15/Aug/2013:00:02:38 +0000]|9601
[15/Aug/2013:00:02:42 +0000]|3672
[15/Aug/2013:00:02:42 +0000]|18136
[15/Aug/2013:00:02:47 +0000]|10572
[15/Aug/2013:00:02:47 +0000]|10568
[15/Aug/2013:00:02:47 +0000]|10568
[15/Aug/2013:00:02:47 +0000]|8546
[15/Aug/2013:00:02:47 +0000]|4875
[15/Aug/2013:00:02:47 +0000]|13090
[15/Aug/2013:00:02:47 +0000]|8568
[15/Aug/2013:00:02:47 +0000]|8576
[15/Aug/2013:00:02:51 +0000]|14222
[15/Aug/2013:00:02:51 +0000]|14223
[15/Aug/2013:00:02:51 +0000]|14223
[15/Aug/2013:00:02:53 +0000]|16220
[15/Aug/2013:00:02:53 +0000]|16231
[15/Aug/2013:00:02:53 +0000]|5669
[15/Aug/2013:00:02:55 +0000]|18845
[15/Aug/2013:00:02:55 +0000]|18845
[15/Aug/2013:00:02:55 +0000]|18830
[15/Aug/2013:00:02:59 +0000]|6001
[15/Aug/2013:00:02:59 +0000]|3406
[15/Aug/2013:00:02:59 +0000]|3417
[15/Aug/2013:00:03:02 +0000]|3020
[15/Aug/2013:00:03:02 +0000]|6436
[15/Aug/2013:00:03:02 +0000]|3020
[15/Aug/2013:00:03:06 +0000]|7817
[15/Aug/2013:00:03:06 +0000]|11247
[15/Aug/2013:00:03:06 +0000]|30108
[15/Aug/2013:00:03:06 +0000]|7841
[15/Aug/2013:00:03:12 +0000]|35664
[15/Aug/2013:00:03:17 +0000]|5449
[15/Aug/2013:00:03:17 +0000]|10987
[15/Aug/2013:00:03:17 +0000]|15792
[15/Aug/2013:00:03:24 +0000]|11645
[15/Aug/2013:00:03:24 +0000]|17190
[15/Aug/2013:00:03:24 +0000]|17192
[15/Aug/2013:00:03:24 +0000]|17187
[15/Aug/2013:00:03:24 +0000]|47308
[15/Aug/2013:00:03:24 +0000]|11645
[15/Aug/2013:00:03:24 +0000]|47325
[15/Aug/2013:00:03:27 +0000]|20891
[15/Aug/2013:00:03:27 +0000]|20895
[15/Aug/2013:00:03:27 +0000]|3721
[15/Aug/2013:00:03:24 +0000]|11658
[15/Aug/2013:00:03:32 +0000]|8101
[15/Aug/2013:00:03:32 +0000]|4417
[15/Aug/2013:00:03:32 +0000]|4398
[15/Aug/2013:00:03:32 +0000]|8134
[15/Aug/2013:00:03:24 +0000]|11661
[15/Aug/2013:00:03:35 +0000]|17781
[15/Aug/2013:00:03:35 +0000]|11591
[15/Aug/2013:00:03:35 +0000]|17783
[15/Aug/2013:00:03:35 +0000]|7861
[15/Aug/2013:00:03:35 +0000]|7880
[15/Aug/2013:00:03:24 +0000]|22018
[15/Aug/2013:00:03:24 +0000]|22010
[15/Aug/2013:00:03:24 +0000]|17209
[15/Aug/2013:00:03:24 +0000]|47324
[15/Aug/2013:00:03:39 +0000]|21315
[15/Aug/2013:00:03:39 +0000]|21321
[15/Aug/2013:00:03:39 +0000]|21320
[15/Aug/2013:00:03:45 +0000]|27183
[15/Aug/2013:00:03:45 +0000]|27196
[15/Aug/2013:00:03:45 +0000]|27155
[15/Aug/2013:00:03:48 +0000]|30653
[15/Aug/2013:00:03:48 +0000]|30659
[15/Aug/2013:00:03:48 +0000]|30659
[15/Aug/2013:00:03:48 +0000]|30660
[15/Aug/2013:00:04:02 +0000]|44581
[15/Aug/2013:00:04:02 +0000]|44567
[15/Aug/2013:00:04:02 +0000]|44620
[15/Aug/2013:00:04:02 +0000]|4761
[15/Aug/2013:00:04:07 +0000]|18635
[15/Aug/2013:00:04:07 +0000]|49304
[15/Aug/2013:00:04:07 +0000]|12821
[15/Aug/2013:00:04:07 +0000]|12825
[15/Aug/2013:00:04:07 +0000]|12818
[15/Aug/2013:00:04:07 +0000]|12815
[15/Aug/2013:00:04:07 +0000]|12811
[15/Aug/2013:00:04:07 +0000]|18639
[15/Aug/2013:00:04:07 +0000]|18639
[15/Aug/2013:00:04:07 +0000]|9469
[15/Aug/2013:00:04:07 +0000]|12813
[15/Aug/2013:00:04:07 +0000]|43175
[15/Aug/2013:00:04:07 +0000]|9474
[15/Aug/2013:00:04:07 +0000]|18645
[15/Aug/2013:00:04:07 +0000]|9478
[15/Aug/2013:00:04:07 +0000]|43166
[15/Aug/2013:00:04:07 +0000]|18657
[15/Aug/2013:00:04:07 +0000]|18651
[15/Aug/2013:00:04:11 +0000]|22637
[15/Aug/2013:00:04:11 +0000]|22639
[15/Aug/2013:00:04:11 +0000]|22638
[15/Aug/2013:00:04:11 +0000]|22639
[15/Aug/2013:00:04:15 +0000]|8305
[15/Aug/2013:00:04:17 +0000]|2021
[15/Aug/2013:00:04:17 +0000]|2028
[15/Aug/2013:00:04:17 +0000]|6340
[15/Aug/2013:00:04:17 +0000]|6336
[15/Aug/2013:00:04:17 +0000]|10360
[15/Aug/2013:00:04:23 +0000]|7640
[15/Aug/2013:00:04:23 +0000]|20700
[15/Aug/2013:00:04:23 +0000]|7640
[15/Aug/2013:00:04:23 +0000]|20701
[15/Aug/2013:00:04:23 +0000]|20701
[15/Aug/2013:00:04:28 +0000]|25566
[15/Aug/2013:00:04:28 +0000]|25572
[15/Aug/2013:00:04:28 +0000]|25572
[15/Aug/2013:00:04:28 +0000]|25573
[15/Aug/2013:00:04:28 +0000]|25572
[15/Aug/2013:00:04:32 +0000]|29960
[15/Aug/2013:00:04:32 +0000]|29961
[15/Aug/2013:00:04:32 +0000]|29962
[15/Aug/2013:00:04:32 +0000]|29955
[15/Aug/2013:00:04:36 +0000]|29100
[15/Aug/2013:00:04:36 +0000]|29117
[15/Aug/2013:00:04:36 +0000]|29106
[15/Aug/2013:00:04:36 +0000]|29107
[15/Aug/2013:00:04:40 +0000]|38158
[15/Aug/2013:00:05:09 +0000]|2610
[15/Aug/2013:00:05:09 +0000]|2605
[15/Aug/2013:00:05:14 +0000]|8139
[15/Aug/2013:00:05:14 +0000]|33840
[15/Aug/2013:00:05:14 +0000]|8140
[15/Aug/2013:00:05:14 +0000]|5561
[15/Aug/2013:00:04:15 +0000]|4329
[15/Aug/2013:00:05:14 +0000]|38211
[15/Aug/2013:00:05:14 +0000]|33869
[15/Aug/2013:00:05:14 +0000]|38220
[15/Aug/2013:00:05:14 +0000]|59000
[15/Aug/2013:00:05:14 +0000]|42083
[15/Aug/2013:00:05:14 +0000]|33864
[15/Aug/2013:00:04:32 +0000]|29985
[15/Aug/2013:00:05:14 +0000]|33863
[15/Aug/2013:00:05:18 +0000]|42493
[15/Aug/2013:00:05:18 +0000]|4285
[15/Aug/2013:00:05:18 +0000]|9846
[15/Aug/2013:00:05:18 +0000]|4281
[15/Aug/2013:00:05:18 +0000]|4278
[15/Aug/2013:00:05:18 +0000]|42497
[15/Aug/2013:00:05:18 +0000]|38147
[15/Aug/2013:00:05:18 +0000]|42493
[15/Aug/2013:00:05:18 +0000]|32181
[15/Aug/2013:00:05:18 +0000]|32185
[15/Aug/2013:00:05:18 +0000]|32190
[15/Aug/2013:00:05:18 +0000]|29567
[15/Aug/2013:00:05:18 +0000]|29575
[15/Aug/2013:00:05:18 +0000]|29563
[15/Aug/2013:00:05:18 +0000]|29572
[15/Aug/2013:00:05:18 +0000]|24932
[15/Aug/2013:00:05:18 +0000]|24937
[15/Aug/2013:00:05:18 +0000]|67597
[15/Aug/2013:00:05:18 +0000]|38145
[15/Aug/2013:00:05:18 +0000]|24942
[15/Aug/2013:00:05:18 +0000]|20650
[15/Aug/2013:00:05:18 +0000]|24932
[15/Aug/2013:00:05:18 +0000]|20660
[15/Aug/2013:00:05:18 +0000]|20649
[15/Aug/2013:00:05:18 +0000]|17153
[15/Aug/2013:00:05:18 +0000]|17149
[15/Aug/2013:00:05:18 +0000]|17146
[15/Aug/2013:00:05:18 +0000]|20658
[15/Aug/2013:00:05:18 +0000]|17143
[15/Aug/2013:00:05:09 +0000]|10796
[15/Aug/2013:00:05:18 +0000]|32187
[15/Aug/2013:00:05:23 +0000]|8526
[15/Aug/2013:00:05:23 +0000]|4244
[15/Aug/2013:00:05:25 +0000]|2690
[15/Aug/2013:00:05:25 +0000]|2700
[15/Aug/2013:00:05:25 +0000]|2691
[15/Aug/2013:00:05:25 +0000]|6940
[15/Aug/2013:00:05:30 +0000]|4304
[15/Aug/2013:00:05:30 +0000]|4312
[15/Aug/2013:00:05:30 +0000]|11245
[15/Aug/2013:00:05:30 +0000]|7013
[15/Aug/2013:00:05:30 +0000]|4328
[15/Aug/2013:00:05:37 +0000]|11341
[15/Aug/2013:00:05:37 +0000]|18300
[15/Aug/2013:00:05:37 +0000]|18287
[15/Aug/2013:00:05:37 +0000]|7022
[15/Aug/2013:00:05:37 +0000]|14051
[15/Aug/2013:00:06:04 +0000]|34748
[15/Aug/2013:00:06:04 +0000]|34749
[15/Aug/2013:00:06:04 +0000]|34749
[15/Aug/2013:00:06:04 +0000]|34750
[15/Aug/2013:00:06:09 +0000]|39796
[15/Aug/2013:00:06:09 +0000]|39797
[15/Aug/2013:00:06:09 +0000]|39797
[15/Aug/2013:00:06:09 +0000]|39798
[15/Aug/2013:00:05:37 +0000]|18313
[15/Aug/2013:00:06:13 +0000]|43177
[15/Aug/2013:00:06:13 +0000]|43178
[15/Aug/2013:00:06:13 +0000]|43178
[15/Aug/2013:00:06:13 +0000]|43182
[15/Aug/2013:00:06:13 +0000]|43172
[15/Aug/2013:00:06:13 +0000]|43188
[15/Aug/2013:00:06:13 +0000]|43189
[15/Aug/2013:00:06:17 +0000]|47124
[15/Aug/2013:00:06:17 +0000]|3957
[15/Aug/2013:00:06:20 +0000]|3001
[15/Aug/2013:00:06:20 +0000]|2991
[15/Aug/2013:00:06:20 +0000]|50122
[15/Aug/2013:00:05:40 +0000]|10616
[15/Aug/2013:00:06:43 +0000]|5013
[15/Aug/2013:00:06:43 +0000]|19239
[15/Aug/2013:00:06:43 +0000]|25687
[15/Aug/2013:00:06:42 +0000]|72828
[15/Aug/2013:00:06:42 +0000]|72826
[15/Aug/2013:00:06:42 +0000]|72838
[15/Aug/2013:00:06:42 +0000]|72837
[15/Aug/2013:00:06:42 +0000]|72837
[15/Aug/2013:00:06:42 +0000]|72837
[15/Aug/2013:00:06:42 +0000]|72834
[15/Aug/2013:00:06:42 +0000]|72833
[15/Aug/2013:00:06:42 +0000]|72834
[15/Aug/2013:00:06:42 +0000]|72833
[15/Aug/2013:00:06:42 +0000]|65784
[15/Aug/2013:00:06:42 +0000]|72832
[15/Aug/2013:00:06:42 +0000]|72833
[15/Aug/2013:00:06:42 +0000]|72832
[15/Aug/2013:00:06:42 +0000]|72831
[15/Aug/2013:00:06:42 +0000]|72831
[15/Aug/2013:00:06:42 +0000]|72831
[15/Aug/2013:00:06:42 +0000]|72831
[15/Aug/2013:00:06:42 +0000]|72823
[15/Aug/2013:00:06:42 +0000]|72819
[15/Aug/2013:00:06:42 +0000]|72807
[15/Aug/2013:00:06:43 +0000]|29648
[15/Aug/2013:00:06:42 +0000]|72807
[15/Aug/2013:00:06:47 +0000]|23409
[15/Aug/2013:00:06:47 +0000]|4211
[15/Aug/2013:00:06:47 +0000]|4229
[15/Aug/2013:00:06:47 +0000]|15897
[15/Aug/2013:00:06:47 +0000]|17789
[15/Aug/2013:00:06:52 +0000]|66786
[15/Aug/2013:00:06:52 +0000]|71752
[15/Aug/2013:00:06:52 +0000]|5332
[15/Aug/2013:00:06:52 +0000]|9493
[15/Aug/2013:00:06:52 +0000]|14537
[15/Aug/2013:00:06:13 +0000]|43190
[15/Aug/2013:00:06:43 +0000]|29669
[15/Aug/2013:00:06:43 +0000]|65825
[15/Aug/2013:00:06:43 +0000]|62254
[15/Aug/2013:00:06:43 +0000]|29661
[15/Aug/2013:00:06:43 +0000]|25709
[15/Aug/2013:00:06:43 +0000]|25708
[15/Aug/2013:00:06:43 +0000]|19261
[15/Aug/2013:00:06:52 +0000]|75321
[15/Aug/2013:00:06:43 +0000]|25729
[15/Aug/2013:00:06:43 +0000]|65789
[15/Aug/2013:00:06:43 +0000]|13636
[15/Aug/2013:00:06:43 +0000]|11756
[15/Aug/2013:00:06:43 +0000]|11764
[15/Aug/2013:00:06:43 +0000]|65788
[15/Aug/2013:00:06:43 +0000]|11738
[15/Aug/2013:00:06:43 +0000]|13634
[15/Aug/2013:00:06:52 +0000]|39174
[15/Aug/2013:00:06:43 +0000]|72820
[15/Aug/2013:00:06:43 +0000]|72854
[15/Aug/2013:00:06:43 +0000]|72820
[15/Aug/2013:00:06:42 +0000]|65788
[15/Aug/2013:00:06:43 +0000]|5009
[15/Aug/2013:00:06:55 +0000]|8631
[15/Aug/2013:00:06:55 +0000]|75052
[15/Aug/2013:00:06:55 +0000]|8624
[15/Aug/2013:00:06:55 +0000]|75056
[15/Aug/2013:00:06:58 +0000]|11480
[15/Aug/2013:00:06:58 +0000]|11498
[15/Aug/2013:00:06:58 +0000]|1345
[15/Aug/2013:00:07:01 +0000]|774
[15/Aug/2013:00:15:00 +0000]|3728
[15/Aug/2013:00:15:00 +0000]|3753
[15/Aug/2013:00:15:00 +0000]|3757
[15/Aug/2013:00:15:00 +0000]|6714
[15/Aug/2013:00:15:00 +0000]|6814
[15/Aug/2013:00:15:00 +0000]|7016
[15/Aug/2013:00:15:00 +0000]|6917
[15/Aug/2013:00:15:05 +0000]|9263
[15/Aug/2013:00:15:05 +0000]|5541
[15/Aug/2013:00:15:05 +0000]|5557
[15/Aug/2013:00:15:05 +0000]|5544
[15/Aug/2013:00:15:05 +0000]|9268
[15/Aug/2013:00:15:09 +0000]|3454
[15/Aug/2013:00:15:09 +0000]|3448
[15/Aug/2013:00:15:09 +0000]|3444
[15/Aug/2013:00:15:09 +0000]|3453
[15/Aug/2013:00:15:09 +0000]|9004
[15/Aug/2013:00:15:14 +0000]|8586
[15/Aug/2013:00:15:14 +0000]|8570
[15/Aug/2013:00:15:14 +0000]|14091
[15/Aug/2013:00:15:14 +0000]|14104
[15/Aug/2013:00:15:14 +0000]|8571
[15/Aug/2013:00:15:19 +0000]|13439
[15/Aug/2013:00:15:19 +0000]|4868
[15/Aug/2013:00:15:19 +0000]|4857
[15/Aug/2013:00:15:19 +0000]|9974
[15/Aug/2013:00:15:19 +0000]|9974
[15/Aug/2013:00:15:21 +0000]|1896
[15/Aug/2013:00:15:27 +0000]|13165
[15/Aug/2013:00:15:27 +0000]|8310
[15/Aug/2013:00:15:27 +0000]|6411
[15/Aug/2013:00:15:27 +0000]|6407
[15/Aug/2013:00:15:27 +0000]|6395
[15/Aug/2013:00:15:27 +0000]|8288
[15/Aug/2013:00:15:27 +0000]|6404
[15/Aug/2013:00:15:31 +0000]|11856
[15/Aug/2013:00:15:31 +0000]|3574
[15/Aug/2013:00:15:31 +0000]|3562
[15/Aug/2013:00:15:31 +0000]|3568
[15/Aug/2013:00:15:31 +0000]|11876
[15/Aug/2013:00:15:37 +0000]|9966
[15/Aug/2013:00:15:37 +0000]|18257
[15/Aug/2013:00:15:37 +0000]|6357
[15/Aug/2013:00:15:37 +0000]|16363
[15/Aug/2013:00:15:37 +0000]|9959
[15/Aug/2013:00:15:37 +0000]|16367
[15/Aug/2013:00:15:45 +0000]|3633
[15/Aug/2013:00:15:45 +0000]|14354
[15/Aug/2013:00:15:45 +0000]|3630
[15/Aug/2013:00:15:50 +0000]|19282
[15/Aug/2013:00:15:50 +0000]|19284
[15/Aug/2013:00:15:50 +0000]|19285
[15/Aug/2013:00:15:50 +0000]|4914
[15/Aug/2013:00:15:50 +0000]|4918
[15/Aug/2013:00:15:50 +0000]|8579
[15/Aug/2013:00:15:50 +0000]|8580
[15/Aug/2013:00:15:53 +0000]|22692
[15/Aug/2013:00:15:53 +0000]|8327
[15/Aug/2013:00:15:53 +0000]|3411
[15/Aug/2013:00:15:53 +0000]|3407
[15/Aug/2013:00:15:53 +0000]|22729
[15/Aug/2013:00:15:53 +0000]|16368
[15/Aug/2013:00:15:53 +0000]|16381
[15/Aug/2013:00:15:53 +0000]|16372
[15/Aug/2013:00:15:59 +0000]|17492
[15/Aug/2013:00:15:59 +0000]|5511
[15/Aug/2013:00:15:59 +0000]|28231
[15/Aug/2013:00:15:59 +0000]|5456
[15/Aug/2013:00:15:59 +0000]|5480
[15/Aug/2013:00:16:04 +0000]|22254
[15/Aug/2013:00:16:04 +0000]|4763
[15/Aug/2013:00:16:04 +0000]|4752
[15/Aug/2013:00:16:04 +0000]|4757
[15/Aug/2013:00:16:04 +0000]|4747
[15/Aug/2013:00:16:08 +0000]|9477
[15/Aug/2013:00:16:08 +0000]|4731
[15/Aug/2013:00:16:08 +0000]|4728
[15/Aug/2013:00:16:08 +0000]|14940
[15/Aug/2013:00:16:08 +0000]|4737
[15/Aug/2013:00:16:13 +0000]|19390
[15/Aug/2013:00:16:13 +0000]|19405
[15/Aug/2013:00:16:13 +0000]|4460
[15/Aug/2013:00:16:13 +0000]|9173
[15/Aug/2013:00:16:13 +0000]|4467
[15/Aug/2013:00:16:17 +0000]|23890
[15/Aug/2013:00:16:17 +0000]|23890
[15/Aug/2013:00:16:17 +0000]|23891
[15/Aug/2013:00:16:17 +0000]|8953
[15/Aug/2013:00:16:21 +0000]|17347
[15/Aug/2013:00:16:21 +0000]|3687
[15/Aug/2013:00:16:21 +0000]|3673
[15/Aug/2013:00:16:21 +0000]|3667
[15/Aug/2013:00:16:24 +0000]|10913
[15/Aug/2013:00:16:24 +0000]|10919
[15/Aug/2013:00:16:24 +0000]|10919
[15/Aug/2013:00:16:24 +0000]|30334
[15/Aug/2013:00:16:31 +0000]|13894
[15/Aug/2013:00:16:31 +0000]|7472
[15/Aug/2013:00:16:31 +0000]|13898
[15/Aug/2013:00:16:34 +0000]|2905
[15/Aug/2013:00:16:34 +0000]|2901
[15/Aug/2013:00:16:34 +0000]|2896
[15/Aug/2013:00:16:37 +0000]|5407
[15/Aug/2013:00:16:37 +0000]|2498
[15/Aug/2013:00:16:37 +0000]|19312
[15/Aug/2013:00:16:37 +0000]|19325
[15/Aug/2013:00:16:37 +0000]|23827
[15/Aug/2013:00:16:37 +0000]|19326
[15/Aug/2013:00:16:37 +0000]|15665
[15/Aug/2013:00:16:42 +0000]|5569
[15/Aug/2013:00:16:42 +0000]|5573
[15/Aug/2013:00:16:42 +0000]|24898
[15/Aug/2013:00:16:42 +0000]|8082
[15/Aug/2013:00:16:42 +0000]|5579
[15/Aug/2013:00:16:48 +0000]|27138
[15/Aug/2013:00:16:48 +0000]|16912
[15/Aug/2013:00:16:48 +0000]|27144
[15/Aug/2013:00:16:48 +0000]|16911
[15/Aug/2013:00:16:48 +0000]|11496
[15/Aug/2013:00:16:48 +0000]|27145
[15/Aug/2013:00:16:53 +0000]|35512
[15/Aug/2013:00:16:53 +0000]|10601
[15/Aug/2013:00:16:53 +0000]|40017
[15/Aug/2013:00:16:53 +0000]|31845
[15/Aug/2013:00:16:53 +0000]|31847
[15/Aug/2013:00:16:53 +0000]|29088
[15/Aug/2013:00:16:58 +0000]|5530
[15/Aug/2013:00:17:01 +0000]|2663
[15/Aug/2013:00:17:01 +0000]|2655
[15/Aug/2013:00:17:01 +0000]|2658
[15/Aug/2013:00:16:58 +0000]|5542
[15/Aug/2013:00:16:58 +0000]|16144
[15/Aug/2013:00:16:58 +0000]|37388
[15/Aug/2013:00:16:58 +0000]|5540
[15/Aug/2013:00:17:07 +0000]|8254
[15/Aug/2013:00:17:07 +0000]|5584
[15/Aug/2013:00:17:07 +0000]|13793
[15/Aug/2013:00:17:07 +0000]|5593
[15/Aug/2013:00:17:07 +0000]|5590
[15/Aug/2013:00:17:12 +0000]|10894
[15/Aug/2013:00:17:12 +0000]|5283
[15/Aug/2013:00:17:31 +0000]|7930
[15/Aug/2013:00:17:31 +0000]|3405
[15/Aug/2013:00:17:31 +0000]|3391
[15/Aug/2013:00:17:31 +0000]|69940
[15/Aug/2013:00:17:31 +0000]|29868
[15/Aug/2013:00:17:31 +0000]|3397
[15/Aug/2013:00:17:43 +0000]|44430
[15/Aug/2013:00:17:43 +0000]|30871
[15/Aug/2013:00:17:49 +0000]|33913
[15/Aug/2013:00:17:49 +0000]|25716
[15/Aug/2013:00:17:49 +0000]|28672
[15/Aug/2013:00:17:49 +0000]|33952
[15/Aug/2013:00:17:53 +0000]|41228
[15/Aug/2013:00:17:53 +0000]|33141
[15/Aug/2013:00:17:53 +0000]|33145
[15/Aug/2013:00:17:53 +0000]|38438
[15/Aug/2013:00:17:53 +0000]|38434
[15/Aug/2013:00:17:53 +0000]|38446
[15/Aug/2013:00:17:53 +0000]|38443
[15/Aug/2013:00:17:53 +0000]|46512
[15/Aug/2013:00:17:53 +0000]|46528
[15/Aug/2013:00:17:53 +0000]|41238
[15/Aug/2013:00:17:53 +0000]|41241
[15/Aug/2013:00:17:53 +0000]|41237
[15/Aug/2013:00:17:53 +0000]|46517
[15/Aug/2013:00:17:53 +0000]|46522
[15/Aug/2013:00:17:53 +0000]|4490
[15/Aug/2013:00:17:53 +0000]|4499
[15/Aug/2013:00:17:53 +0000]|4494
[15/Aug/2013:00:17:53 +0000]|10359
[15/Aug/2013:00:17:53 +0000]|4494
[15/Aug/2013:00:18:01 +0000]|17967
[15/Aug/2013:00:18:01 +0000]|37783
[15/Aug/2013:00:18:01 +0000]|23929
[15/Aug/2013:00:18:01 +0000]|17968
[15/Aug/2013:00:18:01 +0000]|29850
[15/Aug/2013:00:18:12 +0000]|49271
[15/Aug/2013:00:18:12 +0000]|49323
[15/Aug/2013:00:18:01 +0000]|17980
[15/Aug/2013:00:18:19 +0000]|86015
[15/Aug/2013:00:18:23 +0000]|63196
[15/Aug/2013:00:18:23 +0000]|71290
[15/Aug/2013:00:18:23 +0000]|71290
[15/Aug/2013:00:18:23 +0000]|52331
[15/Aug/2013:00:18:23 +0000]|82200
[15/Aug/2013:00:18:23 +0000]|55692
[15/Aug/2013:00:18:23 +0000]|71292
[15/Aug/2013:00:18:23 +0000]|55697
[15/Aug/2013:00:18:23 +0000]|4386
[15/Aug/2013:00:18:23 +0000]|10945
[15/Aug/2013:00:18:23 +0000]|4403
[15/Aug/2013:00:18:23 +0000]|4395
[15/Aug/2013:00:18:23 +0000]|60263
[15/Aug/2013:00:18:23 +0000]|30059
[15/Aug/2013:00:18:23 +0000]|30059
[15/Aug/2013:00:18:23 +0000]|10953
[15/Aug/2013:00:18:23 +0000]|30061
[15/Aug/2013:00:18:23 +0000]|30062
[15/Aug/2013:00:18:23 +0000]|10962
[15/Aug/2013:00:18:23 +0000]|30061
[15/Aug/2013:00:18:23 +0000]|22447
[15/Aug/2013:00:18:23 +0000]|30062
[15/Aug/2013:00:18:23 +0000]|30063
[15/Aug/2013:00:18:23 +0000]|30064
[15/Aug/2013:00:18:23 +0000]|30063
[15/Aug/2013:00:18:23 +0000]|30063
[15/Aug/2013:00:18:23 +0000]|30063
[15/Aug/2013:00:18:23 +0000]|30062
[15/Aug/2013:00:18:23 +0000]|30064
[15/Aug/2013:00:18:23 +0000]|30067
[15/Aug/2013:00:18:23 +0000]|30064
[15/Aug/2013:00:18:23 +0000]|26992
[15/Aug/2013:00:18:23 +0000]|22480
[15/Aug/2013:00:18:23 +0000]|30066
[15/Aug/2013:00:18:23 +0000]|30099
[15/Aug/2013:00:18:23 +0000]|26973
[15/Aug/2013:00:18:23 +0000]|30073
[15/Aug/2013:00:18:23 +0000]|26982
[15/Aug/2013:00:18:23 +0000]|26991
[15/Aug/2013:00:18:23 +0000]|34558
[15/Aug/2013:00:18:23 +0000]|30092
[15/Aug/2013:00:18:23 +0000]|34560
[15/Aug/2013:00:18:28 +0000]|15358
[15/Aug/2013:00:18:28 +0000]|4443
[15/Aug/2013:00:18:28 +0000]|4425
[15/Aug/2013:00:18:29 +0000]|9945
[15/Aug/2013:00:18:29 +0000]|5578
[15/Aug/2013:00:19:00 +0000]|4589
[15/Aug/2013:00:19:00 +0000]|4488
[15/Aug/2013:00:19:00 +0000]|4392
[15/Aug/2013:00:19:00 +0000]|4293
[15/Aug/2013:00:19:04 +0000]|3536
[15/Aug/2013:00:19:04 +0000]|3552
[15/Aug/2013:00:19:04 +0000]|3545
[15/Aug/2013:00:19:04 +0000]|3556
[15/Aug/2013:00:19:04 +0000]|7759
[15/Aug/2013:00:19:09 +0000]|5119
[15/Aug/2013:00:19:09 +0000]|12783
[15/Aug/2013:00:19:09 +0000]|8654
[15/Aug/2013:00:19:14 +0000]|10391
[15/Aug/2013:00:19:14 +0000]|10392
[15/Aug/2013:00:19:14 +0000]|10392
[15/Aug/2013:00:19:14 +0000]|10409
[15/Aug/2013:00:19:14 +0000]|10420
[15/Aug/2013:00:19:14 +0000]|10432
[15/Aug/2013:00:19:19 +0000]|14938
[15/Aug/2013:00:19:19 +0000]|14943
[15/Aug/2013:00:19:19 +0000]|14942
[15/Aug/2013:00:19:25 +0000]|10190
[15/Aug/2013:00:19:25 +0000]|5671
[15/Aug/2013:00:19:25 +0000]|20630
[15/Aug/2013:00:19:25 +0000]|15487
[15/Aug/2013:00:19:25 +0000]|20643
[15/Aug/2013:00:19:25 +0000]|10248
[15/Aug/2013:00:19:28 +0000]|24118
[15/Aug/2013:00:19:28 +0000]|24118
[15/Aug/2013:00:19:28 +0000]|24118
[15/Aug/2013:00:19:28 +0000]|24123
[15/Aug/2013:00:19:28 +0000]|18984
[15/Aug/2013:00:19:33 +0000]|28687
[15/Aug/2013:00:19:33 +0000]|28687
[15/Aug/2013:00:19:33 +0000]|28688
[15/Aug/2013:00:19:33 +0000]|28688
[15/Aug/2013:00:19:33 +0000]|28688
[15/Aug/2013:00:19:33 +0000]|28694
[15/Aug/2013:00:19:37 +0000]|33320
[15/Aug/2013:00:19:37 +0000]|33320
[15/Aug/2013:00:19:37 +0000]|33320
[15/Aug/2013:00:19:37 +0000]|33321
[15/Aug/2013:00:19:37 +0000]|33321
[15/Aug/2013:00:19:50 +0000]|45803
[15/Aug/2013:00:19:50 +0000]|45805
[15/Aug/2013:00:19:50 +0000]|45804
[15/Aug/2013:00:19:56 +0000]|51985
[15/Aug/2013:00:19:56 +0000]|46888
[15/Aug/2013:00:19:56 +0000]|51986
[15/Aug/2013:00:19:56 +0000]|46883
[15/Aug/2013:00:19:56 +0000]|51991
[15/Aug/2013:00:19:56 +0000]|51991
[15/Aug/2013:00:20:00 +0000]|4328
[15/Aug/2013:00:20:00 +0000]|10524
[15/Aug/2013:00:20:00 +0000]|4326
[15/Aug/2013:00:20:04 +0000]|3464
[15/Aug/2013:00:20:04 +0000]|3476
[15/Aug/2013:00:20:04 +0000]|3469
[15/Aug/2013:00:20:04 +0000]|44847
[15/Aug/2013:00:20:04 +0000]|7797
[15/Aug/2013:00:20:04 +0000]|3474
[15/Aug/2013:00:20:10 +0000]|6483
[15/Aug/2013:00:20:10 +0000]|51314
[15/Aug/2013:00:20:10 +0000]|14260
[15/Aug/2013:00:20:10 +0000]|6480
[15/Aug/2013:00:20:10 +0000]|51315
[15/Aug/2013:00:20:14 +0000]|3458
[15/Aug/2013:00:20:50 +0000]|46116
[15/Aug/2013:00:20:50 +0000]|20883
[15/Aug/2013:00:20:50 +0000]|25517
[15/Aug/2013:00:20:50 +0000]|4809
[15/Aug/2013:00:20:50 +0000]|4805
[15/Aug/2013:00:20:50 +0000]|20886
[15/Aug/2013:00:20:50 +0000]|9306
[15/Aug/2013:00:20:50 +0000]|9302
[15/Aug/2013:00:20:50 +0000]|17511
[15/Aug/2013:00:20:50 +0000]|9311
[15/Aug/2013:00:20:50 +0000]|14851
[15/Aug/2013:00:20:50 +0000]|17524
[15/Aug/2013:00:20:50 +0000]|14868
[15/Aug/2013:00:20:50 +0000]|53920
[15/Aug/2013:00:20:50 +0000]|25528
[15/Aug/2013:00:20:50 +0000]|14857
[15/Aug/2013:00:20:50 +0000]|14861
[15/Aug/2013:00:20:50 +0000]|105934
[15/Aug/2013:00:20:50 +0000]|105938
[15/Aug/2013:00:20:50 +0000]|105939
[15/Aug/2013:00:20:50 +0000]|105938
[15/Aug/2013:00:20:50 +0000]|105938
[15/Aug/2013:00:20:50 +0000]|105940
[15/Aug/2013:00:20:50 +0000]|105940
[15/Aug/2013:00:20:50 +0000]|105940
[15/Aug/2013:00:20:50 +0000]|105940
[15/Aug/2013:00:20:50 +0000]|105941
[15/Aug/2013:00:20:50 +0000]|17533
[15/Aug/2013:00:20:50 +0000]|17521
[15/Aug/2013:00:20:50 +0000]|17527
[15/Aug/2013:00:20:50 +0000]|20911
[15/Aug/2013:00:20:50 +0000]|20898
[15/Aug/2013:00:20:50 +0000]|20906
[15/Aug/2013:00:20:50 +0000]|20903
[15/Aug/2013:00:20:50 +0000]|25538
[15/Aug/2013:00:20:50 +0000]|25547
[15/Aug/2013:00:20:50 +0000]|25552
[15/Aug/2013:00:20:50 +0000]|25544
[15/Aug/2013:00:20:50 +0000]|33740
[15/Aug/2013:00:20:50 +0000]|39649
[15/Aug/2013:00:20:50 +0000]|33757
[15/Aug/2013:00:20:50 +0000]|33745
[15/Aug/2013:00:20:50 +0000]|36189
[15/Aug/2013:00:20:50 +0000]|33754
[15/Aug/2013:00:20:50 +0000]|36186
[15/Aug/2013:00:20:50 +0000]|33750
[15/Aug/2013:00:20:50 +0000]|36196
[15/Aug/2013:00:20:50 +0000]|36195
[15/Aug/2013:00:20:50 +0000]|39655
[15/Aug/2013:00:20:50 +0000]|39667
[15/Aug/2013:00:20:50 +0000]|49636
[15/Aug/2013:00:20:50 +0000]|39660
[15/Aug/2013:00:20:58 +0000]|2048
[15/Aug/2013:00:20:58 +0000]|2072
[15/Aug/2013:00:20:58 +0000]|33751
[15/Aug/2013:00:20:58 +0000]|8206
[15/Aug/2013:00:20:58 +0000]|8208
[15/Aug/2013:00:20:58 +0000]|13011
[15/Aug/2013:00:20:58 +0000]|17531
[15/Aug/2013:00:20:58 +0000]|8248
[15/Aug/2013:00:21:04 +0000]|5984
[15/Aug/2013:00:21:40 +0000]|44109
[15/Aug/2013:00:21:40 +0000]|11361
[15/Aug/2013:00:21:40 +0000]|11353
[15/Aug/2013:00:21:40 +0000]|4878
[15/Aug/2013:00:21:40 +0000]|44075
[15/Aug/2013:00:21:40 +0000]|4876
[15/Aug/2013:00:21:40 +0000]|11372
[15/Aug/2013:00:21:40 +0000]|15913
[15/Aug/2013:00:21:40 +0000]|11361
[15/Aug/2013:00:21:40 +0000]|15901
[15/Aug/2013:00:21:40 +0000]|11370
[15/Aug/2013:00:21:40 +0000]|15918
[15/Aug/2013:00:21:40 +0000]|15910
[15/Aug/2013:00:21:40 +0000]|18635
[15/Aug/2013:00:21:40 +0000]|18639
[15/Aug/2013:00:21:40 +0000]|15907
[15/Aug/2013:00:21:40 +0000]|18626
[15/Aug/2013:00:21:40 +0000]|23064
[15/Aug/2013:00:21:40 +0000]|18632
[15/Aug/2013:00:21:40 +0000]|18645
[15/Aug/2013:00:21:40 +0000]|23073
[15/Aug/2013:00:21:40 +0000]|23069
[15/Aug/2013:00:21:40 +0000]|25717
[15/Aug/2013:00:21:40 +0000]|23078
[15/Aug/2013:00:21:40 +0000]|23082
[15/Aug/2013:00:21:40 +0000]|25730
[15/Aug/2013:00:21:40 +0000]|30315
[15/Aug/2013:00:21:40 +0000]|25726
[15/Aug/2013:00:21:40 +0000]|36011
[15/Aug/2013:00:21:40 +0000]|30323
[15/Aug/2013:00:21:40 +0000]|30320
[15/Aug/2013:00:21:40 +0000]|30328
[15/Aug/2013:00:21:40 +0000]|36024
[15/Aug/2013:00:21:40 +0000]|36029
[15/Aug/2013:00:21:40 +0000]|36017
[15/Aug/2013:00:21:40 +0000]|36021
[15/Aug/2013:00:21:40 +0000]|44091
[15/Aug/2013:00:21:40 +0000]|42018
[15/Aug/2013:00:21:40 +0000]|42026
[15/Aug/2013:00:21:40 +0000]|44106
[15/Aug/2013:00:21:40 +0000]|42039
[15/Aug/2013:00:21:40 +0000]|50231
[15/Aug/2013:00:21:50 +0000]|54089
[15/Aug/2013:00:21:50 +0000]|54090
[15/Aug/2013:00:21:50 +0000]|35730
[15/Aug/2013:00:21:50 +0000]|9988
[15/Aug/2013:00:21:50 +0000]|60231
[15/Aug/2013:00:21:50 +0000]|14903
[15/Aug/2013:00:21:50 +0000]|35736
[15/Aug/2013:00:21:50 +0000]|35730
[15/Aug/2013:00:21:50 +0000]|14899
[15/Aug/2013:00:21:55 +0000]|14389
[15/Aug/2013:00:21:55 +0000]|14381
[15/Aug/2013:00:21:55 +0000]|14381
[15/Aug/2013:00:21:55 +0000]|14382
[15/Aug/2013:00:22:00 +0000]|19980
[15/Aug/2013:00:22:00 +0000]|19992
[15/Aug/2013:00:22:00 +0000]|19981
[15/Aug/2013:00:22:00 +0000]|19981
[15/Aug/2013:00:22:00 +0000]|19982
[15/Aug/2013:00:22:00 +0000]|19982
[15/Aug/2013:00:22:04 +0000]|23390
[15/Aug/2013:00:22:04 +0000]|23398
[15/Aug/2013:00:22:04 +0000]|23394
[15/Aug/2013:00:22:04 +0000]|23395
[15/Aug/2013:00:22:10 +0000]|29237
[15/Aug/2013:00:22:10 +0000]|29237
[15/Aug/2013:00:22:10 +0000]|29238
[15/Aug/2013:00:22:10 +0000]|29239
[15/Aug/2013:00:22:10 +0000]|29240
[15/Aug/2013:00:22:10 +0000]|29241
[15/Aug/2013:00:22:15 +0000]|34267
[15/Aug/2013:00:22:15 +0000]|34272
[15/Aug/2013:00:22:15 +0000]|34273
[15/Aug/2013:00:22:15 +0000]|34269
[15/Aug/2013:00:22:15 +0000]|34273
[15/Aug/2013:00:22:19 +0000]|38671
[15/Aug/2013:00:22:19 +0000]|38673
[15/Aug/2013:00:22:19 +0000]|38674
[15/Aug/2013:00:22:19 +0000]|38674
[15/Aug/2013:00:22:19 +0000]|38674
[15/Aug/2013:00:22:23 +0000]|3684
[15/Aug/2013:00:22:23 +0000]|3696
[15/Aug/2013:00:22:23 +0000]|42375
[15/Aug/2013:00:22:23 +0000]|3685
[15/Aug/2013:00:22:30 +0000]|50095
[15/Aug/2013:00:22:30 +0000]|50084
[15/Aug/2013:00:22:30 +0000]|7714
[15/Aug/2013:00:22:30 +0000]|50097
[15/Aug/2013:00:22:30 +0000]|50084
[15/Aug/2013:00:22:35 +0000]|16192
[15/Aug/2013:00:22:35 +0000]|54874
[15/Aug/2013:00:22:35 +0000]|54874
[15/Aug/2013:00:22:35 +0000]|54876
[15/Aug/2013:00:22:35 +0000]|54877
[15/Aug/2013:00:22:35 +0000]|54878
[15/Aug/2013:00:22:35 +0000]|16209
[15/Aug/2013:00:22:38 +0000]|15431
[15/Aug/2013:00:22:38 +0000]|47834
[15/Aug/2013:00:22:38 +0000]|57806
MV2===========================================
[15/Aug/2013:00:17:10 +0000]|1586
[15/Aug/2013:00:17:10 +0000]|2759
[15/Aug/2013:00:17:14 +0000]|4097
[15/Aug/2013:00:17:14 +0000]|6553
[15/Aug/2013:00:17:14 +0000]|5674
[15/Aug/2013:00:17:17 +0000]|2806
[15/Aug/2013:00:17:17 +0000]|5621
[15/Aug/2013:00:17:19 +0000]|9131
[15/Aug/2013:00:17:19 +0000]|2240
[15/Aug/2013:00:17:26 +0000]|11885
[15/Aug/2013:00:17:26 +0000]|11893
[15/Aug/2013:00:17:26 +0000]|6846
[15/Aug/2013:00:17:26 +0000]|6849
[15/Aug/2013:00:17:28 +0000]|8957
[15/Aug/2013:00:17:28 +0000]|2122
[15/Aug/2013:00:17:28 +0000]|3980
[15/Aug/2013:00:17:28 +0000]|3986
[15/Aug/2013:00:17:32 +0000]|7841
[15/Aug/2013:00:17:32 +0000]|3860
[15/Aug/2013:00:17:32 +0000]|5983
[15/Aug/2013:00:17:34 +0000]|5858
[15/Aug/2013:00:17:36 +0000]|1993
[15/Aug/2013:00:17:36 +0000]|16821
[15/Aug/2013:00:17:36 +0000]|3997
[15/Aug/2013:00:17:39 +0000]|4592
[15/Aug/2013:00:17:39 +0000]|2598
[15/Aug/2013:00:17:41 +0000]|7123
[15/Aug/2013:00:17:41 +0000]|5124
[15/Aug/2013:00:17:41 +0000]|2516
[15/Aug/2013:00:17:43 +0000]|4185
[15/Aug/2013:00:17:46 +0000]|5205
[15/Aug/2013:00:17:46 +0000]|5210
[15/Aug/2013:00:17:46 +0000]|3530
[15/Aug/2013:00:17:46 +0000]|3527
[15/Aug/2013:00:17:48 +0000]|5007
[15/Aug/2013:00:17:52 +0000]|5902
[15/Aug/2013:00:17:52 +0000]|5911
[15/Aug/2013:00:17:52 +0000]|4411
[15/Aug/2013:00:17:52 +0000]|4416
[15/Aug/2013:00:17:52 +0000]|5908
[15/Aug/2013:00:17:57 +0000]|4752
[15/Aug/2013:00:17:57 +0000]|9176
[15/Aug/2013:00:17:57 +0000]|9176
[15/Aug/2013:00:17:57 +0000]|4765
[15/Aug/2013:00:17:57 +0000]|4758
[15/Aug/2013:00:17:59 +0000]|6801
[15/Aug/2013:00:18:04 +0000]|11128
[15/Aug/2013:00:18:04 +0000]|4330
[15/Aug/2013:00:18:04 +0000]|6389
[15/Aug/2013:00:18:04 +0000]|6406
[15/Aug/2013:00:18:06 +0000]|2698
[15/Aug/2013:00:18:06 +0000]|7040
[15/Aug/2013:00:18:06 +0000]|2701
[15/Aug/2013:00:18:06 +0000]|13847
[15/Aug/2013:00:18:06 +0000]|13851
[15/Aug/2013:00:18:12 +0000]|6072
[15/Aug/2013:00:18:12 +0000]|6053
[15/Aug/2013:00:18:12 +0000]|13117
[15/Aug/2013:00:18:12 +0000]|8786
[15/Aug/2013:00:18:15 +0000]|8773
[15/Aug/2013:00:18:15 +0000]|2718
[15/Aug/2013:00:18:15 +0000]|8775
[15/Aug/2013:00:18:15 +0000]|11500
[15/Aug/2013:00:18:18 +0000]|5362
[15/Aug/2013:00:18:18 +0000]|5389
[15/Aug/2013:00:18:18 +0000]|5405
[15/Aug/2013:00:18:18 +0000]|5418
[15/Aug/2013:00:19:56 +0000]|2633
[15/Aug/2013:00:19:56 +0000]|2640
[15/Aug/2013:00:19:56 +0000]|6289
[15/Aug/2013:00:19:56 +0000]|6090
[15/Aug/2013:00:19:56 +0000]|5890
[15/Aug/2013:00:20:00 +0000]|4109
[15/Aug/2013:00:20:00 +0000]|9792
[15/Aug/2013:00:20:00 +0000]|4111
[15/Aug/2013:00:20:00 +0000]|9591
[15/Aug/2013:00:20:03 +0000]|6964
[15/Aug/2013:00:20:03 +0000]|6964
[15/Aug/2013:00:20:03 +0000]|2889
[15/Aug/2013:00:20:03 +0000]|6998
[15/Aug/2013:00:20:03 +0000]|9621
[15/Aug/2013:00:20:06 +0000]|6203
[15/Aug/2013:00:20:06 +0000]|3330
[15/Aug/2013:00:20:06 +0000]|6210
[15/Aug/2013:00:20:06 +0000]|6210
[15/Aug/2013:00:20:09 +0000]|3357
[15/Aug/2013:00:20:09 +0000]|6688
[15/Aug/2013:00:20:09 +0000]|6691
[15/Aug/2013:00:20:09 +0000]|3372
[15/Aug/2013:00:20:12 +0000]|2650
[15/Aug/2013:00:20:12 +0000]|2658
[15/Aug/2013:00:20:12 +0000]|2655
[15/Aug/2013:00:20:15 +0000]|9390
[15/Aug/2013:00:20:15 +0000]|3367
[15/Aug/2013:00:20:15 +0000]|3376
[15/Aug/2013:00:20:19 +0000]|9239
[15/Aug/2013:00:20:19 +0000]|6580
[15/Aug/2013:00:20:19 +0000]|9243
[15/Aug/2013:00:20:19 +0000]|6596
[15/Aug/2013:00:20:24 +0000]|8143
[15/Aug/2013:00:20:24 +0000]|8129
[15/Aug/2013:00:20:24 +0000]|8130
[15/Aug/2013:00:20:24 +0000]|4921
[15/Aug/2013:00:20:24 +0000]|8146
[15/Aug/2013:00:20:26 +0000]|10838
[15/Aug/2013:00:20:26 +0000]|10838
[15/Aug/2013:00:20:26 +0000]|7587
[15/Aug/2013:00:20:29 +0000]|13136
[15/Aug/2013:00:20:29 +0000]|13136
[15/Aug/2013:00:20:33 +0000]|17399
[15/Aug/2013:00:20:33 +0000]|17399
[15/Aug/2013:00:20:33 +0000]|17400
[15/Aug/2013:00:20:33 +0000]|17400
[15/Aug/2013:00:20:33 +0000]|17401
[15/Aug/2013:00:20:36 +0000]|12591
[15/Aug/2013:00:20:36 +0000]|12584
[15/Aug/2013:00:20:36 +0000]|3342
[15/Aug/2013:00:20:36 +0000]|12595
[15/Aug/2013:00:20:40 +0000]|24371
[15/Aug/2013:00:20:40 +0000]|6944
[15/Aug/2013:00:20:40 +0000]|3600
[15/Aug/2013:00:20:45 +0000]|8334
[15/Aug/2013:00:20:45 +0000]|4731
[15/Aug/2013:00:20:45 +0000]|4723
[15/Aug/2013:00:20:45 +0000]|4736
[15/Aug/2013:00:20:45 +0000]|8344
[15/Aug/2013:00:20:46 +0000]|9847
[15/Aug/2013:00:20:46 +0000]|6305
MV3===========================================
[15/Aug/2013:00:17:14 +0000]|1770
[15/Aug/2013:00:17:14 +0000]|2071
[15/Aug/2013:00:17:18 +0000]|2009
[15/Aug/2013:00:17:16 +0000]|2029
[15/Aug/2013:00:17:16 +0000]|2024
[15/Aug/2013:00:17:21 +0000]|8304
[15/Aug/2013:00:17:21 +0000]|2791
[15/Aug/2013:00:17:21 +0000]|4798
[15/Aug/2013:00:17:24 +0000]|8029
[15/Aug/2013:00:17:24 +0000]|10061
[15/Aug/2013:00:17:26 +0000]|10012
[15/Aug/2013:00:17:26 +0000]|12048
[15/Aug/2013:00:17:26 +0000]|1982
[15/Aug/2013:00:17:29 +0000]|7743
[15/Aug/2013:00:17:29 +0000]|7743
[15/Aug/2013:00:17:31 +0000]|2454
[15/Aug/2013:00:17:33 +0000]|4460
[15/Aug/2013:00:17:35 +0000]|1984
[15/Aug/2013:00:17:35 +0000]|3987
[15/Aug/2013:00:17:35 +0000]|1983
[15/Aug/2013:00:17:35 +0000]|6452
[15/Aug/2013:00:17:37 +0000]|5911
[15/Aug/2013:00:17:37 +0000]|1925
[15/Aug/2013:00:17:39 +0000]|2032
[15/Aug/2013:00:17:39 +0000]|3952
[15/Aug/2013:00:17:42 +0000]|4661
[15/Aug/2013:00:17:42 +0000]|8577
[15/Aug/2013:00:17:42 +0000]|15584
[15/Aug/2013:00:17:44 +0000]|12554
[15/Aug/2013:00:17:47 +0000]|14157
[15/Aug/2013:00:17:47 +0000]|3598
[15/Aug/2013:00:17:47 +0000]|3604
[15/Aug/2013:00:17:48 +0000]|5584
[15/Aug/2013:00:17:50 +0000]|2283
[15/Aug/2013:00:17:50 +0000]|7860
[15/Aug/2013:00:17:52 +0000]|4287
[15/Aug/2013:00:17:52 +0000]|2004
[15/Aug/2013:00:17:52 +0000]|14548
[15/Aug/2013:00:17:56 +0000]|2030
[15/Aug/2013:00:17:56 +0000]|12391
[15/Aug/2013:00:17:59 +0000]|6876
[15/Aug/2013:00:17:59 +0000]|4422
[15/Aug/2013:00:17:59 +0000]|14793
[15/Aug/2013:00:17:59 +0000]|8905
[15/Aug/2013:00:18:02 +0000]|20179
[15/Aug/2013:00:18:02 +0000]|3411
[15/Aug/2013:00:18:02 +0000]|20180
[15/Aug/2013:00:18:02 +0000]|3406
[15/Aug/2013:00:18:06 +0000]|3418
[15/Aug/2013:00:18:06 +0000]|3422
[15/Aug/2013:00:18:06 +0000]|6835
[15/Aug/2013:00:18:06 +0000]|11272
[15/Aug/2013:00:18:08 +0000]|2944
[15/Aug/2013:00:18:08 +0000]|2936
[15/Aug/2013:00:18:11 +0000]|4976
[15/Aug/2013:00:18:11 +0000]|8408
[15/Aug/2013:00:18:14 +0000]|3161
[15/Aug/2013:00:18:14 +0000]|21898
[15/Aug/2013:00:18:14 +0000]|3160
[15/Aug/2013:00:18:14 +0000]|5224
[15/Aug/2013:00:18:17 +0000]|3371
[15/Aug/2013:00:18:17 +0000]|8595
[15/Aug/2013:00:18:17 +0000]|3376
[15/Aug/2013:00:18:17 +0000]|6548
[15/Aug/2013:00:18:18 +0000]|4754
[15/Aug/2013:00:18:19 +0000]|5097
[15/Aug/2013:00:19:58 +0000]|1240
[15/Aug/2013:00:20:01 +0000]|3010
[15/Aug/2013:00:20:01 +0000]|3001
[15/Aug/2013:00:20:03 +0000]|1823
[15/Aug/2013:00:20:03 +0000]|1821
[15/Aug/2013:00:20:03 +0000]|4824
[15/Aug/2013:00:20:06 +0000]|9584
[15/Aug/2013:00:20:06 +0000]|5645
[15/Aug/2013:00:20:06 +0000]|5642
[15/Aug/2013:00:20:09 +0000]|8668
[15/Aug/2013:00:20:09 +0000]|8660
[15/Aug/2013:00:20:09 +0000]|3011
[15/Aug/2013:00:20:09 +0000]|6861
[15/Aug/2013:00:20:12 +0000]|2850
[15/Aug/2013:00:20:12 +0000]|2840
[15/Aug/2013:00:20:12 +0000]|5857
[15/Aug/2013:00:20:15 +0000]|2469
[15/Aug/2013:00:20:15 +0000]|5307
[15/Aug/2013:00:20:17 +0000]|10868
[15/Aug/2013:00:20:17 +0000]|10876
[15/Aug/2013:00:20:22 +0000]|15367
[15/Aug/2013:00:20:22 +0000]|12351
[15/Aug/2013:00:20:22 +0000]|15384
[15/Aug/2013:00:20:22 +0000]|12356
[15/Aug/2013:00:20:22 +0000]|15376
[15/Aug/2013:00:20:25 +0000]|15779
[15/Aug/2013:00:20:25 +0000]|10455
[15/Aug/2013:00:20:25 +0000]|15780
[15/Aug/2013:00:20:25 +0000]|7928
[15/Aug/2013:00:20:29 +0000]|3913
[15/Aug/2013:00:20:29 +0000]|3909
[15/Aug/2013:00:20:29 +0000]|7330
[15/Aug/2013:00:20:32 +0000]|6573
[15/Aug/2013:00:20:34 +0000]|1973
[15/Aug/2013:00:20:34 +0000]|1977
[15/Aug/2013:00:20:34 +0000]|4640
[15/Aug/2013:00:20:34 +0000]|4636
[15/Aug/2013:00:20:36 +0000]|7284
[15/Aug/2013:00:20:36 +0000]|2652
[15/Aug/2013:00:20:36 +0000]|2650
[15/Aug/2013:00:20:41 +0000]|8850
[15/Aug/2013:00:20:41 +0000]|8859
[15/Aug/2013:00:20:41 +0000]|4220
[15/Aug/2013:00:20:41 +0000]|8857
[15/Aug/2013:00:20:44 +0000]|7551
[15/Aug/2013:00:20:44 +0000]|10208
[15/Aug/2013:00:20:44 +0000]|14847
[15/Aug/2013:00:20:44 +0000]|3338
[15/Aug/2013:00:20:45 +0000]|8925
[15/Aug/2013:00:20:45 +0000]|11607
