0.1
1
1
1
1.4
1.4
1.4
10.7
10.7
10.7
20.1
20.1
20.1
28.2
28.2
28.2
36
36
36
45.1
42.6
42.6
42.8
49.1
49.1
58.2
55
55
55.2
47.5
47.5
29.6
20.9
20.9
13.3
19.1
19.1
11.7
19.3
19.5
17.5
25.5
25.9
25.8
33.5
33.9
33.9
43
35
35
35.1
29.9
29.9
38.5
29.7
29.7
38
30.7
30.7
37.7
29
29
25.9
25.8
26
26.5
18.1
18.3
10.1
10.1
19.3
12.1
12.1
22
22.1
22.1
32.4
32
32
41.8
41.2
41.2
41
41
41
41.3
41.3
41.3
42.1
42.1
42.1
42.7
42.7
42.7
42
42
41.8
42
42
41.6
41.7
41.7
41.3
41.3
41.3
41.6
31.8
32
21.7
21.7
22
12
12
11.8
1.9
1.7
1.9
1.9
2.3
2.1
2.1
1.8
1.8
2.5
2.8
2.8
3.2
2.6
2.6
2.5
2.5
3.4
3
3
2.7
2.7
2.7
2.8
