MV1===========================================
[18/Aug/2013:13:48:16 +0000]|8
[18/Aug/2013:13:48:18 +0000]|6
[18/Aug/2013:13:48:19 +0000]|4
[18/Aug/2013:13:48:39 +0000]|4
[18/Aug/2013:13:48:40 +0000]|8
[18/Aug/2013:13:48:47 +0000]|4
[18/Aug/2013:13:48:49 +0000]|4
[18/Aug/2013:13:48:50 +0000]|5
[18/Aug/2013:13:50:33 +0000]|5
[18/Aug/2013:13:50:38 +0000]|7
[18/Aug/2013:13:50:40 +0000]|14
[18/Aug/2013:13:50:42 +0000]|5
[18/Aug/2013:13:51:37 +0000]|10
[18/Aug/2013:13:56:14 +0000]|5
[18/Aug/2013:13:56:15 +0000]|3
[18/Aug/2013:13:56:15 +0000]|5
[18/Aug/2013:13:56:16 +0000]|5
[18/Aug/2013:13:56:16 +0000]|4
[18/Aug/2013:13:56:17 +0000]|5
[18/Aug/2013:13:56:17 +0000]|5
[18/Aug/2013:13:56:18 +0000]|13
[18/Aug/2013:13:56:18 +0000]|4
[18/Aug/2013:13:56:19 +0000]|4
[18/Aug/2013:14:00:00 +0000]|437
[18/Aug/2013:14:00:00 +0000]|3
[18/Aug/2013:14:00:01 +0000]|421
[18/Aug/2013:14:00:01 +0000]|5
[18/Aug/2013:14:00:02 +0000]|395
[18/Aug/2013:14:00:02 +0000]|11
[18/Aug/2013:14:00:03 +0000]|4
[18/Aug/2013:14:00:03 +0000]|318
[18/Aug/2013:14:00:04 +0000]|582
[18/Aug/2013:14:00:04 +0000]|39
[18/Aug/2013:14:00:05 +0000]|210
[18/Aug/2013:14:00:05 +0000]|3
[18/Aug/2013:14:00:06 +0000]|426
[18/Aug/2013:14:00:06 +0000]|4
[18/Aug/2013:14:00:07 +0000]|30
[18/Aug/2013:14:00:07 +0000]|62
[18/Aug/2013:14:00:08 +0000]|11
[18/Aug/2013:14:00:08 +0000]|3
[18/Aug/2013:14:00:09 +0000]|3
[18/Aug/2013:14:00:09 +0000]|4
[18/Aug/2013:14:00:10 +0000]|146
[18/Aug/2013:14:00:10 +0000]|50
[18/Aug/2013:14:00:11 +0000]|386
[18/Aug/2013:14:00:11 +0000]|3
[18/Aug/2013:14:00:12 +0000]|421
[18/Aug/2013:14:00:12 +0000]|18
[18/Aug/2013:14:00:13 +0000]|3
[18/Aug/2013:14:00:13 +0000]|3
[18/Aug/2013:14:00:14 +0000]|5
[18/Aug/2013:14:00:14 +0000]|3
[18/Aug/2013:14:00:15 +0000]|4
[18/Aug/2013:14:00:15 +0000]|72
[18/Aug/2013:14:00:16 +0000]|39
[18/Aug/2013:14:00:16 +0000]|4
[18/Aug/2013:14:00:17 +0000]|7
[18/Aug/2013:14:00:17 +0000]|4
[18/Aug/2013:14:00:18 +0000]|3
[18/Aug/2013:14:00:18 +0000]|60
[18/Aug/2013:14:00:19 +0000]|50
[18/Aug/2013:14:00:19 +0000]|3
[18/Aug/2013:14:00:20 +0000]|8
[18/Aug/2013:14:00:20 +0000]|8
[18/Aug/2013:14:00:21 +0000]|3
[18/Aug/2013:14:00:21 +0000]|3
[18/Aug/2013:14:00:22 +0000]|54
[18/Aug/2013:14:00:22 +0000]|3
[18/Aug/2013:14:00:23 +0000]|3
[18/Aug/2013:14:00:23 +0000]|3
[18/Aug/2013:14:00:24 +0000]|4
[18/Aug/2013:14:00:24 +0000]|63
[18/Aug/2013:14:00:25 +0000]|27
[18/Aug/2013:14:00:25 +0000]|3
[18/Aug/2013:14:00:26 +0000]|3
[18/Aug/2013:14:00:26 +0000]|3
[18/Aug/2013:14:00:27 +0000]|2
[18/Aug/2013:14:00:27 +0000]|3
[18/Aug/2013:14:00:28 +0000]|55
[18/Aug/2013:14:00:28 +0000]|3
[18/Aug/2013:14:00:29 +0000]|3
[18/Aug/2013:14:00:29 +0000]|3
[18/Aug/2013:14:00:30 +0000]|7
[18/Aug/2013:14:00:30 +0000]|7
[18/Aug/2013:14:00:31 +0000]|3
[18/Aug/2013:14:00:31 +0000]|3
[18/Aug/2013:14:00:32 +0000]|4
[18/Aug/2013:14:00:32 +0000]|3
[18/Aug/2013:14:00:33 +0000]|4
[18/Aug/2013:14:00:33 +0000]|10
[18/Aug/2013:14:00:34 +0000]|3
[18/Aug/2013:14:00:34 +0000]|3
[18/Aug/2013:14:00:35 +0000]|17
[18/Aug/2013:14:00:35 +0000]|3
[18/Aug/2013:14:00:36 +0000]|4
[18/Aug/2013:14:00:37 +0000]|4
[18/Aug/2013:14:00:38 +0000]|3
[18/Aug/2013:14:00:40 +0000]|19
[18/Aug/2013:14:00:41 +0000]|4
[18/Aug/2013:14:00:43 +0000]|3
[18/Aug/2013:14:00:44 +0000]|4
[18/Aug/2013:14:00:46 +0000]|4
[18/Aug/2013:14:00:47 +0000]|3
[18/Aug/2013:14:00:49 +0000]|4
[18/Aug/2013:14:01:01 +0000]|4
[18/Aug/2013:14:01:01 +0000]|3
[18/Aug/2013:14:01:02 +0000]|2
[18/Aug/2013:14:01:02 +0000]|3
[18/Aug/2013:14:01:03 +0000]|3
[18/Aug/2013:14:01:03 +0000]|3
[18/Aug/2013:14:01:04 +0000]|223
[18/Aug/2013:14:01:04 +0000]|80
[18/Aug/2013:14:01:05 +0000]|318
[18/Aug/2013:14:01:06 +0000]|465
[18/Aug/2013:14:01:06 +0000]|373
[18/Aug/2013:14:01:07 +0000]|245
[18/Aug/2013:14:01:07 +0000]|2
[18/Aug/2013:14:01:07 +0000]|32
[18/Aug/2013:14:01:08 +0000]|16
[18/Aug/2013:14:01:08 +0000]|4
[18/Aug/2013:14:01:09 +0000]|4
[18/Aug/2013:14:01:10 +0000]|119
[18/Aug/2013:14:01:10 +0000]|2
[18/Aug/2013:14:01:10 +0000]|22
[18/Aug/2013:14:01:11 +0000]|329
[18/Aug/2013:14:01:11 +0000]|55
[18/Aug/2013:14:01:12 +0000]|359
[18/Aug/2013:14:01:13 +0000]|393
[18/Aug/2013:14:01:13 +0000]|3
[18/Aug/2013:14:01:13 +0000]|89
[18/Aug/2013:14:01:14 +0000]|409
[18/Aug/2013:14:01:15 +0000]|315
[18/Aug/2013:14:01:15 +0000]|3
[18/Aug/2013:14:01:16 +0000]|599
[18/Aug/2013:14:01:16 +0000]|394
[18/Aug/2013:14:01:16 +0000]|13
[18/Aug/2013:14:01:17 +0000]|463
[18/Aug/2013:14:01:18 +0000]|357
[18/Aug/2013:14:01:18 +0000]|4
[18/Aug/2013:14:01:18 +0000]|3
[18/Aug/2013:14:01:19 +0000]|2
[18/Aug/2013:14:01:19 +0000]|74
[18/Aug/2013:14:01:20 +0000]|39
[18/Aug/2013:14:01:20 +0000]|3
[18/Aug/2013:14:01:21 +0000]|4
[18/Aug/2013:14:01:22 +0000]|553
[18/Aug/2013:14:01:22 +0000]|47
[18/Aug/2013:14:01:23 +0000]|352
[18/Aug/2013:14:01:23 +0000]|3
[18/Aug/2013:14:01:23 +0000]|3
[18/Aug/2013:14:01:24 +0000]|3
[18/Aug/2013:14:01:24 +0000]|3
[18/Aug/2013:14:01:25 +0000]|3
[18/Aug/2013:14:01:25 +0000]|27
[18/Aug/2013:14:01:26 +0000]|3
[18/Aug/2013:14:01:26 +0000]|3
[18/Aug/2013:14:01:27 +0000]|3
[18/Aug/2013:14:01:27 +0000]|3
[18/Aug/2013:14:01:28 +0000]|3
[18/Aug/2013:14:01:28 +0000]|3
[18/Aug/2013:14:01:29 +0000]|3
[18/Aug/2013:14:01:29 +0000]|2
[18/Aug/2013:14:01:30 +0000]|3
[18/Aug/2013:14:01:31 +0000]|6
[18/Aug/2013:14:01:32 +0000]|12
[18/Aug/2013:14:01:33 +0000]|4
[18/Aug/2013:14:01:34 +0000]|3
[18/Aug/2013:14:01:35 +0000]|4
[18/Aug/2013:14:01:36 +0000]|2
[18/Aug/2013:14:01:37 +0000]|83
[18/Aug/2013:14:01:37 +0000]|3
[18/Aug/2013:14:01:38 +0000]|3
[18/Aug/2013:14:01:38 +0000]|3
[18/Aug/2013:14:01:39 +0000]|27
[18/Aug/2013:14:01:39 +0000]|3
[18/Aug/2013:14:01:40 +0000]|4
[18/Aug/2013:14:01:40 +0000]|3
[18/Aug/2013:14:01:41 +0000]|3
[18/Aug/2013:14:01:41 +0000]|4
[18/Aug/2013:14:01:42 +0000]|19
[18/Aug/2013:14:01:42 +0000]|55
[18/Aug/2013:14:01:43 +0000]|34
[18/Aug/2013:14:01:43 +0000]|3
[18/Aug/2013:14:01:44 +0000]|4
[18/Aug/2013:14:01:44 +0000]|3
[18/Aug/2013:14:01:45 +0000]|66
[18/Aug/2013:14:01:45 +0000]|3
[18/Aug/2013:14:01:46 +0000]|3
[18/Aug/2013:14:01:46 +0000]|2
[18/Aug/2013:14:01:47 +0000]|78
[18/Aug/2013:14:01:47 +0000]|6
[18/Aug/2013:14:01:48 +0000]|2
[18/Aug/2013:14:01:48 +0000]|45
[18/Aug/2013:14:01:49 +0000]|12
[18/Aug/2013:14:01:49 +0000]|4
[18/Aug/2013:14:01:50 +0000]|4
[18/Aug/2013:14:01:50 +0000]|2
[18/Aug/2013:14:02:06 +0000]|3
[18/Aug/2013:14:02:07 +0000]|76
[18/Aug/2013:14:02:07 +0000]|318
[18/Aug/2013:14:02:07 +0000]|357
[18/Aug/2013:14:02:07 +0000]|483
[18/Aug/2013:14:02:08 +0000]|1016
[18/Aug/2013:14:02:08 +0000]|1141
[18/Aug/2013:14:02:08 +0000]|1290
[18/Aug/2013:14:02:08 +0000]|1338
[18/Aug/2013:14:02:08 +0000]|1379
[18/Aug/2013:14:02:08 +0000]|1397
[18/Aug/2013:14:02:08 +0000]|1401
[18/Aug/2013:14:02:08 +0000]|1470
[18/Aug/2013:14:02:08 +0000]|1474
[18/Aug/2013:14:02:11 +0000]|4285
[18/Aug/2013:14:02:11 +0000]|4417
[18/Aug/2013:14:02:11 +0000]|1655
[18/Aug/2013:14:02:11 +0000]|112
[18/Aug/2013:14:02:11 +0000]|4144
[18/Aug/2013:14:02:11 +0000]|1907
[18/Aug/2013:14:02:11 +0000]|4203
[18/Aug/2013:14:02:11 +0000]|24
[18/Aug/2013:14:02:11 +0000]|15
[18/Aug/2013:14:02:11 +0000]|9
[18/Aug/2013:14:02:11 +0000]|6
[18/Aug/2013:14:02:11 +0000]|2
[18/Aug/2013:14:02:11 +0000]|3
[18/Aug/2013:14:02:11 +0000]|64
[18/Aug/2013:14:02:11 +0000]|69
[18/Aug/2013:14:02:12 +0000]|73
[18/Aug/2013:14:02:12 +0000]|83
[18/Aug/2013:14:02:12 +0000]|89
[18/Aug/2013:14:02:12 +0000]|98
[18/Aug/2013:14:02:12 +0000]|102
[18/Aug/2013:14:02:12 +0000]|107
[18/Aug/2013:14:02:12 +0000]|111
[18/Aug/2013:14:02:12 +0000]|116
[18/Aug/2013:14:02:12 +0000]|120
[18/Aug/2013:14:02:12 +0000]|125
[18/Aug/2013:14:02:12 +0000]|130
[18/Aug/2013:14:02:12 +0000]|134
[18/Aug/2013:14:02:12 +0000]|139
[18/Aug/2013:14:02:12 +0000]|143
[18/Aug/2013:14:02:12 +0000]|148
[18/Aug/2013:14:02:12 +0000]|152
[18/Aug/2013:14:02:12 +0000]|157
[18/Aug/2013:14:02:12 +0000]|162
[18/Aug/2013:14:02:12 +0000]|166
[18/Aug/2013:14:02:12 +0000]|170
[18/Aug/2013:14:02:12 +0000]|271
[18/Aug/2013:14:02:12 +0000]|891
[18/Aug/2013:14:02:12 +0000]|995
[18/Aug/2013:14:02:12 +0000]|1083
[18/Aug/2013:14:02:13 +0000]|1222
[18/Aug/2013:14:02:13 +0000]|1271
[18/Aug/2013:14:02:13 +0000]|1280
[18/Aug/2013:14:02:13 +0000]|1284
[18/Aug/2013:14:02:13 +0000]|1286
[18/Aug/2013:14:02:13 +0000]|1289
[18/Aug/2013:14:02:13 +0000]|1292
[18/Aug/2013:14:02:13 +0000]|1295
[18/Aug/2013:14:02:13 +0000]|1301
[18/Aug/2013:14:02:13 +0000]|1304
[18/Aug/2013:14:02:13 +0000]|1307
[18/Aug/2013:14:02:13 +0000]|1309
[18/Aug/2013:14:02:13 +0000]|1313
[18/Aug/2013:14:02:13 +0000]|1318
[18/Aug/2013:14:02:13 +0000]|1321
[18/Aug/2013:14:02:13 +0000]|1329
[18/Aug/2013:14:02:13 +0000]|1345
[18/Aug/2013:14:02:14 +0000]|3151
[18/Aug/2013:14:02:14 +0000]|297
[18/Aug/2013:14:02:16 +0000]|5094
[18/Aug/2013:14:02:16 +0000]|5094
[18/Aug/2013:14:02:16 +0000]|5094
[18/Aug/2013:14:02:16 +0000]|5093
[18/Aug/2013:14:02:16 +0000]|5093
[18/Aug/2013:14:02:16 +0000]|5093
[18/Aug/2013:14:02:16 +0000]|5093
[18/Aug/2013:14:02:16 +0000]|5091
[18/Aug/2013:14:02:16 +0000]|5091
[18/Aug/2013:14:02:16 +0000]|5091
[18/Aug/2013:14:02:16 +0000]|5090
[18/Aug/2013:14:02:16 +0000]|5089
[18/Aug/2013:14:02:16 +0000]|5088
[18/Aug/2013:14:02:16 +0000]|5088
[18/Aug/2013:14:02:16 +0000]|5088
[18/Aug/2013:14:02:16 +0000]|5088
[18/Aug/2013:14:02:16 +0000]|5087
[18/Aug/2013:14:02:16 +0000]|5086
[18/Aug/2013:14:02:14 +0000]|2784
[18/Aug/2013:14:02:17 +0000]|5131
[18/Aug/2013:14:02:32 +0000]|20514
[18/Aug/2013:14:02:40 +0000]|29102
[18/Aug/2013:14:02:40 +0000]|29103
[18/Aug/2013:14:02:41 +0000]|30040
[18/Aug/2013:14:02:41 +0000]|30045
[18/Aug/2013:14:02:41 +0000]|30047
[18/Aug/2013:14:02:42 +0000]|30890
[18/Aug/2013:14:02:42 +0000]|30904
[18/Aug/2013:14:02:42 +0000]|30909
[18/Aug/2013:14:02:44 +0000]|32360
[18/Aug/2013:14:02:44 +0000]|32371
[18/Aug/2013:14:02:44 +0000]|32378
[18/Aug/2013:14:02:44 +0000]|32385
[18/Aug/2013:14:02:44 +0000]|32392
[18/Aug/2013:14:02:44 +0000]|32400
[18/Aug/2013:14:02:44 +0000]|32407
[18/Aug/2013:14:02:44 +0000]|32414
[18/Aug/2013:14:02:44 +0000]|32421
[18/Aug/2013:14:02:44 +0000]|32428
[18/Aug/2013:14:02:44 +0000]|32439
[18/Aug/2013:14:02:44 +0000]|32451
[18/Aug/2013:14:02:45 +0000]|33442
[18/Aug/2013:14:02:45 +0000]|33453
[18/Aug/2013:14:02:45 +0000]|33460
[18/Aug/2013:14:02:45 +0000]|33471
[18/Aug/2013:14:02:41 +0000]|30031
[18/Aug/2013:14:02:41 +0000]|30045
[18/Aug/2013:14:02:49 +0000]|37897
[18/Aug/2013:14:02:53 +0000]|41661
[18/Aug/2013:14:02:53 +0000]|41663
[18/Aug/2013:14:02:55 +0000]|44292
[18/Aug/2013:14:02:55 +0000]|44130
[18/Aug/2013:14:02:56 +0000]|44977
[18/Aug/2013:14:02:57 +0000]|45704
[18/Aug/2013:14:02:57 +0000]|45815
[18/Aug/2013:14:02:57 +0000]|45903
[18/Aug/2013:14:02:57 +0000]|46038
[18/Aug/2013:14:02:58 +0000]|46685
[18/Aug/2013:14:02:58 +0000]|46954
[18/Aug/2013:14:03:00 +0000]|48196
[18/Aug/2013:14:03:00 +0000]|48199
[18/Aug/2013:14:03:00 +0000]|48202
[18/Aug/2013:14:03:01 +0000]|49175
[18/Aug/2013:14:03:01 +0000]|46492
[18/Aug/2013:14:03:01 +0000]|46619
[18/Aug/2013:14:03:01 +0000]|46796
[18/Aug/2013:14:03:02 +0000]|49928
[18/Aug/2013:14:03:04 +0000]|49456
[18/Aug/2013:14:03:06 +0000]|52632
[18/Aug/2013:14:03:06 +0000]|51658
[18/Aug/2013:14:03:07 +0000]|52904
[18/Aug/2013:14:03:07 +0000]|52642
[18/Aug/2013:14:03:07 +0000]|52649
[18/Aug/2013:14:03:07 +0000]|53949
[18/Aug/2013:14:03:07 +0000]|52665
[18/Aug/2013:14:03:07 +0000]|52682
[18/Aug/2013:14:03:07 +0000]|53712
[18/Aug/2013:14:03:07 +0000]|53704
[18/Aug/2013:14:03:07 +0000]|53708
[18/Aug/2013:14:03:07 +0000]|52699
[18/Aug/2013:14:03:07 +0000]|52706
[18/Aug/2013:14:03:08 +0000]|54676
[18/Aug/2013:14:03:08 +0000]|54700
[18/Aug/2013:14:03:08 +0000]|54728
[18/Aug/2013:14:03:08 +0000]|54745
[18/Aug/2013:14:03:08 +0000]|54756
[18/Aug/2013:14:03:08 +0000]|54872
[18/Aug/2013:14:03:08 +0000]|54884
[18/Aug/2013:14:03:08 +0000]|54902
[18/Aug/2013:14:03:08 +0000]|53620
[18/Aug/2013:14:03:08 +0000]|53627
[18/Aug/2013:14:03:08 +0000]|53630
[18/Aug/2013:14:03:08 +0000]|53630
[18/Aug/2013:14:03:08 +0000]|53621
[18/Aug/2013:14:03:08 +0000]|53633
[18/Aug/2013:14:03:08 +0000]|53641
[18/Aug/2013:14:03:08 +0000]|53649
[18/Aug/2013:14:03:08 +0000]|53661
[18/Aug/2013:14:03:09 +0000]|54521
[18/Aug/2013:14:03:09 +0000]|54533
[18/Aug/2013:14:03:09 +0000]|54562
[18/Aug/2013:14:03:09 +0000]|54578
[18/Aug/2013:14:03:09 +0000]|54599
[18/Aug/2013:14:03:09 +0000]|54627
[18/Aug/2013:14:03:09 +0000]|54681
[18/Aug/2013:14:03:09 +0000]|54711
[18/Aug/2013:14:03:09 +0000]|54725
[18/Aug/2013:14:03:09 +0000]|54735
[18/Aug/2013:14:03:09 +0000]|54751
[18/Aug/2013:14:03:09 +0000]|54763
[18/Aug/2013:14:03:10 +0000]|55646
[18/Aug/2013:14:03:10 +0000]|55654
[18/Aug/2013:14:03:10 +0000]|55662
[18/Aug/2013:14:03:10 +0000]|55665
[18/Aug/2013:14:03:10 +0000]|55684
[18/Aug/2013:14:03:10 +0000]|55693
[18/Aug/2013:14:03:10 +0000]|55700
[18/Aug/2013:14:03:10 +0000]|55708
[18/Aug/2013:14:03:10 +0000]|55713
[18/Aug/2013:14:03:10 +0000]|55720
[18/Aug/2013:14:03:10 +0000]|55727
[18/Aug/2013:14:03:10 +0000]|55729
[18/Aug/2013:14:03:10 +0000]|55736
[18/Aug/2013:14:03:10 +0000]|55744
[18/Aug/2013:14:03:10 +0000]|55752
[18/Aug/2013:14:03:09 +0000]|54594
[18/Aug/2013:14:03:11 +0000]|56712
[18/Aug/2013:14:03:11 +0000]|58000
MV2===========================================
[18/Aug/2013:13:42:32 +0000]|1
[18/Aug/2013:13:48:32 +0000]|8
[18/Aug/2013:13:48:33 +0000]|4
[18/Aug/2013:13:48:34 +0000]|4
[18/Aug/2013:13:48:35 +0000]|4
[18/Aug/2013:14:00:35 +0000]|4
[18/Aug/2013:14:00:37 +0000]|4
[18/Aug/2013:14:00:38 +0000]|4
[18/Aug/2013:14:00:40 +0000]|10
[18/Aug/2013:14:00:41 +0000]|3
[18/Aug/2013:14:00:43 +0000]|6
[18/Aug/2013:14:00:44 +0000]|3
[18/Aug/2013:14:00:46 +0000]|3
[18/Aug/2013:14:00:47 +0000]|14
[18/Aug/2013:14:00:49 +0000]|4
[18/Aug/2013:14:01:30 +0000]|3
[18/Aug/2013:14:01:31 +0000]|8
[18/Aug/2013:14:01:32 +0000]|5
[18/Aug/2013:14:01:33 +0000]|5
[18/Aug/2013:14:01:34 +0000]|4
[18/Aug/2013:14:01:35 +0000]|4
[18/Aug/2013:14:01:36 +0000]|16
MV3===========================================
[18/Aug/2013:13:38:02 +0000]|1
[18/Aug/2013:13:41:47 +0000]|1
[18/Aug/2013:13:48:29 +0000]|8
[18/Aug/2013:13:48:43 +0000]|7
[18/Aug/2013:13:48:43 +0000]|4
[18/Aug/2013:14:00:43 +0000]|4
[18/Aug/2013:14:00:45 +0000]|4
[18/Aug/2013:14:00:46 +0000]|2
[18/Aug/2013:14:00:48 +0000]|3
[18/Aug/2013:14:00:49 +0000]|4
[18/Aug/2013:14:00:51 +0000]|44
[18/Aug/2013:14:00:52 +0000]|7
[18/Aug/2013:14:00:54 +0000]|5
