9.8
0.4
0.4
0.4
10.2
10.2
18.2
18.2
23.4
23.4
23.4
31.4
31.4
39
39
39
47.4
57
57
67
67
76.2
76.2
76.2
83.6
83.6
81.4
81.4
81.4
78.6
78.6
80.4
80.4
80.2
80.2
82.4
82.4
83.4
83.4
83.4
83.4
83.4
82.8
82.8
82.8
83.2
83.2
85
85
85
87.2
87.2
92
92
92
94.8
94.8
96.6
96.6
96.6
96.1
96.1
95.1
95.1
95.1
94.9
94.9
95.1
95.1
95.1
94.9
94.9
94.9
94.9
94.9
94.5
94.5
94.5
94.5
94.5
94.7
94.7
95.1
95.1
95.1
95.8
95.8
96.8
96.8
96.8
97.4
97.4
88.4
88.4
79
79
79
69.4
69.4
60.4
60.4
51
51
41
41
41
31
31
21.4
21.4
12.2
12.2
12.2
2.2
2.2
1.8
1.8
2.2
2.2
2.2
12.2
12.2
21.6
21.6
30.8
30.8
30.8
40.6
40.6
50.4
50.4
60
60
60
69.8
69.8
79.8
79.8
89
89
98.2
98.2
97.8
97.8
97.8
88
88
78.4
78.4
69.4
69.4
59.7
59.7
59.7
49.7
49.7
39.7
39.7
30.1
30.1
20.7
20.7
20.7
11.1
11.1
1.5
1.5
1.5
1.5
1.6
1.6
0.8
0.8
0.8
0.7
0.7
