MV1===========================================
[17/Aug/2013:00:15:41 +0000]|1433
[17/Aug/2013:00:15:43 +0000]|1703
[17/Aug/2013:00:15:45 +0000]|2659
[17/Aug/2013:00:15:45 +0000]|2641
[17/Aug/2013:00:15:47 +0000]|1289
[17/Aug/2013:00:15:47 +0000]|3966
[17/Aug/2013:00:15:50 +0000]|4673
[17/Aug/2013:00:15:50 +0000]|3353
[17/Aug/2013:00:15:50 +0000]|4657
[17/Aug/2013:00:15:50 +0000]|3368
[17/Aug/2013:00:15:54 +0000]|3924
[17/Aug/2013:00:15:54 +0000]|3924
[17/Aug/2013:00:15:54 +0000]|3944
[17/Aug/2013:00:15:58 +0000]|3856
[17/Aug/2013:00:15:58 +0000]|6410
[17/Aug/2013:00:15:58 +0000]|7811
[17/Aug/2013:00:15:59 +0000]|9163
[17/Aug/2013:00:16:02 +0000]|10444
[17/Aug/2013:00:16:02 +0000]|10463
[17/Aug/2013:00:16:02 +0000]|10463
[17/Aug/2013:00:16:02 +0000]|2694
[17/Aug/2013:00:16:06 +0000]|4380
[17/Aug/2013:00:16:06 +0000]|4382
[17/Aug/2013:00:16:09 +0000]|2769
[17/Aug/2013:00:16:09 +0000]|2779
[17/Aug/2013:00:16:09 +0000]|7144
[17/Aug/2013:00:16:15 +0000]|9244
[17/Aug/2013:00:16:15 +0000]|13639
[17/Aug/2013:00:16:15 +0000]|13639
[17/Aug/2013:00:16:15 +0000]|9261
[17/Aug/2013:00:16:15 +0000]|13605
[17/Aug/2013:00:16:20 +0000]|18550
[17/Aug/2013:00:16:20 +0000]|11380
[17/Aug/2013:00:16:33 +0000]|8072
[17/Aug/2013:00:16:20 +0000]|11374
[17/Aug/2013:00:16:20 +0000]|11380
[17/Aug/2013:00:16:33 +0000]|23778
[17/Aug/2013:00:16:33 +0000]|23777
[17/Aug/2013:00:16:33 +0000]|3823
[17/Aug/2013:00:16:29 +0000]|4232
[17/Aug/2013:00:16:29 +0000]|4231
[17/Aug/2013:00:16:25 +0000]|9207
[17/Aug/2013:00:16:25 +0000]|4300
[17/Aug/2013:00:16:25 +0000]|22863
[17/Aug/2013:00:16:39 +0000]|6731
[17/Aug/2013:00:16:39 +0000]|24019
[17/Aug/2013:00:16:35 +0000]|6444
[17/Aug/2013:00:16:35 +0000]|6429
[17/Aug/2013:00:16:50 +0000]|14188
[17/Aug/2013:00:16:50 +0000]|4417
[17/Aug/2013:00:16:50 +0000]|4409
[17/Aug/2013:00:16:50 +0000]|16817
[17/Aug/2013:00:16:45 +0000]|12409
[17/Aug/2013:00:16:29 +0000]|19948
[17/Aug/2013:00:16:25 +0000]|15707
[17/Aug/2013:00:16:33 +0000]|26534
[17/Aug/2013:00:16:53 +0000]|7776
[17/Aug/2013:00:16:45 +0000]|12423
[17/Aug/2013:00:16:53 +0000]|3343
[17/Aug/2013:00:16:45 +0000]|12423
[17/Aug/2013:00:16:53 +0000]|3340
[17/Aug/2013:00:16:45 +0000]|12427
[17/Aug/2013:00:16:53 +0000]|3340
[17/Aug/2013:00:16:45 +0000]|12407
[17/Aug/2013:00:16:45 +0000]|9798
[17/Aug/2013:00:17:11 +0000]|4164
[17/Aug/2013:00:17:11 +0000]|17972
[17/Aug/2013:00:17:11 +0000]|7932
[17/Aug/2013:00:17:11 +0000]|21300
[17/Aug/2013:00:17:07 +0000]|6556
[17/Aug/2013:00:17:07 +0000]|6544
[17/Aug/2013:00:17:07 +0000]|3768
[17/Aug/2013:00:17:07 +0000]|3752
[17/Aug/2013:00:17:03 +0000]|13359
[17/Aug/2013:00:17:03 +0000]|2813
[17/Aug/2013:00:17:03 +0000]|13351
[17/Aug/2013:00:17:03 +0000]|6229
[17/Aug/2013:00:17:00 +0000]|20639
[17/Aug/2013:00:17:00 +0000]|10535
[17/Aug/2013:00:17:00 +0000]|3421
[17/Aug/2013:00:16:57 +0000]|41259
[17/Aug/2013:00:16:57 +0000]|17221
[17/Aug/2013:00:16:57 +0000]|17221
[17/Aug/2013:00:16:57 +0000]|17220
[17/Aug/2013:00:17:14 +0000]|17526
[17/Aug/2013:00:17:14 +0000]|21301
[17/Aug/2013:00:17:18 +0000]|4069
[17/Aug/2013:00:17:18 +0000]|4072
[17/Aug/2013:00:17:18 +0000]|25380
[17/Aug/2013:00:17:14 +0000]|21301
[17/Aug/2013:00:17:14 +0000]|17532
[17/Aug/2013:00:17:25 +0000]|6811
[17/Aug/2013:00:17:21 +0000]|7076
[17/Aug/2013:00:17:21 +0000]|2993
[17/Aug/2013:00:17:21 +0000]|3000
[17/Aug/2013:00:17:21 +0000]|18334
[17/Aug/2013:00:17:29 +0000]|10456
[17/Aug/2013:00:17:29 +0000]|7477
[17/Aug/2013:00:17:29 +0000]|7465
[17/Aug/2013:00:17:32 +0000]|3463
[17/Aug/2013:00:17:32 +0000]|7120
[17/Aug/2013:00:17:32 +0000]|3460
[17/Aug/2013:00:17:32 +0000]|3464
[17/Aug/2013:00:17:32 +0000]|7132
[17/Aug/2013:00:17:32 +0000]|18004
[17/Aug/2013:00:17:32 +0000]|7142
[17/Aug/2013:00:17:32 +0000]|7140
[17/Aug/2013:00:17:37 +0000]|7722
[17/Aug/2013:00:17:37 +0000]|7723
[17/Aug/2013:00:17:37 +0000]|4256
[17/Aug/2013:00:17:50 +0000]|20822
[17/Aug/2013:00:17:54 +0000]|21744
[17/Aug/2013:00:17:54 +0000]|21765
[17/Aug/2013:00:17:54 +0000]|21755
[17/Aug/2013:00:17:54 +0000]|25227
[17/Aug/2013:00:17:54 +0000]|25236
[17/Aug/2013:00:17:54 +0000]|21784
[17/Aug/2013:00:17:54 +0000]|25241
[17/Aug/2013:00:17:54 +0000]|25244
[17/Aug/2013:00:17:54 +0000]|25244
[17/Aug/2013:00:17:54 +0000]|25243
[17/Aug/2013:00:17:54 +0000]|25246
[17/Aug/2013:00:17:54 +0000]|25244
[17/Aug/2013:00:17:54 +0000]|25247
[17/Aug/2013:00:17:54 +0000]|25245
[17/Aug/2013:00:17:54 +0000]|25248
[17/Aug/2013:00:17:54 +0000]|25249
[17/Aug/2013:00:17:54 +0000]|25249
[17/Aug/2013:00:17:59 +0000]|9472
[17/Aug/2013:00:17:59 +0000]|9472
[17/Aug/2013:00:17:59 +0000]|9484
[17/Aug/2013:00:17:59 +0000]|9476
[17/Aug/2013:00:17:59 +0000]|9477
[17/Aug/2013:00:17:59 +0000]|30301
[17/Aug/2013:00:18:04 +0000]|13971
[17/Aug/2013:00:18:04 +0000]|9553
[17/Aug/2013:00:18:04 +0000]|9552
[17/Aug/2013:00:18:04 +0000]|4497
[17/Aug/2013:00:18:07 +0000]|3256
[17/Aug/2013:00:18:07 +0000]|7760
[17/Aug/2013:00:18:07 +0000]|3260
[17/Aug/2013:00:18:12 +0000]|13335
[17/Aug/2013:00:18:12 +0000]|13336
[17/Aug/2013:00:18:12 +0000]|5565
[17/Aug/2013:00:18:12 +0000]|8833
[17/Aug/2013:00:18:12 +0000]|5573
[17/Aug/2013:00:18:18 +0000]|10615
[17/Aug/2013:00:18:18 +0000]|5048
[17/Aug/2013:00:18:18 +0000]|5040
[17/Aug/2013:00:18:18 +0000]|10620
[17/Aug/2013:00:18:21 +0000]|8354
[17/Aug/2013:00:18:21 +0000]|3324
[17/Aug/2013:00:18:21 +0000]|8364
[17/Aug/2013:00:18:24 +0000]|2934
[17/Aug/2013:00:18:24 +0000]|6268
[17/Aug/2013:00:18:24 +0000]|2940
[17/Aug/2013:00:18:32 +0000]|11052
[17/Aug/2013:00:18:32 +0000]|8100
[17/Aug/2013:00:18:32 +0000]|8088
[17/Aug/2013:00:18:32 +0000]|8105
[17/Aug/2013:00:18:32 +0000]|11065
[17/Aug/2013:00:18:32 +0000]|14389
[17/Aug/2013:00:18:34 +0000]|10060
[17/Aug/2013:00:18:34 +0000]|1994
[17/Aug/2013:00:18:41 +0000]|8725
[17/Aug/2013:00:18:41 +0000]|16796
[17/Aug/2013:00:18:41 +0000]|8715
[17/Aug/2013:00:18:41 +0000]|16797
[17/Aug/2013:00:18:41 +0000]|6725
[17/Aug/2013:00:18:44 +0000]|3631
[17/Aug/2013:00:18:44 +0000]|10364
[17/Aug/2013:00:18:48 +0000]|3325
[17/Aug/2013:00:18:48 +0000]|3332
[17/Aug/2013:00:18:48 +0000]|6976
[17/Aug/2013:00:18:48 +0000]|3337
[17/Aug/2013:00:18:48 +0000]|13708
[17/Aug/2013:00:18:48 +0000]|6984
[17/Aug/2013:00:18:51 +0000]|6286
[17/Aug/2013:00:18:32 +0000]|8096
[17/Aug/2013:00:18:55 +0000]|7471
[17/Aug/2013:00:18:55 +0000]|23207
[17/Aug/2013:00:18:55 +0000]|7494
[17/Aug/2013:00:18:55 +0000]|23207
[17/Aug/2013:00:18:55 +0000]|7483
[17/Aug/2013:00:19:01 +0000]|29085
[17/Aug/2013:00:19:01 +0000]|13377
[17/Aug/2013:00:19:01 +0000]|5888
[17/Aug/2013:00:19:01 +0000]|5897
[17/Aug/2013:00:19:01 +0000]|5901
[17/Aug/2013:00:19:01 +0000]|29096
[17/Aug/2013:00:18:55 +0000]|7503
[17/Aug/2013:00:18:55 +0000]|14479
[17/Aug/2013:00:19:06 +0000]|18220
[17/Aug/2013:00:19:06 +0000]|4852
[17/Aug/2013:00:19:06 +0000]|18244
[17/Aug/2013:00:19:06 +0000]|33966
[17/Aug/2013:00:19:06 +0000]|18245
[17/Aug/2013:00:19:09 +0000]|18584
[17/Aug/2013:00:19:09 +0000]|18590
[17/Aug/2013:00:19:09 +0000]|18590
[17/Aug/2013:00:19:09 +0000]|18591
[17/Aug/2013:00:19:16 +0000]|20935
[17/Aug/2013:00:19:33 +0000]|38135
[17/Aug/2013:00:19:33 +0000]|2475
[17/Aug/2013:00:19:51 +0000]|26005
[17/Aug/2013:00:19:51 +0000]|34562
[17/Aug/2013:00:19:51 +0000]|34534
[17/Aug/2013:00:19:51 +0000]|29251
[17/Aug/2013:00:19:54 +0000]|37637
[17/Aug/2013:00:19:54 +0000]|29073
[17/Aug/2013:00:19:54 +0000]|37638
[17/Aug/2013:00:19:54 +0000]|37634
[17/Aug/2013:00:19:54 +0000]|37644
[17/Aug/2013:00:19:54 +0000]|37649
[17/Aug/2013:00:20:02 +0000]|45775
[17/Aug/2013:00:20:02 +0000]|66700
[17/Aug/2013:00:20:02 +0000]|66700
[17/Aug/2013:00:20:02 +0000]|49215
[17/Aug/2013:00:20:02 +0000]|66698
[17/Aug/2013:00:20:02 +0000]|49210
[17/Aug/2013:00:20:02 +0000]|66698
[17/Aug/2013:00:20:02 +0000]|66699
[17/Aug/2013:00:20:02 +0000]|71199
[17/Aug/2013:00:20:02 +0000]|89884
[17/Aug/2013:00:20:02 +0000]|71199
[17/Aug/2013:00:20:02 +0000]|49204
[17/Aug/2013:00:20:02 +0000]|66678
[17/Aug/2013:00:20:05 +0000]|11392
[17/Aug/2013:00:20:05 +0000]|7613
[17/Aug/2013:00:20:05 +0000]|7605
[17/Aug/2013:00:20:17 +0000]|61232
[17/Aug/2013:00:20:17 +0000]|26668
[17/Aug/2013:00:20:17 +0000]|61237
[17/Aug/2013:00:20:17 +0000]|61241
[17/Aug/2013:00:20:13 +0000]|56760
[17/Aug/2013:00:20:13 +0000]|56759
[17/Aug/2013:00:20:13 +0000]|56759
[17/Aug/2013:00:20:13 +0000]|56759
[17/Aug/2013:00:20:13 +0000]|22189
[17/Aug/2013:00:20:13 +0000]|56753
[17/Aug/2013:00:20:13 +0000]|22187
[17/Aug/2013:00:20:33 +0000]|80252
[17/Aug/2013:00:20:17 +0000]|61242
[17/Aug/2013:00:20:33 +0000]|76847
[17/Aug/2013:00:20:35 +0000]|82035
[17/Aug/2013:00:20:35 +0000]|82041
[17/Aug/2013:00:20:35 +0000]|78623
[17/Aug/2013:00:20:35 +0000]|82040
[17/Aug/2013:00:20:35 +0000]|82042
[17/Aug/2013:00:20:35 +0000]|82043
[17/Aug/2013:00:20:35 +0000]|82043
[17/Aug/2013:00:20:35 +0000]|82043
[17/Aug/2013:00:20:35 +0000]|82044
[17/Aug/2013:00:20:35 +0000]|82044
[17/Aug/2013:00:20:35 +0000]|82046
[17/Aug/2013:00:20:35 +0000]|78621
[17/Aug/2013:00:20:35 +0000]|73307
[17/Aug/2013:00:20:35 +0000]|82046
[17/Aug/2013:00:20:35 +0000]|73309
[17/Aug/2013:00:20:35 +0000]|82048
[17/Aug/2013:00:20:35 +0000]|1784
[17/Aug/2013:00:20:35 +0000]|1789
[17/Aug/2013:00:20:35 +0000]|17381
[17/Aug/2013:00:20:35 +0000]|7657
[17/Aug/2013:00:20:35 +0000]|21897
[17/Aug/2013:00:20:35 +0000]|17382
[17/Aug/2013:00:20:35 +0000]|21897
[17/Aug/2013:00:20:35 +0000]|21891
[17/Aug/2013:00:20:35 +0000]|24796
[17/Aug/2013:00:20:35 +0000]|24802
[17/Aug/2013:00:20:35 +0000]|24803
[17/Aug/2013:00:20:35 +0000]|24803
[17/Aug/2013:00:20:35 +0000]|24801
[17/Aug/2013:00:20:35 +0000]|24806
[17/Aug/2013:00:20:35 +0000]|24814
[17/Aug/2013:00:20:35 +0000]|17415
[17/Aug/2013:00:20:35 +0000]|21875
[17/Aug/2013:00:20:35 +0000]|17407
[17/Aug/2013:00:20:35 +0000]|17403
[17/Aug/2013:00:20:35 +0000]|17399
[17/Aug/2013:00:20:35 +0000]|21889
[17/Aug/2013:00:20:35 +0000]|40984
[17/Aug/2013:00:20:35 +0000]|21886
[17/Aug/2013:00:20:35 +0000]|21882
[17/Aug/2013:00:20:35 +0000]|78636
[17/Aug/2013:00:20:35 +0000]|78637
[17/Aug/2013:00:20:35 +0000]|32831
[17/Aug/2013:00:20:35 +0000]|29568
[17/Aug/2013:00:20:35 +0000]|32832
[17/Aug/2013:00:20:35 +0000]|32844
[17/Aug/2013:00:20:35 +0000]|29577
[17/Aug/2013:00:20:35 +0000]|29581
[17/Aug/2013:00:20:35 +0000]|29574
[17/Aug/2013:00:20:35 +0000]|32854
[17/Aug/2013:00:20:35 +0000]|32859
[17/Aug/2013:00:20:35 +0000]|32851
[17/Aug/2013:00:20:35 +0000]|37187
[17/Aug/2013:00:20:35 +0000]|32876
[17/Aug/2013:00:20:35 +0000]|294627
[17/Aug/2013:00:20:40 +0000]|5286
[17/Aug/2013:00:20:40 +0000]|12943
[17/Aug/2013:00:20:40 +0000]|7129
[17/Aug/2013:00:20:41 +0000]|5948
[17/Aug/2013:00:20:41 +0000]|7713
[17/Aug/2013:00:20:41 +0000]|5953
[17/Aug/2013:00:20:41 +0000]|7726
[17/Aug/2013:00:49:33 +0000]|2566
[17/Aug/2013:00:49:33 +0000]|2969
[17/Aug/2013:00:49:33 +0000]|2773
[17/Aug/2013:00:49:38 +0000]|4960
[17/Aug/2013:00:49:38 +0000]|4961
[17/Aug/2013:00:49:38 +0000]|7328
[17/Aug/2013:00:49:44 +0000]|10385
[17/Aug/2013:00:49:44 +0000]|5423
[17/Aug/2013:00:49:44 +0000]|5413
[17/Aug/2013:00:49:44 +0000]|10387
[17/Aug/2013:00:49:44 +0000]|10393
[17/Aug/2013:00:49:44 +0000]|10397
[17/Aug/2013:00:49:48 +0000]|9732
[17/Aug/2013:00:49:48 +0000]|9740
[17/Aug/2013:00:49:48 +0000]|4346
[17/Aug/2013:00:49:48 +0000]|9746
[17/Aug/2013:00:49:54 +0000]|5953
[17/Aug/2013:00:49:54 +0000]|5950
[17/Aug/2013:00:49:59 +0000]|10318
[17/Aug/2013:00:49:59 +0000]|4389
[17/Aug/2013:00:49:59 +0000]|10323
[17/Aug/2013:00:49:59 +0000]|20075
[17/Aug/2013:00:49:59 +0000]|14683
[17/Aug/2013:00:49:59 +0000]|10349
[17/Aug/2013:00:49:59 +0000]|10363
[17/Aug/2013:00:50:05 +0000]|11232
[17/Aug/2013:00:50:05 +0000]|6827
[17/Aug/2013:00:50:05 +0000]|26923
[17/Aug/2013:00:50:05 +0000]|6826
[17/Aug/2013:00:50:05 +0000]|6849
[17/Aug/2013:00:50:05 +0000]|21504
[17/Aug/2013:00:50:09 +0000]|10088
[17/Aug/2013:00:50:09 +0000]|3260
[17/Aug/2013:00:50:11 +0000]|2703
[17/Aug/2013:00:50:11 +0000]|5945
[17/Aug/2013:00:50:11 +0000]|12798
[17/Aug/2013:00:50:11 +0000]|2702
[17/Aug/2013:00:50:11 +0000]|2707
[17/Aug/2013:00:50:18 +0000]|9082
[17/Aug/2013:00:50:18 +0000]|6383
[17/Aug/2013:00:50:18 +0000]|9070
[17/Aug/2013:00:50:18 +0000]|6384
[17/Aug/2013:00:50:18 +0000]|9072
[17/Aug/2013:00:50:26 +0000]|4155
[17/Aug/2013:00:50:26 +0000]|4163
[17/Aug/2013:00:50:26 +0000]|4166
[17/Aug/2013:00:50:26 +0000]|8504
[17/Aug/2013:00:50:26 +0000]|4161
[17/Aug/2013:00:50:30 +0000]|18202
[17/Aug/2013:00:50:30 +0000]|18203
[17/Aug/2013:00:50:30 +0000]|18210
[17/Aug/2013:00:50:30 +0000]|18229
[17/Aug/2013:00:50:30 +0000]|11835
[17/Aug/2013:00:50:30 +0000]|11833
[17/Aug/2013:00:50:30 +0000]|11828
[17/Aug/2013:00:50:36 +0000]|24196
[17/Aug/2013:00:50:36 +0000]|24197
[17/Aug/2013:00:50:36 +0000]|24197
[17/Aug/2013:00:50:36 +0000]|5967
[17/Aug/2013:00:50:36 +0000]|5963
[17/Aug/2013:00:50:36 +0000]|30128
[17/Aug/2013:00:50:41 +0000]|11248
[17/Aug/2013:00:50:41 +0000]|18736
[17/Aug/2013:00:50:45 +0000]|9276
[17/Aug/2013:00:50:45 +0000]|4012
[17/Aug/2013:00:50:45 +0000]|4016
[17/Aug/2013:00:50:45 +0000]|4026
[17/Aug/2013:00:50:45 +0000]|9320
[17/Aug/2013:00:50:45 +0000]|27108
[17/Aug/2013:00:50:50 +0000]|9444
[17/Aug/2013:00:50:50 +0000]|14704
[17/Aug/2013:00:50:50 +0000]|5420
[17/Aug/2013:00:50:50 +0000]|5416
[17/Aug/2013:00:50:50 +0000]|20713
[17/Aug/2013:00:50:54 +0000]|3800
[17/Aug/2013:00:50:54 +0000]|9244
[17/Aug/2013:00:50:56 +0000]|1865
[17/Aug/2013:00:50:56 +0000]|1852
[17/Aug/2013:00:51:02 +0000]|7605
[17/Aug/2013:00:51:02 +0000]|5739
[17/Aug/2013:00:51:02 +0000]|11402
[17/Aug/2013:00:51:02 +0000]|7619
[17/Aug/2013:00:51:02 +0000]|5735
[17/Aug/2013:00:51:02 +0000]|5748
[17/Aug/2013:00:51:24 +0000]|48134
[17/Aug/2013:00:51:24 +0000]|42863
[17/Aug/2013:00:51:24 +0000]|29595
[17/Aug/2013:00:51:24 +0000]|21979
[17/Aug/2013:00:51:24 +0000]|18168
[17/Aug/2013:00:51:24 +0000]|18176
[17/Aug/2013:00:51:24 +0000]|21976
[17/Aug/2013:00:51:24 +0000]|33410
[17/Aug/2013:00:51:24 +0000]|33406
[17/Aug/2013:00:51:24 +0000]|42869
[17/Aug/2013:00:51:24 +0000]|33426
[17/Aug/2013:00:51:24 +0000]|33406
[17/Aug/2013:00:51:24 +0000]|21986
[17/Aug/2013:00:51:24 +0000]|27731
[17/Aug/2013:00:51:24 +0000]|27749
[17/Aug/2013:00:51:24 +0000]|3571
[17/Aug/2013:00:51:24 +0000]|3577
[17/Aug/2013:00:51:24 +0000]|8784
[17/Aug/2013:00:51:24 +0000]|3564
[17/Aug/2013:00:51:24 +0000]|38845
[17/Aug/2013:00:51:24 +0000]|33403
[17/Aug/2013:00:51:24 +0000]|8781
[17/Aug/2013:00:51:24 +0000]|8778
[17/Aug/2013:00:51:29 +0000]|5446
[17/Aug/2013:00:51:29 +0000]|9008
[17/Aug/2013:00:51:29 +0000]|14227
[17/Aug/2013:00:51:33 +0000]|3405
[17/Aug/2013:00:51:33 +0000]|3391
[17/Aug/2013:00:51:33 +0000]|3400
[17/Aug/2013:00:51:33 +0000]|3396
[17/Aug/2013:00:51:36 +0000]|12292
[17/Aug/2013:00:51:36 +0000]|3456
[17/Aug/2013:00:51:36 +0000]|3452
[17/Aug/2013:00:51:36 +0000]|6862
[17/Aug/2013:00:51:36 +0000]|12311
[17/Aug/2013:00:51:36 +0000]|12345
[17/Aug/2013:00:51:36 +0000]|15904
[17/Aug/2013:00:51:42 +0000]|9666
[17/Aug/2013:00:51:42 +0000]|6202
[17/Aug/2013:00:51:42 +0000]|6210
[17/Aug/2013:00:51:42 +0000]|9691
[17/Aug/2013:00:51:42 +0000]|6214
[17/Aug/2013:00:51:42 +0000]|13087
[17/Aug/2013:00:51:46 +0000]|3314
[17/Aug/2013:00:51:46 +0000]|21832
[17/Aug/2013:00:51:46 +0000]|21834
[17/Aug/2013:00:51:46 +0000]|9513
[17/Aug/2013:00:51:50 +0000]|14334
[17/Aug/2013:00:51:50 +0000]|26662
[17/Aug/2013:00:51:50 +0000]|26663
[17/Aug/2013:00:51:50 +0000]|26664
[17/Aug/2013:00:51:50 +0000]|26664
[17/Aug/2013:00:51:56 +0000]|20388
[17/Aug/2013:00:51:56 +0000]|20389
[17/Aug/2013:00:51:56 +0000]|10859
[17/Aug/2013:00:51:56 +0000]|20391
[17/Aug/2013:00:51:56 +0000]|20390
[17/Aug/2013:00:52:00 +0000]|10018
[17/Aug/2013:00:52:00 +0000]|3983
[17/Aug/2013:00:52:00 +0000]|3974
[17/Aug/2013:00:52:00 +0000]|24379
[17/Aug/2013:00:52:00 +0000]|24378
[17/Aug/2013:00:52:08 +0000]|31578
[17/Aug/2013:00:52:08 +0000]|35072
[17/Aug/2013:00:52:08 +0000]|35072
[17/Aug/2013:00:52:08 +0000]|35072
[17/Aug/2013:00:52:08 +0000]|35071
[17/Aug/2013:00:52:08 +0000]|11177
[17/Aug/2013:00:52:11 +0000]|14922
[17/Aug/2013:00:52:11 +0000]|38805
[17/Aug/2013:00:52:11 +0000]|3731
[17/Aug/2013:00:52:11 +0000]|25792
[17/Aug/2013:00:52:20 +0000]|3398
[17/Aug/2013:00:52:20 +0000]|8140
[17/Aug/2013:00:52:20 +0000]|3400
[17/Aug/2013:00:52:20 +0000]|3397
[17/Aug/2013:00:52:20 +0000]|8146
[17/Aug/2013:00:52:20 +0000]|8152
[17/Aug/2013:00:52:20 +0000]|11901
[17/Aug/2013:00:52:20 +0000]|8149
[17/Aug/2013:00:52:20 +0000]|11890
[17/Aug/2013:00:52:25 +0000]|5201
[17/Aug/2013:00:52:25 +0000]|5206
[17/Aug/2013:00:52:25 +0000]|5208
[17/Aug/2013:00:52:29 +0000]|4501
[17/Aug/2013:00:52:29 +0000]|9690
[17/Aug/2013:00:52:29 +0000]|4506
[17/Aug/2013:00:52:29 +0000]|4510
[17/Aug/2013:00:52:29 +0000]|9687
[17/Aug/2013:00:52:34 +0000]|18075
[17/Aug/2013:00:52:34 +0000]|4960
[17/Aug/2013:00:52:34 +0000]|4964
[17/Aug/2013:00:52:34 +0000]|4957
[17/Aug/2013:00:52:34 +0000]|18081
[17/Aug/2013:00:52:40 +0000]|5419
[17/Aug/2013:00:52:40 +0000]|5424
[17/Aug/2013:00:52:40 +0000]|5416
[17/Aug/2013:00:52:40 +0000]|23516
[17/Aug/2013:00:52:40 +0000]|5429
[17/Aug/2013:00:52:40 +0000]|10392
[17/Aug/2013:00:52:45 +0000]|4950
[17/Aug/2013:00:52:45 +0000]|33222
[17/Aug/2013:00:52:45 +0000]|4952
[17/Aug/2013:00:52:45 +0000]|4943
[17/Aug/2013:00:52:45 +0000]|36992
[17/Aug/2013:00:52:45 +0000]|28516
[17/Aug/2013:00:52:46 +0000]|6409
[17/Aug/2013:00:52:46 +0000]|11850
[17/Aug/2013:00:52:58 +0000]|13492
[17/Aug/2013:00:52:58 +0000]|13496
[17/Aug/2013:00:52:58 +0000]|13490
[17/Aug/2013:00:52:58 +0000]|33389
[17/Aug/2013:00:52:58 +0000]|12009
[17/Aug/2013:00:52:58 +0000]|13499
[17/Aug/2013:00:52:58 +0000]|13507
[17/Aug/2013:00:52:58 +0000]|33414
[17/Aug/2013:00:52:58 +0000]|33413
[17/Aug/2013:00:52:58 +0000]|13509
[17/Aug/2013:00:53:02 +0000]|15783
[17/Aug/2013:00:53:02 +0000]|3780
[17/Aug/2013:00:53:02 +0000]|3780
[17/Aug/2013:00:53:02 +0000]|3784
[17/Aug/2013:00:53:02 +0000]|15796
[17/Aug/2013:00:54:42 +0000]|1589
[17/Aug/2013:00:54:48 +0000]|4212
[17/Aug/2013:00:54:48 +0000]|7216
[17/Aug/2013:00:54:49 +0000]|6227
[17/Aug/2013:00:54:49 +0000]|6017
[17/Aug/2013:00:54:49 +0000]|5417
[17/Aug/2013:00:54:49 +0000]|4815
[17/Aug/2013:00:54:53 +0000]|8014
[17/Aug/2013:00:54:53 +0000]|4392
[17/Aug/2013:00:54:53 +0000]|4382
[17/Aug/2013:00:54:53 +0000]|4385
[17/Aug/2013:00:55:01 +0000]|8048
[17/Aug/2013:00:55:01 +0000]|8057
[17/Aug/2013:00:55:01 +0000]|8053
[17/Aug/2013:00:55:01 +0000]|8062
[17/Aug/2013:00:55:01 +0000]|12466
[17/Aug/2013:00:55:01 +0000]|8065
[17/Aug/2013:00:55:01 +0000]|12463
[17/Aug/2013:00:55:04 +0000]|3024
[17/Aug/2013:00:55:04 +0000]|3036
[17/Aug/2013:00:55:04 +0000]|3032
[17/Aug/2013:00:55:14 +0000]|12982
[17/Aug/2013:00:55:14 +0000]|12982
[17/Aug/2013:00:55:14 +0000]|12994
[17/Aug/2013:00:55:14 +0000]|12999
[17/Aug/2013:00:55:14 +0000]|9924
[17/Aug/2013:00:55:14 +0000]|25441
[17/Aug/2013:00:55:14 +0000]|21034
[17/Aug/2013:00:55:14 +0000]|9928
[17/Aug/2013:00:55:14 +0000]|9971
[17/Aug/2013:00:55:14 +0000]|21065
[17/Aug/2013:00:55:16 +0000]|11942
[17/Aug/2013:00:55:16 +0000]|11941
[17/Aug/2013:00:55:16 +0000]|2039
MV2===========================================
[17/Aug/2013:00:50:20 +0000]|1410
[17/Aug/2013:00:50:23 +0000]|3720
[17/Aug/2013:00:50:23 +0000]|3332
[17/Aug/2013:00:50:23 +0000]|2733
[17/Aug/2013:00:50:29 +0000]|5322
[17/Aug/2013:00:50:29 +0000]|5332
[17/Aug/2013:00:50:29 +0000]|5332
[17/Aug/2013:00:50:37 +0000]|8365
[17/Aug/2013:00:50:37 +0000]|8361
[17/Aug/2013:00:50:37 +0000]|8368
[17/Aug/2013:00:50:37 +0000]|18280
[17/Aug/2013:00:50:48 +0000]|24471
[17/Aug/2013:00:50:48 +0000]|19114
[17/Aug/2013:00:50:48 +0000]|24471
[17/Aug/2013:00:50:48 +0000]|10778
[17/Aug/2013:00:50:48 +0000]|26620
[17/Aug/2013:00:50:54 +0000]|25515
[17/Aug/2013:00:50:54 +0000]|17133
[17/Aug/2013:00:50:54 +0000]|6400
[17/Aug/2013:00:51:03 +0000]|8774
[17/Aug/2013:00:51:03 +0000]|25910
[17/Aug/2013:00:51:03 +0000]|25910
[17/Aug/2013:00:51:07 +0000]|3895
[17/Aug/2013:00:51:07 +0000]|3891
[17/Aug/2013:00:51:07 +0000]|3903
[17/Aug/2013:00:51:07 +0000]|38199
[17/Aug/2013:00:51:09 +0000]|5917
[17/Aug/2013:00:51:12 +0000]|3469
[17/Aug/2013:00:51:12 +0000]|3476
[17/Aug/2013:00:51:12 +0000]|3473
[17/Aug/2013:00:51:12 +0000]|5493
[17/Aug/2013:00:51:16 +0000]|3347
[17/Aug/2013:00:51:16 +0000]|3356
[17/Aug/2013:00:51:16 +0000]|3352
[17/Aug/2013:00:51:16 +0000]|8849
[17/Aug/2013:00:51:09 +0000]|2037
[17/Aug/2013:00:51:16 +0000]|38687
[17/Aug/2013:00:51:20 +0000]|7192
[17/Aug/2013:00:51:20 +0000]|3843
[17/Aug/2013:00:51:20 +0000]|3853
[17/Aug/2013:00:51:20 +0000]|10678
[17/Aug/2013:00:51:23 +0000]|3646
[17/Aug/2013:00:51:23 +0000]|7475
[17/Aug/2013:00:51:23 +0000]|3652
[17/Aug/2013:00:51:23 +0000]|3656
[17/Aug/2013:00:51:27 +0000]|3547
[17/Aug/2013:00:51:29 +0000]|2093
[17/Aug/2013:00:51:33 +0000]|4239
[17/Aug/2013:00:51:33 +0000]|9851
[17/Aug/2013:00:51:33 +0000]|17358
[17/Aug/2013:00:51:33 +0000]|4248
[17/Aug/2013:00:51:33 +0000]|13523
[17/Aug/2013:00:51:35 +0000]|15605
[17/Aug/2013:00:51:35 +0000]|2079
[17/Aug/2013:00:51:35 +0000]|11956
[17/Aug/2013:00:51:40 +0000]|4365
[17/Aug/2013:00:51:40 +0000]|4369
[17/Aug/2013:00:51:40 +0000]|4373
[17/Aug/2013:00:51:40 +0000]|19980
[17/Aug/2013:00:51:40 +0000]|6442
[17/Aug/2013:00:51:40 +0000]|23822
[17/Aug/2013:00:51:29 +0000]|2098
[17/Aug/2013:00:51:42 +0000]|7002
[17/Aug/2013:00:51:42 +0000]|2652
[17/Aug/2013:00:51:42 +0000]|2653
[17/Aug/2013:00:51:40 +0000]|19987
[17/Aug/2013:00:51:46 +0000]|26707
[17/Aug/2013:00:51:46 +0000]|4069
[17/Aug/2013:00:51:46 +0000]|6719
[17/Aug/2013:00:51:46 +0000]|6727
[17/Aug/2013:00:51:49 +0000]|9816
[17/Aug/2013:00:51:49 +0000]|7165
[17/Aug/2013:00:51:49 +0000]|9817
[17/Aug/2013:00:51:52 +0000]|12866
[17/Aug/2013:00:51:52 +0000]|12871
[17/Aug/2013:00:51:52 +0000]|12873
[17/Aug/2013:00:51:52 +0000]|12874
[17/Aug/2013:00:54:42 +0000]|1988
[17/Aug/2013:00:54:48 +0000]|6849
[17/Aug/2013:00:54:48 +0000]|5460
[17/Aug/2013:00:54:48 +0000]|5463
[17/Aug/2013:00:54:48 +0000]|5052
[17/Aug/2013:00:54:51 +0000]|3524
[17/Aug/2013:00:54:51 +0000]|7979
[17/Aug/2013:00:54:51 +0000]|3540
[17/Aug/2013:00:54:51 +0000]|3543
[17/Aug/2013:00:54:56 +0000]|4329
[17/Aug/2013:00:54:56 +0000]|7860
[17/Aug/2013:00:55:01 +0000]|13127
[17/Aug/2013:00:55:01 +0000]|9603
[17/Aug/2013:00:55:01 +0000]|5276
[17/Aug/2013:00:55:07 +0000]|11056
[17/Aug/2013:00:55:07 +0000]|15369
[17/Aug/2013:00:55:07 +0000]|5773
[17/Aug/2013:00:55:07 +0000]|5789
[17/Aug/2013:00:55:07 +0000]|5778
[17/Aug/2013:00:55:10 +0000]|8751
[17/Aug/2013:00:55:10 +0000]|2979
[17/Aug/2013:00:55:10 +0000]|2985
[17/Aug/2013:00:55:10 +0000]|14036
[17/Aug/2013:00:55:12 +0000]|2663
[17/Aug/2013:00:55:12 +0000]|5636
[17/Aug/2013:00:55:12 +0000]|2660
[17/Aug/2013:00:55:16 +0000]|5924
[17/Aug/2013:00:55:16 +0000]|8893
[17/Aug/2013:00:55:16 +0000]|8894
[17/Aug/2013:00:55:18 +0000]|5870
[17/Aug/2013:00:55:18 +0000]|11544
[17/Aug/2013:00:55:18 +0000]|8566
[17/Aug/2013:00:55:18 +0000]|8587
MV3===========================================
[17/Aug/2013:00:50:26 +0000]|2200
[17/Aug/2013:00:50:26 +0000]|1600
[17/Aug/2013:00:50:28 +0000]|2262
[17/Aug/2013:00:50:28 +0000]|3463
[17/Aug/2013:00:50:28 +0000]|2462
[17/Aug/2013:00:50:30 +0000]|2055
[17/Aug/2013:00:50:30 +0000]|2064
[17/Aug/2013:00:50:33 +0000]|5002
[17/Aug/2013:00:50:33 +0000]|2932
[17/Aug/2013:00:50:33 +0000]|2940
[17/Aug/2013:00:50:37 +0000]|3363
[17/Aug/2013:00:50:37 +0000]|3360
[17/Aug/2013:00:50:37 +0000]|6302
[17/Aug/2013:00:50:39 +0000]|12842
[17/Aug/2013:00:50:39 +0000]|2667
[17/Aug/2013:00:50:39 +0000]|11042
[17/Aug/2013:00:50:42 +0000]|8669
[17/Aug/2013:00:50:42 +0000]|8674
[17/Aug/2013:00:50:42 +0000]|8696
[17/Aug/2013:00:50:44 +0000]|13815
[17/Aug/2013:00:50:44 +0000]|10876
[17/Aug/2013:00:50:44 +0000]|4861
[17/Aug/2013:00:50:48 +0000]|10979
[17/Aug/2013:00:50:48 +0000]|5664
[17/Aug/2013:00:50:48 +0000]|10987
[17/Aug/2013:00:50:50 +0000]|2646
[17/Aug/2013:00:50:50 +0000]|2649
[17/Aug/2013:00:50:50 +0000]|13634
[17/Aug/2013:00:50:54 +0000]|3316
[17/Aug/2013:00:50:54 +0000]|9425
[17/Aug/2013:00:50:54 +0000]|5961
[17/Aug/2013:00:50:54 +0000]|3313
[17/Aug/2013:00:50:54 +0000]|5966
[17/Aug/2013:00:50:57 +0000]|12301
[17/Aug/2013:00:50:57 +0000]|6200
[17/Aug/2013:00:51:00 +0000]|2899
[17/Aug/2013:00:51:00 +0000]|2903
[17/Aug/2013:00:51:00 +0000]|5797
[17/Aug/2013:00:51:01 +0000]|4131
[17/Aug/2013:00:51:01 +0000]|4153
[17/Aug/2013:00:51:06 +0000]|4897
[17/Aug/2013:00:51:06 +0000]|4901
[17/Aug/2013:00:51:06 +0000]|11930
[17/Aug/2013:00:51:06 +0000]|9046
[17/Aug/2013:00:51:08 +0000]|2778
[17/Aug/2013:00:51:08 +0000]|2782
[17/Aug/2013:00:51:08 +0000]|8927
[17/Aug/2013:00:51:13 +0000]|6979
[17/Aug/2013:00:51:13 +0000]|18928
[17/Aug/2013:00:51:13 +0000]|4212
[17/Aug/2013:00:51:15 +0000]|2034
[17/Aug/2013:00:51:15 +0000]|2036
[17/Aug/2013:00:51:18 +0000]|3416
[17/Aug/2013:00:51:18 +0000]|3413
[17/Aug/2013:00:51:18 +0000]|9652
[17/Aug/2013:00:51:18 +0000]|5467
[17/Aug/2013:00:51:21 +0000]|6035
[17/Aug/2013:00:51:21 +0000]|2620
[17/Aug/2013:00:51:21 +0000]|2616
[17/Aug/2013:00:51:23 +0000]|2564
[17/Aug/2013:00:51:23 +0000]|5188
[17/Aug/2013:00:51:23 +0000]|2564
[17/Aug/2013:00:51:23 +0000]|22559
[17/Aug/2013:00:51:27 +0000]|3414
[17/Aug/2013:00:51:27 +0000]|14075
[17/Aug/2013:00:51:27 +0000]|5992
[17/Aug/2013:00:51:27 +0000]|18278
[17/Aug/2013:00:51:29 +0000]|2354
[17/Aug/2013:00:51:29 +0000]|2352
[17/Aug/2013:00:51:31 +0000]|2001
[17/Aug/2013:00:51:31 +0000]|7768
[17/Aug/2013:00:51:35 +0000]|3427
[17/Aug/2013:00:51:35 +0000]|3456
[17/Aug/2013:00:51:35 +0000]|5486
[17/Aug/2013:00:51:35 +0000]|5488
[17/Aug/2013:00:51:35 +0000]|8046
[17/Aug/2013:00:54:49 +0000]|3324
[17/Aug/2013:00:54:49 +0000]|2729
[17/Aug/2013:00:54:49 +0000]|2139
[17/Aug/2013:00:54:52 +0000]|4046
[17/Aug/2013:00:54:52 +0000]|2520
[17/Aug/2013:00:54:54 +0000]|1782
[17/Aug/2013:00:54:54 +0000]|1780
[17/Aug/2013:00:54:54 +0000]|4304
[17/Aug/2013:00:54:57 +0000]|3519
[17/Aug/2013:00:54:57 +0000]|5312
[17/Aug/2013:00:54:57 +0000]|3524
[17/Aug/2013:00:55:00 +0000]|2697
[17/Aug/2013:00:55:00 +0000]|2696
[17/Aug/2013:00:55:04 +0000]|14403
[17/Aug/2013:00:55:04 +0000]|6839
[17/Aug/2013:00:55:04 +0000]|4129
[17/Aug/2013:00:55:04 +0000]|4138
[17/Aug/2013:00:55:04 +0000]|4133
[17/Aug/2013:00:55:07 +0000]|2578
[17/Aug/2013:00:55:07 +0000]|9414
[17/Aug/2013:00:55:07 +0000]|9420
[17/Aug/2013:00:55:07 +0000]|12959
[17/Aug/2013:00:55:09 +0000]|2063
[17/Aug/2013:00:55:09 +0000]|8758
[17/Aug/2013:00:55:11 +0000]|13920
[17/Aug/2013:00:55:11 +0000]|4492
[17/Aug/2013:00:55:11 +0000]|7064
[17/Aug/2013:00:55:13 +0000]|9087
[17/Aug/2013:00:55:13 +0000]|9083
[17/Aug/2013:00:55:16 +0000]|11713
[17/Aug/2013:00:55:16 +0000]|11732
[17/Aug/2013:00:55:16 +0000]|7094
[17/Aug/2013:00:55:16 +0000]|7360
