2013-10-25 18:33:34,710|0
2013-10-25 18:33:47,591|0
2013-10-25 18:33:50,510|0
2013-10-25 18:33:57,669|0
2013-10-25 18:34:00,453|0
2013-10-25 18:34:03,318|0
2013-10-25 18:34:06,177|0
2013-10-25 18:34:09,047|0
2013-10-25 18:34:11,853|0
2013-10-25 18:34:14,731|0
2013-10-25 18:34:17,605|0
2013-10-25 18:34:20,454|0
2013-10-25 18:34:23,332|0
2013-10-25 18:34:26,191|0
2013-10-25 18:34:29,076|0
2013-10-25 18:34:31,954|0
2013-10-25 18:34:34,805|0
2013-10-25 18:34:37,708|0
2013-10-25 18:34:40,591|0
2013-10-25 18:34:43,495|0
2013-10-25 18:34:46,362|0
2013-10-25 18:34:49,221|0
2013-10-25 18:34:52,197|0
2013-10-25 18:34:55,086|0
2013-10-25 18:34:57,975|0
2013-10-25 18:35:00,914|0
2013-10-25 18:35:03,868|0
2013-10-25 18:35:06,760|0
2013-10-25 18:35:09,709|0
2013-10-25 18:35:12,618|0
2013-10-25 18:35:15,499|0
2013-10-25 18:35:18,439|0
2013-10-25 18:35:21,342|0
2013-10-25 18:35:24,244|0
2013-10-25 18:35:27,152|0
2013-10-25 18:35:30,085|0
2013-10-25 18:35:33,000|0
2013-10-25 18:35:35,976|0
2013-10-25 18:35:38,887|0
2013-10-25 18:35:41,775|0
2013-10-25 18:35:44,665|0
2013-10-25 18:35:47,602|0
2013-10-25 18:35:50,497|0
2013-10-25 18:35:53,394|0
2013-10-25 18:35:56,277|0
2013-10-25 18:35:59,247|0
2013-10-25 18:36:02,149|0
2013-10-25 18:36:05,029|0
2013-10-25 18:36:07,907|0
2013-10-25 18:36:10,811|0
2013-10-25 18:36:13,831|0
2013-10-25 18:36:16,776|0
2013-10-25 18:36:19,752|0
2013-10-25 18:36:22,757|0
2013-10-25 18:36:25,674|0
2013-10-25 18:36:28,577|5,6
2013-10-25 18:36:31,562|5,6
2013-10-25 18:36:34,538|5,0
2013-10-25 18:36:37,506|5,0
2013-10-25 18:36:40,518|4
2013-10-25 18:36:43,496|4
2013-10-25 18:36:46,466|4
2013-10-25 18:36:49,452|4,2
2013-10-25 18:36:52,429|4,2
2013-10-25 18:36:55,423|3,8
2013-10-25 18:36:58,399|3,8
2013-10-25 18:37:01,419|4,8
2013-10-25 18:37:04,409|4,8
2013-10-25 18:37:07,405|4,4
2013-10-25 18:37:10,329|4,4
2013-10-25 18:37:13,303|4,2
2013-10-25 18:37:16,882|4,2
2013-10-25 18:37:20,276|3,2
2013-10-25 18:37:23,475|12,8
2013-10-25 18:37:27,060|12,8
2013-10-25 18:37:30,588|23,2
2013-10-25 18:37:34,122|23,2
2013-10-25 18:37:37,560|33,1
2013-10-25 18:37:41,026|42,7
2013-10-25 18:37:44,578|42,7
2013-10-25 18:37:48,084|61,7
2013-10-25 18:37:51,604|61,7
2013-10-25 18:37:54,898|80,6
2013-10-25 18:37:58,342|90,5
2013-10-25 18:38:01,715|99,4
2013-10-25 18:38:05,126|99,3
2013-10-25 18:38:08,491|99,5
2013-10-25 18:38:11,878|99,4
2013-10-25 18:38:15,262|99,4
2013-10-25 18:38:18,598|99,6
2013-10-25 18:38:21,958|99,6
2013-10-25 18:38:25,396|99,6
2013-10-25 18:38:28,812|99,5
2013-10-25 18:38:32,144|99,4
2013-10-25 18:38:35,113|99,5
2013-10-25 18:38:38,081|99,5
2013-10-25 18:38:40,981|99,6
2013-10-25 18:38:43,887|99,7
2013-10-25 18:38:46,847|99,7
2013-10-25 18:38:49,871|99,8
2013-10-25 18:38:52,852|99,8
2013-10-25 18:38:55,781|99,8
2013-10-25 18:38:58,745|99,8
2013-10-25 18:39:01,651|99,8
2013-10-25 18:39:04,652|99,8
2013-10-25 18:39:07,651|99,7
2013-10-25 18:39:10,619|99,9
2013-10-25 18:39:13,613|99,9
2013-10-25 18:39:16,403|99,7
2013-10-25 18:39:19,174|99,7
2013-10-25 18:39:22,137|99,7
2013-10-25 18:39:25,164|99,6
2013-10-25 18:39:28,058|99,6
2013-10-25 18:39:30,981|99,6
2013-10-25 18:39:33,916|99,5
2013-10-25 18:39:36,863|99,5
2013-10-25 18:39:39,785|99,5
2013-10-25 18:39:42,675|99,5
2013-10-25 18:39:45,570|99,6
2013-10-25 18:39:48,518|99,6
2013-10-25 18:39:51,434|99,7
2013-10-25 18:39:54,391|99,7
2013-10-25 18:39:57,308|99,7
2013-10-25 18:40:00,326|99,7
2013-10-25 18:40:03,260|99,8
2013-10-25 18:40:06,187|99,8
2013-10-25 18:40:09,048|99,7
2013-10-25 18:40:12,018|99,7
2013-10-25 18:40:14,910|99,8
2013-10-25 18:40:17,757|99,8
2013-10-25 18:40:20,580|99,8
2013-10-25 18:40:23,448|99,8
2013-10-25 18:40:26,345|99,9
2013-10-25 18:40:29,195|99,9
2013-10-25 18:40:32,085|99,9
2013-10-25 18:40:34,931|99,9
2013-10-25 18:40:37,806|99,8
2013-10-25 18:40:40,829|99,8
2013-10-25 18:40:43,708|99,8
2013-10-25 18:40:46,662|99,8
2013-10-25 18:40:49,565|99,8
2013-10-25 18:40:52,480|99,8
2013-10-25 18:40:55,354|100
2013-10-25 18:40:58,349|100
2013-10-25 18:41:01,361|100,0
2013-10-25 18:41:04,214|100,0
2013-10-25 18:41:07,099|99,9
2013-10-25 18:41:10,135|99,9
2013-10-25 18:41:12,813|99,9
2013-10-25 18:41:15,862|99,9
2013-10-25 18:41:18,831|99,9
2013-10-25 18:41:21,821|99,9
2013-10-25 18:41:24,898|99,8
2013-10-25 18:41:27,907|99,8
2013-10-25 18:41:30,873|99,8
2013-10-25 18:41:33,858|99,8
2013-10-25 18:41:36,852|99,7
2013-10-25 18:41:39,720|99,7
2013-10-25 18:41:42,709|99,8
2013-10-25 18:41:45,530|99,8
2013-10-25 18:41:48,501|99,8
2013-10-25 18:41:51,486|99,8
2013-10-25 18:41:54,521|99,8
2013-10-25 18:41:57,520|99,8
2013-10-25 18:42:00,609|99,7
2013-10-25 18:42:03,488|99,7
2013-10-25 18:42:06,490|99,6
2013-10-25 18:42:09,474|99,6
2013-10-25 18:42:12,488|99,4
2013-10-25 18:42:15,422|99,4
2013-10-25 18:42:18,408|99,4
2013-10-25 18:42:21,352|99,4
2013-10-25 18:42:24,357|99,2
2013-10-25 18:42:27,375|99,2
2013-10-25 18:42:30,285|99,2
2013-10-25 18:42:33,238|99,2
2013-10-25 18:42:36,284|99,1
2013-10-25 18:42:39,251|99,1
2013-10-25 18:42:42,287|99,3
2013-10-25 18:42:45,189|99,4
2013-10-25 18:42:48,128|99,3
2013-10-25 18:42:51,167|99,7
2013-10-25 18:42:54,191|99,7
2013-10-25 18:42:57,203|99,5
2013-10-25 18:43:00,197|99,5
2013-10-25 18:43:03,140|99,7
2013-10-25 18:43:06,121|99,7
2013-10-25 18:43:09,054|99,7
2013-10-25 18:43:12,026|99,7
2013-10-25 18:43:15,034|99,7
2013-10-25 18:43:18,075|99,7
2013-10-25 18:43:21,074|99,5
2013-10-25 18:43:24,166|99,5
2013-10-25 18:43:27,197|99,5
2013-10-25 18:43:30,221|99,5
2013-10-25 18:43:33,286|99,4
2013-10-25 18:43:36,460|99,4
2013-10-25 18:43:39,432|99,6
2013-10-25 18:43:42,474|99,6
2013-10-25 18:43:45,584|99,6
2013-10-25 18:43:48,702|99,6
2013-10-25 18:43:51,831|99,5
2013-10-25 18:43:55,036|99,4
2013-10-25 18:43:58,080|99,4
2013-10-25 18:44:01,045|99,5
2013-10-25 18:44:04,229|99,5
2013-10-25 18:44:07,459|99,6
2013-10-25 18:44:10,678|99,6
2013-10-25 18:44:13,825|99,6
2013-10-25 18:44:16,955|99,6
2013-10-25 18:44:20,109|99,6
2013-10-25 18:44:23,389|99,6
2013-10-25 18:44:26,490|99,4
2013-10-25 18:44:29,684|99,5
2013-10-25 18:44:32,819|99,5
2013-10-25 18:44:35,942|99,5
2013-10-25 18:44:39,183|99,5
2013-10-25 18:44:42,322|99,4
2013-10-25 18:44:45,467|99,4
2013-10-25 18:44:48,606|99,5
2013-10-25 18:44:51,737|99,5
2013-10-25 18:44:54,962|99,5
2013-10-25 18:44:58,124|99,5
2013-10-25 18:45:01,336|99,4
2013-10-25 18:45:04,517|99,5
2013-10-25 18:45:07,703|99,5
2013-10-25 18:45:10,856|99,4
2013-10-25 18:45:14,095|99,4
2013-10-25 18:45:17,356|99,3
2013-10-25 18:45:20,604|99,3
2013-10-25 18:45:23,762|99,4
2013-10-25 18:45:26,958|99,4
2013-10-25 18:45:30,114|99,6
2013-10-25 18:45:33,297|99,7
2013-10-25 18:45:36,515|99,7
2013-10-25 18:45:39,807|99,8
2013-10-25 18:45:43,032|99,8
2013-10-25 18:45:46,163|99,8
2013-10-25 18:45:49,366|99,8
2013-10-25 18:45:52,524|99,7
2013-10-25 18:45:55,666|99,7
2013-10-25 18:45:58,883|99,8
2013-10-25 18:46:02,040|99,7
2013-10-25 18:46:05,292|99,7
2013-10-25 18:46:08,532|99,6
2013-10-25 18:46:11,789|99,6
2013-10-25 18:46:15,033|99,4
2013-10-25 18:46:18,170|99,4
2013-10-25 18:46:21,408|99,1
2013-10-25 18:46:24,465|99,1
2013-10-25 18:46:27,713|99,1
2013-10-25 18:46:30,953|99,3
2013-10-25 18:46:34,151|99,3
2013-10-25 18:46:37,422|99,5
2013-10-25 18:46:40,704|99,5
2013-10-25 18:46:43,941|99,5
2013-10-25 18:46:47,194|99,5
2013-10-25 18:46:50,411|99,6
2013-10-25 18:46:53,479|99,6
2013-10-25 18:46:56,695|99,7
2013-10-25 18:46:59,949|99,9
2013-10-25 18:47:03,356|99,9
2013-10-25 18:47:06,565|99,9
2013-10-25 18:47:09,851|99,9
2013-10-25 18:47:13,090|99,9
2013-10-25 18:47:16,343|99,9
2013-10-25 18:47:19,659|99,8
2013-10-25 18:47:22,913|99,8
2013-10-25 18:47:26,165|99,8
2013-10-25 18:47:29,420|99,7
2013-10-25 18:47:32,676|99,7
2013-10-25 18:47:35,853|99,6
2013-10-25 18:47:39,069|99,6
2013-10-25 18:47:42,511|99,6
2013-10-25 18:47:45,845|99,6
2013-10-25 18:47:49,141|99,6
2013-10-25 18:47:52,480|99,7
2013-10-25 18:47:55,731|99,7
2013-10-25 18:47:58,949|99,8
2013-10-25 18:48:02,202|99,8
2013-10-25 18:48:05,222|99,9
2013-10-25 18:48:08,478|99,9
2013-10-25 18:48:11,762|100,0
2013-10-25 18:48:14,989|99,9
2013-10-25 18:48:18,335|99,9
2013-10-25 18:48:21,677|99,9
2013-10-25 18:48:25,012|99,9
2013-10-25 18:48:28,228|99,9
2013-10-25 18:48:31,602|99,9
2013-10-25 18:48:34,957|99,9
2013-10-25 18:48:38,382|99,8
2013-10-25 18:48:41,801|99,8
2013-10-25 18:48:45,113|99,7
2013-10-25 18:48:48,378|99,7
2013-10-25 18:48:51,781|99,8
2013-10-25 18:48:55,135|99,8
2013-10-25 18:48:58,481|99,8
2013-10-25 18:49:01,783|99,9
2013-10-25 18:49:05,126|99,9
2013-10-25 18:49:08,516|91,9
2013-10-25 18:49:11,905|91,9
2013-10-25 18:49:15,283|81,9
2013-10-25 18:49:18,658|72,0
2013-10-25 18:49:22,117|72,0
2013-10-25 18:49:25,564|71,2
2013-10-25 18:49:28,937|71,2
2013-10-25 18:49:32,383|71,1
2013-10-25 18:49:35,793|61,3
2013-10-25 18:49:39,244|71,3
2013-10-25 18:49:42,694|70,1
2013-10-25 18:49:46,150|60,1
2013-10-25 18:49:49,544|70,1
2013-10-25 18:49:53,004|61,1
2013-10-25 18:49:56,427|70,9
2013-10-25 18:49:59,884|70,9
2013-10-25 18:50:03,307|61,1
2013-10-25 18:50:06,667|71,1
2013-10-25 18:50:10,040|62,2
2013-10-25 18:50:13,512|71,2
2013-10-25 18:50:16,914|71,2
2013-10-25 18:50:20,332|61,4
2013-10-25 18:50:23,777|71,2
2013-10-25 18:50:27,218|61,4
2013-10-25 18:50:30,711|60,4
2013-10-25 18:50:34,176|70,4
2013-10-25 18:50:37,585|61,4
2013-10-25 18:50:41,074|71,1
2013-10-25 18:50:44,454|61,1
2013-10-25 18:50:47,936|60,8
2013-10-25 18:50:51,390|70,8
2013-10-25 18:50:54,809|61,6
2013-10-25 18:50:58,220|60,6
2013-10-25 18:51:01,593|60,6
2013-10-25 18:51:05,084|61,2
2013-10-25 18:51:08,584|61,2
2013-10-25 18:51:12,065|61,2
2013-10-25 18:51:15,563|60,7
2013-10-25 18:51:18,984|60,7
2013-10-25 18:51:22,458|61,8
2013-10-25 18:51:25,899|61,2
2013-10-25 18:51:29,317|61,2
2013-10-25 18:51:32,741|61,2
2013-10-25 18:51:36,351|61,2
2013-10-25 18:51:39,882|60,9
2013-10-25 18:51:43,344|59,9
2013-10-25 18:51:46,769|59,9
2013-10-25 18:51:50,215|60,9
2013-10-25 18:51:53,729|60,9
2013-10-25 18:51:57,140|60,8
2013-10-25 18:52:00,608|60,8
2013-10-25 18:52:04,020|60,8
2013-10-25 18:52:07,487|60,8
2013-10-25 18:52:10,989|59,8
2013-10-25 18:52:14,513|59,9
2013-10-25 18:52:18,004|60,7
2013-10-25 18:52:21,528|60,7
2013-10-25 18:52:25,052|60,7
2013-10-25 18:52:28,596|61,1
2013-10-25 18:52:32,045|61,2
2013-10-25 18:52:35,564|61,2
2013-10-25 18:52:39,072|60,4
2013-10-25 18:52:42,549|60,3
2013-10-25 18:52:46,048|61,1
2013-10-25 18:52:49,545|60,7
2013-10-25 18:52:53,031|60,7
2013-10-25 18:52:56,540|61,7
2013-10-25 18:53:00,083|61,6
2013-10-25 18:53:03,558|61,6
2013-10-25 18:53:07,053|60,7
2013-10-25 18:53:10,580|60,5
2013-10-25 18:53:14,227|60,7
2013-10-25 18:53:17,762|59,8
2013-10-25 18:53:21,321|59,8
2013-10-25 18:53:24,911|60,6
2013-10-25 18:53:28,402|60,6
2013-10-25 18:53:31,857|60,6
2013-10-25 18:53:35,391|61,1
2013-10-25 18:53:38,974|61,1
2013-10-25 18:53:42,534|61,3
2013-10-25 18:53:46,079|60,7
2013-10-25 18:53:49,665|60,7
2013-10-25 18:53:53,210|60,7
2013-10-25 18:53:56,737|59,9
2013-10-25 18:54:00,230|59,9
2013-10-25 18:54:03,774|60,9
2013-10-25 18:54:07,255|50,9
2013-10-25 18:54:10,820|60,9
2013-10-25 18:54:14,433|61,5
2013-10-25 18:54:18,017|61,5
2013-10-25 18:54:21,497|61,5
2013-10-25 18:54:25,041|51,6
2013-10-25 18:54:28,604|60,3
2013-10-25 18:54:32,215|60,5
2013-10-25 18:54:35,751|50,6
2013-10-25 18:54:39,350|59,9
2013-10-25 18:54:42,902|60,7
2013-10-25 18:54:46,418|50,7
2013-10-25 18:54:49,983|60,5
2013-10-25 18:54:53,678|51,7
2013-10-25 18:54:57,265|51,8
2013-10-25 18:55:00,863|61,8
2013-10-25 18:55:04,486|52,6
2013-10-25 18:55:08,086|61,8
2013-10-25 18:55:11,631|51,9
2013-10-25 18:55:15,234|51,9
2013-10-25 18:55:18,886|60,6
2013-10-25 18:55:22,515|50,7
2013-10-25 18:55:26,153|50,7
2013-10-25 18:55:29,785|59,9
2013-10-25 18:55:33,519|49,9
2013-10-25 18:55:37,065|49,9
2013-10-25 18:55:40,738|59,9
2013-10-25 18:55:44,430|50,5
2013-10-25 18:55:48,023|50,6
2013-10-25 18:55:51,541|50,6
2013-10-25 18:55:55,273|51,3
2013-10-25 18:55:58,886|51,3
2013-10-25 18:56:02,490|51,3
2013-10-25 18:56:06,210|52,5
2013-10-25 18:56:09,805|51,8
2013-10-25 18:56:13,452|51,8
2013-10-25 18:56:17,151|53,0
2013-10-25 18:56:20,876|52,2
2013-10-25 18:56:24,570|52,3
2013-10-25 18:56:28,284|53,2
2013-10-25 18:56:32,018|52,0
2013-10-25 18:56:35,672|52,0
2013-10-25 18:56:39,312|53,3
2013-10-25 18:56:42,963|52,1
2013-10-25 18:56:46,584|52,1
2013-10-25 18:56:50,313|53,2
2013-10-25 18:56:54,028|52,2
2013-10-25 18:56:57,738|52,3
2013-10-25 18:57:01,419|53,3
2013-10-25 18:57:05,079|52,1
2013-10-25 18:57:08,707|52,0
2013-10-25 18:57:12,436|52,8
2013-10-25 18:57:16,147|52,7
2013-10-25 18:57:19,846|51,6
2013-10-25 18:57:23,585|51,8
2013-10-25 18:57:27,318|51,7
2013-10-25 18:57:31,055|50,7
2013-10-25 18:57:34,751|51,7
2013-10-25 18:57:38,386|51,8
2013-10-25 18:57:42,108|51,1
2013-10-25 18:57:45,888|52,1
2013-10-25 18:57:49,625|51,9
2013-10-25 18:57:53,382|51,9
2013-10-25 18:57:57,094|53,0
2013-10-25 18:58:00,842|52,0
2013-10-25 18:58:04,506|52,0
2013-10-25 18:58:08,258|53,1
2013-10-25 18:58:12,017|52,1
2013-10-25 18:58:15,806|52,1
2013-10-25 18:58:19,516|53,1
2013-10-25 18:58:23,207|52,0
2013-10-25 18:58:26,911|52,0
2013-10-25 18:58:30,667|52,8
2013-10-25 18:58:34,356|51,8
2013-10-25 18:58:38,168|51,8
2013-10-25 18:58:41,988|52,8
2013-10-25 18:58:45,681|51,7
2013-10-25 18:58:49,508|51,7
2013-10-25 18:58:53,302|52,4
2013-10-25 18:58:57,133|41,6
2013-10-25 18:59:01,015|41,6
2013-10-25 18:59:04,891|33,1
2013-10-25 18:59:08,674|22,1
2013-10-25 18:59:12,551|22,1
2013-10-25 18:59:16,385|13,2
2013-10-25 18:59:20,199|2,6
2013-10-25 18:59:24,017|2,6
2013-10-25 18:59:27,787|2,6
2013-10-25 18:59:31,592|2,0
2013-10-25 18:59:35,444|2,0
2013-10-25 18:59:39,320|2,1
2013-10-25 18:59:43,220|2,3
2013-10-25 18:59:47,063|2,3
2013-10-25 18:59:50,910|2,3
2013-10-25 18:59:54,738|4,5
2013-10-25 18:59:58,560|3,5
2013-10-25 19:00:02,422|3,5
