2013-10-25 18:26:14,808|0,0|0,0|100,0|995|762|233|10,63|1,96|1,18|0,00
2013-10-25 18:26:20,242|0,0|0,0|100,0|995|762|233|10,63|1,96|0,35|0,00
2013-10-25 18:26:25,673|0,0|0,0|100,0|995|760|234|10,63|1,96|0,47|0,00
2013-10-25 18:26:31,112|0,0|0,0|100,0|995|760|234|10,63|1,96|0,72|0,00
2013-10-25 18:26:36,541|0,0|0,0|100,0|995|760|234|10,63|1,96|0,43|0,00
2013-10-25 18:26:41,999|0,0|0,0|100,0|995|760|234|10,63|1,96|1,38|0,00
2013-10-25 18:26:47,435|0,0|0,0|100,0|995|760|234|10,63|1,96|0,77|0,00
2013-10-25 18:26:52,873|0,0|0,0|100,0|995|760|234|10,63|1,96|0,36|0,00
2013-10-25 18:26:58,310|0,0|0,0|100,0|995|760|234|10,63|1,96|1,24|0,00
2013-10-25 18:27:03,754|0,0|1,9|98,0|995|760|234|10,63|1,96|1,03|0,00
2013-10-25 18:27:09,190|0,0|0,0|100,0|995|760|234|10,63|1,96|0,23|0,00
2013-10-25 18:27:14,619|0,0|0,0|100,0|995|760|234|10,63|1,96|4,21|0,00
2013-10-25 18:27:20,057|0,0|0,0|100,0|995|760|234|10,63|1,96|0,81|0,00
2013-10-25 18:27:25,489|0,0|0,0|100,0|995|760|234|10,63|1,96|1,66|0,00
2013-10-25 18:27:30,928|0,0|0,0|100,0|995|760|234|10,63|1,96|0,44|0,00
2013-10-25 18:27:36,358|0,0|0,0|100,0|995|760|234|10,63|1,96|0,47|0,00
2013-10-25 18:27:41,793|0,0|0,0|100,0|995|760|234|10,63|1,96|7,01|0,00
2013-10-25 18:27:47,257|0,0|0,0|100,0|995|760|234|10,63|1,96|3,07|0,04
2013-10-25 18:27:52,696|0,0|0,0|100,0|995|760|234|10,63|1,96|0,65|0,00
2013-10-25 18:27:58,133|0,0|0,0|100,0|995|760|234|10,63|1,97|1,53|0,00
2013-10-25 18:28:03,565|0,0|0,0|100,0|995|760|234|10,63|1,97|1,08|0,00
2013-10-25 18:28:09,020|0,0|0,0|100,0|995|760|234|10,63|1,97|1,02|0,00
2013-10-25 18:28:14,451|0,0|0,0|100,0|995|760|234|10,63|1,97|0,95|0,00
2013-10-25 18:28:19,907|100,0|0,0|0,0|995|769|226|10,63|1,97|0,43|0,06
2013-10-25 18:28:25,775|100,0|0,0|0,0|995|769|225|10,63|1,97|0,47|0,00
2013-10-25 18:28:31,643|100,0|0,0|0,0|995|769|226|10,63|1,97|0,78|0,00
2013-10-25 18:28:37,503|100,0|0,0|0,0|995|769|226|10,63|1,97|0,38|0,00
2013-10-25 18:28:43,371|100,0|0,0|0,0|995|769|226|10,63|1,97|1,75|0,00
2013-10-25 18:28:49,239|100,0|0,0|0,0|995|769|226|10,63|1,97|7,05|0,00
2013-10-25 18:28:55,090|0,0|0,0|100,0|995|769|225|10,63|1,97|1,97|0,00
2013-10-25 18:29:00,530|0,0|0,0|100,0|995|769|225|10,63|1,97|1,03|0,00
2013-10-25 18:29:05,962|0,0|0,0|100,0|995|769|225|10,63|1,97|0,35|0,00
2013-10-25 18:29:11,397|0,0|0,0|100,0|995|769|225|10,63|1,97|0,97|0,00
2013-10-25 18:29:16,827|0,0|0,0|100,0|995|769|225|10,63|1,97|0,29|0,00
2013-10-25 18:29:22,265|0,0|0,0|100,0|995|769|225|10,63|1,97|0,69|0,00
2013-10-25 18:29:27,698|0,0|0,0|100,0|995|769|225|10,63|1,97|0,49|0,00
2013-10-25 18:29:33,139|0,0|0,0|100,0|995|769|225|10,63|1,97|0,62|0,00
2013-10-25 18:29:38,573|0,0|0,0|100,0|995|769|225|10,63|1,97|2,14|0,00
2013-10-25 18:29:44,019|0,0|0,0|100,0|995|769|225|10,63|1,97|1,72|0,00
2013-10-25 18:29:49,457|0,0|0,0|100,0|995|769|225|10,63|1,97|0,27|0,00
2013-10-25 18:29:54,892|0,0|0,0|100,0|995|769|225|10,63|1,97|2,08|0,00
2013-10-25 18:30:00,326|0,0|0,0|100,0|995|769|225|10,63|1,97|0,23|0,00
2013-10-25 18:30:05,764|0,0|0,0|100,0|995|769|225|10,63|1,97|0,54|0,00
2013-10-25 18:30:11,200|0,0|0,0|100,0|995|769|225|10,63|1,97|2,08|0,00
2013-10-25 18:30:16,633|0,0|0,0|100,0|995|769|225|10,63|1,97|0,29|0,00
2013-10-25 18:30:22,069|0,0|0,0|100,0|995|769|225|10,63|1,97|0,37|0,00
2013-10-25 18:30:27,497|0,0|0,0|100,0|995|769|225|10,63|1,97|0,52|0,00
2013-10-25 18:30:32,932|0,0|0,0|100,0|995|769|225|10,63|1,97|0,60|0,00
2013-10-25 18:30:38,373|0,0|0,0|100,0|995|769|225|10,63|1,97|2,10|0,00
2013-10-25 18:30:43,813|0,0|0,0|100,0|995|769|225|10,63|1,97|1,66|0,00
2013-10-25 18:30:49,257|0,0|0,0|100,0|995|769|225|10,63|1,97|0,35|0,00
2013-10-25 18:30:54,693|0,0|0,0|100,0|995|769|225|10,63|1,97|0,44|0,00
2013-10-25 18:31:00,124|0,0|0,0|100,0|995|769|225|10,63|1,97|0,41|0,00
2013-10-25 18:31:05,566|0,0|0,0|100,0|995|769|225|10,63|1,97|0,44|0,00
2013-10-25 18:31:10,996|0,0|0,0|100,0|995|769|225|10,63|1,97|2,08|0,00
2013-10-25 18:31:16,430|0,0|0,0|100,0|995|769|225|10,63|1,97|0,97|4,57
2013-10-25 18:31:21,872|0,0|0,0|100,0|995|770|225|10,62|1,97|1,20|1,62
2013-10-25 18:31:27,514|100,0|0,0|0,0|995|784|211|10,62|1,97|0,79|0,00
2013-10-25 18:31:33,358|100,0|0,0|0,0|995|784|211|10,62|1,97|0,67|0,00
2013-10-25 18:31:39,203|100,0|0,0|0,0|995|784|211|10,62|1,97|2,26|0,00
2013-10-25 18:31:45,042|100,0|0,0|0,0|995|784|211|10,62|1,97|0,53|0,00
2013-10-25 18:31:50,878|100,0|0,0|0,0|995|784|211|10,62|1,97|0,51|1,86
2013-10-25 18:31:56,512|0,0|1,9|98,0|995|784|211|10,62|1,97|0,59|0,00
2013-10-25 18:32:01,949|0,0|0,0|100,0|995|784|211|10,62|1,97|0,58|6,05
2013-10-25 18:32:07,384|0,0|0,0|100,0|995|784|211|10,62|1,97|0,44|0,00
2013-10-25 18:32:12,821|2,0|0,0|98,0|995|784|211|10,62|1,97|0,90|0,00
2013-10-25 18:32:18,257|0,0|0,0|100,0|995|784|211|10,62|1,97|0,26|0,00
2013-10-25 18:32:23,686|0,0|0,0|100,0|995|784|211|10,62|1,97|0,78|0,00
2013-10-25 18:32:29,121|0,0|0,0|100,0|995|784|211|10,62|1,97|1,66|0,00
2013-10-25 18:32:34,559|0,0|0,0|100,0|995|784|211|10,62|1,97|1,71|0,00
2013-10-25 18:32:40,007|0,0|0,0|100,0|995|784|211|10,62|1,97|0,95|0,00
2013-10-25 18:32:45,443|0,0|0,0|100,0|995|784|211|10,62|1,97|0,84|0,00
2013-10-25 18:32:50,890|0,0|0,0|100,0|995|784|211|10,62|1,97|0,41|0,00
2013-10-25 18:32:56,320|0,0|0,0|100,0|995|784|211|10,62|1,97|0,29|0,00
2013-10-25 18:33:01,753|0,0|0,0|100,0|995|784|211|10,62|1,97|0,49|0,00
2013-10-25 18:33:07,193|0,0|0,0|100,0|995|784|211|10,62|1,97|0,47|0,00
2013-10-25 18:33:12,622|0,0|0,0|100,0|995|784|211|10,62|1,97|0,96|0,00
2013-10-25 18:33:18,057|0,0|0,0|100,0|995|784|211|10,62|1,97|1,45|0,00
2013-10-25 18:33:23,488|0,0|0,0|100,0|995|784|211|10,62|1,97|0,32|0,00
2013-10-25 18:33:28,921|0,0|0,0|100,0|995|784|211|10,62|1,97|0,47|0,00
2013-10-25 18:33:34,358|0,0|0,0|100,0|995|784|211|10,62|1,97|2,34|0,00
2013-10-25 18:33:39,794|0,0|0,0|100,0|995|784|211|10,62|1,97|2,25|0,00
2013-10-25 18:33:45,229|0,0|0,0|100,0|995|784|211|10,62|1,97|0,50|0,00
2013-10-25 18:33:50,670|0,0|0,0|100,0|995|784|211|10,62|1,97|0,27|0,00
2013-10-25 18:33:56,105|0,0|0,0|100,0|995|784|211|10,62|1,97|3,57|0,00
2013-10-25 18:34:01,538|0,0|0,0|100,0|995|784|211|10,62|1,97|0,29|0,00
2013-10-25 18:34:06,978|0,0|0,0|100,0|995|783|211|10,62|1,97|1,69|0,00
2013-10-25 18:34:12,417|0,0|0,0|100,0|995|784|211|10,62|1,97|1,18|0,00
2013-10-25 18:34:17,855|0,0|0,0|100,0|995|784|211|10,62|1,97|0,55|0,00
2013-10-25 18:34:23,299|0,0|0,0|100,0|995|784|211|10,62|1,97|0,44|0,00
2013-10-25 18:34:28,728|0,0|0,0|100,0|995|784|211|10,62|1,97|9,83|0,00
2013-10-25 18:34:34,166|0,0|0,0|100,0|995|784|211|10,62|1,97|0,67|0,00
2013-10-25 18:34:39,603|0,0|0,0|100,0|995|784|211|10,62|1,97|2,25|0,00
2013-10-25 18:34:45,040|0,0|0,0|100,0|995|784|211|10,62|1,97|0,69|0,00
2013-10-25 18:34:50,474|0,0|0,0|100,0|995|784|211|10,62|1,97|0,21|0,00
2013-10-25 18:34:55,913|0,0|0,0|100,0|995|784|211|10,62|1,97|1,46|0,00
2013-10-25 18:35:01,346|0,0|0,0|100,0|995|784|211|10,62|1,97|0,18|0,00
2013-10-25 18:35:06,784|0,0|0,0|100,0|995|784|211|10,62|1,97|0,18|0,00
2013-10-25 18:35:12,221|0,0|0,0|100,0|995|784|211|10,62|1,97|3,75|0,00
2013-10-25 18:35:17,651|2,0|0,0|98,0|995|784|211|10,62|1,97|3,95|0,00
2013-10-25 18:35:23,090|0,0|0,0|100,0|995|784|211|10,62|1,97|1,90|0,00
2013-10-25 18:35:28,522|0,0|0,0|100,0|995|784|211|10,62|1,97|0,55|0,00
2013-10-25 18:35:33,960|0,0|0,0|100,0|995|784|211|10,62|1,97|0,65|0,00
2013-10-25 18:35:39,388|0,0|0,0|100,0|995|784|211|10,62|1,97|0,41|0,00
2013-10-25 18:35:44,828|0,0|0,0|100,0|995|784|211|10,62|1,97|1,78|0,00
2013-10-25 18:35:50,259|0,0|0,0|100,0|995|784|211|10,62|1,97|0,21|0,00
2013-10-25 18:35:55,685|0,0|0,0|100,0|995|784|211|10,62|1,97|2,48|0,00
2013-10-25 18:36:01,126|0,0|0,0|100,0|995|784|211|10,62|1,97|0,23|0,00
2013-10-25 18:36:06,557|0,0|0,0|100,0|995|784|211|10,62|1,97|2,31|0,32
2013-10-25 18:36:12,028|0,0|0,0|100,0|995|784|211|10,62|1,97|1,84|0,06
2013-10-25 18:36:17,465|0,0|0,0|100,0|995|784|211|10,62|1,97|0,96|0,00
2013-10-25 18:36:22,900|0,0|0,0|100,0|995|784|211|10,62|1,97|4,86|11,62
2013-10-25 18:36:28,378|0,0|0,0|100,0|995|784|211|10,62|1,97|0,49|0,00
2013-10-25 18:36:33,840|2,0|4,0|93,8|995|784|211|10,62|1,97|6,24|215,94
2013-10-25 18:36:39,281|6,0|4,0|90,0|995|784|211|10,62|1,97|6,37|215,87
2013-10-25 18:36:44,714|0,0|0,0|100,0|995|785|210|10,62|1,97|10,15|227,35
2013-10-25 18:36:50,164|0,0|0,0|100,0|995|784|211|10,62|1,97|7,77|14,20
2013-10-25 18:36:55,631|0,0|0,0|100,0|995|784|211|10,62|1,97|4,84|12,00
2013-10-25 18:37:01,070|0,0|0,0|100,0|995|784|211|10,62|1,97|5,87|12,14
2013-10-25 18:37:06,496|0,0|0,0|100,0|995|784|211|10,62|1,97|0,85|0,06
2013-10-25 18:37:11,974|2,0|0,0|98,0|995|784|211|10,62|1,97|2,48|0,00
2013-10-25 18:37:17,412|8,0|2,0|90,0|995|784|211|10,62|1,97|1,30|0,00
2013-10-25 18:37:22,889|5,8|5,8|88,2|995|784|211|10,62|1,97|0,80|0,00
2013-10-25 18:37:28,321|6,0|4,0|90,0|995|784|211|10,62|1,97|6,56|215,94
2013-10-25 18:37:33,757|2,0|0,0|98,0|995|785|210|10,62|1,97|7,48|225,91
2013-10-25 18:37:39,219|0,0|0,0|100,0|995|784|211|10,62|1,97|5,48|12,64
2013-10-25 18:37:44,700|0,0|0,0|100,0|995|784|211|10,62|1,97|6,12|12,65
2013-10-25 18:37:50,136|0,0|0,0|100,0|995|784|211|10,62|1,97|0,58|0,06
2013-10-25 18:37:55,647|1,9|0,0|98,0|995|784|211|10,62|1,97|0,53|0,00
2013-10-25 18:38:01,089|5,8|3,9|88,2|995|784|211|10,62|1,97|1,24|0,00
2013-10-25 18:38:06,562|4,0|4,0|92,0|995|784|211|10,62|1,97|0,18|0,00
2013-10-25 18:38:12,024|2,0|4,0|93,8|995|784|211|10,62|1,97|7,20|216,01
2013-10-25 18:38:17,464|1,9|1,9|96,0|995|785|210|10,62|1,97|9,72|227,56
2013-10-25 18:38:22,918|0,0|0,0|100,0|995|784|211|10,62|1,97|4,86|13,22
2013-10-25 18:38:28,393|0,0|0,0|100,0|995|784|211|10,62|1,97|7,59|13,29
2013-10-25 18:38:33,832|0,0|0,0|100,0|995|784|211|10,62|1,97|1,26|0,00
2013-10-25 18:38:39,347|2,0|0,0|98,0|995|784|211|10,62|1,97|0,62|0,00
2013-10-25 18:38:44,777|4,0|4,0|92,0|995|784|211|10,62|1,97|1,63|0,00
2013-10-25 18:38:50,254|0,0|2,0|97,9|995|785|210|10,62|1,97|8,46|214,43
2013-10-25 18:38:55,691|4,0|4,0|90,0|995|784|211|10,62|1,97|8,23|215,94
2013-10-25 18:39:01,126|0,0|0,0|100,0|995|784|211|10,62|1,97|11,32|229,65
2013-10-25 18:39:06,557|0,0|0,0|100,0|995|784|211|10,62|1,97|4,97|13,74
2013-10-25 18:39:11,992|0,0|0,0|100,0|995|784|211|10,62|1,97|1,06|0,00
2013-10-25 18:39:17,474|2,0|2,0|96,0|995|784|211|10,62|1,97|1,24|0,00
2013-10-25 18:39:22,945|0,0|2,0|97,9|995|785|209|10,62|1,97|1,16|0,32
2013-10-25 18:39:28,403|3,9|5,8|88,2|995|784|211|10,62|1,97|6,40|216,00
2013-10-25 18:39:33,840|0,0|0,0|100,0|995|784|211|10,62|1,97|7,37|16,17
2013-10-25 18:39:39,313|0,0|0,0|100,0|995|784|211|10,62|1,97|5,56|14,17
2013-10-25 18:39:44,747|0,0|0,0|100,0|995|784|211|10,62|1,97|9,38|0,00
2013-10-25 18:39:50,195|4,0|4,0|92,0|995|784|211|10,62|1,97|1,00|0,00
2013-10-25 18:39:55,665|0,0|0,0|100,0|995|784|211|10,62|1,97|10,97|230,42
2013-10-25 18:40:01,105|0,0|0,0|100,0|995|784|211|10,62|1,97|1,36|0,00
2013-10-25 18:40:06,543|4,0|4,0|91,8|995|784|211|10,62|1,97|6,70|216,20
2013-10-25 18:40:11,989|0,0|0,0|100,0|995|784|211|10,62|1,97|0,91|0,00
2013-10-25 18:40:17,417|2,0|6,1|91,8|995|784|211|10,62|1,97|2,88|0,00
2013-10-25 18:40:22,858|1,9|0,0|98,0|995|784|211|10,62|1,97|6,48|14,78
2013-10-25 18:40:28,296|6,1|2,0|91,8|995|784|211|10,62|1,97|3,14|0,00
2013-10-25 18:40:33,796|0,0|0,0|100,0|995|784|211|10,62|1,97|11,16|231,42
2013-10-25 18:40:39,236|52,0|48,0|0,0|995|791|204|10,62|1,97|0,59|0,00
2013-10-25 18:40:45,563|54,9|45,0|0,0|995|791|204|10,62|1,97|0,85|0,00
2013-10-25 18:40:51,903|54,0|46,0|0,0|995|791|204|10,62|1,97|0,62|0,00
2013-10-25 18:40:58,168|46,0|54,0|0,0|995|791|203|10,62|1,97|2,17|0,00
2013-10-25 18:41:04,414|42,0|57,9|0,0|995|791|203|10,62|1,97|6,86|215,96
2013-10-25 18:41:10,641|44,8|55,1|0,0|995|791|203|10,61|1,97|6,09|215,77
2013-10-25 18:41:16,858|46,0|54,0|0,0|995|793|202|10,61|1,97|4,78|214,44
2013-10-25 18:41:23,090|47,0|52,9|0,0|995|792|203|10,61|1,97|0,26|0,00
2013-10-25 18:41:29,342|46,9|53,0|0,0|995|792|203|10,61|1,97|0,12|0,00
2013-10-25 18:41:35,591|44,8|55,1|0,0|995|792|203|10,61|1,97|0,47|0,00
2013-10-25 18:41:41,891|51,0|48,9|0,0|995|792|203|10,61|1,97|2,92|1,39
2013-10-25 18:41:48,173|53,0|46,9|0,0|995|792|203|10,61|1,97|6,06|15,84
2013-10-25 18:41:54,469|57,9|42,0|0,0|995|793|202|10,61|1,97|10,47|233,95
2013-10-25 18:42:00,499|82,0|18,0|0,0|995|791|203|10,61|1,97|11,85|231,81
2013-10-25 18:42:06,334|83,6|16,3|0,0|995|792|203|10,61|1,97|11,14|234,21
2013-10-25 18:42:12,166|78,0|22,0|0,0|995|792|203|10,61|1,97|22,19|234,13
2013-10-25 18:42:17,998|80,0|20,0|0,0|995|792|203|10,61|1,97|12,30|234,17
2013-10-25 18:42:23,827|80,3|19,6|0,0|995|792|203|10,61|1,97|11,70|238,31
2013-10-25 18:42:29,666|80,0|20,0|0,0|995|792|203|10,61|1,97|20,12|234,79
2013-10-25 18:42:35,499|82,0|18,0|0,0|995|809|186|10,61|1,97|14,00|238,57
2013-10-25 18:42:41,331|78,0|22,0|0,0|995|809|186|10,61|1,97|13,27|238,91
2013-10-25 18:42:47,170|82,0|18,0|0,0|995|809|186|10,61|1,97|11,16|238,93
2013-10-25 18:42:53,008|82,0|18,0|0,0|995|809|186|10,61|1,97|11,34|237,33
2013-10-25 18:42:58,834|83,6|16,3|0,0|995|809|186|10,61|1,97|9,54|232,73
2013-10-25 18:43:04,663|81,6|18,3|0,0|995|810|185|10,61|1,97|8,97|231,37
2013-10-25 18:43:10,490|79,5|20,4|0,0|995|809|186|10,61|1,97|6,02|216,00
2013-10-25 18:43:16,326|76,0|24,0|0,0|995|811|184|10,61|1,98|6,12|216,14
2013-10-25 18:43:22,167|80,0|20,0|0,0|995|809|186|10,61|1,98|12,21|216,26
2013-10-25 18:43:28,019|78,0|20,0|0,0|995|809|186|10,61|1,98|7,72|216,13
2013-10-25 18:43:33,862|82,0|18,0|0,0|995|810|185|10,61|1,98|8,20|230,91
2013-10-25 18:43:39,703|82,3|17,6|0,0|995|809|186|10,61|1,98|7,73|216,53
2013-10-25 18:43:45,543|80,0|20,0|0,0|995|810|184|10,61|1,98|10,00|232,13
2013-10-25 18:43:51,378|78,0|22,0|0,0|995|825|170|10,61|1,98|9,03|216,12
2013-10-25 18:43:57,219|82,0|18,0|0,0|995|824|170|10,61|1,98|11,48|233,60
2013-10-25 18:44:03,046|84,0|16,0|0,0|995|825|170|10,61|1,98|11,34|233,62
2013-10-25 18:44:08,862|84,3|15,6|0,0|995|825|170|10,61|1,98|5,85|22,20
2013-10-25 18:44:14,723|83,6|16,3|0,0|995|825|170|10,61|1,98|6,84|21,04
2013-10-25 18:44:20,592|82,0|18,0|0,0|995|825|170|10,61|1,98|8,95|20,82
2013-10-25 18:44:26,437|84,0|16,0|0,0|995|825|170|10,61|1,98|5,07|17,90
2013-10-25 18:44:32,306|86,0|14,0|0,0|995|825|170|10,61|1,98|7,64|18,04
2013-10-25 18:44:38,158|82,3|17,6|0,0|995|825|170|10,61|1,98|4,78|17,99
2013-10-25 18:44:44,033|83,6|16,3|0,0|995|825|170|10,61|1,98|5,89|18,07
2013-10-25 18:44:49,858|82,3|17,6|0,0|995|825|170|10,61|1,98|3,79|2,59
2013-10-25 18:44:55,743|80,0|20,0|0,0|995|825|170|10,61|1,98|2,30|0,51
2013-10-25 18:45:01,642|80,3|19,6|0,0|995|866|129|10,61|1,98|1,32|0,51
2013-10-25 18:45:07,562|82,0|18,0|0,0|995|866|129|10,61|1,98|0,91|0,79
2013-10-25 18:45:13,549|84,0|16,0|0,0|995|866|129|10,61|1,98|1,50|0,00
2013-10-25 18:45:19,471|82,0|18,0|0,0|995|866|129|10,61|1,98|0,23|0,00
2013-10-25 18:45:25,374|78,0|22,0|0,0|995|866|129|10,61|1,98|1,25|0,00
2013-10-25 18:45:31,285|86,0|14,0|0,0|995|866|129|10,61|1,98|0,51|0,00
2013-10-25 18:45:37,162|82,0|18,0|0,0|995|866|129|10,61|1,98|1,23|0,45
2013-10-25 18:45:43,013|79,5|20,4|0,0|995|866|129|10,61|1,98|0,96|0,00
2013-10-25 18:45:48,854|84,0|16,0|0,0|995|866|129|10,61|1,98|6,68|0,00
2013-10-25 18:45:54,710|80,0|20,0|0,0|995|866|128|10,61|1,98|0,68|0,22
2013-10-25 18:46:00,386|1,9|3,9|94,1|995|660|335|10,61|1,98|4,00|214,77
2013-10-25 18:46:05,833|0,0|0,0|100,0|995|659|336|10,61|1,98|12,40|236,97
2013-10-25 18:46:11,281|0,0|0,0|100,0|995|659|336|10,61|1,98|4,84|21,16
2013-10-25 18:46:16,727|0,0|0,0|100,0|995|659|336|10,61|1,98|0,29|0,00
2013-10-25 18:46:22,199|6,0|4,0|90,0|995|659|336|10,61|1,98|0,52|4,41
2013-10-25 18:46:27,660|4,0|4,0|92,0|995|659|336|10,61|1,98|7,63|220,63
2013-10-25 18:46:33,106|0,0|0,0|100,0|995|659|336|10,61|1,98|8,60|21,04
2013-10-25 18:46:38,583|0,0|0,0|100,0|995|659|336|10,61|1,98|0,94|0,00
2013-10-25 18:46:44,068|4,0|6,0|90,0|995|659|336|10,61|1,98|1,90|0,00
2013-10-25 18:46:49,502|0,0|0,0|100,0|995|660|335|10,61|1,98|9,42|236,53
2013-10-25 18:46:54,959|0,0|0,0|100,0|995|659|336|10,61|1,98|5,69|25,92
2013-10-25 18:47:00,393|0,0|0,0|100,0|995|659|336|10,61|1,98|0,80|0,00
2013-10-25 18:47:05,831|2,0|4,0|94,0|995|659|336|10,61|1,98|9,35|216,42
2013-10-25 18:47:11,273|0,0|0,0|100,0|995|659|336|10,61|1,98|6,51|22,39
2013-10-25 18:47:16,742|0,0|0,0|100,0|995|659|336|10,61|1,98|0,44|0,00
2013-10-25 18:47:22,191|4,0|4,0|91,8|995|659|336|10,61|1,98|0,43|4,41
2013-10-25 18:47:27,646|4,0|4,0|92,0|995|659|336|10,61|1,98|5,77|216,23
2013-10-25 18:47:33,086|0,0|0,0|100,0|995|659|336|10,61|1,98|5,98|21,94
2013-10-25 18:47:38,525|0,0|0,0|100,0|995|659|336|10,61|1,98|0,42|0,00
2013-10-25 18:47:43,959|0,0|4,0|96,0|995|660|335|10,61|1,98|5,21|214,84
2013-10-25 18:47:49,396|1,9|0,0|98,0|995|659|336|10,61|1,98|5,83|26,47
2013-10-25 18:47:54,889|0,0|0,0|100,0|995|659|336|10,61|1,98|0,63|4,41
2013-10-25 18:48:00,359|8,0|2,0|90,0|995|659|336|10,61|1,98|1,08|0,00
2013-10-25 18:48:05,810|2,0|0,0|97,9|995|660|335|10,61|1,98|9,93|234,87
2013-10-25 18:48:11,265|0,0|0,0|100,0|995|659|336|10,61|1,98|4,02|3,87
2013-10-25 18:48:16,728|4,0|0,0|96,0|995|659|336|10,61|1,98|1,22|0,06
2013-10-25 18:48:22,199|4,0|4,0|91,8|995|659|336|10,61|1,98|6,08|220,64
2013-10-25 18:48:27,637|0,0|0,0|100,0|995|659|336|10,61|1,98|5,39|22,68
2013-10-25 18:48:33,136|2,0|0,0|98,0|995|659|336|10,61|1,98|1,30|0,00
2013-10-25 18:48:38,621|4,0|6,1|89,7|995|659|336|10,61|1,98|0,29|0,00
2013-10-25 18:48:44,056|0,0|1,9|98,0|995|659|336|10,61|1,98|11,38|237,64
2013-10-25 18:48:49,495|0,0|0,0|100,0|995|659|336|10,61|1,98|7,53|0,06
2013-10-25 18:48:54,929|4,0|6,0|90,0|995|659|336|10,61|1,98|3,62|4,45
2013-10-25 18:49:00,406|4,0|4,0|91,8|995|659|336|10,61|1,98|7,09|216,10
2013-10-25 18:49:05,854|0,0|0,0|100,0|995|659|336|10,61|1,98|5,48|23,32
2013-10-25 18:49:11,297|0,0|0,0|100,0|995|659|336|10,61|1,98|0,86|0,00
2013-10-25 18:49:16,739|5,8|3,9|90,1|995|659|336|10,61|1,98|7,45|222,36
2013-10-25 18:49:22,181|0,0|0,0|100,0|995|659|336|10,61|1,98|5,88|27,95
2013-10-25 18:49:27,616|1,9|0,0|98,0|995|659|336|10,61|1,98|0,18|0,00
2013-10-25 18:49:33,055|2,0|0,0|98,0|995|660|335|10,61|1,98|4,51|214,77
2013-10-25 18:49:38,493|0,0|1,9|98,0|995|659|336|10,61|1,98|15,05|23,74
2013-10-25 18:49:43,971|0,0|0,0|100,0|995|659|336|10,61|1,98|8,53|4,41
2013-10-25 18:49:49,425|1,9|1,9|96,0|995|660|335|10,61|1,98|4,84|214,90
2013-10-25 18:49:54,862|0,0|0,0|100,0|995|659|336|10,61|1,98|5,29|23,98
2013-10-25 18:50:00,345|0,0|0,0|100,0|995|659|336|10,61|1,98|0,29|0,00
2013-10-25 18:50:05,823|4,0|4,0|90,0|995|659|336|10,61|1,98|3,39|0,00
2013-10-25 18:50:11,263|0,0|0,0|100,0|995|659|336|10,61|1,98|11,59|240,80
2013-10-25 18:50:16,699|0,0|0,0|100,0|995|659|336|10,61|1,98|1,38|4,41
2013-10-25 18:50:22,186|2,0|0,0|98,0|995|660|335|10,61|1,98|4,47|220,21
2013-10-25 18:50:27,621|0,0|0,0|100,0|995|659|336|10,61|1,98|4,91|24,44
2013-10-25 18:50:33,086|0,0|0,0|100,0|995|659|336|10,61|1,98|0,74|0,00
2013-10-25 18:50:38,579|6,1|4,0|89,7|995|659|336|10,61|1,98|0,41|0,00
2013-10-25 18:50:44,014|0,0|0,0|100,0|995|659|336|10,61|1,98|14,25|245,27
2013-10-25 18:50:49,449|0,0|0,0|100,0|995|659|336|10,61|1,98|1,06|4,41
2013-10-25 18:50:54,890|5,7|7,6|86,5|995|659|336|10,60|1,98|1,10|0,00
2013-10-25 18:51:00,328|0,0|0,0|100,0|995|659|336|10,60|1,98|11,01|138,51
2013-10-25 18:51:05,778|0,0|0,0|100,0|995|659|336|10,60|1,98|1,75|0,00
2013-10-25 18:51:11,272|2,0|4,0|93,8|995|659|336|10,60|1,98|5,97|217,74
2013-10-25 18:51:16,706|0,0|0,0|100,0|995|659|336|10,60|1,98|7,82|25,43
2013-10-25 18:51:22,144|1,9|0,0|98,0|995|659|336|10,60|1,98|0,29|0,00
2013-10-25 18:51:27,581|2,0|4,0|93,8|995|659|336|10,60|1,98|6,01|216,16
2013-10-25 18:51:33,020|0,0|0,0|100,0|995|659|336|10,60|1,98|0,74|0,00
2013-10-25 18:51:38,505|5,8|3,9|90,1|995|659|336|10,60|1,98|1,43|0,00
2013-10-25 18:51:43,942|0,0|0,0|100,0|995|659|336|10,60|1,98|9,74|31,28
2013-10-25 18:51:49,408|0,0|0,0|100,0|995|659|336|10,60|1,98|1,15|4,41
2013-10-25 18:51:54,891|2,0|4,0|93,8|995|659|336|10,60|1,98|6,67|216,35
2013-10-25 18:52:00,326|0,0|0,0|100,0|995|659|336|10,60|1,98|2,28|2,99
2013-10-25 18:52:05,797|4,0|4,0|92,0|995|659|336|10,60|1,98|1,14|0,00
2013-10-25 18:52:11,285|0,0|0,0|100,0|995|659|336|10,60|1,98|12,83|246,40
2013-10-25 18:52:16,717|0,0|0,0|100,0|995|659|336|10,60|1,98|3,24|0,06
2013-10-25 18:52:22,201|2,0|4,1|93,7|995|659|336|10,60|1,98|6,51|216,29
2013-10-25 18:52:27,648|0,0|0,0|100,0|995|659|336|10,60|1,98|0,12|0,00
2013-10-25 18:52:33,133|8,0|2,0|90,0|995|659|335|10,60|1,98|0,35|0,00
2013-10-25 18:52:38,580|0,0|0,0|100,0|995|659|335|10,60|1,98|5,75|26,13
2013-10-25 18:52:44,066|0,0|0,0|100,0|995|659|335|10,60|1,98|5,10|4,41
2013-10-25 18:52:49,551|2,0|6,1|91,8|995|659|335|10,60|1,98|12,12|216,29
2013-10-25 18:52:54,988|0,0|0,0|100,0|995|659|335|10,60|1,98|0,68|0,00
2013-10-25 18:53:00,472|4,0|4,0|91,8|995|659|335|10,60|1,98|0,41|0,00
2013-10-25 18:53:05,913|0,0|0,0|100,0|995|659|335|10,60|1,98|5,53|26,44
2013-10-25 18:53:11,391|2,0|0,0|98,0|995|659|335|10,60|1,98|0,38|0,06
2013-10-25 18:53:16,826|2,0|0,0|97,9|995|660|335|10,60|1,98|11,55|245,76
2013-10-25 18:53:22,277|0,0|0,0|100,0|995|659|335|10,60|1,98|6,18|0,00
2013-10-25 18:53:27,713|2,0|0,0|98,0|995|660|334|10,60|1,98|7,36|214,84
2013-10-25 18:53:33,157|0,0|0,0|100,0|995|659|335|10,60|1,98|5,20|26,86
2013-10-25 18:53:38,596|2,0|0,0|98,0|995|659|335|10,60|1,98|0,29|0,00
2013-10-25 18:53:44,068|0,0|0,0|100,0|995|659|335|10,60|1,98|12,76|247,59
2013-10-25 18:53:49,510|0,0|0,0|100,0|995|659|335|10,60|1,98|0,93|6,07
2013-10-25 18:53:54,996|7,8|1,9|90,1|995|659|335|10,60|1,98|6,27|216,23
2013-10-25 18:54:00,436|0,0|0,0|100,0|995|659|335|10,60|1,98|0,23|0,00
2013-10-25 18:54:05,885|6,1|4,0|89,7|995|659|335|10,60|1,98|2,31|0,00
2013-10-25 18:54:11,319|0,0|0,0|100,0|995|659|335|10,60|1,98|5,42|31,79
2013-10-25 18:54:16,775|6,0|2,0|92,0|995|659|335|10,60|1,98|2,77|4,41
2013-10-25 18:54:22,249|0,0|0,0|100,0|995|659|335|10,60|1,98|10,93|244,06
2013-10-25 18:54:27,683|0,0|0,0|100,0|995|659|335|10,60|1,98|0,23|0,00
2013-10-25 18:54:33,161|4,0|4,0|91,8|995|659|335|10,60|1,98|6,67|216,23
2013-10-25 18:54:38,600|0,0|0,0|100,0|995|659|335|10,60|1,98|0,53|0,00
2013-10-25 18:54:44,080|4,0|4,0|91,8|995|659|335|10,60|1,98|1,38|4,41
2013-10-25 18:54:49,516|0,0|0,0|100,0|995|659|335|10,60|1,98|5,24|26,20
2013-10-25 18:54:54,959|4,0|4,0|92,0|995|659|335|10,60|1,98|0,56|0,00
2013-10-25 18:55:00,425|0,0|0,0|100,0|995|659|335|10,60|1,98|8,62|27,82
2013-10-25 18:55:05,897|2,0|0,0|98,0|995|659|335|10,60|1,98|0,91|0,00
2013-10-25 18:55:11,330|2,0|0,0|98,0|995|661|334|10,60|1,98|9,92|242,38
2013-10-25 18:55:16,775|0,0|0,0|100,0|995|659|335|10,60|1,98|3,74|5,38
2013-10-25 18:55:22,225|4,0|4,0|92,0|995|659|335|10,60|1,99|6,46|216,04
2013-10-25 18:55:27,659|0,0|0,0|100,0|995|659|335|10,60|1,99|0,41|0,00
2013-10-25 18:55:33,143|6,1|2,0|91,8|995|659|335|10,60|1,99|0,99|0,00
2013-10-25 18:55:38,578|0,0|0,0|100,0|995|659|335|10,60|1,99|5,79|32,78
2013-10-25 18:55:44,021|4,0|2,0|94,0|995|659|335|10,60|1,99|1,31|4,41
2013-10-25 18:55:49,488|0,0|0,0|100,0|995|659|335|10,60|1,99|5,20|28,67
2013-10-25 18:55:54,980|2,0|0,0|98,0|995|659|335|10,60|1,99|1,35|0,00
2013-10-25 18:56:00,417|0,0|0,0|100,0|995|659|335|10,60|1,99|10,70|245,34
2013-10-25 18:56:05,848|0,0|0,0|100,0|995|659|335|10,60|1,99|1,68|0,00
2013-10-25 18:56:11,331|2,0|8,0|90,0|995|659|335|10,60|1,99|6,79|222,17
2013-10-25 18:56:16,773|0,0|0,0|100,0|995|659|335|10,60|1,99|1,32|0,00
2013-10-25 18:56:22,229|4,0|4,0|91,8|995|659|335|10,60|1,99|6,23|216,36
2013-10-25 18:56:27,666|0,0|0,0|100,0|995|659|335|10,60|1,99|2,53|0,00
2013-10-25 18:56:33,113|2,0|2,0|96,0|995|661|334|10,60|1,99|5,84|214,84
2013-10-25 18:56:38,548|0,0|0,0|100,0|995|659|335|10,60|1,99|4,20|8,54
2013-10-25 18:56:43,997|5,8|3,9|88,2|995|659|335|10,60|1,99|1,34|0,06
2013-10-25 18:56:49,442|0,0|0,0|100,0|995|659|335|10,60|1,99|7,28|27,88
2013-10-25 18:56:54,887|0,0|1,9|98,0|995|659|335|10,60|1,99|1,50|0,00
2013-10-25 18:57:00,385|0,0|0,0|100,0|995|659|335|10,60|1,99|6,46|30,98
2013-10-25 18:57:05,866|1,9|0,0|98,0|995|660|335|10,60|1,99|1,69|0,06
2013-10-25 18:57:11,304|0,0|0,0|100,0|995|660|335|10,60|1,99|12,43|252,01
2013-10-25 18:57:16,745|0,0|0,0|100,0|995|660|335|10,60|1,99|1,28|0,00
2013-10-25 18:57:22,189|2,0|0,0|98,0|995|661|334|10,60|1,99|9,82|243,09
2013-10-25 18:57:27,628|0,0|0,0|100,0|995|660|335|10,60|1,99|0,48|0,00
2013-10-25 18:57:33,094|4,0|6,0|90,0|995|660|335|10,60|1,99|6,07|216,16
2013-10-25 18:57:38,527|0,0|0,0|100,0|995|660|335|10,60|1,99|5,46|5,36
2013-10-25 18:57:43,996|6,0|4,0|90,0|995|660|335|10,60|1,99|10,75|220,64
2013-10-25 18:57:49,429|0,0|0,0|100,0|995|660|335|10,60|1,99|0,81|0,00
2013-10-25 18:57:54,873|2,0|6,1|91,8|995|660|335|10,60|1,99|6,51|216,36
2013-10-25 18:58:00,324|0,0|0,0|100,0|995|660|335|10,60|1,99|0,23|0,00
2013-10-25 18:58:05,777|5,7|5,7|88,4|995|660|335|10,60|1,99|7,62|222,32
2013-10-25 18:58:11,213|0,0|0,0|100,0|995|660|335|10,60|1,99|1,26|4,41
2013-10-25 18:58:16,649|4,0|4,0|92,0|995|660|335|10,60|1,99|7,53|216,29
2013-10-25 18:58:22,095|0,0|0,0|100,0|995|660|335|10,60|1,99|1,98|0,00
2013-10-25 18:58:27,542|6,1|4,0|89,7|995|660|335|10,60|1,99|6,28|216,23
2013-10-25 18:58:33,003|0,0|0,0|100,0|995|660|335|10,60|1,99|2,36|4,39
2013-10-25 18:58:38,446|2,0|6,1|91,8|995|660|335|10,60|1,99|6,23|220,64
2013-10-25 18:58:43,892|0,0|0,0|100,0|995|660|335|10,60|1,99|1,64|0,00
2013-10-25 18:58:49,333|9,6|3,8|86,5|995|660|335|10,60|1,99|6,29|216,23
2013-10-25 18:58:54,769|0,0|0,0|100,0|995|660|335|10,60|1,99|0,79|0,00
2013-10-25 18:59:00,245|0,0|0,0|100,0|995|660|335|10,60|1,99|11,17|247,38
2013-10-25 18:59:05,687|0,0|0,0|100,0|995|660|335|10,60|1,99|0,66|4,41
2013-10-25 18:59:11,138|0,0|0,0|100,0|995|660|335|10,60|1,99|11,58|247,46
2013-10-25 18:59:16,582|2,0|0,0|98,0|995|660|335|10,60|1,99|2,83|0,00
2013-10-25 18:59:22,013|0,0|0,0|100,0|995|660|335|10,60|1,99|7,90|33,03
2013-10-25 18:59:27,481|0,0|2,0|98,0|995|660|335|10,60|1,99|0,55|0,00
2013-10-25 18:59:32,922|0,0|0,0|100,0|995|660|335|10,60|1,99|5,32|36,13
2013-10-25 18:59:38,368|0,0|0,0|100,0|995|660|335|10,60|1,99|0,24|0,06
2013-10-25 18:59:43,838|0,0|0,0|100,0|995|660|335|10,60|1,99|6,47|31,87
2013-10-25 18:59:49,277|3,9|7,8|88,2|995|660|335|10,60|1,99|0,38|0,00
2013-10-25 18:59:54,753|0,0|0,0|100,0|995|660|335|10,60|1,99|15,21|32,38
2013-10-25 19:00:00,190|4,0|6,0|90,0|995|660|335|10,60|1,99|0,43|4,41
2013-10-25 19:00:05,621|0,0|0,0|100,0|995|660|335|10,60|1,99|2,57|4,41
2013-10-25 19:00:11,074|0,0|0,0|100,0|995|660|334|10,60|1,99|5,56|214,77
2013-10-25 19:00:16,521|0,0|0,0|100,0|995|660|335|10,60|1,99|2,86|0,00
2013-10-25 19:00:21,954|5,8|5,8|88,2|995|660|335|10,60|1,99|6,58|216,29
2013-10-25 19:00:27,394|0,0|1,9|98,0|995|660|335|10,60|1,99|0,61|0,00
2013-10-25 19:00:32,825|0,0|0,0|100,0|995|661|334|10,60|1,99|9,58|252,85
2013-10-25 19:00:38,278|0,0|0,0|100,0|995|660|335|10,60|1,99|0,23|2,23
2013-10-25 19:00:43,755|0,0|0,0|100,0|995|660|335|10,60|1,99|9,77|35,73
2013-10-25 19:00:49,202|0,0|0,0|100,0|995|660|335|10,59|1,99|0,71|0,00
2013-10-25 19:00:54,646|1,9|0,0|98,0|995|660|335|10,59|1,99|5,29|31,22
2013-10-25 19:01:00,106|4,1|2,0|93,7|995|660|335|10,59|1,99|1,00|4,41
2013-10-25 19:01:05,578|0,0|0,0|100,0|995|660|335|10,59|1,99|5,53|37,36
2013-10-25 19:01:11,014|4,0|6,0|90,0|995|660|335|10,59|1,99|0,29|0,00
2013-10-25 19:01:16,451|0,0|0,0|100,0|995|660|335|10,59|1,99|3,15|0,00
2013-10-25 19:01:21,906|2,0|4,0|94,0|995|660|335|10,59|1,99|8,43|216,29
2013-10-25 19:01:27,341|0,0|0,0|100,0|995|660|335|10,59|1,99|1,93|0,06
2013-10-25 19:01:32,774|0,0|0,0|100,0|995|660|335|10,59|1,99|11,05|255,52
2013-10-25 19:01:38,234|2,0|0,0|98,0|995|660|335|10,59|1,99|0,32|0,00
2013-10-25 19:01:43,675|0,0|0,0|100,0|995|660|335|10,59|1,99|7,00|33,47
2013-10-25 19:01:49,109|5,8|5,8|88,2|995|660|335|10,59|1,99|1,63|0,00
2013-10-25 19:01:54,551|2,0|0,0|98,0|995|660|335|10,59|1,99|0,82|0,00
2013-10-25 19:01:59,988|4,0|6,0|90,0|995|660|335|10,59|1,99|6,63|217,99
2013-10-25 19:02:05,428|0,0|0,0|100,0|995|660|335|10,59|1,99|0,80|0,00
2013-10-25 19:02:10,913|0,0|0,0|100,0|995|660|335|10,59|1,99|6,91|35,22
2013-10-25 19:02:16,386|2,0|0,0|98,0|995|660|335|10,59|1,99|0,86|0,00
2013-10-25 19:02:21,821|0,0|0,0|100,0|995|660|335|10,59|1,99|3,65|3,05
2013-10-25 19:02:27,292|0,0|0,0|100,0|995|660|335|10,59|1,99|7,44|220,71
2013-10-25 19:02:32,725|0,0|0,0|100,0|995|660|335|10,59|1,99|1,36|4,41
2013-10-25 19:02:38,171|2,0|0,0|98,0|995|661|334|10,59|1,99|6,49|33,61
2013-10-25 19:02:43,609|0,0|0,0|100,0|995|660|335|10,59|1,99|2,34|0,00
2013-10-25 19:02:49,056|0,0|0,0|100,0|995|660|335|10,59|1,99|1,78|0,00
