MV1===========================================
2014-06-10 17:53:44,242|0,0|0,0|100,0|995|287|708|1,58|0,90|0,00|0,00
2014-06-10 17:53:49,733|0,0|0,0|100,0|995|287|708|1,58|0,90|0,26|0,04
2014-06-10 17:53:55,288|0,0|0,0|100,0|995|285|709|1,58|0,90|0,00|0,00
2014-06-10 17:54:00,852|0,0|0,0|100,0|995|285|709|1,58|0,90|0,00|0,00
2014-06-10 17:54:06,386|1,9|0,0|98,0|995|285|709|1,58|0,90|0,00|0,00
2014-06-10 17:54:11,893|0,0|0,0|100,0|995|285|709|1,58|0,90|0,24|0,00
2014-06-10 17:54:17,392|0,0|0,0|100,0|995|285|709|1,58|0,90|0,00|0,00
2014-06-10 17:54:22,896|0,0|0,0|100,0|995|285|709|1,58|0,90|0,00|0,00
2014-06-10 17:54:28,397|0,0|0,0|100,0|995|285|709|1,58|0,90|0,00|0,00
2014-06-10 17:54:33,907|3,9|1,9|94,1|995|285|709|1,58|0,90|0,10|0,00
2014-06-10 17:54:39,410|0,0|0,0|100,0|995|285|709|1,58|0,90|0,00|0,00
2014-06-10 17:54:44,978|0,0|0,0|100,0|995|285|709|1,58|0,90|0,00|0,00
2014-06-10 17:54:50,509|0,0|0,0|100,0|995|285|709|1,58|0,90|0,00|0,00
2014-06-10 17:54:56,030|0,0|0,0|100,0|995|285|709|1,58|0,90|0,00|0,00
2014-06-10 17:55:01,530|0,0|0,0|100,0|995|285|709|1,58|0,90|0,54|0,71
2014-06-10 17:55:07,207|89,7|2,0|8,1|995|286|708|1,58|0,91|1,08|1,41
2014-06-10 17:55:13,071|100,0|0,0|0,0|995|286|709|1,58|0,91|1,68|1,42
2014-06-10 17:55:18,930|89,7|0,0|10,2|995|286|708|1,58|0,91|2,68|2,12
2014-06-10 17:55:24,762|100,0|0,0|0,0|995|290|704|1,58|0,91|6,42|30,43
2014-06-10 17:55:30,534|98,0|2,0|0,0|995|289|706|1,58|0,91|4,61|5,41
2014-06-10 17:55:36,198|2,0|2,0|96,0|995|287|708|1,58|0,91|1,46|0,00
2014-06-10 17:55:41,738|6,1|2,0|91,8|995|287|708|1,58|0,91|0,18|0,00
2014-06-10 17:55:47,267|1,9|0,0|98,0|995|287|708|1,58|0,91|0,23|0,00
2014-06-10 17:55:52,788|0,0|0,0|95,9|995|287|708|1,58|0,91|2,57|0,00
2014-06-10 17:55:58,315|0,0|0,0|100,0|995|287|708|1,58|0,91|0,18|0,00
2014-06-10 17:56:03,807|0,0|0,0|98,0|995|287|708|1,58|0,91|0,00|0,00
2014-06-10 17:56:09,186|98,0|2,0|0,0|995|288|706|1,58|0,92|2,01|1,12
2014-06-10 17:56:14,911|98,0|2,0|0,0|995|293|701|1,58|0,92|1,38|0,55
2014-06-10 17:56:20,714|100,0|0,0|0,0|995|299|696|1,58|0,92|1,38|0,55
2014-06-10 17:56:26,524|100,0|0,0|0,0|995|300|695|1,58|0,92|6,23|29,82
2014-06-10 17:56:32,293|98,0|0,0|0,0|995|311|684|1,58|0,92|3,69|4,69
2014-06-10 17:56:38,046|98,0|1,9|0,0|995|302|692|1,58|0,92|0,00|0,00
2014-06-10 17:56:43,789|100,0|0,0|0,0|995|295|699|1,58|0,92|1,18|1,72
2014-06-10 17:56:49,563|0,0|0,0|100,0|995|289|705|1,58|0,92|1,06|0,00
2014-06-10 17:56:55,121|0,0|0,0|100,0|995|289|705|1,58|0,93|0,64|0,00
2014-06-10 17:57:00,650|0,0|0,0|100,0|995|289|705|1,58|0,93|1,11|0,00
2014-06-10 17:57:06,170|0,0|0,0|100,0|995|289|705|1,58|0,93|0,88|0,00
2014-06-10 17:57:11,730|0,0|0,0|100,0|995|289|705|1,58|0,93|0,18|0,00
2014-06-10 17:57:17,258|0,0|0,0|100,0|995|289|705|1,58|0,93|4,95|28,76
2014-06-10 17:57:22,780|90,1|0,0|9,8|995|291|704|1,58|0,93|6,76|9,21
2014-06-10 17:57:28,447|96,0|1,9|0,0|995|294|701|1,58|0,93|3,18|5,76
2014-06-10 17:57:34,187|98,0|2,0|0,0|995|301|693|1,58|0,93|1,45|0,61
2014-06-10 17:57:39,949|98,0|2,0|0,0|995|306|689|1,58|0,93|1,38|0,55
2014-06-10 17:57:45,694|97,9|2,0|0,0|995|300|695|1,57|0,93|2,68|2,84
2014-06-10 17:57:51,439|100,0|0,0|0,0|995|304|690|1,57|0,93|1,40|0,00
2014-06-10 17:57:57,189|98,0|2,0|0,0|995|296|699|1,57|0,94|1,95|1,15
2014-06-10 17:58:02,960|0,0|0,0|100,0|995|290|705|1,57|0,94|0,12|0,00
2014-06-10 17:58:08,504|100,0|0,0|0,0|995|293|701|1,57|0,94|2,07|1,12
2014-06-10 17:58:14,311|100,0|0,0|0,0|995|295|700|1,57|0,94|3,34|1,25
2014-06-10 17:58:20,050|100,0|0,0|0,0|995|305|690|1,57|0,94|1,38|0,55
2014-06-10 17:58:25,790|98,0|1,9|0,0|995|312|682|1,57|0,94|1,38|0,55
2014-06-10 17:58:31,523|100,0|0,0|0,0|995|297|698|1,57|0,95|0,19|0,57
2014-06-10 17:58:37,259|100,0|0,0|0,0|995|300|695|1,57|0,95|1,92|1,72
2014-06-10 17:58:42,993|98,0|2,0|0,0|995|292|703|1,57|0,95|0,00|0,00
2014-06-10 17:58:48,642|0,0|0,0|100,0|995|291|704|1,57|0,95|0,54|0,71
2014-06-10 17:58:54,340|98,0|2,0|0,0|995|294|700|1,57|0,95|1,57|1,12
2014-06-10 17:59:00,106|98,0|0,0|0,0|995|296|699|1,57|0,95|3,18|6,28
2014-06-10 17:59:05,853|98,0|2,0|0,0|995|310|685|1,57|0,95|1,44|0,55
2014-06-10 17:59:11,643|100,0|0,0|0,0|995|299|696|1,57|0,95|1,77|1,69
2014-06-10 17:59:17,415|98,0|2,0|0,0|995|306|688|1,57|0,95|0,00|0,00
2014-06-10 17:59:23,183|100,0|0,0|0,0|995|299|696|1,57|0,96|1,16|4,02
2014-06-10 17:59:28,971|0,0|0,0|100,0|995|292|703|1,57|0,96|4,79|28,70
2014-06-10 17:59:34,515|0,0|0,0|100,0|995|292|703|1,57|0,96|4,61|7,92
2014-06-10 17:59:39,992|0,0|0,0|100,0|995|292|703|1,57|0,96|4,66|28,76
2014-06-10 17:59:45,527|0,0|0,0|100,0|995|292|703|1,57|0,96|4,61|8,06
2014-06-10 17:59:51,051|94,0|6,0|0,0|995|295|699|1,57|0,96|1,70|1,69
2014-06-10 17:59:56,803|100,0|0,0|0,0|995|299|696|1,57|0,96|6,54|9,91
2014-06-10 18:00:02,549|98,0|2,0|0,0|995|296|699|1,57|0,96|4,54|11,44
2014-06-10 18:00:08,276|94,1|5,8|0,0|995|299|696|1,57|0,96|3,25|0,55
2014-06-10 18:00:14,015|100,0|0,0|0,0|995|317|678|1,57|0,96|0,66|0,00
2014-06-10 18:00:19,863|100,0|0,0|0,0|995|299|696|1,57|0,96|1,84|2,86
2014-06-10 18:00:25,641|32,0|0,0|68,0|995|292|702|1,57|0,97|0,00|0,00
2014-06-10 18:00:31,271|0,0|0,0|100,0|995|292|702|1,57|0,97|0,00|0,00
2014-06-10 18:00:36,785|100,0|0,0|0,0|995|294|700|1,57|0,97|4,38|1,12
2014-06-10 18:00:42,584|100,0|0,0|0,0|995|296|699|1,57|0,97|1,69|0,27
2014-06-10 18:00:48,335|100,0|0,0|0,0|995|294|701|1,57|0,97|1,08|1,42
2014-06-10 18:00:54,066|98,0|2,0|0,0|995|298|697|1,57|0,97|2,15|2,84
2014-06-10 18:00:59,821|98,0|0,0|0,0|995|307|688|1,57|0,98|0,12|0,00
2014-06-10 18:01:05,591|86,0|2,0|12,0|995|294|701|1,57|0,98|2,08|0,30
2014-06-10 18:01:11,257|0,0|0,0|100,0|995|294|701|1,57|0,98|4,79|28,68
2014-06-10 18:01:16,799|94,0|0,0|6,0|995|295|700|1,57|0,98|5,80|10,63
2014-06-10 18:01:22,633|98,0|1,9|0,0|995|295|700|1,57|0,98|5,70|1,48
2014-06-10 18:01:28,460|93,8|2,0|4,0|995|295|700|1,57|0,98|3,18|1,41
2014-06-10 18:01:34,295|92,0|2,0|6,0|995|295|700|1,57|0,98|1,31|1,41
2014-06-10 18:01:40,154|0,0|0,0|100,0|995|294|700|1,57|0,98|0,00|0,00
2014-06-10 18:01:45,731|0,0|0,0|100,0|995|294|700|1,57|0,98|0,00|0,00
2014-06-10 18:01:51,270|0,0|0,0|100,0|995|294|700|1,57|0,98|0,88|0,00
2014-06-10 18:01:56,791|96,0|2,0|2,0|995|294|700|1,57|0,99|2,22|1,41
2014-06-10 18:02:02,591|100,0|0,0|0,0|995|298|697|1,57|0,99|2,13|1,12
2014-06-10 18:02:08,389|98,0|1,9|0,0|995|308|686|1,57|0,99|4,52|0,59
2014-06-10 18:02:14,154|100,0|0,0|0,0|995|302|693|1,57|0,99|4,68|6,99
2014-06-10 18:02:19,935|100,0|0,0|0,0|995|311|683|1,57|0,99|1,06|0,00
2014-06-10 18:02:25,693|98,0|2,0|0,0|995|304|691|1,57|0,99|5,65|28,70
2014-06-10 18:02:31,506|100,0|0,0|0,0|995|298|697|1,57|0,99|6,38|12,47
2014-06-10 18:02:37,290|100,0|0,0|0,0|995|297|698|1,57|1,00|4,89|6,28
2014-06-10 18:02:43,017|96,0|4,0|0,0|995|314|680|1,57|1,00|1,38|0,55
2014-06-10 18:02:48,755|100,0|0,0|0,0|995|299|696|1,57|1,00|2,09|2,84
2014-06-10 18:02:54,499|98,0|2,0|0,0|995|307|688|1,57|1,00|1,06|2,30
2014-06-10 18:03:00,235|100,0|0,0|0,0|995|305|690|1,57|1,00|0,19|0,58
2014-06-10 18:03:06,003|76,0|0,0|24,0|995|295|700|1,57|1,00|0,00|0,00
2014-06-10 18:03:11,653|0,0|0,0|100,0|995|295|700|1,57|1,00|2,63|0,00
2014-06-10 18:03:17,169|0,0|0,0|100,0|995|295|700|1,57|1,00|0,76|0,00
2014-06-10 18:03:22,675|0,0|0,0|98,0|995|295|700|1,57|1,01|0,23|0,00
2014-06-10 18:03:28,170|0,0|0,0|100,0|995|295|699|1,57|1,01|4,66|28,76
2014-06-10 18:03:33,675|0,0|0,0|100,0|995|295|699|1,57|1,01|4,48|10,98
2014-06-10 18:03:39,173|69,3|0,0|30,6|995|296|699|1,57|1,01|5,34|29,08
2014-06-10 18:03:44,722|0,0|0,0|98,0|995|295|699|1,57|1,01|5,09|11,52
2014-06-10 18:03:50,289|2,0|6,1|91,8|995|295|699|1,57|1,01|1,06|0,00
2014-06-10 18:03:55,801|6,1|6,1|87,7|995|293|702|1,57|1,01|0,70|0,00
2014-06-10 18:04:01,304|0,0|0,0|100,0|995|292|703|1,57|1,01|0,00|0,00
2014-06-10 18:04:06,902|0,0|0,0|98,0|995|292|703|1,57|1,01|0,18|0,00
2014-06-10 18:04:12,457|0,0|0,0|98,0|995|292|703|1,57|1,01|0,18|0,00
2014-06-10 18:04:18,011|0,0|0,0|100,0|995|292|703|1,57|1,01|0,00|0,00
2014-06-10 18:04:23,535|0,0|0,0|98,0|995|292|703|1,57|1,01|0,00|0,00
2014-06-10 18:04:29,047|0,0|0,0|100,0|995|292|703|1,57|1,01|0,00|0,00
2014-06-10 18:04:34,598|0,0|0,0|96,0|995|292|703|1,57|1,01|0,00|0,00
2014-06-10 18:04:40,146|0,0|0,0|100,0|995|292|703|1,57|1,01|0,00|0,00
2014-06-10 18:04:45,731|0,0|0,0|92,0|995|292|703|1,57|1,02|0,00|0,00
2014-06-10 18:04:51,271|0,0|0,0|100,0|995|292|703|1,57|1,02|0,00|0,00
2014-06-10 18:04:56,852|0,0|0,0|96,0|995|292|703|1,57|1,02|1,62|2,13
2014-06-10 18:05:02,543|98,0|1,9|0,0|995|296|698|1,57|1,02|1,77|1,69
2014-06-10 18:05:08,278|98,0|1,9|0,0|995|300|694|1,57|1,02|1,38|0,55
2014-06-10 18:05:14,023|100,0|0,0|0,0|995|305|690|1,57|1,02|1,99|0,55
2014-06-10 18:05:19,806|100,0|0,0|0,0|995|310|685|1,57|1,02|3,02|2,27
2014-06-10 18:05:25,547|100,0|0,0|0,0|995|317|678|1,57|1,02|3,87|1,22
2014-06-10 18:05:31,275|100,0|0,0|0,0|995|307|688|1,57|1,02|1,58|3,45
2014-06-10 18:05:37,017|0,0|1,9|98,0|995|302|692|1,57|1,03|0,32|0,00
2014-06-10 18:05:42,608|0,0|0,0|100,0|995|302|692|1,57|1,03|0,23|0,00
2014-06-10 18:05:48,151|0,0|0,0|100,0|995|302|692|1,57|1,03|0,09|0,00
2014-06-10 18:05:53,719|98,0|2,0|0,0|995|306|689|1,57|1,03|2,67|0,55
2014-06-10 18:05:59,503|98,0|1,9|0,0|995|309|685|1,57|1,03|1,56|0,55
2014-06-10 18:06:05,295|100,0|0,0|0,0|995|312|683|1,57|1,03|1,38|0,55
2014-06-10 18:06:11,043|100,0|0,0|0,0|995|317|678|1,57|1,03|1,38|0,55
2014-06-10 18:06:16,822|96,0|3,9|0,0|995|309|686|1,57|1,03|2,63|8,04
2014-06-10 18:06:22,575|100,0|0,0|0,0|995|319|676|1,56|1,03|0,88|0,00
2014-06-10 18:06:28,364|100,0|0,0|0,0|995|304|691|1,56|1,03|0,39|1,15
2014-06-10 18:06:34,100|100,0|0,0|0,0|995|301|694|1,56|1,04|2,41|3,99
2014-06-10 18:06:39,897|98,0|0,0|0,0|995|306|689|1,56|1,04|1,88|0,55
2014-06-10 18:06:45,636|98,0|1,9|0,0|995|314|681|1,56|1,04|1,73|0,68
2014-06-10 18:06:51,377|100,0|0,0|0,0|995|324|671|1,56|1,04|1,38|0,55
2014-06-10 18:06:57,121|100,0|0,0|0,0|995|304|691|1,56|1,04|0,19|0,57
2014-06-10 18:07:02,863|100,0|0,0|0,0|995|313|681|1,56|1,04|0,00|0,00
2014-06-10 18:07:08,605|25,4|3,9|70,5|995|300|695|1,56|1,04|0,53|0,00
2014-06-10 18:07:14,256|0,0|0,0|100,0|995|300|695|1,56|1,05|0,84|0,00
2014-06-10 18:07:20,026|74,5|1,9|23,5|995|300|694|1,56|1,05|6,62|15,18
2014-06-10 18:07:25,801|89,7|2,0|8,1|995|300|694|1,56|1,05|1,08|1,42
2014-06-10 18:07:31,651|91,8|4,0|4,0|995|300|695|1,56|1,05|1,14|1,42
2014-06-10 18:07:37,523|91,8|2,0|6,1|995|301|694|1,56|1,05|1,08|1,42
2014-06-10 18:07:43,325|1,9|1,9|96,1|995|301|694|1,56|1,05|2,65|12,65
2014-06-10 18:07:48,897|100,0|0,0|0,0|995|300|694|1,56|1,05|1,08|1,42
2014-06-10 18:07:54,735|91,8|6,1|2,0|995|301|694|1,56|1,05|1,08|1,42
2014-06-10 18:08:00,562|92,1|1,9|5,8|995|301|694|1,56|1,05|1,08|1,42
2014-06-10 18:08:06,446|98,0|2,0|0,0|995|300|694|1,56|1,06|1,08|1,42
2014-06-10 18:08:12,304|79,1|0,0|20,8|995|301|694|1,56|1,06|0,00|0,00
2014-06-10 18:08:17,938|0,0|0,0|100,0|995|300|695|1,56|1,06|0,47|0,00
2014-06-10 18:08:23,514|0,0|0,0|100,0|995|300|695|1,56|1,06|1,64|0,00
2014-06-10 18:08:29,046|1,9|0,0|98,0|995|300|695|1,56|1,06|0,00|0,00
2014-06-10 18:08:34,645|0,0|0,0|100,0|995|300|695|1,56|1,06|0,00|0,00
2014-06-10 18:08:40,161|0,0|0,0|100,0|995|300|695|1,56|1,06|0,59|0,00
2014-06-10 18:08:45,674|0,0|0,0|100,0|995|300|695|1,56|1,06|0,88|0,00
2014-06-10 18:08:51,147|0,0|0,0|100,0|995|300|695|1,56|1,06|0,29|0,00
2014-06-10 18:08:56,639|0,0|0,0|100,0|995|300|695|1,56|1,06|0,23|0,00
2014-06-10 18:09:02,146|98,0|2,0|0,0|995|301|694|1,56|1,06|2,87|1,69
2014-06-10 18:09:07,951|100,0|0,0|0,0|995|304|690|1,56|1,07|5,44|4,03
2014-06-10 18:09:13,691|100,0|0,0|0,0|995|303|692|1,56|1,07|1,83|2,27
2014-06-10 18:09:19,422|100,0|0,0|0,0|995|310|684|1,56|1,07|1,38|0,55
2014-06-10 18:09:25,175|98,0|2,0|0,0|995|322|673|1,56|1,07|0,00|0,00
2014-06-10 18:09:30,918|100,0|0,0|0,0|995|306|688|1,56|1,07|0,39|1,13
2014-06-10 18:09:36,711|98,0|1,9|0,0|995|305|690|1,56|1,07|5,37|30,51
2014-06-10 18:09:42,434|0,0|0,0|100,0|995|300|695|1,56|1,07|0,42|0,00
2014-06-10 18:09:47,938|98,0|2,0|0,0|995|302|693|1,56|1,07|7,99|29,86
2014-06-10 18:09:53,659|98,0|2,0|0,0|995|302|693|1,56|1,07|2,40|3,99
2014-06-10 18:09:59,430|100,0|0,0|0,0|995|306|689|1,56|1,08|7,00|32,12
2014-06-10 18:10:05,167|100,0|0,0|0,0|995|306|689|1,56|1,08|6,52|21,33
2014-06-10 18:10:10,907|96,0|4,0|0,0|995|312|683|1,56|1,08|0,92|1,86
2014-06-10 18:10:16,634|100,0|0,0|0,0|995|305|690|1,56|1,08|4,68|16,00
2014-06-10 18:10:22,373|4,0|6,0|88,0|995|300|695|1,56|1,08|0,53|0,00
2014-06-10 18:10:27,915|0,0|0,0|100,0|995|300|695|1,56|1,08|4,55|16,24
2014-06-10 18:10:33,426|0,0|6,0|94,0|995|299|695|1,56|1,08|0,00|0,00
2014-06-10 18:10:38,898|0,0|0,0|94,0|995|300|695|1,56|1,08|4,54|16,24
2014-06-10 18:10:44,421|0,0|0,0|100,0|995|299|695|1,56|1,09|0,00|0,00
2014-06-10 18:10:49,947|2,0|6,2|81,2|995|300|695|1,56|1,09|1,06|0,00
2014-06-10 18:10:55,524|84,3|1,9|13,7|995|300|694|1,56|1,09|1,08|1,42
2014-06-10 18:11:01,365|95,9|4,0|0,0|995|301|694|1,56|1,09|2,15|2,84
2014-06-10 18:11:07,175|98,0|1,9|0,0|995|303|692|1,56|1,09|1,96|2,27
2014-06-10 18:11:13,003|100,0|0,0|0,0|995|305|689|1,56|1,09|3,15|1,12
2014-06-10 18:11:18,745|100,0|0,0|0,0|995|312|683|1,56|1,09|0,70|0,00
2014-06-10 18:11:24,483|96,0|4,0|0,0|995|302|692|1,56|1,09|2,81|0,06
2014-06-10 18:11:30,124|0,0|0,0|100,0|995|300|695|1,56|1,09|0,23|0,00
2014-06-10 18:11:35,663|0,0|0,0|100,0|995|300|695|1,56|1,09|0,23|0,00
2014-06-10 18:11:41,208|0,0|0,0|100,0|995|300|695|1,56|1,09|0,00|0,00
2014-06-10 18:11:46,773|0,0|0,0|100,0|995|300|695|1,56|1,09|0,00|0,00
2014-06-10 18:11:52,289|0,0|0,0|100,0|995|300|695|1,56|1,10|1,99|0,00
2014-06-10 18:11:57,830|0,0|0,0|100,0|995|300|695|1,56|1,10|0,12|0,00
2014-06-10 18:12:03,396|0,0|0,0|100,0|995|300|695|1,56|1,10|0,00|0,00
2014-06-10 18:12:08,922|0,0|0,0|100,0|995|300|695|1,56|1,10|0,00|0,00
2014-06-10 18:12:14,362|0,0|0,0|100,0|995|300|695|1,56|1,10|0,00|0,00
2014-06-10 18:12:19,867|0,0|0,0|100,0|995|298|697|1,56|1,10|0,47|0,00
2014-06-10 18:12:25,412|0,0|0,0|100,0|995|298|697|1,56|1,10|0,10|0,00
2014-06-10 18:12:30,935|0,0|0,0|100,0|995|298|697|1,56|1,10|0,23|0,00
2014-06-10 18:12:36,440|0,0|0,0|100,0|995|298|697|1,56|1,10|0,00|0,00
2014-06-10 18:12:41,842|0,0|0,0|100,0|995|298|697|1,56|1,10|0,23|0,00
2014-06-10 18:12:47,336|0,0|0,0|100,0|995|298|697|1,56|1,10|0,18|0,00
2014-06-10 18:12:52,737|0,0|0,0|100,0|995|298|697|1,56|1,10|0,06|0,00
2014-06-10 18:12:58,196|100,0|0,0|0,0|995|299|696|1,56|1,10|1,77|1,69
2014-06-10 18:13:04,042|98,0|2,0|0,0|995|302|692|1,56|1,10|2,41|1,69
2014-06-10 18:13:09,785|100,0|0,0|0,0|995|315|680|1,56|1,11|1,38|0,55
2014-06-10 18:13:15,531|100,0|0,0|0,0|995|307|688|1,56|1,11|4,50|0,59
2014-06-10 18:13:21,381|100,0|0,0|0,0|995|309|685|1,56|1,11|0,35|0,14
2014-06-10 18:13:27,131|100,0|0,0|0,0|995|311|684|1,56|1,11|1,55|4,54
2014-06-10 18:13:32,927|100,0|0,0|0,0|995|307|688|1,56|1,11|1,16|4,60
2014-06-10 18:13:38,723|0,0|0,0|100,0|995|301|694|1,56|1,11|0,00|0,00
2014-06-10 18:13:44,304|4,0|6,0|90,0|995|301|694|1,56|1,11|1,79|2,13
2014-06-10 18:13:49,983|100,0|0,0|0,0|995|305|690|1,56|1,11|2,64|1,12
2014-06-10 18:13:55,882|98,0|2,0|0,0|995|313|681|1,56|1,11|6,22|19,53
2014-06-10 18:14:01,619|96,0|4,0|0,0|995|314|680|1,56|1,11|1,44|0,55
2014-06-10 18:14:07,398|100,0|0,0|0,0|995|319|675|1,56|1,12|1,38|0,55
2014-06-10 18:14:13,151|98,0|0,0|0,0|995|307|687|1,56|1,12|1,61|5,17
2014-06-10 18:14:18,930|100,0|0,0|0,0|995|307|688|1,56|1,12|1,73|1,15
2014-06-10 18:14:24,683|0,0|0,0|100,0|995|301|693|1,56|1,12|0,00|0,00
2014-06-10 18:14:30,192|98,0|0,0|2,0|995|302|693|1,56|1,12|1,08|1,42
2014-06-10 18:14:35,933|78,4|1,9|17,6|995|302|693|1,56|1,12|5,28|1,46
2014-06-10 18:14:41,807|90,0|0,0|10,0|995|302|693|1,56|1,13|2,75|1,42
2014-06-10 18:14:47,731|100,0|0,0|0,0|995|301|693|1,56|1,13|1,25|1,42
2014-06-10 18:14:53,589|0,0|0,0|100,0|995|301|693|1,56|1,13|0,18|0,00
2014-06-10 18:14:59,150|0,0|0,0|100,0|995|301|693|1,55|1,13|0,00|0,00
2014-06-10 18:15:04,694|0,0|0,0|100,0|995|301|693|1,55|1,13|0,00|0,00
2014-06-10 18:15:10,246|0,0|0,0|100,0|995|301|693|1,55|1,13|0,50|0,00
2014-06-10 18:15:15,796|0,0|0,0|100,0|995|301|693|1,55|1,13|0,60|0,00
2014-06-10 18:15:21,323|0,0|0,0|100,0|995|302|693|1,55|1,13|0,82|0,00
2014-06-10 18:15:26,912|98,0|2,0|0,0|995|303|692|1,55|1,13|4,03|2,84
2014-06-10 18:15:32,789|95,8|4,1|0,0|995|308|687|1,55|1,13|1,56|0,55
2014-06-10 18:15:38,536|98,0|2,0|0,0|995|307|688|1,55|1,13|2,46|3,99
2014-06-10 18:15:44,383|96,0|4,0|0,0|995|311|684|1,55|1,13|1,50|0,55
2014-06-10 18:15:50,227|98,0|0,0|0,0|995|324|671|1,55|1,14|1,06|0,00
2014-06-10 18:15:55,990|96,0|3,9|0,0|995|310|685|1,55|1,14|5,83|24,99
2014-06-10 18:16:01,747|100,0|0,0|0,0|995|309|685|1,55|1,14|0,90|2,88
2014-06-10 18:16:07,500|0,0|0,0|100,0|995|303|692|1,55|1,14|2,97|20,17
2014-06-10 18:16:12,955|2,0|4,0|93,8|995|302|692|1,55|1,14|2,57|0,00
2014-06-10 18:16:18,334|0,0|0,0|100,0|995|302|692|1,55|1,14|4,55|20,74
2014-06-10 18:16:23,898|6,0|6,0|86,0|995|302|692|1,55|1,14|0,00|0,00
2014-06-10 18:16:29,431|1,9|0,0|98,0|995|302|693|1,55|1,14|4,67|20,82
2014-06-10 18:16:34,962|90,0|2,0|8,0|995|303|692|1,55|1,14|2,01|1,42
2014-06-10 18:16:40,803|69,3|0,0|30,6|995|303|692|1,55|1,15|1,57|1,42
2014-06-10 18:16:46,647|86,0|0,0|14,0|995|302|692|1,55|1,15|5,73|30,12
2014-06-10 18:16:52,494|88,0|0,0|12,0|995|303|692|1,55|1,15|3,13|1,42
2014-06-10 18:16:58,286|98,0|1,9|0,0|995|306|688|1,55|1,15|0,06|0,00
2014-06-10 18:17:04,127|0,0|0,0|100,0|995|302|692|1,55|1,15|0,00|0,00
2014-06-10 18:17:09,670|98,0|1,9|0,0|995|304|691|1,55|1,15|1,77|1,69
2014-06-10 18:17:15,487|94,0|0,0|0,0|995|305|690|1,55|1,15|5,86|6,86
2014-06-10 18:17:21,282|100,0|0,0|0,0|995|308|686|1,55|1,15|1,51|1,12
2014-06-10 18:17:27,027|100,0|0,0|0,0|995|314|681|1,55|1,15|1,62|0,55
2014-06-10 18:17:32,774|100,0|0,0|0,0|995|316|678|1,55|1,15|0,81|0,27
2014-06-10 18:17:38,563|100,0|0,0|0,0|995|308|686|1,55|1,16|1,70|5,75
2014-06-10 18:17:44,299|100,0|0,0|0,0|995|310|685|1,55|1,16|0,39|1,15
2014-06-10 18:17:50,037|0,0|0,0|100,0|995|302|692|1,55|1,16|0,00|0,00
2014-06-10 18:17:55,569|0,0|0,0|100,0|995|302|692|1,55|1,16|2,11|0,00
2014-06-10 18:18:01,080|0,0|0,0|100,0|995|302|692|1,55|1,16|0,00|0,00
2014-06-10 18:18:06,625|0,0|0,0|100,0|995|302|692|1,55|1,16|0,00|0,00
2014-06-10 18:18:12,168|0,0|0,0|100,0|995|302|692|1,55|1,16|0,39|0,00
2014-06-10 18:18:17,747|96,0|4,0|0,0|995|303|692|1,55|1,16|1,08|1,42
2014-06-10 18:18:23,608|100,0|0,0|0,0|995|303|691|1,55|1,17|3,12|1,42
2014-06-10 18:18:29,450|100,0|0,0|0,0|995|304|691|1,55|1,17|6,70|24,15
2014-06-10 18:18:35,239|94,0|4,0|0,0|995|306|688|1,55|1,17|2,40|4,57
2014-06-10 18:18:40,977|100,0|0,0|0,0|995|308|687|1,55|1,17|5,30|23,07
2014-06-10 18:18:46,764|0,0|0,0|100,0|995|303|692|1,55|1,17|4,66|28,77
2014-06-10 18:18:52,299|0,0|0,0|100,0|995|303|692|1,55|1,17|6,57|24,93
2014-06-10 18:18:58,039|94,1|1,9|0,0|995|307|688|1,55|1,17|4,21|27,99
2014-06-10 18:19:03,791|98,0|2,0|0,0|995|314|681|1,55|1,17|1,70|1,70
2014-06-10 18:19:09,542|100,0|0,0|0,0|995|317|678|1,55|1,17|6,36|30,40
2014-06-10 18:19:15,287|96,0|2,0|0,0|995|312|682|1,55|1,17|2,28|3,42
2014-06-10 18:19:21,046|100,0|0,0|0,0|995|317|678|1,55|1,17|3,21|6,32
2014-06-10 18:19:26,795|100,0|0,0|0,0|995|317|678|1,55|1,18|0,92|0,25
2014-06-10 18:19:32,537|100,0|0,0|0,0|995|308|687|1,55|1,18|1,68|1,99
2014-06-10 18:19:38,274|100,0|0,0|0,0|995|307|687|1,55|1,18|0,88|0,85
2014-06-10 18:19:44,079|98,0|1,9|0,0|995|305|690|1,55|1,18|1,60|1,42
2014-06-10 18:19:49,919|86,0|0,0|14,0|995|304|691|1,55|1,18|1,01|1,42
2014-06-10 18:19:55,770|1,9|0,0|98,0|995|304|691|1,55|1,18|0,00|0,00
2014-06-10 18:20:01,329|88,2|1,9|9,8|995|304|691|1,55|1,18|1,08|1,42
2014-06-10 18:20:07,142|81,6|4,0|14,2|995|306|688|1,55|1,19|1,01|1,42
2014-06-10 18:20:13,031|98,0|1,9|0,0|995|304|691|1,55|1,19|1,08|1,42
2014-06-10 18:20:18,894|78,0|2,0|20,0|995|305|690|1,55|1,19|4,66|4,00
2014-06-10 18:20:24,643|70,5|1,9|27,4|995|304|691|1,55|1,19|4,90|28,77
2014-06-10 18:20:30,309|0,0|0,0|100,0|995|304|691|1,55|1,19|0,00|0,00
2014-06-10 18:20:35,931|87,7|0,0|12,2|995|305|690|1,55|1,19|5,86|30,18
2014-06-10 18:20:41,789|97,9|0,0|2,0|995|305|690|1,55|1,19|1,08|1,42
2014-06-10 18:20:47,467|84,0|2,0|14,0|995|305|690|1,55|1,19|1,08|1,42
2014-06-10 18:20:53,447|88,0|2,0|10,0|995|305|690|1,55|1,19|2,20|1,46
2014-06-10 18:20:59,284|90,0|2,0|8,0|995|305|690|1,55|1,19|0,00|0,00
2014-06-10 18:21:04,954|0,0|0,0|100,0|995|304|690|1,55|1,20|0,54|0,71
2014-06-10 18:21:10,655|98,0|1,9|0,0|995|304|690|1,55|1,20|1,57|1,42
2014-06-10 18:21:16,379|82,0|0,0|18,0|995|305|690|1,55|1,20|1,68|1,42
2014-06-10 18:21:22,219|98,0|1,9|0,0|995|305|690|1,55|1,20|1,08|1,42
2014-06-10 18:21:28,098|97,9|0,0|2,0|995|305|690|1,55|1,20|1,08|1,42
2014-06-10 18:21:33,887|0,0|0,0|100,0|995|304|690|1,55|1,20|2,86|24,28
2014-06-10 18:21:39,442|86,0|2,0|12,0|995|304|690|1,55|1,20|1,08|1,42
2014-06-10 18:21:45,144|84,0|4,0|12,0|995|305|690|1,55|1,21|1,08|1,42
2014-06-10 18:21:51,020|86,0|0,0|14,0|995|305|689|1,55|1,21|5,86|30,12
2014-06-10 18:21:56,843|93,8|0,0|6,1|995|305|690|1,55|1,21|1,08|1,42
2014-06-10 18:22:02,699|96,0|1,9|0,0|995|305|690|1,55|1,21|0,54|0,71
2014-06-10 18:22:08,417|84,0|2,0|14,0|995|305|690|1,55|1,21|1,14|1,48
2014-06-10 18:22:14,003|80,3|0,0|15,6|995|306|689|1,55|1,21|1,08|1,42
2014-06-10 18:22:19,860|84,0|0,0|16,0|995|305|690|1,55|1,21|1,08|1,42
2014-06-10 18:22:25,723|100,0|0,0|0,0|995|305|690|1,55|1,21|1,08|1,42
2014-06-10 18:22:31,563|84,0|2,0|14,0|995|306|689|1,55|1,21|0,54|0,71
2014-06-10 18:22:37,270|2,0|8,1|89,7|995|305|690|1,55|1,21|0,00|0,00
2014-06-10 18:22:42,817|0,0|0,0|100,0|995|305|690|1,55|1,22|0,00|0,00
2014-06-10 18:22:48,335|0,0|0,0|100,0|995|305|690|1,55|1,22|4,61|25,64
2014-06-10 18:22:53,914|6,1|4,0|89,7|995|305|690|1,55|1,22|1,93|0,00
2014-06-10 18:22:59,446|0,0|0,0|100,0|995|305|690|1,55|1,22|4,79|25,70
2014-06-10 18:23:05,039|94,0|6,0|0,0|995|305|689|1,55|1,22|1,38|1,99
2014-06-10 18:23:10,936|84,0|2,0|14,0|995|306|689|1,55|1,22|2,11|2,13
2014-06-10 18:23:16,727|100,0|0,0|0,0|995|308|686|1,55|1,22|7,35|32,12
2014-06-10 18:23:22,471|100,0|0,0|0,0|995|315|680|1,55|1,22|1,44|0,59
2014-06-10 18:23:28,202|100,0|0,0|0,0|995|313|682|1,55|1,22|0,73|1,28
2014-06-10 18:23:33,935|100,0|0,0|0,0|995|311|684|1,55|1,22|0,32|0,64
2014-06-10 18:23:39,672|0,0|0,0|96,0|995|305|690|1,55|1,23|0,00|0,00
2014-06-10 18:23:45,200|98,0|1,9|0,0|995|308|687|1,54|1,23|1,90|2,27
2014-06-10 18:23:50,987|98,0|2,0|0,0|995|308|687|1,54|1,23|2,93|6,28
2014-06-10 18:23:56,739|100,0|0,0|0,0|995|308|686|1,54|1,23|3,94|10,89
2014-06-10 18:24:02,513|100,0|0,0|0,0|995|313|681|1,54|1,23|5,99|27,18
2014-06-10 18:24:08,247|94,0|6,0|0,0|995|312|683|1,54|1,23|2,43|9,20
2014-06-10 18:24:13,990|98,0|2,0|0,0|995|322|673|1,54|1,23|0,00|0,00
2014-06-10 18:24:19,738|98,0|1,9|0,0|995|309|685|1,54|1,23|1,96|1,39
2014-06-10 18:24:25,431|100,0|0,0|0,0|995|306|688|1,54|1,23|5,79|30,16
2014-06-10 18:24:31,166|84,3|1,9|13,7|995|307|688|1,54|1,24|1,08|1,42
2014-06-10 18:24:37,023|96,0|0,0|4,0|995|306|689|1,54|1,24|1,08|1,42
2014-06-10 18:24:42,848|82,0|0,0|0,0|995|307|688|1,55|1,24|1,32|1,42
2014-06-10 18:24:48,689|0,0|0,0|100,0|995|306|688|1,55|1,24|0,00|0,00
2014-06-10 18:24:54,206|0,0|0,0|100,0|995|306|688|1,55|1,24|0,54|0,71
2014-06-10 18:24:59,827|92,0|2,0|6,0|995|307|687|1,55|1,24|1,08|1,42
2014-06-10 18:25:05,673|92,0|2,0|6,0|995|307|688|1,55|1,24|1,01|1,42
2014-06-10 18:25:11,530|84,3|3,9|11,7|995|307|688|1,55|1,24|6,19|28,79
2014-06-10 18:25:17,327|91,8|2,0|6,1|995|307|687|1,55|1,24|1,08|1,42
2014-06-10 18:25:23,144|0,0|0,0|100,0|995|307|688|1,54|1,25|5,67|27,55
2014-06-10 18:25:28,691|0,0|0,0|100,0|995|307|688|1,54|1,25|4,66|28,76
2014-06-10 18:25:34,210|0,0|0,0|100,0|995|307|688|1,54|1,25|0,00|0,00
2014-06-10 18:25:39,757|82,0|2,0|16,0|995|307|687|1,54|1,25|5,91|30,16
2014-06-10 18:25:45,581|73,4|0,0|26,5|995|307|687|1,54|1,25|1,14|1,42
2014-06-10 18:25:51,429|98,0|1,9|0,0|995|309|685|1,54|1,25|2,09|3,41
2014-06-10 18:25:57,215|100,0|0,0|0,0|995|315|679|1,54|1,25|1,38|0,55
2014-06-10 18:26:02,989|100,0|0,0|0,0|995|325|670|1,54|1,25|0,00|0,00
2014-06-10 18:26:08,778|100,0|0,0|0,0|995|310|684|1,54|1,25|2,05|0,00
2014-06-10 18:26:14,516|0,0|0,0|100,0|995|307|688|1,54|1,26|0,06|0,00
2014-06-10 18:26:20,079|0,0|0,0|100,0|995|307|688|1,54|1,26|0,00|0,00
2014-06-10 18:26:25,475|0,0|0,0|100,0|995|307|688|1,54|1,26|0,06|0,00
2014-06-10 18:26:30,943|0,0|0,0|100,0|995|307|688|1,54|1,26|0,00|0,00
2014-06-10 18:26:36,467|0,0|0,0|100,0|995|307|688|1,54|1,26|0,00|0,00
2014-06-10 18:26:41,984|0,0|0,0|100,0|995|307|688|1,54|1,26|1,84|0,00
2014-06-10 18:26:47,550|0,0|0,0|98,0|995|307|688|1,54|1,26|0,23|0,00
2014-06-10 18:26:53,081|0,0|0,0|100,0|995|307|688|1,54|1,26|0,00|0,00
2014-06-10 18:26:58,466|100,0|0,0|0,0|995|308|687|1,54|1,26|8,22|32,25
2014-06-10 18:27:04,289|96,0|4,0|0,0|995|312|683|1,54|1,26|1,90|2,27
2014-06-10 18:27:10,063|100,0|0,0|0,0|995|315|680|1,54|1,26|2,73|5,71
2014-06-10 18:27:15,802|98,0|1,9|0,0|995|316|678|1,54|1,26|5,10|3,71
2014-06-10 18:27:21,551|100,0|0,0|0,0|995|317|677|1,54|1,27|0,04|0,00
2014-06-10 18:27:27,295|100,0|0,0|0,0|995|315|680|1,54|1,27|0,58|1,72
2014-06-10 18:27:33,039|100,0|0,0|0,0|995|312|683|1,54|1,27|0,00|0,00
2014-06-10 18:27:38,616|0,0|0,0|100,0|995|307|688|1,54|1,27|1,33|0,00
2014-06-10 18:27:44,175|0,0|0,0|100,0|995|307|688|1,54|1,27|0,81|0,00
2014-06-10 18:27:49,701|0,0|0,0|100,0|995|307|688|1,54|1,27|2,58|0,00
2014-06-10 18:27:55,219|0,0|0,0|100,0|995|307|688|1,54|1,27|0,00|0,00
2014-06-10 18:28:00,768|1,9|0,0|96,0|995|307|688|1,54|1,27|0,04|0,00
2014-06-10 18:28:06,347|0,0|0,0|100,0|995|307|688|1,54|1,27|0,75|0,00
2014-06-10 18:28:11,852|6,0|2,0|92,0|995|307|688|1,54|1,27|0,50|0,00
2014-06-10 18:28:17,392|0,0|0,0|100,0|995|307|688|1,54|1,28|1,31|0,00
2014-06-10 18:28:22,971|0,0|0,0|100,0|995|307|688|1,54|1,28|4,80|29,83
2014-06-10 18:28:28,473|4,0|0,0|96,0|995|305|689|1,54|1,28|1,13|26,11
2014-06-10 18:28:34,039|0,0|0,0|100,0|995|304|690|1,54|1,28|1,61|0,30
2014-06-10 18:28:39,609|0,0|0,0|100,0|995|304|690|1,54|1,28|5,94|28,76
2014-06-10 18:28:45,168|0,0|0,0|100,0|995|304|690|1,54|1,28|3,28|0,06
2014-06-10 18:28:50,703|0,0|0,0|100,0|995|304|690|1,54|1,28|2,45|0,00
2014-06-10 18:28:56,213|0,0|0,0|100,0|995|304|690|1,54|1,28|0,06|0,00
2014-06-10 18:29:01,755|0,0|0,0|100,0|995|305|690|1,54|1,28|0,00|0,00
2014-06-10 18:29:07,300|0,0|0,0|100,0|995|305|690|1,54|1,28|0,06|0,00
2014-06-10 18:29:12,828|0,0|0,0|100,0|995|305|690|1,54|1,28|0,00|0,00
2014-06-10 18:29:18,303|0,0|0,0|100,0|995|305|690|1,54|1,28|0,75|0,00
2014-06-10 18:29:23,844|0,0|0,0|100,0|995|305|690|1,54|1,28|5,74|30,66
2014-06-10 18:29:29,349|0,0|0,0|100,0|995|305|690|1,54|1,28|0,06|0,00
2014-06-10 18:29:34,928|0,0|0,0|100,0|995|305|690|1,54|1,28|0,75|0,00
2014-06-10 18:29:40,454|0,0|0,0|100,0|995|305|690|1,54|1,28|0,00|0,00
2014-06-10 18:29:45,886|0,0|0,0|100,0|995|305|690|1,54|1,28|0,29|0,00
2014-06-10 18:29:51,379|0,0|0,0|100,0|995|305|690|1,54|1,29|0,00|0,00
2014-06-10 18:29:56,779|0,0|0,0|100,0|995|305|690|1,54|1,29|0,00|0,00
2014-06-10 18:30:02,159|0,0|0,0|100,0|995|305|690|1,54|1,29|0,00|0,00
2014-06-10 18:30:07,703|1,9|0,0|98,0|995|305|690|1,54|1,29|2,05|0,00
2014-06-10 18:30:13,231|0,0|0,0|100,0|995|305|690|1,54|1,29|0,00|0,00
2014-06-10 18:30:18,779|0,0|0,0|100,0|995|305|690|1,54|1,29|0,00|0,00
2014-06-10 18:30:24,313|0,0|0,0|100,0|995|305|690|1,54|1,29|1,06|0,00
2014-06-10 18:30:29,685|0,0|0,0|100,0|995|305|690|1,54|1,29|0,00|0,00
2014-06-10 18:30:35,217|0,0|0,0|100,0|995|305|690|1,54|1,29|0,33|0,00
2014-06-10 18:30:40,732|0,0|0,0|100,0|995|305|690|1,54|1,29|0,00|0,00
2014-06-10 18:30:46,280|0,0|0,0|100,0|995|305|690|1,54|1,29|0,75|0,00
2014-06-10 18:30:51,822|0,0|0,0|100,0|995|305|690|1,54|1,29|0,00|0,00
2014-06-10 18:30:57,346|0,0|0,0|100,0|995|305|690|1,54|1,29|0,06|0,00
2014-06-10 18:31:02,852|1,9|0,0|98,0|995|305|690|1,54|1,29|0,00|0,00
2014-06-10 18:31:08,352|0,0|0,0|100,0|995|305|690|1,54|1,29|0,00|0,00
2014-06-10 18:31:13,866|0,0|0,0|100,0|995|305|690|1,54|1,29|0,00|0,00
2014-06-10 18:31:19,434|0,0|0,0|100,0|995|305|690|1,54|1,29|0,47|0,00
2014-06-10 18:31:24,966|0,0|0,0|100,0|995|305|690|1,54|1,29|0,00|0,00
2014-06-10 18:31:30,483|0,0|0,0|100,0|995|305|690|1,54|1,29|0,21|0,00
2014-06-10 18:31:35,985|0,0|0,0|100,0|995|305|690|1,54|1,29|2,88|0,04
2014-06-10 18:31:41,531|0,0|0,0|100,0|995|305|690|1,54|1,29|0,56|0,00
2014-06-10 18:31:47,077|0,0|0,0|100,0|995|305|690|1,54|1,29|3,10|0,00
2014-06-10 18:31:52,598|0,0|0,0|100,0|995|305|690|1,54|1,29|0,12|0,00
2014-06-10 18:31:58,112|0,0|0,0|100,0|995|305|690|1,54|1,30|0,00|0,00
2014-06-10 18:32:03,676|0,0|0,0|100,0|995|305|690|1,54|1,30|0,00|0,00
2014-06-10 18:32:09,204|0,0|0,0|100,0|995|305|690|1,54|1,30|0,06|0,00
2014-06-10 18:32:14,752|0,0|0,0|100,0|995|305|690|1,54|1,30|0,87|0,00
2014-06-10 18:32:20,314|0,0|0,0|100,0|995|305|690|1,54|1,30|1,93|0,00
2014-06-10 18:32:25,842|0,0|0,0|100,0|995|305|690|1,54|1,30|0,00|0,00
2014-06-10 18:32:31,375|0,0|0,0|100,0|995|305|690|1,54|1,30|0,00|0,00
2014-06-10 18:32:36,933|0,0|0,0|100,0|995|305|690|1,54|1,30|0,00|0,00
2014-06-10 18:32:42,463|0,0|0,0|100,0|995|305|690|1,54|1,30|0,85|0,00
2014-06-10 18:32:47,894|0,0|0,0|100,0|995|305|690|1,54|1,30|0,96|0,00
2014-06-10 18:32:53,360|0,0|0,0|100,0|995|305|690|1,54|1,30|0,00|0,00
2014-06-10 18:32:58,907|0,0|0,0|100,0|995|305|690|1,54|1,30|0,00|0,00
2014-06-10 18:33:04,446|0,0|0,0|100,0|995|305|690|1,54|1,30|0,75|0,00
2014-06-10 18:33:09,923|0,0|0,0|100,0|995|305|690|1,54|1,30|0,00|0,00
2014-06-10 18:33:15,395|0,0|0,0|100,0|995|305|690|1,54|1,30|0,00|0,00
2014-06-10 18:33:20,953|0,0|0,0|100,0|995|305|690|1,54|1,30|0,00|0,00
2014-06-10 18:33:26,346|0,0|0,0|100,0|995|305|690|1,54|1,30|0,00|0,00
2014-06-10 18:33:31,822|0,0|0,0|100,0|995|305|690|1,54|1,30|0,00|0,00
2014-06-10 18:33:37,347|0,0|0,0|100,0|995|305|690|1,54|1,30|0,00|0,00
2014-06-10 18:33:42,862|0,0|0,0|100,0|995|305|690|1,54|1,30|0,50|0,00
2014-06-10 18:33:48,368|1,9|0,0|98,0|995|305|690|1,54|1,30|0,29|0,00
2014-06-10 18:33:53,935|0,0|0,0|100,0|995|305|690|1,54|1,30|1,06|0,00
2014-06-10 18:33:59,487|0,0|0,0|100,0|995|305|690|1,54|1,30|0,00|0,00
2014-06-10 18:34:04,992|0,0|0,0|100,0|995|305|690|1,54|1,30|0,00|0,00
2014-06-10 18:34:10,562|0,0|0,0|100,0|995|305|690|1,54|1,30|0,00|0,00
2014-06-10 18:34:16,125|0,0|0,0|100,0|995|305|690|1,53|1,30|0,00|0,00
2014-06-10 18:34:21,690|0,0|0,0|100,0|995|305|690|1,53|1,30|0,00|0,00
2014-06-10 18:34:27,222|0,0|0,0|100,0|995|305|690|1,53|1,31|0,75|0,00
2014-06-10 18:34:32,739|0,0|0,0|100,0|995|306|689|1,53|1,31|1,23|0,00
2014-06-10 18:34:38,245|0,0|0,0|100,0|995|306|689|1,53|1,31|2,87|0,00
2014-06-10 18:34:43,812|0,0|0,0|100,0|995|306|689|1,53|1,31|3,39|0,04
2014-06-10 18:34:49,347|0,0|0,0|100,0|995|306|689|1,53|1,31|0,00|0,00
2014-06-10 18:34:54,865|0,0|0,0|100,0|995|306|689|1,53|1,31|0,00|0,00
MV2===========================================
2014-06-10 17:54:10,033|0,0|0,0|96,0|1678|1060|617|0,00|0,00|0,00|0,00
2014-06-10 17:54:15,810|0,0|0,0|95,9|1678|1059|619|0,00|0,00|0,47|1,01
2014-06-10 17:54:21,617|0,0|0,0|96,0|1678|1059|618|0,00|0,00|0,00|0,00
2014-06-10 17:54:27,525|0,0|0,0|100,0|1678|1059|619|0,00|0,00|0,00|0,00
2014-06-10 17:54:33,369|0,0|0,0|100,0|1678|1059|618|0,00|0,00|0,00|0,00
2014-06-10 17:54:39,186|1,9|0,0|98,0|1678|1059|619|0,00|0,00|0,00|0,00
2014-06-10 17:54:44,993|0,0|1,9|98,0|1678|1059|619|0,00|0,00|0,07|0,07
2014-06-10 17:54:50,769|0,0|0,0|96,0|1678|1061|617|0,00|0,00|0,65|2,08
2014-06-10 17:54:56,542|1,9|1,9|96,1|1678|1059|618|0,00|0,00|0,00|0,00
2014-06-10 17:55:02,349|0,0|0,0|100,0|1678|1059|618|0,00|0,00|0,00|0,00
2014-06-10 17:55:08,193|0,0|0,0|90,0|1678|1059|618|0,00|0,00|0,00|0,00
2014-06-10 17:55:13,991|0,0|0,0|94,0|1678|1059|618|0,00|0,00|0,07|0,07
2014-06-10 17:55:19,979|94,1|5,8|0,0|1678|1062|616|0,00|0,00|0,95|0,91
2014-06-10 17:55:26,487|96,0|3,9|0,0|1678|1064|613|0,00|0,00|1,07|2,62
2014-06-10 17:55:33,005|94,1|5,8|0,0|1678|1067|610|0,00|0,00|1,99|2,34
2014-06-10 17:55:39,497|0,0|1,9|98,0|1678|1065|612|0,00|0,00|0,81|0,76
2014-06-10 17:55:45,520|0,0|1,9|98,0|1678|1066|612|0,00|0,00|1,30|0,58
2014-06-10 17:55:51,323|23,5|11,7|64,7|1678|1066|612|0,00|0,00|0,91|0,90
2014-06-10 17:55:57,121|62,0|6,0|32,0|1678|1066|611|0,00|0,00|0,33|1,77
2014-06-10 17:56:02,946|1,9|1,9|96,0|1678|1064|613|0,00|0,00|0,07|0,07
2014-06-10 17:56:08,746|0,0|0,0|100,0|1678|1064|613|0,00|0,00|1,59|1,95
2014-06-10 17:56:14,550|2,0|0,0|98,0|1678|1065|612|0,00|0,00|1,75|2,33
2014-06-10 17:56:20,378|0,0|0,0|100,0|1678|1065|612|0,00|0,00|0,81|0,76
2014-06-10 17:56:26,409|0,0|0,0|100,0|1678|1065|612|0,00|0,00|1,38|0,68
2014-06-10 17:56:32,172|24,4|10,2|65,3|1678|1066|611|0,00|0,00|0,73|0,79
2014-06-10 17:56:37,964|10,0|4,0|86,0|1678|1066|611|0,00|0,00|0,40|2,35
2014-06-10 17:56:43,770|0,0|1,9|98,0|1678|1064|613|0,00|0,00|0,00|0,00
2014-06-10 17:56:49,578|1,9|1,9|96,1|1678|1064|613|0,00|0,00|1,65|1,94
2014-06-10 17:56:55,389|2,0|2,0|96,0|1678|1065|612|0,00|0,00|1,67|2,28
2014-06-10 17:57:01,242|0,0|0,0|100,0|1678|1065|612|0,00|0,00|0,81|0,76
2014-06-10 17:57:07,290|1,9|1,9|96,1|1678|1065|612|0,00|0,00|1,29|0,58
2014-06-10 17:57:13,091|27,4|15,6|56,8|1678|1066|611|0,00|0,00|0,78|0,79
2014-06-10 17:57:18,974|0,0|2,0|98,0|1678|1066|611|0,00|0,00|0,64|2,94
2014-06-10 17:57:24,884|0,0|0,0|100,0|1678|1064|613|0,00|0,00|0,14|0,18
2014-06-10 17:57:30,650|0,0|0,0|100,0|1678|1065|612|0,00|0,00|1,67|2,27
2014-06-10 17:57:36,454|1,9|1,9|96,0|1678|1066|612|0,00|0,00|2,04|1,56
2014-06-10 17:57:42,282|0,0|1,9|98,0|1678|1066|612|0,00|0,00|2,29|1,39
2014-06-10 17:57:48,607|1,9|0,0|98,0|1678|1065|612|0,00|0,00|1,38|0,68
2014-06-10 17:57:54,743|9,8|5,8|84,3|1678|1070|607|0,00|0,00|0,45|0,38
2014-06-10 17:58:00,595|22,0|8,0|68,0|1678|1066|611|0,00|0,00|0,61|3,53
2014-06-10 17:58:06,438|0,0|0,0|100,0|1678|1066|611|0,00|0,00|0,41|0,13
2014-06-10 17:58:12,699|0,0|1,9|98,0|1678|1066|611|0,00|0,00|0,71|0,50
2014-06-10 17:58:18,854|0,0|1,9|98,0|1678|1064|613|0,00|0,00|0,07|0,07
2014-06-10 17:58:24,733|0,0|1,9|98,0|1678|1064|613|0,00|0,00|1,66|1,94
2014-06-10 17:58:30,599|0,0|0,0|96,0|1678|1064|613|0,00|0,00|1,60|1,95
2014-06-10 17:58:36,423|0,0|0,0|100,0|1678|1065|612|0,00|0,00|0,39|0,67
2014-06-10 17:58:42,259|0,0|0,0|100,0|1678|1066|612|0,00|0,00|0,33|0,67
2014-06-10 17:58:48,071|0,0|0,0|100,0|1678|1065|612|0,00|0,00|1,49|0,85
2014-06-10 17:58:54,268|0,0|1,9|98,0|1678|1065|612|0,00|0,00|1,50|0,86
2014-06-10 17:59:00,408|1,9|1,9|90,3|1678|1066|611|0,00|0,00|0,87|0,27
2014-06-10 17:59:06,216|2,0|0,0|98,0|1678|1066|611|0,00|0,00|1,35|0,64
2014-06-10 17:59:12,021|64,0|24,0|12,0|1678|1070|608|0,00|0,00|0,72|0,96
2014-06-10 17:59:17,908|66,0|26,0|8,0|1678|1068|609|0,00|0,00|0,43|4,55
2014-06-10 17:59:23,739|0,0|2,0|98,0|1678|1066|611|0,00|0,00|0,41|0,13
2014-06-10 17:59:29,861|1,9|1,9|96,0|1678|1066|611|0,00|0,00|0,64|4,59
2014-06-10 17:59:35,889|0,0|0,0|100,0|1678|1064|613|0,00|0,00|0,13|0,07
2014-06-10 17:59:41,821|0,0|1,9|98,0|1678|1064|613|0,00|0,00|2,13|2,96
2014-06-10 17:59:47,616|0,0|0,0|100,0|1678|1064|613|0,00|0,00|1,59|1,94
2014-06-10 17:59:53,467|0,0|1,9|98,0|1678|1065|612|0,00|0,00|0,33|0,67
2014-06-10 17:59:59,292|1,9|1,9|96,1|1678|1066|612|0,00|0,00|0,33|0,67
2014-06-10 18:00:05,095|1,9|1,9|96,1|1678|1065|612|0,00|0,00|1,39|0,68
2014-06-10 18:00:11,228|0,0|0,0|100,0|1678|1065|612|0,00|0,00|1,39|0,68
2014-06-10 18:00:17,354|0,0|1,9|98,0|1678|1066|611|0,00|0,00|0,45|0,38
2014-06-10 18:00:23,161|0,0|1,9|98,0|1678|1066|611|0,00|0,00|0,39|0,38
2014-06-10 18:00:29,008|22,0|10,0|68,0|1678|1066|611|0,00|0,00|0,53|0,58
2014-06-10 18:00:34,827|27,4|13,7|58,8|1678|1066|611|0,00|0,00|0,46|5,39
2014-06-10 18:00:40,618|0,0|0,0|100,0|1678|1065|613|0,00|0,00|0,00|0,00
2014-06-10 18:00:46,510|0,0|0,0|100,0|1678|1066|611|0,00|0,00|0,55|0,30
2014-06-10 18:00:52,391|0,0|1,9|98,0|1678|1064|613|0,00|0,00|1,08|1,65
2014-06-10 18:00:58,573|94,0|6,0|0,0|1678|1067|610|0,00|0,00|1,21|1,57
2014-06-10 18:01:05,131|82,0|2,0|16,0|1678|1066|611|0,00|0,00|0,81|0,76
2014-06-10 18:01:11,481|0,0|0,0|100,0|1678|1065|613|0,00|0,00|0,00|0,00
2014-06-10 18:01:17,264|1,9|1,9|96,0|1678|1066|611|0,00|0,00|0,52|0,58
2014-06-10 18:01:23,054|0,0|0,0|100,0|1678|1066|611|0,00|0,00|0,77|6,04
2014-06-10 18:01:28,934|96,0|4,0|0,0|1678|1065|612|0,00|0,00|1,21|1,14
2014-06-10 18:01:35,444|96,0|4,0|0,0|1678|1068|609|0,00|0,00|1,36|1,16
2014-06-10 18:01:42,049|94,0|6,0|0,0|1678|1068|609|0,00|0,00|3,22|2,41
2014-06-10 18:01:48,731|92,0|8,0|0,0|1678|1072|605|0,00|0,00|1,92|2,76
2014-06-10 18:01:55,277|96,0|4,0|0,0|1678|1071|607|0,00|0,00|0,72|0,55
2014-06-10 18:02:01,665|0,0|0,0|100,0|1678|1066|611|0,00|0,00|0,30|1,95
2014-06-10 18:02:07,491|92,3|5,7|0,0|1678|1069|609|0,00|0,00|1,40|2,21
2014-06-10 18:02:14,093|0,0|0,0|100,0|1678|1067|610|0,00|0,00|1,50|0,86
2014-06-10 18:02:20,428|24,0|12,0|64,0|1678|1068|609|0,00|0,00|0,73|0,79
2014-06-10 18:02:26,343|30,0|16,0|54,0|1678|1068|609|0,00|0,00|0,43|6,76
2014-06-10 18:02:32,176|1,9|1,9|96,0|1678|1066|611|0,00|0,00|0,00|0,00
2014-06-10 18:02:38,104|0,0|0,0|93,8|1678|1068|609|0,00|0,00|1,05|3,09
2014-06-10 18:02:43,946|2,0|0,0|94,0|1678|1066|611|0,00|0,00|0,14|0,18
2014-06-10 18:02:49,768|1,9|1,9|92,1|1678|1067|610|0,00|0,00|1,59|0,56
2014-06-10 18:02:55,608|2,0|2,0|92,0|1678|1067|610|0,00|0,00|1,58|0,56
2014-06-10 18:03:01,412|0,0|0,0|100,0|1678|1068|609|0,00|0,00|1,43|0,72
2014-06-10 18:03:07,245|0,0|0,0|100,0|1678|1069|609|0,00|0,00|1,30|0,58
2014-06-10 18:03:13,448|12,2|4,0|83,6|1678|1069|608|0,00|0,00|0,52|0,58
2014-06-10 18:03:19,342|17,6|5,8|76,4|1678|1069|608|0,00|0,00|0,46|7,40
2014-06-10 18:03:25,205|0,0|0,0|100,0|1678|1067|610|0,00|0,00|0,00|0,00
2014-06-10 18:03:31,002|0,0|0,0|100,0|1678|1067|610|0,00|0,00|1,73|2,02
2014-06-10 18:03:36,791|0,0|0,0|100,0|1678|1067|610|0,00|0,00|1,67|2,38
2014-06-10 18:03:42,647|1,9|0,0|98,0|1678|1068|609|0,00|0,00|0,52|0,45
2014-06-10 18:03:48,455|0,0|0,0|100,0|1678|1068|609|0,00|0,00|0,81|0,76
2014-06-10 18:03:54,473|0,0|1,9|98,0|1678|1069|609|0,00|0,00|1,25|0,87
2014-06-10 18:04:00,318|6,0|4,0|90,0|1678|1069|608|0,00|0,00|1,28|0,96
2014-06-10 18:04:06,153|0,0|1,9|98,0|1678|1067|610|0,00|0,00|0,12|0,00
2014-06-10 18:04:12,103|0,0|1,9|98,0|1678|1069|609|0,00|0,00|0,55|0,30
2014-06-10 18:04:18,014|0,0|1,9|98,0|1678|1067|610|0,00|0,00|0,71|2,96
2014-06-10 18:04:23,864|2,0|0,0|98,0|1678|1068|609|0,00|0,00|1,70|0,73
2014-06-10 18:04:29,692|1,9|0,0|98,0|1678|1068|609|0,00|0,00|0,38|0,72
2014-06-10 18:04:35,506|0,0|1,9|98,0|1678|1068|609|0,00|0,00|1,58|0,68
2014-06-10 18:04:41,465|0,0|0,0|100,0|1678|1068|609|0,00|0,00|1,38|0,68
2014-06-10 18:04:47,609|4,0|6,0|90,0|1678|1071|606|0,00|0,00|0,45|0,38
2014-06-10 18:04:53,510|0,0|0,0|100,0|1678|1069|608|0,00|0,00|0,39|0,38
2014-06-10 18:04:59,430|22,0|10,0|68,0|1678|1069|608|0,00|0,00|0,52|0,58
2014-06-10 18:05:05,266|33,3|15,6|50,9|1678|1069|609|0,00|0,00|0,52|8,75
2014-06-10 18:05:11,086|0,0|0,0|100,0|1678|1067|610|0,00|0,00|0,06|0,00
2014-06-10 18:05:17,135|0,0|1,9|98,0|1678|1069|608|0,00|0,00|0,83|8,97
2014-06-10 18:05:23,306|0,0|0,0|100,0|1678|1067|610|0,00|0,00|0,00|0,00
2014-06-10 18:05:29,093|0,0|1,9|98,0|1678|1069|609|0,00|0,00|0,72|2,08
2014-06-10 18:05:35,028|0,0|1,9|98,0|1678|1067|610|0,00|0,00|0,07|0,07
2014-06-10 18:05:40,949|0,0|2,0|98,0|1678|1069|608|0,00|0,00|0,77|9,27
2014-06-10 18:05:46,951|0,0|0,0|100,0|1678|1067|610|0,00|0,00|0,00|0,00
2014-06-10 18:05:52,736|0,0|1,9|98,0|1678|1069|608|0,00|0,00|0,79|0,55
2014-06-10 18:05:58,854|1,9|1,9|96,1|1678|1067|610|0,00|0,00|0,54|1,18
2014-06-10 18:06:04,667|0,0|1,9|98,0|1678|1067|610|0,00|0,00|1,59|1,94
2014-06-10 18:06:10,548|0,0|0,0|100,0|1678|1067|610|0,00|0,00|0,30|1,95
2014-06-10 18:06:16,342|1,9|0,0|96,0|1678|1068|610|0,00|0,00|1,67|2,27
2014-06-10 18:06:22,205|0,0|1,9|98,0|1678|1067|610|0,00|0,00|1,63|1,98
2014-06-10 18:06:28,087|0,0|0,0|100,0|1678|1068|609|0,00|0,00|0,33|0,67
2014-06-10 18:06:33,923|3,9|3,9|92,1|1678|1068|609|0,00|0,00|1,67|2,27
2014-06-10 18:06:39,761|0,0|1,9|98,0|1678|1068|609|0,00|0,00|0,47|0,45
2014-06-10 18:06:45,553|0,0|0,0|100,0|1678|1068|609|0,00|0,00|0,33|0,67
2014-06-10 18:06:51,429|1,9|0,0|98,0|1678|1068|609|0,00|0,00|1,57|0,68
2014-06-10 18:06:57,506|2,0|0,0|94,0|1678|1068|609|0,00|0,00|0,47|0,45
2014-06-10 18:07:03,370|0,0|1,9|98,0|1678|1069|609|0,00|0,00|1,30|0,64
2014-06-10 18:07:09,206|96,0|4,0|0,0|1678|1070|608|0,00|0,00|1,77|1,38
2014-06-10 18:07:15,844|0,0|1,9|98,0|1678|1069|609|0,00|0,00|1,38|0,68
2014-06-10 18:07:22,010|0,0|0,0|100,0|1678|1069|609|0,00|0,00|0,47|0,45
2014-06-10 18:07:27,891|19,6|1,9|78,4|1678|1070|608|0,00|0,00|2,43|1,50
2014-06-10 18:07:34,417|96,0|4,0|0,0|1678|1071|606|0,00|0,00|2,36|1,77
2014-06-10 18:07:41,015|94,1|5,8|0,0|1678|1071|606|0,00|0,00|2,32|3,57
2014-06-10 18:07:47,555|92,1|7,8|0,0|1678|1074|603|0,00|0,00|1,61|11,54
2014-06-10 18:07:54,112|96,0|3,9|0,0|1678|1073|604|0,00|0,00|0,00|0,00
2014-06-10 18:08:00,655|94,1|5,8|0,0|1678|1070|608|0,00|0,00|2,87|3,91
2014-06-10 18:08:06,942|96,0|4,0|0,0|1678|1072|605|0,00|0,00|3,00|3,88
2014-06-10 18:08:13,525|96,0|4,0|0,0|1678|1073|604|0,00|0,00|2,26|2,16
2014-06-10 18:08:20,074|94,1|3,9|0,0|1678|1076|601|0,00|0,00|2,17|0,98
2014-06-10 18:08:26,648|98,0|2,0|0,0|1678|1077|601|0,00|0,00|0,06|0,00
2014-06-10 18:08:33,320|1,9|1,9|96,1|1678|1072|606|0,00|0,00|0,83|11,41
2014-06-10 18:08:39,161|0,0|1,9|98,0|1678|1070|608|0,00|0,00|0,00|0,00
2014-06-10 18:08:44,980|1,9|1,9|96,1|1678|1070|608|0,00|0,00|1,73|2,02
2014-06-10 18:08:50,789|0,0|1,9|92,3|1678|1070|608|0,00|0,00|1,67|2,02
2014-06-10 18:08:56,624|0,0|1,9|98,0|1678|1071|607|0,00|0,00|0,33|0,67
2014-06-10 18:09:02,432|0,0|1,9|98,0|1678|1071|607|0,00|0,00|0,33|0,67
2014-06-10 18:09:08,352|1,9|0,0|98,0|1678|1071|606|0,00|0,00|1,58|0,79
2014-06-10 18:09:14,169|0,0|0,0|100,0|1678|1071|606|0,00|0,00|0,70|0,71
2014-06-10 18:09:20,164|10,2|10,2|79,5|1678|1072|605|0,00|0,00|0,92|0,90
2014-06-10 18:09:25,972|0,0|0,0|96,0|1678|1071|606|0,00|0,00|1,08|0,35
2014-06-10 18:09:31,769|1,9|0,0|92,1|1678|1072|606|0,00|0,00|0,53|0,58
2014-06-10 18:09:37,580|25,4|11,7|62,7|1678|1071|606|0,00|0,00|0,43|12,16
2014-06-10 18:09:43,382|0,0|0,0|100,0|1678|1070|608|0,00|0,00|0,00|0,00
2014-06-10 18:09:49,365|0,0|0,0|100,0|1678|1072|606|0,00|0,00|0,85|0,56
2014-06-10 18:09:55,293|0,0|2,0|98,0|1678|1070|608|0,00|0,00|0,00|0,00
2014-06-10 18:10:01,096|2,0|2,0|96,0|1678|1070|607|0,00|0,00|1,66|1,94
2014-06-10 18:10:06,894|0,0|0,0|100,0|1678|1070|607|0,00|0,00|0,14|0,18
2014-06-10 18:10:12,697|1,9|1,9|96,0|1678|1071|606|0,00|0,00|1,64|0,56
2014-06-10 18:10:18,499|52,9|3,9|43,1|1678|1071|607|0,00|0,00|2,67|3,48
2014-06-10 18:10:24,768|96,0|4,0|0,0|1678|1074|603|0,00|0,00|1,50|0,86
2014-06-10 18:10:31,416|0,0|2,0|98,0|1678|1071|606|0,00|0,00|0,47|0,45
2014-06-10 18:10:37,290|0,0|0,0|100,0|1678|1072|605|0,00|0,00|1,14|0,35
2014-06-10 18:10:43,120|1,9|1,9|92,1|1678|1072|606|0,00|0,00|1,14|0,35
2014-06-10 18:10:48,967|0,0|0,0|100,0|1678|1072|605|0,00|0,00|0,52|0,58
2014-06-10 18:10:54,752|9,8|3,9|86,2|1678|1072|605|0,00|0,00|0,59|13,15
2014-06-10 18:11:00,592|0,0|0,0|100,0|1678|1070|607|0,00|0,00|0,00|0,00
2014-06-10 18:11:06,407|94,0|6,0|0,0|1678|1072|606|0,00|0,00|2,93|2,93
2014-06-10 18:11:13,015|95,9|4,0|0,0|1678|1073|605|0,00|0,00|0,94|2,15
2014-06-10 18:11:19,537|1,9|1,9|96,1|1678|1071|606|0,00|0,00|0,47|0,75
2014-06-10 18:11:25,365|1,9|0,0|98,0|1678|1072|606|0,00|0,00|0,40|1,09
2014-06-10 18:11:31,168|0,0|2,0|98,0|1678|1072|605|0,00|0,00|1,25|0,87
2014-06-10 18:11:36,980|0,0|2,0|98,0|1678|1071|606|0,00|0,00|1,43|0,77
2014-06-10 18:11:42,776|24,0|12,0|64,0|1678|1072|605|0,00|0,00|0,85|0,86
2014-06-10 18:11:48,621|4,0|4,0|87,7|1678|1072|605|0,00|0,00|0,50|0,38
2014-06-10 18:11:54,472|0,0|0,0|100,0|1678|1071|607|0,00|0,00|0,06|0,00
2014-06-10 18:12:00,489|0,0|2,0|98,0|1678|1072|605|0,00|0,00|0,72|0,49
2014-06-10 18:12:06,397|1,9|0,0|96,0|1678|1072|606|0,00|0,00|0,06|0,00
2014-06-10 18:12:12,208|0,0|0,0|94,0|1678|1070|607|0,00|0,00|0,30|1,96
2014-06-10 18:12:18,014|2,0|2,0|96,0|1678|1071|606|0,00|0,00|1,67|2,27
2014-06-10 18:12:23,835|0,0|0,0|94,0|1678|1070|607|0,00|0,00|1,74|2,38
2014-06-10 18:12:29,671|0,0|0,0|100,0|1678|1072|606|0,00|0,00|0,33|0,67
2014-06-10 18:12:35,505|0,0|0,0|100,0|1678|1072|606|0,00|0,00|0,33|0,73
2014-06-10 18:12:41,343|1,9|0,0|98,0|1678|1072|606|0,00|0,00|0,81|0,76
2014-06-10 18:12:47,359|0,0|2,0|98,0|1678|1072|606|0,00|0,00|0,81|0,76
2014-06-10 18:12:53,411|0,0|2,0|97,9|1678|1072|605|0,00|0,00|1,14|0,35
2014-06-10 18:12:59,189|0,0|0,0|100,0|1678|1072|605|0,00|0,00|1,30|0,54
2014-06-10 18:13:05,106|0,0|1,9|98,0|1678|1072|605|0,00|0,00|1,54|1,48
2014-06-10 18:13:10,930|2,0|0,0|98,0|1678|1072|605|0,00|0,00|1,29|0,53
2014-06-10 18:13:16,783|26,9|13,4|57,6|1678|1072|605|0,00|0,00|0,73|0,79
2014-06-10 18:13:22,557|0,0|2,0|98,0|1678|1072|605|0,00|0,00|1,30|0,64
2014-06-10 18:13:28,376|69,3|24,4|6,1|1678|1077|600|0,00|0,00|0,73|0,96
2014-06-10 18:13:34,241|0,0|2,0|98,0|1678|1072|606|0,00|0,00|1,57|0,75
2014-06-10 18:13:40,213|0,0|1,9|98,0|1678|1072|605|0,00|0,00|1,14|0,48
2014-06-10 18:13:46,050|0,0|0,0|100,0|1678|1072|606|0,00|0,00|0,81|0,76
2014-06-10 18:13:52,198|1,9|1,9|96,0|1678|1072|605|0,00|0,00|1,29|0,64
2014-06-10 18:13:58,002|0,0|0,0|100,0|1678|1072|606|0,00|0,00|1,50|0,86
2014-06-10 18:14:04,202|0,0|2,0|98,0|1678|1072|605|0,00|0,00|1,30|0,64
2014-06-10 18:14:10,006|0,0|0,0|100,0|1678|1072|606|0,00|0,00|0,61|0,88
2014-06-10 18:14:15,924|0,0|1,9|98,0|1678|1072|606|0,00|0,00|1,39|0,68
2014-06-10 18:14:22,105|84,0|4,0|12,0|1678|1072|605|0,00|0,00|1,58|0,56
2014-06-10 18:14:27,980|0,0|1,9|98,0|1678|1072|606|0,00|0,00|0,47|0,45
2014-06-10 18:14:33,888|0,0|0,0|100,0|1678|1070|607|0,00|0,00|1,74|2,38
2014-06-10 18:14:39,698|96,0|3,9|0,0|1678|1073|604|0,00|0,00|1,49|2,35
2014-06-10 18:14:46,246|96,0|4,0|0,0|1678|1073|604|0,00|0,00|2,62|2,71
2014-06-10 18:14:52,842|95,9|4,0|0,0|1678|1076|601|0,00|0,00|2,18|1,13
2014-06-10 18:14:59,587|96,0|4,0|0,0|1678|1077|600|0,00|0,00|1,50|1,03
2014-06-10 18:15:06,328|92,0|8,0|0,0|1678|1083|594|0,00|0,00|0,73|1,53
2014-06-10 18:15:12,900|1,9|0,0|98,0|1678|1072|605|0,00|0,00|1,63|0,79
2014-06-10 18:15:18,731|12,0|8,0|80,0|1678|1075|602|0,00|0,00|0,57|0,77
2014-06-10 18:15:24,574|0,0|0,0|98,0|1678|1073|604|0,00|0,00|1,19|0,47
2014-06-10 18:15:30,354|11,5|5,7|82,6|1678|1073|604|0,00|0,00|0,52|0,58
2014-06-10 18:15:36,126|27,4|13,7|58,8|1678|1073|604|0,00|0,00|1,17|16,27
2014-06-10 18:15:41,911|2,0|0,0|98,0|1678|1073|604|0,00|0,00|0,41|0,13
2014-06-10 18:15:47,727|0,0|1,9|98,0|1678|1073|605|0,00|0,00|1,19|0,47
2014-06-10 18:15:53,530|0,0|1,9|98,0|1678|1073|604|0,00|0,00|0,52|0,58
2014-06-10 18:15:59,330|1,9|1,9|96,0|1678|1073|604|0,00|0,00|1,08|0,35
2014-06-10 18:16:05,166|9,8|3,9|86,2|1678|1073|604|0,00|0,00|0,52|0,58
2014-06-10 18:16:10,967|0,0|0,0|100,0|1678|1073|605|0,00|0,00|1,29|0,58
2014-06-10 18:16:16,801|24,0|10,0|66,0|1678|1073|605|0,00|0,00|0,73|0,79
2014-06-10 18:16:22,639|0,0|1,9|98,0|1678|1073|605|0,00|0,00|1,19|0,47
2014-06-10 18:16:28,435|1,9|1,9|96,0|1678|1073|604|0,00|0,00|0,52|0,58
2014-06-10 18:16:34,228|25,4|11,7|62,7|1678|1073|605|0,00|0,00|0,42|14,96
2014-06-10 18:16:39,992|1,9|1,9|96,1|1678|1073|605|0,00|0,00|0,41|0,13
2014-06-10 18:16:45,901|38,0|6,0|56,0|1678|1073|604|0,00|0,00|1,92|19,19
2014-06-10 18:16:52,208|98,0|2,0|0,0|1678|1072|605|0,00|0,00|1,32|2,11
2014-06-10 18:16:58,751|98,0|2,0|0,0|1678|1077|600|0,00|0,00|1,35|0,83
2014-06-10 18:17:05,477|98,0|2,0|0,0|1678|1077|600|0,00|0,00|0,85|0,83
2014-06-10 18:17:12,055|94,1|5,8|0,0|1678|1076|601|0,00|0,00|1,98|2,91
2014-06-10 18:17:18,600|0,0|0,0|96,0|1678|1071|606|0,00|0,00|1,73|2,37
2014-06-10 18:17:24,472|1,9|0,0|98,0|1678|1073|605|0,00|0,00|0,33|0,67
2014-06-10 18:17:30,332|0,0|1,9|98,0|1678|1071|606|0,00|0,00|1,59|1,94
2014-06-10 18:17:36,140|0,0|0,0|98,0|1678|1073|605|0,00|0,00|1,75|0,73
2014-06-10 18:17:41,977|1,9|0,0|90,3|1678|1072|606|0,00|0,00|0,30|1,95
2014-06-10 18:17:47,775|1,9|1,9|96,0|1678|1072|605|0,00|0,00|1,76|2,28
2014-06-10 18:17:53,634|0,0|0,0|100,0|1678|1071|606|0,00|0,00|0,07|0,07
2014-06-10 18:17:59,546|0,0|0,0|94,0|1678|1071|606|0,00|0,00|1,66|1,95
2014-06-10 18:18:05,382|0,0|0,0|100,0|1678|1072|606|0,00|0,00|0,14|0,18
2014-06-10 18:18:11,160|0,0|0,0|100,0|1678|1073|604|0,00|0,00|0,65|2,09
2014-06-10 18:18:16,926|0,0|0,0|100,0|1678|1071|606|0,00|0,00|0,14|0,07
2014-06-10 18:18:22,788|1,9|1,9|96,0|1678|1071|606|0,00|0,00|1,66|1,95
2014-06-10 18:18:28,644|96,0|4,0|0,0|1678|1072|605|0,00|0,00|1,40|2,25
2014-06-10 18:18:35,212|96,0|4,0|0,0|1678|1074|603|0,00|0,00|2,72|2,10
2014-06-10 18:18:41,767|96,0|4,0|0,0|1678|1074|603|0,00|0,00|1,67|5,95
2014-06-10 18:18:48,288|0,0|0,0|100,0|1678|1076|601|0,00|0,00|0,47|0,45
2014-06-10 18:18:54,380|0,0|0,0|100,0|1678|1075|602|0,00|0,00|1,60|1,95
2014-06-10 18:19:00,201|0,0|0,0|100,0|1678|1076|601|0,00|0,00|1,70|0,74
2014-06-10 18:19:06,083|1,9|3,9|94,1|1678|1076|602|0,00|0,00|1,73|2,27
2014-06-10 18:19:11,937|0,0|1,9|98,0|1678|1076|601|0,00|0,00|0,47|0,45
2014-06-10 18:19:17,725|0,0|0,0|100,0|1678|1075|603|0,00|0,00|0,30|1,96
2014-06-10 18:19:23,586|2,0|2,0|96,0|1678|1076|602|0,00|0,00|1,59|0,56
2014-06-10 18:19:29,377|0,0|1,9|98,0|1678|1075|603|0,00|0,00|0,07|0,07
2014-06-10 18:19:35,182|0,0|1,9|98,0|1678|1075|603|0,00|0,00|1,73|2,02
2014-06-10 18:19:40,965|0,0|0,0|100,0|1678|1075|603|0,00|0,00|1,02|0,98
2014-06-10 18:19:47,237|94,1|5,8|0,0|1678|1077|600|0,00|0,00|3,02|4,51
2014-06-10 18:19:53,803|94,1|5,8|0,0|1678|1078|600|0,00|0,00|1,70|4,20
2014-06-10 18:20:00,340|96,0|4,0|0,0|1678|1080|598|0,00|0,00|1,86|2,69
2014-06-10 18:20:06,951|98,0|2,0|0,0|1678|1083|595|0,00|0,00|1,67|2,38
2014-06-10 18:20:13,553|94,1|3,9|0,0|1678|1077|600|0,00|0,00|1,54|1,99
2014-06-10 18:20:19,953|94,0|6,0|0,0|1678|1079|598|0,00|0,00|2,77|3,32
2014-06-10 18:20:26,491|94,0|6,0|0,0|1678|1079|599|0,00|0,00|2,97|3,49
2014-06-10 18:20:33,107|94,0|6,0|0,0|1678|1079|599|0,00|0,00|1,79|2,84
2014-06-10 18:20:39,609|97,9|2,0|0,0|1678|1082|595|0,00|0,00|1,14|0,48
2014-06-10 18:20:46,109|1,9|1,9|92,3|1678|1077|601|0,00|0,00|1,58|0,79
2014-06-10 18:20:51,930|84,0|16,0|0,0|1678|1079|598|0,00|0,00|1,93|2,33
2014-06-10 18:20:58,485|94,1|5,8|0,0|1678|1080|598|0,00|0,00|1,96|1,38
2014-06-10 18:21:05,053|98,0|2,0|0,0|1678|1082|596|0,00|0,00|0,75|0,84
2014-06-10 18:21:11,707|86,2|13,7|0,0|1678|1080|598|0,00|0,00|1,39|18,23
2014-06-10 18:21:18,273|0,0|1,9|98,0|1678|1076|602|0,00|0,00|0,95|1,48
2014-06-10 18:21:24,677|93,8|6,1|0,0|1678|1079|598|0,00|0,00|1,61|22,35
2014-06-10 18:21:31,231|94,0|6,0|0,0|1678|1080|597|0,00|0,00|0,69|0,27
2014-06-10 18:21:37,752|96,0|4,0|0,0|1678|1082|596|0,00|0,00|1,70|7,62
2014-06-10 18:21:44,437|96,0|4,0|0,0|1678|1079|598|0,00|0,00|1,41|2,10
2014-06-10 18:21:50,942|0,0|0,0|100,0|1678|1078|600|0,00|0,00|1,37|1,78
2014-06-10 18:21:57,182|96,0|4,0|0,0|1678|1078|599|0,00|0,00|0,94|2,05
2014-06-10 18:22:03,692|96,0|4,0|0,0|1678|1079|598|0,00|0,00|2,73|2,35
2014-06-10 18:22:10,253|96,0|4,0|0,0|1678|1079|598|0,00|0,00|1,27|1,61
2014-06-10 18:22:16,788|94,0|6,0|0,0|1678|1080|597|0,00|0,00|3,23|3,60
2014-06-10 18:22:23,310|94,1|5,8|0,0|1678|1077|600|0,00|0,00|1,34|1,71
2014-06-10 18:22:29,836|96,0|4,0|0,0|1678|1080|597|0,00|0,00|1,28|1,58
2014-06-10 18:22:36,395|96,0|3,9|0,0|1678|1078|599|0,00|0,00|4,02|6,16
2014-06-10 18:22:42,932|96,0|3,9|0,0|1678|1081|596|0,00|0,00|1,63|1,10
2014-06-10 18:22:49,675|94,1|5,8|0,0|1678|1079|599|0,00|0,00|1,67|2,27
2014-06-10 18:22:55,882|2,0|0,0|98,0|1678|1077|600|0,00|0,00|0,47|0,45
2014-06-10 18:23:01,691|1,9|1,9|96,0|1678|1077|600|0,00|0,00|1,59|0,56
2014-06-10 18:23:07,502|1,9|1,9|96,1|1678|1077|600|0,00|0,00|1,29|1,83
2014-06-10 18:23:13,450|0,0|0,0|100,0|1678|1077|600|0,00|0,00|1,11|1,25
2014-06-10 18:23:19,312|94,0|6,0|0,0|1678|1079|598|0,00|0,00|2,43|1,61
2014-06-10 18:23:25,843|94,1|5,8|0,0|1678|1078|599|0,00|0,00|0,33|0,67
2014-06-10 18:23:31,999|0,0|1,9|96,1|1678|1077|600|0,00|0,00|1,39|0,68
2014-06-10 18:23:37,803|0,0|2,0|98,0|1678|1077|600|0,00|0,00|1,53|1,84
2014-06-10 18:23:43,608|1,9|1,9|96,0|1678|1077|600|0,00|0,00|1,72|2,32
2014-06-10 18:23:49,475|0,0|1,9|98,0|1678|1076|601|0,00|0,00|0,00|0,00
2014-06-10 18:23:55,343|0,0|0,0|100,0|1678|1078|599|0,00|0,00|0,37|1,95
2014-06-10 18:24:01,211|0,0|1,9|98,0|1678|1076|601|0,00|0,00|0,00|0,00
2014-06-10 18:24:07,142|0,0|0,0|100,0|1678|1078|599|0,00|0,00|0,66|0,45
2014-06-10 18:24:13,179|0,0|0,0|100,0|1678|1076|601|0,00|0,00|0,06|0,00
2014-06-10 18:24:19,030|27,4|11,7|60,7|1678|1078|599|0,00|0,00|0,75|23,09
2014-06-10 18:24:24,817|0,0|0,0|98,0|1678|1077|600|0,00|0,00|0,00|0,00
2014-06-10 18:24:30,626|0,0|1,9|98,0|1678|1076|601|0,00|0,00|0,00|0,00
2014-06-10 18:24:36,423|84,0|16,0|0,0|1678|1079|598|0,00|0,00|2,06|24,90
2014-06-10 18:24:42,877|96,0|4,0|0,0|1678|1079|598|0,00|0,00|1,19|1,54
2014-06-10 18:24:49,462|94,1|5,8|0,0|1678|1080|597|0,00|0,00|2,71|27,56
2014-06-10 18:24:56,031|96,0|3,9|0,0|1678|1080|597|0,00|0,00|1,33|0,46
2014-06-10 18:25:02,585|96,0|3,9|0,0|1678|1082|595|0,00|0,00|0,72|1,02
2014-06-10 18:25:09,278|96,0|3,9|0,0|1678|1079|599|0,00|0,00|0,88|1,48
2014-06-10 18:25:15,825|96,0|4,0|0,0|1678|1080|597|0,00|0,00|1,99|3,09
2014-06-10 18:25:22,555|97,9|2,0|0,0|1678|1079|599|0,00|0,00|1,07|3,82
2014-06-10 18:25:29,117|96,0|3,9|0,0|1678|1084|594|0,00|0,00|2,54|2,28
2014-06-10 18:25:35,717|96,0|3,9|0,0|1678|1080|597|0,00|0,00|0,36|1,95
2014-06-10 18:25:41,885|3,9|1,9|94,1|1678|1078|599|0,00|0,00|1,75|2,33
2014-06-10 18:25:47,720|1,9|0,0|98,0|1678|1077|600|0,00|0,00|0,30|1,95
2014-06-10 18:25:53,548|94,1|5,8|0,0|1678|1080|597|0,00|0,00|1,02|2,08
2014-06-10 18:26:00,072|96,0|3,9|0,0|1678|1080|597|0,00|0,00|1,85|2,07
2014-06-10 18:26:06,532|0,0|0,0|100,0|1678|1078|599|0,00|0,00|0,39|0,67
2014-06-10 18:26:12,428|1,9|0,0|98,0|1678|1077|600|0,00|0,00|0,13|0,07
2014-06-10 18:26:18,320|0,0|0,0|100,0|1678|1077|600|0,00|0,00|1,73|2,02
2014-06-10 18:26:24,126|0,0|0,0|100,0|1678|1077|600|0,00|0,00|0,07|0,07
2014-06-10 18:26:29,948|0,0|1,9|98,0|1678|1077|600|0,00|0,00|1,73|2,01
2014-06-10 18:26:35,768|0,0|0,0|100,0|1678|1079|599|0,00|0,00|0,06|0,00
2014-06-10 18:26:41,630|22,0|0,0|78,0|1678|1077|600|0,00|0,00|1,67|2,03
2014-06-10 18:26:47,404|2,0|2,0|96,0|1678|1078|599|0,00|0,00|1,59|0,56
2014-06-10 18:26:53,194|0,0|0,0|100,0|1678|1080|597|0,00|0,00|0,96|1,66
2014-06-10 18:26:59,176|0,0|1,9|98,0|1678|1080|597|0,00|0,00|1,70|0,73
2014-06-10 18:27:04,955|0,0|0,0|100,0|1678|1080|597|0,00|0,00|0,47|0,45
2014-06-10 18:27:10,766|0,0|2,0|98,0|1678|1079|598|0,00|0,00|0,14|0,18
2014-06-10 18:27:16,644|2,0|0,0|98,0|1678|1079|599|0,00|0,00|1,68|2,38
2014-06-10 18:27:22,439|0,0|1,9|98,0|1678|1079|599|0,00|0,00|0,00|0,00
2014-06-10 18:27:28,240|0,0|0,0|100,0|1678|1081|597|0,00|0,00|1,05|11,05
2014-06-10 18:27:34,204|0,0|0,0|100,0|1678|1079|599|0,00|0,00|0,00|0,00
2014-06-10 18:27:39,966|14,0|8,0|78,0|1678|1084|593|0,00|0,00|0,71|15,14
2014-06-10 18:27:45,816|0,0|2,0|98,0|1678|1080|597|0,00|0,00|0,42|0,13
2014-06-10 18:27:51,619|17,6|7,8|74,5|1678|1085|592|0,00|0,00|0,62|15,13
2014-06-10 18:27:57,486|1,9|1,9|96,0|1678|1080|597|0,00|0,00|0,41|0,13
2014-06-10 18:28:03,276|1,9|3,9|94,1|1678|1081|596|0,00|0,00|0,50|0,38
2014-06-10 18:28:09,100|2,0|0,0|98,0|1678|1081|597|0,00|0,00|0,82|1,14
2014-06-10 18:28:14,953|4,0|4,0|92,0|1678|1081|597|0,00|0,00|0,50|0,38
2014-06-10 18:28:20,808|0,0|2,0|98,0|1678|1081|597|0,00|0,00|0,41|0,13
2014-06-10 18:28:26,585|0,0|2,0|98,0|1678|1081|597|0,00|0,00|0,50|0,38
2014-06-10 18:28:32,502|19,6|5,8|74,5|1678|1081|597|0,00|0,00|0,52|0,58
2014-06-10 18:28:38,324|1,9|1,9|96,0|1678|1080|597|0,00|0,00|1,08|0,48
2014-06-10 18:28:44,138|26,0|12,0|62,0|1678|1080|597|0,00|0,00|0,73|0,79
2014-06-10 18:28:49,957|0,0|0,0|100,0|1678|1080|597|0,00|0,00|1,30|0,64
2014-06-10 18:28:55,819|23,5|9,8|66,6|1678|1081|597|0,00|0,00|0,91|0,90
2014-06-10 18:29:01,708|0,0|1,9|98,0|1678|1080|597|0,00|0,00|1,30|0,53
2014-06-10 18:29:07,666|1,9|1,9|96,0|1678|1080|597|0,00|0,00|1,14|0,48
2014-06-10 18:29:13,456|0,0|0,0|100,0|1678|1080|597|0,00|0,00|0,89|0,83
2014-06-10 18:29:19,332|0,0|1,9|94,1|1678|1080|597|0,00|0,00|1,38|0,68
2014-06-10 18:29:25,433|1,9|1,9|96,1|1678|1080|597|0,00|0,00|1,69|0,73
2014-06-10 18:29:31,245|0,0|0,0|100,0|1678|1080|598|0,00|0,00|0,89|0,82
2014-06-10 18:29:37,160|3,9|3,9|92,1|1678|1080|598|0,00|0,00|1,78|2,27
2014-06-10 18:29:43,049|1,9|0,0|98,0|1678|1079|599|0,00|0,00|0,06|0,00
2014-06-10 18:29:48,892|0,0|0,0|100,0|1678|1079|598|0,00|0,00|0,40|1,01
2014-06-10 18:29:54,694|0,0|0,0|100,0|1678|1079|599|0,00|0,00|0,00|0,00
2014-06-10 18:30:00,494|0,0|0,0|100,0|1678|1079|598|0,00|0,00|0,00|0,00
2014-06-10 18:30:06,278|0,0|1,9|98,0|1678|1079|599|0,00|0,00|0,06|0,00
2014-06-10 18:30:12,130|0,0|0,0|100,0|1678|1079|598|0,00|0,00|0,00|0,00
2014-06-10 18:30:17,958|0,0|0,0|100,0|1678|1079|599|0,00|0,00|0,00|0,00
2014-06-10 18:30:23,729|1,9|1,9|96,1|1678|1079|598|0,00|0,00|0,00|0,00
2014-06-10 18:30:29,515|0,0|0,0|100,0|1678|1079|599|0,00|0,00|0,00|0,00
2014-06-10 18:30:35,382|0,0|0,0|100,0|1678|1079|598|0,00|0,00|0,00|0,00
2014-06-10 18:30:41,166|1,9|0,0|98,0|1678|1079|599|0,00|0,00|0,00|0,00
2014-06-10 18:30:46,957|0,0|0,0|100,0|1678|1079|598|0,00|0,00|0,00|0,00
2014-06-10 18:30:52,825|0,0|0,0|100,0|1678|1079|599|0,00|0,00|0,00|0,00
2014-06-10 18:30:58,652|1,9|0,0|98,0|1678|1079|598|0,00|0,00|0,00|0,00
2014-06-10 18:31:04,462|2,0|0,0|98,0|1678|1079|599|0,00|0,00|0,40|1,00
2014-06-10 18:31:10,372|0,0|1,9|98,0|1678|1079|598|0,00|0,00|0,00|0,00
2014-06-10 18:31:16,241|0,0|0,0|100,0|1678|1079|599|0,00|0,00|0,00|0,00
2014-06-10 18:31:22,039|0,0|0,0|100,0|1678|1079|598|0,00|0,00|0,00|0,00
2014-06-10 18:31:27,888|0,0|1,9|98,0|1678|1079|598|0,00|0,00|0,00|0,00
2014-06-10 18:31:33,668|0,0|0,0|100,0|1678|1081|597|0,00|0,00|0,97|13,99
2014-06-10 18:31:39,932|0,0|0,0|100,0|1678|1079|599|0,00|0,00|0,00|0,00
2014-06-10 18:31:45,708|0,0|0,0|100,0|1678|1079|598|0,00|0,00|0,00|0,00
2014-06-10 18:31:51,581|1,9|1,9|96,1|1678|1079|599|0,00|0,00|0,00|0,00
2014-06-10 18:31:57,450|0,0|0,0|100,0|1678|1079|598|0,00|0,00|0,00|0,00
2014-06-10 18:32:03,250|0,0|0,0|100,0|1678|1079|598|0,00|0,00|0,00|0,00
2014-06-10 18:32:09,074|0,0|0,0|100,0|1678|1079|598|0,00|0,00|0,05|0,00
2014-06-10 18:32:14,880|0,0|1,9|98,0|1678|1079|598|0,00|0,00|0,00|0,00
2014-06-10 18:32:20,722|0,0|0,0|100,0|1678|1079|598|0,00|0,00|0,50|0,34
2014-06-10 18:32:26,620|0,0|0,0|100,0|1678|1079|599|0,00|0,00|0,11|0,17
2014-06-10 18:32:32,440|0,0|0,0|100,0|1678|1079|598|0,00|0,00|0,27|1,12
2014-06-10 18:32:38,260|0,0|0,0|100,0|1678|1079|598|0,00|0,00|0,49|0,26
2014-06-10 18:32:44,143|0,0|0,0|100,0|1678|1079|599|0,00|0,00|0,22|0,16
2014-06-10 18:32:49,956|0,0|0,0|100,0|1678|1079|598|0,00|0,00|0,11|0,11
2014-06-10 18:32:55,832|0,0|1,9|98,0|1678|1079|599|0,00|0,00|0,45|0,66
2014-06-10 18:33:01,651|0,0|0,0|100,0|1678|1079|598|0,00|0,00|0,00|0,00
2014-06-10 18:33:07,444|0,0|0,0|100,0|1678|1079|598|0,00|0,00|0,00|0,00
2014-06-10 18:33:13,349|0,0|0,0|100,0|1678|1079|598|0,00|0,00|0,06|0,00
2014-06-10 18:33:19,224|0,0|0,0|100,0|1678|1079|598|0,00|0,00|0,00|0,00
2014-06-10 18:33:25,022|0,0|1,9|98,0|1678|1079|598|0,00|0,00|0,00|0,00
2014-06-10 18:33:30,822|0,0|0,0|100,0|1678|1079|598|0,00|0,00|0,00|0,00
2014-06-10 18:33:36,660|1,9|0,0|98,0|1678|1079|598|0,00|0,00|0,06|0,00
2014-06-10 18:33:42,487|0,0|1,9|98,0|1678|1079|598|0,00|0,00|0,06|0,00
2014-06-10 18:33:48,311|0,0|1,9|98,0|1678|1079|598|0,00|0,00|0,00|0,00
2014-06-10 18:33:54,104|0,0|1,9|98,0|1678|1079|598|0,00|0,00|0,00|0,00
2014-06-10 18:33:59,934|0,0|0,0|100,0|1678|1079|598|0,00|0,00|0,40|1,01
2014-06-10 18:34:05,770|0,0|0,0|100,0|1678|1079|598|0,00|0,00|0,06|0,00
2014-06-10 18:34:11,577|0,0|1,9|98,0|1678|1079|598|0,00|0,00|0,00|0,00
2014-06-10 18:34:17,430|0,0|1,9|98,0|1678|1079|598|0,00|0,00|0,00|0,00
2014-06-10 18:34:23,298|0,0|1,9|98,0|1678|1079|598|0,00|0,00|0,00|0,00
2014-06-10 18:34:29,136|0,0|0,0|100,0|1678|1079|598|0,00|0,00|0,00|0,06
2014-06-10 18:34:34,987|0,0|0,0|100,0|1678|1079|598|0,00|0,00|0,00|0,00
2014-06-10 18:34:40,813|0,0|1,9|98,0|1678|1079|598|0,00|0,00|0,00|0,00
2014-06-10 18:34:46,683|0,0|0,0|100,0|1678|1079|598|0,00|0,00|0,00|0,00
2014-06-10 18:34:52,477|0,0|0,0|100,0|1678|1079|598|0,00|0,00|0,00|0,00
2014-06-10 18:34:58,308|1,9|0,0|98,0|1678|1079|598|0,00|0,00|0,00|0,00
2014-06-10 18:35:04,168|0,0|0,0|100,0|1678|1079|598|0,00|0,00|0,00|0,00
2014-06-10 18:35:10,012|0,0|0,0|100,0|1678|1079|598|0,00|0,00|1,59|1,94
