2013-10-25 18:23:14,500|0,0|0,0|100,0|995|248|746|19,78|3,71|1,17|0,00
2013-10-25 18:23:20,025|0,0|0,0|100,0|995|248|746|19,78|3,71|0,94|0,04
2013-10-25 18:23:25,600|0,0|0,0|100,0|995|247|748|19,78|3,71|0,18|0,00
2013-10-25 18:23:31,137|0,0|0,0|100,0|995|247|748|19,78|3,71|0,23|0,00
2013-10-25 18:23:36,653|0,0|0,0|100,0|995|247|748|19,78|3,71|1,09|0,00
2013-10-25 18:23:42,224|0,0|0,0|100,0|995|247|748|19,78|3,71|1,64|0,00
2013-10-25 18:23:47,757|0,0|0,0|100,0|995|247|748|19,78|3,71|0,29|0,00
2013-10-25 18:23:53,279|0,0|0,0|100,0|995|247|748|19,78|3,71|1,42|0,00
2013-10-25 18:23:58,849|0,0|0,0|100,0|995|247|748|19,78|3,71|0,32|0,00
2013-10-25 18:24:04,387|0,0|0,0|100,0|995|247|748|19,78|3,71|0,41|0,00
2013-10-25 18:24:09,904|0,0|0,0|100,0|995|247|748|19,78|3,71|1,04|0,00
2013-10-25 18:24:15,477|0,0|0,0|100,0|995|247|748|19,78|3,71|0,38|0,00
2013-10-25 18:24:21,008|0,0|0,0|100,0|995|247|748|19,78|3,71|1,49|0,00
2013-10-25 18:24:26,524|0,0|0,0|100,0|995|247|748|19,78|3,71|0,90|0,00
2013-10-25 18:24:32,100|0,0|0,0|100,0|995|247|748|19,78|3,71|0,35|0,00
2013-10-25 18:24:37,636|0,0|0,0|100,0|995|247|748|19,78|3,71|1,12|0,00
2013-10-25 18:24:43,156|0,0|0,0|100,0|995|247|748|19,78|3,71|0,29|0,00
2013-10-25 18:24:48,724|0,0|0,0|100,0|995|247|748|19,78|3,71|0,45|0,00
2013-10-25 18:24:54,263|0,0|0,0|100,0|995|247|748|19,78|3,71|1,49|0,00
2013-10-25 18:24:59,782|0,0|0,0|100,0|995|247|748|19,78|3,71|1,82|0,00
2013-10-25 18:25:05,356|0,0|0,0|100,0|995|247|748|19,78|3,71|1,19|0,00
2013-10-25 18:25:10,891|0,0|0,0|100,0|995|247|748|19,78|3,71|0,55|0,00
2013-10-25 18:25:16,409|0,0|0,0|100,0|995|247|748|19,78|3,71|0,80|0,00
2013-10-25 18:25:21,979|0,0|0,0|100,0|995|247|748|19,78|3,71|0,81|0,00
2013-10-25 18:25:27,512|0,0|0,0|100,0|995|247|748|19,78|3,71|0,44|0,00
2013-10-25 18:25:33,036|0,0|0,0|100,0|995|247|748|19,78|3,71|0,29|0,00
2013-10-25 18:25:38,606|0,0|0,0|100,0|995|247|748|19,78|3,71|0,69|0,00
2013-10-25 18:25:44,141|0,0|0,0|100,0|995|247|748|19,78|3,71|1,70|0,00
2013-10-25 18:25:49,656|0,0|0,0|100,0|995|247|748|19,78|3,71|0,93|0,00
2013-10-25 18:25:55,234|0,0|0,0|100,0|995|247|748|19,78|3,71|0,47|0,00
2013-10-25 18:26:00,763|0,0|0,0|100,0|995|247|748|19,78|3,71|0,99|0,00
2013-10-25 18:26:06,285|0,0|0,0|100,0|995|247|748|19,78|3,71|1,28|0,00
2013-10-25 18:26:11,859|0,0|0,0|100,0|995|247|748|19,78|3,71|1,64|0,00
2013-10-25 18:26:17,396|0,0|0,0|100,0|995|247|748|19,78|3,71|1,17|0,00
2013-10-25 18:26:22,951|0,0|0,0|100,0|995|247|748|19,78|3,71|1,26|0,00
2013-10-25 18:26:28,500|0,0|0,0|100,0|995|247|748|19,78|3,71|1,57|0,00
2013-10-25 18:26:34,200|0,0|0,0|100,0|995|247|748|19,78|3,71|2,30|0,00
2013-10-25 18:26:39,749|0,0|0,0|100,0|995|247|748|19,78|3,71|2,27|0,00
2013-10-25 18:26:45,276|0,0|0,0|100,0|995|247|748|19,78|3,71|0,28|0,00
2013-10-25 18:26:50,828|0,0|0,0|100,0|995|247|748|19,78|3,71|2,62|0,00
2013-10-25 18:26:56,365|100,0|0,0|0,0|995|253|742|19,78|3,71|0,18|0,00
2013-10-25 18:27:02,236|100,0|0,0|0,0|995|253|742|19,78|3,71|0,47|0,00
2013-10-25 18:27:08,035|100,0|0,0|0,0|995|253|742|19,78|3,71|1,33|0,00
2013-10-25 18:27:13,827|100,0|0,0|0,0|995|253|742|19,77|3,71|0,56|0,00
2013-10-25 18:27:19,571|100,0|0,0|0,0|995|253|742|19,77|3,71|1,66|0,00
2013-10-25 18:27:25,336|0,0|0,0|100,0|995|253|742|19,77|3,71|0,18|0,00
2013-10-25 18:27:30,882|0,0|0,0|100,0|995|253|742|19,77|3,71|0,67|0,00
2013-10-25 18:27:36,405|0,0|0,0|100,0|995|253|742|19,77|3,71|1,04|0,00
2013-10-25 18:27:41,980|0,0|0,0|100,0|995|253|742|19,77|3,71|0,83|0,00
2013-10-25 18:27:47,509|0,0|0,0|100,0|995|253|742|19,77|3,71|0,47|0,00
2013-10-25 18:27:53,035|0,0|0,0|100,0|995|253|742|19,77|3,71|0,92|0,00
2013-10-25 18:27:58,608|0,0|0,0|100,0|995|253|742|19,77|3,71|0,53|0,00
2013-10-25 18:28:04,144|0,0|0,0|100,0|995|253|742|19,77|3,71|2,04|0,00
2013-10-25 18:28:09,656|0,0|0,0|100,0|995|253|742|19,77|3,71|1,78|0,00
2013-10-25 18:28:15,233|0,0|0,0|100,0|995|253|742|19,77|3,71|0,41|0,00
2013-10-25 18:28:20,768|0,0|0,0|100,0|995|253|742|19,77|3,71|0,98|0,00
2013-10-25 18:28:26,283|0,0|0,0|100,0|995|253|742|19,77|3,71|0,23|0,00
2013-10-25 18:28:31,852|0,0|0,0|100,0|995|253|742|19,77|3,71|0,54|0,00
2013-10-25 18:28:37,387|0,0|0,0|100,0|995|253|742|19,77|3,71|1,18|0,00
2013-10-25 18:28:42,904|0,0|0,0|100,0|995|253|742|19,77|3,71|0,29|0,00
2013-10-25 18:28:48,452|0,0|0,0|100,0|995|253|742|19,77|3,71|0,29|0,00
2013-10-25 18:28:54,000|0,0|0,0|100,0|995|253|742|19,77|3,71|0,44|0,00
2013-10-25 18:28:59,520|0,0|0,0|100,0|995|253|742|19,77|3,71|0,51|0,00
2013-10-25 18:29:05,034|0,0|0,0|100,0|995|253|742|19,77|3,71|2,08|0,00
2013-10-25 18:29:10,608|0,0|0,0|100,0|995|253|742|19,77|3,71|0,50|0,00
2013-10-25 18:29:16,140|0,0|0,0|100,0|995|253|742|19,77|3,71|0,32|0,00
2013-10-25 18:29:21,650|0,0|0,0|100,0|995|253|742|19,77|3,71|2,12|0,00
2013-10-25 18:29:27,164|0,0|0,0|100,0|995|253|742|19,77|3,71|0,44|0,00
2013-10-25 18:29:32,735|0,0|0,0|100,0|995|253|742|19,77|3,71|0,48|0,00
2013-10-25 18:29:38,272|0,0|1,9|98,0|995|253|742|19,77|3,71|1,00|0,00
2013-10-25 18:29:43,788|0,0|0,0|100,0|995|253|742|19,77|3,71|0,32|0,00
2013-10-25 18:29:49,356|0,0|0,0|100,0|995|253|742|19,77|3,71|0,53|0,00
2013-10-25 18:29:54,892|0,0|0,0|100,0|995|253|742|19,77|3,71|1,44|0,00
2013-10-25 18:30:00,403|0,0|0,0|100,0|995|253|742|19,77|3,71|1,09|0,00
2013-10-25 18:30:05,916|0,0|0,0|100,0|995|253|742|19,77|3,71|0,62|0,00
2013-10-25 18:30:11,485|0,0|0,0|100,0|995|253|742|19,77|3,71|0,53|0,00
2013-10-25 18:30:17,020|0,0|0,0|100,0|995|253|742|19,77|3,71|0,53|0,00
2013-10-25 18:30:22,532|0,0|0,0|100,0|995|253|742|19,77|3,71|0,59|0,00
2013-10-25 18:30:28,039|0,0|0,0|100,0|995|253|742|19,77|3,71|0,47|0,00
2013-10-25 18:30:33,604|0,0|0,0|100,0|995|253|742|19,77|3,71|0,53|0,00
2013-10-25 18:30:39,141|0,0|0,0|100,0|995|253|742|19,77|3,71|1,01|0,00
2013-10-25 18:30:44,661|0,0|0,0|100,0|995|253|742|19,77|3,71|0,18|0,00
2013-10-25 18:30:50,233|0,0|0,0|100,0|995|253|742|19,77|3,71|0,78|0,00
2013-10-25 18:30:55,773|0,0|0,0|100,0|995|253|742|19,77|3,71|1,77|0,00
2013-10-25 18:31:01,287|0,0|0,0|100,0|995|253|742|19,77|3,71|0,58|0,00
2013-10-25 18:31:06,792|0,0|0,0|100,0|995|253|742|19,77|3,71|0,89|0,00
2013-10-25 18:31:12,369|0,0|0,0|100,0|995|253|742|19,77|3,71|1,30|0,00
2013-10-25 18:31:17,901|1,9|0,0|98,0|995|253|742|19,77|3,71|0,56|0,00
2013-10-25 18:31:23,412|0,0|0,0|100,0|995|253|742|19,77|3,71|0,87|0,00
2013-10-25 18:31:28,988|0,0|0,0|100,0|995|253|742|19,77|3,71|0,26|0,00
2013-10-25 18:31:34,520|0,0|0,0|100,0|995|253|742|19,77|3,71|0,38|0,00
2013-10-25 18:31:40,036|1,9|0,0|98,0|995|253|742|19,77|3,71|1,72|0,00
2013-10-25 18:31:45,535|0,0|0,0|100,0|995|253|742|19,77|3,71|0,12|0,00
2013-10-25 18:31:51,084|0,0|0,0|100,0|995|253|742|19,77|3,71|0,35|0,00
2013-10-25 18:31:56,635|0,0|0,0|100,0|995|253|742|19,77|3,71|0,41|0,00
2013-10-25 18:32:02,159|0,0|0,0|100,0|995|253|742|19,77|3,71|0,47|0,00
2013-10-25 18:32:07,668|0,0|0,0|100,0|995|253|742|19,77|3,71|2,14|0,00
2013-10-25 18:32:13,246|0,0|0,0|100,0|995|253|742|19,77|3,71|0,32|0,00
2013-10-25 18:32:18,778|0,0|0,0|100,0|995|253|742|19,77|3,71|11,53|0,00
2013-10-25 18:32:24,298|0,0|0,0|100,0|995|253|742|19,77|3,71|1,78|0,00
2013-10-25 18:32:29,867|0,0|0,0|100,0|995|253|742|19,76|3,71|1,14|0,00
2013-10-25 18:32:35,405|0,0|1,9|98,0|995|253|742|19,76|3,71|1,84|0,00
2013-10-25 18:32:40,921|0,0|0,0|100,0|995|253|742|19,76|3,71|0,18|0,00
2013-10-25 18:32:46,493|0,0|0,0|100,0|995|253|742|19,76|3,71|0,18|0,00
2013-10-25 18:32:52,030|0,0|0,0|100,0|995|253|742|19,76|3,71|1,81|0,00
2013-10-25 18:32:57,546|0,0|0,0|100,0|995|253|742|19,76|3,71|2,57|0,00
2013-10-25 18:33:03,123|0,0|0,0|100,0|995|253|742|19,76|3,71|0,47|0,00
2013-10-25 18:33:08,655|0,0|0,0|100,0|995|253|741|19,76|3,71|1,35|0,00
2013-10-25 18:33:14,174|0,0|0,0|98,0|995|253|741|19,76|3,71|0,47|0,00
2013-10-25 18:33:19,742|0,0|1,9|98,0|995|253|741|19,76|3,71|0,50|0,00
2013-10-25 18:33:25,278|0,0|0,0|100,0|995|253|741|19,76|3,71|0,18|0,00
2013-10-25 18:33:30,796|0,0|0,0|100,0|995|253|741|19,76|3,71|1,08|0,00
2013-10-25 18:33:36,369|0,0|0,0|100,0|995|253|741|19,76|3,71|9,39|0,00
2013-10-25 18:33:41,905|0,0|0,0|100,0|995|253|741|19,76|3,71|6,28|0,00
2013-10-25 18:33:47,378|0,0|0,0|100,0|995|253|741|19,76|3,71|0,29|0,00
2013-10-25 18:33:52,912|0,0|0,0|100,0|995|253|741|19,76|3,71|0,53|0,00
2013-10-25 18:33:58,397|0,0|0,0|100,0|995|253|741|19,76|3,71|0,94|0,00
2013-10-25 18:34:03,921|0,0|0,0|100,0|995|253|741|19,76|3,71|1,45|0,00
2013-10-25 18:34:09,493|0,0|0,0|100,0|995|253|741|19,76|3,71|0,77|0,00
2013-10-25 18:34:15,030|0,0|0,0|100,0|995|253|741|19,76|3,71|0,27|0,00
2013-10-25 18:34:20,545|0,0|0,0|100,0|995|253|741|19,76|3,71|0,32|0,00
2013-10-25 18:34:26,123|0,0|0,0|100,0|995|253|741|19,76|3,71|1,24|0,00
2013-10-25 18:34:31,656|0,0|0,0|100,0|995|253|741|19,76|3,71|0,23|0,00
2013-10-25 18:34:37,171|0,0|0,0|100,0|995|253|741|19,76|3,71|0,12|0,00
2013-10-25 18:34:42,747|0,0|0,0|100,0|995|253|741|19,76|3,71|2,91|0,00
2013-10-25 18:34:48,281|0,0|0,0|100,0|995|253|741|19,76|3,71|3,76|2,65
2013-10-25 18:34:53,819|0,0|0,0|100,0|995|253|741|19,76|3,71|1,01|0,00
2013-10-25 18:34:59,412|3,9|7,8|88,2|995|253|741|19,76|3,71|5,91|120,65
2013-10-25 18:35:04,928|0,0|2,0|98,0|995|254|740|19,76|3,71|8,93|131,90
2013-10-25 18:35:10,507|0,0|0,0|100,0|995|253|741|19,76|3,71|11,27|133,44
2013-10-25 18:35:16,044|0,0|0,0|100,0|995|253|741|19,76|3,71|10,37|133,77
2013-10-25 18:35:21,591|0,0|0,0|100,0|995|253|741|19,76|3,71|8,24|15,73
2013-10-25 18:35:27,175|0,0|0,0|100,0|995|253|741|19,76|3,71|4,88|13,07
2013-10-25 18:35:32,797|0,0|0,0|100,0|995|253|741|19,76|3,71|5,33|13,15
2013-10-25 18:35:38,395|0,0|0,0|100,0|995|253|741|19,76|3,71|6,17|2,86
2013-10-25 18:35:43,930|0,0|0,0|100,0|995|253|741|19,76|3,71|0,67|0,00
2013-10-25 18:35:49,577|0,0|0,0|100,0|995|253|741|19,76|3,71|0,80|0,00
2013-10-25 18:35:55,181|0,0|0,0|100,0|995|253|741|19,76|3,71|0,53|0,00
2013-10-25 18:36:00,753|2,0|0,0|98,0|995|253|741|19,76|3,71|1,05|0,00
2013-10-25 18:36:06,370|2,0|8,1|89,7|995|254|741|19,76|3,71|2,33|0,00
2013-10-25 18:36:11,909|6,0|8,0|86,0|995|254|741|19,76|3,71|1,72|0,00
2013-10-25 18:36:17,477|8,0|4,0|88,0|995|254|741|19,76|3,71|5,79|120,58
2013-10-25 18:36:22,982|1,9|3,9|94,1|995|255|740|19,76|3,71|7,77|132,12
2013-10-25 18:36:28,535|0,0|0,0|100,0|995|254|741|19,76|3,71|10,32|134,52
2013-10-25 18:36:34,059|0,0|0,0|100,0|995|254|741|19,76|3,71|12,97|14,36
2013-10-25 18:36:39,669|0,0|0,0|100,0|995|254|741|19,76|3,71|7,90|14,09
2013-10-25 18:36:45,229|0,0|0,0|100,0|995|254|741|19,76|3,71|1,78|0,30
2013-10-25 18:36:50,813|0,0|0,0|100,0|995|254|741|19,76|3,71|1,27|0,00
2013-10-25 18:36:56,456|0,0|0,0|100,0|995|254|741|19,76|3,71|0,50|0,00
2013-10-25 18:37:02,020|2,0|0,0|98,0|995|254|741|19,76|3,71|1,86|0,00
2013-10-25 18:37:07,612|2,0|4,1|93,7|995|253|741|19,76|3,71|1,51|0,00
2013-10-25 18:37:13,163|7,8|5,8|86,2|995|254|741|19,76|3,71|10,31|0,00
2013-10-25 18:37:18,749|4,0|6,0|90,0|995|254|741|19,76|3,71|9,49|120,52
2013-10-25 18:37:24,283|0,0|0,0|100,0|995|254|741|19,76|3,71|11,46|135,39
2013-10-25 18:37:29,809|0,0|0,0|100,0|995|254|741|19,76|3,71|11,04|135,39
2013-10-25 18:37:35,381|0,0|0,0|100,0|995|254|741|19,76|3,71|5,35|14,82
2013-10-25 18:37:40,926|0,0|0,0|100,0|995|254|741|19,76|3,71|1,39|0,00
2013-10-25 18:37:46,534|2,0|0,0|98,0|995|254|741|19,75|3,71|1,07|0,06
2013-10-25 18:37:52,052|3,9|3,9|90,1|995|254|741|19,75|3,71|0,47|0,00
2013-10-25 18:37:57,606|4,0|6,1|89,7|995|254|741|19,75|3,71|2,67|0,00
2013-10-25 18:38:03,156|3,9|3,9|92,1|995|254|741|19,75|3,71|6,18|120,58
2013-10-25 18:38:08,741|0,0|0,0|100,0|995|254|741|19,75|3,71|11,57|135,89
2013-10-25 18:38:14,285|0,0|0,0|100,0|995|254|741|19,75|3,71|6,82|15,39
2013-10-25 18:38:19,863|2,0|0,0|98,0|995|254|741|19,75|3,71|2,11|0,06
2013-10-25 18:38:25,463|0,0|6,1|93,8|995|254|741|19,75|3,72|7,50|120,52
2013-10-25 18:38:30,926|0,0|0,0|100,0|995|254|741|19,75|3,72|2,60|0,00
2013-10-25 18:38:36,518|4,0|6,0|90,0|995|254|741|19,75|3,72|0,41|0,06
2013-10-25 18:38:42,432|54,0|44,0|0,0|995|255|739|19,75|3,72|13,96|120,28
2013-10-25 18:38:48,545|52,0|48,0|0,0|995|255|740|19,75|3,72|6,54|15,76
2013-10-25 18:38:54,698|47,0|52,9|0,0|995|255|739|19,75|3,72|2,49|0,00
2013-10-25 18:39:00,891|52,9|47,0|0,0|995|255|739|19,75|3,72|1,48|0,14
2013-10-25 18:39:07,064|44,0|56,0|0,0|995|255|739|19,75|3,72|2,02|0,00
2013-10-25 18:39:13,179|44,0|56,0|0,0|995|257|738|19,75|3,72|7,57|133,68
2013-10-25 18:39:19,297|41,1|58,8|0,0|995|256|739|19,75|3,72|7,06|17,51
2013-10-25 18:39:25,412|42,8|57,1|0,0|995|256|739|19,75|3,72|1,16|0,00
2013-10-25 18:39:31,559|48,0|52,0|0,0|995|256|739|19,75|3,72|0,75|0,06
2013-10-25 18:39:37,737|50,0|50,0|0,0|995|256|739|19,75|3,72|2,70|0,00
2013-10-25 18:39:43,897|50,0|50,0|0,0|995|256|739|19,75|3,72|1,28|0,00
2013-10-25 18:39:50,060|57,9|42,0|0,0|995|256|739|19,75|3,72|0,55|0,06
2013-10-25 18:39:56,232|64,0|36,0|0,0|995|256|739|19,75|3,72|7,15|19,86
2013-10-25 18:40:02,245|80,0|20,0|0,0|995|256|739|19,75|3,72|5,15|16,65
2013-10-25 18:40:08,004|82,0|18,0|0,0|995|256|739|19,75|3,72|2,70|0,00
2013-10-25 18:40:13,819|84,3|15,6|0,0|995|267|728|19,75|3,72|1,66|0,00
2013-10-25 18:40:19,652|78,0|22,0|0,0|995|267|728|19,75|3,72|2,25|1,39
2013-10-25 18:40:25,430|80,0|20,0|0,0|995|267|728|19,75|3,72|0,65|0,00
2013-10-25 18:40:31,245|84,3|15,6|0,0|995|267|728|19,75|3,72|0,88|0,00
2013-10-25 18:40:37,066|82,0|18,0|0,0|995|267|728|19,75|3,72|0,43|0,00
2013-10-25 18:40:42,893|82,0|18,0|0,0|995|267|727|19,75|3,72|2,90|0,00
2013-10-25 18:40:48,719|80,0|20,0|0,0|995|267|727|19,75|3,72|0,35|0,00
2013-10-25 18:40:54,537|80,3|19,6|0,0|995|267|727|19,75|3,72|1,64|4,41
2013-10-25 18:41:00,361|78,0|22,0|0,0|995|267|727|19,75|3,72|0,83|0,06
2013-10-25 18:41:06,186|76,4|23,5|0,0|995|267|727|19,75|3,72|1,06|6,07
2013-10-25 18:41:11,971|86,0|14,0|0,0|995|299|696|19,75|3,72|0,68|0,06
2013-10-25 18:41:17,753|88,0|12,0|0,0|995|299|696|19,75|3,72|0,75|4,41
2013-10-25 18:41:23,549|80,0|20,0|0,0|995|299|696|19,75|3,72|0,91|0,00
2013-10-25 18:41:29,370|82,0|18,0|0,0|995|299|696|19,75|3,72|1,48|0,00
2013-10-25 18:41:35,207|82,3|17,6|0,0|995|299|696|19,75|3,72|0,18|0,00
2013-10-25 18:41:41,025|82,0|18,0|0,0|995|299|696|19,75|3,72|1,63|0,00
2013-10-25 18:41:46,859|84,0|16,0|0,0|995|299|696|19,75|3,72|3,47|0,00
2013-10-25 18:41:52,689|80,0|20,0|0,0|995|299|696|19,75|3,72|3,26|1,66
2013-10-25 18:41:58,513|80,0|20,0|0,0|995|299|696|19,75|3,72|2,50|0,00
2013-10-25 18:42:04,365|82,0|18,0|0,0|995|320|675|19,75|3,72|10,85|0,00
2013-10-25 18:42:10,269|80,0|20,0|0,0|995|320|675|19,75|3,72|1,33|0,00
2013-10-25 18:42:16,148|80,0|20,0|0,0|995|320|674|19,75|3,72|1,81|0,00
2013-10-25 18:42:21,953|80,3|19,6|0,0|995|320|675|19,75|3,72|0,44|0,00
2013-10-25 18:42:27,783|80,0|20,0|0,0|995|320|675|19,75|3,72|3,78|0,00
2013-10-25 18:42:33,552|82,3|17,6|0,0|995|320|675|19,75|3,72|0,23|0,00
2013-10-25 18:42:39,340|86,0|14,0|0,0|995|320|675|19,75|3,72|1,27|0,00
2013-10-25 18:42:45,083|82,0|18,0|0,0|995|320|675|19,75|3,72|0,70|0,00
2013-10-25 18:42:50,837|93,8|6,1|0,0|995|428|567|19,75|3,72|1,27|0,00
2013-10-25 18:42:56,651|94,0|6,0|0,0|995|428|567|19,75|3,72|0,53|0,00
2013-10-25 18:43:02,425|92,0|8,0|0,0|995|429|566|19,74|3,72|3,68|119,27
2013-10-25 18:43:08,188|90,0|10,0|0,0|995|428|566|19,74|3,72|8,27|120,66
2013-10-25 18:43:13,929|100,0|0,0|0,0|995|429|565|19,74|3,72|8,86|138,29
2013-10-25 18:43:19,675|98,0|1,9|0,0|995|428|566|19,74|3,72|10,40|139,88
2013-10-25 18:43:25,436|96,0|4,0|0,0|995|428|566|19,74|3,72|10,89|139,95
2013-10-25 18:43:31,193|98,0|1,9|0,0|995|428|567|19,74|3,72|11,74|140,17
2013-10-25 18:43:36,933|98,0|2,0|0,0|995|428|567|19,74|3,72|5,60|19,32
2013-10-25 18:43:42,736|96,0|3,9|0,0|995|428|566|19,74|3,72|5,61|19,38
2013-10-25 18:43:48,509|96,0|4,0|0,0|995|428|566|19,74|3,72|1,84|0,30
2013-10-25 18:43:54,324|97,9|2,0|0,0|995|428|566|19,74|3,72|1,04|0,00
2013-10-25 18:44:00,144|84,0|16,0|0,0|995|428|566|19,74|3,72|0,78|0,00
2013-10-25 18:44:06,016|94,1|5,8|0,0|995|445|550|19,74|3,72|0,29|0,00
2013-10-25 18:44:11,759|96,0|3,9|0,0|995|445|550|19,74|3,72|1,39|0,00
2013-10-25 18:44:17,552|98,0|1,9|0,0|995|445|550|19,74|3,72|0,36|0,00
2013-10-25 18:44:23,345|92,0|8,0|0,0|995|445|550|19,74|3,72|0,35|0,00
2013-10-25 18:44:29,129|92,1|7,8|0,0|995|446|549|19,74|3,72|2,12|0,06
2013-10-25 18:44:34,901|90,0|10,0|0,0|995|445|550|19,74|3,72|5,72|121,06
2013-10-25 18:44:40,651|98,0|2,0|0,0|995|445|550|19,74|3,72|10,75|141,08
2013-10-25 18:44:46,409|97,9|2,0|0,0|995|445|550|19,74|3,72|4,88|20,29
2013-10-25 18:44:52,193|98,0|2,0|0,0|995|445|550|19,74|3,72|5,21|0,00
2013-10-25 18:44:57,989|98,0|2,0|0,0|995|445|550|19,74|3,72|9,48|0,00
2013-10-25 18:45:03,781|100,0|0,0|0,0|995|445|550|19,74|3,72|1,41|0,06
2013-10-25 18:45:09,592|89,7|10,2|0,0|995|445|550|19,74|3,72|2,74|0,00
2013-10-25 18:45:15,345|96,0|4,0|0,0|995|446|549|19,74|3,72|8,73|140,40
2013-10-25 18:45:21,096|100,0|0,0|0,0|995|445|550|19,74|3,72|6,79|21,09
2013-10-25 18:45:26,889|98,0|1,9|0,0|995|445|550|19,74|3,72|0,61|0,06
2013-10-25 18:45:32,676|98,0|1,9|0,0|995|445|550|19,74|3,72|0,82|0,00
2013-10-25 18:45:38,465|98,0|2,0|0,0|995|445|550|19,74|3,72|3,20|0,00
2013-10-25 18:45:44,241|92,0|8,0|0,0|995|446|549|19,74|3,72|3,99|119,63
2013-10-25 18:45:49,988|96,0|4,0|0,0|995|446|549|19,74|3,72|8,44|140,78
2013-10-25 18:45:55,804|97,9|2,0|0,0|995|445|550|19,74|3,72|5,87|21,23
2013-10-25 18:46:01,607|83,6|16,3|0,0|995|445|550|19,74|3,72|0,76|0,00
2013-10-25 18:46:07,414|96,0|3,9|0,0|995|445|550|19,74|3,72|1,00|0,00
2013-10-25 18:46:13,185|92,1|7,8|0,0|995|445|550|19,74|3,72|0,73|0,00
2013-10-25 18:46:18,945|92,1|7,8|0,0|995|445|550|19,74|3,72|5,86|121,01
2013-10-25 18:46:24,708|98,0|2,0|0,0|995|445|550|19,74|3,72|9,19|24,55
2013-10-25 18:46:30,464|96,0|3,9|0,0|995|445|550|19,74|3,72|0,65|0,00
2013-10-25 18:46:36,256|100,0|0,0|0,0|995|445|550|19,74|3,72|0,90|0,06
2013-10-25 18:46:42,013|96,0|4,0|0,0|995|445|550|19,74|3,72|1,12|0,00
2013-10-25 18:46:47,769|93,8|6,1|0,0|995|445|550|19,74|3,72|5,70|120,90
2013-10-25 18:46:53,519|96,0|4,0|0,0|995|445|550|19,74|3,72|10,68|142,94
2013-10-25 18:46:59,273|100,0|0,0|0,0|995|445|550|19,74|3,72|1,30|0,00
2013-10-25 18:47:05,073|94,1|5,8|0,0|995|445|550|19,74|3,72|1,01|0,00
2013-10-25 18:47:10,878|92,1|7,8|0,0|995|445|550|19,74|3,72|0,61|0,00
2013-10-25 18:47:16,641|92,0|6,0|0,0|995|445|550|19,74|3,72|5,75|121,02
2013-10-25 18:47:22,404|98,0|1,9|0,0|995|445|550|19,74|3,72|10,46|143,11
2013-10-25 18:47:28,168|96,0|4,0|0,0|995|445|550|19,74|3,72|2,68|1,37
2013-10-25 18:47:33,965|98,0|2,0|0,0|995|445|550|19,74|3,72|2,04|0,00
2013-10-25 18:47:39,760|80,3|19,6|0,0|995|445|550|19,74|3,72|3,10|0,00
2013-10-25 18:47:45,501|94,0|6,0|0,0|995|445|550|19,74|3,72|6,22|121,23
2013-10-25 18:47:51,259|100,0|0,0|0,0|995|445|550|19,74|3,72|5,90|22,77
2013-10-25 18:47:57,053|100,0|0,0|0,0|995|445|550|19,74|3,72|1,00|0,00
2013-10-25 18:48:02,843|98,0|2,0|0,0|995|445|550|19,74|3,72|3,36|0,00
2013-10-25 18:48:08,625|88,0|12,0|0,0|995|445|550|19,74|3,72|2,10|0,00
2013-10-25 18:48:14,388|96,0|4,0|0,0|995|445|550|19,74|3,72|12,98|144,21
2013-10-25 18:48:20,141|98,0|2,0|0,0|995|445|550|19,73|3,72|2,63|1,37
2013-10-25 18:48:25,917|98,0|2,0|0,0|995|445|550|19,73|3,72|0,38|0,00
2013-10-25 18:48:31,713|94,1|5,8|0,0|995|445|550|19,73|3,72|3,39|0,00
2013-10-25 18:48:37,461|92,0|8,0|0,0|995|445|550|19,73|3,72|5,48|121,22
2013-10-25 18:48:43,208|98,0|2,0|0,0|995|445|550|19,73|3,72|5,41|23,28
2013-10-25 18:48:49,001|100,0|0,0|0,0|995|445|550|19,73|3,72|0,18|0,00
2013-10-25 18:48:54,825|94,0|6,0|0,0|995|445|550|19,73|3,72|1,76|0,00
2013-10-25 18:49:00,569|96,0|4,0|0,0|995|445|550|19,73|3,72|6,90|121,22
2013-10-25 18:49:06,315|96,0|4,0|0,0|995|445|550|19,73|3,72|10,68|144,97
2013-10-25 18:49:12,053|97,9|2,0|0,0|995|445|550|19,73|3,72|3,03|0,00
2013-10-25 18:49:17,841|98,0|2,0|0,0|995|445|550|19,73|3,72|0,21|0,00
2013-10-25 18:49:23,612|94,0|6,0|0,0|995|446|549|19,73|3,72|8,68|120,92
2013-10-25 18:49:29,364|98,0|1,9|0,0|995|445|550|19,73|3,72|11,66|145,16
2013-10-25 18:49:35,127|98,0|2,0|0,0|995|446|549|19,73|3,72|1,53|4,46
2013-10-25 18:49:40,895|97,9|2,0|0,0|995|445|549|19,73|3,72|15,20|0,30
2013-10-25 18:49:46,652|92,0|8,0|0,0|995|445|549|19,73|3,72|6,71|121,40
2013-10-25 18:49:52,400|98,0|2,0|0,0|995|446|549|19,73|3,72|6,40|25,06
2013-10-25 18:49:58,161|98,0|2,0|0,0|995|446|549|19,73|3,72|0,64|0,11
2013-10-25 18:50:03,972|9,6|11,5|78,8|995|153|842|19,73|3,72|1,31|0,40
2013-10-25 18:50:09,513|0,0|0,0|100,0|995|153|842|19,73|3,72|5,65|26,05
2013-10-25 18:50:15,108|0,0|0,0|100,0|995|153|842|19,73|3,72|0,80|0,00
2013-10-25 18:50:20,723|6,0|6,0|88,0|995|154|841|19,73|3,72|4,47|121,19
2013-10-25 18:50:26,290|0,0|0,0|100,0|995|153|842|19,73|3,72|5,00|26,71
2013-10-25 18:50:31,826|2,0|0,0|98,0|995|153|842|19,73|3,72|1,34|4,41
2013-10-25 18:50:37,394|0,0|0,0|100,0|995|154|841|19,73|3,72|10,39|144,92
2013-10-25 18:50:42,949|0,0|0,0|100,0|995|153|842|19,73|3,72|3,36|0,00
2013-10-25 18:50:48,506|2,0|8,1|89,7|995|153|842|19,73|3,72|0,38|0,00
2013-10-25 18:50:54,057|0,0|0,0|100,0|995|153|842|19,73|3,72|6,57|26,95
2013-10-25 18:50:59,617|2,0|0,0|98,0|995|153|842|19,73|3,72|0,35|0,00
2013-10-25 18:51:05,218|4,0|6,1|89,7|995|153|842|19,73|3,72|7,26|121,73
2013-10-25 18:51:10,789|0,0|0,0|100,0|995|153|842|19,73|3,72|7,67|31,23
2013-10-25 18:51:16,326|2,0|0,0|98,0|995|153|842|19,73|3,72|3,65|0,00
2013-10-25 18:51:21,906|0,0|2,0|98,0|995|154|841|19,73|3,72|8,86|146,63
2013-10-25 18:51:27,449|0,0|0,0|100,0|995|153|842|19,73|3,72|0,46|0,00
2013-10-25 18:51:32,966|4,0|6,1|89,7|995|153|842|19,73|3,72|0,23|0,00
2013-10-25 18:51:38,539|0,0|0,0|100,0|995|153|842|19,73|3,72|6,48|27,47
2013-10-25 18:51:44,120|0,0|0,0|100,0|995|153|842|19,73|3,72|1,56|6,07
2013-10-25 18:51:49,685|4,0|4,0|92,0|995|153|842|19,73|3,72|7,08|121,48
2013-10-25 18:51:55,204|0,0|0,0|100,0|995|153|842|19,73|3,72|1,63|0,00
2013-10-25 18:52:00,757|2,0|4,0|94,0|995|153|842|19,73|3,72|1,42|0,00
2013-10-25 18:52:06,313|0,0|0,0|100,0|995|153|842|19,73|3,72|11,50|149,04
2013-10-25 18:52:11,836|0,0|2,0|98,0|995|153|842|19,73|3,72|1,19|0,00
2013-10-25 18:52:17,433|3,9|7,8|88,2|995|153|841|19,73|3,72|6,53|121,61
2013-10-25 18:52:22,983|0,0|0,0|100,0|995|153|842|19,73|3,72|2,00|6,31
2013-10-25 18:52:28,562|0,0|0,0|100,0|995|153|841|19,73|3,72|6,56|0,00
2013-10-25 18:52:34,133|0,0|0,0|100,0|995|153|841|19,73|3,72|12,34|149,86
2013-10-25 18:52:39,686|0,0|0,0|100,0|995|153|841|19,73|3,72|1,71|0,00
2013-10-25 18:52:45,302|6,1|4,0|89,7|995|153|841|19,73|3,72|8,34|121,61
2013-10-25 18:52:50,834|0,0|0,0|100,0|995|153|841|19,73|3,72|2,42|3,05
2013-10-25 18:52:56,409|0,0|0,0|100,0|995|153|841|19,73|3,72|0,60|4,41
2013-10-25 18:53:02,023|0,0|0,0|100,0|995|153|841|19,73|3,72|11,04|154,32
2013-10-25 18:53:07,566|0,0|0,0|100,0|995|153|841|19,73|3,72|2,10|0,00
2013-10-25 18:53:13,088|4,0|4,0|91,8|995|154|840|19,73|3,72|6,37|120,09
2013-10-25 18:53:18,567|0,0|0,0|100,0|995|153|841|19,73|3,72|2,38|1,39
2013-10-25 18:53:24,178|4,0|0,0|95,9|995|153|841|19,73|3,72|5,91|0,00
2013-10-25 18:53:29,764|0,0|0,0|100,0|995|153|841|19,73|3,72|11,56|154,50
2013-10-25 18:53:35,307|0,0|0,0|100,0|995|153|841|19,72|3,72|0,24|0,06
2013-10-25 18:53:40,899|4,0|4,0|91,8|995|153|841|19,72|3,72|8,57|125,76
2013-10-25 18:53:46,437|0,0|0,0|100,0|995|153|841|19,72|3,73|0,75|0,00
2013-10-25 18:53:51,978|4,0|6,1|89,7|995|153|841|19,72|3,73|0,41|0,00
2013-10-25 18:53:57,537|0,0|0,0|100,0|995|153|841|19,72|3,73|5,31|29,56
2013-10-25 18:54:03,109|0,0|0,0|100,0|995|153|841|19,72|3,73|1,15|0,00
2013-10-25 18:54:08,672|1,9|1,9|96,0|995|154|840|19,72|3,73|10,65|153,55
2013-10-25 18:54:14,187|0,0|0,0|100,0|995|153|841|19,72|3,73|0,78|6,07
2013-10-25 18:54:19,737|4,0|4,0|92,0|995|153|841|19,72|3,73|6,30|121,53
2013-10-25 18:54:25,281|0,0|0,0|100,0|995|154|841|19,72|3,73|0,78|0,00
2013-10-25 18:54:30,862|4,0|2,0|93,8|995|154|841|19,72|3,73|0,83|0,00
2013-10-25 18:54:36,421|1,9|0,0|98,0|995|154|841|19,72|3,73|5,47|28,22
2013-10-25 18:54:41,994|0,0|0,0|100,0|995|154|841|19,72|3,73|1,37|0,00
2013-10-25 18:54:47,561|0,0|0,0|100,0|995|154|841|19,72|3,73|11,23|155,44
2013-10-25 18:54:53,137|0,0|0,0|100,0|995|154|841|19,72|3,73|3,90|4,45
2013-10-25 18:54:58,684|6,0|6,0|88,0|995|154|841|19,72|3,73|6,57|121,29
2013-10-25 18:55:04,213|0,0|0,0|100,0|995|154|841|19,72|3,73|0,53|0,00
2013-10-25 18:55:09,757|3,9|3,9|92,1|995|154|841|19,72|3,73|1,94|0,00
2013-10-25 18:55:15,311|0,0|0,0|100,0|995|154|841|19,72|3,73|5,70|28,46
2013-10-25 18:55:20,879|1,9|0,0|98,0|995|153|841|19,72|3,73|1,69|4,41
2013-10-25 18:55:26,458|0,0|0,0|100,0|995|154|841|19,72|3,73|10,39|157,75
2013-10-25 18:55:32,035|0,0|0,0|100,0|995|154|841|19,72|3,73|2,27|0,00
2013-10-25 18:55:37,606|4,1|4,1|91,6|995|154|841|19,72|3,73|6,62|121,54
2013-10-25 18:55:43,151|0,0|0,0|100,0|995|154|841|19,72|3,73|1,77|0,00
2013-10-25 18:55:48,736|6,0|6,0|88,0|995|154|841|19,72|3,73|0,59|0,00
2013-10-25 18:55:54,287|0,0|0,0|100,0|995|154|841|19,72|3,73|2,44|3,05
2013-10-25 18:55:59,857|4,0|4,0|92,0|995|154|841|19,72|3,73|1,20|4,41
2013-10-25 18:56:05,435|0,0|0,0|100,0|995|154|841|19,72|3,73|12,87|36,59
2013-10-25 18:56:11,004|0,0|0,0|100,0|995|154|841|19,72|3,73|1,96|0,00
2013-10-25 18:56:16,537|0,0|0,0|100,0|995|154|841|19,72|3,73|11,65|152,60
2013-10-25 18:56:22,059|0,0|0,0|100,0|995|154|841|19,72|3,73|0,53|0,00
2013-10-25 18:56:27,635|0,0|0,0|100,0|995|154|841|19,72|3,73|10,15|150,74
2013-10-25 18:56:33,166|0,0|0,0|100,0|995|154|841|19,72|3,73|0,75|4,41
2013-10-25 18:56:38,728|4,0|2,0|92,0|995|154|841|19,72|3,73|6,07|121,54
2013-10-25 18:56:44,281|0,0|0,0|100,0|995|154|841|19,72|3,73|1,47|4,41
2013-10-25 18:56:49,832|4,0|4,0|92,0|995|154|841|19,72|3,73|5,59|121,54
2013-10-25 18:56:55,403|0,0|0,0|100,0|995|154|841|19,72|3,73|0,99|0,00
2013-10-25 18:57:00,927|7,6|5,7|84,6|995|155|840|19,72|3,73|4,69|121,11
2013-10-25 18:57:06,464|0,0|0,0|100,0|995|154|841|19,72|3,73|0,72|0,00
2013-10-25 18:57:12,022|5,8|7,8|86,2|995|154|841|19,72|3,73|2,33|2,24
2013-10-25 18:57:17,569|0,0|0,0|100,0|995|154|841|19,72|3,73|1,60|4,41
2013-10-25 18:57:23,132|2,0|8,0|88,0|995|154|841|19,72|3,73|0,64|0,00
2013-10-25 18:57:28,685|0,0|0,0|100,0|995|154|841|19,72|3,73|0,50|0,00
2013-10-25 18:57:34,252|4,0|8,0|88,0|995|154|841|19,72|3,73|0,77|0,00
2013-10-25 18:57:39,815|0,0|0,0|100,0|995|154|841|19,72|3,73|1,14|0,00
2013-10-25 18:57:45,340|5,8|7,8|86,2|995|154|841|19,72|3,73|0,91|0,06
2013-10-25 18:57:50,899|0,0|0,0|100,0|995|154|841|19,72|3,73|4,12|7,40
2013-10-25 18:57:56,481|4,0|6,1|89,7|995|154|841|19,72|3,73|0,68|0,06
2013-10-25 18:58:02,053|0,0|0,0|100,0|995|154|841|19,72|3,73|3,38|2,99
2013-10-25 18:58:07,620|3,9|5,8|90,1|995|154|841|19,72|3,73|0,92|0,00
2013-10-25 18:58:13,186|0,0|0,0|100,0|995|154|841|19,72|3,73|6,46|32,36
2013-10-25 18:58:18,721|0,0|2,0|98,0|995|154|841|19,72|3,73|0,84|0,00
2013-10-25 18:58:24,326|0,0|0,0|100,0|995|154|841|19,72|3,73|5,17|33,36
2013-10-25 18:58:29,853|4,0|6,0|90,0|995|154|841|19,72|3,73|3,46|0,06
2013-10-25 18:58:35,430|0,0|0,0|100,0|995|154|841|19,72|3,73|9,02|32,65
2013-10-25 18:58:40,968|4,0|6,0|90,0|995|154|841|19,72|3,73|0,57|0,00
2013-10-25 18:58:46,527|0,0|0,0|100,0|995|154|841|19,72|3,73|4,01|4,20
2013-10-25 18:58:52,098|4,0|6,0|90,0|995|154|841|19,72|3,73|1,63|0,00
2013-10-25 18:58:57,651|0,0|0,0|100,0|995|154|841|19,71|3,73|3,80|1,91
2013-10-25 18:59:03,233|6,0|6,0|88,0|995|154|841|19,71|3,73|1,07|4,41
2013-10-25 18:59:08,808|0,0|0,0|100,0|995|154|841|19,71|3,73|1,51|6,12
2013-10-25 18:59:14,384|4,0|6,1|89,7|995|154|841|19,71|3,73|2,32|0,00
2013-10-25 18:59:19,947|0,0|0,0|100,0|995|154|841|19,71|3,73|0,32|0,00
2013-10-25 18:59:25,518|4,1|4,1|91,6|995|154|841|19,71|3,73|0,75|0,00
2013-10-25 18:59:31,071|0,0|1,9|98,0|995|154|841|19,71|3,73|0,96|0,00
2013-10-25 18:59:36,640|4,0|6,1|89,7|995|154|841|19,71|3,73|0,29|0,00
2013-10-25 18:59:42,195|0,0|0,0|100,0|995|154|841|19,71|3,73|0,59|5,97
2013-10-25 18:59:47,737|2,0|4,0|93,8|995|155|839|19,71|3,73|4,24|118,82
2013-10-25 18:59:53,306|0,0|0,0|100,0|995|154|841|19,71|3,73|1,86|0,00
2013-10-25 18:59:58,842|4,0|6,0|90,0|995|154|841|19,71|3,73|5,85|121,34
2013-10-25 19:00:04,408|0,0|0,0|100,0|995|154|841|19,71|3,73|0,32|0,00
2013-10-25 19:00:09,971|0,0|0,0|100,0|995|154|841|19,71|3,73|12,19|155,28
2013-10-25 19:00:15,524|0,0|0,0|100,0|995|154|841|19,71|3,73|1,00|0,06
2013-10-25 19:00:21,076|0,0|0,0|100,0|995|154|841|19,71|3,73|5,85|38,41
2013-10-25 19:00:26,611|2,0|8,0|90,0|995|154|841|19,71|3,73|0,18|0,00
2013-10-25 19:00:32,185|0,0|0,0|100,0|995|154|841|19,71|3,73|2,55|2,99
2013-10-25 19:00:37,750|6,1|4,0|89,7|995|154|841|19,71|3,73|1,56|0,00
2013-10-25 19:00:43,264|0,0|0,0|100,0|995|154|841|19,71|3,73|3,71|0,00
2013-10-25 19:00:48,824|6,1|4,0|89,7|995|154|841|19,71|3,73|5,99|122,95
2013-10-25 19:00:54,350|0,0|0,0|100,0|995|154|841|19,71|3,73|0,95|0,06
2013-10-25 19:00:59,910|0,0|0,0|100,0|995|154|841|19,71|3,73|12,08|160,41
2013-10-25 19:01:05,457|0,0|0,0|100,0|995|154|840|19,71|3,73|1,26|0,00
2013-10-25 19:01:10,981|0,0|0,0|100,0|995|154|840|19,71|3,73|2,14|0,00
2013-10-25 19:01:16,558|2,0|8,1|89,7|995|154|840|19,71|3,73|17,74|121,61
2013-10-25 19:01:22,093|0,0|0,0|100,0|995|154|840|19,71|3,73|1,07|0,00
2013-10-25 19:01:27,612|0,0|0,0|100,0|995|154|840|19,71|3,73|0,76|1,70
2013-10-25 19:01:33,185|0,0|0,0|100,0|995|154|840|19,71|3,73|6,02|1,66
2013-10-25 19:01:38,722|0,0|0,0|100,0|995|154|840|19,71|3,73|1,47|0,00
2013-10-25 19:01:44,237|0,0|0,0|100,0|995|154|840|19,71|3,73|3,70|0,00
2013-10-25 19:01:49,814|0,0|0,0|100,0|995|154|840|19,71|3,73|5,51|0,00
2013-10-25 19:01:55,345|2,0|0,0|98,0|995|154|840|19,71|3,73|3,20|1,71
2013-10-25 19:02:00,861|0,0|0,0|100,0|995|154|840|19,71|3,73|1,11|6,05
2013-10-25 19:02:06,438|0,0|0,0|100,0|995|154|840|19,71|3,73|1,56|7,57
2013-10-25 19:02:11,971|0,0|0,0|100,0|995|154|840|19,71|3,73|1,47|6,05
2013-10-25 19:02:17,528|0,0|0,0|100,0|995|154|840|19,71|3,73|0,39|0,00
2013-10-25 19:02:23,080|0,0|0,0|100,0|995|154|840|19,71|3,73|0,52|0,00
2013-10-25 19:02:28,605|0,0|0,0|100,0|995|154|840|19,71|3,73|0,27|0,00
2013-10-25 19:02:34,159|0,0|2,0|98,0|995|154|840|19,71|3,73|4,97|0,00
2013-10-25 19:02:39,714|0,0|0,0|100,0|995|154|840|19,71|3,73|2,36|7,68
2013-10-25 19:02:45,233|0,0|0,0|100,0|995|154|840|19,71|3,73|5,55|1,66
2013-10-25 19:02:50,809|0,0|0,0|100,0|995|154|840|19,71|3,73|1,88|1,55
2013-10-25 19:02:56,347|0,0|0,0|100,0|995|154|840|19,71|3,73|1,01|0,00
2013-10-25 19:03:01,859|0,0|0,0|100,0|995|154|840|19,71|3,73|0,97|0,00
2013-10-25 19:03:07,433|2,0|0,0|98,0|995|154|840|19,71|3,73|2,19|0,00
2013-10-25 19:03:12,968|0,0|0,0|100,0|995|154|840|19,71|3,73|8,13|1,66
2013-10-25 19:03:18,486|0,0|0,0|100,0|995|154|840|19,71|3,73|4,29|4,39
2013-10-25 19:03:24,062|0,0|0,0|100,0|995|154|840|19,71|3,73|1,26|0,00
2013-10-25 19:03:29,597|0,0|0,0|100,0|995|154|840|19,71|3,73|1,19|0,00
2013-10-25 19:03:35,118|0,0|0,0|100,0|995|154|840|19,71|3,73|1,03|0,00
2013-10-25 19:03:40,684|0,0|0,0|100,0|995|154|840|19,71|3,73|1,88|1,67
2013-10-25 19:03:46,211|0,0|1,9|98,0|995|154|840|19,71|3,73|3,35|0,00
2013-10-25 19:03:51,733|0,0|0,0|100,0|995|154|840|19,71|3,73|9,68|4,41
2013-10-25 19:03:57,310|0,0|0,0|100,0|995|154|840|19,71|3,73|1,32|6,05
2013-10-25 19:04:02,845|0,0|0,0|100,0|995|154|840|19,71|3,73|1,05|0,00
2013-10-25 19:04:08,364|0,0|0,0|100,0|995|154|840|19,71|3,73|13,62|0,00
2013-10-25 19:04:13,937|0,0|0,0|100,0|995|154|840|19,70|3,73|3,52|0,00
2013-10-25 19:04:19,477|0,0|0,0|100,0|995|154|840|19,70|3,73|0,90|0,00
2013-10-25 19:04:24,993|0,0|0,0|100,0|995|154|840|19,70|3,73|1,39|4,41
2013-10-25 19:04:30,565|0,0|0,0|100,0|995|154|840|19,70|3,73|1,31|1,66
2013-10-25 19:04:36,095|0,0|0,0|100,0|995|154|840|19,70|3,73|0,38|0,00
2013-10-25 19:04:41,618|0,0|0,0|100,0|995|154|840|19,70|3,73|1,87|0,00
2013-10-25 19:04:47,201|0,0|0,0|100,0|995|154|840|19,70|3,73|1,72|0,00
2013-10-25 19:04:52,729|0,0|1,9|98,0|995|154|840|19,70|3,73|0,55|0,00
2013-10-25 19:04:58,283|0,0|0,0|100,0|995|154|840|19,70|3,73|1,51|0,00
2013-10-25 19:05:03,832|0,0|0,0|100,0|995|154|840|19,70|3,73|1,76|6,00
2013-10-25 19:05:09,360|0,0|0,0|100,0|995|154|840|19,70|3,73|1,15|6,05
2013-10-25 19:05:14,906|0,0|0,0|100,0|995|154|840|19,70|3,73|1,60|0,00
2013-10-25 19:05:20,459|0,0|0,0|100,0|995|154|840|19,70|3,73|0,99|0,00
2013-10-25 19:05:25,985|0,0|0,0|100,0|995|154|840|19,70|3,73|0,75|0,00
2013-10-25 19:05:31,532|0,0|0,0|100,0|995|154|840|19,70|3,73|0,29|0,00
2013-10-25 19:05:37,081|1,9|0,0|98,0|995|154|840|19,70|3,73|0,47|1,71
2013-10-25 19:05:42,609|0,0|0,0|100,0|995|154|840|19,70|3,73|3,82|1,66
2013-10-25 19:05:48,165|0,0|0,0|100,0|995|155|840|19,70|3,73|2,10|0,00
2013-10-25 19:05:53,710|0,0|0,0|100,0|995|155|840|19,70|3,73|0,47|0,00
2013-10-25 19:05:59,237|0,0|0,0|100,0|995|155|840|19,70|3,73|0,50|0,00
2013-10-25 19:06:04,785|0,0|0,0|100,0|995|155|840|19,70|3,73|1,44|0,00
2013-10-25 19:06:10,338|0,0|0,0|100,0|995|155|840|19,70|3,73|1,25|1,66
2013-10-25 19:06:15,861|0,0|1,9|98,0|995|155|840|19,70|3,73|1,36|6,02
2013-10-25 19:06:21,368|0,0|0,0|100,0|995|155|840|19,70|3,73|0,53|0,00
2013-10-25 19:06:26,940|0,0|0,0|100,0|995|155|840|19,70|3,73|0,47|0,00
2013-10-25 19:06:32,477|0,0|0,0|100,0|995|155|840|19,70|3,73|0,38|0,00
2013-10-25 19:06:38,049|0,0|0,0|100,0|995|155|840|19,70|3,73|1,12|0,00
2013-10-25 19:06:43,611|0,0|1,9|98,0|995|155|840|19,70|3,73|1,06|0,00
2013-10-25 19:06:49,164|0,0|0,0|100,0|995|155|840|19,70|3,73|1,27|5,63
2013-10-25 19:06:54,714|0,0|0,0|100,0|995|155|840|19,70|3,73|1,58|6,02
2013-10-25 19:07:00,298|0,0|0,0|100,0|995|155|840|19,70|3,73|2,35|0,00
2013-10-25 19:07:05,843|0,0|0,0|100,0|995|155|840|19,70|3,73|1,86|0,00
2013-10-25 19:07:11,369|0,0|0,0|100,0|995|155|840|19,70|3,73|1,92|0,00
2013-10-25 19:07:16,942|2,0|0,0|98,0|995|155|840|19,70|3,73|2,29|0,00
2013-10-25 19:07:22,480|0,0|0,0|100,0|995|155|840|19,70|3,73|1,20|6,00
2013-10-25 19:07:28,041|1,9|0,0|98,0|995|155|840|19,70|3,73|2,83|7,71
2013-10-25 19:07:33,559|0,0|0,0|100,0|995|155|840|19,70|3,73|1,40|0,00
2013-10-25 19:07:39,102|0,0|0,0|100,0|995|155|840|19,70|3,73|0,61|0,00
2013-10-25 19:07:44,622|0,0|0,0|100,0|995|155|840|19,70|3,73|2,54|0,00
2013-10-25 19:07:50,197|0,0|0,0|100,0|995|155|840|19,70|3,73|1,20|0,00
2013-10-25 19:07:55,729|0,0|0,0|100,0|995|155|840|19,70|3,73|1,01|0,00
2013-10-25 19:08:01,316|0,0|0,0|100,0|995|155|840|19,70|3,73|0,36|1,66
2013-10-25 19:08:06,919|0,0|0,0|100,0|995|155|840|19,70|3,73|0,49|7,32
2013-10-25 19:08:12,472|0,0|0,0|100,0|995|155|840|19,70|3,73|1,58|0,00
2013-10-25 19:08:18,030|0,0|0,0|100,0|995|155|840|19,70|3,73|0,32|0,00
2013-10-25 19:08:23,561|0,0|0,0|100,0|995|155|840|19,70|3,73|0,53|0,00
2013-10-25 19:08:29,104|0,0|1,9|98,0|995|155|840|19,70|3,73|0,49|0,00
2013-10-25 19:08:34,625|0,0|0,0|100,0|995|155|840|19,70|3,73|2,03|6,00
2013-10-25 19:08:40,201|0,0|0,0|100,0|995|155|840|19,70|3,73|1,59|6,97
2013-10-25 19:08:45,737|0,0|0,0|100,0|995|155|840|19,70|3,73|1,27|0,00
2013-10-25 19:08:51,297|0,0|0,0|100,0|995|155|840|19,70|3,73|1,18|0,00
2013-10-25 19:08:56,845|0,0|0,0|100,0|995|155|840|19,70|3,73|0,81|0,00
2013-10-25 19:09:02,374|0,0|0,0|100,0|995|155|840|19,70|3,73|3,16|1,48
2013-10-25 19:09:07,950|0,0|0,0|100,0|995|155|840|19,70|3,73|0,95|0,00
2013-10-25 19:09:13,485|0,0|0,0|100,0|995|155|840|19,70|3,73|6,85|0,00
2013-10-25 19:09:19,053|0,0|0,0|100,0|995|155|840|19,70|3,73|5,39|0,00
2013-10-25 19:09:24,596|0,0|0,0|100,0|995|155|840|19,70|3,73|5,64|0,00
2013-10-25 19:09:30,149|0,0|0,0|100,0|995|155|840|19,69|3,73|1,00|0,00
2013-10-25 19:09:35,700|0,0|0,0|100,0|995|155|840|19,69|3,73|2,47|0,00
2013-10-25 19:09:41,236|0,0|0,0|100,0|995|155|840|19,69|3,73|1,43|0,00
2013-10-25 19:09:46,752|0,0|0,0|100,0|995|155|840|19,69|3,73|1,59|0,00
2013-10-25 19:09:52,329|0,0|0,0|100,0|995|155|840|19,69|3,73|1,64|0,00
2013-10-25 19:09:57,865|0,0|0,0|100,0|995|155|840|19,69|3,73|1,35|0,00
2013-10-25 19:10:03,445|0,0|0,0|100,0|995|155|840|19,69|3,73|1,20|0,00
2013-10-25 19:10:09,017|0,0|0,0|100,0|995|155|840|19,69|3,73|0,96|0,00
2013-10-25 19:10:14,570|0,0|0,0|100,0|995|155|840|19,69|3,73|1,32|0,00
2013-10-25 19:10:20,109|0,0|0,0|100,0|995|155|840|19,69|3,73|0,98|0,00
2013-10-25 19:10:25,605|0,0|0,0|100,0|995|155|840|19,69|3,73|0,85|0,00
2013-10-25 19:10:31,145|0,0|0,0|100,0|995|155|840|19,69|3,73|0,64|0,00
2013-10-25 19:10:36,689|0,0|0,0|100,0|995|155|840|19,69|3,73|0,76|0,00
2013-10-25 19:10:42,229|0,0|0,0|100,0|995|155|840|19,69|3,73|1,16|0,00
2013-10-25 19:10:47,751|1,9|0,0|98,0|995|155|840|19,69|3,73|1,84|0,00
2013-10-25 19:10:53,255|0,0|0,0|100,0|995|155|840|19,69|3,73|0,76|0,00
2013-10-25 19:10:58,821|0,0|0,0|100,0|995|155|840|19,69|3,73|1,46|0,00
2013-10-25 19:11:04,357|0,0|0,0|100,0|995|155|840|19,69|3,73|1,23|0,00
2013-10-25 19:11:09,871|0,0|1,9|98,0|995|155|840|19,69|3,73|0,87|0,00
2013-10-25 19:11:15,427|0,0|0,0|100,0|995|155|839|19,69|3,73|3,47|0,00
2013-10-25 19:11:20,970|0,0|0,0|100,0|995|155|840|19,69|3,73|1,00|0,00
2013-10-25 19:11:26,488|0,0|0,0|100,0|995|155|839|19,69|3,73|1,44|0,00
2013-10-25 19:11:32,008|0,0|0,0|100,0|995|155|839|19,69|3,73|0,70|0,00
2013-10-25 19:11:37,581|0,0|0,0|100,0|995|155|839|19,69|3,73|0,82|0,00
2013-10-25 19:11:43,113|0,0|0,0|100,0|995|155|839|19,69|3,73|1,28|0,00
2013-10-25 19:11:48,627|0,0|0,0|100,0|995|155|839|19,69|3,73|3,80|0,00
2013-10-25 19:11:54,128|0,0|0,0|100,0|995|155|839|19,69|3,73|0,76|0,00
2013-10-25 19:11:59,701|0,0|0,0|100,0|995|155|839|19,69|3,73|1,14|0,00
2013-10-25 19:12:05,273|0,0|0,0|100,0|995|155|839|19,69|3,73|1,06|0,00
2013-10-25 19:12:10,824|1,9|0,0|98,0|995|155|839|19,69|3,73|4,05|0,04
2013-10-25 19:12:16,361|0,0|0,0|100,0|995|155|839|19,69|3,73|3,75|0,00
2013-10-25 19:12:21,905|0,0|0,0|100,0|995|155|839|19,69|3,73|2,18|0,00
2013-10-25 19:12:27,465|0,0|0,0|100,0|995|155|839|19,69|3,73|6,61|0,00
2013-10-25 19:12:33,033|0,0|0,0|100,0|995|155|839|19,69|3,73|1,29|0,00
2013-10-25 19:12:38,580|0,0|2,0|98,0|995|155|839|19,69|3,73|1,13|0,00
2013-10-25 19:12:44,149|0,0|0,0|100,0|995|155|839|19,69|3,73|1,41|0,00
2013-10-25 19:12:49,709|0,0|0,0|100,0|995|155|839|19,69|3,73|1,82|0,00
2013-10-25 19:12:55,243|0,0|0,0|100,0|995|155|839|19,69|3,73|0,70|0,00
2013-10-25 19:13:00,760|0,0|0,0|100,0|995|155|839|19,69|3,73|0,94|0,00
2013-10-25 19:13:06,258|0,0|0,0|100,0|995|156|839|19,69|3,73|1,48|0,00
2013-10-25 19:13:11,815|0,0|0,0|100,0|995|156|839|19,69|3,73|1,52|0,00
2013-10-25 19:13:17,361|0,0|0,0|100,0|995|156|839|19,69|3,73|1,68|0,00
2013-10-25 19:13:22,880|0,0|0,0|100,0|995|156|839|19,69|3,73|1,93|0,00
2013-10-25 19:13:28,433|0,0|0,0|100,0|995|156|839|19,69|3,73|1,06|0,00
2013-10-25 19:13:33,984|0,0|0,0|100,0|995|156|839|19,69|3,73|1,11|0,00
2013-10-25 19:13:39,537|0,0|0,0|100,0|995|156|839|19,69|3,73|0,85|0,00
2013-10-25 19:13:45,095|0,0|0,0|100,0|995|156|839|19,69|3,73|0,67|0,00
2013-10-25 19:13:50,632|0,0|1,9|98,0|995|156|839|19,69|3,73|0,71|0,00
2013-10-25 19:13:56,204|0,0|0,0|100,0|995|156|839|19,69|3,73|0,47|0,00
2013-10-25 19:14:01,730|0,0|0,0|100,0|995|156|839|19,69|3,73|1,36|0,00
2013-10-25 19:14:07,255|0,0|0,0|100,0|995|156|839|19,69|3,73|0,47|0,00
2013-10-25 19:14:12,764|0,0|0,0|100,0|995|156|839|19,69|3,73|2,68|0,00
2013-10-25 19:14:18,336|0,0|0,0|100,0|995|156|839|19,69|3,73|1,69|0,00
2013-10-25 19:14:23,875|0,0|1,9|98,0|995|156|839|19,69|3,73|1,66|0,00
2013-10-25 19:14:29,430|0,0|0,0|100,0|995|156|839|19,69|3,73|1,03|0,00
2013-10-25 19:14:34,981|0,0|0,0|100,0|995|156|839|19,69|3,73|7,34|0,00
2013-10-25 19:14:40,566|0,0|0,0|100,0|995|156|839|19,69|3,73|13,44|0,00
2013-10-25 19:14:46,085|0,0|0,0|100,0|995|156|839|19,68|3,73|1,68|0,00
2013-10-25 19:14:51,621|0,0|0,0|100,0|995|156|839|19,68|3,73|1,13|0,00
2013-10-25 19:14:57,208|0,0|0,0|100,0|995|156|839|19,68|3,73|9,12|0,00
2013-10-25 19:15:02,742|0,0|0,0|100,0|995|156|839|19,68|3,73|0,76|0,00
2013-10-25 19:15:08,330|0,0|0,0|100,0|995|156|839|19,68|3,73|0,47|0,00
2013-10-25 19:15:13,910|0,0|0,0|100,0|995|156|839|19,68|3,73|1,27|0,00
2013-10-25 19:15:19,475|0,0|0,0|100,0|995|156|839|19,68|3,73|0,91|0,00
2013-10-25 19:15:25,012|0,0|0,0|100,0|995|156|839|19,68|3,73|2,07|0,00
2013-10-25 19:15:30,582|0,0|0,0|100,0|995|156|839|19,68|3,73|0,98|0,00
2013-10-25 19:15:36,130|0,0|0,0|100,0|995|156|839|19,68|3,73|1,29|0,00
2013-10-25 19:15:41,685|0,0|0,0|100,0|995|156|839|19,68|3,73|1,12|0,00
2013-10-25 19:15:47,237|0,0|0,0|100,0|995|156|839|19,68|3,73|2,49|0,00
2013-10-25 19:15:52,824|0,0|0,0|100,0|995|156|839|19,68|3,73|3,43|0,04
2013-10-25 19:15:58,358|0,0|0,0|100,0|995|156|839|19,68|3,73|0,97|0,00
2013-10-25 19:16:03,889|0,0|0,0|100,0|995|156|839|19,68|3,73|1,20|0,00
2013-10-25 19:16:09,463|0,0|0,0|100,0|995|156|839|19,68|3,73|8,76|0,00
2013-10-25 19:16:15,042|0,0|0,0|100,0|995|156|839|19,68|3,73|1,96|0,00
2013-10-25 19:16:20,607|0,0|0,0|100,0|995|156|839|19,68|3,73|1,24|0,00
2013-10-25 19:16:26,138|0,0|0,0|100,0|995|156|839|19,68|3,73|1,26|0,00
2013-10-25 19:16:31,718|0,0|0,0|100,0|995|156|839|19,68|3,73|0,79|0,00
2013-10-25 19:16:37,323|0,0|0,0|100,0|995|156|839|19,68|3,73|1,89|0,00
2013-10-25 19:16:42,869|0,0|0,0|100,0|995|156|839|19,68|3,73|2,06|0,00
2013-10-25 19:16:48,393|0,0|0,0|100,0|995|156|839|19,68|3,73|1,42|0,00
2013-10-25 19:16:53,970|1,9|0,0|98,0|995|156|839|19,68|3,73|1,47|0,00
2013-10-25 19:16:59,501|0,0|0,0|100,0|995|156|839|19,68|3,73|0,59|0,00
2013-10-25 19:17:05,086|0,0|0,0|100,0|995|156|839|19,68|3,73|1,72|0,00
2013-10-25 19:17:10,628|0,0|0,0|100,0|995|156|838|19,68|3,73|1,68|0,00
2013-10-25 19:17:16,215|0,0|0,0|100,0|995|156|838|19,68|3,73|1,83|0,00
2013-10-25 19:17:21,754|0,0|0,0|100,0|995|156|838|19,68|3,73|0,53|0,00
2013-10-25 19:17:27,309|0,0|0,0|100,0|995|156|838|19,68|3,73|1,28|0,00
2013-10-25 19:17:32,865|0,0|0,0|100,0|995|156|838|19,68|3,73|1,63|0,00
2013-10-25 19:17:38,460|0,0|0,0|100,0|995|156|838|19,68|3,73|1,29|0,00
2013-10-25 19:17:44,042|0,0|0,0|100,0|995|156|838|19,68|3,73|2,65|0,00
2013-10-25 19:17:49,630|0,0|0,0|100,0|995|156|838|19,68|3,73|3,73|0,04
2013-10-25 19:17:55,116|0,0|0,0|100,0|995|156|838|19,68|3,73|0,85|0,00
2013-10-25 19:18:00,685|0,0|0,0|100,0|995|156|838|19,68|3,73|1,09|0,00
2013-10-25 19:18:06,229|2,0|0,0|98,0|995|156|838|19,68|3,73|0,91|0,00
2013-10-25 19:18:11,800|0,0|0,0|100,0|995|156|838|19,68|3,73|1,24|0,00
2013-10-25 19:18:17,363|0,0|0,0|100,0|995|156|838|19,68|3,73|2,77|0,00
2013-10-25 19:18:22,889|0,0|0,0|100,0|995|156|838|19,68|3,73|1,65|0,00
2013-10-25 19:18:28,439|0,0|0,0|100,0|995|156|838|19,68|3,73|0,88|0,00
2013-10-25 19:18:33,993|0,0|0,0|100,0|995|156|838|19,68|3,73|6,41|0,00
2013-10-25 19:18:39,514|0,0|0,0|100,0|995|156|838|19,68|3,73|6,06|0,00
2013-10-25 19:18:45,094|0,0|0,0|100,0|995|156|838|19,68|3,73|17,41|0,04
2013-10-25 19:18:50,666|0,0|0,0|100,0|995|156|838|19,68|3,73|0,92|0,00
2013-10-25 19:18:56,218|0,0|0,0|100,0|995|156|838|19,68|3,73|0,64|0,00
2013-10-25 19:19:01,784|0,0|0,0|100,0|995|156|838|19,68|3,73|1,77|0,00
2013-10-25 19:19:07,341|0,0|0,0|100,0|995|156|838|19,68|3,73|1,12|0,00
2013-10-25 19:19:12,878|0,0|0,0|100,0|995|156|838|19,68|3,73|5,15|0,00
2013-10-25 19:19:18,448|0,0|0,0|100,0|995|156|838|19,68|3,74|1,38|0,00
2013-10-25 19:19:23,990|0,0|0,0|100,0|995|156|838|19,68|3,74|1,63|0,00
2013-10-25 19:19:29,509|0,0|0,0|100,0|995|156|838|19,68|3,74|0,82|0,00
2013-10-25 19:19:35,048|0,0|0,0|100,0|995|156|838|19,68|3,74|2,54|0,04
2013-10-25 19:19:40,596|0,0|0,0|100,0|995|157|838|19,68|3,74|2,59|0,00
2013-10-25 19:19:46,166|0,0|0,0|100,0|995|157|838|19,68|3,74|0,64|0,00
2013-10-25 19:19:51,724|0,0|0,0|100,0|995|157|838|19,68|3,74|1,28|0,00
2013-10-25 19:19:57,289|0,0|0,0|100,0|995|157|838|19,68|3,74|1,45|0,00
2013-10-25 19:20:02,840|0,0|0,0|100,0|995|157|838|19,68|3,74|0,82|0,00
2013-10-25 19:20:08,378|0,0|0,0|100,0|995|157|838|19,67|3,74|1,65|0,00
2013-10-25 19:20:13,893|0,0|0,0|100,0|995|157|838|19,67|3,74|1,92|0,00
2013-10-25 19:20:19,455|0,0|0,0|100,0|995|157|838|19,67|3,74|1,15|0,00
2013-10-25 19:20:24,984|0,0|0,0|100,0|995|157|838|19,67|3,74|1,37|0,00
2013-10-25 19:20:30,545|0,0|0,0|100,0|995|157|838|19,67|3,74|0,97|0,00
2013-10-25 19:20:36,096|0,0|0,0|100,0|995|157|838|19,67|3,74|1,23|0,00
2013-10-25 19:20:41,666|0,0|0,0|100,0|995|157|838|19,67|3,74|1,13|0,00
2013-10-25 19:20:47,233|0,0|0,0|100,0|995|157|838|19,67|3,74|1,44|0,00
2013-10-25 19:20:52,769|0,0|0,0|100,0|995|157|838|19,67|3,74|2,41|0,00
2013-10-25 19:20:58,281|0,0|0,0|100,0|995|157|838|19,67|3,74|0,62|0,00
2013-10-25 19:21:03,839|0,0|0,0|100,0|995|157|838|19,67|3,74|0,66|0,00
2013-10-25 19:21:09,382|0,0|0,0|100,0|995|157|838|19,67|3,74|1,18|0,00
2013-10-25 19:21:14,954|0,0|0,0|100,0|995|157|838|19,67|3,74|1,61|0,00
2013-10-25 19:21:20,491|0,0|0,0|100,0|995|157|838|19,67|3,74|1,45|0,00
2013-10-25 19:21:26,016|0,0|0,0|100,0|995|157|838|19,67|3,74|0,70|0,00
2013-10-25 19:21:31,559|0,0|0,0|100,0|995|157|838|19,67|3,74|8,54|0,00
2013-10-25 19:21:37,106|0,0|0,0|100,0|995|157|838|19,67|3,74|2,17|0,00
2013-10-25 19:21:42,637|0,0|0,0|100,0|995|157|838|19,67|3,74|8,95|0,00
2013-10-25 19:21:48,195|0,0|0,0|100,0|995|157|838|19,67|3,74|2,60|0,00
2013-10-25 19:21:53,742|0,0|0,0|100,0|995|157|838|19,67|3,74|1,11|0,00
2013-10-25 19:21:59,320|0,0|0,0|100,0|995|157|838|19,67|3,74|0,97|0,00
2013-10-25 19:22:04,860|0,0|0,0|100,0|995|157|838|19,67|3,74|1,92|0,00
2013-10-25 19:22:10,389|0,0|0,0|100,0|995|157|838|19,67|3,74|1,22|0,00
2013-10-25 19:22:15,896|0,0|0,0|100,0|995|157|838|19,67|3,74|9,48|0,00
2013-10-25 19:22:21,429|0,0|0,0|100,0|995|157|838|19,67|3,74|13,47|0,00
2013-10-25 19:22:26,993|0,0|0,0|98,0|995|157|838|19,67|3,74|3,66|0,00
2013-10-25 19:22:32,517|0,0|0,0|100,0|995|157|838|19,67|3,74|0,76|0,00
2013-10-25 19:22:38,087|0,0|0,0|100,0|995|157|838|19,67|3,74|0,88|0,00
2013-10-25 19:22:43,629|0,0|0,0|100,0|995|157|838|19,67|3,74|2,89|0,00
2013-10-25 19:22:49,205|0,0|0,0|100,0|995|157|838|19,67|3,74|4,14|0,00
2013-10-25 19:22:54,751|0,0|0,0|100,0|995|157|838|19,67|3,74|2,75|0,00
2013-10-25 19:23:00,339|0,0|1,9|98,0|995|157|838|19,67|3,74|3,01|0,00
2013-10-25 19:23:05,872|0,0|0,0|100,0|995|157|838|19,67|3,74|0,84|0,00
2013-10-25 19:23:11,454|0,0|0,0|100,0|995|157|838|19,67|3,74|1,04|0,00
2013-10-25 19:23:16,995|0,0|0,0|100,0|995|157|838|19,67|3,74|2,04|0,00
2013-10-25 19:23:22,517|0,0|0,0|100,0|995|157|838|19,67|3,74|1,24|0,00
2013-10-25 19:23:28,040|0,0|0,0|100,0|995|157|838|19,67|3,74|1,10|0,00
2013-10-25 19:23:33,594|0,0|1,9|98,0|995|157|838|19,67|3,74|0,95|0,00
2013-10-25 19:23:39,170|0,0|0,0|100,0|995|157|838|19,67|3,74|3,06|0,00
2013-10-25 19:23:44,721|0,0|0,0|100,0|995|157|838|19,67|3,74|0,79|0,00
2013-10-25 19:23:50,257|0,0|0,0|100,0|995|157|838|19,67|3,74|1,51|0,00
2013-10-25 19:23:55,804|0,0|0,0|100,0|995|157|838|19,67|3,74|0,73|0,00
2013-10-25 19:24:01,376|0,0|0,0|100,0|995|157|838|19,67|3,74|4,65|0,00
2013-10-25 19:24:06,896|0,0|0,0|100,0|995|157|838|19,67|3,74|0,82|0,00
2013-10-25 19:24:12,470|0,0|0,0|100,0|995|157|838|19,67|3,74|13,62|0,00
2013-10-25 19:24:18,037|0,0|0,0|100,0|995|157|838|19,67|3,74|2,33|0,00
2013-10-25 19:24:23,609|0,0|0,0|100,0|995|157|838|19,67|3,74|1,71|0,00
2013-10-25 19:24:29,145|0,0|2,0|97,9|995|153|842|19,67|3,74|0,88|0,00
2013-10-25 19:24:34,660|0,0|0,0|100,0|995|153|842|19,67|3,74|1,40|0,00
2013-10-25 19:24:40,239|0,0|0,0|100,0|995|153|842|19,67|3,74|1,70|0,00
2013-10-25 19:24:45,772|0,0|0,0|100,0|995|153|842|19,67|3,74|1,49|0,00
2013-10-25 19:24:51,277|0,0|0,0|100,0|995|153|842|19,67|3,74|1,74|0,00
2013-10-25 19:24:56,843|0,0|0,0|100,0|995|153|842|19,67|3,74|0,82|0,00
2013-10-25 19:25:02,385|0,0|0,0|100,0|995|153|842|19,67|3,74|2,86|0,00
2013-10-25 19:25:07,886|0,0|0,0|100,0|995|153|842|19,67|3,74|0,70|0,00
2013-10-25 19:25:13,460|0,0|0,0|100,0|995|153|842|19,67|3,74|1,98|0,00
2013-10-25 19:25:19,002|0,0|0,0|100,0|995|153|842|19,67|3,74|2,58|0,00
2013-10-25 19:25:24,582|0,0|0,0|100,0|995|153|842|19,66|3,74|8,61|0,00
2013-10-25 19:25:30,129|0,0|0,0|100,0|995|153|842|19,66|3,74|1,35|0,00
2013-10-25 19:25:35,652|0,0|0,0|100,0|995|153|842|19,66|3,74|0,67|0,00
2013-10-25 19:25:41,193|0,0|0,0|100,0|995|153|841|19,66|3,74|1,62|0,00
2013-10-25 19:25:46,742|0,0|0,0|100,0|995|153|841|19,66|3,74|0,64|0,00
2013-10-25 19:25:52,275|0,0|0,0|100,0|995|153|841|19,66|3,74|1,82|0,00
2013-10-25 19:25:57,784|0,0|0,0|100,0|995|153|841|19,66|3,74|6,72|0,00
2013-10-25 19:26:03,346|0,0|0,0|100,0|995|153|841|19,66|3,74|1,44|0,00
2013-10-25 19:26:08,881|0,0|0,0|100,0|995|153|841|19,66|3,74|1,98|0,00
2013-10-25 19:26:14,469|0,0|0,0|100,0|995|153|841|19,66|3,74|3,70|0,04
2013-10-25 19:26:20,013|0,0|0,0|100,0|995|153|841|19,66|3,74|2,52|0,00
2013-10-25 19:26:25,535|0,0|0,0|100,0|995|153|841|19,66|3,74|2,00|0,00
2013-10-25 19:26:31,070|0,0|0,0|100,0|995|153|841|19,66|3,74|0,97|0,00
2013-10-25 19:26:36,621|0,0|0,0|100,0|995|153|841|19,66|3,74|1,12|0,00
2013-10-25 19:26:42,148|0,0|0,0|100,0|995|153|841|19,66|3,74|1,00|0,00
2013-10-25 19:26:47,660|0,0|0,0|100,0|995|153|841|19,66|3,74|1,21|0,00
2013-10-25 19:26:53,208|0,0|0,0|100,0|995|153|841|19,66|3,74|9,37|0,00
2013-10-25 19:26:58,785|0,0|0,0|100,0|995|153|841|19,66|3,74|1,41|0,00
2013-10-25 19:27:04,348|0,0|0,0|100,0|995|153|841|19,66|3,74|3,04|0,00
2013-10-25 19:27:09,929|0,0|0,0|100,0|995|153|841|19,66|3,74|4,77|0,04
2013-10-25 19:27:15,489|0,0|0,0|100,0|995|153|841|19,66|3,74|2,19|0,00
2013-10-25 19:27:21,021|0,0|0,0|100,0|995|153|841|19,66|3,74|1,35|0,00
2013-10-25 19:27:26,601|0,0|0,0|100,0|995|153|841|19,66|3,74|0,99|0,00
2013-10-25 19:27:32,139|0,0|0,0|100,0|995|153|841|19,66|3,74|0,70|0,00
2013-10-25 19:27:37,659|0,0|0,0|100,0|995|153|841|19,66|3,74|1,05|0,00
2013-10-25 19:27:43,231|0,0|0,0|100,0|995|153|841|19,66|3,74|14,20|0,00
2013-10-25 19:27:48,770|0,0|0,0|100,0|995|153|841|19,66|3,74|2,08|0,00
2013-10-25 19:27:54,343|0,0|0,0|100,0|995|153|841|19,66|3,74|3,06|0,00
2013-10-25 19:27:59,880|0,0|0,0|100,0|995|153|841|19,66|3,74|1,27|0,00
2013-10-25 19:28:05,401|0,0|0,0|100,0|995|153|841|19,66|3,74|12,97|0,04
2013-10-25 19:28:10,965|0,0|0,0|100,0|995|153|841|19,66|3,74|1,66|0,00
2013-10-25 19:28:16,541|0,0|0,0|100,0|995|153|841|19,66|3,74|0,67|0,00
2013-10-25 19:28:22,065|0,0|0,0|100,0|995|153|841|19,66|3,74|1,33|0,00
2013-10-25 19:28:27,620|0,0|0,0|100,0|995|153|841|19,66|3,74|1,34|0,00
2013-10-25 19:28:33,152|0,0|0,0|100,0|995|153|841|19,66|3,74|0,97|0,00
2013-10-25 19:28:38,693|0,0|0,0|100,0|995|153|841|19,66|3,74|6,50|0,00
2013-10-25 19:28:44,255|0,0|0,0|100,0|995|154|841|19,66|3,74|1,12|0,00
2013-10-25 19:28:49,830|0,0|0,0|100,0|995|154|841|19,66|3,74|0,88|0,00
2013-10-25 19:28:55,380|0,0|0,0|100,0|995|154|841|19,66|3,74|1,23|0,00
2013-10-25 19:29:00,923|0,0|0,0|100,0|995|154|841|19,66|3,74|1,77|0,00
2013-10-25 19:29:06,485|0,0|0,0|100,0|995|154|841|19,66|3,74|3,02|0,04
2013-10-25 19:29:12,040|0,0|0,0|100,0|995|154|841|19,66|3,74|1,49|0,00
2013-10-25 19:29:17,549|0,0|0,0|100,0|995|154|841|19,66|3,74|1,06|0,00
2013-10-25 19:29:23,121|0,0|0,0|100,0|995|154|841|19,66|3,74|1,07|0,00
2013-10-25 19:29:28,658|0,0|0,0|100,0|995|153|841|19,66|3,74|1,31|0,00
2013-10-25 19:29:34,206|0,0|0,0|100,0|995|154|841|19,66|3,74|1,11|0,00
2013-10-25 19:29:39,762|0,0|0,0|100,0|995|154|841|19,66|3,74|1,68|0,00
2013-10-25 19:29:45,277|0,0|0,0|100,0|995|154|841|19,66|3,74|1,24|0,00
2013-10-25 19:29:50,862|0,0|0,0|100,0|995|154|841|19,66|3,74|3,41|0,00
2013-10-25 19:29:56,402|0,0|0,0|100,0|995|154|841|19,66|3,74|1,34|0,00
2013-10-25 19:30:01,921|0,0|0,0|100,0|995|154|841|19,66|3,74|0,59|0,00
2013-10-25 19:30:07,503|0,0|0,0|100,0|995|154|841|19,66|3,74|0,64|0,00
2013-10-25 19:30:13,101|0,0|0,0|100,0|995|154|841|19,66|3,74|1,18|0,00
2013-10-25 19:30:18,650|0,0|0,0|100,0|995|154|841|19,66|3,74|2,21|0,00
2013-10-25 19:30:24,173|0,0|0,0|100,0|995|154|841|19,66|3,74|1,60|0,00
2013-10-25 19:30:29,749|0,0|0,0|100,0|995|154|841|19,66|3,74|0,83|0,00
2013-10-25 19:30:35,288|0,0|0,0|100,0|995|154|841|19,66|3,74|8,05|0,00
2013-10-25 19:30:40,844|0,0|0,0|100,0|995|154|841|19,66|3,74|3,28|0,00
2013-10-25 19:30:46,398|0,0|0,0|100,0|995|154|841|19,65|3,74|10,09|0,00
2013-10-25 19:30:51,990|0,0|0,0|100,0|995|154|841|19,65|3,74|2,41|0,00
2013-10-25 19:30:57,530|0,0|0,0|100,0|995|154|841|19,65|3,74|8,95|0,00
2013-10-25 19:31:03,108|0,0|0,0|100,0|995|154|841|19,65|3,74|5,77|0,00
2013-10-25 19:31:08,658|0,0|0,0|100,0|995|154|841|19,65|3,74|1,46|0,00
2013-10-25 19:31:14,244|0,0|0,0|100,0|995|154|841|19,65|3,74|1,51|0,00
2013-10-25 19:31:19,821|0,0|0,0|100,0|995|154|841|19,65|3,74|4,02|0,00
2013-10-25 19:31:25,387|0,0|0,0|100,0|995|154|841|19,65|3,74|1,73|0,00
2013-10-25 19:31:30,956|0,0|0,0|100,0|995|154|841|19,65|3,74|1,61|0,00
2013-10-25 19:31:36,512|0,0|0,0|100,0|995|154|841|19,65|3,74|1,84|0,00
2013-10-25 19:31:42,110|0,0|0,0|100,0|995|154|841|19,65|3,74|1,93|0,00
2013-10-25 19:31:47,657|0,0|0,0|100,0|995|154|841|19,65|3,74|0,76|0,00
2013-10-25 19:31:53,218|0,0|0,0|100,0|995|154|841|19,65|3,74|2,99|0,00
2013-10-25 19:31:58,807|0,0|0,0|100,0|995|154|841|19,65|3,74|3,97|0,00
2013-10-25 19:32:04,358|0,0|0,0|100,0|995|154|841|19,65|3,74|2,29|0,00
2013-10-25 19:32:09,904|0,0|0,0|100,0|995|154|841|19,65|3,74|1,76|0,00
2013-10-25 19:32:15,494|0,0|0,0|100,0|995|154|841|19,65|3,74|1,85|0,00
2013-10-25 19:32:21,021|0,0|0,0|100,0|995|154|841|19,65|3,74|2,31|0,00
2013-10-25 19:32:26,586|0,0|0,0|100,0|995|154|841|19,65|3,74|0,90|0,00
2013-10-25 19:32:32,144|0,0|0,0|100,0|995|154|841|19,65|3,74|1,52|0,00
2013-10-25 19:32:37,736|0,0|0,0|100,0|995|154|841|19,65|3,74|2,38|0,00
2013-10-25 19:32:43,284|0,0|0,0|100,0|995|154|841|19,65|3,74|1,27|0,00
2013-10-25 19:32:48,842|0,0|0,0|100,0|995|154|841|19,65|3,74|1,80|0,00
2013-10-25 19:32:54,395|0,0|0,0|100,0|995|154|841|19,65|3,74|2,06|0,00
2013-10-25 19:32:59,921|0,0|0,0|100,0|995|154|841|19,65|3,74|1,31|0,00
2013-10-25 19:33:05,496|0,0|0,0|100,0|995|154|841|19,65|3,74|1,46|0,00
2013-10-25 19:33:11,078|0,0|0,0|100,0|995|154|841|19,65|3,74|1,28|0,00
2013-10-25 19:33:16,643|0,0|0,0|100,0|995|154|841|19,65|3,74|1,82|0,00
2013-10-25 19:33:22,169|0,0|0,0|100,0|995|154|841|19,65|3,74|0,88|0,00
2013-10-25 19:33:27,720|0,0|0,0|100,0|995|154|841|19,65|3,74|1,79|0,00
2013-10-25 19:33:33,273|0,0|0,0|100,0|995|154|841|19,65|3,74|0,76|0,00
2013-10-25 19:33:38,801|0,0|0,0|100,0|995|154|841|19,65|3,74|3,13|0,00
2013-10-25 19:33:44,378|0,0|0,0|100,0|995|154|841|19,65|3,74|2,68|0,00
2013-10-25 19:33:49,917|0,0|0,0|100,0|995|154|841|19,65|3,74|5,74|0,00
2013-10-25 19:33:55,473|0,0|0,0|100,0|995|154|841|19,65|3,74|2,36|0,00
2013-10-25 19:34:01,028|0,0|0,0|100,0|995|154|841|19,65|3,74|1,03|0,00
2013-10-25 19:34:06,552|0,0|0,0|100,0|995|154|841|19,65|3,74|0,91|0,00
2013-10-25 19:34:12,125|0,0|0,0|100,0|995|154|841|19,65|3,74|1,04|0,00
2013-10-25 19:34:17,661|0,0|0,0|100,0|995|154|841|19,65|3,74|0,82|0,00
2013-10-25 19:34:23,185|0,0|0,0|100,0|995|154|841|19,65|3,74|1,42|0,00
2013-10-25 19:34:28,752|0,0|0,0|100,0|995|154|841|19,65|3,74|1,10|0,00
2013-10-25 19:34:34,289|0,0|0,0|100,0|995|154|841|19,65|3,74|0,35|0,00
2013-10-25 19:34:39,810|0,0|0,0|100,0|995|154|841|19,65|3,74|1,96|0,00
2013-10-25 19:34:45,385|0,0|0,0|100,0|995|154|841|19,65|3,74|1,98|0,00
2013-10-25 19:34:50,922|0,0|0,0|100,0|995|154|841|19,65|3,74|0,67|0,00
2013-10-25 19:34:56,471|0,0|0,0|100,0|995|154|841|19,65|3,74|0,70|0,00
2013-10-25 19:35:02,022|0,0|0,0|100,0|995|154|841|19,65|3,74|0,65|0,00
2013-10-25 19:35:07,553|0,0|0,0|100,0|995|154|841|19,65|3,74|8,55|0,00
2013-10-25 19:35:13,109|0,0|0,0|100,0|995|154|841|19,65|3,74|5,69|0,00
2013-10-25 19:35:18,660|0,0|0,0|100,0|995|154|841|19,65|3,74|2,56|0,00
2013-10-25 19:35:24,185|0,0|0,0|100,0|995|154|841|19,65|3,74|2,28|0,00
2013-10-25 19:35:29,757|0,0|0,0|100,0|995|154|841|19,65|3,74|0,94|0,00
2013-10-25 19:35:35,291|0,0|0,0|100,0|995|154|841|19,65|3,74|0,79|0,00
2013-10-25 19:35:40,813|0,0|0,0|100,0|995|154|841|19,65|3,74|1,58|0,00
2013-10-25 19:35:46,385|0,0|0,0|100,0|995|154|841|19,65|3,74|0,89|0,00
2013-10-25 19:35:51,915|0,0|0,0|100,0|995|154|841|19,65|3,74|2,19|0,00
2013-10-25 19:35:57,433|0,0|0,0|100,0|995|154|841|19,65|3,74|0,47|0,00
2013-10-25 19:36:03,009|0,0|0,0|100,0|995|154|841|19,64|3,74|0,76|0,00
2013-10-25 19:36:08,546|0,0|0,0|100,0|995|154|841|19,64|3,74|0,47|0,00
2013-10-25 19:36:14,100|0,0|0,0|100,0|995|154|841|19,64|3,74|3,71|0,00
2013-10-25 19:36:19,650|0,0|0,0|100,0|995|154|841|19,64|3,74|0,65|0,00
2013-10-25 19:36:25,178|0,0|0,0|100,0|995|154|841|19,64|3,74|1,46|0,00
2013-10-25 19:36:30,728|0,0|0,0|100,0|995|154|841|19,64|3,74|0,41|0,00
2013-10-25 19:36:36,281|0,0|0,0|100,0|995|154|841|19,64|3,74|0,47|0,00
2013-10-25 19:36:41,803|0,0|0,0|100,0|995|154|841|19,64|3,74|1,34|0,00
2013-10-25 19:36:47,356|0,0|0,0|100,0|995|154|841|19,64|3,74|6,18|0,00
2013-10-25 19:36:52,910|0,0|0,0|100,0|995|154|841|19,64|3,74|2,34|0,00
2013-10-25 19:36:58,432|0,0|0,0|100,0|995|154|840|19,64|3,74|0,85|0,00
2013-10-25 19:37:04,012|0,0|0,0|100,0|995|154|840|19,64|3,74|3,41|0,00
2013-10-25 19:37:09,544|0,0|0,0|100,0|995|154|841|19,64|3,74|1,11|0,00
2013-10-25 19:37:15,068|0,0|0,0|100,0|995|154|841|19,64|3,74|2,61|0,00
2013-10-25 19:37:20,638|0,0|0,0|100,0|995|154|840|19,64|3,74|1,03|0,00
2013-10-25 19:37:26,176|0,0|0,0|100,0|995|154|840|19,64|3,74|1,15|0,00
2013-10-25 19:37:31,693|0,0|0,0|100,0|995|154|841|19,64|3,74|0,29|0,00
2013-10-25 19:37:37,268|0,0|0,0|100,0|995|154|840|19,64|3,74|0,74|0,00
2013-10-25 19:37:42,802|0,0|0,0|100,0|995|154|841|19,64|3,74|1,43|0,00
2013-10-25 19:37:48,360|0,0|0,0|100,0|995|154|840|19,64|3,74|1,18|0,00
2013-10-25 19:37:53,906|0,0|0,0|100,0|995|154|841|19,64|3,74|0,65|0,00
2013-10-25 19:37:59,431|0,0|0,0|100,0|995|154|841|19,64|3,74|1,72|0,00
2013-10-25 19:38:04,980|0,0|0,0|100,0|995|154|841|19,64|3,74|0,84|0,00
2013-10-25 19:38:10,529|0,0|0,0|100,0|995|154|841|19,64|3,74|2,60|0,00
2013-10-25 19:38:16,057|0,0|0,0|100,0|995|154|841|19,64|3,74|2,12|0,00
2013-10-25 19:38:21,609|0,0|0,0|100,0|995|154|841|19,64|3,74|1,21|0,00
2013-10-25 19:38:27,154|0,0|0,0|100,0|995|154|840|19,64|3,74|0,65|0,00
2013-10-25 19:38:32,682|0,0|0,0|100,0|995|154|840|19,64|3,74|0,91|0,00
2013-10-25 19:38:38,232|0,0|0,0|100,0|995|154|840|19,64|3,74|0,62|0,00
2013-10-25 19:38:43,783|0,0|0,0|100,0|995|154|840|19,64|3,74|0,68|0,00
2013-10-25 19:38:49,281|0,0|0,0|100,0|995|154|840|19,64|3,74|1,27|0,00
2013-10-25 19:38:54,805|0,0|0,0|100,0|995|154|840|19,64|3,74|1,43|0,00
2013-10-25 19:39:00,360|0,0|0,0|100,0|995|154|840|19,64|3,74|0,68|0,00
2013-10-25 19:39:05,907|0,0|0,0|100,0|995|154|840|19,64|3,74|1,20|0,00
2013-10-25 19:39:11,430|0,0|0,0|100,0|995|154|840|19,64|3,74|1,24|0,00
2013-10-25 19:39:16,941|0,0|0,0|100,0|995|154|840|19,64|3,74|0,59|0,00
2013-10-25 19:39:22,516|0,0|0,0|100,0|995|154|840|19,64|3,74|1,67|0,00
2013-10-25 19:39:28,048|0,0|0,0|100,0|995|154|840|19,64|3,74|0,29|0,00
2013-10-25 19:39:33,565|0,0|0,0|100,0|995|154|840|19,64|3,74|0,82|0,00
2013-10-25 19:39:39,137|0,0|0,0|100,0|995|154|840|19,64|3,74|1,05|0,00
2013-10-25 19:39:44,676|0,0|0,0|100,0|995|154|840|19,64|3,74|2,57|0,00
2013-10-25 19:39:50,235|0,0|0,0|100,0|995|154|840|19,64|3,74|0,56|0,00
2013-10-25 19:39:55,782|0,0|0,0|100,0|995|154|840|19,64|3,74|1,82|0,00
2013-10-25 19:40:01,309|0,0|0,0|100,0|995|154|840|19,64|3,74|2,53|0,00
2013-10-25 19:40:06,860|0,0|0,0|100,0|995|154|840|19,64|3,74|0,94|0,00
2013-10-25 19:40:12,411|0,0|0,0|100,0|995|154|840|19,64|3,74|2,68|0,00
2013-10-25 19:40:17,938|0,0|0,0|100,0|995|154|840|19,64|3,74|0,62|0,00
2013-10-25 19:40:23,485|0,0|0,0|100,0|995|154|840|19,64|3,74|1,84|0,00
2013-10-25 19:40:29,040|0,0|0,0|100,0|995|154|840|19,64|3,74|4,59|0,00
2013-10-25 19:40:34,565|0,0|0,0|100,0|995|154|840|19,64|3,74|3,04|0,00
2013-10-25 19:40:40,142|0,0|0,0|100,0|995|154|840|19,64|3,74|2,72|0,00
2013-10-25 19:40:45,674|0,0|0,0|100,0|995|154|840|19,64|3,74|12,20|0,00
2013-10-25 19:40:51,192|0,0|0,0|100,0|995|154|840|19,64|3,74|0,59|0,00
2013-10-25 19:40:56,763|0,0|0,0|100,0|995|154|840|19,64|3,74|8,90|0,00
2013-10-25 19:41:02,297|0,0|0,0|100,0|995|154|840|19,64|3,74|2,20|0,00
2013-10-25 19:41:07,821|0,0|0,0|100,0|995|154|840|19,64|3,74|0,41|0,00
2013-10-25 19:41:13,400|0,0|0,0|100,0|995|154|840|19,64|3,74|0,76|0,00
2013-10-25 19:41:18,937|0,0|0,0|100,0|995|154|840|19,64|3,74|2,47|0,00
2013-10-25 19:41:24,492|0,0|0,0|100,0|995|154|840|19,63|3,74|0,59|0,00
2013-10-25 19:41:30,040|0,0|0,0|100,0|995|154|840|19,63|3,74|0,79|0,00
2013-10-25 19:41:35,566|0,0|0,0|100,0|995|154|840|19,63|3,74|1,14|0,00
2013-10-25 19:41:41,146|0,0|0,0|100,0|995|154|840|19,63|3,74|1,31|0,00
2013-10-25 19:41:46,681|0,0|0,0|100,0|995|154|840|19,63|3,74|1,12|0,00
2013-10-25 19:41:52,201|0,0|0,0|100,0|995|154|840|19,63|3,74|5,79|0,00
2013-10-25 19:41:57,778|0,0|0,0|100,0|995|154|840|19,63|3,74|1,06|0,00
2013-10-25 19:42:03,314|0,0|0,0|100,0|995|154|840|19,63|3,74|0,36|0,00
2013-10-25 19:42:08,868|0,0|0,0|100,0|995|154|840|19,63|3,74|0,75|0,00
2013-10-25 19:42:14,416|0,0|0,0|100,0|995|154|840|19,63|3,74|2,15|0,00
2013-10-25 19:42:19,940|0,0|0,0|100,0|995|154|840|19,63|3,74|1,69|0,00
2013-10-25 19:42:25,492|0,0|0,0|100,0|995|154|840|19,63|3,74|1,43|0,00
2013-10-25 19:42:31,043|0,0|0,0|100,0|995|154|840|19,63|3,74|0,53|0,00
2013-10-25 19:42:36,570|0,0|0,0|100,0|995|154|840|19,63|3,74|1,14|0,00
2013-10-25 19:42:42,150|0,0|0,0|100,0|995|154|840|19,63|3,74|0,78|0,00
2013-10-25 19:42:47,686|0,0|0,0|100,0|995|154|840|19,63|3,74|0,47|0,00
2013-10-25 19:42:53,245|0,0|0,0|100,0|995|154|840|19,63|3,74|1,24|0,00
2013-10-25 19:42:58,800|0,0|0,0|100,0|995|154|840|19,63|3,74|10,13|0,00
2013-10-25 19:43:04,326|0,0|0,0|100,0|995|154|840|19,63|3,74|0,35|0,00
2013-10-25 19:43:09,902|0,0|0,0|100,0|995|155|840|19,63|3,74|1,31|0,00
2013-10-25 19:43:15,437|0,0|0,0|100,0|995|155|840|19,63|3,74|6,67|0,00
2013-10-25 19:43:20,953|0,0|0,0|100,0|995|155|840|19,63|3,74|0,62|0,00
2013-10-25 19:43:26,526|0,0|0,0|100,0|995|155|840|19,63|3,74|4,31|0,00
2013-10-25 19:43:32,063|0,0|0,0|100,0|995|155|840|19,63|3,74|0,59|0,00
2013-10-25 19:43:37,621|0,0|0,0|100,0|995|155|840|19,63|3,74|7,12|0,00
2013-10-25 19:43:43,190|0,0|0,0|100,0|995|155|840|19,63|3,74|1,16|0,00
2013-10-25 19:43:48,759|0,0|0,0|100,0|995|155|840|19,63|3,74|1,05|0,00
2013-10-25 19:43:54,301|0,0|0,0|100,0|995|155|840|19,63|3,74|4,07|0,00
2013-10-25 19:43:59,825|0,0|0,0|100,0|995|155|840|19,63|3,74|2,95|0,00
2013-10-25 19:44:05,398|0,0|0,0|100,0|995|155|840|19,63|3,74|2,02|0,00
2013-10-25 19:44:10,933|0,0|0,0|100,0|995|155|840|19,63|3,74|2,37|0,04
2013-10-25 19:44:16,457|0,0|0,0|100,0|995|155|840|19,63|3,74|2,35|0,00
2013-10-25 19:44:22,030|0,0|0,0|100,0|995|155|840|19,63|3,74|0,82|0,00
2013-10-25 19:44:27,520|0,0|0,0|100,0|995|155|840|19,63|3,74|0,43|0,00
2013-10-25 19:44:33,056|0,0|0,0|100,0|995|155|840|19,63|3,74|0,53|0,00
2013-10-25 19:44:38,582|0,0|0,0|100,0|995|155|840|19,63|3,74|0,59|0,00
2013-10-25 19:44:44,153|0,0|0,0|100,0|995|155|840|19,63|3,74|0,23|0,00
2013-10-25 19:44:49,688|0,0|0,0|100,0|995|155|840|19,63|3,74|1,35|0,00
2013-10-25 19:44:55,209|0,0|0,0|100,0|995|155|840|19,63|3,74|2,08|0,00
2013-10-25 19:45:00,781|0,0|0,0|100,0|995|155|840|19,63|3,74|1,21|0,00
2013-10-25 19:45:06,309|0,0|0,0|100,0|995|155|840|19,63|3,74|13,11|0,00
2013-10-25 19:45:11,829|0,0|0,0|100,0|995|155|840|19,63|3,74|1,55|0,00
2013-10-25 19:45:17,409|0,0|0,0|100,0|995|155|840|19,63|3,74|1,39|0,00
2013-10-25 19:45:22,944|0,0|0,0|100,0|995|155|840|19,63|3,74|0,88|0,00
2013-10-25 19:45:28,497|0,0|0,0|100,0|995|155|840|19,63|3,74|0,40|0,00
2013-10-25 19:45:34,045|0,0|0,0|100,0|995|155|840|19,63|3,74|1,16|0,00
2013-10-25 19:45:39,569|0,0|0,0|100,0|995|155|840|19,63|3,74|1,45|0,00
2013-10-25 19:45:45,121|0,0|0,0|100,0|995|155|840|19,63|3,74|1,23|0,00
2013-10-25 19:45:50,671|0,0|0,0|100,0|995|155|840|19,63|3,74|2,12|0,00
2013-10-25 19:45:56,193|0,0|0,0|100,0|995|155|840|19,63|3,74|0,57|0,00
2013-10-25 19:46:01,708|0,0|0,0|100,0|995|155|840|19,63|3,74|0,62|0,00
2013-10-25 19:46:07,214|0,0|0,0|100,0|995|155|840|19,63|3,74|0,29|0,00
2013-10-25 19:46:12,722|0,0|0,0|100,0|995|155|840|19,63|3,74|10,87|0,00
2013-10-25 19:46:18,286|0,0|0,0|100,0|995|155|840|19,63|3,74|0,38|0,00
2013-10-25 19:46:23,818|0,0|0,0|100,0|995|155|840|19,63|3,74|0,47|0,00
2013-10-25 19:46:29,376|0,0|0,0|100,0|995|155|840|19,63|3,74|5,50|0,00
2013-10-25 19:46:34,930|0,0|0,0|100,0|995|155|840|19,63|3,74|2,78|0,00
2013-10-25 19:46:40,455|0,0|0,0|100,0|995|155|840|19,63|3,74|0,61|0,00
2013-10-25 19:46:46,034|0,0|0,0|100,0|995|155|840|19,62|3,74|1,63|0,00
2013-10-25 19:46:51,569|0,0|0,0|100,0|995|155|840|19,62|3,74|0,29|0,00
2013-10-25 19:46:57,129|0,0|0,0|100,0|995|155|840|19,62|3,74|2,12|0,00
2013-10-25 19:47:02,677|0,0|0,0|100,0|995|155|840|19,62|3,74|2,80|0,04
2013-10-25 19:47:08,206|0,0|0,0|100,0|995|155|840|19,62|3,74|0,83|0,00
2013-10-25 19:47:13,784|0,0|0,0|100,0|995|155|840|19,62|3,74|4,78|0,00
2013-10-25 19:47:19,322|0,0|0,0|100,0|995|155|840|19,62|3,74|2,11|0,00
2013-10-25 19:47:24,837|0,0|0,0|100,0|995|155|840|19,62|3,74|0,79|0,00
2013-10-25 19:47:30,410|0,0|0,0|100,0|995|155|840|19,62|3,74|2,16|0,00
2013-10-25 19:47:35,945|0,0|0,0|100,0|995|155|840|19,62|3,74|0,90|0,00
2013-10-25 19:47:41,462|0,0|0,0|100,0|995|155|840|19,62|3,74|0,77|0,00
2013-10-25 19:47:47,039|0,0|0,0|100,0|995|155|840|19,62|3,74|1,89|0,00
2013-10-25 19:47:52,574|0,0|0,0|100,0|995|155|840|19,62|3,74|0,59|0,00
2013-10-25 19:47:58,089|0,0|0,0|100,0|995|155|840|19,62|3,74|13,48|0,00
2013-10-25 19:48:03,662|0,0|0,0|100,0|995|155|840|19,62|3,74|0,47|0,00
2013-10-25 19:48:09,199|0,0|0,0|100,0|995|155|840|19,62|3,74|0,47|0,00
2013-10-25 19:48:14,757|0,0|0,0|100,0|995|155|840|19,62|3,74|0,47|0,00
2013-10-25 19:48:20,304|0,0|0,0|100,0|995|155|840|19,62|3,74|0,61|0,00
2013-10-25 19:48:25,833|0,0|0,0|100,0|995|155|840|19,62|3,74|2,54|0,00
2013-10-25 19:48:31,410|0,0|0,0|100,0|995|155|840|19,62|3,74|4,10|0,00
2013-10-25 19:48:36,950|0,0|0,0|100,0|995|155|840|19,62|3,74|3,20|0,00
2013-10-25 19:48:42,509|0,0|0,0|100,0|995|155|840|19,62|3,74|0,78|0,00
2013-10-25 19:48:48,058|0,0|0,0|100,0|995|155|840|19,62|3,74|3,18|0,00
2013-10-25 19:48:53,586|0,0|0,0|100,0|995|155|840|19,62|3,74|2,40|0,04
2013-10-25 19:48:59,162|0,0|0,0|100,0|995|155|840|19,62|3,74|1,20|0,00
2013-10-25 19:49:04,698|0,0|0,0|100,0|995|155|840|19,62|3,74|12,00|0,00
2013-10-25 19:49:10,258|0,0|0,0|100,0|995|155|840|19,62|3,74|1,18|0,00
2013-10-25 19:49:15,810|0,0|0,0|100,0|995|155|840|19,62|3,74|2,46|0,00
2013-10-25 19:49:21,336|0,0|0,0|100,0|995|155|840|19,62|3,74|1,51|0,00
2013-10-25 19:49:26,911|0,0|0,0|100,0|995|155|840|19,62|3,74|0,69|0,00
2013-10-25 19:49:32,448|0,0|0,0|100,0|995|155|840|19,62|3,74|0,41|0,00
2013-10-25 19:49:37,966|0,0|0,0|100,0|995|155|840|19,62|3,74|0,95|0,00
2013-10-25 19:49:43,542|0,0|0,0|100,0|995|155|840|19,62|3,74|0,66|0,00
2013-10-25 19:49:49,076|0,0|0,0|100,0|995|155|840|19,62|3,74|0,12|0,00
2013-10-25 19:49:54,589|0,0|0,0|100,0|995|155|840|19,62|3,74|0,29|0,00
2013-10-25 19:50:00,163|0,0|0,0|100,0|995|155|840|19,62|3,74|1,28|0,00
2013-10-25 19:50:05,704|0,0|0,0|100,0|995|155|840|19,62|3,74|0,68|0,00
2013-10-25 19:50:11,256|0,0|0,0|100,0|995|155|840|19,62|3,74|1,16|0,00
2013-10-25 19:50:16,805|0,0|0,0|100,0|995|155|840|19,62|3,74|2,24|0,00
2013-10-25 19:50:22,333|0,0|0,0|100,0|995|155|840|19,62|3,74|2,02|0,00
2013-10-25 19:50:27,889|0,0|0,0|100,0|995|155|840|19,62|3,74|1,99|0,00
2013-10-25 19:50:33,438|0,0|0,0|100,0|995|155|840|19,62|3,74|1,38|0,00
2013-10-25 19:50:38,965|0,0|0,0|100,0|995|155|840|19,62|3,74|0,41|0,00
2013-10-25 19:50:44,538|0,0|0,0|100,0|995|155|840|19,62|3,74|1,29|0,00
2013-10-25 19:50:50,078|0,0|0,0|100,0|995|155|840|19,62|3,74|1,24|0,00
2013-10-25 19:50:55,638|0,0|0,0|100,0|995|155|840|19,62|3,74|0,38|0,00
2013-10-25 19:51:01,191|0,0|0,0|100,0|995|155|840|19,62|3,74|0,90|0,00
2013-10-25 19:51:06,714|0,0|0,0|100,0|995|155|840|19,62|3,74|0,55|0,00
2013-10-25 19:51:12,294|0,0|0,0|100,0|995|155|840|19,62|3,74|1,60|0,00
2013-10-25 19:51:17,830|0,0|0,0|100,0|995|155|840|19,62|3,74|0,44|0,00
2013-10-25 19:51:23,386|0,0|0,0|100,0|995|155|840|19,62|3,74|8,10|0,00
2013-10-25 19:51:28,928|0,0|0,0|100,0|995|155|840|19,62|3,74|0,92|0,00
2013-10-25 19:51:34,461|0,0|0,0|100,0|995|155|840|19,62|3,74|7,06|0,00
2013-10-25 19:51:40,018|0,0|0,0|100,0|995|155|840|19,62|3,74|2,98|0,00
2013-10-25 19:51:45,565|0,0|0,0|100,0|995|155|840|19,62|3,74|2,69|0,00
2013-10-25 19:51:51,089|0,0|0,0|100,0|995|155|840|19,62|3,74|1,03|0,00
2013-10-25 19:51:56,645|0,0|0,0|100,0|995|155|840|19,62|3,74|2,08|0,00
2013-10-25 19:52:02,208|0,0|0,0|100,0|995|155|840|19,61|3,74|1,20|0,00
2013-10-25 19:52:07,721|0,0|0,0|100,0|995|155|840|19,61|3,74|0,56|0,00
2013-10-25 19:52:13,300|0,0|0,0|100,0|995|155|840|19,61|3,74|0,81|0,00
2013-10-25 19:52:18,832|0,0|0,0|100,0|995|155|840|19,61|3,74|13,51|0,00
2013-10-25 19:52:24,389|0,0|0,0|100,0|995|155|840|19,61|3,74|1,78|0,00
2013-10-25 19:52:29,941|0,0|0,0|100,0|995|155|840|19,61|3,74|1,66|0,00
2013-10-25 19:52:35,513|0,0|0,0|100,0|995|155|840|19,61|3,74|0,58|0,00
2013-10-25 19:52:41,063|1,9|0,0|98,0|995|155|840|19,61|3,74|0,82|0,00
2013-10-25 19:52:46,584|0,0|0,0|100,0|995|155|840|19,61|3,74|1,90|0,00
2013-10-25 19:52:52,140|0,0|0,0|100,0|995|155|840|19,61|3,74|0,83|0,00
2013-10-25 19:52:57,691|0,0|0,0|100,0|995|155|840|19,61|3,74|1,76|0,00
2013-10-25 19:53:03,218|0,0|0,0|100,0|995|155|840|19,61|3,74|0,27|0,00
2013-10-25 19:53:08,793|0,0|0,0|100,0|995|155|840|19,61|3,74|0,23|0,00
2013-10-25 19:53:14,329|0,0|0,0|100,0|995|155|840|19,61|3,74|0,36|0,00
2013-10-25 19:53:19,850|0,0|0,0|100,0|995|155|840|19,61|3,74|1,12|0,00
2013-10-25 19:53:25,421|0,0|0,0|100,0|995|155|840|19,61|3,74|1,51|0,00
2013-10-25 19:53:30,958|0,0|0,0|100,0|995|155|840|19,61|3,74|0,98|0,00
2013-10-25 19:53:36,514|0,0|0,0|100,0|995|155|839|19,61|3,74|2,22|0,00
2013-10-25 19:53:42,068|0,0|0,0|100,0|995|155|839|19,61|3,74|0,95|0,00
2013-10-25 19:53:47,597|0,0|0,0|100,0|995|155|839|19,61|3,74|1,20|0,00
2013-10-25 19:53:53,175|0,0|0,0|100,0|995|155|839|19,61|3,74|0,77|0,00
2013-10-25 19:53:58,709|0,0|0,0|100,0|995|155|839|19,61|3,74|1,11|0,00
2013-10-25 19:54:04,288|0,0|0,0|100,0|995|155|839|19,61|3,74|0,59|0,00
2013-10-25 19:54:09,895|0,0|0,0|100,0|995|155|839|19,61|3,74|0,44|0,00
2013-10-25 19:54:15,442|0,0|0,0|100,0|995|155|839|19,61|3,74|1,25|0,00
2013-10-25 19:54:20,972|0,0|0,0|100,0|995|155|839|19,61|3,74|1,39|0,00
2013-10-25 19:54:26,571|0,0|0,0|100,0|995|155|839|19,61|3,74|4,88|0,00
2013-10-25 19:54:32,097|0,0|0,0|100,0|995|155|839|19,61|3,74|0,35|0,00
2013-10-25 19:54:37,694|0,0|0,0|100,0|995|155|839|19,61|3,74|0,35|0,00
2013-10-25 19:54:43,284|0,0|0,0|100,0|995|155|839|19,61|3,74|1,15|0,00
2013-10-25 19:54:48,871|0,0|0,0|100,0|995|155|839|19,61|3,75|1,19|0,00
2013-10-25 19:54:54,438|0,0|0,0|100,0|995|155|839|19,61|3,75|3,28|0,00
2013-10-25 19:55:00,007|0,0|0,0|100,0|995|155|839|19,61|3,75|3,13|0,00
2013-10-25 19:55:05,563|0,0|0,0|100,0|995|155|839|19,61|3,75|0,61|0,00
2013-10-25 19:55:11,124|0,0|0,0|100,0|995|155|839|19,61|3,75|0,67|0,00
2013-10-25 19:55:16,683|0,0|0,0|100,0|995|155|839|19,61|3,75|9,86|0,00
2013-10-25 19:55:22,242|0,0|0,0|100,0|995|155|839|19,61|3,75|1,86|0,00
2013-10-25 19:55:27,801|0,0|0,0|100,0|995|155|839|19,61|3,75|5,22|0,00
2013-10-25 19:55:33,333|0,0|0,0|100,0|995|155|839|19,61|3,75|0,87|0,00
2013-10-25 19:55:38,900|0,0|0,0|100,0|995|155|839|19,61|3,75|0,83|0,00
2013-10-25 19:55:44,499|0,0|0,0|100,0|995|155|839|19,61|3,75|0,23|0,00
2013-10-25 19:55:50,056|0,0|0,0|100,0|995|155|839|19,61|3,75|8,36|0,00
2013-10-25 19:55:55,548|0,0|0,0|100,0|995|155|839|19,61|3,75|1,20|0,00
2013-10-25 19:56:01,085|0,0|0,0|100,0|995|155|839|19,61|3,75|0,84|0,00
2013-10-25 19:56:06,596|0,0|0,0|100,0|995|155|839|19,61|3,75|0,23|0,00
2013-10-25 19:56:12,159|0,0|0,0|100,0|995|155|839|19,61|3,75|0,38|0,00
2013-10-25 19:56:17,722|0,0|0,0|100,0|995|155|839|19,61|3,75|2,29|0,00
2013-10-25 19:56:23,261|0,0|0,0|100,0|995|155|839|19,61|3,75|1,63|0,00
2013-10-25 19:56:28,820|0,0|0,0|100,0|995|155|839|19,61|3,75|1,86|0,00
2013-10-25 19:56:34,349|0,0|0,0|100,0|995|155|839|19,61|3,75|0,38|0,00
2013-10-25 19:56:39,900|0,0|0,0|100,0|995|155|839|19,61|3,75|0,35|0,00
2013-10-25 19:56:45,447|0,0|0,0|100,0|995|155|839|19,61|3,75|1,01|0,00
2013-10-25 19:56:50,972|0,0|0,0|100,0|995|155|839|19,61|3,75|0,53|0,00
2013-10-25 19:56:56,533|0,0|0,0|100,0|995|155|839|19,61|3,75|0,00|0,00
2013-10-25 19:57:02,077|0,0|0,0|100,0|995|155|839|19,61|3,75|0,98|0,00
2013-10-25 19:57:07,600|0,0|0,0|100,0|995|155|839|19,61|3,75|0,44|0,00
2013-10-25 19:57:13,176|0,0|0,0|100,0|995|155|839|19,61|3,75|1,61|0,00
2013-10-25 19:57:18,706|0,0|0,0|100,0|995|155|839|19,61|3,75|1,67|0,00
2013-10-25 19:57:24,228|0,0|0,0|100,0|995|155|839|19,60|3,75|1,25|0,00
2013-10-25 19:57:29,797|0,0|0,0|100,0|995|155|839|19,60|3,75|1,14|0,00
2013-10-25 19:57:35,334|0,0|0,0|100,0|995|155|839|19,60|3,75|1,48|0,00
2013-10-25 19:57:40,841|0,0|0,0|100,0|995|155|839|19,60|3,75|1,23|0,00
2013-10-25 19:57:46,426|0,0|0,0|100,0|995|155|839|19,60|3,75|0,63|0,00
2013-10-25 19:57:51,978|0,0|0,0|100,0|995|155|839|19,60|3,75|1,33|0,00
2013-10-25 19:57:57,481|0,0|0,0|100,0|995|155|839|19,60|3,75|0,42|0,00
2013-10-25 19:58:03,058|0,0|0,0|100,0|995|155|839|19,60|3,75|0,96|0,00
2013-10-25 19:58:08,594|0,0|0,0|100,0|995|155|839|19,60|3,75|2,81|0,00
2013-10-25 19:58:14,178|0,0|0,0|100,0|995|155|839|19,60|3,75|3,30|0,04
2013-10-25 19:58:19,715|0,0|0,0|100,0|995|155|839|19,60|3,75|0,27|0,00
2013-10-25 19:58:25,304|0,0|0,0|100,0|995|155|839|19,60|3,75|0,38|0,00
2013-10-25 19:58:30,814|0,0|0,0|100,0|995|155|839|19,60|3,75|2,14|0,00
2013-10-25 19:58:36,333|0,0|0,0|100,0|995|155|839|19,60|3,75|0,29|0,00
2013-10-25 19:58:41,857|0,0|0,0|100,0|995|155|839|19,60|3,75|0,53|0,00
2013-10-25 19:58:47,435|0,0|0,0|100,0|995|155|839|19,60|3,75|2,22|0,00
2013-10-25 19:58:52,969|0,0|0,0|100,0|995|155|839|19,60|3,75|0,76|0,00
2013-10-25 19:58:58,486|0,0|0,0|100,0|995|155|839|19,60|3,75|3,68|0,00
2013-10-25 19:59:04,063|0,0|0,0|100,0|995|155|839|19,60|3,75|0,81|0,00
2013-10-25 19:59:09,662|0,0|0,0|100,0|995|155|839|19,60|3,75|2,37|0,00
2013-10-25 19:59:15,209|0,0|0,0|100,0|995|155|839|19,60|3,75|1,07|0,00
2013-10-25 19:59:20,732|0,0|0,0|100,0|995|155|839|19,60|3,75|1,51|0,00
2013-10-25 19:59:26,310|0,0|0,0|100,0|995|155|839|19,60|3,75|0,30|0,00
2013-10-25 19:59:31,845|0,0|0,0|100,0|995|155|839|19,60|3,75|0,18|0,00
2013-10-25 19:59:37,361|0,0|0,0|100,0|995|156|839|19,60|3,75|8,57|0,00
2013-10-25 19:59:42,933|0,0|0,0|100,0|995|156|839|19,60|3,75|0,84|0,00
2013-10-25 19:59:48,469|0,0|0,0|100,0|995|156|839|19,60|3,75|0,54|0,00
2013-10-25 19:59:54,059|0,0|0,0|100,0|995|156|839|19,60|3,75|0,47|0,00
2013-10-25 19:59:59,597|0,0|0,0|100,0|995|156|839|19,60|3,75|4,03|0,00
2013-10-25 20:00:05,113|0,0|0,0|100,0|995|156|839|19,60|3,75|0,80|0,00
2013-10-25 20:00:10,683|0,0|0,0|100,0|995|156|839|19,60|3,75|0,56|0,00
2013-10-25 20:00:16,225|0,0|0,0|100,0|995|156|839|19,60|3,75|0,49|0,00
2013-10-25 20:00:21,739|0,0|0,0|100,0|995|156|839|19,60|3,75|1,81|0,00
2013-10-25 20:00:27,309|0,0|0,0|100,0|995|156|839|19,60|3,75|0,30|0,00
2013-10-25 20:00:32,857|0,0|0,0|100,0|995|156|839|19,60|3,75|0,54|0,00
2013-10-25 20:00:38,407|0,0|0,0|100,0|995|156|839|19,60|3,75|0,36|0,00
2013-10-25 20:00:43,974|0,0|0,0|100,0|995|156|839|19,60|3,75|1,14|0,00
2013-10-25 20:00:49,489|0,0|0,0|100,0|995|156|839|19,60|3,75|0,41|0,00
2013-10-25 20:00:55,061|0,0|0,0|100,0|995|156|839|19,60|3,75|0,89|0,00
2013-10-25 20:01:00,597|0,0|0,0|100,0|995|156|839|19,60|3,75|2,42|0,00
2013-10-25 20:01:06,117|0,0|0,0|100,0|995|156|839|19,60|3,75|0,85|0,00
2013-10-25 20:01:11,685|0,0|0,0|100,0|995|156|839|19,60|3,75|0,85|0,00
2013-10-25 20:01:17,228|0,0|0,0|100,0|995|156|839|19,60|3,75|0,15|0,00
2013-10-25 20:01:22,741|0,0|0,0|100,0|995|156|839|19,60|3,75|1,45|0,00
2013-10-25 20:01:28,315|0,0|0,0|100,0|995|156|839|19,60|3,75|0,18|0,00
2013-10-25 20:01:33,853|0,0|0,0|100,0|995|156|839|19,60|3,75|0,68|0,00
2013-10-25 20:01:39,369|0,0|0,0|100,0|995|156|839|19,60|3,75|0,29|0,00
2013-10-25 20:01:44,938|0,0|0,0|100,0|995|156|839|19,60|3,75|0,26|0,00
2013-10-25 20:01:50,478|0,0|0,0|100,0|995|156|839|19,60|3,75|1,04|0,00
2013-10-25 20:01:56,044|0,0|0,0|100,0|995|156|839|19,60|3,75|0,77|0,00
2013-10-25 20:02:01,462|0,0|0,0|100,0|995|156|839|19,60|3,75|2,25|0,00
2013-10-25 20:02:06,988|0,0|0,0|100,0|995|156|839|19,60|3,75|0,50|0,00
2013-10-25 20:02:12,566|0,0|0,0|100,0|995|156|839|19,60|3,75|0,27|0,00
2013-10-25 20:02:18,096|0,0|0,0|100,0|995|156|839|19,60|3,75|2,39|0,00
2013-10-25 20:02:23,613|0,0|0,0|100,0|995|156|839|19,60|3,75|0,41|0,00
2013-10-25 20:02:29,191|0,0|0,0|100,0|995|156|839|19,60|3,75|0,42|0,00
2013-10-25 20:02:34,697|0,0|0,0|100,0|995|156|839|19,60|3,75|0,56|0,00
2013-10-25 20:02:40,236|0,0|0,0|100,0|995|156|839|19,60|3,75|0,18|0,00
2013-10-25 20:02:45,726|0,0|0,0|100,0|995|156|839|19,59|3,75|1,04|0,00
2013-10-25 20:02:51,247|0,0|0,0|100,0|995|156|839|19,59|3,75|7,96|0,00
2013-10-25 20:02:56,822|0,0|0,0|100,0|995|156|839|19,59|3,75|0,29|0,00
2013-10-25 20:03:02,358|0,0|0,0|100,0|995|156|839|19,59|3,75|2,87|0,00
2013-10-25 20:03:07,909|0,0|0,0|100,0|995|156|839|19,59|3,75|0,44|0,00
2013-10-25 20:03:13,460|0,0|0,0|100,0|995|156|839|19,59|3,75|0,52|0,00
2013-10-25 20:03:18,988|0,0|0,0|100,0|995|156|839|19,59|3,75|0,91|0,00
2013-10-25 20:03:24,541|0,0|0,0|100,0|995|156|839|19,59|3,75|0,35|0,00
2013-10-25 20:03:30,092|0,0|0,0|100,0|995|156|839|19,59|3,75|2,62|0,00
2013-10-25 20:03:35,610|0,0|0,0|100,0|995|156|839|19,59|3,75|1,78|0,00
2013-10-25 20:03:41,163|0,0|0,0|100,0|995|156|839|19,59|3,75|0,18|0,00
2013-10-25 20:03:46,678|0,0|0,0|100,0|995|156|839|19,59|3,75|0,63|0,00
2013-10-25 20:03:52,228|0,0|0,0|100,0|995|156|839|19,59|3,75|1,39|0,00
2013-10-25 20:03:57,735|0,0|0,0|100,0|995|156|839|19,59|3,75|0,68|0,00
2013-10-25 20:04:03,293|0,0|0,0|100,0|995|156|839|19,59|3,75|1,37|0,00
2013-10-25 20:04:08,840|0,0|0,0|100,0|995|156|839|19,59|3,75|9,20|0,00
2013-10-25 20:04:14,332|0,0|0,0|100,0|995|156|839|19,59|3,75|2,14|0,00
2013-10-25 20:04:19,865|0,0|0,0|100,0|995|156|839|19,59|3,75|0,52|0,00
2013-10-25 20:04:25,422|0,0|0,0|100,0|995|156|839|19,59|3,75|1,26|0,00
2013-10-25 20:04:30,978|0,0|0,0|100,0|995|156|839|19,59|3,75|3,06|0,00
2013-10-25 20:04:36,553|0,0|0,0|100,0|995|156|839|19,59|3,75|0,23|0,00
2013-10-25 20:04:42,096|0,0|0,0|100,0|995|156|839|19,59|3,75|0,41|0,00
2013-10-25 20:04:47,622|0,0|0,0|100,0|995|156|839|19,59|3,75|0,47|0,00
2013-10-25 20:04:53,192|0,0|0,0|100,0|995|156|839|19,59|3,75|3,24|0,00
2013-10-25 20:04:58,725|0,0|0,0|100,0|995|156|839|19,59|3,75|4,80|0,00
2013-10-25 20:05:04,244|0,0|0,0|100,0|995|156|839|19,59|3,75|0,47|0,00
2013-10-25 20:05:09,854|0,0|1,9|98,0|995|156|839|19,59|3,75|1,07|0,00
2013-10-25 20:05:15,368|0,0|0,0|100,0|995|156|839|19,59|3,75|0,62|0,00
2013-10-25 20:05:20,944|0,0|0,0|100,0|995|156|839|19,59|3,75|0,92|0,00
2013-10-25 20:05:26,482|0,0|0,0|100,0|995|156|839|19,59|3,75|0,83|0,00
2013-10-25 20:05:32,001|0,0|0,0|100,0|995|156|839|19,59|3,75|1,19|0,00
2013-10-25 20:05:37,568|0,0|0,0|100,0|995|156|839|19,59|3,75|1,19|0,00
2013-10-25 20:05:43,128|0,0|0,0|100,0|995|156|839|19,59|3,75|2,19|0,00
2013-10-25 20:05:48,694|0,0|0,0|100,0|995|156|839|19,59|3,75|2,87|0,04
