2013-10-25 18:24:42,070|0,0|0,0|100,0|995|295|700|18,13|3,43|1,36|0,00
2013-10-25 18:24:47,649|0,0|2,0|98,0|995|294|701|18,13|3,43|0,59|0,00
2013-10-25 18:24:53,162|0,0|0,0|100,0|995|294|701|18,13|3,43|0,47|0,00
2013-10-25 18:24:58,664|0,0|0,0|100,0|995|294|701|18,13|3,43|1,01|0,00
2013-10-25 18:25:04,205|0,0|0,0|100,0|995|294|701|18,13|3,43|0,35|0,00
2013-10-25 18:25:09,729|0,0|0,0|100,0|995|294|701|18,13|3,43|0,68|0,00
2013-10-25 18:25:15,273|0,0|0,0|100,0|995|294|701|18,13|3,43|0,75|0,00
2013-10-25 18:25:20,826|0,0|0,0|100,0|995|294|701|18,13|3,43|0,43|0,00
2013-10-25 18:25:26,354|0,0|0,0|100,0|995|294|701|18,13|3,43|1,25|0,00
2013-10-25 18:25:31,928|0,0|0,0|100,0|995|294|701|18,13|3,43|0,86|0,00
2013-10-25 18:25:37,457|0,0|0,0|100,0|995|294|701|18,13|3,43|0,41|0,00
2013-10-25 18:25:42,984|0,0|0,0|100,0|995|294|701|18,13|3,43|0,54|0,00
2013-10-25 18:25:48,558|0,0|0,0|100,0|995|294|701|18,13|3,43|0,91|0,00
2013-10-25 18:25:54,096|0,0|0,0|100,0|995|294|701|18,13|3,43|0,98|0,00
2013-10-25 18:25:59,612|0,0|0,0|100,0|995|294|701|18,13|3,43|2,24|0,00
2013-10-25 18:26:05,097|0,0|0,0|100,0|995|294|701|18,13|3,43|0,47|0,00
2013-10-25 18:26:10,579|0,0|0,0|100,0|995|294|701|18,13|3,43|1,10|0,00
2013-10-25 18:26:16,106|0,0|0,0|100,0|995|294|701|18,13|3,43|0,71|0,00
2013-10-25 18:26:21,653|0,0|0,0|98,0|995|294|701|18,13|3,43|0,32|0,00
2013-10-25 18:26:27,143|0,0|0,0|100,0|995|294|701|18,13|3,43|12,79|0,00
2013-10-25 18:26:32,696|0,0|0,0|100,0|995|294|701|18,13|3,43|1,46|0,00
2013-10-25 18:26:38,173|0,0|0,0|100,0|995|294|701|18,13|3,43|0,41|0,00
2013-10-25 18:26:43,714|0,0|0,0|100,0|995|294|701|18,13|3,43|0,69|0,00
2013-10-25 18:26:49,234|0,0|0,0|100,0|995|294|701|18,13|3,43|1,00|0,00
2013-10-25 18:26:54,810|0,0|0,0|100,0|995|294|701|18,13|3,43|1,44|0,00
2013-10-25 18:27:00,344|100,0|0,0|0,0|995|294|701|18,13|3,43|1,33|0,00
2013-10-25 18:27:06,148|100,0|0,0|0,0|995|294|701|18,13|3,43|0,86|0,00
2013-10-25 18:27:11,892|100,0|0,0|0,0|995|294|701|18,13|3,43|0,61|0,00
2013-10-25 18:27:17,644|100,0|0,0|0,0|995|294|701|18,13|3,43|0,55|0,00
2013-10-25 18:27:23,394|0,0|0,0|100,0|995|294|701|18,12|3,43|0,59|0,00
2013-10-25 18:27:28,948|0,0|0,0|100,0|995|294|701|18,12|3,43|0,59|0,00
2013-10-25 18:27:34,437|0,0|0,0|100,0|995|294|701|18,12|3,43|2,15|0,00
2013-10-25 18:27:39,972|0,0|0,0|100,0|995|294|701|18,12|3,43|1,52|0,00
2013-10-25 18:27:45,489|0,0|0,0|100,0|995|294|701|18,12|3,43|0,38|0,00
2013-10-25 18:27:50,991|0,0|0,0|100,0|995|294|701|18,12|3,43|0,29|0,00
2013-10-25 18:27:56,563|0,0|0,0|100,0|995|294|701|18,12|3,43|0,99|0,00
2013-10-25 18:28:02,098|0,0|0,0|100,0|995|294|701|18,12|3,43|0,43|0,00
2013-10-25 18:28:07,616|0,0|0,0|100,0|995|294|701|18,12|3,43|0,38|0,00
2013-10-25 18:28:13,189|0,0|0,0|100,0|995|294|701|18,12|3,43|1,13|0,00
2013-10-25 18:28:18,722|0,0|1,9|98,0|995|294|701|18,12|3,43|1,34|0,00
2013-10-25 18:28:24,241|0,0|0,0|100,0|995|294|701|18,12|3,43|0,47|0,00
2013-10-25 18:28:29,818|0,0|0,0|100,0|995|294|701|18,12|3,43|1,28|0,00
2013-10-25 18:28:35,354|0,0|0,0|100,0|995|294|701|18,12|3,43|0,56|0,00
2013-10-25 18:28:40,868|0,0|0,0|100,0|995|294|701|18,12|3,43|0,75|0,00
2013-10-25 18:28:46,441|0,0|0,0|100,0|995|294|701|18,12|3,43|0,47|0,00
2013-10-25 18:28:51,977|0,0|0,0|100,0|995|294|701|18,12|3,43|0,38|0,00
2013-10-25 18:28:57,493|0,0|0,0|100,0|995|294|701|18,12|3,43|0,77|0,00
2013-10-25 18:29:03,061|0,0|0,0|100,0|995|294|701|18,12|3,43|0,99|0,00
2013-10-25 18:29:08,596|0,0|0,0|100,0|995|294|701|18,12|3,43|0,53|0,00
2013-10-25 18:29:14,117|0,0|0,0|100,0|995|294|701|18,12|3,43|0,54|0,00
2013-10-25 18:29:19,690|0,0|0,0|100,0|995|294|701|18,12|3,43|0,65|0,00
2013-10-25 18:29:25,229|0,0|0,0|100,0|995|294|701|18,12|3,43|1,56|0,00
2013-10-25 18:29:30,745|0,0|0,0|100,0|995|294|701|18,12|3,43|1,10|0,00
2013-10-25 18:29:36,318|0,0|0,0|100,0|995|294|701|18,12|3,43|0,38|0,00
2013-10-25 18:29:41,853|0,0|0,0|100,0|995|294|701|18,12|3,43|0,66|0,00
2013-10-25 18:29:47,369|0,0|0,0|100,0|995|294|701|18,12|3,43|0,70|0,00
2013-10-25 18:29:52,945|0,0|0,0|100,0|995|294|701|18,12|3,43|1,90|0,00
2013-10-25 18:29:58,466|0,0|0,0|100,0|995|294|701|18,12|3,43|1,33|0,00
2013-10-25 18:30:03,987|0,0|0,0|100,0|995|294|700|18,12|3,43|0,18|0,00
2013-10-25 18:30:09,493|0,0|0,0|100,0|995|294|700|18,12|3,43|1,87|0,00
2013-10-25 18:30:15,065|0,0|0,0|100,0|995|294|700|18,12|3,43|0,18|0,00
2013-10-25 18:30:20,601|0,0|0,0|100,0|995|294|700|18,12|3,43|0,86|0,00
2013-10-25 18:30:26,117|0,0|2,0|98,0|995|294|700|18,12|3,43|1,03|0,00
2013-10-25 18:30:31,694|0,0|0,0|100,0|995|294|700|18,12|3,43|0,36|0,00
2013-10-25 18:30:37,219|0,0|0,0|100,0|995|294|700|18,12|3,43|0,70|0,00
2013-10-25 18:30:42,742|0,0|0,0|100,0|995|294|700|18,12|3,43|0,61|0,00
2013-10-25 18:30:48,294|0,0|0,0|100,0|995|294|700|18,12|3,43|0,77|0,00
2013-10-25 18:30:53,843|0,0|0,0|100,0|995|294|700|18,12|3,43|2,09|0,00
2013-10-25 18:30:59,365|0,0|0,0|100,0|995|294|700|18,12|3,43|0,29|0,00
2013-10-25 18:31:04,921|0,0|0,0|100,0|995|294|700|18,12|3,43|0,23|0,00
2013-10-25 18:31:10,417|0,0|0,0|100,0|995|294|700|18,12|3,43|0,59|0,00
2013-10-25 18:31:15,963|0,0|0,0|100,0|995|294|700|18,12|3,43|0,41|0,00
2013-10-25 18:31:21,482|0,0|0,0|100,0|995|294|700|18,12|3,43|0,23|0,00
2013-10-25 18:31:26,945|0,0|0,0|100,0|995|294|700|18,12|3,43|1,26|0,00
2013-10-25 18:31:32,477|0,0|0,0|100,0|995|294|700|18,12|3,43|0,44|0,00
2013-10-25 18:31:37,954|0,0|0,0|100,0|995|294|700|18,12|3,43|0,38|0,00
2013-10-25 18:31:43,483|0,0|0,0|100,0|995|294|700|18,12|3,43|1,30|0,00
2013-10-25 18:31:48,997|0,0|0,0|100,0|995|294|700|18,12|3,43|0,79|0,00
2013-10-25 18:31:54,552|0,0|0,0|100,0|995|294|700|18,12|3,43|0,48|0,00
2013-10-25 18:32:00,098|0,0|0,0|100,0|995|294|700|18,12|3,43|1,13|0,00
2013-10-25 18:32:05,621|0,0|0,0|100,0|995|294|700|18,12|3,43|0,29|0,00
2013-10-25 18:32:11,127|0,0|0,0|100,0|995|294|700|18,12|3,43|1,83|0,00
2013-10-25 18:32:16,701|0,0|0,0|100,0|995|294|700|18,12|3,43|0,54|0,00
2013-10-25 18:32:22,189|0,0|0,0|100,0|995|294|700|18,12|3,43|0,38|0,00
2013-10-25 18:32:27,729|0,0|0,0|100,0|995|294|700|18,12|3,43|0,77|0,00
2013-10-25 18:32:33,250|0,0|0,0|100,0|995|294|700|18,12|3,43|0,50|0,00
2013-10-25 18:32:38,825|0,0|0,0|100,0|995|294|700|18,12|3,43|8,66|0,00
2013-10-25 18:32:44,359|0,0|0,0|100,0|995|294|700|18,12|3,43|1,13|0,00
2013-10-25 18:32:49,877|0,0|0,0|100,0|995|294|700|18,12|3,43|0,41|0,00
2013-10-25 18:32:55,453|0,0|0,0|100,0|995|294|700|18,12|3,43|0,76|0,00
2013-10-25 18:33:00,989|0,0|0,0|100,0|995|295|700|18,12|3,43|1,41|0,00
2013-10-25 18:33:06,505|0,0|0,0|100,0|995|295|700|18,11|3,43|0,29|0,00
2013-10-25 18:33:12,048|0,0|0,0|100,0|995|295|700|18,11|3,43|9,79|0,00
2013-10-25 18:33:17,595|0,0|0,0|100,0|995|295|700|18,11|3,43|4,26|0,00
2013-10-25 18:33:23,117|0,0|0,0|100,0|995|295|700|18,11|3,43|0,35|0,00
2013-10-25 18:33:28,635|0,0|0,0|100,0|995|295|700|18,11|3,43|1,58|0,00
2013-10-25 18:33:34,203|0,0|0,0|100,0|995|295|700|18,11|3,43|0,21|0,00
2013-10-25 18:33:39,682|0,0|0,0|100,0|995|295|700|18,11|3,43|0,53|0,00
2013-10-25 18:33:45,229|0,0|0,0|100,0|995|295|700|18,11|3,43|0,18|0,00
2013-10-25 18:33:50,749|0,0|0,0|100,0|995|295|700|18,11|3,43|0,18|0,00
2013-10-25 18:33:56,297|0,0|0,0|100,0|995|295|700|18,11|3,43|4,12|0,00
2013-10-25 18:34:01,850|0,0|0,0|100,0|995|295|700|18,11|3,43|3,92|0,00
2013-10-25 18:34:07,376|0,0|0,0|100,0|995|295|700|18,11|3,43|1,84|0,00
2013-10-25 18:34:12,953|0,0|0,0|100,0|995|295|700|18,11|3,43|0,71|0,00
2013-10-25 18:34:18,489|0,0|0,0|100,0|995|295|700|18,11|3,43|0,59|0,00
2013-10-25 18:34:24,007|0,0|0,0|100,0|995|295|700|18,11|3,43|2,14|0,00
2013-10-25 18:34:29,577|0,0|0,0|100,0|995|295|700|18,11|3,43|0,80|0,00
2013-10-25 18:34:35,113|0,0|0,0|100,0|995|295|700|18,11|3,43|0,30|0,00
2013-10-25 18:34:40,630|0,0|0,0|100,0|995|295|700|18,11|3,43|2,77|0,00
2013-10-25 18:34:46,206|0,0|0,0|100,0|995|295|700|18,11|3,43|0,23|0,00
2013-10-25 18:34:51,741|8,1|2,0|89,7|995|295|700|18,11|3,43|5,63|112,94
2013-10-25 18:34:57,288|0,0|0,0|100,0|995|295|700|18,11|3,43|1,50|0,00
2013-10-25 18:35:02,841|0,0|0,0|100,0|995|295|700|18,11|3,43|0,38|0,00
2013-10-25 18:35:08,373|6,1|4,0|89,7|995|295|700|18,11|3,43|1,08|0,00
2013-10-25 18:35:13,938|0,0|0,0|100,0|995|295|700|18,11|3,43|4,60|11,84
2013-10-25 18:35:19,482|0,0|0,0|100,0|995|295|700|18,11|3,43|5,56|11,91
2013-10-25 18:35:25,004|0,0|0,0|100,0|995|295|700|18,11|3,43|6,73|11,98
2013-10-25 18:35:30,576|0,0|0,0|100,0|995|295|700|18,11|3,43|4,60|2,65
2013-10-25 18:35:36,160|0,0|1,9|98,0|995|295|700|18,11|3,43|1,13|0,00
2013-10-25 18:35:41,757|0,0|0,0|100,0|995|295|700|18,11|3,43|1,99|0,00
2013-10-25 18:35:47,362|1,9|0,0|98,0|995|295|700|18,11|3,43|0,49|0,00
2013-10-25 18:35:52,876|10,0|2,0|88,0|995|295|700|18,11|3,43|2,02|0,00
2013-10-25 18:35:58,449|4,0|6,1|89,7|995|295|700|18,11|3,43|1,61|0,00
2013-10-25 18:36:03,998|0,0|2,0|98,0|995|296|699|18,11|3,43|3,97|111,48
2013-10-25 18:36:09,556|0,0|0,0|100,0|995|295|700|18,11|3,43|6,33|112,94
2013-10-25 18:36:15,096|4,0|6,1|89,7|995|295|700|18,11|3,43|6,79|112,75
2013-10-25 18:36:20,655|0,0|2,0|97,9|995|296|699|18,11|3,43|7,13|122,99
2013-10-25 18:36:26,242|0,0|0,0|100,0|995|295|700|18,11|3,43|7,51|14,11
2013-10-25 18:36:31,858|0,0|0,0|100,0|995|295|700|18,11|3,43|5,51|12,86
2013-10-25 18:36:37,393|0,0|0,0|100,0|995|295|700|18,11|3,43|5,14|12,87
2013-10-25 18:36:42,956|0,0|0,0|100,0|995|295|700|18,11|3,43|3,82|2,65
2013-10-25 18:36:48,534|0,0|0,0|100,0|995|295|700|18,11|3,43|0,83|0,00
2013-10-25 18:36:54,105|4,0|4,0|91,8|995|295|700|18,11|3,43|3,36|0,00
2013-10-25 18:36:59,625|7,8|5,8|86,2|995|295|700|18,11|3,43|0,35|0,00
2013-10-25 18:37:05,202|2,0|0,0|97,9|995|296|699|18,11|3,43|3,05|110,73
2013-10-25 18:37:10,742|2,0|6,1|91,8|995|295|700|18,11|3,43|6,98|112,94
2013-10-25 18:37:16,252|5,8|5,8|88,2|995|295|700|18,11|3,43|5,78|112,74
2013-10-25 18:37:21,805|0,0|0,0|100,0|995|296|699|18,11|3,43|8,35|124,99
2013-10-25 18:37:27,360|0,0|0,0|100,0|995|295|700|18,11|3,43|8,90|15,03
2013-10-25 18:37:32,967|0,0|0,0|100,0|995|295|700|18,11|3,43|9,12|13,59
2013-10-25 18:37:38,483|0,0|1,9|98,0|995|295|700|18,11|3,43|5,45|2,32
2013-10-25 18:37:44,093|0,0|0,0|100,0|995|295|700|18,11|3,43|0,18|0,00
2013-10-25 18:37:49,633|6,0|4,0|90,0|995|295|700|18,11|3,43|0,79|0,00
2013-10-25 18:37:55,193|4,0|6,1|89,7|995|295|700|18,11|3,43|1,93|0,00
2013-10-25 18:38:00,738|4,0|4,0|92,0|995|295|700|18,11|3,43|5,87|112,94
2013-10-25 18:38:06,290|6,0|4,0|90,0|995|295|700|18,11|3,43|6,18|112,68
2013-10-25 18:38:11,855|0,0|0,0|100,0|995|295|700|18,11|3,43|6,75|14,13
2013-10-25 18:38:17,421|0,0|0,0|100,0|995|295|700|18,11|3,43|4,86|14,23
2013-10-25 18:38:22,973|0,0|0,0|100,0|995|295|700|18,11|3,43|1,07|0,00
2013-10-25 18:38:28,551|2,0|0,0|98,0|995|295|700|18,11|3,43|8,16|0,00
2013-10-25 18:38:34,106|4,0|8,0|88,0|995|295|700|18,11|3,43|1,00|0,00
2013-10-25 18:38:39,683|0,0|0,0|100,0|995|295|700|18,11|3,43|10,85|127,33
2013-10-25 18:38:45,211|0,0|0,0|100,0|995|295|700|18,11|3,43|1,36|0,00
2013-10-25 18:38:50,771|4,0|6,0|90,0|995|295|700|18,11|3,43|5,58|112,74
2013-10-25 18:38:56,269|0,0|0,0|100,0|995|295|700|18,10|3,43|5,33|14,62
2013-10-25 18:39:01,842|6,0|4,0|90,0|995|295|699|18,10|3,43|3,43|0,00
2013-10-25 18:39:07,423|0,0|0,0|100,0|995|295|699|18,10|3,43|6,52|14,89
2013-10-25 18:39:13,007|0,0|0,0|100,0|995|295|699|18,10|3,43|2,76|0,00
2013-10-25 18:39:18,572|60,0|40,0|0,0|995|296|699|18,10|3,43|5,78|112,82
2013-10-25 18:39:24,484|54,0|46,0|0,0|995|296|699|18,10|3,43|10,48|127,80
2013-10-25 18:39:30,599|42,0|57,9|0,0|995|296|699|18,10|3,44|5,49|15,18
2013-10-25 18:39:36,725|43,1|56,8|0,0|995|296|699|18,10|3,44|0,70|0,00
2013-10-25 18:39:42,928|40,8|59,1|0,0|995|296|699|18,10|3,44|1,67|0,00
2013-10-25 18:39:49,044|44,8|55,1|0,0|995|296|699|18,10|3,44|1,33|0,00
2013-10-25 18:39:55,149|50,9|49,0|0,0|995|296|699|18,10|3,44|7,33|112,69
2013-10-25 18:40:01,237|52,0|48,0|0,0|995|296|698|18,10|3,44|0,65|0,00
2013-10-25 18:40:07,332|43,1|54,9|0,0|995|296|698|18,10|3,44|0,26|0,00
2013-10-25 18:40:13,457|46,0|54,0|0,0|995|296|698|18,10|3,44|0,18|0,00
2013-10-25 18:40:19,608|48,9|51,0|0,0|995|296|698|18,10|3,44|0,79|0,00
2013-10-25 18:40:25,796|55,1|44,8|0,0|995|297|698|18,10|3,44|2,99|0,00
2013-10-25 18:40:31,925|54,0|46,0|0,0|995|297|698|18,10|3,44|3,41|0,37
2013-10-25 18:40:38,113|86,0|14,0|0,0|995|296|699|18,10|3,44|4,90|16,12
2013-10-25 18:40:44,077|76,0|24,0|0,0|995|296|699|18,10|3,44|5,11|16,06
2013-10-25 18:40:49,865|84,3|15,6|0,0|995|302|692|18,10|3,44|5,42|16,18
2013-10-25 18:40:55,617|79,5|20,4|0,0|995|303|692|18,10|3,44|7,48|17,87
2013-10-25 18:41:01,434|82,0|18,0|0,0|995|303|692|18,10|3,44|5,69|17,87
2013-10-25 18:41:07,213|86,0|14,0|0,0|995|303|692|18,10|3,44|5,80|17,95
2013-10-25 18:41:12,989|80,0|20,0|0,0|995|303|692|18,10|3,44|6,07|18,01
2013-10-25 18:41:18,769|80,0|20,0|0,0|995|303|692|18,10|3,44|2,30|1,46
2013-10-25 18:41:24,645|84,3|15,6|0,0|995|303|692|18,10|3,44|2,47|3,52
2013-10-25 18:41:30,462|84,0|16,0|0,0|995|303|692|18,10|3,44|2,42|6,31
2013-10-25 18:41:36,284|80,0|20,0|0,0|995|308|687|18,10|3,44|5,47|22,73
2013-10-25 18:41:42,076|86,0|14,0|0,0|995|308|687|18,10|3,44|5,51|18,79
2013-10-25 18:41:47,858|76,0|24,0|0,0|995|308|687|18,10|3,44|5,53|22,86
2013-10-25 18:41:53,640|80,0|20,0|0,0|995|308|687|18,10|3,44|4,79|17,00
2013-10-25 18:41:59,413|82,0|18,0|0,0|995|308|687|18,10|3,44|6,24|16,99
2013-10-25 18:42:05,181|80,0|20,0|0,0|995|308|687|18,10|3,44|5,30|1,39
2013-10-25 18:42:10,992|80,0|20,0|0,0|995|308|687|18,10|3,44|6,73|2,63
2013-10-25 18:42:16,794|80,0|20,0|0,0|995|308|687|18,10|3,44|2,50|0,00
2013-10-25 18:42:22,623|82,0|18,0|0,0|995|308|687|18,10|3,44|10,85|0,00
2013-10-25 18:42:28,472|84,0|16,0|0,0|995|358|637|18,10|3,44|1,39|0,00
2013-10-25 18:42:34,264|81,6|18,3|0,0|995|358|637|18,10|3,44|2,11|1,88
2013-10-25 18:42:40,081|84,0|16,0|0,0|995|358|637|18,10|3,44|0,44|0,00
2013-10-25 18:42:45,837|84,0|16,0|0,0|995|358|637|18,10|3,44|2,76|0,00
2013-10-25 18:42:51,632|86,2|13,7|0,0|995|358|637|18,10|3,44|0,23|0,00
2013-10-25 18:42:57,417|74,5|25,4|0,0|995|358|637|18,10|3,44|0,90|0,00
2013-10-25 18:43:03,208|80,0|20,0|0,0|995|358|637|18,10|3,44|0,70|0,00
2013-10-25 18:43:09,013|78,0|22,0|0,0|995|358|637|18,10|3,44|1,27|0,00
2013-10-25 18:43:14,767|84,0|16,0|0,0|995|391|603|18,10|3,44|4,05|111,77
2013-10-25 18:43:20,560|80,0|20,0|0,0|995|390|604|18,10|3,44|5,70|113,23
2013-10-25 18:43:26,306|86,0|14,0|0,0|995|390|604|18,10|3,44|8,20|113,08
2013-10-25 18:43:32,056|86,0|14,0|0,0|995|391|603|18,10|3,44|8,62|129,87
2013-10-25 18:43:37,798|83,6|16,3|0,0|995|390|604|18,10|3,44|10,28|131,60
2013-10-25 18:43:43,554|82,0|18,0|0,0|995|390|604|18,10|3,44|7,57|19,70
2013-10-25 18:43:49,433|78,0|22,0|0,0|995|390|604|18,10|3,44|8,19|19,78
2013-10-25 18:43:55,209|82,0|18,0|0,0|995|390|604|18,10|3,44|5,60|18,46
2013-10-25 18:44:01,000|82,0|18,0|0,0|995|390|604|18,10|3,44|5,61|18,52
2013-10-25 18:44:06,829|98,0|2,0|0,0|995|417|577|18,10|3,44|4,91|18,60
2013-10-25 18:44:12,596|98,0|2,0|0,0|995|417|577|18,10|3,44|1,04|0,00
2013-10-25 18:44:18,442|94,0|6,0|0,0|995|417|577|18,10|3,44|0,78|0,00
2013-10-25 18:44:24,232|96,0|4,0|0,0|995|417|577|18,10|3,44|0,29|0,00
2013-10-25 18:44:29,984|97,9|2,0|0,0|995|417|577|18,10|3,44|1,62|0,00
2013-10-25 18:44:35,758|91,8|8,1|0,0|995|417|577|18,10|3,44|0,36|0,00
2013-10-25 18:44:41,536|90,0|10,0|0,0|995|417|577|18,09|3,44|0,35|0,00
2013-10-25 18:44:47,278|95,9|4,0|0,0|995|417|577|18,09|3,44|7,53|113,40
2013-10-25 18:44:53,026|96,0|4,0|0,0|995|417|577|18,09|3,44|5,45|113,26
2013-10-25 18:44:58,766|96,0|4,0|0,0|995|417|577|18,09|3,44|10,69|132,46
2013-10-25 18:45:04,520|100,0|0,0|0,0|995|417|577|18,09|3,44|5,10|19,56
2013-10-25 18:45:10,328|96,0|4,0|0,0|995|418|577|18,09|3,44|6,65|1,90
2013-10-25 18:45:16,254|100,0|0,0|0,0|995|418|577|18,09|3,44|10,01|0,29
2013-10-25 18:45:22,066|4,0|2,0|94,0|995|120|875|18,09|3,44|1,60|0,00
2013-10-25 18:45:27,630|3,8|5,7|88,4|995|120|875|18,09|3,44|9,24|113,39
2013-10-25 18:45:33,149|0,0|0,0|100,0|995|120|875|18,09|3,44|9,10|20,21
2013-10-25 18:45:38,758|0,0|0,0|100,0|995|120|875|18,09|3,44|3,03|0,68
2013-10-25 18:45:44,323|2,0|0,0|97,9|995|120|874|18,09|3,44|1,25|0,00
2013-10-25 18:45:49,898|4,0|4,0|91,8|995|120|874|18,09|3,44|7,66|113,39
2013-10-25 18:45:55,457|0,0|0,0|100,0|995|120|874|18,09|3,44|9,67|122,09
2013-10-25 18:46:01,021|0,0|0,0|100,0|995|120|874|18,09|3,44|3,22|7,12
2013-10-25 18:46:06,564|0,0|0,0|100,0|995|120|874|18,09|3,44|0,43|4,41
2013-10-25 18:46:12,125|0,0|0,0|100,0|995|120|874|18,09|3,44|5,33|113,34
2013-10-25 18:46:17,688|0,0|0,0|100,0|995|120|874|18,09|3,44|11,25|135,44
2013-10-25 18:46:23,252|0,0|0,0|100,0|995|120|874|18,09|3,44|4,14|2,59
2013-10-25 18:46:28,794|2,0|0,0|98,0|995|120|874|18,09|3,44|0,83|0,00
2013-10-25 18:46:34,363|2,0|6,0|92,0|995|120|874|18,09|3,44|6,02|115,08
2013-10-25 18:46:39,926|0,0|0,0|100,0|995|120|874|18,09|3,44|5,12|26,76
2013-10-25 18:46:45,511|0,0|0,0|100,0|995|120|874|18,09|3,44|0,75|4,41
2013-10-25 18:46:51,069|2,0|4,0|94,0|995|120|874|18,09|3,44|0,23|0,00
2013-10-25 18:46:56,648|4,0|4,0|91,8|995|120|874|18,09|3,44|6,32|113,39
2013-10-25 18:47:02,157|0,0|0,0|100,0|995|120|874|18,09|3,44|5,50|22,61
2013-10-25 18:47:07,779|0,0|0,0|100,0|995|120|874|18,09|3,44|0,38|0,00
2013-10-25 18:47:13,393|6,0|4,0|90,0|995|120|874|18,09|3,44|0,65|0,00
2013-10-25 18:47:18,977|5,8|5,8|88,2|995|120|874|18,09|3,44|6,00|115,19
2013-10-25 18:47:24,519|0,0|0,0|100,0|995|120|874|18,09|3,44|6,05|27,47
2013-10-25 18:47:30,042|0,0|0,0|100,0|995|121|874|18,09|3,44|2,80|0,00
2013-10-25 18:47:35,642|4,0|8,0|88,0|995|121|874|18,09|3,44|5,85|0,00
2013-10-25 18:47:41,175|2,0|8,1|89,7|995|121|874|18,09|3,44|5,68|113,39
2013-10-25 18:47:46,731|0,0|0,0|100,0|995|121|874|18,09|3,44|8,96|22,02
2013-10-25 18:47:52,269|0,0|0,0|100,0|995|121|874|18,09|3,44|2,24|4,41
2013-10-25 18:47:57,790|0,0|0,0|100,0|995|121|874|18,09|3,44|8,64|117,80
2013-10-25 18:48:03,365|0,0|0,0|100,0|995|121|874|18,09|3,44|7,17|24,91
2013-10-25 18:48:08,933|0,0|0,0|100,0|995|121|874|18,09|3,44|0,83|0,00
2013-10-25 18:48:14,415|4,0|2,0|94,0|995|121|874|18,09|3,44|0,74|0,00
2013-10-25 18:48:20,013|5,8|5,8|86,2|995|121|874|18,09|3,44|10,02|113,39
2013-10-25 18:48:25,517|1,9|0,0|98,0|995|121|874|18,09|3,44|6,37|23,79
2013-10-25 18:48:31,099|0,0|0,0|100,0|995|121|874|18,09|3,44|1,98|0,06
2013-10-25 18:48:36,643|0,0|4,0|96,0|995|121|874|18,09|3,44|8,05|119,46
2013-10-25 18:48:42,195|0,0|0,0|100,0|995|121|874|18,09|3,44|4,82|22,93
2013-10-25 18:48:47,796|0,0|0,0|100,0|995|121|874|18,09|3,44|1,60|0,00
2013-10-25 18:48:53,406|6,0|6,0|86,0|995|121|874|18,09|3,44|0,18|0,00
2013-10-25 18:48:58,988|6,0|6,0|88,0|995|121|874|18,09|3,44|6,63|113,38
2013-10-25 18:49:04,522|0,0|0,0|100,0|995|121|874|18,09|3,44|4,05|2,65
2013-10-25 18:49:10,119|6,1|2,0|91,8|995|121|874|18,09|3,44|0,69|4,41
2013-10-25 18:49:15,713|4,1|4,1|91,6|995|121|874|18,09|3,44|6,52|117,74
2013-10-25 18:49:21,264|0,0|0,0|100,0|995|121|874|18,09|3,44|5,56|24,44
2013-10-25 18:49:26,821|0,0|0,0|100,0|995|121|874|18,09|3,44|1,66|0,00
2013-10-25 18:49:32,402|6,1|4,0|89,7|995|121|874|18,09|3,44|0,32|0,00
2013-10-25 18:49:37,964|0,0|0,0|100,0|995|121|874|18,09|3,44|10,52|137,84
2013-10-25 18:49:43,514|0,0|0,0|100,0|995|121|874|18,09|3,44|5,09|0,06
2013-10-25 18:49:49,080|8,0|6,0|86,0|995|121|874|18,09|3,44|0,95|4,41
2013-10-25 18:49:54,680|3,9|1,9|94,1|995|122|873|18,09|3,44|8,96|135,33
2013-10-25 18:50:00,250|0,0|0,0|100,0|995|121|874|18,09|3,44|4,27|0,00
2013-10-25 18:50:05,807|6,0|6,0|88,0|995|121|874|18,09|3,44|3,55|0,00
2013-10-25 18:50:11,398|0,0|0,0|100,0|995|121|874|18,09|3,44|10,13|136,89
2013-10-25 18:50:16,932|0,0|0,0|100,0|995|121|874|18,09|3,44|0,41|0,00
2013-10-25 18:50:22,510|5,7|7,6|86,5|995|121|874|18,09|3,44|0,43|4,41
2013-10-25 18:50:28,088|0,0|0,0|100,0|995|121|874|18,08|3,44|12,77|139,00
2013-10-25 18:50:33,636|0,0|0,0|100,0|995|121|874|18,08|3,44|0,96|0,00
2013-10-25 18:50:39,230|2,0|2,0|96,0|995|123|872|18,08|3,44|1,24|13,04
2013-10-25 18:50:44,826|0,0|0,0|100,0|995|121|874|18,08|3,44|5,15|24,28
2013-10-25 18:50:50,423|0,0|0,0|100,0|995|121|874|18,08|3,44|1,26|0,00
2013-10-25 18:50:56,002|4,0|4,0|92,0|995|121|874|18,08|3,44|6,13|114,98
2013-10-25 18:51:01,518|0,0|0,0|100,0|995|121|874|18,08|3,44|6,66|25,91
2013-10-25 18:51:07,040|6,1|4,0|89,7|995|121|874|18,08|3,44|0,51|4,41
2013-10-25 18:51:12,619|0,0|0,0|100,0|995|121|874|18,08|3,44|10,25|139,35
2013-10-25 18:51:18,156|0,0|0,0|100,0|995|121|874|18,08|3,44|0,65|0,00
2013-10-25 18:51:23,741|0,0|2,0|98,0|995|122|873|18,08|3,44|5,09|111,94
2013-10-25 18:51:29,310|0,0|2,0|98,0|995|121|874|18,08|3,44|5,95|25,78
2013-10-25 18:51:34,877|0,0|0,0|100,0|995|121|874|18,08|3,44|1,02|0,00
2013-10-25 18:51:40,414|4,0|6,0|90,0|995|121|874|18,08|3,44|5,81|115,42
2013-10-25 18:51:45,910|0,0|0,0|100,0|995|121|874|18,08|3,44|2,70|7,46
2013-10-25 18:51:51,502|7,8|5,8|86,2|995|121|874|18,08|3,44|0,59|0,00
2013-10-25 18:51:57,058|0,0|0,0|100,0|995|121|874|18,08|3,44|8,55|26,40
2013-10-25 18:52:02,664|0,0|0,0|100,0|995|121|874|18,08|3,44|1,14|0,00
2013-10-25 18:52:08,243|0,0|2,0|98,0|995|121|874|18,08|3,44|7,01|115,13
2013-10-25 18:52:13,810|0,0|0,0|100,0|995|121|874|18,08|3,44|5,45|31,16
2013-10-25 18:52:19,365|2,0|0,0|98,0|995|121|873|18,08|3,44|1,55|4,41
2013-10-25 18:52:24,907|2,0|6,2|91,6|995|121|873|18,08|3,44|7,00|113,39
2013-10-25 18:52:30,434|0,0|0,0|100,0|995|121|873|18,08|3,44|1,18|0,00
2013-10-25 18:52:36,019|0,0|3,9|96,0|995|122|872|18,08|3,44|4,01|111,93
2013-10-25 18:52:41,552|0,0|0,0|100,0|995|121|874|18,08|3,44|4,86|27,06
2013-10-25 18:52:47,120|2,0|0,0|98,0|995|121|873|18,08|3,44|7,85|0,00
2013-10-25 18:52:52,655|5,8|5,8|88,2|995|121|873|18,08|3,44|7,38|119,40
2013-10-25 18:52:58,171|0,0|0,0|100,0|995|121|873|18,08|3,44|1,83|6,07
2013-10-25 18:53:03,750|0,0|2,0|97,9|995|122|872|18,08|3,44|7,10|113,09
2013-10-25 18:53:09,318|0,0|0,0|100,0|995|121|873|18,08|3,44|5,67|27,47
2013-10-25 18:53:14,882|0,0|0,0|100,0|995|121|873|18,08|3,44|0,35|0,00
2013-10-25 18:53:20,418|8,0|4,0|88,0|995|121|873|18,08|3,44|6,42|113,39
2013-10-25 18:53:25,965|0,0|0,0|100,0|995|121|873|18,08|3,44|2,22|0,06
2013-10-25 18:53:31,571|6,0|4,0|88,0|995|121|873|18,08|3,44|2,53|4,41
2013-10-25 18:53:37,129|0,0|0,0|100,0|995|121|873|18,08|3,44|5,55|32,29
2013-10-25 18:53:42,697|1,9|0,0|98,0|995|121|873|18,08|3,44|9,19|0,00
2013-10-25 18:53:48,259|0,0|0,0|98,0|995|122|872|18,08|3,44|9,47|138,32
2013-10-25 18:53:53,790|0,0|0,0|100,0|995|121|873|18,08|3,45|0,18|0,00
2013-10-25 18:53:59,405|0,0|0,0|100,0|995|121|873|18,08|3,45|9,48|113,39
2013-10-25 18:54:04,933|0,0|0,0|100,0|995|121|873|18,08|3,45|5,57|28,32
2013-10-25 18:54:10,500|3,9|7,8|88,2|995|121|873|18,08|3,45|0,69|4,41
2013-10-25 18:54:16,082|0,0|0,0|100,0|995|121|873|18,08|3,45|8,82|31,01
2013-10-25 18:54:21,657|0,0|0,0|100,0|995|121|873|18,08|3,45|0,83|0,00
2013-10-25 18:54:27,244|5,8|3,9|90,1|995|121|873|18,08|3,45|6,88|113,20
2013-10-25 18:54:32,787|0,0|0,0|100,0|995|121|873|18,08|3,45|0,47|0,00
2013-10-25 18:54:38,340|6,1|2,0|91,8|995|122|873|18,08|3,45|1,19|0,00
2013-10-25 18:54:43,896|0,0|0,0|100,0|995|122|873|18,08|3,45|5,58|33,11
2013-10-25 18:54:49,413|2,0|4,0|94,0|995|122|873|18,08|3,45|2,03|4,41
2013-10-25 18:54:54,932|0,0|0,0|100,0|995|122|873|18,08|3,45|9,31|31,43
2013-10-25 18:55:00,526|0,0|0,0|100,0|995|122|873|18,08|3,45|1,78|0,00
2013-10-25 18:55:06,120|6,0|4,0|90,0|995|122|873|18,08|3,45|6,52|113,32
2013-10-25 18:55:11,691|0,0|0,0|100,0|995|122|873|18,08|3,45|0,19|0,00
2013-10-25 18:55:17,306|8,1|2,0|89,7|995|122|873|18,08|3,45|1,77|0,00
2013-10-25 18:55:22,876|0,0|0,0|100,0|995|122|873|18,08|3,45|5,27|29,31
2013-10-25 18:55:28,404|0,0|0,0|100,0|995|122|873|18,08|3,45|1,30|4,41
2013-10-25 18:55:33,929|0,0|0,0|100,0|995|122|873|18,08|3,45|10,93|30,36
2013-10-25 18:55:39,520|0,0|0,0|100,0|995|122|873|18,08|3,45|1,38|0,00
2013-10-25 18:55:45,125|4,0|8,0|88,0|995|122|873|18,08|3,45|5,55|113,39
2013-10-25 18:55:50,694|0,0|0,0|100,0|995|122|873|18,08|3,45|6,82|0,00
2013-10-25 18:55:56,307|2,0|6,0|92,0|995|122|873|18,08|3,45|0,63|4,41
2013-10-25 18:56:01,881|0,0|0,0|100,0|995|122|873|18,08|3,45|7,32|34,13
2013-10-25 18:56:07,414|4,0|6,1|89,7|995|122|873|18,08|3,45|0,44|0,00
2013-10-25 18:56:12,941|0,0|0,0|100,0|995|122|873|18,07|3,45|4,84|28,20
2013-10-25 18:56:18,541|2,0|0,0|98,0|995|122|873|18,07|3,45|0,65|0,00
2013-10-25 18:56:24,059|0,0|0,0|100,0|995|122|873|18,07|3,45|16,10|143,09
2013-10-25 18:56:29,640|1,9|0,0|98,0|995|122|873|18,07|3,45|3,38|0,00
2013-10-25 18:56:35,243|7,6|5,7|84,6|995|122|873|18,07|3,45|7,13|119,40
2013-10-25 18:56:40,780|0,0|0,0|100,0|995|122|873|18,07|3,45|0,86|6,07
2013-10-25 18:56:46,315|3,9|3,9|90,1|995|122|873|18,07|3,45|5,66|113,39
2013-10-25 18:56:51,878|0,0|0,0|100,0|995|122|873|18,07|3,45|0,41|0,00
2013-10-25 18:56:57,421|0,0|0,0|100,0|995|122|873|18,07|3,45|7,13|113,33
2013-10-25 18:57:02,929|0,0|0,0|100,0|995|122|873|18,07|3,45|0,53|0,00
2013-10-25 18:57:08,483|2,0|0,0|98,0|995|123|872|18,07|3,45|2,12|112,98
2013-10-25 18:57:14,058|0,0|0,0|100,0|995|122|873|18,07|3,45|5,67|30,78
2013-10-25 18:57:19,559|6,0|4,0|90,0|995|122|873|18,07|3,45|0,94|0,00
2013-10-25 18:57:25,101|0,0|0,0|100,0|995|122|873|18,07|3,45|5,39|30,81
2013-10-25 18:57:30,647|8,0|4,0|88,0|995|122|873|18,07|3,45|3,09|0,00
2013-10-25 18:57:36,241|0,0|0,0|100,0|995|122|873|18,07|3,45|5,64|30,89
2013-10-25 18:57:41,776|6,1|6,1|87,7|995|122|873|18,07|3,45|0,53|0,00
2013-10-25 18:57:47,356|0,0|0,0|100,0|995|122|873|18,07|3,45|5,94|35,52
2013-10-25 18:57:52,896|9,8|5,8|84,3|995|122|873|18,07|3,45|0,79|6,07
2013-10-25 18:57:58,481|0,0|0,0|100,0|995|122|873|18,07|3,45|5,12|31,25
2013-10-25 18:58:04,042|0,0|0,0|100,0|995|122|873|18,07|3,45|0,67|0,00
2013-10-25 18:58:09,560|0,0|0,0|100,0|995|122|873|18,07|3,45|6,64|31,83
2013-10-25 18:58:15,153|0,0|0,0|100,0|995|122|873|18,07|3,45|0,92|0,00
2013-10-25 18:58:20,679|0,0|0,0|100,0|995|122|873|18,07|3,45|6,61|35,63
2013-10-25 18:58:26,276|0,0|1,9|98,0|995|122|873|18,07|3,45|0,63|4,41
2013-10-25 18:58:31,810|0,0|0,0|100,0|995|122|873|18,07|3,45|6,72|36,09
2013-10-25 18:58:37,423|0,0|0,0|100,0|995|122|873|18,07|3,45|0,99|0,00
2013-10-25 18:58:42,940|0,0|0,0|100,0|995|122|873|18,07|3,45|5,86|31,84
2013-10-25 18:58:48,552|0,0|0,0|100,0|995|122|873|18,07|3,45|3,93|0,00
2013-10-25 18:58:54,100|0,0|0,0|100,0|995|122|873|18,07|3,45|6,15|30,37
2013-10-25 18:58:59,694|0,0|0,0|100,0|995|122|873|18,07|3,45|0,73|4,41
2013-10-25 18:59:05,266|0,0|0,0|100,0|995|122|873|18,07|3,45|5,46|36,58
2013-10-25 18:59:10,834|0,0|0,0|100,0|995|122|873|18,07|3,45|1,91|4,41
2013-10-25 18:59:16,397|0,0|0,0|100,0|995|122|873|18,07|3,45|6,84|30,94
2013-10-25 18:59:22,028|1,9|0,0|98,0|995|122|872|18,07|3,45|0,47|0,00
2013-10-25 18:59:27,576|0,0|0,0|100,0|995|122|873|18,07|3,45|6,17|32,82
2013-10-25 18:59:33,179|0,0|0,0|100,0|995|122|872|18,07|3,45|1,43|0,00
2013-10-25 18:59:38,727|0,0|0,0|100,0|995|122|873|18,07|3,45|5,48|37,03
2013-10-25 18:59:44,288|2,0|2,0|96,0|995|122|872|18,07|3,45|0,87|0,06
2013-10-25 18:59:49,848|0,0|0,0|100,0|995|122|873|18,07|3,45|5,52|32,70
2013-10-25 18:59:55,431|6,1|4,0|89,7|995|122|872|18,07|3,45|0,83|0,00
2013-10-25 19:00:00,976|0,0|0,0|100,0|995|122|873|18,07|3,45|8,10|31,53
2013-10-25 19:00:06,533|6,0|8,0|86,0|995|122|873|18,07|3,45|1,32|0,00
2013-10-25 19:00:12,071|0,0|0,0|100,0|995|122|873|18,07|3,45|6,10|33,01
2013-10-25 19:00:17,641|2,0|2,0|96,0|995|123|872|18,07|3,45|4,46|116,48
2013-10-25 19:00:23,167|0,0|0,0|100,0|995|122|873|18,07|3,45|0,58|4,41
2013-10-25 19:00:28,692|6,0|4,0|90,0|995|122|872|18,07|3,45|6,14|113,39
2013-10-25 19:00:34,260|0,0|0,0|100,0|995|122|872|18,07|3,45|0,59|0,00
2013-10-25 19:00:39,873|1,9|1,9|96,0|995|123|871|18,07|3,45|9,21|144,83
2013-10-25 19:00:45,420|0,0|0,0|100,0|995|122|872|18,07|3,45|0,23|0,00
2013-10-25 19:00:50,943|0,0|0,0|100,0|995|122|872|18,07|3,45|7,05|37,98
2013-10-25 19:00:56,555|4,0|4,0|91,8|995|122|872|18,07|3,45|1,65|6,08
2013-10-25 19:01:02,073|0,0|0,0|100,0|995|122|872|18,07|3,45|7,38|33,70
2013-10-25 19:01:07,614|2,0|0,0|98,0|995|123|871|18,07|3,45|2,42|110,74
2013-10-25 19:01:13,213|0,0|0,0|100,0|995|122|872|18,07|3,45|1,72|0,00
2013-10-25 19:01:18,819|2,0|4,0|94,0|995|122|872|18,07|3,45|7,05|113,39
2013-10-25 19:01:24,382|0,0|0,0|100,0|995|122|872|18,07|3,45|1,23|0,00
2013-10-25 19:01:29,934|0,0|0,0|100,0|995|122|872|18,07|3,45|2,31|0,06
2013-10-25 19:01:35,491|8,0|4,0|88,0|995|122|872|18,07|3,45|2,57|4,41
2013-10-25 19:01:41,121|0,0|0,0|100,0|995|122|872|18,07|3,45|0,80|0,00
2013-10-25 19:01:46,675|0,0|0,0|100,0|995|122|872|18,07|3,45|0,82|0,00
2013-10-25 19:01:52,196|0,0|0,0|100,0|995|122|872|18,07|3,45|4,49|0,00
2013-10-25 19:01:57,774|0,0|0,0|100,0|995|122|872|18,07|3,45|3,13|0,00
2013-10-25 19:02:03,310|0,0|1,9|98,0|995|122|872|18,06|3,45|16,07|0,00
2013-10-25 19:02:08,826|0,0|0,0|100,0|995|122|872|18,06|3,45|2,93|7,68
2013-10-25 19:02:14,393|0,0|0,0|100,0|995|122|872|18,06|3,45|2,99|0,04
2013-10-25 19:02:19,932|0,0|0,0|100,0|995|122|872|18,06|3,45|1,22|0,00
2013-10-25 19:02:25,441|0,0|0,0|100,0|995|122|872|18,06|3,45|0,79|0,00
2013-10-25 19:02:30,994|0,0|0,0|100,0|995|122|872|18,06|3,45|1,21|0,00
2013-10-25 19:02:36,545|0,0|0,0|100,0|995|122|872|18,06|3,45|0,68|0,00
2013-10-25 19:02:42,072|0,0|0,0|100,0|995|122|872|18,06|3,45|0,63|6,00
2013-10-25 19:02:47,650|0,0|0,0|100,0|995|123|872|18,06|3,45|0,52|6,00
2013-10-25 19:02:53,186|0,0|0,0|100,0|995|123|872|18,06|3,45|4,19|0,00
2013-10-25 19:02:58,748|0,0|0,0|100,0|995|123|872|18,06|3,45|0,86|0,00
2013-10-25 19:03:04,169|0,0|0,0|100,0|995|123|872|18,06|3,45|1,93|0,00
2013-10-25 19:03:09,698|0,0|0,0|100,0|995|123|872|18,06|3,45|0,62|0,00
2013-10-25 19:03:15,205|0,0|0,0|100,0|995|123|872|18,06|3,45|0,93|6,02
2013-10-25 19:03:20,782|0,0|0,0|100,0|995|123|872|18,06|3,45|1,10|5,89
2013-10-25 19:03:26,318|0,0|0,0|100,0|995|123|872|18,06|3,45|2,12|0,00
2013-10-25 19:03:31,875|0,0|0,0|100,0|995|123|872|18,06|3,45|5,16|0,00
2013-10-25 19:03:37,381|0,0|0,0|100,0|995|123|872|18,06|3,45|1,73|0,00
2013-10-25 19:03:42,930|2,0|0,0|98,0|995|123|872|18,06|3,45|1,44|0,00
2013-10-25 19:03:48,452|0,0|0,0|100,0|995|123|872|18,06|3,45|0,95|1,66
2013-10-25 19:03:53,938|0,0|0,0|100,0|995|123|872|18,06|3,45|2,25|6,36
2013-10-25 19:03:59,450|0,0|0,0|100,0|995|123|872|18,06|3,45|2,43|1,66
2013-10-25 19:04:05,025|0,0|0,0|100,0|995|123|872|18,06|3,45|0,76|0,00
2013-10-25 19:04:10,522|0,0|0,0|100,0|995|123|872|18,06|3,45|6,59|0,00
2013-10-25 19:04:16,070|0,0|0,0|100,0|995|123|872|18,06|3,45|1,35|0,00
2013-10-25 19:04:21,626|0,0|0,0|100,0|995|123|872|18,06|3,45|0,99|0,00
2013-10-25 19:04:27,178|0,0|0,0|100,0|995|123|872|18,06|3,45|9,39|5,35
2013-10-25 19:04:32,703|0,0|0,0|100,0|995|123|872|18,06|3,45|4,25|1,66
2013-10-25 19:04:38,213|0,0|0,0|100,0|995|123|872|18,06|3,45|0,90|0,00
2013-10-25 19:04:43,786|0,0|0,0|100,0|995|123|872|18,06|3,45|0,32|0,00
2013-10-25 19:04:49,322|0,0|0,0|100,0|995|123|872|18,06|3,45|1,05|0,00
2013-10-25 19:04:54,879|0,0|0,0|100,0|995|123|872|18,06|3,45|0,44|0,00
2013-10-25 19:05:00,425|0,0|0,0|100,0|995|123|872|18,06|3,45|0,88|6,00
2013-10-25 19:05:05,954|0,0|0,0|100,0|995|123|872|18,06|3,45|0,63|6,00
2013-10-25 19:05:11,530|0,0|0,0|100,0|995|123|872|18,06|3,45|0,55|0,00
2013-10-25 19:05:17,070|0,0|0,0|100,0|995|123|872|18,06|3,45|2,47|0,00
2013-10-25 19:05:22,586|0,0|0,0|100,0|995|123|872|18,06|3,45|1,54|0,00
2013-10-25 19:05:28,158|0,0|0,0|100,0|995|123|872|18,06|3,45|1,53|0,00
2013-10-25 19:05:33,694|0,0|0,0|100,0|995|123|872|18,06|3,45|0,74|0,00
2013-10-25 19:05:39,250|0,0|0,0|100,0|995|123|872|18,06|3,45|0,87|5,89
2013-10-25 19:05:44,805|0,0|0,0|100,0|995|123|872|18,06|3,45|0,81|1,70
2013-10-25 19:05:50,294|0,0|0,0|100,0|995|123|872|18,06|3,45|0,68|0,00
2013-10-25 19:05:55,824|0,0|0,0|100,0|995|123|872|18,06|3,45|6,67|0,00
2013-10-25 19:06:01,311|0,0|0,0|100,0|995|123|872|18,06|3,45|0,68|0,00
2013-10-25 19:06:06,834|1,9|0,0|98,0|995|123|872|18,06|3,45|1,06|0,00
2013-10-25 19:06:12,411|0,0|0,0|100,0|995|123|872|18,06|3,45|0,61|6,53
2013-10-25 19:06:17,950|1,9|0,0|98,0|995|123|872|18,06|3,45|1,79|1,67
2013-10-25 19:06:23,502|0,0|0,0|100,0|995|123|872|18,06|3,45|0,60|0,00
2013-10-25 19:06:29,055|0,0|0,0|100,0|995|123|872|18,06|3,45|1,12|0,00
2013-10-25 19:06:34,582|0,0|0,0|100,0|995|123|872|18,06|3,45|1,91|0,00
2013-10-25 19:06:40,157|0,0|2,0|98,0|995|123|872|18,06|3,45|0,76|0,00
2013-10-25 19:06:45,694|0,0|0,0|100,0|995|123|872|18,06|3,45|0,60|6,00
2013-10-25 19:06:51,213|0,0|0,0|100,0|995|123|872|18,06|3,45|1,45|6,00
2013-10-25 19:06:56,786|0,0|0,0|100,0|995|123|872|18,06|3,45|0,98|0,00
2013-10-25 19:07:02,326|0,0|0,0|100,0|995|123|872|18,06|3,45|1,40|0,00
2013-10-25 19:07:07,885|0,0|0,0|100,0|995|123|872|18,06|3,45|1,11|0,00
2013-10-25 19:07:13,434|0,0|0,0|100,0|995|123|872|18,06|3,45|0,61|0,00
2013-10-25 19:07:18,963|0,0|1,9|98,0|995|123|872|18,06|3,45|2,17|0,00
2013-10-25 19:07:24,538|0,0|0,0|100,0|995|123|872|18,06|3,45|2,87|1,66
2013-10-25 19:07:30,074|0,0|0,0|100,0|995|123|872|18,06|3,45|2,16|1,55
2013-10-25 19:07:35,633|0,0|0,0|100,0|995|123|872|18,06|3,45|1,39|0,00
2013-10-25 19:07:41,183|0,0|0,0|100,0|995|123|872|18,06|3,45|2,87|0,00
2013-10-25 19:07:46,710|0,0|0,0|100,0|995|123|872|18,05|3,45|2,46|1,86
2013-10-25 19:07:52,286|0,0|0,0|100,0|995|123|872|18,05|3,45|0,89|0,00
2013-10-25 19:07:57,819|0,0|0,0|100,0|995|123|872|18,05|3,45|1,05|1,66
2013-10-25 19:08:03,341|0,0|0,0|100,0|995|123|872|18,05|3,45|3,54|6,00
2013-10-25 19:08:08,908|0,0|0,0|100,0|995|123|872|18,05|3,45|1,14|0,00
2013-10-25 19:08:14,394|0,0|0,0|100,0|995|123|872|18,05|3,45|1,59|0,00
2013-10-25 19:08:19,936|0,0|0,0|100,0|995|123|872|18,05|3,45|0,34|0,00
2013-10-25 19:08:25,432|0,0|0,0|100,0|995|123|872|18,05|3,45|0,29|0,00
2013-10-25 19:08:30,962|0,0|0,0|100,0|995|123|872|18,05|3,45|1,68|6,02
2013-10-25 19:08:36,538|0,0|0,0|100,0|995|123|872|18,05|3,45|0,39|1,55
2013-10-25 19:08:42,075|0,0|0,0|100,0|995|123|872|18,05|3,45|0,47|0,00
2013-10-25 19:08:47,599|0,0|0,0|100,0|995|123|872|18,05|3,45|0,49|0,00
2013-10-25 19:08:53,171|0,0|0,0|100,0|995|123|872|18,05|3,45|2,67|0,00
2013-10-25 19:08:58,709|0,0|0,0|100,0|995|123|872|18,05|3,45|0,90|0,00
2013-10-25 19:09:04,258|1,9|0,0|98,0|995|123|872|18,05|3,45|0,89|0,00
2013-10-25 19:09:09,810|0,0|0,0|100,0|995|123|872|18,05|3,45|0,78|1,48
2013-10-25 19:09:15,338|0,0|0,0|100,0|995|123|872|18,05|3,45|0,41|0,00
2013-10-25 19:09:20,918|0,0|0,0|100,0|995|123|872|18,05|3,45|2,40|0,00
2013-10-25 19:09:26,455|0,0|0,0|100,0|995|123|872|18,05|3,45|1,01|0,00
2013-10-25 19:09:32,044|0,0|0,0|100,0|995|123|872|18,05|3,45|6,94|0,00
2013-10-25 19:09:37,579|0,0|1,9|98,0|995|123|872|18,05|3,45|4,82|0,00
2013-10-25 19:09:43,133|0,0|0,0|100,0|995|123|872|18,05|3,45|3,80|0,00
2013-10-25 19:09:48,685|0,0|0,0|100,0|995|123|872|18,05|3,45|1,06|0,00
2013-10-25 19:09:54,210|0,0|0,0|100,0|995|123|872|18,05|3,45|2,52|0,00
2013-10-25 19:09:59,768|0,0|0,0|100,0|995|123|871|18,05|3,45|1,47|0,00
2013-10-25 19:10:05,314|0,0|0,0|100,0|995|123|871|18,05|3,45|1,89|0,00
2013-10-25 19:10:10,839|0,0|0,0|100,0|995|123|871|18,05|3,45|1,03|0,00
2013-10-25 19:10:16,393|0,0|0,0|100,0|995|123|871|18,05|3,45|1,40|0,00
2013-10-25 19:10:21,895|0,0|0,0|100,0|995|123|871|18,05|3,45|1,20|0,00
2013-10-25 19:10:27,441|0,0|0,0|100,0|995|123|871|18,05|3,45|0,96|0,00
2013-10-25 19:10:32,971|0,0|0,0|100,0|995|123|871|18,05|3,45|1,41|0,00
2013-10-25 19:10:38,481|0,0|0,0|100,0|995|123|871|18,05|3,45|1,09|0,00
2013-10-25 19:10:44,052|0,0|0,0|100,0|995|123|871|18,05|3,45|0,85|0,00
2013-10-25 19:10:49,582|0,0|0,0|100,0|995|123|871|18,05|3,45|0,64|0,00
2013-10-25 19:10:55,141|0,0|0,0|100,0|995|123|871|18,05|3,45|0,64|0,00
2013-10-25 19:11:00,694|0,0|0,0|100,0|995|123|871|18,05|3,45|1,52|0,00
2013-10-25 19:11:06,218|0,0|0,0|100,0|995|123|871|18,05|3,45|2,11|0,00
2013-10-25 19:11:11,802|0,0|0,0|100,0|995|123|871|18,05|3,45|0,76|0,00
2013-10-25 19:11:17,338|0,0|0,0|100,0|995|123|871|18,05|3,45|1,55|0,00
2013-10-25 19:11:22,894|0,0|0,0|100,0|995|123|871|18,05|3,45|1,35|0,00
2013-10-25 19:11:28,446|0,0|0,0|100,0|995|124|871|18,05|3,45|1,21|0,00
2013-10-25 19:11:33,963|0,0|0,0|100,0|995|124|871|18,05|3,45|3,21|0,00
2013-10-25 19:11:39,430|0,0|0,0|100,0|995|123|871|18,05|3,45|2,92|0,00
2013-10-25 19:11:44,962|0,0|0,0|100,0|995|123|871|18,05|3,45|1,38|0,00
2013-10-25 19:11:50,518|0,0|0,0|100,0|995|123|871|18,05|3,45|0,76|0,00
2013-10-25 19:11:56,068|0,0|0,0|100,0|995|124|871|18,05|3,45|0,64|0,00
2013-10-25 19:12:01,574|0,0|0,0|100,0|995|123|871|18,05|3,45|1,34|0,00
2013-10-25 19:12:07,099|0,0|0,0|100,0|995|124|871|18,05|3,45|10,10|0,00
2013-10-25 19:12:12,674|0,0|0,0|100,0|995|124|871|18,05|3,45|1,03|0,00
2013-10-25 19:12:18,210|0,0|0,0|100,0|995|124|871|18,05|3,45|1,14|0,00
2013-10-25 19:12:23,769|0,0|0,0|100,0|995|124|871|18,05|3,45|1,93|0,00
2013-10-25 19:12:29,322|0,0|0,0|100,0|995|124|871|18,05|3,45|3,72|0,04
2013-10-25 19:12:34,854|0,0|2,0|98,0|995|124|871|18,05|3,45|1,22|0,00
2013-10-25 19:12:40,428|0,0|0,0|100,0|995|124|871|18,05|3,45|2,46|1,63
2013-10-25 19:12:45,958|0,0|0,0|100,0|995|124|871|18,05|3,45|8,54|0,00
2013-10-25 19:12:51,478|0,0|0,0|100,0|995|124|871|18,05|3,45|2,17|0,00
2013-10-25 19:12:57,051|0,0|0,0|100,0|995|124|871|18,05|3,45|1,07|0,00
2013-10-25 19:13:02,587|0,0|0,0|100,0|995|124|871|18,05|3,45|1,61|0,00
2013-10-25 19:13:08,145|0,0|0,0|100,0|995|124|871|18,05|3,45|1,44|0,00
2013-10-25 19:13:13,697|0,0|0,0|100,0|995|124|871|18,05|3,45|0,79|0,00
2013-10-25 19:13:19,225|0,0|0,0|100,0|995|124|871|18,05|3,45|0,88|0,00
2013-10-25 19:13:24,802|0,0|0,0|100,0|995|124|871|18,05|3,45|1,48|0,00
2013-10-25 19:13:30,338|0,0|0,0|100,0|995|124|871|18,05|3,45|1,19|0,00
2013-10-25 19:13:35,897|0,0|0,0|100,0|995|124|871|18,04|3,45|2,00|0,00
2013-10-25 19:13:41,451|0,0|0,0|100,0|995|124|871|18,04|3,45|2,20|0,00
2013-10-25 19:13:46,978|2,0|0,0|98,0|995|124|871|18,04|3,45|0,85|0,00
2013-10-25 19:13:52,550|0,0|0,0|100,0|995|124|871|18,04|3,45|1,23|0,00
2013-10-25 19:13:58,045|0,0|0,0|100,0|995|124|871|18,04|3,45|1,13|0,00
2013-10-25 19:14:03,586|0,0|0,0|100,0|995|124|871|18,04|3,45|0,64|0,00
2013-10-25 19:14:09,109|0,0|0,0|100,0|995|124|871|18,04|3,45|0,66|0,00
2013-10-25 19:14:14,682|0,0|0,0|100,0|995|124|871|18,04|3,45|0,47|0,00
2013-10-25 19:14:20,217|0,0|0,0|100,0|995|124|871|18,04|3,45|1,19|0,00
2013-10-25 19:14:25,777|0,0|0,0|100,0|995|124|871|18,04|3,45|0,83|0,00
2013-10-25 19:14:31,326|0,0|0,0|100,0|995|124|871|18,04|3,45|2,02|0,00
2013-10-25 19:14:36,818|0,0|0,0|100,0|995|124|871|18,04|3,45|1,77|0,00
2013-10-25 19:14:42,351|0,0|0,0|100,0|995|124|871|18,04|3,45|1,78|0,00
2013-10-25 19:14:47,931|0,0|0,0|100,0|995|124|871|18,04|3,45|1,39|0,00
2013-10-25 19:14:53,471|0,0|0,0|100,0|995|124|871|18,04|3,45|8,11|0,00
2013-10-25 19:14:58,950|0,0|0,0|100,0|995|124|871|18,04|3,45|13,91|0,00
2013-10-25 19:15:04,478|0,0|0,0|100,0|995|124|871|18,04|3,45|3,11|0,00
2013-10-25 19:15:10,059|0,0|0,0|100,0|995|124|871|18,04|3,45|1,13|0,00
2013-10-25 19:15:15,595|0,0|0,0|100,0|995|124|870|18,04|3,45|9,77|0,00
2013-10-25 19:15:21,146|0,0|0,0|100,0|995|124|870|18,04|3,45|0,76|0,00
2013-10-25 19:15:26,651|0,0|0,0|100,0|995|124|870|18,04|3,45|0,41|0,00
2013-10-25 19:15:32,201|0,0|0,0|100,0|995|124|870|18,04|3,45|1,27|0,00
2013-10-25 19:15:37,729|0,0|0,0|100,0|995|124|870|18,04|3,45|0,91|0,00
2013-10-25 19:15:43,306|0,0|0,0|100,0|995|124|870|18,04|3,45|2,07|0,00
2013-10-25 19:15:48,832|0,0|0,0|100,0|995|124|870|18,04|3,45|1,07|0,00
2013-10-25 19:15:54,315|0,0|0,0|100,0|995|124|870|18,04|3,45|1,76|0,00
2013-10-25 19:15:59,849|0,0|0,0|100,0|995|124|870|18,04|3,45|1,06|0,00
2013-10-25 19:16:05,402|0,0|0,0|100,0|995|124|870|18,04|3,45|2,49|0,00
2013-10-25 19:16:10,909|0,0|0,0|100,0|995|124|870|18,04|3,45|2,17|0,00
2013-10-25 19:16:16,389|0,0|0,0|100,0|995|124|870|18,04|3,45|1,06|0,00
2013-10-25 19:16:21,944|0,0|0,0|100,0|995|124|870|18,04|3,45|1,49|0,00
2013-10-25 19:16:27,478|0,0|0,0|100,0|995|124|870|18,04|3,45|11,98|0,00
2013-10-25 19:16:33,059|0,0|0,0|100,0|995|124|870|18,04|3,45|2,05|0,00
2013-10-25 19:16:38,594|0,0|2,0|98,0|995|124|870|18,04|3,45|1,54|0,00
2013-10-25 19:16:44,114|0,0|0,0|100,0|995|124|870|18,04|3,45|2,93|0,00
2013-10-25 19:16:49,686|0,0|0,0|100,0|995|124|870|18,04|3,45|0,94|0,00
2013-10-25 19:16:55,221|0,0|0,0|100,0|995|124|870|18,04|3,45|1,94|0,00
2013-10-25 19:17:00,738|2,0|0,0|98,0|995|124|870|18,04|3,45|1,55|0,00
2013-10-25 19:17:06,312|0,0|0,0|100,0|995|124|870|18,04|3,45|1,33|0,00
2013-10-25 19:17:11,850|0,0|0,0|100,0|995|125|870|18,04|3,45|1,88|0,00
2013-10-25 19:17:17,406|0,0|1,9|98,0|995|125|870|18,04|3,46|1,16|0,00
2013-10-25 19:17:22,959|0,0|0,0|100,0|995|125|870|18,04|3,46|1,45|0,00
2013-10-25 19:17:28,481|0,0|0,0|100,0|995|125|870|18,04|3,46|1,46|0,00
2013-10-25 19:17:34,057|0,0|0,0|100,0|995|125|870|18,04|3,46|0,82|0,00
2013-10-25 19:17:39,599|0,0|0,0|100,0|995|125|870|18,04|3,46|0,95|0,00
2013-10-25 19:17:45,161|0,0|0,0|100,0|995|125|870|18,04|3,46|1,45|0,00
2013-10-25 19:17:50,710|0,0|0,0|100,0|995|125|870|18,04|3,46|1,03|0,00
2013-10-25 19:17:56,229|0,0|0,0|100,0|995|125|870|18,04|3,46|3,29|0,00
2013-10-25 19:18:01,784|0,0|0,0|100,0|995|125|870|18,04|3,46|1,10|0,00
2013-10-25 19:18:07,332|0,0|0,0|100,0|995|125|870|18,04|3,46|3,98|0,04
2013-10-25 19:18:12,851|0,0|0,0|100,0|995|125|870|18,04|3,46|0,70|0,00
2013-10-25 19:18:18,366|0,0|0,0|100,0|995|125|870|18,04|3,46|1,30|0,00
2013-10-25 19:18:23,938|0,0|0,0|100,0|995|125|870|18,04|3,46|0,91|0,00
2013-10-25 19:18:29,474|0,0|0,0|100,0|995|125|870|18,04|3,46|1,22|0,00
2013-10-25 19:18:34,954|0,0|0,0|100,0|995|125|870|18,04|3,46|1,84|0,00
2013-10-25 19:18:40,483|0,0|0,0|100,0|995|125|870|18,04|3,46|2,01|0,00
2013-10-25 19:18:46,037|0,0|0,0|100,0|995|125|870|18,04|3,46|1,43|0,00
2013-10-25 19:18:51,587|0,0|0,0|100,0|995|125|870|18,04|3,46|12,82|0,00
2013-10-25 19:18:57,114|0,0|0,0|100,0|995|125|870|18,04|3,46|3,30|0,00
2013-10-25 19:19:02,622|0,0|0,0|100,0|995|125|870|18,04|3,46|8,79|0,00
2013-10-25 19:19:08,191|0,0|0,0|100,0|995|125|870|18,04|3,46|2,65|0,00
2013-10-25 19:19:13,725|0,0|0,0|100,0|995|125|870|18,04|3,46|0,90|0,00
2013-10-25 19:19:19,246|0,0|0,0|100,0|995|125|870|18,03|3,46|1,63|0,00
2013-10-25 19:19:24,813|0,0|0,0|100,0|995|125|870|18,03|3,46|0,50|0,00
2013-10-25 19:19:30,299|0,0|0,0|100,0|995|125|870|18,03|3,46|3,61|0,00
2013-10-25 19:19:35,840|0,0|0,0|100,0|995|125|870|18,03|3,46|2,52|0,00
2013-10-25 19:19:41,328|0,0|0,0|100,0|995|125|870|18,03|3,46|1,54|0,00
2013-10-25 19:19:46,859|0,0|0,0|100,0|995|125|870|18,03|3,46|1,01|0,00
2013-10-25 19:19:52,281|0,0|0,0|100,0|995|125|870|18,03|3,46|0,73|0,00
2013-10-25 19:19:57,828|0,0|0,0|100,0|995|125|870|18,03|3,46|1,92|0,00
2013-10-25 19:20:03,359|0,0|0,0|100,0|995|125|870|18,03|3,46|0,74|0,00
2013-10-25 19:20:08,907|0,0|1,9|98,0|995|125|870|18,03|3,46|0,64|0,00
2013-10-25 19:20:14,461|0,0|0,0|100,0|995|125|870|18,03|3,46|1,08|0,00
2013-10-25 19:20:19,990|0,0|0,0|100,0|995|125|870|18,03|3,46|1,13|0,00
2013-10-25 19:20:25,566|0,0|0,0|100,0|995|125|870|18,03|3,46|0,71|0,00
2013-10-25 19:20:31,105|0,0|0,0|100,0|995|125|870|18,03|3,46|10,26|0,00
2013-10-25 19:20:36,619|0,0|0,0|100,0|995|125|870|18,03|3,46|2,58|0,04
2013-10-25 19:20:42,102|0,0|0,0|100,0|995|125|870|18,03|3,46|1,46|1,48
2013-10-25 19:20:47,623|0,0|0,0|100,0|995|125|869|18,03|3,46|0,70|0,00
2013-10-25 19:20:53,194|0,0|0,0|100,0|995|125|869|18,03|3,46|1,46|0,00
2013-10-25 19:20:58,730|0,0|0,0|100,0|995|125|869|18,03|3,46|0,98|0,00
2013-10-25 19:21:04,246|0,0|0,0|100,0|995|125|870|18,03|3,46|0,47|0,00
2013-10-25 19:21:09,823|0,0|0,0|100,0|995|125|869|18,03|3,46|0,83|0,00
2013-10-25 19:21:15,359|0,0|0,0|100,0|995|125|870|18,03|3,46|1,04|0,00
2013-10-25 19:21:20,912|1,9|0,0|98,0|995|125|869|18,03|3,46|0,97|0,00
2013-10-25 19:21:26,464|0,0|0,0|100,0|995|125|869|18,03|3,46|2,13|0,00
2013-10-25 19:21:31,993|0,0|0,0|100,0|995|125|870|18,03|3,46|1,10|0,00
2013-10-25 19:21:37,570|0,0|0,0|100,0|995|125|869|18,03|3,46|1,26|0,00
2013-10-25 19:21:43,111|0,0|0,0|100,0|995|125|869|18,03|3,46|2,13|0,00
2013-10-25 19:21:48,626|0,0|0,0|100,0|995|125|869|18,03|3,46|9,51|0,00
2013-10-25 19:21:54,198|0,0|0,0|100,0|995|125|869|18,03|3,46|0,85|0,00
2013-10-25 19:21:59,729|0,0|0,0|100,0|995|125|869|18,03|3,46|11,08|0,00
2013-10-25 19:22:05,246|0,0|0,0|100,0|995|125|869|18,03|3,46|1,92|0,00
2013-10-25 19:22:10,769|0,0|0,0|100,0|995|125|869|18,03|3,46|1,35|0,00
2013-10-25 19:22:16,189|0,0|0,0|100,0|995|125|869|18,03|3,46|1,60|0,00
2013-10-25 19:22:21,731|0,0|0,0|100,0|995|125|869|18,03|3,46|0,79|0,00
2013-10-25 19:22:27,253|0,0|0,0|100,0|995|125|869|18,03|3,46|1,71|0,00
2013-10-25 19:22:32,819|0,0|0,0|100,0|995|125|869|18,03|3,46|1,98|0,00
2013-10-25 19:22:38,361|0,0|0,0|100,0|995|125|869|18,03|3,46|1,76|0,00
2013-10-25 19:22:43,912|0,0|0,0|100,0|995|125|869|18,03|3,46|8,07|0,00
2013-10-25 19:22:49,468|0,0|0,0|100,0|995|125|869|18,03|3,46|1,23|0,00
2013-10-25 19:22:54,998|0,0|0,0|100,0|995|125|869|18,03|3,46|1,58|0,00
2013-10-25 19:23:00,572|0,0|0,0|100,0|995|125|869|18,03|3,46|3,99|0,00
2013-10-25 19:23:06,068|0,0|0,0|100,0|995|125|869|18,03|3,46|3,83|0,04
2013-10-25 19:23:11,607|0,0|0,0|100,0|995|125|869|18,03|3,46|4,32|0,00
2013-10-25 19:23:17,126|0,0|0,0|100,0|995|125|869|18,03|3,46|1,55|0,00
2013-10-25 19:23:22,696|0,0|0,0|100,0|995|125|869|18,03|3,46|1,43|0,00
2013-10-25 19:23:28,111|0,0|0,0|100,0|995|125|869|18,03|3,46|1,42|0,00
2013-10-25 19:23:33,630|0,0|0,0|100,0|995|125|869|18,03|3,46|1,76|0,00
2013-10-25 19:23:39,198|0,0|0,0|100,0|995|125|869|18,03|3,46|2,12|0,00
2013-10-25 19:23:44,738|0,0|0,0|100,0|995|125|869|18,03|3,46|0,94|0,00
2013-10-25 19:23:50,255|0,0|0,0|100,0|995|125|869|18,03|3,46|0,94|0,00
2013-10-25 19:23:55,830|0,0|0,0|100,0|995|125|869|18,03|3,46|1,05|0,00
2013-10-25 19:24:01,366|0,0|0,0|100,0|995|125|869|18,03|3,46|1,55|0,00
2013-10-25 19:24:06,925|0,0|0,0|100,0|995|125|869|18,03|3,46|2,38|0,00
2013-10-25 19:24:12,476|0,0|0,0|100,0|995|125|869|18,03|3,46|0,70|0,00
2013-10-25 19:24:18,001|0,0|0,0|100,0|995|125|869|18,03|3,46|4,04|0,00
2013-10-25 19:24:23,576|0,0|0,0|100,0|995|125|869|18,03|3,46|1,08|0,00
2013-10-25 19:24:29,115|0,0|0,0|100,0|995|126|869|18,03|3,46|2,09|0,00
2013-10-25 19:24:34,678|0,0|0,0|100,0|995|126|869|18,03|3,46|1,00|0,00
2013-10-25 19:24:40,226|0,0|1,9|98,0|995|122|873|18,03|3,46|1,53|0,00
2013-10-25 19:24:45,754|0,0|0,0|100,0|995|122|873|18,03|3,46|1,42|0,00
2013-10-25 19:24:51,330|0,0|0,0|100,0|995|122|873|18,03|3,46|0,88|0,00
2013-10-25 19:24:56,866|0,0|0,0|100,0|995|122|873|18,03|3,46|1,80|0,00
2013-10-25 19:25:02,382|0,0|0,0|100,0|995|122|873|18,03|3,46|1,65|0,00
2013-10-25 19:25:07,954|0,0|0,0|100,0|995|122|873|18,02|3,46|2,70|0,00
2013-10-25 19:25:13,490|0,0|0,0|100,0|995|122|873|18,02|3,46|0,96|0,00
2013-10-25 19:25:19,050|0,0|0,0|100,0|995|122|873|18,02|3,46|1,34|0,00
2013-10-25 19:25:24,600|0,0|0,0|100,0|995|122|873|18,02|3,46|0,88|0,00
2013-10-25 19:25:30,129|0,0|0,0|100,0|995|122|873|18,02|3,46|1,98|0,00
2013-10-25 19:25:35,702|0,0|0,0|100,0|995|122|873|18,02|3,46|1,94|0,00
2013-10-25 19:25:41,242|0,0|0,0|100,0|995|122|873|18,02|3,46|1,60|0,00
2013-10-25 19:25:46,763|0,0|0,0|100,0|995|122|873|18,02|3,46|0,70|0,00
2013-10-25 19:25:52,334|0,0|0,0|100,0|995|122|873|18,02|3,46|1,11|0,00
2013-10-25 19:25:57,870|0,0|0,0|100,0|995|122|873|18,02|3,46|5,30|0,00
2013-10-25 19:26:03,385|0,0|0,0|100,0|995|122|873|18,02|3,46|1,00|0,00
2013-10-25 19:26:08,962|0,0|0,0|100,0|995|122|873|18,02|3,46|1,77|0,00
2013-10-25 19:26:14,497|0,0|0,0|100,0|995|122|873|18,02|3,46|1,14|0,00
2013-10-25 19:26:20,052|0,0|0,0|100,0|995|122|873|18,02|3,46|0,97|0,00
2013-10-25 19:26:25,604|0,0|0,0|100,0|995|122|873|18,02|3,46|3,02|0,00
2013-10-25 19:26:31,138|0,0|0,0|100,0|995|122|873|18,02|3,46|2,39|0,00
2013-10-25 19:26:36,704|0,0|0,0|100,0|995|122|873|18,02|3,46|1,14|0,00
2013-10-25 19:26:42,243|0,0|0,0|100,0|995|122|873|18,02|3,46|2,75|0,00
2013-10-25 19:26:47,760|0,0|0,0|100,0|995|122|873|18,02|3,46|0,76|0,00
2013-10-25 19:26:53,246|0,0|0,0|100,0|995|122|873|18,02|3,46|1,61|0,00
2013-10-25 19:26:58,805|0,0|0,0|100,0|995|122|873|18,02|3,46|1,01|0,00
2013-10-25 19:27:04,356|0,0|0,0|100,0|995|122|873|18,02|3,46|0,55|0,00
2013-10-25 19:27:09,886|0,0|0,0|100,0|995|122|873|18,02|3,46|1,63|0,00
2013-10-25 19:27:15,462|0,0|0,0|100,0|995|122|873|18,02|3,46|0,94|0,00
2013-10-25 19:27:21,009|0,0|0,0|100,0|995|122|873|18,02|3,46|1,08|0,00
2013-10-25 19:27:26,582|0,0|0,0|100,0|995|122|873|18,02|3,46|0,64|0,00
2013-10-25 19:27:32,125|0,0|0,0|100,0|995|122|873|18,02|3,46|1,19|0,00
2013-10-25 19:27:37,677|0,0|0,0|100,0|995|122|873|18,02|3,46|1,09|0,00
2013-10-25 19:27:43,231|0,0|0,0|100,0|995|122|873|18,02|3,46|0,89|0,00
2013-10-25 19:27:48,754|0,0|0,0|100,0|995|122|873|18,02|3,46|1,03|0,00
2013-10-25 19:27:54,310|0,0|0,0|100,0|995|122|873|18,02|3,46|1,64|0,00
2013-10-25 19:27:59,854|0,0|0,0|100,0|995|122|873|18,02|3,46|1,31|0,00
2013-10-25 19:28:05,382|0,0|0,0|100,0|995|122|873|18,02|3,46|1,61|0,00
2013-10-25 19:28:10,893|0,0|0,0|100,0|995|122|873|18,02|3,46|1,07|0,00
2013-10-25 19:28:16,466|0,0|0,0|100,0|995|122|873|18,02|3,46|1,79|0,00
2013-10-25 19:28:22,000|0,0|0,0|100,0|995|122|873|18,02|3,46|1,46|0,00
2013-10-25 19:28:27,515|0,0|0,0|100,0|995|122|873|18,02|3,46|1,63|0,00
2013-10-25 19:28:33,096|0,0|0,0|100,0|995|122|873|18,02|3,46|1,86|0,00
2013-10-25 19:28:38,628|0,0|0,0|100,0|995|122|873|18,02|3,46|2,61|0,00
2013-10-25 19:28:44,142|0,0|0,0|100,0|995|122|873|18,02|3,46|1,07|0,00
2013-10-25 19:28:49,718|0,0|0,0|100,0|995|122|873|18,02|3,46|1,15|0,00
2013-10-25 19:28:55,249|0,0|0,0|100,0|995|122|872|18,02|3,46|2,14|0,00
2013-10-25 19:29:00,765|0,0|0,0|100,0|995|122|873|18,02|3,46|1,68|0,00
2013-10-25 19:29:06,343|0,0|0,0|100,0|995|122|873|18,02|3,46|2,10|0,00
2013-10-25 19:29:11,877|0,0|0,0|100,0|995|122|873|18,02|3,46|0,82|0,00
2013-10-25 19:29:17,393|0,0|0,0|100,0|995|122|872|18,02|3,46|1,26|0,00
2013-10-25 19:29:22,967|0,0|0,0|100,0|995|122|873|18,02|3,46|2,15|0,00
2013-10-25 19:29:28,501|0,0|0,0|100,0|995|122|873|18,02|3,46|2,43|0,00
2013-10-25 19:29:34,018|0,0|0,0|100,0|995|122|872|18,02|3,46|1,29|0,00
2013-10-25 19:29:39,594|0,0|0,0|100,0|995|122|872|18,02|3,46|0,91|0,00
2013-10-25 19:29:45,130|0,0|0,0|100,0|995|122|872|18,02|3,46|1,16|0,00
2013-10-25 19:29:50,646|0,0|0,0|100,0|995|122|873|18,02|3,46|1,35|0,00
2013-10-25 19:29:56,220|0,0|0,0|100,0|995|122|872|18,02|3,46|1,91|0,00
2013-10-25 19:30:01,753|0,0|0,0|100,0|995|122|872|18,02|3,46|0,98|0,00
2013-10-25 19:30:07,268|0,0|0,0|100,0|995|122|872|18,02|3,46|1,35|0,00
2013-10-25 19:30:12,846|0,0|0,0|100,0|995|122|873|18,02|3,46|1,92|0,00
2013-10-25 19:30:18,382|0,0|0,0|100,0|995|122|872|18,02|3,46|1,71|0,00
2013-10-25 19:30:23,940|0,0|0,0|100,0|995|122|873|18,02|3,46|1,05|0,00
2013-10-25 19:30:29,491|0,0|0,0|100,0|995|122|872|18,02|3,46|3,09|0,00
2013-10-25 19:30:35,013|0,0|0,0|100,0|995|122|872|18,02|3,46|1,38|0,00
2013-10-25 19:30:40,567|0,0|0,0|100,0|995|122|872|18,02|3,46|1,06|0,00
2013-10-25 19:30:46,116|0,0|0,0|100,0|995|122|872|18,02|3,46|0,70|0,00
2013-10-25 19:30:51,645|0,0|0,0|100,0|995|122|872|18,02|3,46|1,54|0,00
2013-10-25 19:30:57,223|0,0|0,0|100,0|995|122|872|18,01|3,46|2,33|0,00
2013-10-25 19:31:02,761|0,0|0,0|100,0|995|122|872|18,01|3,46|1,88|0,00
2013-10-25 19:31:08,314|0,0|0,0|100,0|995|122|872|18,01|3,46|2,18|0,00
2013-10-25 19:31:13,869|0,0|0,0|100,0|995|122|872|18,01|3,46|1,81|0,00
2013-10-25 19:31:19,395|0,0|0,0|100,0|995|122|872|18,01|3,46|15,86|0,00
2013-10-25 19:31:24,973|0,0|0,0|100,0|995|122|872|18,01|3,46|4,70|0,00
2013-10-25 19:31:30,509|0,0|0,0|100,0|995|122|872|18,01|3,46|1,63|0,00
2013-10-25 19:31:36,024|0,0|0,0|100,0|995|122|872|18,01|3,46|1,15|0,00
2013-10-25 19:31:41,602|0,0|0,0|100,0|995|122|872|18,01|3,46|2,53|0,00
2013-10-25 19:31:47,137|0,0|0,0|100,0|995|122|872|18,01|3,46|1,48|0,00
2013-10-25 19:31:52,642|0,0|0,0|100,0|995|122|872|18,01|3,46|2,05|0,00
2013-10-25 19:31:58,202|0,0|0,0|100,0|995|122|872|18,01|3,46|2,68|0,00
2013-10-25 19:32:03,742|0,0|0,0|100,0|995|122|872|18,01|3,46|1,70|0,00
2013-10-25 19:32:09,266|0,0|0,0|100,0|995|122|872|18,01|3,46|2,63|0,00
2013-10-25 19:32:14,822|0,0|0,0|100,0|995|122|872|18,01|3,46|11,44|0,00
2013-10-25 19:32:20,371|0,0|0,0|100,0|995|122|872|18,01|3,46|4,39|0,00
2013-10-25 19:32:25,901|0,0|0,0|100,0|995|122|872|18,01|3,46|2,19|0,00
2013-10-25 19:32:31,477|0,0|0,0|100,0|995|122|872|18,01|3,46|2,18|0,00
2013-10-25 19:32:37,014|0,0|0,0|100,0|995|122|872|18,01|3,46|1,42|0,00
2013-10-25 19:32:42,530|0,0|0,0|100,0|995|122|872|18,01|3,46|1,64|0,00
2013-10-25 19:32:48,089|0,0|0,0|100,0|995|122|872|18,01|3,46|1,23|0,00
2013-10-25 19:32:53,629|0,0|0,0|100,0|995|122|872|18,01|3,46|1,44|0,00
2013-10-25 19:32:59,151|0,0|0,0|100,0|995|122|872|18,01|3,46|1,50|0,00
2013-10-25 19:33:04,730|0,0|0,0|100,0|995|122|872|18,01|3,46|0,99|0,00
2013-10-25 19:33:10,266|0,0|0,0|100,0|995|123|872|18,01|3,46|2,67|0,00
2013-10-25 19:33:15,824|0,0|0,0|100,0|995|123|872|18,01|3,46|1,76|0,00
2013-10-25 19:33:21,375|0,0|0,0|100,0|995|123|872|18,01|3,46|1,33|0,00
2013-10-25 19:33:26,902|0,0|0,0|100,0|995|123|872|18,01|3,46|2,32|0,00
2013-10-25 19:33:32,475|0,0|0,0|100,0|995|123|872|18,01|3,46|1,37|0,00
2013-10-25 19:33:37,961|0,0|0,0|100,0|995|123|872|18,01|3,46|0,62|0,00
2013-10-25 19:33:43,509|0,0|0,0|100,0|995|123|872|18,01|3,46|2,54|0,00
2013-10-25 19:33:49,023|0,0|0,0|100,0|995|123|872|18,01|3,46|1,11|0,00
2013-10-25 19:33:54,577|0,0|0,0|100,0|995|123|872|18,01|3,46|1,23|0,00
2013-10-25 19:34:00,125|0,0|0,0|100,0|995|123|872|18,01|3,46|2,64|0,00
2013-10-25 19:34:05,650|0,0|0,0|100,0|995|123|872|18,01|3,46|0,64|0,00
2013-10-25 19:34:11,227|0,0|0,0|100,0|995|123|872|18,01|3,46|9,89|0,00
2013-10-25 19:34:16,770|0,0|0,0|100,0|995|123|872|18,01|3,46|1,85|0,00
2013-10-25 19:34:22,252|0,0|0,0|100,0|995|123|872|18,01|3,46|1,70|0,00
2013-10-25 19:34:27,849|0,0|0,0|100,0|995|123|872|18,01|3,46|1,18|0,00
2013-10-25 19:34:33,390|0,0|0,0|100,0|995|123|872|18,01|3,46|1,71|0,00
2013-10-25 19:34:38,971|0,0|0,0|100,0|995|123|872|18,01|3,46|0,88|0,00
2013-10-25 19:34:44,510|0,0|0,0|100,0|995|123|872|18,01|3,46|0,73|0,00
2013-10-25 19:34:50,033|0,0|0,0|100,0|995|123|872|18,01|3,46|0,52|0,00
2013-10-25 19:34:55,605|0,0|0,0|100,0|995|123|872|18,01|3,46|1,03|0,00
2013-10-25 19:35:01,142|0,0|2,0|98,0|995|123|872|18,01|3,46|13,47|0,00
2013-10-25 19:35:06,700|0,0|0,0|100,0|995|123|872|18,01|3,46|2,12|0,00
2013-10-25 19:35:12,248|0,0|0,0|100,0|995|123|872|18,01|3,46|1,70|0,00
2013-10-25 19:35:17,774|0,0|0,0|100,0|995|123|872|18,01|3,46|0,92|0,00
2013-10-25 19:35:23,329|0,0|0,0|100,0|995|123|872|18,01|3,46|0,88|0,00
2013-10-25 19:35:28,880|0,0|0,0|100,0|995|123|872|18,01|3,46|2,56|0,00
2013-10-25 19:35:34,368|0,0|0,0|100,0|995|123|872|18,01|3,46|6,36|0,00
2013-10-25 19:35:39,902|0,0|0,0|100,0|995|123|872|18,01|3,46|1,25|0,00
2013-10-25 19:35:45,451|0,0|0,0|100,0|995|123|872|18,01|3,46|1,16|0,00
2013-10-25 19:35:51,000|0,0|0,0|100,0|995|123|872|18,01|3,46|1,57|0,00
2013-10-25 19:35:56,531|0,0|0,0|100,0|995|123|872|18,01|3,46|0,41|0,00
2013-10-25 19:36:02,110|0,0|0,0|100,0|995|123|872|18,01|3,46|2,52|0,00
2013-10-25 19:36:07,647|0,0|0,0|100,0|995|123|872|18,01|3,46|1,33|0,00
2013-10-25 19:36:13,162|0,0|0,0|100,0|995|123|872|18,01|3,46|1,63|0,00
2013-10-25 19:36:18,740|0,0|0,0|100,0|995|123|872|18,01|3,46|2,26|0,00
2013-10-25 19:36:24,274|0,0|0,0|100,0|995|123|872|18,01|3,46|0,52|0,00
2013-10-25 19:36:29,828|0,0|0,0|100,0|995|123|872|18,01|3,46|0,93|0,00
2013-10-25 19:36:35,382|0,0|0,0|100,0|995|123|872|18,01|3,46|0,50|0,00
2013-10-25 19:36:40,910|0,0|0,0|100,0|995|123|872|18,01|3,46|2,50|0,00
2013-10-25 19:36:46,486|0,0|0,0|100,0|995|123|872|18,00|3,46|1,35|0,00
2013-10-25 19:36:52,021|0,0|0,0|100,0|995|123|872|18,00|3,46|0,65|0,00
2013-10-25 19:36:57,538|0,0|0,0|100,0|995|123|872|18,00|3,46|0,32|0,00
2013-10-25 19:37:03,110|0,0|0,0|100,0|995|123|872|18,00|3,46|1,70|0,00
2013-10-25 19:37:08,646|0,0|0,0|100,0|995|123|872|18,00|3,46|0,74|0,00
2013-10-25 19:37:14,122|0,0|0,0|100,0|995|123|872|18,00|3,46|1,31|0,00
2013-10-25 19:37:19,652|0,0|0,0|100,0|995|123|872|18,00|3,46|0,79|0,00
2013-10-25 19:37:25,145|0,0|0,0|100,0|995|123|872|18,00|3,46|0,90|0,00
2013-10-25 19:37:30,665|0,0|0,0|100,0|995|123|872|18,00|3,46|1,04|0,00
2013-10-25 19:37:36,147|0,0|0,0|100,0|995|123|872|18,00|3,46|0,98|0,00
2013-10-25 19:37:41,635|0,0|0,0|100,0|995|123|872|18,00|3,46|0,35|0,00
2013-10-25 19:37:47,161|0,0|0,0|100,0|995|123|872|18,00|3,46|1,83|0,00
2013-10-25 19:37:52,738|0,0|0,0|100,0|995|123|872|18,00|3,46|0,59|0,00
2013-10-25 19:37:58,274|0,0|1,9|98,0|995|123|872|18,00|3,46|1,13|0,00
2013-10-25 19:38:03,832|0,0|0,0|100,0|995|123|872|18,00|3,46|3,53|0,00
2013-10-25 19:38:09,384|0,0|0,0|100,0|995|123|872|18,00|3,46|1,11|0,00
2013-10-25 19:38:14,864|0,0|0,0|100,0|995|123|872|18,00|3,46|0,38|0,00
2013-10-25 19:38:20,398|0,0|0,0|100,0|995|123|872|18,00|3,46|0,52|0,00
2013-10-25 19:38:25,918|0,0|0,0|100,0|995|123|872|18,00|3,46|7,78|0,00
2013-10-25 19:38:31,492|0,0|0,0|100,0|995|123|872|18,00|3,46|2,05|0,00
2013-10-25 19:38:37,023|0,0|0,0|100,0|995|123|872|18,00|3,46|1,29|0,00
2013-10-25 19:38:42,541|0,0|0,0|100,0|995|123|872|18,00|3,46|0,47|0,00
2013-10-25 19:38:48,117|0,0|0,0|100,0|995|123|872|18,00|3,46|1,32|0,00
2013-10-25 19:38:53,615|0,0|0,0|100,0|995|123|872|18,00|3,46|0,97|0,00
2013-10-25 19:38:59,151|0,0|0,0|100,0|995|123|872|18,00|3,46|1,13|0,00
2013-10-25 19:39:04,662|0,0|0,0|100,0|995|123|872|18,00|3,46|1,10|0,00
2013-10-25 19:39:10,238|0,0|0,0|100,0|995|123|872|18,00|3,46|1,14|0,00
2013-10-25 19:39:15,779|0,0|0,0|100,0|995|123|872|18,00|3,46|0,53|0,00
2013-10-25 19:39:21,294|0,0|0,0|100,0|995|123|872|18,00|3,46|0,53|0,00
2013-10-25 19:39:26,805|0,0|0,0|100,0|995|123|872|18,00|3,46|0,76|0,00
2013-10-25 19:39:32,372|0,0|0,0|100,0|995|123|872|18,00|3,46|1,43|0,00
2013-10-25 19:39:37,906|0,0|0,0|100,0|995|123|872|18,00|3,46|1,81|0,00
2013-10-25 19:39:43,462|0,0|0,0|100,0|995|123|872|18,00|3,46|1,52|0,00
2013-10-25 19:39:49,003|0,0|0,0|100,0|995|123|872|18,00|3,46|1,03|0,00
2013-10-25 19:39:54,486|0,0|0,0|100,0|995|123|872|18,00|3,46|0,50|0,00
2013-10-25 19:40:00,028|0,0|0,0|100,0|995|123|872|18,00|3,46|1,10|0,00
2013-10-25 19:40:05,547|0,0|0,0|100,0|995|123|872|18,00|3,46|0,35|0,00
2013-10-25 19:40:11,122|0,0|0,0|100,0|995|123|872|18,00|3,46|0,38|0,00
2013-10-25 19:40:16,661|0,0|0,0|100,0|995|123|872|18,00|3,46|3,78|0,00
2013-10-25 19:40:22,138|0,0|0,0|100,0|995|123|872|18,00|3,46|3,02|0,00
2013-10-25 19:40:27,666|0,0|0,0|100,0|995|123|872|18,00|3,46|0,92|0,00
2013-10-25 19:40:33,235|0,0|0,0|100,0|995|123|872|18,00|3,46|2,24|0,00
2013-10-25 19:40:38,778|0,0|0,0|100,0|995|123|872|18,00|3,46|5,68|0,00
2013-10-25 19:40:44,300|0,0|0,0|100,0|995|123|872|18,00|3,46|9,55|0,00
2013-10-25 19:40:49,831|0,0|0,0|100,0|995|123|872|18,00|3,46|7,94|0,00
2013-10-25 19:40:55,382|0,0|0,0|100,0|995|123|872|18,00|3,46|1,18|0,00
2013-10-25 19:41:00,919|0,0|0,0|100,0|995|123|872|18,00|3,46|1,98|0,00
2013-10-25 19:41:06,495|0,0|0,0|100,0|995|123|871|18,00|3,46|0,32|0,00
2013-10-25 19:41:12,029|0,0|0,0|100,0|995|123|871|18,00|3,46|2,31|0,00
2013-10-25 19:41:17,517|0,0|0,0|100,0|995|123|871|18,00|3,46|2,12|0,00
2013-10-25 19:41:23,045|0,0|0,0|100,0|995|123|871|18,00|3,46|1,83|0,00
2013-10-25 19:41:28,530|1,9|0,0|98,0|995|123|871|18,00|3,46|1,43|0,00
2013-10-25 19:41:34,011|0,0|0,0|100,0|995|123|871|18,00|3,46|13,63|0,00
2013-10-25 19:41:39,542|0,0|0,0|100,0|995|123|871|18,00|3,46|0,41|0,00
2013-10-25 19:41:45,111|0,0|0,0|100,0|995|123|871|18,00|3,46|0,29|0,00
2013-10-25 19:41:50,650|0,0|0,0|100,0|995|123|871|18,00|3,46|0,29|0,00
2013-10-25 19:41:56,173|0,0|0,0|100,0|995|123|871|18,00|3,46|0,89|0,00
2013-10-25 19:42:01,750|0,0|0,0|100,0|995|123|871|18,00|3,46|5,28|0,00
2013-10-25 19:42:07,287|0,0|0,0|100,0|995|123|871|18,00|3,46|6,51|0,00
2013-10-25 19:42:12,846|0,0|0,0|100,0|995|123|871|18,00|3,46|4,29|0,04
2013-10-25 19:42:18,393|0,0|0,0|100,0|995|123|871|18,00|3,46|1,43|0,00
2013-10-25 19:42:23,919|0,0|0,0|100,0|995|123|871|18,00|3,46|0,79|0,00
2013-10-25 19:42:29,470|0,0|0,0|100,0|995|123|871|18,00|3,46|1,31|0,00
2013-10-25 19:42:35,015|0,0|0,0|100,0|995|123|871|17,99|3,46|0,62|0,00
2013-10-25 19:42:40,431|0,0|0,0|100,0|995|123|871|17,99|3,46|9,71|0,00
2013-10-25 19:42:46,002|0,0|0,0|100,0|995|123|871|17,99|3,46|0,62|0,00
2013-10-25 19:42:51,481|0,0|0,0|100,0|995|123|871|17,99|3,46|4,27|0,00
2013-10-25 19:42:57,030|0,0|0,0|100,0|995|123|871|17,99|3,46|0,63|0,00
2013-10-25 19:43:02,554|0,0|0,0|100,0|995|123|871|17,99|3,46|2,22|0,00
2013-10-25 19:43:08,125|0,0|0,0|100,0|995|123|871|17,99|3,46|4,53|0,04
2013-10-25 19:43:13,662|0,0|0,0|100,0|995|123|871|17,99|3,46|2,19|0,00
2013-10-25 19:43:19,179|0,0|0,0|100,0|995|123|871|17,99|3,46|1,32|0,00
2013-10-25 19:43:24,746|0,0|0,0|100,0|995|123|871|17,99|3,46|0,85|0,00
2013-10-25 19:43:30,287|0,0|0,0|100,0|995|123|871|17,99|3,46|6,96|0,00
2013-10-25 19:43:35,803|0,0|0,0|100,0|995|123|871|17,99|3,46|0,47|0,00
2013-10-25 19:43:41,379|0,0|0,0|100,0|995|123|871|17,99|3,46|0,35|0,00
2013-10-25 19:43:46,918|0,0|0,0|100,0|995|123|871|17,99|3,46|3,86|0,00
2013-10-25 19:43:52,476|0,0|0,0|100,0|995|124|871|17,99|3,46|0,88|0,00
2013-10-25 19:43:58,031|0,0|0,0|100,0|995|124|871|17,99|3,46|4,86|0,00
2013-10-25 19:44:03,550|0,0|0,0|100,0|995|124|871|17,99|3,46|13,89|0,04
2013-10-25 19:44:09,130|0,0|0,0|100,0|995|124|871|17,99|3,46|0,61|0,00
2013-10-25 19:44:14,667|0,0|0,0|100,0|995|124|871|17,99|3,46|2,47|0,00
2013-10-25 19:44:20,224|0,0|0,0|100,0|995|124|871|17,99|3,46|1,42|0,00
2013-10-25 19:44:25,778|0,0|0,0|100,0|995|124|871|17,99|3,46|0,68|0,00
2013-10-25 19:44:31,302|0,0|0,0|100,0|995|124|871|17,99|3,46|0,63|0,00
2013-10-25 19:44:36,876|0,0|0,0|100,0|995|124|871|17,99|3,46|0,49|0,00
2013-10-25 19:44:42,414|0,0|0,0|100,0|995|124|871|17,99|3,46|1,96|0,00
2013-10-25 19:44:47,932|0,0|0,0|100,0|995|124|871|17,99|3,46|0,99|0,00
2013-10-25 19:44:53,414|0,0|0,0|100,0|995|124|871|17,99|3,46|0,26|0,00
2013-10-25 19:44:58,899|0,0|0,0|100,0|995|124|871|17,99|3,46|0,55|0,00
2013-10-25 19:45:04,427|0,0|0,0|100,0|995|124|871|17,99|3,46|1,78|0,00
2013-10-25 19:45:10,002|0,0|0,0|100,0|995|124|871|17,99|3,46|0,68|0,00
2013-10-25 19:45:15,536|0,0|0,0|100,0|995|124|871|17,99|3,46|1,39|0,00
2013-10-25 19:45:21,058|0,0|0,0|100,0|995|124|871|17,99|3,46|0,41|0,00
2013-10-25 19:45:26,634|0,0|0,0|100,0|995|124|871|17,99|3,46|7,84|0,00
2013-10-25 19:45:32,170|0,0|0,0|100,0|995|124|871|17,99|3,46|0,50|0,00
2013-10-25 19:45:37,728|0,0|0,0|100,0|995|124|871|17,99|3,46|0,59|0,00
2013-10-25 19:45:43,278|0,0|0,0|100,0|995|124|871|17,99|3,46|2,19|0,00
2013-10-25 19:45:48,770|0,0|0,0|100,0|995|124|871|17,99|3,46|1,44|0,00
2013-10-25 19:45:54,298|0,0|0,0|100,0|995|124|871|17,99|3,46|2,19|0,00
2013-10-25 19:45:59,872|0,0|0,0|100,0|995|124|871|17,99|3,46|1,63|0,00
2013-10-25 19:46:05,413|0,0|0,0|100,0|995|124|871|17,99|3,46|1,95|0,00
2013-10-25 19:46:10,934|0,0|0,0|100,0|995|124|871|17,99|3,46|0,41|0,00
2013-10-25 19:46:16,506|0,0|0,0|100,0|995|124|871|17,99|3,46|0,94|0,00
2013-10-25 19:46:22,042|0,0|0,0|100,0|995|124|871|17,99|3,46|0,29|0,00
2013-10-25 19:46:27,562|0,0|0,0|100,0|995|124|871|17,99|3,46|0,29|0,00
2013-10-25 19:46:33,140|0,0|0,0|100,0|995|124|871|17,99|3,46|4,45|0,00
2013-10-25 19:46:38,674|0,0|0,0|100,0|995|124|871|17,99|3,46|2,42|0,00
2013-10-25 19:46:44,192|0,0|0,0|100,0|995|124|871|17,99|3,46|0,47|0,00
2013-10-25 19:46:49,766|0,0|0,0|100,0|995|124|871|17,99|3,46|8,48|0,00
2013-10-25 19:46:55,303|0,0|0,0|100,0|995|124|871|17,99|3,46|2,52|0,04
2013-10-25 19:47:00,882|0,0|0,0|100,0|995|124|871|17,99|3,46|1,03|0,00
2013-10-25 19:47:06,421|0,0|0,0|100,0|995|124|871|17,99|3,46|0,41|0,00
2013-10-25 19:47:11,943|0,0|0,0|100,0|995|124|871|17,99|3,46|0,64|0,00
2013-10-25 19:47:17,506|0,0|0,0|100,0|995|124|871|17,99|3,46|0,38|0,00
2013-10-25 19:47:22,990|0,0|0,0|100,0|995|124|871|17,99|3,46|1,59|0,00
2013-10-25 19:47:28,539|0,0|0,0|100,0|995|124|871|17,99|3,46|0,73|0,00
2013-10-25 19:47:34,066|0,0|0,0|100,0|995|124|871|17,99|3,46|7,94|0,00
2013-10-25 19:47:39,565|0,0|0,0|100,0|995|124|871|17,99|3,46|1,34|0,00
2013-10-25 19:47:45,141|0,0|0,0|100,0|995|124|871|17,99|3,46|1,37|0,00
2013-10-25 19:47:50,674|0,0|0,0|100,0|995|124|871|17,99|3,46|2,05|0,04
2013-10-25 19:47:56,192|0,0|0,0|100,0|995|124|871|17,99|3,46|0,71|0,00
2013-10-25 19:48:01,762|0,0|0,0|100,0|995|124|871|17,99|3,46|5,00|0,00
2013-10-25 19:48:07,301|0,0|0,0|100,0|995|124|871|17,99|3,46|1,56|0,00
2013-10-25 19:48:12,856|0,0|0,0|100,0|995|124|871|17,99|3,46|12,21|0,00
2013-10-25 19:48:18,409|0,0|0,0|100,0|995|124|871|17,99|3,46|2,71|0,00
2013-10-25 19:48:23,939|0,0|0,0|100,0|995|124|871|17,98|3,46|1,27|0,00
2013-10-25 19:48:29,514|0,0|0,0|100,0|995|124|871|17,98|3,46|0,56|0,00
2013-10-25 19:48:35,050|0,0|0,0|100,0|995|124|871|17,98|3,46|1,10|0,00
2013-10-25 19:48:40,565|0,0|0,0|100,0|995|124|871|17,98|3,46|0,59|0,00
2013-10-25 19:48:46,139|0,0|0,0|100,0|995|124|871|17,98|3,46|4,20|0,04
2013-10-25 19:48:51,674|0,0|0,0|100,0|995|124|871|17,98|3,46|3,39|0,00
2013-10-25 19:48:57,190|0,0|0,0|100,0|995|124|871|17,98|3,46|0,66|0,00
2013-10-25 19:49:02,767|0,0|0,0|100,0|995|124|871|17,98|3,46|0,29|0,00
2013-10-25 19:49:08,301|0,0|0,0|100,0|995|124|871|17,98|3,46|0,76|0,00
2013-10-25 19:49:13,856|0,0|0,0|100,0|995|124|871|17,98|3,46|2,19|0,00
2013-10-25 19:49:19,408|0,0|0,0|100,0|995|124|871|17,98|3,46|0,79|0,00
2013-10-25 19:49:24,933|0,0|0,0|100,0|995|124|871|17,98|3,46|1,49|0,00
2013-10-25 19:49:30,489|0,0|0,0|100,0|995|124|871|17,98|3,46|1,44|0,00
2013-10-25 19:49:36,042|0,0|0,0|100,0|995|124|871|17,98|3,47|2,60|0,00
2013-10-25 19:49:41,562|0,0|0,0|100,0|995|124|871|17,98|3,47|2,11|0,04
2013-10-25 19:49:47,116|0,0|0,0|100,0|995|124|871|17,98|3,47|0,71|0,00
2013-10-25 19:49:52,663|0,0|0,0|100,0|995|124|871|17,98|3,47|0,94|0,00
2013-10-25 19:49:58,185|0,0|0,0|100,0|995|124|871|17,98|3,47|0,67|0,00
2013-10-25 19:50:03,740|0,0|0,0|100,0|995|124|871|17,98|3,47|1,79|0,00
2013-10-25 19:50:09,277|0,0|0,0|100,0|995|124|871|17,98|3,47|1,15|0,00
2013-10-25 19:50:14,808|0,0|1,9|98,0|995|124|871|17,98|3,47|1,84|0,00
2013-10-25 19:50:20,321|0,0|0,0|100,0|995|124|871|17,98|3,47|0,93|0,00
2013-10-25 19:50:25,893|0,0|0,0|100,0|995|124|871|17,98|3,47|0,59|0,00
2013-10-25 19:50:31,429|0,0|0,0|100,0|995|124|871|17,98|3,47|0,63|0,00
2013-10-25 19:50:36,948|0,0|0,0|100,0|995|124|871|17,98|3,47|6,84|0,00
2013-10-25 19:50:42,523|0,0|0,0|100,0|995|124|871|17,98|3,47|1,17|0,00
2013-10-25 19:50:48,057|0,0|0,0|100,0|995|124|871|17,98|3,47|2,77|0,00
2013-10-25 19:50:53,574|0,0|0,0|100,0|995|124|871|17,98|3,47|1,49|0,00
2013-10-25 19:50:59,147|0,0|0,0|100,0|995|124|871|17,98|3,47|0,60|0,00
2013-10-25 19:51:04,682|0,0|0,0|100,0|995|124|871|17,98|3,47|1,69|0,00
2013-10-25 19:51:10,197|0,0|0,0|100,0|995|124|871|17,98|3,47|0,48|0,00
2013-10-25 19:51:15,769|0,0|0,0|100,0|995|124|871|17,98|3,47|1,67|0,00
2013-10-25 19:51:21,302|0,0|0,0|100,0|995|124|871|17,98|3,47|0,18|0,00
2013-10-25 19:51:26,822|0,0|0,0|100,0|995|124|871|17,98|3,47|0,83|0,00
2013-10-25 19:51:32,393|0,0|0,0|100,0|995|124|871|17,98|3,47|0,63|0,00
2013-10-25 19:51:37,942|0,0|0,0|100,0|995|124|871|17,98|3,47|0,63|0,00
2013-10-25 19:51:43,489|0,0|0,0|100,0|995|124|871|17,98|3,47|5,70|0,00
2013-10-25 19:51:49,042|0,0|0,0|100,0|995|124|871|17,98|3,47|1,57|0,00
2013-10-25 19:51:54,566|0,0|0,0|100,0|995|124|871|17,98|3,47|4,89|0,00
2013-10-25 19:52:00,122|0,0|0,0|100,0|995|124|870|17,98|3,47|1,18|0,00
2013-10-25 19:52:05,669|0,0|0,0|100,0|995|124|870|17,98|3,47|1,07|0,00
2013-10-25 19:52:11,196|0,0|0,0|100,0|995|124|870|17,98|3,47|0,63|0,00
2013-10-25 19:52:16,774|0,0|0,0|100,0|995|124|870|17,98|3,47|1,51|0,00
2013-10-25 19:52:22,313|0,0|0,0|100,0|995|124|870|17,98|3,47|0,63|0,00
2013-10-25 19:52:27,870|0,0|1,9|98,0|995|124|870|17,98|3,47|0,47|0,00
2013-10-25 19:52:33,423|0,0|0,0|100,0|995|124|870|17,98|3,47|1,45|0,00
2013-10-25 19:52:38,901|0,0|0,0|100,0|995|124|870|17,98|3,47|3,45|0,04
2013-10-25 19:52:44,441|0,0|0,0|100,0|995|124|870|17,98|3,47|0,18|0,00
2013-10-25 19:52:49,942|0,0|0,0|100,0|995|124|870|17,98|3,47|1,21|0,00
2013-10-25 19:52:55,496|0,0|0,0|100,0|995|124|870|17,98|3,47|0,50|0,00
2013-10-25 19:53:01,013|0,0|0,0|100,0|995|124|870|17,98|3,47|1,79|0,00
2013-10-25 19:53:06,558|0,0|0,0|100,0|995|124|870|17,98|3,47|0,29|0,00
2013-10-25 19:53:12,078|0,0|0,0|100,0|995|124|870|17,98|3,47|0,71|0,00
2013-10-25 19:53:17,652|0,0|0,0|100,0|995|124|870|17,98|3,47|1,69|0,00
2013-10-25 19:53:23,186|0,0|1,9|98,0|995|124|870|17,98|3,47|1,56|0,00
2013-10-25 19:53:28,746|0,0|0,0|100,0|995|124|870|17,98|3,47|0,61|0,00
2013-10-25 19:53:34,299|0,0|0,0|100,0|995|124|870|17,98|3,47|0,97|0,00
2013-10-25 19:53:39,825|0,0|0,0|100,0|995|124|870|17,98|3,47|1,45|0,00
2013-10-25 19:53:45,398|0,0|0,0|100,0|995|124|870|17,98|3,47|1,78|0,00
2013-10-25 19:53:50,937|0,0|0,0|100,0|995|124|870|17,98|3,47|0,75|0,00
2013-10-25 19:53:56,457|0,0|0,0|100,0|995|124|870|17,98|3,47|1,60|0,00
2013-10-25 19:54:02,032|0,0|0,0|100,0|995|124|870|17,98|3,47|1,42|0,00
2013-10-25 19:54:07,566|0,0|0,0|100,0|995|124|870|17,98|3,47|1,96|0,00
2013-10-25 19:54:13,117|0,0|0,0|100,0|995|124|870|17,97|3,47|1,03|0,00
2013-10-25 19:54:18,668|0,0|0,0|100,0|995|124|870|17,97|3,47|1,46|0,00
2013-10-25 19:54:24,192|0,0|0,0|100,0|995|124|870|17,97|3,47|0,59|0,00
2013-10-25 19:54:29,711|0,0|0,0|100,0|995|124|870|17,97|3,47|0,62|0,00
2013-10-25 19:54:35,280|0,0|0,0|100,0|995|124|870|17,97|3,47|2,03|0,00
2013-10-25 19:54:40,814|0,0|0,0|100,0|995|124|870|17,97|3,47|0,53|0,00
2013-10-25 19:54:46,296|0,0|0,0|100,0|995|124|870|17,97|3,47|3,98|0,00
2013-10-25 19:54:51,826|0,0|0,0|100,0|995|124|870|17,97|3,47|0,64|0,00
2013-10-25 19:54:57,381|0,0|0,0|100,0|995|124|870|17,97|3,47|0,47|0,00
2013-10-25 19:55:02,930|0,0|0,0|100,0|995|125|870|17,97|3,47|5,56|0,00
2013-10-25 19:55:08,455|0,0|0,0|100,0|995|124|870|17,97|3,47|2,65|0,00
2013-10-25 19:55:14,034|0,0|0,0|100,0|995|124|870|17,97|3,47|1,84|0,00
2013-10-25 19:55:19,568|0,0|0,0|100,0|995|125|870|17,97|3,47|0,71|0,00
2013-10-25 19:55:25,078|0,0|0,0|100,0|995|125|870|17,97|3,47|1,90|0,00
2013-10-25 19:55:30,654|0,0|0,0|100,0|995|125|870|17,97|3,47|3,43|0,04
2013-10-25 19:55:36,190|0,0|0,0|100,0|995|125|870|17,97|3,47|2,21|0,00
2013-10-25 19:55:41,710|0,0|0,0|100,0|995|125|870|17,97|3,47|1,04|0,00
2013-10-25 19:55:47,287|0,0|0,0|100,0|995|125|870|17,97|3,47|4,61|0,00
2013-10-25 19:55:52,823|0,0|0,0|100,0|995|125|870|17,97|3,47|0,56|0,00
2013-10-25 19:55:58,376|0,0|0,0|100,0|995|125|870|17,97|3,47|1,61|0,00
2013-10-25 19:56:03,930|0,0|0,0|100,0|995|125|870|17,97|3,47|1,41|0,00
2013-10-25 19:56:09,450|0,0|0,0|100,0|995|125|870|17,97|3,47|6,57|0,00
2013-10-25 19:56:15,035|0,0|0,0|100,0|995|125|870|17,97|3,47|1,91|0,00
2013-10-25 19:56:20,568|0,0|0,0|100,0|995|125|870|17,97|3,47|0,21|0,00
2013-10-25 19:56:26,042|0,0|0,0|100,0|995|125|870|17,97|3,47|1,76|0,00
2013-10-25 19:56:31,574|0,0|0,0|100,0|995|125|870|17,97|3,47|2,58|0,04
2013-10-25 19:56:37,121|0,0|0,0|100,0|995|125|870|17,97|3,47|0,56|0,00
2013-10-25 19:56:42,682|0,0|0,0|100,0|995|125|870|17,97|3,47|0,99|0,00
2013-10-25 19:56:48,207|0,0|0,0|100,0|995|125|870|17,97|3,47|2,23|0,00
2013-10-25 19:56:53,782|0,0|0,0|100,0|995|125|870|17,97|3,47|0,97|0,00
2013-10-25 19:56:59,321|0,0|0,0|100,0|995|125|870|17,97|3,47|1,04|0,00
2013-10-25 19:57:04,842|0,0|0,0|100,0|995|125|870|17,97|3,47|0,84|0,00
2013-10-25 19:57:10,349|0,0|0,0|100,0|995|125|870|17,97|3,47|0,80|0,00
2013-10-25 19:57:15,914|0,0|0,0|100,0|995|125|870|17,97|3,47|1,25|0,00
2013-10-25 19:57:21,445|0,0|0,0|100,0|995|125|870|17,97|3,47|0,15|0,00
2013-10-25 19:57:27,001|0,0|0,0|100,0|995|125|870|17,97|3,47|0,53|0,00
2013-10-25 19:57:32,556|0,0|0,0|100,0|995|125|870|17,97|3,47|0,50|0,00
2013-10-25 19:57:38,082|0,0|0,0|100,0|995|125|870|17,97|3,47|1,70|0,00
2013-10-25 19:57:43,636|0,0|0,0|100,0|995|125|870|17,97|3,47|0,73|0,00
2013-10-25 19:57:49,185|0,0|0,0|100,0|995|125|870|17,97|3,47|1,97|0,00
2013-10-25 19:57:54,713|0,0|0,0|100,0|995|125|870|17,97|3,47|0,23|0,00
2013-10-25 19:58:00,286|0,0|0,0|100,0|995|125|870|17,97|3,47|0,23|0,00
2013-10-25 19:58:05,822|0,0|0,0|100,0|995|125|870|17,97|3,47|1,94|0,00
2013-10-25 19:58:11,310|0,0|0,0|100,0|995|125|870|17,97|3,47|0,81|0,00
2013-10-25 19:58:16,838|0,0|0,0|100,0|995|125|870|17,97|3,47|3,61|0,00
2013-10-25 19:58:22,354|0,0|0,0|100,0|995|125|870|17,97|3,47|0,73|0,00
2013-10-25 19:58:27,918|0,0|0,0|100,0|995|125|870|17,97|3,47|1,46|0,00
2013-10-25 19:58:33,455|0,0|0,0|100,0|995|125|870|17,97|3,47|0,99|0,00
2013-10-25 19:58:38,924|0,0|0,0|100,0|995|125|870|17,97|3,47|1,42|0,00
2013-10-25 19:58:44,453|0,0|0,0|100,0|995|125|870|17,97|3,47|0,48|0,00
2013-10-25 19:58:50,009|0,0|0,0|100,0|995|125|870|17,97|3,47|0,96|0,00
2013-10-25 19:58:55,560|0,0|0,0|100,0|995|125|870|17,97|3,47|0,55|0,00
2013-10-25 19:59:01,047|0,0|0,0|100,0|995|125|870|17,97|3,47|1,38|0,00
2013-10-25 19:59:06,532|0,0|0,0|100,0|995|125|870|17,97|3,47|0,60|0,00
2013-10-25 19:59:12,064|0,0|0,0|100,0|995|125|870|17,97|3,47|1,19|0,00
2013-10-25 19:59:17,557|0,0|0,0|100,0|995|125|870|17,97|3,47|9,02|0,00
2013-10-25 19:59:23,087|0,0|0,0|100,0|995|125|870|17,97|3,47|0,43|0,00
2013-10-25 19:59:28,641|0,0|0,0|100,0|995|125|870|17,97|3,47|0,44|0,00
2013-10-25 19:59:34,188|0,0|0,0|100,0|995|125|870|17,97|3,47|1,62|0,00
2013-10-25 19:59:39,713|0,0|0,0|100,0|995|125|870|17,97|3,47|1,63|0,00
2013-10-25 19:59:45,265|0,0|0,0|100,0|995|125|870|17,97|3,47|0,15|0,00
2013-10-25 19:59:50,812|0,0|0,0|100,0|995|125|870|17,97|3,47|0,54|0,00
2013-10-25 19:59:56,338|0,0|0,0|100,0|995|125|870|17,97|3,47|2,57|0,00
2013-10-25 20:00:01,919|0,0|0,0|100,0|995|125|870|17,96|3,47|1,75|0,00
2013-10-25 20:00:07,454|0,0|0,0|100,0|995|125|870|17,96|3,47|0,23|0,00
2013-10-25 20:00:13,013|0,0|0,0|100,0|995|125|870|17,96|3,47|0,95|0,00
2013-10-25 20:00:18,564|0,0|0,0|100,0|995|125|870|17,96|3,47|3,60|0,00
2013-10-25 20:00:24,091|0,0|0,0|100,0|995|125|870|17,96|3,47|0,75|0,00
2013-10-25 20:00:29,666|0,0|0,0|100,0|995|125|870|17,96|3,47|0,74|0,00
2013-10-25 20:00:35,202|0,0|0,0|100,0|995|125|870|17,96|3,47|0,57|0,00
2013-10-25 20:00:40,723|0,0|0,0|100,0|995|125|870|17,96|3,47|1,63|0,00
2013-10-25 20:00:46,298|0,0|0,0|100,0|995|125|870|17,96|3,47|0,18|0,00
2013-10-25 20:00:51,835|0,0|0,0|100,0|995|125|870|17,96|3,47|0,12|0,00
2013-10-25 20:00:57,386|0,0|0,0|100,0|995|125|870|17,96|3,47|0,78|0,00
2013-10-25 20:01:02,943|0,0|0,0|100,0|995|125|870|17,96|3,47|0,23|0,00
2013-10-25 20:01:08,469|0,0|0,0|100,0|995|125|870|17,96|3,47|0,51|0,00
2013-10-25 20:01:14,044|0,0|0,0|100,0|995|125|870|17,96|3,47|0,77|0,00
2013-10-25 20:01:19,577|0,0|1,9|98,0|995|125|870|17,96|3,47|4,06|0,00
2013-10-25 20:01:25,088|0,0|0,0|100,0|995|125|870|17,96|3,47|0,47|0,00
2013-10-25 20:01:30,560|0,0|0,0|100,0|995|125|870|17,96|3,47|0,83|0,00
2013-10-25 20:01:36,079|0,0|0,0|100,0|995|125|870|17,96|3,47|1,62|0,00
2013-10-25 20:01:41,566|0,0|0,0|100,0|995|125|870|17,96|3,47|0,29|0,00
2013-10-25 20:01:47,095|0,0|0,0|100,0|995|125|870|17,96|3,47|0,42|0,00
2013-10-25 20:01:52,671|0,0|0,0|100,0|995|125|870|17,96|3,47|0,68|0,00
2013-10-25 20:01:58,206|0,0|0,0|100,0|995|125|870|17,96|3,47|0,26|0,00
2013-10-25 20:02:03,681|0,0|0,0|100,0|995|125|870|17,96|3,47|0,71|0,00
2013-10-25 20:02:09,214|0,0|0,0|100,0|995|125|870|17,96|3,47|1,02|0,00
2013-10-25 20:02:14,691|0,0|0,0|100,0|995|125|870|17,96|3,47|0,76|0,00
2013-10-25 20:02:20,218|0,0|0,0|100,0|995|125|870|17,96|3,47|2,71|0,00
2013-10-25 20:02:25,774|0,0|0,0|100,0|995|125|870|17,96|3,47|0,88|0,00
2013-10-25 20:02:31,323|0,0|0,0|100,0|995|125|870|17,96|3,47|0,52|0,00
2013-10-25 20:02:36,898|0,0|0,0|100,0|995|125|870|17,96|3,47|1,97|0,00
2013-10-25 20:02:42,390|0,0|0,0|100,0|995|125|870|17,96|3,47|0,53|0,00
2013-10-25 20:02:47,944|0,0|0,0|100,0|995|125|870|17,96|3,47|2,39|0,00
2013-10-25 20:02:53,470|0,0|0,0|100,0|995|125|869|17,96|3,47|1,05|0,00
2013-10-25 20:02:58,979|0,0|0,0|100,0|995|125|869|17,96|3,47|0,18|0,00
2013-10-25 20:03:04,466|0,0|0,0|100,0|995|125|869|17,96|3,47|0,75|0,00
2013-10-25 20:03:10,020|0,0|0,0|100,0|995|125|869|17,96|3,47|11,16|0,00
2013-10-25 20:03:15,572|0,0|0,0|100,0|995|125|869|17,96|3,47|0,12|0,00
2013-10-25 20:03:21,101|0,0|0,0|100,0|995|125|869|17,96|3,47|1,40|0,00
2013-10-25 20:03:26,676|0,0|0,0|100,0|995|125|869|17,96|3,47|0,06|0,00
2013-10-25 20:03:32,210|0,0|0,0|100,0|995|125|869|17,96|3,47|1,17|0,00
2013-10-25 20:03:37,731|0,0|0,0|100,0|995|125|869|17,96|3,47|0,71|0,00
2013-10-25 20:03:43,304|0,0|0,0|100,0|995|125|869|17,96|3,47|0,72|0,00
2013-10-25 20:03:48,842|0,0|0,0|100,0|995|125|869|17,96|3,47|3,33|0,00
2013-10-25 20:03:54,400|0,0|0,0|100,0|995|125|869|17,96|3,47|1,14|0,00
2013-10-25 20:03:59,948|0,0|0,0|100,0|995|125|869|17,96|3,47|0,18|0,00
2013-10-25 20:04:05,474|0,0|0,0|100,0|995|125|869|17,96|3,47|0,75|0,00
2013-10-25 20:04:10,983|0,0|0,0|100,0|995|125|869|17,96|3,47|3,33|0,00
2013-10-25 20:04:16,401|0,0|0,0|100,0|995|125|869|17,96|3,47|0,44|0,00
2013-10-25 20:04:21,909|0,0|0,0|100,0|995|125|869|17,96|3,47|0,12|0,00
2013-10-25 20:04:27,393|0,0|0,0|100,0|995|125|869|17,96|3,47|9,20|0,00
2013-10-25 20:04:32,949|0,0|0,0|100,0|995|125|869|17,96|3,47|1,63|0,00
2013-10-25 20:04:38,473|0,0|0,0|100,0|995|125|869|17,96|3,47|0,67|0,00
2013-10-25 20:04:44,029|0,0|0,0|100,0|995|125|869|17,96|3,47|1,26|0,00
2013-10-25 20:04:49,573|0,0|0,0|100,0|995|125|869|17,96|3,47|2,11|0,00
2013-10-25 20:04:55,102|0,0|0,0|100,0|995|125|869|17,96|3,47|0,06|0,00
2013-10-25 20:05:00,678|0,0|1,9|98,0|995|125|869|17,96|3,47|0,41|0,00
2013-10-25 20:05:06,217|0,0|0,0|100,0|995|125|869|17,96|3,47|0,53|0,00
2013-10-25 20:05:11,728|0,0|0,0|100,0|995|125|869|17,96|3,47|2,23|0,00
2013-10-25 20:05:17,210|0,0|0,0|100,0|995|125|869|17,96|3,47|4,77|0,00
2013-10-25 20:05:22,697|0,0|0,0|100,0|995|125|869|17,96|3,47|0,23|0,00
2013-10-25 20:05:28,120|0,0|0,0|100,0|995|126|869|17,96|3,47|0,98|0,00
2013-10-25 20:05:33,686|0,0|0,0|100,0|995|126|869|17,96|3,47|0,62|0,00
2013-10-25 20:05:39,170|0,0|0,0|100,0|995|126|869|17,96|3,47|1,00|0,00
2013-10-25 20:05:44,710|0,0|0,0|100,0|995|126|869|17,96|3,47|0,83|0,00
2013-10-25 20:05:50,196|0,0|0,0|100,0|995|126|869|17,96|3,47|1,19|0,00
2013-10-25 20:05:55,724|0,0|0,0|100,0|995|126|869|17,95|3,47|0,92|0,00
2013-10-25 20:06:01,204|0,0|0,0|100,0|995|125|869|17,95|3,47|0,41|0,00
2013-10-25 20:06:06,688|0,0|0,0|100,0|995|126|869|17,95|3,47|3,05|0,04
