MV1===========================================
2013-10-26 23:11:56,857|0,0|0,0|100,0|995|363|631|23,24|4,00|3,65|0,00
2013-10-26 23:12:02,395|0,0|0,0|100,0|995|363|631|23,24|4,00|0,18|0,00
2013-10-26 23:12:07,914|0,0|0,0|100,0|995|363|631|23,24|4,00|0,37|0,15
2013-10-26 23:12:13,426|0,0|0,0|100,0|995|362|633|23,24|4,00|0,06|0,00
2013-10-26 23:12:18,995|0,0|0,0|100,0|995|362|633|23,24|4,00|0,06|0,00
2013-10-26 23:12:24,527|0,0|0,0|100,0|995|362|633|23,24|4,00|0,29|0,00
2013-10-26 23:12:30,047|0,0|0,0|100,0|995|362|633|23,24|4,00|2,93|0,00
2013-10-26 23:12:35,556|0,0|0,0|100,0|995|362|633|23,24|4,00|0,23|0,00
2013-10-26 23:12:41,124|0,0|0,0|100,0|995|362|633|23,24|4,00|0,18|0,00
2013-10-26 23:12:46,659|0,0|0,0|100,0|995|362|633|23,24|4,00|0,41|0,00
2013-10-26 23:12:52,243|0,0|0,0|100,0|995|362|633|23,24|4,00|0,23|0,00
2013-10-26 23:12:57,780|0,0|0,0|100,0|995|362|633|23,24|4,00|0,23|0,00
2013-10-26 23:13:03,367|0,0|0,0|100,0|995|362|633|23,24|4,00|0,06|0,00
2013-10-26 23:13:08,903|0,0|0,0|100,0|995|362|633|23,24|4,00|1,31|0,00
2013-10-26 23:13:14,419|0,0|0,0|100,0|995|362|633|23,24|4,00|11,19|316,48
2013-10-26 23:13:20,005|6,1|4,0|89,7|995|362|633|23,24|4,00|6,59|311,69
2013-10-26 23:13:25,535|4,0|6,1|89,7|995|362|633|23,24|4,00|0,44|0,00
2013-10-26 23:13:31,048|1,9|0,0|98,0|995|362|633|23,24|4,00|0,06|0,00
2013-10-26 23:13:36,637|0,0|0,0|100,0|995|362|633|23,24|4,00|4,78|4,85
2013-10-26 23:13:42,215|2,0|0,0|97,9|995|364|631|23,24|4,00|7,81|311,82
2013-10-26 23:13:47,792|1,9|3,8|92,3|995|363|631|23,24|4,00|4,85|310,17
2013-10-26 23:13:53,385|2,0|0,0|98,0|995|362|633|23,24|4,00|0,06|0,00
2013-10-26 23:13:59,023|0,0|0,0|100,0|995|362|633|23,24|4,00|5,14|5,21
2013-10-26 23:14:04,677|0,0|0,0|100,0|995|363|632|23,24|4,00|9,58|316,66
2013-10-26 23:14:10,231|5,8|3,9|90,1|995|362|632|23,24|4,00|7,66|311,56
2013-10-26 23:14:15,777|7,8|5,8|86,2|995|362|632|23,24|4,00|0,72|0,00
2013-10-26 23:14:21,334|0,0|0,0|100,0|995|362|632|23,24|4,00|0,18|0,00
2013-10-26 23:14:26,932|1,9|0,0|98,0|995|362|632|23,24|4,00|9,78|6,96
2013-10-26 23:14:32,475|4,0|6,0|90,0|995|362|632|23,24|4,00|6,59|311,56
2013-10-26 23:14:38,030|2,0|2,0|95,9|995|363|631|23,24|4,00|5,05|312,08
2013-10-26 23:14:43,552|8,0|0,0|92,0|995|362|632|23,24|4,00|0,12|0,00
2013-10-26 23:14:49,132|0,0|1,9|98,0|995|362|632|23,24|4,00|4,73|5,98
2013-10-26 23:14:54,672|0,0|0,0|100,0|995|362|632|23,24|4,00|7,13|5,86
2013-10-26 23:15:00,230|2,0|2,0|96,0|995|363|631|23,24|4,00|7,75|315,05
2013-10-26 23:15:05,786|2,0|6,1|91,8|995|362|632|23,24|4,00|6,95|311,69
2013-10-26 23:15:11,303|3,9|9,8|84,3|995|362|632|23,24|4,00|0,29|0,00
2013-10-26 23:15:16,860|0,0|0,0|100,0|995|362|632|23,24|4,00|4,73|6,14
2013-10-26 23:15:22,410|0,0|0,0|100,0|995|362|632|23,24|4,00|6,45|6,53
2013-10-26 23:15:27,971|2,0|0,0|97,9|995|363|631|23,24|4,00|9,98|316,22
2013-10-26 23:15:33,527|5,8|5,8|88,2|995|362|632|23,24|4,00|6,46|311,24
2013-10-26 23:15:39,050|8,0|4,0|86,0|995|362|632|23,24|4,00|0,88|0,00
2013-10-26 23:15:44,563|5,8|0,0|72,5|995|363|631|23,24|4,00|0,52|0,14
2013-10-26 23:15:50,331|94,0|6,0|0,0|995|538|457|23,47|4,00|4,60|6,65
2013-10-26 23:15:56,279|94,0|6,0|0,0|995|712|283|23,71|4,00|9,89|311,53
2013-10-26 23:16:02,232|96,0|4,0|0,0|995|816|179|23,85|4,00|1,95|1,46
2013-10-26 23:16:08,111|92,0|8,0|0,0|995|924|71|24,00|4,00|11,99|316,53
2013-10-26 23:16:14,778|94,0|6,0|0,0|995|914|80|24,14|4,00|4,14|2,65
2013-10-26 23:16:20,692|96,0|4,0|0,0|995|915|79|24,29|4,00|11,10|317,82
2013-10-26 23:16:26,551|93,8|6,1|0,0|995|917|78|24,45|4,00|10,13|310,49
2013-10-26 23:16:32,361|91,8|8,1|0,0|995|914|80|24,60|4,00|0,44|0,00
2013-10-26 23:16:38,243|98,0|2,0|0,0|995|924|71|24,68|4,00|4,54|7,16
2013-10-26 23:16:44,070|8,1|4,0|87,7|995|911|84|24,68|4,00|12,29|319,06
2013-10-26 23:16:49,783|68,0|32,0|0,0|995|916|78|24,76|4,00|4,69|309,61
2013-10-26 23:16:56,311|66,6|33,3|0,0|995|915|80|24,84|4,00|3,55|0,14
2013-10-26 23:17:02,549|66,6|33,3|0,0|995|918|77|24,88|4,00|11,47|318,42
2013-10-26 23:17:08,691|90,1|9,8|0,0|995|918|76|24,93|4,00|4,75|309,43
2013-10-26 23:17:14,463|100,0|0,0|0,0|995|919|76|24,98|4,00|0,12|0,06
2013-10-26 23:17:20,311|100,0|0,0|0,0|995|915|80|25,04|4,00|4,83|7,72
2013-10-26 23:17:26,178|92,0|8,0|0,0|995|926|68|25,11|4,00|10,26|310,82
2013-10-26 23:17:31,939|90,3|7,6|0,0|995|915|80|25,17|4,00|4,67|310,45
2013-10-26 23:17:37,694|96,0|4,0|0,0|995|915|79|25,17|4,00|0,47|0,06
2013-10-26 23:17:43,484|96,0|4,0|0,0|995|917|78|25,17|4,00|5,08|8,49
2013-10-26 23:17:49,599|62,0|38,0|0,0|995|919|76|25,17|4,00|7,90|317,34
2013-10-26 23:17:55,775|64,7|35,2|0,0|995|934|61|25,17|4,00|3,20|0,00
2013-10-26 23:18:01,996|98,0|1,9|0,0|995|923|71|25,19|4,00|11,14|319,18
2013-10-26 23:18:07,798|90,0|10,0|0,0|995|915|79|25,22|4,00|5,05|310,45
2013-10-26 23:18:13,603|92,0|8,0|0,0|995|916|79|25,25|4,00|0,25|0,00
2013-10-26 23:18:19,451|94,1|5,8|0,0|995|916|79|25,29|4,00|4,54|8,44
2013-10-26 23:18:25,262|95,9|4,0|0,0|995|917|78|25,32|4,00|4,66|8,52
2013-10-26 23:18:31,063|96,0|4,0|0,0|995|917|78|25,36|4,00|10,81|319,19
2013-10-26 23:18:36,824|90,0|10,0|0,0|995|918|77|25,39|4,00|11,79|310,69
2013-10-26 23:18:42,610|86,2|11,7|0,0|995|919|76|25,45|4,00|0,06|0,00
2013-10-26 23:18:48,515|51,0|48,9|0,0|995|916|78|25,49|4,00|6,98|4,17
2013-10-26 23:18:54,778|52,0|48,0|0,0|995|919|76|25,52|4,00|14,28|322,29
2013-10-26 23:19:00,975|93,8|6,1|0,0|995|914|80|25,55|4,00|6,67|310,81
2013-10-26 23:19:06,964|100,0|0,0|0,0|995|922|73|25,62|4,00|0,00|0,00
2013-10-26 23:19:12,980|96,0|4,0|0,0|995|930|65|25,68|4,00|5,69|13,35
2013-10-26 23:19:18,808|96,0|4,0|0,0|995|916|79|25,75|4,00|12,04|324,03
2013-10-26 23:19:24,680|92,0|8,0|0,0|995|916|79|25,82|4,00|6,34|310,69
2013-10-26 23:19:30,510|94,0|6,0|0,0|995|927|67|25,88|4,00|4,76|309,87
2013-10-26 23:19:36,396|88,2|11,7|0,0|995|933|61|25,94|4,00|0,41|0,00
2013-10-26 23:19:42,204|96,0|4,0|0,0|995|923|71|25,99|4,00|0,06|0,00
2013-10-26 23:19:48,035|94,0|6,0|0,0|995|925|69|26,03|4,00|4,78|9,47
2013-10-26 23:19:53,868|97,9|2,0|0,0|995|937|58|26,06|4,00|9,30|11,64
2013-10-26 23:19:59,832|92,0|8,0|0,0|995|932|62|26,10|4,00|6,82|311,30
2013-10-26 23:20:05,679|90,0|10,0|0,0|995|925|70|26,17|4,00|4,91|310,57
2013-10-26 23:20:11,583|92,0|8,0|0,0|995|922|73|26,18|4,00|0,12|0,00
2013-10-26 23:20:17,402|53,0|46,9|0,0|995|919|76|26,21|4,00|0,06|0,00
2013-10-26 23:20:23,643|52,0|48,0|0,0|995|921|74|26,23|4,00|6,73|11,52
2013-10-26 23:20:29,955|50,9|49,0|0,0|995|914|81|26,25|4,00|6,85|311,98
2013-10-26 23:20:36,215|52,0|48,0|0,0|995|923|72|26,28|4,00|0,12|0,00
2013-10-26 23:20:42,451|42,0|57,9|0,0|995|920|74|26,30|4,00|4,54|10,11
2013-10-26 23:20:48,669|48,0|52,0|0,0|995|927|68|26,31|4,00|6,47|310,76
2013-10-26 23:20:54,810|53,0|46,9|0,0|995|917|78|26,35|4,00|0,18|0,00
2013-10-26 23:21:00,943|52,0|48,0|0,0|995|913|81|26,36|4,00|4,66|10,43
2013-10-26 23:21:07,156|54,0|46,0|0,0|995|913|82|26,36|4,00|12,90|320,14
2013-10-26 23:21:13,370|49,0|50,9|0,0|995|922|73|26,37|4,00|0,06|0,00
2013-10-26 23:21:19,539|52,0|48,0|0,0|995|917|77|26,40|4,00|2,58|0,00
2013-10-26 23:21:25,747|48,9|51,0|0,0|995|908|87|26,41|4,00|8,13|13,20
2013-10-26 23:21:31,900|52,0|48,0|0,0|995|916|79|26,42|4,00|6,46|310,82
2013-10-26 23:21:38,003|48,0|52,0|0,0|995|917|77|26,43|4,00|0,12|0,00
2013-10-26 23:21:44,163|48,0|52,0|0,0|995|918|76|26,43|4,00|5,57|10,83
2013-10-26 23:21:50,387|49,0|50,9|0,0|995|919|76|26,43|4,00|6,58|311,20
2013-10-26 23:21:56,528|54,9|45,0|0,0|995|919|76|26,42|4,00|3,38|0,00
2013-10-26 23:22:02,695|52,9|47,0|0,0|995|920|75|26,43|4,00|0,41|0,00
2013-10-26 23:22:08,896|50,0|50,0|0,0|995|920|75|26,42|4,00|4,73|11,12
2013-10-26 23:22:15,083|50,0|50,0|0,0|995|921|73|26,42|4,00|9,53|320,67
2013-10-26 23:22:21,215|53,0|46,9|0,0|995|921|73|26,42|4,00|0,63|5,13
2013-10-26 23:22:27,351|47,0|52,9|0,0|995|921|74|26,42|4,00|1,40|0,00
2013-10-26 23:22:33,537|50,0|50,0|0,0|995|920|74|26,42|4,00|4,86|11,40
2013-10-26 23:22:39,730|46,0|52,0|0,0|995|923|72|26,42|4,00|6,58|311,79
2013-10-26 23:22:45,847|52,0|48,0|0,0|995|870|125|26,42|4,00|0,50|0,00
2013-10-26 23:22:51,959|48,0|52,0|0,0|995|871|123|26,42|4,00|0,12|0,00
2013-10-26 23:22:58,258|46,9|53,0|0,0|995|870|124|26,42|4,00|14,59|322,60
2013-10-26 23:23:04,370|52,0|48,0|0,0|995|870|125|26,42|4,00|7,87|315,95
2013-10-26 23:23:10,467|54,0|46,0|0,0|995|874|121|26,42|4,00|1,72|0,54
2013-10-26 23:23:16,583|52,0|48,0|0,0|995|880|114|26,42|4,00|3,85|2,59
2013-10-26 23:23:22,791|48,9|51,0|0,0|995|880|115|26,42|4,01|12,99|329,96
2013-10-26 23:23:28,910|52,9|47,0|0,0|995|879|115|26,42|4,01|14,29|322,63
2013-10-26 23:23:35,021|48,0|52,0|0,0|995|878|117|26,42|4,01|4,77|12,14
2013-10-26 23:23:41,173|50,0|50,0|0,0|995|878|117|26,42|4,01|5,89|2,63
2013-10-26 23:23:47,339|54,0|46,0|0,0|995|877|117|26,42|4,01|5,24|12,28
2013-10-26 23:23:53,590|52,0|48,0|0,0|995|877|117|26,42|4,01|0,06|0,00
2013-10-26 23:23:59,806|50,0|50,0|0,0|995|876|119|26,42|4,01|0,12|0,00
2013-10-26 23:24:05,935|52,9|47,0|0,0|995|875|119|26,42|4,01|0,12|0,00
2013-10-26 23:24:12,127|51,0|48,9|0,0|995|874|120|26,42|4,01|1,67|0,30
2013-10-26 23:24:18,342|52,0|48,0|0,0|995|874|121|26,42|4,01|4,66|12,64
2013-10-26 23:24:24,495|48,0|52,0|0,0|995|875|120|26,42|4,01|9,40|323,37
2013-10-26 23:24:30,610|50,0|50,0|0,0|995|873|122|26,42|4,01|6,82|310,88
2013-10-26 23:24:36,746|50,0|50,0|0,0|995|872|122|26,42|4,01|8,67|311,08
2013-10-26 23:24:42,880|54,0|46,0|0,0|995|873|122|26,42|4,01|8,11|311,01
2013-10-26 23:24:49,014|56,0|44,0|0,0|995|871|124|26,42|4,01|10,94|323,97
2013-10-26 23:24:55,118|46,9|53,0|0,0|995|871|124|26,42|4,01|6,46|310,82
2013-10-26 23:25:01,290|54,0|46,0|0,0|995|872|123|26,42|4,01|3,23|308,29
2013-10-26 23:25:07,418|50,0|48,0|0,0|995|870|125|26,42|4,01|2,22|0,00
2013-10-26 23:25:13,563|49,0|50,9|0,0|995|869|125|26,42|4,01|0,06|0,00
2013-10-26 23:25:19,753|52,0|48,0|0,0|995|869|126|26,42|4,01|4,72|13,39
2013-10-26 23:25:25,924|48,0|52,0|0,0|995|868|127|26,42|4,01|4,67|13,45
2013-10-26 23:25:32,195|48,0|52,0|0,0|995|868|127|26,42|4,01|11,73|324,29
2013-10-26 23:25:38,392|54,0|46,0|0,0|995|867|127|26,42|4,01|7,16|311,78
2013-10-26 23:25:44,531|52,0|48,0|0,0|995|867|127|26,42|4,01|4,51|309,42
2013-10-26 23:25:50,664|52,0|48,0|0,0|995|866|129|26,42|4,01|0,06|0,00
2013-10-26 23:25:56,815|48,9|51,0|0,0|995|866|129|26,42|4,01|3,50|0,00
2013-10-26 23:26:03,027|48,0|52,0|0,0|995|865|129|26,42|4,01|0,49|0,00
2013-10-26 23:26:09,247|50,9|49,0|0,0|995|865|130|26,42|4,01|4,60|14,03
2013-10-26 23:26:15,434|50,9|49,0|0,0|995|864|130|26,42|4,01|8,35|16,63
2013-10-26 23:26:21,592|54,0|46,0|0,0|995|865|129|26,42|4,01|6,93|321,88
2013-10-26 23:26:27,738|54,0|46,0|0,0|995|863|131|26,42|4,01|7,51|325,82
2013-10-26 23:26:33,871|60,0|40,0|0,0|995|863|132|26,42|4,01|8,41|311,17
2013-10-26 23:26:40,007|51,0|48,9|0,0|995|862|133|26,42|4,01|0,00|0,00
2013-10-26 23:26:46,135|50,9|49,0|0,0|995|862|133|26,42|4,01|0,47|0,00
2013-10-26 23:26:52,311|51,0|48,9|0,0|995|861|134|26,42|4,01|0,23|0,00
2013-10-26 23:26:58,503|54,0|46,0|0,0|995|861|134|26,42|4,01|0,65|0,14
2013-10-26 23:27:04,703|54,0|46,0|0,0|995|860|135|26,41|4,01|4,13|3,00
2013-10-26 23:27:10,862|52,9|47,0|0,0|995|859|135|26,41|4,01|5,33|14,76
2013-10-26 23:27:17,103|54,0|46,0|0,0|995|859|136|26,41|4,01|6,31|16,23
2013-10-26 23:27:23,378|48,0|52,0|0,0|995|858|137|26,41|4,01|14,53|325,42
2013-10-26 23:27:29,475|52,9|47,0|0,0|995|858|137|26,41|4,01|9,81|310,82
2013-10-26 23:27:35,578|52,9|47,0|0,0|995|858|137|26,41|4,01|4,69|309,30
2013-10-26 23:27:41,702|48,0|52,0|0,0|995|856|139|26,41|4,01|0,94|0,00
2013-10-26 23:27:47,802|50,0|50,0|0,0|995|855|140|26,41|4,01|0,61|0,00
2013-10-26 23:27:53,983|52,0|48,0|0,0|995|854|140|26,41|4,01|0,23|0,00
2013-10-26 23:28:00,159|52,0|48,0|0,0|995|853|141|26,41|4,01|2,95|0,00
2013-10-26 23:28:06,331|50,0|50,0|0,0|995|853|142|26,41|4,01|0,29|0,00
2013-10-26 23:28:12,635|52,0|48,0|0,0|995|852|143|26,41|4,01|4,55|15,56
2013-10-26 23:28:18,815|52,0|48,0|0,0|995|851|143|26,41|4,01|4,66|15,62
2013-10-26 23:28:24,983|48,0|52,0|0,0|995|850|144|26,41|4,01|4,61|15,64
2013-10-26 23:28:31,215|52,0|48,0|0,0|995|850|145|26,41|4,01|6,27|16,02
2013-10-26 23:28:37,362|48,0|52,0|0,0|995|849|146|26,41|4,01|13,58|326,40
2013-10-26 23:28:43,478|50,9|49,0|0,0|995|848|147|26,41|4,01|11,26|326,77
2013-10-26 23:28:49,590|52,0|48,0|0,0|995|848|147|26,41|4,01|9,50|325,36
2013-10-26 23:28:55,771|50,0|50,0|0,0|995|846|148|26,41|4,01|6,78|310,96
2013-10-26 23:29:01,883|48,9|51,0|0,0|995|845|149|26,41|4,01|6,71|310,89
2013-10-26 23:29:08,019|52,0|48,0|0,0|995|845|150|26,41|4,01|6,52|310,82
2013-10-26 23:29:14,123|52,0|48,0|0,0|995|844|151|26,41|4,01|7,82|310,76
2013-10-26 23:29:20,240|54,0|46,0|0,0|995|844|151|26,41|4,01|6,40|310,76
2013-10-26 23:29:26,376|50,0|50,0|0,0|995|844|151|26,41|4,01|9,93|310,95
2013-10-26 23:29:32,507|50,0|50,0|0,0|995|844|151|26,41|4,01|6,71|311,02
2013-10-26 23:29:38,695|52,9|47,0|0,0|995|844|151|26,41|4,01|6,72|310,88
2013-10-26 23:29:44,880|48,9|51,0|0,0|995|843|152|26,41|4,01|7,24|311,02
2013-10-26 23:29:51,035|50,0|50,0|0,0|995|843|152|26,41|4,01|0,12|0,00
2013-10-26 23:29:57,146|50,9|47,0|0,0|995|842|153|26,41|4,01|4,50|0,00
2013-10-26 23:30:03,264|52,9|47,0|0,0|995|841|154|26,41|4,01|0,12|0,00
2013-10-26 23:30:09,410|52,0|48,0|0,0|995|841|154|26,41|4,01|0,29|0,00
2013-10-26 23:30:15,579|52,0|48,0|0,0|995|840|155|26,41|4,01|0,46|0,00
2013-10-26 23:30:21,739|97,9|2,0|0,0|995|839|156|26,41|4,01|0,29|0,00
2013-10-26 23:30:27,634|96,0|4,0|0,0|995|840|155|26,41|4,01|0,12|0,00
2013-10-26 23:30:33,391|98,0|2,0|0,0|995|839|156|26,41|4,01|0,35|0,00
2013-10-26 23:30:39,152|98,0|2,0|0,0|995|838|156|26,41|4,01|4,75|309,36
2013-10-26 23:30:44,970|97,9|2,0|0,0|995|836|159|26,41|4,01|7,05|310,95
2013-10-26 23:30:50,772|100,0|0,0|0,0|995|836|159|26,41|4,01|9,42|326,96
2013-10-26 23:30:56,543|100,0|0,0|0,0|995|834|161|26,41|4,01|11,07|328,43
2013-10-26 23:31:02,303|100,0|0,0|0,0|995|832|163|26,41|4,01|4,73|17,60
2013-10-26 23:31:08,165|100,0|0,0|0,0|995|832|162|26,41|4,01|6,40|17,62
2013-10-26 23:31:13,982|100,0|0,0|0,0|995|833|162|26,41|4,01|5,78|13,08
2013-10-26 23:31:19,758|100,0|0,0|0,0|995|833|162|26,41|4,01|0,18|0,00
2013-10-26 23:31:25,619|100,0|0,0|0,0|995|833|162|26,41|4,01|0,35|0,00
2013-10-26 23:31:31,396|100,0|0,0|0,0|995|835|160|26,41|4,01|0,18|0,00
2013-10-26 23:31:37,204|98,0|2,0|0,0|995|835|160|26,41|4,01|0,23|0,00
2013-10-26 23:31:42,959|97,9|2,0|0,0|995|837|157|26,40|4,01|5,69|310,52
2013-10-26 23:31:48,772|98,0|2,0|0,0|995|837|157|26,40|4,01|7,22|311,01
2013-10-26 23:31:54,525|100,0|0,0|0,0|995|837|158|26,40|4,01|11,19|329,08
2013-10-26 23:32:00,275|100,0|0,0|0,0|995|839|156|26,40|4,01|9,97|19,67
2013-10-26 23:32:06,067|100,0|0,0|0,0|995|839|155|26,40|4,01|4,72|18,36
2013-10-26 23:32:11,909|100,0|0,0|0,0|995|839|156|26,40|4,01|5,13|18,43
2013-10-26 23:32:17,679|100,0|0,0|0,0|995|840|155|26,40|4,01|0,18|0,00
2013-10-26 23:32:23,487|100,0|0,0|0,0|995|839|155|26,40|4,01|4,81|1,54
2013-10-26 23:32:29,342|96,0|4,0|0,0|995|841|154|26,40|4,01|0,23|0,00
2013-10-26 23:32:35,140|94,0|6,0|0,0|995|841|153|26,40|4,01|1,35|0,65
2013-10-26 23:32:40,914|94,0|6,0|0,0|995|842|153|26,40|4,01|6,96|311,07
2013-10-26 23:32:46,682|100,0|0,0|0,0|995|842|152|26,40|4,01|12,80|340,86
2013-10-26 23:32:52,474|100,0|0,0|0,0|995|842|152|26,40|4,01|6,55|20,39
2013-10-26 23:32:58,254|100,0|0,0|0,0|995|846|149|26,40|4,01|5,02|19,02
2013-10-26 23:33:04,110|100,0|0,0|0,0|995|849|146|26,40|4,01|0,23|0,00
2013-10-26 23:33:09,984|100,0|0,0|0,0|995|850|145|26,40|4,01|0,35|0,00
2013-10-26 23:33:15,838|98,0|1,9|0,0|995|849|145|26,40|4,01|0,06|0,00
2013-10-26 23:33:21,631|96,0|4,0|0,0|995|858|136|26,40|4,01|0,41|0,00
2013-10-26 23:33:27,398|96,0|4,0|0,0|995|857|137|26,40|4,01|9,86|310,88
2013-10-26 23:33:33,166|96,0|4,0|0,0|995|920|75|26,48|4,01|11,14|330,47
2013-10-26 23:33:39,025|96,0|4,0|0,0|995|905|89|26,56|4,01|9,82|19,69
2013-10-26 23:33:44,944|96,0|3,9|0,0|995|915|80|26,61|4,01|0,52|0,00
2013-10-26 23:33:50,795|96,0|4,0|0,0|995|929|66|26,70|4,01|0,06|0,00
2013-10-26 23:33:56,556|94,1|5,8|0,0|995|920|75|26,76|4,01|0,29|0,00
2013-10-26 23:34:02,327|88,0|12,0|0,0|995|925|70|26,83|4,01|6,60|310,88
2013-10-26 23:34:08,135|98,0|2,0|0,0|995|916|79|26,91|4,01|11,64|331,24
2013-10-26 23:34:13,908|94,0|6,0|0,0|995|934|60|27,01|4,01|5,58|20,12
2013-10-26 23:34:19,822|98,0|2,0|0,0|995|914|80|27,10|4,01|0,38|0,00
2013-10-26 23:34:25,763|98,0|2,0|0,0|995|913|82|27,11|4,01|0,18|0,13
2013-10-26 23:34:31,612|91,8|4,0|0,0|995|922|73|27,17|4,01|7,35|309,92
2013-10-26 23:34:37,487|90,1|7,8|0,0|995|932|62|27,26|4,01|6,54|311,20
2013-10-26 23:34:43,358|0,0|0,0|100,0|995|916|78|27,36|4,01|5,49|20,46
2013-10-26 23:34:48,976|0,0|0,0|100,0|995|915|80|27,36|4,01|0,06|0,00
2013-10-26 23:34:54,579|8,0|6,0|86,0|995|914|81|27,36|4,01|0,12|0,00
2013-10-26 23:35:00,100|0,0|0,0|92,0|995|914|81|27,36|4,01|11,07|331,54
2013-10-26 23:35:05,681|0,0|0,0|100,0|995|914|81|27,36|4,01|0,12|0,00
2013-10-26 23:35:11,254|4,0|2,0|94,0|995|911|84|27,36|4,01|0,53|0,00
2013-10-26 23:35:16,839|4,0|6,0|90,0|995|911|84|27,35|4,01|6,89|311,00
2013-10-26 23:35:22,348|0,0|0,0|100,0|995|911|84|27,35|4,01|5,03|20,91
2013-10-26 23:35:27,896|1,9|0,0|98,0|995|910|85|27,35|4,01|3,20|0,00
2013-10-26 23:35:33,447|2,0|6,1|91,8|995|910|85|27,35|4,01|6,59|311,04
2013-10-26 23:35:38,973|0,0|0,0|100,0|995|910|85|27,35|4,01|4,86|21,18
2013-10-26 23:35:44,571|0,0|0,0|100,0|995|909|85|27,35|4,01|0,18|0,00
2013-10-26 23:35:50,184|4,0|6,1|89,7|995|909|85|27,35|4,01|0,61|0,00
2013-10-26 23:35:55,717|0,0|0,0|100,0|995|909|86|27,35|4,01|11,20|332,32
2013-10-26 23:36:01,277|0,0|0,0|100,0|995|909|85|27,35|4,01|3,49|0,06
2013-10-26 23:36:06,868|6,1|2,0|91,8|995|909|85|27,35|4,01|4,51|0,00
2013-10-26 23:36:12,460|3,9|7,8|88,2|995|909|85|27,35|4,01|6,83|28,76
2013-10-26 23:36:17,981|0,0|0,0|100,0|995|909|86|27,35|4,01|4,86|21,68
2013-10-26 23:36:23,554|1,9|0,0|98,0|995|909|85|27,35|4,01|0,78|0,00
2013-10-26 23:36:29,088|2,0|6,0|92,0|995|909|85|27,35|4,01|4,90|28,83
2013-10-26 23:36:34,603|0,0|0,0|100,0|995|909|85|27,35|4,01|5,23|21,96
2013-10-26 23:36:40,212|0,0|0,0|100,0|995|909|85|27,35|4,01|0,00|0,00
2013-10-26 23:36:45,791|4,1|4,1|91,6|995|909|85|27,35|4,01|0,51|0,00
2013-10-26 23:36:51,336|0,0|0,0|100,0|995|909|85|27,35|4,01|9,64|50,94
2013-10-26 23:36:56,860|0,0|0,0|100,0|995|909|85|27,35|4,01|0,23|0,00
2013-10-26 23:37:02,485|1,9|0,0|98,0|995|909|85|27,35|4,02|0,30|0,00
2013-10-26 23:37:08,081|6,1|4,0|89,7|995|909|85|27,35|4,02|4,72|28,83
2013-10-26 23:37:13,604|0,0|0,0|100,0|995|909|85|27,35|4,02|5,38|22,46
2013-10-26 23:37:19,205|0,0|0,0|100,0|995|909|85|27,35|4,02|0,12|0,00
2013-10-26 23:37:24,799|4,0|6,0|90,0|995|909|85|27,35|4,02|0,06|0,00
2013-10-26 23:37:30,340|0,0|0,0|100,0|995|909|85|27,35|4,02|9,64|51,44
2013-10-26 23:37:35,858|0,0|0,0|100,0|995|909|85|27,35|4,02|0,23|0,00
2013-10-26 23:37:41,484|2,0|6,0|92,0|995|909|85|27,35|4,02|0,18|0,06
2013-10-26 23:37:47,143|6,0|6,0|88,0|995|909|85|27,35|4,02|5,19|28,83
2013-10-26 23:37:52,701|0,0|0,0|100,0|995|909|85|27,35|4,02|4,80|22,90
2013-10-26 23:37:58,264|2,0|0,0|98,0|995|909|85|27,35|4,02|0,29|0,00
2013-10-26 23:38:03,824|6,0|6,0|88,0|995|909|85|27,35|4,02|5,03|28,76
2013-10-26 23:38:09,352|0,0|0,0|100,0|995|909|85|27,35|4,02|4,80|23,11
2013-10-26 23:38:14,901|2,0|0,0|98,0|995|909|85|27,35|4,02|7,08|0,00
2013-10-26 23:38:20,449|3,9|5,8|90,1|995|909|85|27,35|4,02|5,39|28,89
2013-10-26 23:38:25,976|0,0|0,0|100,0|995|909|85|27,35|4,02|4,67|23,38
2013-10-26 23:38:31,494|0,0|0,0|100,0|995|910|85|27,35|4,02|0,81|0,00
2013-10-26 23:38:37,083|4,0|4,0|91,8|995|910|85|27,35|4,02|4,97|28,76
2013-10-26 23:38:42,608|0,0|0,0|100,0|995|910|85|27,35|4,02|6,76|23,58
2013-10-26 23:38:48,193|0,0|0,0|100,0|995|910|85|27,35|4,02|0,12|0,00
2013-10-26 23:38:53,732|6,1|2,0|91,8|995|910|85|27,35|4,02|4,90|28,83
2013-10-26 23:38:59,309|0,0|0,0|100,0|995|910|85|27,35|4,02|4,96|23,82
2013-10-26 23:39:04,856|0,0|0,0|100,0|995|909|85|27,35|4,02|0,18|0,00
2013-10-26 23:39:10,413|0,0|2,0|98,0|995|911|84|27,35|4,02|3,58|28,59
2013-10-26 23:39:15,965|0,0|0,0|100,0|995|910|85|27,35|4,02|5,20|23,97
2013-10-26 23:39:21,522|0,0|0,0|100,0|995|910|85|27,35|4,02|0,18|0,00
2013-10-26 23:39:27,108|4,0|4,0|91,8|995|910|85|27,35|4,02|4,91|28,76
2013-10-26 23:39:32,687|0,0|0,0|100,0|995|910|85|27,35|4,02|7,68|24,24
2013-10-26 23:39:38,260|0,0|0,0|100,0|995|910|85|27,35|4,02|0,30|0,00
2013-10-26 23:39:43,820|4,0|8,0|88,0|995|910|85|27,34|4,02|5,08|28,76
2013-10-26 23:39:49,348|0,0|0,0|100,0|995|910|85|27,34|4,02|2,02|1,39
2013-10-26 23:39:54,895|4,0|4,0|92,0|995|910|85|27,34|4,02|0,12|0,00
2013-10-26 23:40:00,545|2,0|0,0|97,9|995|911|84|27,34|4,02|6,37|50,74
2013-10-26 23:40:06,118|0,0|0,0|100,0|995|910|85|27,34|4,02|0,53|0,00
2013-10-26 23:40:11,736|2,0|2,0|96,0|995|910|85|27,34|4,02|2,75|0,00
2013-10-26 23:40:17,360|1,9|1,9|96,0|995|911|84|27,34|4,02|7,56|52,19
2013-10-26 23:40:22,941|0,0|0,0|100,0|995|910|85|27,34|4,02|0,35|0,00
2013-10-26 23:40:28,558|10,0|2,0|88,0|995|910|85|27,34|4,02|0,12|0,00
2013-10-26 23:40:34,188|0,0|0,0|100,0|995|910|85|27,34|4,02|9,62|53,85
2013-10-26 23:40:39,728|0,0|0,0|100,0|995|910|85|27,34|4,02|0,12|0,00
2013-10-26 23:40:45,290|6,1|4,0|89,7|995|910|85|27,34|4,02|0,51|0,00
2013-10-26 23:40:50,834|0,0|0,0|100,0|995|910|85|27,34|4,02|6,94|26,69
2013-10-26 23:40:56,428|0,0|0,0|100,0|995|910|85|27,34|4,02|0,23|0,00
2013-10-26 23:41:02,039|0,0|0,0|100,0|995|910|85|27,34|4,02|0,92|0,00
2013-10-26 23:41:07,586|0,0|0,0|100,0|995|910|85|27,34|4,02|0,23|0,00
2013-10-26 23:41:13,111|0,0|0,0|100,0|995|910|85|27,34|4,02|0,95|0,00
MV2===========================================
2013-10-26 23:12:13,446|0,0|0,0|100,0|995|350|644|17,02|4,20|0,12|0,00
2013-10-26 23:12:18,972|0,0|0,0|100,0|995|350|644|17,02|4,20|0,31|0,04
2013-10-26 23:12:24,523|0,0|0,0|100,0|995|349|646|17,02|4,20|0,29|0,00
2013-10-26 23:12:30,069|0,0|0,0|100,0|995|349|646|17,02|4,20|0,12|0,00
2013-10-26 23:12:35,567|0,0|0,0|100,0|995|349|646|17,02|4,20|0,06|0,00
2013-10-26 23:12:41,086|0,0|0,0|100,0|995|349|646|17,02|4,20|0,12|0,00
2013-10-26 23:12:46,601|0,0|1,9|98,0|995|349|646|17,02|4,20|0,41|0,00
2013-10-26 23:12:52,169|0,0|0,0|100,0|995|349|646|17,02|4,20|0,23|0,00
2013-10-26 23:12:57,706|0,0|0,0|100,0|995|349|646|17,02|4,20|0,29|0,00
2013-10-26 23:13:03,224|0,0|0,0|100,0|995|349|646|17,02|4,20|0,06|0,00
2013-10-26 23:13:08,719|0,0|0,0|100,0|995|349|646|17,02|4,20|0,82|0,00
2013-10-26 23:13:14,191|0,0|0,0|100,0|995|349|646|17,02|4,20|10,20|183,42
2013-10-26 23:13:19,719|6,0|4,0|90,0|995|349|646|17,01|4,20|5,54|178,98
2013-10-26 23:13:25,272|4,0|6,1|89,7|995|349|646|17,01|4,20|3,65|0,00
2013-10-26 23:13:30,839|2,0|0,0|98,0|995|349|646|17,01|4,20|0,06|0,00
2013-10-26 23:13:36,427|0,0|0,0|100,0|995|349|646|17,01|4,20|9,01|4,63
2013-10-26 23:13:41,995|2,0|0,0|98,0|995|350|645|17,01|4,20|9,31|183,25
2013-10-26 23:13:47,543|6,0|6,0|88,0|995|350|645|17,01|4,20|4,67|177,70
2013-10-26 23:13:53,081|2,0|0,0|98,0|995|349|646|17,01|4,20|0,06|0,00
2013-10-26 23:13:58,663|0,0|0,0|100,0|995|349|646|17,01|4,20|5,14|4,93
2013-10-26 23:14:04,286|0,0|0,0|100,0|995|349|646|17,01|4,20|10,52|184,02
2013-10-26 23:14:09,873|6,1|4,0|89,7|995|349|646|17,01|4,20|6,79|179,10
2013-10-26 23:14:15,455|6,0|4,0|88,0|995|349|646|17,01|4,20|0,40|0,00
2013-10-26 23:14:21,034|1,9|1,9|96,0|995|349|646|17,01|4,20|0,23|0,00
2013-10-26 23:14:26,640|0,0|0,0|100,0|995|349|646|17,01|4,20|9,66|6,74
2013-10-26 23:14:32,220|2,0|0,0|98,0|995|350|644|17,01|4,20|8,54|184,29
2013-10-26 23:14:37,760|4,0|6,1|89,7|995|350|644|17,01|4,20|3,76|177,46
2013-10-26 23:14:43,307|0,0|4,0|96,0|995|349|646|17,01|4,20|0,12|0,00
2013-10-26 23:14:48,880|1,9|0,0|98,0|995|349|645|17,01|4,20|4,67|5,57
2013-10-26 23:14:54,465|0,0|0,0|100,0|995|349|645|17,01|4,20|9,04|7,17
2013-10-26 23:15:00,013|2,0|0,0|98,0|995|350|644|17,01|4,20|8,93|184,46
2013-10-26 23:15:05,566|4,0|6,0|90,0|995|350|645|17,01|4,20|4,32|177,58
2013-10-26 23:15:11,104|2,0|4,0|93,8|995|349|645|17,01|4,20|0,23|0,00
2013-10-26 23:15:16,613|0,0|0,0|100,0|995|349|645|17,01|4,20|4,73|5,95
2013-10-26 23:15:22,213|0,0|0,0|100,0|995|349|645|17,01|4,20|6,73|7,46
2013-10-26 23:15:27,761|0,0|0,0|98,0|995|350|644|17,01|4,20|8,62|183,61
2013-10-26 23:15:33,327|6,0|4,0|90,0|995|349|645|17,01|4,20|5,78|179,09
2013-10-26 23:15:38,867|6,1|4,0|89,7|995|349|645|17,01|4,20|0,82|0,00
2013-10-26 23:15:44,450|32,0|54,0|14,0|995|350|645|17,01|4,20|0,37|0,48
2013-10-26 23:15:50,231|36,0|64,0|0,0|995|350|645|17,01|4,20|8,13|8,95
2013-10-26 23:15:56,007|34,6|65,3|0,0|995|350|645|17,01|4,20|8,80|178,60
2013-10-26 23:16:01,781|0,0|0,0|100,0|995|349|645|17,01|4,20|0,12|0,00
2013-10-26 23:16:07,454|0,0|0,0|100,0|995|349|645|17,01|4,20|8,44|6,65
2013-10-26 23:16:13,009|0,0|0,0|100,0|995|349|645|17,01|4,20|10,20|185,37
2013-10-26 23:16:18,481|2,0|0,0|97,9|995|350|644|17,01|4,20|8,59|184,39
2013-10-26 23:16:24,039|6,0|6,0|88,0|995|350|645|17,01|4,20|2,10|176,25
2013-10-26 23:16:29,610|8,0|4,0|88,0|995|349|645|17,01|4,20|0,24|0,00
2013-10-26 23:16:35,190|2,0|0,0|98,0|995|349|645|17,01|4,20|0,44|0,00
2013-10-26 23:16:40,817|0,0|0,0|100,0|995|349|645|17,01|4,20|4,67|7,08
2013-10-26 23:16:46,428|0,0|0,0|100,0|995|349|645|17,01|4,20|7,73|9,44
2013-10-26 23:16:51,990|29,4|70,5|0,0|995|350|645|17,01|4,20|10,34|186,58
2013-10-26 23:16:57,662|40,8|59,1|0,0|995|350|645|17,01|4,20|13,59|186,09
2013-10-26 23:17:03,403|40,0|60,0|0,0|995|351|644|17,01|4,20|4,01|177,47
2013-10-26 23:17:09,129|0,0|0,0|100,0|995|350|645|17,01|4,20|0,94|0,00
2013-10-26 23:17:14,705|0,0|0,0|100,0|995|350|645|17,01|4,20|5,01|7,54
2013-10-26 23:17:20,233|0,0|0,0|100,0|995|350|645|17,01|4,20|6,84|9,05
2013-10-26 23:17:25,816|0,0|0,0|100,0|995|350|645|17,01|4,20|14,01|186,82
2013-10-26 23:17:31,357|4,0|0,0|96,0|995|351|644|17,01|4,20|8,45|185,47
2013-10-26 23:17:36,916|6,0|6,0|88,0|995|350|645|17,01|4,20|6,01|178,97
2013-10-26 23:17:42,462|8,0|4,0|88,0|995|350|645|17,01|4,20|0,18|0,00
2013-10-26 23:17:47,984|42,0|57,9|0,0|995|350|645|17,01|4,20|0,20|0,14
2013-10-26 23:17:53,802|34,0|66,0|0,0|995|350|645|17,01|4,21|4,60|8,09
2013-10-26 23:17:59,660|40,0|60,0|0,0|995|351|644|17,01|4,21|6,67|184,39
2013-10-26 23:18:05,438|6,0|6,0|88,0|995|350|645|17,01|4,21|0,35|0,00
2013-10-26 23:18:10,977|2,0|0,0|98,0|995|350|645|17,01|4,21|0,23|0,00
2013-10-26 23:18:16,559|2,0|0,0|98,0|995|350|645|17,01|4,21|0,06|0,00
2013-10-26 23:18:22,150|0,0|0,0|100,0|995|350|645|17,01|4,21|5,02|8,39
2013-10-26 23:18:27,728|0,0|0,0|100,0|995|350|645|17,01|4,21|8,01|8,54
2013-10-26 23:18:33,253|0,0|0,0|100,0|995|350|645|17,01|4,21|10,39|187,46
2013-10-26 23:18:38,822|0,0|0,0|100,0|995|350|645|17,01|4,21|10,28|187,82
2013-10-26 23:18:44,354|0,0|0,0|100,0|995|350|645|17,01|4,21|10,64|187,86
2013-10-26 23:18:49,919|6,1|4,0|89,7|995|350|645|17,01|4,21|5,59|178,84
2013-10-26 23:18:55,466|3,9|7,8|88,2|995|350|645|17,01|4,21|6,10|179,23
2013-10-26 23:19:00,994|2,0|8,3|85,4|995|351|644|17,01|4,21|3,83|177,63
2013-10-26 23:19:06,581|7,6|5,7|84,6|995|350|645|17,01|4,21|0,06|0,00
2013-10-26 23:19:12,115|6,1|2,0|91,8|995|350|645|17,01|4,21|0,06|0,00
2013-10-26 23:19:17,685|2,0|0,0|98,0|995|350|645|17,01|4,21|0,18|0,00
2013-10-26 23:19:23,292|0,0|0,0|100,0|995|350|645|17,01|4,21|0,12|0,00
2013-10-26 23:19:28,856|0,0|1,9|98,0|995|350|645|17,01|4,21|1,67|0,30
2013-10-26 23:19:34,478|0,0|0,0|100,0|995|350|645|17,01|4,21|4,95|9,35
2013-10-26 23:19:40,043|0,0|0,0|100,0|995|350|645|17,01|4,21|5,77|9,42
2013-10-26 23:19:45,602|0,0|0,0|100,0|995|350|645|17,01|4,21|5,49|9,49
2013-10-26 23:19:51,170|0,0|0,0|100,0|995|350|645|17,01|4,21|10,69|188,47
2013-10-26 23:19:56,722|0,0|0,0|100,0|995|350|645|17,01|4,21|12,09|188,62
2013-10-26 23:20:02,245|0,0|0,0|100,0|995|350|645|17,01|4,21|10,41|188,55
2013-10-26 23:20:07,816|0,0|0,0|98,0|995|351|644|17,01|4,21|8,46|187,24
2013-10-26 23:20:13,366|6,0|6,0|88,0|995|350|645|17,01|4,21|5,72|178,90
2013-10-26 23:20:18,920|2,0|8,1|85,7|995|350|645|17,01|4,21|5,73|179,04
2013-10-26 23:20:24,461|4,0|6,0|90,0|995|350|645|17,01|4,21|6,04|179,16
2013-10-26 23:20:29,993|4,0|4,0|90,0|995|350|645|17,00|4,21|5,60|178,83
2013-10-26 23:20:35,563|13,7|9,8|72,5|995|351|644|17,00|4,21|5,66|178,92
2013-10-26 23:20:41,504|50,9|49,0|0,0|995|358|637|17,00|4,21|0,06|0,00
2013-10-26 23:20:47,696|56,0|44,0|0,0|995|358|637|17,00|4,21|4,54|10,23
2013-10-26 23:20:53,893|54,0|46,0|0,0|995|389|605|17,00|4,21|5,72|178,87
2013-10-26 23:21:00,013|50,0|50,0|0,0|995|380|614|17,00|4,21|0,18|0,00
2013-10-26 23:21:06,148|54,0|46,0|0,0|995|378|617|17,00|4,21|10,80|10,45
2013-10-26 23:21:12,339|54,0|46,0|0,0|995|378|617|17,00|4,21|10,08|189,33
2013-10-26 23:21:18,475|49,0|50,9|0,0|995|383|611|17,00|4,21|0,12|0,00
2013-10-26 23:21:24,604|55,1|44,8|0,0|995|384|611|17,00|4,21|0,12|0,06
2013-10-26 23:21:30,816|53,0|46,9|0,0|995|381|613|17,00|4,21|8,67|30,07
2013-10-26 23:21:36,957|66,0|34,0|0,0|995|377|618|17,00|4,21|5,66|178,60
2013-10-26 23:21:43,086|62,0|38,0|0,0|995|374|621|17,00|4,21|2,26|3,28
2013-10-26 23:21:49,037|0,0|2,0|98,0|995|362|632|17,00|4,21|0,12|0,00
2013-10-26 23:21:54,607|0,0|0,0|100,0|995|361|634|17,00|4,21|0,66|0,00
2013-10-26 23:22:00,181|0,0|0,0|100,0|995|361|634|17,00|4,21|0,12|0,00
2013-10-26 23:22:05,804|0,0|0,0|98,0|995|360|634|17,00|4,21|2,01|1,46
2013-10-26 23:22:11,384|0,0|0,0|100,0|995|360|634|17,00|4,21|1,95|1,46
2013-10-26 23:22:16,993|0,0|0,0|100,0|995|359|636|17,00|4,21|0,38|0,00
2013-10-26 23:22:22,606|0,0|0,0|100,0|995|358|636|17,00|4,21|13,05|11,47
2013-10-26 23:22:28,113|0,0|0,0|98,0|995|358|636|17,00|4,21|7,94|11,53
2013-10-26 23:22:33,669|56,0|44,0|0,0|995|360|635|17,00|4,21|10,74|191,00
2013-10-26 23:22:39,885|53,0|46,9|0,0|995|361|634|17,00|4,21|1,52|0,00
2013-10-26 23:22:46,001|54,0|46,0|0,0|995|364|631|17,00|4,21|0,82|0,00
2013-10-26 23:22:52,208|48,0|52,0|0,0|995|372|623|17,00|4,21|4,54|11,76
2013-10-26 23:22:58,445|42,8|57,1|0,0|995|366|629|17,00|4,21|10,35|179,00
2013-10-26 23:23:04,652|48,9|51,0|0,0|995|374|621|17,00|4,21|0,51|0,00
2013-10-26 23:23:10,760|54,0|46,0|0,0|995|376|619|17,00|4,21|0,35|0,00
2013-10-26 23:23:16,977|51,0|48,9|0,0|995|374|621|17,00|4,21|10,02|190,61
2013-10-26 23:23:23,164|52,0|48,0|0,0|995|382|612|17,00|4,21|4,37|177,67
2013-10-26 23:23:29,290|52,0|48,0|0,0|995|374|621|17,00|4,21|5,60|178,74
2013-10-26 23:23:35,472|55,1|44,8|0,0|995|409|586|17,05|4,21|8,50|189,82
2013-10-26 23:23:41,663|62,0|38,0|0,0|995|427|568|17,07|4,21|8,95|14,54
2013-10-26 23:23:47,855|82,0|18,0|0,0|995|438|556|17,10|4,21|10,34|191,35
2013-10-26 23:23:53,939|84,3|11,7|0,0|995|733|262|17,51|4,21|4,86|12,61
2013-10-26 23:23:59,927|44,8|8,1|0,0|995|922|73|17,94|4,21|0,18|0,00
2013-10-26 23:24:06,605|32,0|6,0|0,0|995|915|79|18,41|4,21|3,75|3,19
2013-10-26 23:24:12,368|0,0|0,0|100,0|995|913|82|18,43|4,21|1,67|0,30
2013-10-26 23:24:17,937|0,0|0,0|100,0|995|913|82|18,43|4,21|1,93|1,39
2013-10-26 23:24:23,555|0,0|0,0|100,0|995|911|84|18,43|4,21|0,23|0,00
2013-10-26 23:24:29,175|0,0|0,0|100,0|995|911|84|18,43|4,21|2,65|0,00
2013-10-26 23:24:34,780|0,0|0,0|100,0|995|909|85|18,43|4,21|29,58|0,00
2013-10-26 23:24:40,396|2,0|6,0|92,0|995|909|86|18,43|4,21|1,35|0,00
2013-10-26 23:24:45,934|63,2|4,0|32,6|995|909|86|18,43|4,21|10,81|193,08
2013-10-26 23:24:51,601|0,0|0,0|100,0|995|909|86|18,43|4,21|6,27|13,58
2013-10-26 23:24:57,180|35,2|0,0|64,7|995|909|86|18,43|4,21|5,31|13,33
2013-10-26 23:25:02,904|0,0|0,0|100,0|995|909|86|18,43|4,21|4,60|13,42
2013-10-26 23:25:08,498|0,0|0,0|100,0|995|909|86|18,43|4,21|4,54|13,50
2013-10-26 23:25:14,225|0,0|0,0|100,0|995|909|86|18,43|4,21|4,54|13,58
2013-10-26 23:25:19,741|0,0|0,0|100,0|995|909|86|18,43|4,21|0,40|0,06
2013-10-26 23:25:25,363|0,0|2,0|98,0|995|909|86|18,43|4,21|0,12|0,00
2013-10-26 23:25:30,882|2,0|0,0|98,0|995|909|86|18,43|4,21|0,23|0,00
2013-10-26 23:25:36,474|3,9|3,9|92,1|995|909|86|18,43|4,21|0,29|0,00
2013-10-26 23:25:42,052|6,0|4,0|88,0|995|909|86|18,43|4,21|0,00|0,00
2013-10-26 23:25:47,590|2,0|6,1|91,8|995|909|86|18,43|4,21|0,55|0,00
2013-10-26 23:25:53,144|66,0|34,0|0,0|995|912|83|18,43|4,21|0,12|0,00
2013-10-26 23:25:59,351|57,9|42,0|0,0|995|915|80|18,43|4,21|0,12|0,00
2013-10-26 23:26:05,507|54,0|46,0|0,0|995|906|88|18,43|4,21|0,12|0,00
2013-10-26 23:26:11,739|51,0|48,9|0,0|995|901|93|18,43|4,21|6,06|14,26
2013-10-26 23:26:17,877|50,0|50,0|0,0|995|895|100|18,43|4,21|6,15|14,60
2013-10-26 23:26:24,032|50,0|50,0|0,0|995|887|107|18,43|4,21|10,22|193,39
2013-10-26 23:26:30,159|46,0|54,0|0,0|995|913|82|18,43|4,21|6,86|190,94
2013-10-26 23:26:36,363|60,0|40,0|0,0|995|916|79|18,43|4,21|5,92|178,86
2013-10-26 23:26:42,483|54,0|46,0|0,0|995|906|88|18,43|4,21|2,00|176,05
2013-10-26 23:26:48,601|57,9|42,0|0,0|995|897|98|18,43|4,21|0,06|0,00
2013-10-26 23:26:54,711|57,1|42,8|0,0|995|891|104|18,43|4,21|0,12|0,00
2013-10-26 23:27:00,849|62,0|38,0|0,0|995|882|113|18,43|4,21|0,12|0,00
2013-10-26 23:27:07,067|59,1|40,8|0,0|995|876|119|18,43|4,21|1,35|3,42
2013-10-26 23:27:13,038|2,0|0,0|98,0|995|871|124|18,43|4,21|0,53|0,00
2013-10-26 23:27:18,633|5,8|3,9|88,2|995|871|124|18,43|4,21|0,24|0,00
2013-10-26 23:27:24,219|4,0|6,0|90,0|995|871|124|18,43|4,21|0,19|0,39
2013-10-26 23:27:29,758|4,0|6,1|89,7|995|871|123|18,43|4,21|6,90|178,67
2013-10-26 23:27:35,300|6,1|4,0|89,7|995|866|129|18,43|4,21|5,72|178,78
2013-10-26 23:27:40,845|0,0|0,0|100,0|995|866|129|18,43|4,21|10,60|194,15
2013-10-26 23:27:46,376|0,0|0,0|100,0|995|866|129|18,43|4,21|9,84|96,39
2013-10-26 23:27:51,906|0,0|0,0|100,0|995|866|129|18,43|4,21|4,66|15,57
2013-10-26 23:27:57,458|0,0|0,0|100,0|995|866|129|18,43|4,21|0,29|0,00
2013-10-26 23:28:03,073|2,0|0,0|98,0|995|866|129|18,43|4,21|0,06|0,00
2013-10-26 23:28:08,584|6,1|4,0|89,7|995|866|129|18,43|4,21|0,23|0,00
2013-10-26 23:28:14,112|2,0|4,0|89,7|995|866|129|18,43|4,21|5,72|178,65
2013-10-26 23:28:19,589|0,0|0,0|100,0|995|866|129|18,43|4,21|10,27|194,59
2013-10-26 23:28:25,137|0,0|0,0|100,0|995|866|129|18,43|4,21|4,66|16,01
2013-10-26 23:28:30,736|0,0|0,0|94,0|995|866|129|18,43|4,21|1,73|0,30
2013-10-26 23:28:36,315|0,0|0,0|100,0|995|866|129|18,43|4,21|4,21|0,00
2013-10-26 23:28:41,938|0,0|0,0|100,0|995|866|129|18,43|4,21|2,30|0,00
2013-10-26 23:28:47,546|6,1|4,0|89,7|995|866|129|18,43|4,21|0,44|0,00
2013-10-26 23:28:53,124|4,0|8,0|88,0|995|866|129|18,43|4,21|5,66|178,78
2013-10-26 23:28:58,684|0,0|0,0|98,0|995|866|129|18,43|4,21|10,56|195,10
2013-10-26 23:29:04,244|0,0|0,0|100,0|995|866|129|18,43|4,21|4,97|16,59
2013-10-26 23:29:09,857|0,0|0,0|98,0|995|866|129|18,43|4,21|4,35|2,65
2013-10-26 23:29:15,413|0,0|0,0|100,0|995|866|129|18,43|4,21|0,51|0,00
2013-10-26 23:29:21,021|2,0|0,0|98,0|995|866|129|18,43|4,21|0,18|0,00
2013-10-26 23:29:26,625|4,0|6,0|90,0|995|867|128|18,43|4,21|7,23|177,39
2013-10-26 23:29:32,139|0,0|0,0|100,0|995|866|129|18,43|4,21|10,26|195,60
2013-10-26 23:29:37,718|0,0|0,0|100,0|995|866|129|18,43|4,21|4,66|16,97
2013-10-26 23:29:43,265|0,0|0,0|100,0|995|866|129|18,43|4,21|0,23|0,00
2013-10-26 23:29:48,857|0,0|0,0|100,0|995|866|129|18,43|4,21|0,12|0,00
2013-10-26 23:29:54,407|2,0|2,0|96,0|995|866|129|18,43|4,21|5,09|0,00
2013-10-26 23:29:59,955|8,0|6,0|86,0|995|866|128|18,43|4,21|3,69|0,06
2013-10-26 23:30:05,505|4,0|6,0|90,0|995|866|128|18,43|4,21|5,72|178,78
2013-10-26 23:30:11,062|0,0|0,0|100,0|995|866|128|18,43|4,21|11,27|196,17
2013-10-26 23:30:16,595|0,0|0,0|100,0|995|866|128|18,43|4,21|4,72|17,46
2013-10-26 23:30:22,125|0,0|1,9|98,0|995|866|128|18,42|4,21|0,41|0,00
2013-10-26 23:30:27,691|2,0|2,0|95,9|995|866|128|18,42|4,21|0,06|0,00
2013-10-26 23:30:33,269|4,0|4,0|92,0|995|866|128|18,42|4,21|0,35|0,00
2013-10-26 23:30:38,810|4,0|6,0|88,0|995|866|128|18,42|4,21|5,90|178,78
2013-10-26 23:30:44,355|0,0|0,0|100,0|995|866|128|18,42|4,21|10,39|196,61
2013-10-26 23:30:49,842|0,0|0,0|98,0|995|866|128|18,42|4,21|4,78|17,90
2013-10-26 23:30:55,367|0,0|0,0|100,0|995|866|128|18,42|4,21|0,12|0,00
2013-10-26 23:31:00,967|0,0|0,0|100,0|995|866|128|18,42|4,21|0,12|0,00
2013-10-26 23:31:06,496|8,0|10,0|82,0|995|866|128|18,42|4,21|5,15|0,00
2013-10-26 23:31:12,017|6,0|4,0|88,0|995|866|128|18,42|4,21|9,23|178,91
2013-10-26 23:31:17,597|0,0|0,0|100,0|995|866|128|18,42|4,21|10,20|196,95
2013-10-26 23:31:23,133|0,0|0,0|100,0|995|866|128|18,42|4,21|5,07|18,34
2013-10-26 23:31:28,692|0,0|0,0|100,0|995|866|128|18,42|4,21|0,23|0,00
2013-10-26 23:31:34,318|1,9|0,0|98,0|995|866|128|18,42|4,21|0,47|0,00
2013-10-26 23:31:39,898|6,1|4,0|89,7|995|866|128|18,42|4,21|0,06|0,00
2013-10-26 23:31:45,476|2,0|0,0|98,0|995|868|127|18,42|4,21|6,60|179,04
2013-10-26 23:31:51,038|0,0|0,0|98,0|995|866|128|18,42|4,21|10,46|197,67
2013-10-26 23:31:56,585|0,0|0,0|100,0|995|866|128|18,42|4,21|3,57|0,06
2013-10-26 23:32:02,149|2,0|0,0|98,0|995|866|128|18,42|4,21|0,00|0,00
2013-10-26 23:32:07,749|2,0|0,0|98,0|995|866|128|18,42|4,21|0,12|0,00
2013-10-26 23:32:13,274|12,0|4,0|84,0|995|866|128|18,42|4,22|0,23|0,00
2013-10-26 23:32:18,836|0,0|0,0|100,0|995|866|128|18,42|4,22|10,65|197,97
2013-10-26 23:32:24,351|0,0|0,0|100,0|995|866|128|18,42|4,22|4,66|19,13
2013-10-26 23:32:29,881|0,0|0,0|100,0|995|866|128|18,42|4,22|0,92|0,00
2013-10-26 23:32:35,454|2,0|0,0|98,0|995|866|128|18,42|4,22|0,18|0,00
2013-10-26 23:32:41,041|5,8|5,8|88,2|995|868|127|18,42|4,22|4,51|177,46
2013-10-26 23:32:46,586|0,0|0,0|100,0|995|867|128|18,42|4,22|10,92|198,21
2013-10-26 23:32:52,095|0,0|0,0|100,0|995|867|128|18,42|4,22|4,72|19,51
2013-10-26 23:32:57,692|0,0|0,0|100,0|995|867|128|18,42|4,22|0,47|0,00
2013-10-26 23:33:03,227|0,0|0,0|100,0|995|867|128|18,42|4,22|0,99|0,00
2013-10-26 23:33:08,781|6,1|4,0|89,7|995|868|127|18,42|4,22|3,76|177,32
2013-10-26 23:33:14,320|0,0|0,0|100,0|995|867|128|18,42|4,22|10,66|199,00
2013-10-26 23:33:19,868|0,0|0,0|100,0|995|867|128|18,42|4,22|2,95|2,15
2013-10-26 23:33:25,418|2,0|0,0|98,0|995|867|128|18,42|4,22|0,00|0,00
2013-10-26 23:33:30,993|6,0|6,0|88,0|995|867|128|18,42|4,22|2,71|0,00
2013-10-26 23:33:36,525|0,0|0,0|100,0|995|867|127|18,42|4,22|8,56|197,45
2013-10-26 23:33:42,120|0,0|0,0|98,0|995|867|128|18,42|4,22|8,95|20,26
2013-10-26 23:33:47,665|0,0|0,0|100,0|995|867|128|18,42|4,22|0,23|0,00
2013-10-26 23:33:53,267|6,0|6,0|88,0|995|867|128|18,42|4,22|0,06|0,00
2013-10-26 23:33:58,826|2,0|2,0|90,0|995|868|127|18,42|4,22|8,79|197,91
2013-10-26 23:34:04,382|0,0|0,0|100,0|995|867|128|18,42|4,22|4,66|20,55
2013-10-26 23:34:09,986|0,0|0,0|98,0|995|867|128|18,42|4,22|0,66|0,00
2013-10-26 23:34:15,581|5,8|7,8|86,2|995|867|128|18,42|4,22|0,12|0,00
2013-10-26 23:34:21,131|2,0|2,0|96,0|995|868|127|18,42|4,22|8,73|199,18
2013-10-26 23:34:26,658|0,0|0,0|100,0|995|867|128|18,42|4,22|4,81|0,30
2013-10-26 23:34:32,266|0,0|0,0|96,0|995|867|128|18,42|4,22|0,12|0,00
2013-10-26 23:34:37,846|2,0|6,0|92,0|995|867|128|18,42|4,22|5,66|178,90
2013-10-26 23:34:43,359|0,0|0,0|100,0|995|867|128|18,42|4,22|10,51|189,68
2013-10-26 23:34:48,898|0,0|0,0|98,0|995|867|128|18,42|4,22|0,38|0,00
2013-10-26 23:34:54,462|10,2|2,0|87,7|995|867|128|18,42|4,22|0,12|0,00
2013-10-26 23:35:00,006|0,0|0,0|100,0|995|867|128|18,42|4,22|10,27|200,13
2013-10-26 23:35:05,534|0,0|0,0|100,0|995|867|128|18,42|4,22|1,73|0,30
2013-10-26 23:35:11,141|2,0|0,0|98,0|995|867|128|18,42|4,22|0,76|0,00
2013-10-26 23:35:16,713|4,0|6,0|90,0|995|867|128|18,42|4,22|6,00|178,91
2013-10-26 23:35:22,253|0,0|0,0|100,0|995|867|128|18,42|4,22|5,09|21,63
2013-10-26 23:35:27,773|0,0|0,0|98,0|995|867|128|18,42|4,22|0,21|0,00
2013-10-26 23:35:33,336|4,0|8,0|88,0|995|868|127|18,42|4,22|2,24|176,06
2013-10-26 23:35:38,898|0,0|0,0|100,0|995|867|128|18,42|4,22|6,56|23,28
2013-10-26 23:35:44,485|0,0|0,0|100,0|995|867|128|18,42|4,22|0,18|0,00
2013-10-26 23:35:50,025|4,0|8,0|88,0|995|867|128|18,42|4,22|0,29|0,00
2013-10-26 23:35:55,588|0,0|0,0|100,0|995|867|128|18,42|4,22|10,72|201,13
2013-10-26 23:36:01,134|0,0|0,0|98,0|995|867|128|18,42|4,22|3,49|0,06
2013-10-26 23:36:06,686|0,0|0,0|100,0|995|867|128|18,42|4,22|4,51|0,00
2013-10-26 23:36:12,266|4,0|6,0|90,0|995|867|128|18,42|4,22|6,08|39,24
2013-10-26 23:36:17,780|0,0|0,0|100,0|995|867|128|18,42|4,22|3,78|2,59
2013-10-26 23:36:23,334|1,9|0,0|98,0|995|867|128|18,42|4,22|0,72|0,00
2013-10-26 23:36:28,894|6,0|6,0|86,0|995|868|127|18,42|4,22|3,29|39,00
2013-10-26 23:36:34,379|0,0|0,0|100,0|995|867|128|18,42|4,22|7,05|23,90
2013-10-26 23:36:39,988|0,0|0,0|98,0|995|867|128|18,42|4,22|0,00|0,00
2013-10-26 23:36:45,561|4,0|6,1|89,7|995|867|128|18,42|4,22|0,29|0,00
2013-10-26 23:36:51,111|0,0|0,0|100,0|995|867|128|18,42|4,22|9,58|62,03
2013-10-26 23:36:56,641|0,0|0,0|100,0|995|867|128|18,41|4,22|3,38|0,00
2013-10-26 23:37:02,170|0,0|2,0|98,0|995|867|128|18,41|4,22|0,18|0,00
2013-10-26 23:37:07,762|6,1|4,0|85,7|995|867|128|18,41|4,22|4,72|39,30
2013-10-26 23:37:13,333|0,0|0,0|100,0|995|867|128|18,41|4,22|5,38|23,10
2013-10-26 23:37:18,918|0,0|0,0|98,0|995|867|128|18,41|4,22|0,12|0,00
2013-10-26 23:37:24,510|6,0|6,0|88,0|995|867|128|18,41|4,22|0,06|0,00
2013-10-26 23:37:30,040|0,0|0,0|100,0|995|867|128|18,41|4,22|9,64|62,52
2013-10-26 23:37:35,601|0,0|0,0|100,0|995|867|128|18,41|4,22|0,18|0,00
2013-10-26 23:37:41,138|4,0|6,0|88,0|995|867|128|18,41|4,22|0,12|0,00
2013-10-26 23:37:46,657|0,0|0,0|100,0|995|867|128|18,41|4,22|9,93|62,74
2013-10-26 23:37:52,236|0,0|0,0|100,0|995|867|128|18,41|4,22|0,06|0,00
2013-10-26 23:37:57,814|2,0|0,0|98,0|995|867|128|18,41|4,22|0,29|0,00
2013-10-26 23:38:03,402|4,0|6,1|89,7|995|867|128|18,41|4,22|4,90|39,30
2013-10-26 23:38:08,982|0,0|0,0|98,0|995|867|128|18,41|4,22|4,67|23,81
2013-10-26 23:38:14,522|0,0|0,0|100,0|995|867|128|18,41|4,22|7,37|0,00
2013-10-26 23:38:20,078|6,0|6,0|88,0|995|867|128|18,41|4,22|5,52|39,28
2013-10-26 23:38:25,630|2,0|0,0|98,0|995|867|128|18,41|4,22|4,80|23,96
2013-10-26 23:38:31,232|2,0|0,0|98,0|995|867|128|18,41|4,22|3,46|0,00
2013-10-26 23:38:36,852|4,0|6,1|89,7|995|868|127|18,41|4,22|3,09|38,87
2013-10-26 23:38:42,397|0,0|0,0|100,0|995|867|128|18,41|4,22|6,20|24,16
2013-10-26 23:38:47,918|0,0|0,0|100,0|995|867|128|18,41|4,22|0,12|0,00
2013-10-26 23:38:53,487|4,0|8,0|88,0|995|867|128|18,41|4,22|5,03|39,24
2013-10-26 23:38:59,054|0,0|0,0|100,0|995|867|128|18,41|4,22|5,03|24,35
2013-10-26 23:39:04,652|0,0|0,0|100,0|995|867|128|18,41|4,22|0,23|0,00
2013-10-26 23:39:10,237|3,9|9,8|84,3|995|869|126|18,41|4,22|0,47|0,00
2013-10-26 23:39:15,825|0,0|0,0|100,0|995|867|127|18,41|4,22|6,69|26,05
2013-10-26 23:39:21,416|0,0|0,0|100,0|995|867|128|18,41|4,22|0,29|0,00
2013-10-26 23:39:27,010|4,0|6,1|89,7|995|868|126|18,41|4,22|6,45|38,94
2013-10-26 23:39:32,532|0,0|0,0|100,0|995|867|127|18,41|4,22|5,16|24,81
2013-10-26 23:39:38,159|0,0|1,9|98,0|995|867|127|18,41|4,22|0,21|0,00
2013-10-26 23:39:43,744|4,0|8,0|88,0|995|867|127|18,41|4,22|5,66|39,30
2013-10-26 23:39:49,274|0,0|0,0|100,0|995|867|127|18,41|4,22|4,67|25,10
2013-10-26 23:39:54,790|0,0|0,0|100,0|995|867|127|18,41|4,22|0,18|0,00
2013-10-26 23:40:00,394|1,9|1,9|96,0|995|868|126|18,41|4,22|10,74|63,08
2013-10-26 23:40:05,915|0,0|0,0|100,0|995|867|127|18,41|4,22|0,18|0,00
2013-10-26 23:40:11,477|0,0|6,2|93,7|995|867|127|18,41|4,22|0,58|0,00
2013-10-26 23:40:17,030|0,0|0,0|100,0|995|867|127|18,41|4,22|9,52|64,69
2013-10-26 23:40:22,611|0,0|0,0|100,0|995|867|127|18,41|4,22|0,35|0,00
2013-10-26 23:40:28,131|6,2|2,0|91,6|995|867|127|18,41|4,22|0,12|0,00
2013-10-26 23:40:33,695|0,0|0,0|100,0|995|867|127|18,41|4,22|9,88|64,82
2013-10-26 23:40:39,323|0,0|0,0|100,0|995|867|127|18,41|4,22|0,12|0,00
2013-10-26 23:40:44,886|6,1|4,0|89,7|995|867|127|18,41|4,22|0,51|0,00
2013-10-26 23:40:50,447|0,0|0,0|100,0|995|867|127|18,41|4,22|5,23|25,83
2013-10-26 23:40:56,058|0,0|0,0|100,0|995|867|127|18,41|4,22|0,23|0,00
2013-10-26 23:41:01,637|0,0|0,0|100,0|995|867|127|18,41|4,22|0,92|0,00
2013-10-26 23:41:07,224|0,0|0,0|100,0|995|867|127|18,41|4,22|0,23|0,00
2013-10-26 23:41:12,768|0,0|0,0|100,0|995|867|127|18,41|4,22|0,82|0,00
MV3===========================================
2013-10-26 23:12:34,451|0,0|0,0|100,0|995|343|651|15,60|3,96|0,29|0,00
2013-10-26 23:12:39,993|0,0|0,0|100,0|995|343|651|15,60|3,96|0,12|0,00
2013-10-26 23:12:45,520|0,0|0,0|100,0|995|342|653|15,60|3,96|0,18|0,00
2013-10-26 23:12:51,077|0,0|0,0|100,0|995|342|653|15,60|3,96|0,12|0,00
2013-10-26 23:12:56,625|0,0|0,0|100,0|995|342|653|15,60|3,96|0,41|0,00
2013-10-26 23:13:02,149|0,0|0,0|100,0|995|342|653|15,60|3,96|0,23|0,00
2013-10-26 23:13:07,699|0,0|0,0|100,0|995|342|653|15,60|3,96|0,23|0,00
2013-10-26 23:13:13,249|0,0|0,0|100,0|995|342|653|15,60|3,96|0,06|0,00
2013-10-26 23:13:18,776|0,0|0,0|100,0|995|342|653|15,60|3,96|1,31|0,00
2013-10-26 23:13:24,328|0,0|0,0|100,0|995|342|653|15,60|3,96|6,42|5,65
2013-10-26 23:13:29,914|4,1|4,1|91,6|995|342|653|15,60|3,96|5,53|166,97
2013-10-26 23:13:35,487|4,0|8,0|88,0|995|342|653|15,60|3,96|3,59|0,00
2013-10-26 23:13:41,022|0,0|0,0|100,0|995|342|653|15,60|3,96|1,81|1,39
2013-10-26 23:13:46,566|0,0|0,0|100,0|995|342|653|15,60|3,96|8,75|4,49
2013-10-26 23:13:52,184|3,9|7,8|88,2|995|342|653|15,60|3,96|6,37|166,98
2013-10-26 23:13:57,744|0,0|0,0|100,0|995|342|653|15,60|3,96|6,31|166,78
2013-10-26 23:14:03,275|6,1|4,0|89,7|995|342|653|15,60|3,96|0,06|0,00
2013-10-26 23:14:08,891|0,0|0,0|100,0|995|342|653|15,60|3,96|4,94|4,77
2013-10-26 23:14:14,463|0,0|0,0|100,0|995|342|653|15,60|3,96|10,07|171,77
2013-10-26 23:14:20,014|4,0|6,0|90,0|995|342|653|15,60|3,96|6,66|166,78
2013-10-26 23:14:25,534|0,0|2,0|98,0|995|343|652|15,60|3,96|2,67|164,32
2013-10-26 23:14:31,099|7,8|3,9|88,2|995|342|653|15,60|3,96|0,18|0,00
2013-10-26 23:14:36,683|0,0|0,0|100,0|995|342|653|15,60|3,96|7,83|5,15
2013-10-26 23:14:42,285|2,0|2,0|95,9|995|342|653|15,60|3,96|5,54|166,78
2013-10-26 23:14:47,876|2,0|6,0|92,0|995|342|653|15,60|3,96|5,66|166,97
2013-10-26 23:14:53,402|8,3|2,0|89,5|995|342|653|15,60|3,96|0,12|0,00
2013-10-26 23:14:59,009|0,0|0,0|100,0|995|342|653|15,60|3,96|4,54|5,50
2013-10-26 23:15:04,544|0,0|0,0|100,0|995|343|652|15,60|3,96|7,21|5,57
2013-10-26 23:15:10,183|3,9|7,8|86,2|995|343|652|15,60|3,96|5,80|166,91
2013-10-26 23:15:15,748|0,0|0,0|100,0|995|343|652|15,60|3,96|5,94|167,04
2013-10-26 23:15:21,275|6,2|4,1|89,5|995|343|652|15,60|3,96|0,23|0,00
2013-10-26 23:15:26,854|0,0|0,0|100,0|995|343|652|15,60|3,96|4,60|5,87
2013-10-26 23:15:32,401|0,0|0,0|100,0|995|343|652|15,60|3,96|4,77|5,93
2013-10-26 23:15:37,963|4,1|4,1|91,6|995|343|652|15,60|3,96|5,71|166,97
2013-10-26 23:15:43,509|3,9|5,8|90,1|995|343|652|15,60|3,96|5,65|166,91
2013-10-26 23:15:49,037|6,0|6,0|88,0|995|343|652|15,60|3,96|0,82|0,00
2013-10-26 23:15:54,589|6,0|4,0|90,0|995|343|652|15,60|3,96|0,23|0,00
2013-10-26 23:16:00,146|0,0|0,0|100,0|995|343|652|15,60|3,96|8,97|13,70
2013-10-26 23:16:05,710|26,0|62,0|12,0|995|343|651|15,60|3,96|13,75|174,21
2013-10-26 23:16:11,376|24,0|74,0|0,0|995|344|650|15,60|3,96|3,97|165,50
2013-10-26 23:16:17,147|28,0|72,0|0,0|995|343|652|15,60|3,96|12,09|6,52
2013-10-26 23:16:22,905|0,0|0,0|100,0|995|343|652|15,60|3,96|7,31|8,94
2013-10-26 23:16:28,566|4,0|4,0|92,0|995|343|652|15,60|3,96|5,68|166,65
2013-10-26 23:16:34,132|4,0|4,0|91,8|995|343|652|15,60|3,96|5,69|166,97
2013-10-26 23:16:39,661|5,8|7,8|86,2|995|343|652|15,60|3,96|0,33|0,00
2013-10-26 23:16:45,215|6,1|4,0|89,7|995|343|652|15,60|3,96|0,50|0,00
2013-10-26 23:16:50,782|0,0|0,0|100,0|995|343|652|15,60|3,96|4,60|6,94
2013-10-26 23:16:56,299|0,0|0,0|100,0|995|343|652|15,60|3,96|4,95|7,02
2013-10-26 23:17:01,894|0,0|0,0|100,0|995|343|652|15,60|3,96|4,74|7,16
2013-10-26 23:17:07,525|30,0|70,0|0,0|995|343|651|15,60|3,96|8,12|7,10
2013-10-26 23:17:13,391|28,0|72,0|0,0|995|343|651|15,60|3,96|5,63|166,68
2013-10-26 23:17:19,131|23,5|76,4|0,0|995|343|651|15,60|3,96|0,95|0,13
2013-10-26 23:17:24,944|0,0|0,0|100,0|995|343|652|15,60|3,96|4,88|7,38
2013-10-26 23:17:30,532|0,0|0,0|98,0|995|343|652|15,60|3,96|4,91|7,52
2013-10-26 23:17:36,134|3,9|5,8|90,1|995|343|652|15,60|3,96|9,33|166,97
2013-10-26 23:17:41,637|6,0|6,0|88,0|995|343|652|15,59|3,96|5,48|167,05
2013-10-26 23:17:47,137|5,8|3,9|90,1|995|343|652|15,59|3,96|5,94|166,97
2013-10-26 23:17:52,658|1,9|1,9|96,0|995|344|651|15,59|3,96|3,82|165,32
2013-10-26 23:17:58,173|6,1|6,1|87,7|995|343|652|15,59|3,96|0,55|0,64
2013-10-26 23:18:03,957|28,0|72,0|0,0|995|343|651|15,59|3,96|4,60|7,83
2013-10-26 23:18:09,775|28,0|72,0|0,0|995|343|651|15,59|3,96|5,72|166,94
2013-10-26 23:18:15,560|36,7|63,2|0,0|995|343|651|15,59|3,96|1,51|3,36
2013-10-26 23:18:21,248|0,0|2,0|97,9|995|343|652|15,59|3,96|0,23|0,00
2013-10-26 23:18:26,789|0,0|0,0|100,0|995|343|652|15,59|3,96|3,59|2,65
2013-10-26 23:18:32,316|0,0|0,0|100,0|995|343|652|15,59|3,96|4,89|8,25
2013-10-26 23:18:37,915|0,0|0,0|100,0|995|343|652|15,59|3,96|7,83|8,33
2013-10-26 23:18:43,490|0,0|0,0|100,0|995|343|652|15,59|3,96|6,38|8,70
2013-10-26 23:18:49,063|0,0|2,0|98,0|995|344|651|15,59|3,96|8,13|173,60
2013-10-26 23:18:54,626|3,9|5,8|88,2|995|343|652|15,59|3,96|5,65|166,85
2013-10-26 23:19:00,196|8,1|0,0|91,8|995|343|652|15,59|3,96|5,79|166,92
2013-10-26 23:19:05,756|2,0|6,0|92,0|995|343|652|15,59|3,96|8,92|166,97
2013-10-26 23:19:11,301|1,9|1,9|80,7|995|344|651|15,59|3,96|3,99|166,67
2013-10-26 23:19:16,881|3,9|7,8|80,3|995|343|652|15,59|3,96|0,06|0,00
2013-10-26 23:19:22,414|10,0|2,0|88,0|995|343|651|15,59|3,96|0,06|0,00
2013-10-26 23:19:28,001|0,0|0,0|100,0|995|343|652|15,59|3,96|0,18|0,00
2013-10-26 23:19:33,571|0,0|0,0|100,0|995|343|651|15,59|3,96|1,89|1,83
2013-10-26 23:19:39,157|0,0|0,0|100,0|995|343|651|15,59|3,96|4,54|9,13
2013-10-26 23:19:44,782|0,0|0,0|100,0|995|343|651|15,59|3,96|4,89|9,19
2013-10-26 23:19:50,363|0,0|0,0|100,0|995|343|652|15,59|3,96|5,77|9,27
2013-10-26 23:19:55,917|0,0|0,0|100,0|995|343|651|15,59|3,96|5,37|9,41
2013-10-26 23:20:01,537|0,0|0,0|100,0|995|344|651|15,59|3,96|8,75|174,73
2013-10-26 23:20:07,122|2,0|8,0|90,0|995|343|651|15,59|3,96|7,32|166,78
2013-10-26 23:20:12,708|5,8|7,8|86,2|995|343|651|15,59|3,96|5,54|166,98
2013-10-26 23:20:18,260|6,0|4,0|90,0|995|343|651|15,59|3,96|5,54|166,79
2013-10-26 23:20:23,793|2,0|4,0|93,8|995|343|651|15,59|3,96|5,59|166,91
2013-10-26 23:20:29,303|4,0|4,0|92,0|995|343|651|15,59|3,96|5,48|167,06
2013-10-26 23:20:34,908|0,0|0,0|100,0|995|343|651|15,59|3,96|5,66|167,01
2013-10-26 23:20:40,425|0,0|0,0|100,0|995|343|651|15,59|3,96|5,54|166,91
2013-10-26 23:20:46,000|0,0|0,0|100,0|995|343|651|15,59|3,96|5,66|166,98
2013-10-26 23:20:51,534|4,0|0,0|96,0|995|345|650|15,59|3,96|1,02|100,84
2013-10-26 23:20:57,129|7,6|7,6|84,6|995|343|651|15,59|3,96|0,29|0,00
2013-10-26 23:21:02,772|64,0|36,0|0,0|995|354|640|15,59|3,96|2,49|1,39
2013-10-26 23:21:08,889|48,0|52,0|0,0|995|353|642|15,59|3,96|10,32|177,15
2013-10-26 23:21:15,081|48,0|52,0|0,0|995|354|640|15,59|3,96|5,79|166,80
2013-10-26 23:21:21,173|50,0|50,0|0,0|995|357|638|15,59|3,96|1,40|0,00
2013-10-26 23:21:27,344|50,0|50,0|0,0|995|357|638|15,59|3,96|4,60|10,45
2013-10-26 23:21:33,508|53,0|46,9|0,0|995|358|637|15,59|3,96|6,02|166,87
2013-10-26 23:21:39,612|52,9|45,0|0,0|995|358|637|15,59|3,96|0,18|0,00
2013-10-26 23:21:45,793|56,8|43,1|0,0|995|360|635|15,59|3,96|1,95|1,46
2013-10-26 23:21:51,953|54,9|45,0|0,0|995|361|634|15,59|3,96|10,08|177,35
2013-10-26 23:21:58,064|54,9|45,0|0,0|995|360|635|15,59|3,96|5,29|166,50
2013-10-26 23:22:04,176|64,0|36,0|0,0|995|358|637|15,59|3,96|0,18|0,00
2013-10-26 23:22:10,345|100,0|0,0|0,0|995|350|645|15,59|3,96|4,54|11,03
2013-10-26 23:22:16,102|0,0|0,0|100,0|995|350|645|15,59|3,96|4,79|11,03
2013-10-26 23:22:21,687|0,0|0,0|100,0|995|350|645|15,59|3,96|4,73|11,11
2013-10-26 23:22:27,286|0,0|0,0|100,0|995|350|645|15,59|3,96|4,54|11,25
2013-10-26 23:22:32,865|0,0|0,0|100,0|995|350|645|15,59|3,96|13,59|11,25
2013-10-26 23:22:38,412|62,7|37,2|0,0|995|356|638|15,59|3,96|13,55|178,34
2013-10-26 23:22:44,592|52,0|48,0|0,0|995|360|635|15,59|3,96|6,26|166,80
2013-10-26 23:22:50,702|52,9|47,0|0,0|995|369|626|15,59|3,96|1,17|0,00
2013-10-26 23:22:56,916|54,0|46,0|0,0|995|362|633|15,59|3,96|5,09|11,54
2013-10-26 23:23:03,114|46,0|54,0|0,0|995|369|625|15,59|3,96|5,72|166,86
2013-10-26 23:23:09,253|54,0|46,0|0,0|995|374|621|15,59|3,96|2,97|164,19
2013-10-26 23:23:15,392|48,9|51,0|0,0|995|373|621|15,59|3,96|0,30|0,00
2013-10-26 23:23:21,599|51,0|48,9|0,0|995|371|624|15,59|3,96|4,66|11,91
2013-10-26 23:23:27,817|54,9|45,0|0,0|995|374|620|15,59|3,96|5,60|166,93
2013-10-26 23:23:33,937|54,0|46,0|0,0|995|376|619|15,59|3,96|0,00|0,00
2013-10-26 23:23:40,098|62,0|38,0|0,0|995|370|625|15,59|3,96|0,12|0,00
2013-10-26 23:23:46,238|92,0|8,0|0,0|995|395|599|15,63|3,96|8,51|165,60
2013-10-26 23:23:52,297|82,0|10,0|0,0|995|606|389|15,93|3,96|6,89|166,80
2013-10-26 23:23:58,299|69,3|10,2|0,0|995|917|78|16,37|3,96|3,72|2,81
2013-10-26 23:24:05,269|52,0|6,0|0,0|995|914|81|16,67|3,97|0,53|0,00
2013-10-26 23:24:11,729|6,0|6,0|0,0|995|922|72|17,01|3,97|2,87|11,89
2013-10-26 23:24:17,408|0,0|0,0|100,0|995|924|70|17,02|3,97|4,79|12,50
2013-10-26 23:24:22,983|0,0|0,0|100,0|995|922|72|17,02|3,97|4,60|12,62
2013-10-26 23:24:28,576|0,0|0,0|100,0|995|920|74|17,02|3,97|4,66|12,70
2013-10-26 23:24:34,170|0,0|0,0|100,0|995|920|74|17,02|3,97|4,60|12,78
2013-10-26 23:24:39,688|0,0|0,0|92,0|995|919|76|17,02|3,97|4,67|12,88
2013-10-26 23:24:45,243|0,0|0,0|100,0|995|918|76|17,02|3,97|29,44|0,00
2013-10-26 23:24:50,805|4,1|2,0|93,7|995|918|76|17,02|3,97|1,35|0,00
2013-10-26 23:24:56,387|4,0|4,0|92,0|995|918|76|17,02|3,97|7,74|168,03
2013-10-26 23:25:02,074|0,0|0,0|100,0|995|918|76|17,02|3,97|10,13|179,92
2013-10-26 23:25:07,641|0,0|0,0|100,0|995|918|76|17,02|3,97|6,38|14,39
2013-10-26 23:25:13,381|0,0|0,0|100,0|995|918|77|17,02|3,97|4,60|13,28
2013-10-26 23:25:18,959|98,0|0,0|0,0|995|920|75|17,02|3,97|4,67|13,85
2013-10-26 23:25:24,573|0,0|0,0|100,0|995|918|76|17,02|3,97|4,48|13,42
2013-10-26 23:25:30,148|0,0|0,0|100,0|995|918|76|17,02|3,97|4,75|13,50
2013-10-26 23:25:35,683|0,0|1,9|98,0|995|918|77|17,02|3,97|1,73|0,30
2013-10-26 23:25:41,303|2,0|0,0|98,0|995|918|76|17,02|3,97|0,23|0,00
2013-10-26 23:25:46,841|0,0|0,0|100,0|995|918|76|17,02|3,97|0,29|0,00
2013-10-26 23:25:52,542|4,0|6,0|90,0|995|918|76|17,02|3,97|0,00|0,00
2013-10-26 23:25:58,129|6,0|6,0|88,0|995|918|76|17,02|3,97|0,18|0,00
2013-10-26 23:26:03,737|2,0|12,0|86,0|995|918|76|17,02|3,97|0,12|0,00
2013-10-26 23:26:09,315|4,0|2,0|93,8|995|920|75|17,02|3,97|3,64|0,00
2013-10-26 23:26:14,910|0,0|4,0|96,0|995|918|76|17,02|3,97|5,59|166,85
2013-10-26 23:26:20,469|62,0|38,0|0,0|995|914|81|17,08|3,97|5,07|166,75
2013-10-26 23:26:26,650|60,0|40,0|0,0|995|917|77|17,21|3,97|0,06|0,00
2013-10-26 23:26:32,825|66,0|34,0|0,0|995|924|71|17,33|3,97|0,59|0,00
2013-10-26 23:26:39,094|96,0|3,9|0,0|995|916|78|17,54|3,97|3,64|0,00
2013-10-26 23:26:45,006|68,0|32,0|0,0|995|914|81|17,77|3,97|0,23|0,06
2013-10-26 23:26:51,141|64,0|36,0|0,0|995|914|81|17,86|3,97|5,90|14,67
2013-10-26 23:26:57,282|62,7|37,2|0,0|995|914|81|17,91|3,97|4,98|14,56
2013-10-26 23:27:03,465|94,0|6,0|0,0|995|916|78|18,00|3,97|6,49|15,97
2013-10-26 23:27:09,385|98,0|2,0|0,0|995|914|81|18,20|3,97|11,76|17,29
2013-10-26 23:27:15,169|95,9|4,0|0,0|995|916|79|18,48|3,97|5,20|14,71
2013-10-26 23:27:21,057|87,7|8,1|0,0|995|936|59|18,75|3,97|5,83|14,79
2013-10-26 23:27:27,058|94,0|6,0|0,0|995|915|80|19,00|3,97|4,55|14,92
2013-10-26 23:27:32,990|96,0|4,0|0,0|995|918|77|19,06|3,97|12,84|15,00
2013-10-26 23:27:38,827|0,0|0,0|100,0|995|920|75|19,08|3,97|5,19|15,16
2013-10-26 23:27:44,406|0,0|0,0|100,0|995|920|75|19,08|3,97|4,96|15,20
2013-10-26 23:27:49,931|0,0|0,0|100,0|995|920|75|19,08|3,97|1,87|1,46
2013-10-26 23:27:55,536|0,0|0,0|100,0|995|920|75|19,08|3,97|0,69|0,00
2013-10-26 23:28:01,062|8,1|4,0|87,7|995|920|75|19,08|3,97|0,29|0,00
2013-10-26 23:28:06,624|4,0|4,0|91,8|995|920|75|19,08|3,97|3,38|0,00
2013-10-26 23:28:12,182|4,0|4,0|92,0|995|920|75|19,08|3,97|5,79|166,92
2013-10-26 23:28:17,729|1,9|1,9|96,0|995|921|74|19,08|3,97|7,28|180,01
2013-10-26 23:28:23,305|0,0|0,0|100,0|995|920|75|19,08|3,97|4,60|15,70
2013-10-26 23:28:28,922|0,0|0,0|100,0|995|920|75|19,08|3,97|4,60|15,78
2013-10-26 23:28:34,446|0,0|0,0|100,0|995|920|75|19,08|3,97|0,29|0,00
2013-10-26 23:28:40,034|8,0|4,0|86,0|995|920|75|19,08|3,97|2,71|0,00
2013-10-26 23:28:45,617|4,0|2,0|94,0|995|921|74|19,08|3,97|0,43|0,00
2013-10-26 23:28:51,187|2,0|6,1|91,8|995|920|75|19,08|3,97|6,71|166,98
2013-10-26 23:28:56,668|0,0|2,0|97,9|995|921|74|19,08|3,97|8,88|182,72
2013-10-26 23:29:02,249|0,0|0,0|100,0|995|920|75|19,08|3,97|4,60|16,20
2013-10-26 23:29:07,789|0,0|0,0|100,0|995|920|75|19,08|3,97|2,02|0,30
2013-10-26 23:29:13,410|0,0|0,0|100,0|995|920|75|19,08|3,97|0,18|0,00
2013-10-26 23:29:18,939|8,0|6,0|86,0|995|920|75|19,08|3,97|0,37|0,00
2013-10-26 23:29:24,518|0,0|0,0|100,0|995|920|75|19,08|3,97|5,72|166,98
2013-10-26 23:29:30,053|4,0|2,0|93,8|995|921|74|19,08|3,97|5,66|166,97
2013-10-26 23:29:35,634|0,0|0,0|100,0|995|920|75|19,08|3,97|4,67|16,64
2013-10-26 23:29:41,166|0,0|0,0|100,0|995|920|75|19,08|3,97|0,29|0,00
2013-10-26 23:29:46,799|2,0|6,1|89,7|995|920|75|19,08|3,97|0,35|0,00
2013-10-26 23:29:52,314|2,0|0,0|97,9|995|921|74|19,08|3,97|4,59|165,45
2013-10-26 23:29:57,896|6,1|4,0|89,7|995|920|75|19,08|3,97|5,66|166,85
2013-10-26 23:30:03,452|0,0|3,8|94,2|995|921|74|19,08|3,97|9,13|181,27
2013-10-26 23:30:09,051|0,0|0,0|100,0|995|920|75|19,07|3,97|4,90|17,06
2013-10-26 23:30:14,624|0,0|0,0|100,0|995|920|75|19,07|3,97|4,72|17,13
2013-10-26 23:30:20,172|0,0|0,0|100,0|995|920|75|19,07|3,97|0,47|0,00
2013-10-26 23:30:25,701|6,0|6,0|88,0|995|920|75|19,07|3,97|0,18|0,00
2013-10-26 23:30:31,275|0,0|0,0|100,0|995|920|75|19,07|3,97|5,66|167,05
2013-10-26 23:30:36,810|4,0|6,1|89,7|995|920|75|19,07|3,97|8,80|166,98
2013-10-26 23:30:42,363|0,0|0,0|100,0|995|920|74|19,07|3,97|7,08|19,33
2013-10-26 23:30:47,952|0,0|0,0|100,0|995|920|74|19,07|3,97|8,79|29,88
2013-10-26 23:30:53,526|0,0|0,0|100,0|995|921|74|19,07|3,97|0,29|0,11
2013-10-26 23:30:59,175|0,0|1,9|98,0|995|921|74|19,07|3,97|0,70|0,29
2013-10-26 23:31:04,695|6,0|8,0|86,0|995|921|74|19,07|3,97|0,23|0,06
2013-10-26 23:31:10,250|6,0|4,0|90,0|995|921|74|19,07|3,97|8,94|166,92
2013-10-26 23:31:15,787|0,0|0,0|100,0|995|921|74|19,07|3,97|10,20|184,63
2013-10-26 23:31:21,376|0,0|0,0|100,0|995|921|74|19,07|3,97|7,54|17,99
2013-10-26 23:31:26,928|0,0|0,0|100,0|995|921|74|19,07|3,97|2,86|2,05
2013-10-26 23:31:32,543|0,0|0,0|100,0|995|921|74|19,07|3,97|0,53|0,00
2013-10-26 23:31:38,068|8,0|4,0|88,0|995|921|74|19,07|3,97|0,35|0,00
2013-10-26 23:31:43,623|7,8|3,9|88,2|995|921|74|19,07|3,97|5,77|167,03
2013-10-26 23:31:49,163|0,0|0,0|100,0|995|921|74|19,07|3,97|10,20|185,26
2013-10-26 23:31:54,752|0,0|0,0|100,0|995|921|74|19,07|3,97|5,36|18,43
2013-10-26 23:32:00,306|0,0|0,0|100,0|995|921|74|19,07|3,97|0,29|0,00
2013-10-26 23:32:05,935|0,0|0,0|100,0|995|921|74|19,07|3,97|0,29|0,00
2013-10-26 23:32:11,450|1,9|3,8|94,2|995|922|72|19,07|3,97|2,30|164,50
2013-10-26 23:32:17,056|2,0|8,1|89,7|995|921|74|19,07|3,97|5,59|166,92
2013-10-26 23:32:22,522|0,0|0,0|100,0|995|921|74|19,07|3,97|7,04|19,09
2013-10-26 23:32:28,089|0,0|0,0|100,0|995|921|74|19,07|3,97|2,14|1,39
2013-10-26 23:32:33,689|2,0|0,0|98,0|995|921|74|19,07|3,97|2,69|0,00
2013-10-26 23:32:39,202|6,1|4,0|89,7|995|921|74|19,07|3,97|0,23|0,00
2013-10-26 23:32:44,747|6,1|4,0|89,7|995|921|74|19,07|3,97|5,89|166,92
2013-10-26 23:32:50,287|0,0|0,0|100,0|995|921|74|19,07|3,97|4,91|19,13
2013-10-26 23:32:55,858|0,0|0,0|100,0|995|921|74|19,07|3,97|3,94|2,65
2013-10-26 23:33:01,442|0,0|0,0|100,0|995|921|74|19,07|3,97|0,48|0,06
2013-10-26 23:33:06,993|4,0|6,1|89,7|995|921|74|19,07|3,97|3,38|0,06
2013-10-26 23:33:12,576|6,1|4,0|89,7|995|921|74|19,07|3,97|5,72|166,96
2013-10-26 23:33:18,122|0,0|0,0|100,0|995|921|74|19,07|3,97|8,31|22,24
2013-10-26 23:33:23,687|0,0|0,0|100,0|995|921|74|19,07|3,97|3,65|2,65
2013-10-26 23:33:29,222|0,0|0,0|100,0|995|921|74|19,07|3,97|0,44|0,00
2013-10-26 23:33:34,788|0,0|2,0|97,9|995|922|72|19,07|3,97|0,41|2,01
2013-10-26 23:33:40,337|4,0|6,0|90,0|995|921|74|19,07|3,97|8,94|166,91
2013-10-26 23:33:45,921|0,0|1,9|98,0|995|921|74|19,07|3,97|4,73|19,96
2013-10-26 23:33:51,508|0,0|0,0|100,0|995|921|74|19,07|3,97|1,29|0,00
2013-10-26 23:33:57,057|4,0|8,0|88,0|995|921|74|19,07|3,97|0,94|0,06
2013-10-26 23:34:02,581|3,9|7,8|88,2|995|921|74|19,07|3,97|5,54|166,91
2013-10-26 23:34:08,125|0,0|0,0|100,0|995|921|74|19,07|3,97|5,08|20,24
2013-10-26 23:34:13,673|0,0|0,0|100,0|995|921|74|19,07|3,97|0,06|0,00
2013-10-26 23:34:19,195|2,0|0,0|97,9|995|923|72|19,07|3,97|0,59|2,01
2013-10-26 23:34:24,773|2,0|0,0|98,0|995|922|72|19,07|3,97|8,60|185,98
2013-10-26 23:34:30,314|0,0|0,0|100,0|995|921|74|19,07|3,97|4,67|20,54
2013-10-26 23:34:35,892|4,0|6,0|90,0|995|921|74|19,07|3,97|0,12|0,00
2013-10-26 23:34:41,431|2,0|6,1|91,8|995|921|73|19,07|3,97|8,37|166,98
2013-10-26 23:34:47,018|0,0|0,0|100,0|995|921|73|19,07|3,97|4,80|20,68
2013-10-26 23:34:52,584|0,0|0,0|100,0|995|921|73|19,07|3,97|0,88|0,00
2013-10-26 23:34:58,243|8,0|4,0|88,0|995|921|73|19,07|3,97|0,06|0,00
2013-10-26 23:35:03,830|7,6|3,8|86,5|995|922|73|19,07|3,97|6,35|166,91
2013-10-26 23:35:09,372|0,0|0,0|100,0|995|922|73|19,07|3,97|4,84|21,17
2013-10-26 23:35:14,920|2,0|0,0|98,0|995|922|73|19,07|3,97|0,12|0,00
2013-10-26 23:35:20,438|4,0|4,0|92,0|995|922|73|19,07|3,97|5,89|166,97
2013-10-26 23:35:25,961|0,0|0,0|100,0|995|922|73|19,07|3,97|4,88|21,32
2013-10-26 23:35:31,532|0,0|0,0|100,0|995|921|73|19,07|3,97|0,75|0,00
2013-10-26 23:35:37,066|1,9|0,0|98,0|995|922|73|19,07|3,97|8,62|166,85
2013-10-26 23:35:42,613|0,0|0,0|100,0|995|922|73|19,07|3,97|6,48|22,92
2013-10-26 23:35:48,199|0,0|0,0|100,0|995|922|73|19,07|3,97|0,12|0,00
2013-10-26 23:35:53,843|8,0|6,0|86,0|995|922|73|19,07|3,97|0,18|0,00
2013-10-26 23:35:59,437|10,2|0,0|89,7|995|922|73|19,07|3,97|6,17|167,21
2013-10-26 23:36:04,957|0,0|0,0|100,0|995|922|73|19,07|3,97|4,73|21,82
2013-10-26 23:36:10,501|0,0|0,0|100,0|995|922|73|19,07|3,97|0,81|0,00
2013-10-26 23:36:16,048|6,0|6,0|88,0|995|922|73|19,07|3,97|9,98|166,98
2013-10-26 23:36:21,576|0,0|0,0|100,0|995|922|73|19,07|3,97|5,79|22,04
2013-10-26 23:36:27,129|0,0|0,0|100,0|995|922|73|19,07|3,97|0,12|0,00
2013-10-26 23:36:32,700|0,0|0,0|100,0|995|922|73|19,07|3,97|5,13|28,92
2013-10-26 23:36:38,212|0,0|0,0|100,0|995|922|73|19,07|3,97|6,39|22,54
2013-10-26 23:36:43,738|0,0|0,0|100,0|995|922|73|19,07|3,97|0,23|0,00
2013-10-26 23:36:49,352|6,1|4,0|89,7|995|922|73|19,07|3,97|0,12|0,00
2013-10-26 23:36:54,950|4,0|6,1|89,7|995|922|73|19,07|3,97|5,06|28,92
2013-10-26 23:37:00,465|0,0|0,0|100,0|995|922|73|19,07|3,97|4,79|22,54
2013-10-26 23:37:06,042|0,0|2,0|98,0|995|922|73|19,07|3,97|0,18|0,00
2013-10-26 23:37:11,574|4,0|6,0|90,0|995|922|73|19,07|3,97|8,19|28,92
2013-10-26 23:37:17,123|0,0|0,0|100,0|995|922|73|19,07|3,97|4,61|22,83
2013-10-26 23:37:22,673|0,0|0,0|100,0|995|922|73|19,07|3,97|0,06|0,00
2013-10-26 23:37:28,219|4,0|6,1|89,7|995|922|73|19,07|3,97|0,06|0,00
2013-10-26 23:37:33,791|2,0|2,0|96,0|995|923|72|19,06|3,97|8,14|49,82
2013-10-26 23:37:39,330|0,0|0,0|100,0|995|922|73|19,06|3,97|2,93|0,00
2013-10-26 23:37:44,926|5,8|7,8|86,2|995|922|73|19,06|3,97|0,76|0,06
2013-10-26 23:37:50,523|6,0|6,0|88,0|995|922|73|19,06|3,97|4,72|28,92
2013-10-26 23:37:56,021|0,0|0,0|100,0|995|922|73|19,06|3,97|5,09|23,18
2013-10-26 23:38:01,556|2,0|0,0|98,0|995|922|73|19,06|3,97|0,12|0,00
2013-10-26 23:38:07,083|4,0|6,1|89,7|995|922|73|19,06|3,97|7,86|28,92
2013-10-26 23:38:12,621|0,0|0,0|100,0|995|922|73|19,06|3,97|4,79|23,44
2013-10-26 23:38:18,164|1,9|0,0|98,0|995|922|73|19,06|3,97|0,06|0,00
2013-10-26 23:38:23,698|2,0|6,1|91,8|995|922|73|19,06|3,97|5,42|28,92
2013-10-26 23:38:29,184|0,0|0,0|100,0|995|922|73|19,06|3,97|4,91|23,61
2013-10-26 23:38:34,770|0,0|0,0|100,0|995|922|73|19,06|3,97|0,12|0,00
2013-10-26 23:38:40,314|0,0|0,0|100,0|995|922|73|19,06|3,97|7,23|28,92
2013-10-26 23:38:45,808|0,0|0,0|100,0|995|922|73|19,06|3,97|4,91|23,82
2013-10-26 23:38:51,326|0,0|0,0|100,0|995|922|73|19,06|3,97|0,49|0,00
2013-10-26 23:38:56,845|6,0|6,0|88,0|995|922|73|19,06|3,97|5,13|28,92
2013-10-26 23:39:02,412|0,0|0,0|100,0|995|922|73|19,06|3,97|4,90|24,08
2013-10-26 23:39:07,938|0,0|0,0|100,0|995|922|73|19,06|3,97|3,98|0,06
2013-10-26 23:39:13,460|3,8|11,5|84,6|995|922|73|19,06|3,97|4,77|28,92
2013-10-26 23:39:18,967|0,0|0,0|100,0|995|922|73|19,06|3,97|4,79|24,32
2013-10-26 23:39:24,527|0,0|0,0|100,0|995|922|73|19,06|3,97|0,98|0,06
2013-10-26 23:39:30,062|4,0|6,1|89,7|995|922|73|19,06|3,97|5,09|28,92
2013-10-26 23:39:35,586|0,0|0,0|100,0|995|922|73|19,06|3,97|2,80|2,25
2013-10-26 23:39:41,154|4,0|6,1|89,7|995|922|73|19,06|3,97|0,87|0,00
2013-10-26 23:39:46,718|2,0|0,0|97,9|995|923|71|19,06|3,97|7,53|51,64
2013-10-26 23:39:52,269|0,0|0,0|100,0|995|922|73|19,06|3,97|0,52|0,00
2013-10-26 23:39:57,858|9,8|3,9|86,2|995|922|73|19,06|3,97|0,06|0,00
2013-10-26 23:40:03,467|0,0|0,0|100,0|995|922|72|19,06|3,97|9,58|26,31
2013-10-26 23:40:09,053|0,0|0,0|100,0|995|922|73|19,06|3,97|0,29|0,00
2013-10-26 23:40:14,601|0,0|2,0|97,9|995|923|71|19,06|3,97|3,06|26,34
2013-10-26 23:40:20,178|0,0|0,0|100,0|995|922|72|19,06|3,97|5,27|25,03
2013-10-26 23:40:25,769|0,0|0,0|100,0|995|922|72|19,06|3,97|0,70|0,00
2013-10-26 23:40:31,342|0,0|0,0|100,0|995|922|72|19,06|3,97|4,77|28,99
2013-10-26 23:40:36,853|0,0|0,0|100,0|995|922|72|19,06|3,97|4,73|25,32
2013-10-26 23:40:42,412|0,0|0,0|100,0|995|922|72|19,06|3,98|2,71|0,00
2013-10-26 23:40:47,950|4,0|8,0|88,0|995|922|72|19,06|3,98|5,09|28,92
2013-10-26 23:40:53,496|0,0|0,0|100,0|995|922|72|19,06|3,98|4,79|25,53
2013-10-26 23:40:58,974|6,0|6,0|88,0|995|922|72|19,06|3,98|0,29|0,06
2013-10-26 23:41:04,537|1,9|1,9|96,0|995|923|71|19,06|3,98|6,79|52,32
2013-10-26 23:41:10,084|0,0|0,0|100,0|995|922|72|19,06|3,98|0,23|0,00
2013-10-26 23:41:15,599|0,0|0,0|100,0|995|922|72|19,06|3,98|0,18|0,00
2013-10-26 23:41:21,168|0,0|0,0|100,0|995|922|72|19,06|3,98|1,89|0,00
2013-10-26 23:41:26,707|1,9|0,0|98,0|995|922|72|19,06|3,98|0,76|0,06
MV4===========================================
2013-10-26 23:16:03,569|0,0|0,0|100,0|995|749|246|9,12|2,72|0,06|0,00
2013-10-26 23:16:09,022|0,0|0,0|98,0|995|749|246|9,12|2,72|0,12|0,00
2013-10-26 23:16:14,458|0,0|0,0|100,0|995|748|247|9,12|2,72|0,41|0,00
2013-10-26 23:16:19,897|0,0|0,0|100,0|995|748|247|9,12|2,72|0,23|0,00
2013-10-26 23:16:25,330|0,0|0,0|100,0|995|748|247|9,12|2,72|0,23|0,00
2013-10-26 23:16:30,773|0,0|0,0|98,0|995|748|247|9,12|2,72|0,06|0,00
2013-10-26 23:16:36,212|0,0|0,0|100,0|995|748|247|9,12|2,72|1,31|0,00
2013-10-26 23:16:41,649|0,0|0,0|100,0|995|748|247|9,12|2,72|4,59|4,04
2013-10-26 23:16:47,105|0,0|0,0|100,0|995|748|247|9,12|2,72|6,41|5,55
2013-10-26 23:16:52,582|5,8|3,9|88,2|995|748|247|9,12|2,72|7,00|273,86
2013-10-26 23:16:58,019|4,0|4,0|92,0|995|748|247|9,12|2,72|6,10|273,34
2013-10-26 23:17:03,456|6,0|4,0|90,0|995|748|247|9,12|2,72|0,23|0,00
2013-10-26 23:17:08,920|0,0|0,0|100,0|995|748|247|9,12|2,72|1,75|0,00
2013-10-26 23:17:14,395|0,0|0,0|100,0|995|748|247|9,12|2,72|5,37|4,41
2013-10-26 23:17:19,875|0,0|0,0|100,0|995|748|247|9,12|2,72|10,96|278,05
2013-10-26 23:17:25,310|2,0|6,1|91,8|995|748|247|9,12|2,72|6,64|273,47
2013-10-26 23:17:30,772|6,0|4,0|90,0|995|748|247|9,12|2,72|0,12|0,00
2013-10-26 23:17:36,203|6,1|2,0|91,8|995|748|247|9,12|2,72|0,71|0,00
2013-10-26 23:17:41,686|0,0|0,0|100,0|995|748|247|9,12|2,72|5,58|4,83
2013-10-26 23:17:47,121|0,0|0,0|100,0|995|748|247|9,11|2,72|4,60|4,90
2013-10-26 23:17:52,563|0,0|0,0|100,0|995|748|247|9,11|2,72|10,89|278,57
2013-10-26 23:17:58,001|2,0|6,1|91,8|995|748|247|9,11|2,72|6,28|273,40
2013-10-26 23:18:03,436|4,0|4,0|91,8|995|748|247|9,11|2,72|0,06|0,00
2013-10-26 23:18:08,885|7,8|3,9|88,2|995|748|247|9,11|2,72|0,55|0,00
2013-10-26 23:18:14,366|0,0|0,0|100,0|995|748|247|9,11|2,72|4,01|2,65
2013-10-26 23:18:19,810|0,0|0,0|100,0|995|748|247|9,11|2,72|5,64|5,33
2013-10-26 23:18:25,247|0,0|0,0|100,0|995|748|247|9,11|2,72|11,95|279,38
2013-10-26 23:18:30,677|4,0|6,1|89,7|995|748|246|9,11|2,72|6,59|273,53
2013-10-26 23:18:36,113|0,0|0,0|100,0|995|748|246|9,11|2,72|6,31|273,59
2013-10-26 23:18:41,557|8,1|2,0|89,7|995|748|246|9,11|2,72|0,12|0,00
2013-10-26 23:18:47,002|0,0|0,0|100,0|995|748|246|9,11|2,72|0,21|0,00
2013-10-26 23:18:52,477|0,0|0,0|100,0|995|748|246|9,11|2,72|4,60|5,83
2013-10-26 23:18:57,958|1,9|0,0|98,0|995|748|246|9,11|2,72|6,49|7,35
2013-10-26 23:19:03,430|2,0|0,0|98,0|995|749|245|9,11|2,72|9,35|279,33
2013-10-26 23:19:08,870|4,0|4,0|91,8|995|748|246|9,11|2,72|6,42|273,60
2013-10-26 23:19:14,310|2,0|4,0|94,0|995|748|246|9,11|2,72|6,86|273,53
2013-10-26 23:19:19,754|4,1|4,1|91,6|995|748|246|9,11|2,72|0,12|0,00
2013-10-26 23:19:25,194|1,9|0,0|98,0|995|748|246|9,11|2,72|5,65|1,95
2013-10-26 23:19:30,658|0,0|0,0|100,0|995|748|246|9,11|2,72|4,79|6,27
2013-10-26 23:19:36,134|6,1|2,0|91,8|995|748|246|9,11|2,72|6,92|273,53
2013-10-26 23:19:41,577|6,0|4,0|90,0|995|748|246|9,11|2,72|6,89|273,39
2013-10-26 23:19:47,043|0,0|0,0|100,0|995|749|245|9,11|2,72|4,83|273,36
2013-10-26 23:19:52,487|4,0|4,0|91,8|995|749|246|9,11|2,72|0,38|0,00
2013-10-26 23:19:57,934|1,9|0,0|98,0|995|749|246|9,11|2,72|0,24|0,00
2013-10-26 23:20:03,400|2,0|0,0|98,0|995|749|246|9,11|2,72|1,67|0,30
2013-10-26 23:20:08,865|0,0|0,0|100,0|995|749|246|9,11|2,72|4,79|6,77
2013-10-26 23:20:14,344|0,0|0,0|100,0|995|749|246|9,11|2,72|4,95|6,90
2013-10-26 23:20:19,796|0,0|0,0|100,0|995|749|246|9,11|2,72|6,69|8,30
2013-10-26 23:20:25,265|0,0|0,0|100,0|995|749|246|9,11|2,72|8,43|7,62
2013-10-26 23:20:30,910|30,0|70,0|0,0|995|749|245|9,11|2,72|6,25|274,22
2013-10-26 23:20:36,777|30,0|70,0|0,0|995|749|245|9,11|2,72|0,94|0,00
2013-10-26 23:20:42,633|36,0|64,0|0,0|995|749|245|9,11|2,72|6,48|10,63
2013-10-26 23:20:48,311|0,0|0,0|100,0|995|749|246|9,11|2,72|4,77|7,33
2013-10-26 23:20:53,789|0,0|0,0|100,0|995|749|246|9,11|2,72|14,70|280,93
2013-10-26 23:20:59,227|0,0|2,0|98,0|995|749|246|9,11|2,72|10,45|280,69
2013-10-26 23:21:04,670|6,1|2,0|91,8|995|749|246|9,11|2,72|6,51|273,54
2013-10-26 23:21:10,105|4,0|6,0|90,0|995|749|246|9,11|2,72|6,40|273,34
2013-10-26 23:21:15,538|4,0|4,0|92,0|995|749|246|9,11|2,72|6,22|273,47
2013-10-26 23:21:20,973|30,6|69,3|0,0|995|749|245|9,11|2,72|0,20|0,14
2013-10-26 23:21:26,821|32,0|68,0|0,0|995|749|245|9,11|2,72|4,72|7,88
2013-10-26 23:21:32,745|33,3|66,6|0,0|995|749|245|9,11|2,72|6,33|274,28
2013-10-26 23:21:38,588|6,0|2,0|92,0|995|749|246|9,11|2,72|0,35|0,00
2013-10-26 23:21:44,026|8,0|4,0|88,0|995|749|246|9,11|2,72|0,50|0,00
2013-10-26 23:21:49,473|6,1|2,0|91,8|995|749|246|9,11|2,72|0,35|0,00
2013-10-26 23:21:54,943|4,0|4,0|91,8|995|749|246|9,11|2,72|3,46|0,00
2013-10-26 23:22:00,410|0,0|0,0|100,0|995|749|246|9,11|2,72|0,12|0,00
2013-10-26 23:22:05,843|0,0|0,0|100,0|995|749|246|9,11|2,72|2,32|0,06
2013-10-26 23:22:11,294|0,0|1,9|98,0|995|749|246|9,11|2,72|0,29|0,06
2013-10-26 23:22:16,772|0,0|0,0|100,0|995|749|246|9,11|2,72|2,38|1,46
2013-10-26 23:22:22,257|0,0|0,0|100,0|995|749|246|9,11|2,72|4,84|8,49
2013-10-26 23:22:27,739|0,0|0,0|100,0|995|749|245|9,11|2,72|4,84|8,61
2013-10-26 23:22:33,205|0,0|0,0|100,0|995|749|245|9,11|2,72|4,54|8,69
2013-10-26 23:22:38,644|0,0|0,0|100,0|995|749|245|9,11|2,72|5,08|8,75
2013-10-26 23:22:44,115|0,0|0,0|100,0|995|749|245|9,11|2,72|6,87|10,33
2013-10-26 23:22:49,585|0,0|0,0|100,0|995|749|245|9,11|2,72|11,19|282,74
2013-10-26 23:22:55,021|0,0|0,0|100,0|995|749|245|9,11|2,72|10,89|282,57
2013-10-26 23:23:00,456|0,0|0,0|100,0|995|749|246|9,11|2,72|10,70|282,65
2013-10-26 23:23:05,893|0,0|2,0|98,0|995|749|245|9,11|2,72|11,52|283,13
2013-10-26 23:23:11,330|0,0|0,0|100,0|995|749|245|9,11|2,72|13,96|285,76
2013-10-26 23:23:16,767|0,0|0,0|100,0|995|749|245|9,11|2,72|10,61|282,66
2013-10-26 23:23:22,214|1,9|0,0|98,0|995|750|244|9,11|2,72|9,04|281,55
2013-10-26 23:23:27,664|0,0|0,0|100,0|995|750|244|9,11|2,72|9,05|283,00
2013-10-26 23:23:33,109|2,0|0,0|97,9|995|750|244|9,11|2,72|8,86|281,50
2013-10-26 23:23:38,557|4,0|2,0|94,0|995|749|245|9,11|2,72|6,46|273,66
2013-10-26 23:23:44,008|0,0|2,0|97,9|995|750|244|9,11|2,72|8,38|280,95
2013-10-26 23:23:49,451|0,0|0,0|100,0|995|750|244|9,11|2,72|9,72|281,59
2013-10-26 23:23:54,902|0,0|0,0|98,0|995|749|245|9,11|2,72|10,47|283,06
2013-10-26 23:24:00,350|0,0|0,0|100,0|995|749|246|9,11|2,72|10,58|283,19
2013-10-26 23:24:05,790|0,0|0,0|100,0|995|749|245|9,11|2,72|10,57|283,33
2013-10-26 23:24:11,225|0,0|0,0|100,0|995|749|245|9,11|2,72|10,78|283,77
2013-10-26 23:24:16,666|0,0|0,0|100,0|995|750|244|9,11|2,72|8,81|281,96
2013-10-26 23:24:22,105|7,8|3,9|88,2|995|749|245|9,11|2,72|6,47|273,53
2013-10-26 23:24:27,541|0,0|8,0|90,0|995|749|245|9,11|2,72|6,41|273,60
2013-10-26 23:24:32,975|54,0|46,0|0,0|995|753|241|9,11|2,72|0,18|0,00
2013-10-26 23:24:39,247|50,9|49,0|0,0|995|758|237|9,11|2,72|3,24|0,30
2013-10-26 23:24:45,558|54,0|46,0|0,0|995|792|203|9,11|2,72|10,96|283,95
2013-10-26 23:24:51,803|49,0|50,9|0,0|995|796|199|9,11|2,72|2,93|270,91
2013-10-26 23:24:58,090|54,9|45,0|0,0|995|795|199|9,11|2,72|1,87|1,39
2013-10-26 23:25:04,435|52,0|48,0|0,0|995|812|183|9,11|2,72|10,64|284,01
2013-10-26 23:25:10,691|54,0|44,0|0,0|995|813|181|9,11|2,72|0,06|0,00
2013-10-26 23:25:16,927|50,0|50,0|0,0|995|824|171|9,11|2,72|4,66|10,80
2013-10-26 23:25:23,307|54,0|46,0|0,0|995|826|169|9,11|2,72|14,03|284,50
2013-10-26 23:25:29,566|56,0|44,0|0,0|995|827|168|9,11|2,72|2,73|158,01
2013-10-26 23:25:35,835|56,0|44,0|0,0|995|825|170|9,11|2,72|0,23|0,06
2013-10-26 23:25:42,171|47,0|52,9|0,0|995|824|171|9,11|2,72|4,82|11,03
2013-10-26 23:25:48,498|50,0|50,0|0,0|995|823|172|9,11|2,72|5,90|273,17
2013-10-26 23:25:54,746|49,0|50,9|0,0|995|822|173|9,11|2,72|0,83|0,00
2013-10-26 23:26:00,986|55,1|44,8|0,0|995|821|173|9,11|2,72|4,81|11,25
2013-10-26 23:26:07,315|52,0|48,0|0,0|995|821|174|9,11|2,72|6,57|274,08
2013-10-26 23:26:13,579|52,9|45,0|0,0|995|820|175|9,11|2,72|0,59|0,00
2013-10-26 23:26:19,830|52,0|48,0|0,0|995|819|176|9,11|2,72|3,59|2,59
2013-10-26 23:26:26,118|46,9|53,0|0,0|995|818|176|9,11|2,72|15,20|285,80
2013-10-26 23:26:32,370|54,0|46,0|0,0|995|819|176|9,11|2,72|3,08|270,84
2013-10-26 23:26:38,614|52,0|48,0|0,0|995|817|178|9,11|2,72|0,29|0,00
2013-10-26 23:26:44,950|48,0|52,0|0,0|995|816|179|9,11|2,72|10,71|286,13
2013-10-26 23:26:51,207|48,9|51,0|0,0|995|817|178|9,11|2,72|1,59|205,97
2013-10-26 23:26:57,502|51,0|48,9|0,0|995|816|179|9,11|2,72|2,69|271,92
2013-10-26 23:27:03,758|56,0|44,0|0,0|995|814|181|9,11|2,72|11,03|274,27
2013-10-26 23:27:09,994|50,0|50,0|0,0|995|813|182|9,11|2,72|6,80|273,31
2013-10-26 23:27:16,223|50,0|50,0|0,0|995|813|182|9,11|2,72|6,29|273,57
2013-10-26 23:27:22,462|54,0|46,0|0,0|995|814|181|9,11|2,72|10,70|285,55
2013-10-26 23:27:28,712|48,9|51,0|0,0|995|816|179|9,11|2,72|4,54|12,26
2013-10-26 23:27:35,022|54,9|45,0|0,0|995|816|179|9,11|2,72|10,11|220,61
2013-10-26 23:27:41,279|54,0|46,0|0,0|995|818|176|9,11|2,72|6,94|273,56
2013-10-26 23:27:47,527|53,0|46,9|0,0|995|821|173|9,11|2,72|0,00|0,00
2013-10-26 23:27:53,771|54,9|45,0|0,0|995|821|173|9,11|2,72|3,20|0,00
2013-10-26 23:28:00,087|52,0|48,0|0,0|995|823|171|9,11|2,72|5,14|12,66
2013-10-26 23:28:06,421|50,0|50,0|0,0|995|819|175|9,11|2,72|5,05|12,77
2013-10-26 23:28:12,721|52,0|48,0|0,0|995|819|176|9,11|2,72|2,40|1,39
2013-10-26 23:28:19,019|52,9|47,0|0,0|995|818|177|9,11|2,72|4,66|12,84
2013-10-26 23:28:25,370|50,0|50,0|0,0|995|817|177|9,11|2,72|10,94|286,79
2013-10-26 23:28:31,623|52,0|48,0|0,0|995|817|178|9,11|2,72|6,09|273,49
2013-10-26 23:28:37,858|52,0|48,0|0,0|995|816|179|9,11|2,72|2,11|0,14
2013-10-26 23:28:44,156|54,0|46,0|0,0|995|816|179|9,11|2,72|0,00|0,00
2013-10-26 23:28:50,467|54,0|46,0|0,0|995|820|174|9,11|2,72|4,83|13,20
2013-10-26 23:28:56,823|54,0|46,0|0,0|995|818|177|9,11|2,72|7,40|13,34
2013-10-26 23:29:03,131|52,0|48,0|0,0|995|818|177|9,11|2,72|6,03|273,37
2013-10-26 23:29:09,379|56,0|44,0|0,0|995|818|177|9,11|2,72|4,35|272,04
2013-10-26 23:29:15,639|56,0|44,0|0,0|995|817|178|9,11|2,72|0,12|0,00
2013-10-26 23:29:21,926|50,0|50,0|0,0|995|817|178|9,11|2,72|0,23|0,06
2013-10-26 23:29:28,271|50,9|49,0|0,0|995|816|179|9,11|2,72|4,48|13,70
2013-10-26 23:29:34,630|57,1|42,8|0,0|995|816|179|9,11|2,72|15,58|287,28
2013-10-26 23:29:40,871|52,0|48,0|0,0|995|816|179|9,11|2,72|6,10|273,62
2013-10-26 23:29:47,123|57,1|42,8|0,0|995|815|180|9,11|2,72|0,00|0,00
2013-10-26 23:29:53,366|54,0|46,0|0,0|995|815|180|9,11|2,72|0,18|0,00
2013-10-26 23:29:59,645|52,0|48,0|0,0|995|815|180|9,11|2,73|0,18|0,00
2013-10-26 23:30:05,938|50,0|50,0|0,0|995|845|150|9,11|2,73|4,61|14,07
2013-10-26 23:30:12,342|54,0|46,0|0,0|995|846|149|9,11|2,73|5,11|14,20
2013-10-26 23:30:18,643|47,0|52,9|0,0|995|847|148|9,11|2,73|14,42|305,29
2013-10-26 23:30:24,895|48,0|52,0|0,0|995|845|150|9,11|2,73|10,27|289,61
2013-10-26 23:30:31,139|56,0|44,0|0,0|995|844|151|9,11|2,73|0,23|0,00
2013-10-26 23:30:37,415|54,0|46,0|0,0|995|844|151|9,11|2,73|0,44|0,00
2013-10-26 23:30:43,675|57,9|42,0|0,0|995|843|152|9,11|2,73|0,00|0,00
2013-10-26 23:30:49,999|54,9|45,0|0,0|995|842|152|9,11|2,73|10,08|2,00
2013-10-26 23:30:56,347|54,0|46,0|0,0|995|841|154|9,11|2,73|5,29|14,63
2013-10-26 23:31:02,647|54,0|46,0|0,0|995|841|153|9,10|2,73|9,19|287,10
2013-10-26 23:31:08,919|52,9|47,0|0,0|995|840|155|9,10|2,73|7,11|273,37
2013-10-26 23:31:15,161|54,0|46,0|0,0|995|839|156|9,10|2,73|0,61|0,00
2013-10-26 23:31:21,426|52,0|48,0|0,0|995|838|157|9,10|2,73|0,29|0,00
2013-10-26 23:31:27,695|59,1|40,8|0,0|995|838|157|9,10|2,73|0,23|0,00
2013-10-26 23:31:34,038|57,9|42,0|0,0|995|837|158|9,10|2,73|0,84|0,00
2013-10-26 23:31:40,374|52,0|48,0|0,0|995|836|159|9,10|2,73|4,61|15,21
2013-10-26 23:31:46,739|54,0|46,0|0,0|995|835|160|9,10|2,73|4,66|15,27
2013-10-26 23:31:53,055|47,0|52,9|0,0|995|834|160|9,10|2,73|6,55|16,75
2013-10-26 23:31:59,342|52,0|48,0|0,0|995|835|160|9,10|2,73|8,75|287,47
2013-10-26 23:32:05,599|48,9|51,0|0,0|995|833|162|9,10|2,73|8,46|273,56
2013-10-26 23:32:11,863|56,0|44,0|0,0|995|832|162|9,10|2,73|6,57|273,60
2013-10-26 23:32:18,099|55,1|44,8|0,0|995|832|163|9,10|2,73|0,18|0,00
2013-10-26 23:32:24,343|51,0|48,9|0,0|995|830|164|9,10|2,73|3,20|0,00
2013-10-26 23:32:30,623|57,9|42,0|0,0|995|830|164|9,10|2,73|0,18|0,00
2013-10-26 23:32:36,933|58,8|41,1|0,0|995|830|165|9,10|2,73|0,70|0,00
2013-10-26 23:32:43,255|54,0|46,0|0,0|995|828|167|9,10|2,73|0,23|0,00
2013-10-26 23:32:49,603|56,0|44,0|0,0|995|827|167|9,10|2,73|5,01|16,01
2013-10-26 23:32:55,910|54,0|46,0|0,0|995|827|168|9,10|2,73|4,66|16,07
2013-10-26 23:33:02,249|54,0|46,0|0,0|995|826|169|9,10|2,73|4,78|16,15
2013-10-26 23:33:08,551|50,0|50,0|0,0|995|825|169|9,10|2,73|5,19|16,23
2013-10-26 23:33:14,854|50,0|50,0|0,0|995|825|170|9,10|2,73|10,82|289,85
2013-10-26 23:33:21,114|53,0|46,9|0,0|995|823|171|9,10|2,73|8,27|273,56
2013-10-26 23:33:27,363|53,0|46,9|0,0|995|823|172|9,10|2,73|9,73|273,69
2013-10-26 23:33:33,631|52,0|48,0|0,0|995|823|172|9,10|2,73|3,12|271,20
2013-10-26 23:33:39,919|57,9|42,0|0,0|995|821|173|9,10|2,73|0,18|0,00
2013-10-26 23:33:46,178|55,1|44,8|0,0|995|821|174|9,10|2,73|0,44|0,00
2013-10-26 23:33:52,504|55,1|44,8|0,0|995|820|175|9,10|2,73|1,93|3,66
2013-10-26 23:33:58,595|100,0|0,0|0,0|995|820|175|9,10|2,73|0,29|0,00
2013-10-26 23:34:04,515|96,0|4,0|0,0|995|819|176|9,10|2,73|0,18|0,00
2013-10-26 23:34:10,403|94,1|5,8|0,0|995|818|177|9,10|2,73|0,66|0,00
2013-10-26 23:34:16,262|96,0|4,0|0,0|995|818|177|9,10|2,73|0,44|0,00
2013-10-26 23:34:22,111|100,0|0,0|0,0|995|819|176|9,10|2,73|4,44|272,16
2013-10-26 23:34:27,982|96,0|4,0|0,0|995|818|176|9,10|2,73|9,07|273,75
2013-10-26 23:34:33,839|95,9|4,0|0,0|995|818|177|9,10|2,73|10,31|273,49
2013-10-26 23:34:39,683|100,0|0,0|0,0|995|819|175|9,10|2,73|10,45|287,74
2013-10-26 23:34:45,555|98,0|2,0|0,0|995|817|177|9,10|2,73|10,76|290,82
2013-10-26 23:34:51,407|100,0|0,0|0,0|995|817|178|9,10|2,73|6,47|18,99
2013-10-26 23:34:57,307|100,0|0,0|0,0|995|816|179|9,10|2,73|5,47|17,52
2013-10-26 23:35:03,207|100,0|0,0|0,0|995|815|179|9,10|2,73|4,90|17,59
2013-10-26 23:35:09,046|100,0|0,0|0,0|995|832|162|9,10|2,73|2,24|1,39
2013-10-26 23:35:14,963|100,0|0,0|0,0|995|831|163|9,10|2,73|0,18|0,00
2013-10-26 23:35:20,899|100,0|0,0|0,0|995|830|164|9,10|2,73|0,06|0,00
2013-10-26 23:35:26,776|100,0|0,0|0,0|995|830|165|9,10|2,73|0,47|0,00
2013-10-26 23:35:32,655|100,0|0,0|0,0|995|828|166|9,10|2,73|0,23|0,00
2013-10-26 23:35:38,542|94,0|6,0|0,0|995|827|168|9,10|2,73|0,76|0,00
2013-10-26 23:35:44,403|96,0|3,9|0,0|995|831|164|9,10|2,73|0,12|0,00
2013-10-26 23:35:50,262|96,0|4,0|0,0|995|827|167|9,10|2,73|13,00|273,49
2013-10-26 23:35:56,099|96,0|4,0|0,0|995|826|168|9,10|2,73|6,34|273,29
2013-10-26 23:36:01,943|100,0|0,0|0,0|995|825|170|9,10|2,73|11,05|291,80
2013-10-26 23:36:07,791|100,0|0,0|0,0|995|824|171|9,10|2,73|4,91|18,45
2013-10-26 23:36:13,686|100,0|0,0|0,0|995|821|174|9,10|2,73|5,44|18,46
2013-10-26 23:36:19,543|100,0|0,0|0,0|995|820|174|9,10|2,73|3,76|2,58
2013-10-26 23:36:25,467|100,0|0,0|0,0|995|821|174|9,10|2,73|0,47|0,00
2013-10-26 23:36:31,407|100,0|0,0|0,0|995|820|175|9,10|2,73|0,23|0,00
2013-10-26 23:36:37,251|100,0|0,0|0,0|995|819|176|9,10|2,73|0,35|0,00
2013-10-26 23:36:43,142|96,0|4,0|0,0|995|819|176|9,10|2,73|0,34|0,00
2013-10-26 23:36:49,015|94,0|6,0|0,0|995|819|176|9,10|2,73|6,38|273,56
2013-10-26 23:36:54,853|98,0|2,0|0,0|995|821|174|9,10|2,73|12,14|291,00
2013-10-26 23:37:00,718|100,0|0,0|0,0|995|820|175|9,10|2,73|4,73|19,54
2013-10-26 23:37:06,603|100,0|0,0|0,0|995|820|175|9,10|2,73|5,95|19,10
2013-10-26 23:37:12,466|100,0|0,0|0,0|995|820|175|9,10|2,73|0,57|0,00
2013-10-26 23:37:18,395|100,0|0,0|0,0|995|820|175|9,10|2,73|0,00|0,00
2013-10-26 23:37:24,246|96,0|1,9|0,0|995|820|175|9,10|2,73|3,50|0,00
2013-10-26 23:37:30,098|94,0|6,0|0,0|995|815|180|9,10|2,73|6,17|273,49
2013-10-26 23:37:35,935|0,0|0,0|100,0|995|813|182|9,10|2,73|6,52|21,17
2013-10-26 23:37:41,415|0,0|0,0|100,0|995|813|181|9,10|2,73|1,03|0,00
2013-10-26 23:37:46,895|6,0|6,0|88,0|995|813|181|9,10|2,73|0,92|0,00
2013-10-26 23:37:52,349|0,0|0,0|100,0|995|813|181|9,10|2,73|10,70|293,24
2013-10-26 23:37:57,807|0,0|0,0|100,0|995|813|181|9,10|2,73|0,75|0,00
2013-10-26 23:38:03,255|8,0|4,0|88,0|995|813|182|9,10|2,73|0,23|0,00
2013-10-26 23:38:08,700|5,8|3,9|90,1|995|813|182|9,10|2,73|6,21|273,47
2013-10-26 23:38:14,159|0,0|0,0|100,0|995|813|182|9,10|2,73|5,08|20,07
2013-10-26 23:38:19,595|2,0|2,0|96,0|995|812|183|9,10|2,73|2,57|0,00
2013-10-26 23:38:25,055|4,0|4,0|92,0|995|811|184|9,10|2,73|10,41|273,47
2013-10-26 23:38:30,491|0,0|0,0|100,0|995|811|184|9,10|2,73|5,25|20,39
2013-10-26 23:38:35,923|2,0|0,0|98,0|995|810|185|9,10|2,73|0,18|0,06
2013-10-26 23:38:41,363|6,0|4,0|90,0|995|810|185|9,10|2,73|6,22|273,47
2013-10-26 23:38:46,823|0,0|0,0|100,0|995|810|185|9,10|2,73|4,21|2,65
2013-10-26 23:38:52,271|2,0|2,0|95,9|995|810|185|9,10|2,73|0,15|0,00
2013-10-26 23:38:57,737|4,0|4,0|91,8|995|810|185|9,10|2,73|6,43|273,62
2013-10-26 23:39:03,189|0,0|0,0|100,0|995|810|185|9,10|2,73|5,03|20,75
2013-10-26 23:39:08,627|0,0|2,0|97,9|995|810|185|9,10|2,73|0,23|0,00
2013-10-26 23:39:14,068|3,9|5,8|90,1|995|810|185|9,10|2,73|6,76|273,53
2013-10-26 23:39:19,510|0,0|0,0|100,0|995|810|185|9,10|2,73|4,55|2,65
2013-10-26 23:39:24,966|4,0|0,0|95,9|995|810|185|9,10|2,73|3,26|0,00
2013-10-26 23:39:30,437|5,8|3,9|90,1|995|810|185|9,10|2,73|6,16|273,65
2013-10-26 23:39:35,881|0,0|0,0|100,0|995|810|185|9,10|2,73|6,56|2,65
2013-10-26 23:39:41,342|1,9|1,9|96,0|995|810|185|9,10|2,73|2,81|0,00
2013-10-26 23:39:46,816|8,0|2,0|90,0|995|810|185|9,10|2,73|5,19|17,57
2013-10-26 23:39:52,289|0,0|0,0|100,0|995|810|185|9,10|2,73|4,73|21,48
2013-10-26 23:39:57,724|0,0|0,0|100,0|995|810|185|9,10|2,73|0,12|0,00
2013-10-26 23:40:03,159|5,7|5,7|88,4|995|810|185|9,10|2,73|4,89|17,52
2013-10-26 23:40:08,590|0,0|0,0|100,0|995|810|185|9,10|2,73|4,79|21,70
2013-10-26 23:40:14,034|0,0|0,0|100,0|995|810|185|9,10|2,73|0,47|0,00
2013-10-26 23:40:19,497|4,0|6,0|90,0|995|810|185|9,10|2,73|4,71|17,52
2013-10-26 23:40:24,934|0,0|0,0|100,0|995|810|185|9,10|2,73|7,04|2,68
2013-10-26 23:40:30,383|2,0|0,0|98,0|995|810|185|9,10|2,73|0,18|0,00
2013-10-26 23:40:35,843|6,0|2,0|92,0|995|810|185|9,10|2,73|4,72|17,46
2013-10-26 23:40:41,302|0,0|0,0|100,0|995|810|185|9,10|2,73|5,38|22,12
2013-10-26 23:40:46,737|0,0|0,0|100,0|995|810|185|9,10|2,73|0,18|0,06
2013-10-26 23:40:52,175|4,0|4,0|89,7|995|810|185|9,10|2,73|4,78|17,46
2013-10-26 23:40:57,614|0,0|0,0|100,0|995|810|185|9,10|2,73|4,79|22,34
2013-10-26 23:41:03,058|0,0|0,0|100,0|995|810|185|9,10|2,73|0,23|0,00
2013-10-26 23:41:08,489|3,9|5,8|90,1|995|810|185|9,10|2,73|4,77|17,52
2013-10-26 23:41:13,930|0,0|0,0|100,0|995|810|185|9,10|2,73|5,08|22,53
2013-10-26 23:41:19,359|1,9|1,9|96,0|995|810|185|9,10|2,73|0,12|0,00
2013-10-26 23:41:24,802|4,0|6,0|90,0|995|810|185|9,10|2,73|7,92|17,46
2013-10-26 23:41:30,250|0,0|0,0|100,0|995|810|185|9,10|2,73|1,78|0,30
2013-10-26 23:41:35,721|3,9|3,9|92,1|995|810|185|9,10|2,73|0,06|0,00
2013-10-26 23:41:41,221|3,8|1,9|94,2|995|811|184|9,10|2,73|6,24|37,69
2013-10-26 23:41:46,682|0,0|0,0|100,0|995|810|185|9,10|2,73|0,12|0,00
2013-10-26 23:41:52,161|4,0|4,0|91,8|995|810|185|9,10|2,73|0,12|0,00
2013-10-26 23:41:57,609|0,0|0,0|100,0|995|810|184|9,10|2,73|10,17|40,34
2013-10-26 23:42:03,072|0,0|0,0|100,0|995|810|185|9,10|2,73|0,64|0,00
2013-10-26 23:42:08,502|6,0|4,0|90,0|995|810|185|9,10|2,73|0,49|0,06
2013-10-26 23:42:13,965|0,0|0,0|100,0|995|810|185|9,10|2,73|5,40|23,34
2013-10-26 23:42:19,437|0,0|0,0|100,0|995|810|185|9,10|2,73|0,29|0,00
2013-10-26 23:42:24,911|2,0|6,0|92,0|995|810|185|9,10|2,73|8,98|17,46
2013-10-26 23:42:30,349|0,0|0,0|100,0|995|810|185|9,10|2,73|4,67|23,55
2013-10-26 23:42:35,797|1,9|1,9|96,0|995|810|185|9,10|2,73|0,12|0,06
2013-10-26 23:42:41,232|6,0|2,0|90,0|995|810|185|9,10|2,73|5,49|17,52
2013-10-26 23:42:46,671|0,0|0,0|100,0|995|810|185|9,10|2,73|1,67|0,30
2013-10-26 23:42:52,137|4,0|4,0|91,8|995|810|185|9,10|2,73|0,51|0,00
2013-10-26 23:42:57,616|0,0|0,0|100,0|995|810|185|9,10|2,73|8,47|26,55
2013-10-26 23:43:03,076|0,0|0,0|100,0|995|810|185|9,10|2,73|0,23|0,00
2013-10-26 23:43:08,577|2,0|0,0|98,0|995|811|184|9,10|2,73|2,90|16,07
2013-10-26 23:43:14,033|0,0|0,0|100,0|995|810|185|9,10|2,74|5,21|24,11
2013-10-26 23:43:19,467|1,9|0,0|98,0|995|810|185|9,10|2,74|2,05|0,00
2013-10-26 23:43:24,932|0,0|0,0|100,0|995|811|184|9,10|2,74|12,09|41,48
2013-10-26 23:43:30,384|0,0|0,0|100,0|995|810|185|9,10|2,74|0,18|0,00
2013-10-26 23:43:35,820|4,0|0,0|96,0|995|811|183|9,10|2,74|0,94|0,00
2013-10-26 23:43:41,290|0,0|0,0|100,0|995|810|185|9,10|2,74|4,73|24,47
2013-10-26 23:43:46,743|0,0|0,0|100,0|995|810|185|9,10|2,74|0,12|0,00
2013-10-26 23:43:52,175|6,0|2,0|92,0|995|810|185|9,10|2,74|4,65|17,52
2013-10-26 23:43:57,610|0,0|0,0|100,0|995|810|185|9,10|2,74|0,12|0,00
2013-10-26 23:44:03,085|5,8|5,8|88,2|995|810|185|9,10|2,74|0,29|0,00
2013-10-26 23:44:08,524|0,0|0,0|100,0|995|810|185|9,10|2,74|8,20|27,42
2013-10-26 23:44:13,991|0,0|0,0|100,0|995|810|185|9,10|2,74|0,64|0,00
2013-10-26 23:44:19,469|3,9|5,8|90,1|995|810|185|9,10|2,74|4,84|17,46
2013-10-26 23:44:24,898|0,0|0,0|100,0|995|810|185|9,09|2,74|3,26|0,00
2013-10-26 23:44:30,332|0,0|0,0|100,0|995|810|185|9,09|2,74|3,20|0,00
2013-10-26 23:44:35,790|0,0|0,0|100,0|995|810|185|9,09|2,74|5,60|0,00
2013-10-26 23:44:41,243|0,0|0,0|100,0|995|810|185|9,09|2,74|0,82|0,00
