MV1===========================================
[26/Oct/2013:23:13:51 +0000]|4
[26/Oct/2013:23:14:30 +0000]|4
[26/Oct/2013:23:18:45 +0000]|205
[26/Oct/2013:23:19:04 +0000]|18860
[26/Oct/2013:23:19:14 +0000]|8084
[26/Oct/2013:23:19:14 +0000]|8222
[26/Oct/2013:23:19:14 +0000]|8372
[26/Oct/2013:23:19:14 +0000]|8520
[26/Oct/2013:23:19:14 +0000]|8752
[26/Oct/2013:23:19:14 +0000]|8911
[26/Oct/2013:23:19:14 +0000]|9037
[26/Oct/2013:23:19:15 +0000]|9172
[26/Oct/2013:23:19:15 +0000]|9316
[26/Oct/2013:23:19:15 +0000]|9512
[26/Oct/2013:23:19:15 +0000]|9648
[26/Oct/2013:23:19:15 +0000]|9803
[26/Oct/2013:23:19:15 +0000]|9952
[26/Oct/2013:23:19:16 +0000]|10262
[26/Oct/2013:23:19:16 +0000]|10400
[26/Oct/2013:23:19:16 +0000]|10547
[26/Oct/2013:23:19:16 +0000]|10685
[26/Oct/2013:23:19:16 +0000]|10828
[26/Oct/2013:23:19:16 +0000]|10968
[26/Oct/2013:23:19:16 +0000]|11128
[26/Oct/2013:23:19:16 +0000]|11316
[26/Oct/2013:23:19:17 +0000]|11455
[26/Oct/2013:23:19:17 +0000]|11600
[26/Oct/2013:23:19:17 +0000]|11760
[26/Oct/2013:23:19:17 +0000]|11867
[26/Oct/2013:23:19:17 +0000]|12008
[26/Oct/2013:23:19:17 +0000]|12144
[26/Oct/2013:23:19:17 +0000]|12284
[26/Oct/2013:23:19:17 +0000]|12431
[26/Oct/2013:23:19:18 +0000]|12608
[26/Oct/2013:23:19:18 +0000]|12748
[26/Oct/2013:23:19:18 +0000]|12900
[26/Oct/2013:23:19:18 +0000]|13060
[26/Oct/2013:23:19:18 +0000]|13207
[26/Oct/2013:23:19:18 +0000]|13378
[26/Oct/2013:23:19:18 +0000]|13524
[26/Oct/2013:23:19:18 +0000]|13688
[26/Oct/2013:23:19:19 +0000]|13856
[26/Oct/2013:23:19:19 +0000]|13948
[26/Oct/2013:23:19:19 +0000]|14124
[26/Oct/2013:23:19:19 +0000]|14260
[26/Oct/2013:23:19:19 +0000]|14418
[26/Oct/2013:23:19:19 +0000]|14650
[26/Oct/2013:23:19:19 +0000]|14776
[26/Oct/2013:23:19:19 +0000]|14916
[26/Oct/2013:23:19:20 +0000]|15076
[26/Oct/2013:23:19:20 +0000]|15224
[26/Oct/2013:23:19:20 +0000]|15372
[26/Oct/2013:23:19:20 +0000]|15536
[26/Oct/2013:23:19:20 +0000]|15676
[26/Oct/2013:23:19:20 +0000]|15837
[26/Oct/2013:23:19:20 +0000]|16004
[26/Oct/2013:23:19:20 +0000]|16131
[26/Oct/2013:23:19:21 +0000]|16245
[26/Oct/2013:23:19:21 +0000]|16388
[26/Oct/2013:23:19:21 +0000]|16576
[26/Oct/2013:23:19:21 +0000]|16721
[26/Oct/2013:23:19:21 +0000]|16885
[26/Oct/2013:23:19:21 +0000]|17041
[26/Oct/2013:23:19:21 +0000]|17188
[26/Oct/2013:23:19:41 +0000]|35881
[26/Oct/2013:23:20:02 +0000]|76445
[26/Oct/2013:23:28:28 +0000]|563812
[26/Oct/2013:23:30:14 +0000]|668960
[26/Oct/2013:23:30:14 +0000]|670352
[26/Oct/2013:23:30:51 +0000]|705824
[26/Oct/2013:23:31:11 +0000]|725688
[26/Oct/2013:23:31:11 +0000]|725811
[26/Oct/2013:23:31:41 +0000]|756768
[26/Oct/2013:23:31:54 +0000]|482384
[26/Oct/2013:23:31:55 +0000]|483962
[26/Oct/2013:23:31:55 +0000]|483966
[26/Oct/2013:23:31:55 +0000]|483966
[26/Oct/2013:23:31:57 +0000]|485916
[26/Oct/2013:23:31:57 +0000]|485920
[26/Oct/2013:23:31:58 +0000]|402010
[26/Oct/2013:23:31:58 +0000]|495541
[26/Oct/2013:23:32:00 +0000]|739256
[26/Oct/2013:23:32:04 +0000]|779704
[26/Oct/2013:23:32:06 +0000]|494803
[26/Oct/2013:23:32:11 +0000]|515617
[26/Oct/2013:23:32:11 +0000]|184896
[26/Oct/2013:23:32:22 +0000]|525980
[26/Oct/2013:23:32:22 +0000]|510468
[26/Oct/2013:23:32:23 +0000]|511515
[26/Oct/2013:23:32:25 +0000]|513415
[26/Oct/2013:23:32:25 +0000]|497524
[26/Oct/2013:23:32:27 +0000]|477293
[26/Oct/2013:23:32:27 +0000]|515919
[26/Oct/2013:23:32:25 +0000]|521724
[26/Oct/2013:23:32:36 +0000]|573536
[26/Oct/2013:23:32:36 +0000]|524465
[26/Oct/2013:23:32:36 +0000]|539987
[26/Oct/2013:23:32:38 +0000]|542106
[26/Oct/2013:23:32:38 +0000]|542113
[26/Oct/2013:23:32:41 +0000]|545682
[26/Oct/2013:23:32:41 +0000]|545692
[26/Oct/2013:23:32:45 +0000]|169282
[26/Oct/2013:23:32:45 +0000]|196488
[26/Oct/2013:23:32:47 +0000]|152297
[26/Oct/2013:23:32:53 +0000]|387753
[26/Oct/2013:23:32:53 +0000]|410160
[26/Oct/2013:23:32:55 +0000]|435148
[26/Oct/2013:23:32:55 +0000]|481617
[26/Oct/2013:23:32:58 +0000]|148453
[26/Oct/2013:23:32:58 +0000]|148475
[26/Oct/2013:23:32:58 +0000]|148491
[26/Oct/2013:23:33:08 +0000]|109605
[26/Oct/2013:23:33:10 +0000]|111615
[26/Oct/2013:23:33:12 +0000]|94420
[26/Oct/2013:23:33:13 +0000]|268840
[26/Oct/2013:23:33:14 +0000]|294308
[26/Oct/2013:23:33:14 +0000]|317000
[26/Oct/2013:23:33:17 +0000]|388378
[26/Oct/2013:23:33:17 +0000]|342144
[26/Oct/2013:23:33:20 +0000]|193211
[26/Oct/2013:23:33:20 +0000]|193219
[26/Oct/2013:23:33:26 +0000]|83371
[26/Oct/2013:23:33:26 +0000]|83373
[26/Oct/2013:23:33:26 +0000]|83384
[26/Oct/2013:23:33:26 +0000]|83393
[26/Oct/2013:23:33:28 +0000]|85510
[26/Oct/2013:23:33:28 +0000]|151532
[26/Oct/2013:23:33:28 +0000]|377044
[26/Oct/2013:23:33:28 +0000]|155190
[26/Oct/2013:23:33:29 +0000]|156600
[26/Oct/2013:23:33:29 +0000]|156612
[26/Oct/2013:23:33:29 +0000]|168056
[26/Oct/2013:23:33:33 +0000]|92517
[26/Oct/2013:23:33:36 +0000]|60285
[26/Oct/2013:23:33:36 +0000]|56708
[26/Oct/2013:23:33:37 +0000]|72079
[26/Oct/2013:23:33:37 +0000]|72088
[26/Oct/2013:23:33:37 +0000]|75035
[26/Oct/2013:23:33:40 +0000]|99330
[26/Oct/2013:23:33:40 +0000]|151627
[26/Oct/2013:23:33:40 +0000]|137635
[26/Oct/2013:23:33:43 +0000]|53106
[26/Oct/2013:23:33:43 +0000]|53110
[26/Oct/2013:23:33:43 +0000]|53120
[26/Oct/2013:23:33:44 +0000]|53718
[26/Oct/2013:23:33:44 +0000]|67831
[26/Oct/2013:23:33:44 +0000]|67857
[26/Oct/2013:23:33:44 +0000]|68551
[26/Oct/2013:23:33:48 +0000]|114142
[26/Oct/2013:23:33:48 +0000]|57981
[26/Oct/2013:23:33:48 +0000]|58002
[26/Oct/2013:23:33:48 +0000]|58010
[26/Oct/2013:23:33:49 +0000]|58714
[26/Oct/2013:23:33:49 +0000]|73554
[26/Oct/2013:23:33:49 +0000]|97894
[26/Oct/2013:23:33:49 +0000]|97902
[26/Oct/2013:23:33:49 +0000]|97910
[26/Oct/2013:23:33:49 +0000]|97919
[26/Oct/2013:23:33:49 +0000]|97927
[26/Oct/2013:23:33:52 +0000]|100314
[26/Oct/2013:23:33:52 +0000]|125357
[26/Oct/2013:23:33:52 +0000]|76579
[26/Oct/2013:23:33:52 +0000]|56317
[26/Oct/2013:23:33:53 +0000]|77368
[26/Oct/2013:23:33:54 +0000]|35694
[26/Oct/2013:23:33:57 +0000]|101980
[26/Oct/2013:23:33:58 +0000]|81904
[26/Oct/2013:23:33:58 +0000]|39595
[26/Oct/2013:23:33:58 +0000]|39602
[26/Oct/2013:23:33:58 +0000]|39606
[26/Oct/2013:23:33:58 +0000]|39614
[26/Oct/2013:23:33:58 +0000]|39622
[26/Oct/2013:23:33:59 +0000]|44353
[26/Oct/2013:23:34:01 +0000]|74572
[26/Oct/2013:23:34:02 +0000]|40834
[26/Oct/2013:23:34:05 +0000]|43280
[26/Oct/2013:23:34:05 +0000]|44840
[26/Oct/2013:23:34:05 +0000]|44040
[26/Oct/2013:23:34:05 +0000]|44041
[26/Oct/2013:23:34:05 +0000]|36175
[26/Oct/2013:23:34:05 +0000]|78670
[26/Oct/2013:23:34:05 +0000]|46636
[26/Oct/2013:23:34:06 +0000]|44992
[26/Oct/2013:23:34:06 +0000]|45001
[26/Oct/2013:23:34:06 +0000]|45015
[26/Oct/2013:23:34:06 +0000]|45021
[26/Oct/2013:23:34:07 +0000]|40360
[26/Oct/2013:23:34:07 +0000]|39477
[26/Oct/2013:23:34:13 +0000]|45900
[26/Oct/2013:23:34:18 +0000]|48620
MV2===========================================
[26/Oct/2013:23:14:23 +0000]|41
[26/Oct/2013:23:20:36 +0000]|3
[26/Oct/2013:23:20:37 +0000]|40
[26/Oct/2013:23:20:37 +0000]|41
[26/Oct/2013:23:20:37 +0000]|76
[26/Oct/2013:23:20:37 +0000]|86
[26/Oct/2013:23:20:37 +0000]|107
[26/Oct/2013:23:20:37 +0000]|85
[26/Oct/2013:23:20:40 +0000]|2521
[26/Oct/2013:23:20:42 +0000]|2433
[26/Oct/2013:23:20:42 +0000]|2496
[26/Oct/2013:23:20:42 +0000]|2552
[26/Oct/2013:23:20:44 +0000]|5238
[26/Oct/2013:23:20:45 +0000]|5289
[26/Oct/2013:23:20:45 +0000]|5415
[26/Oct/2013:23:20:45 +0000]|5476
[26/Oct/2013:23:20:45 +0000]|5836
[26/Oct/2013:23:20:45 +0000]|5827
[26/Oct/2013:23:20:48 +0000]|7589
[26/Oct/2013:23:20:48 +0000]|8341
[26/Oct/2013:23:20:51 +0000]|11513
[26/Oct/2013:23:20:52 +0000]|1318
[26/Oct/2013:23:20:52 +0000]|683
[26/Oct/2013:23:20:52 +0000]|1409
[26/Oct/2013:23:20:52 +0000]|738
[26/Oct/2013:23:20:52 +0000]|784
[26/Oct/2013:23:20:52 +0000]|1500
[26/Oct/2013:23:20:52 +0000]|832
[26/Oct/2013:23:20:52 +0000]|849
[26/Oct/2013:23:20:52 +0000]|860
[26/Oct/2013:23:20:52 +0000]|863
[26/Oct/2013:23:20:52 +0000]|867
[26/Oct/2013:23:20:52 +0000]|876
[26/Oct/2013:23:20:52 +0000]|879
[26/Oct/2013:23:20:52 +0000]|892
[26/Oct/2013:23:20:52 +0000]|900
[26/Oct/2013:23:20:52 +0000]|1004
[26/Oct/2013:23:20:53 +0000]|2101
[26/Oct/2013:23:20:53 +0000]|2119
[26/Oct/2013:23:20:53 +0000]|2122
[26/Oct/2013:23:21:06 +0000]|15621
[26/Oct/2013:23:21:07 +0000]|15689
[26/Oct/2013:23:21:07 +0000]|16303
[26/Oct/2013:23:21:07 +0000]|16288
[26/Oct/2013:23:21:07 +0000]|16273
[26/Oct/2013:23:21:07 +0000]|16264
[26/Oct/2013:23:21:07 +0000]|16264
[26/Oct/2013:23:21:13 +0000]|20984
[26/Oct/2013:23:21:13 +0000]|6727
[26/Oct/2013:23:21:13 +0000]|6768
[26/Oct/2013:23:21:13 +0000]|6813
[26/Oct/2013:23:21:13 +0000]|6905
[26/Oct/2013:23:21:13 +0000]|6934
[26/Oct/2013:23:21:13 +0000]|7035
[26/Oct/2013:23:21:18 +0000]|26811
[26/Oct/2013:23:21:18 +0000]|26736
[26/Oct/2013:23:21:18 +0000]|26768
[26/Oct/2013:23:21:18 +0000]|26818
[26/Oct/2013:23:21:18 +0000]|26871
[26/Oct/2013:23:21:18 +0000]|26944
[26/Oct/2013:23:21:22 +0000]|30471
[26/Oct/2013:23:21:22 +0000]|30916
[26/Oct/2013:23:21:25 +0000]|33800
[26/Oct/2013:23:21:26 +0000]|35305
[26/Oct/2013:23:21:26 +0000]|35187
[26/Oct/2013:23:21:29 +0000]|38532
[26/Oct/2013:23:21:29 +0000]|38204
[26/Oct/2013:23:21:30 +0000]|38897
[26/Oct/2013:23:21:30 +0000]|39176
[26/Oct/2013:23:21:30 +0000]|39172
[26/Oct/2013:23:21:30 +0000]|39032
[26/Oct/2013:23:21:31 +0000]|39912
[26/Oct/2013:23:21:31 +0000]|40156
[26/Oct/2013:23:21:31 +0000]|39992
[26/Oct/2013:23:21:31 +0000]|40033
[26/Oct/2013:23:21:32 +0000]|40616
[26/Oct/2013:23:21:32 +0000]|40531
[26/Oct/2013:23:21:32 +0000]|40540
[26/Oct/2013:23:21:33 +0000]|41486
[26/Oct/2013:23:21:33 +0000]|41520
[26/Oct/2013:23:21:33 +0000]|41520
[26/Oct/2013:23:21:34 +0000]|27161
[26/Oct/2013:23:21:34 +0000]|42372
[26/Oct/2013:23:21:34 +0000]|42500
[26/Oct/2013:23:21:34 +0000]|42325
[26/Oct/2013:23:21:34 +0000]|43252
[26/Oct/2013:23:21:35 +0000]|43547
[26/Oct/2013:23:21:36 +0000]|44562
[26/Oct/2013:23:21:36 +0000]|44556
[26/Oct/2013:23:21:36 +0000]|44550
[26/Oct/2013:23:21:36 +0000]|44551
[26/Oct/2013:23:21:36 +0000]|44566
[26/Oct/2013:23:21:36 +0000]|45548
[26/Oct/2013:23:21:37 +0000]|45571
[26/Oct/2013:23:21:37 +0000]|45584
[26/Oct/2013:23:21:37 +0000]|46204
[26/Oct/2013:23:21:38 +0000]|47086
[26/Oct/2013:23:21:38 +0000]|47096
[26/Oct/2013:23:21:41 +0000]|49492
[26/Oct/2013:23:21:44 +0000]|35771
[26/Oct/2013:23:21:44 +0000]|38031
[26/Oct/2013:23:22:34 +0000]|688
[26/Oct/2013:23:22:34 +0000]|406
[26/Oct/2013:23:22:35 +0000]|928
[26/Oct/2013:23:22:35 +0000]|533
[26/Oct/2013:23:22:36 +0000]|1676
[26/Oct/2013:23:22:36 +0000]|889
[26/Oct/2013:23:22:36 +0000]|2241
[26/Oct/2013:23:22:39 +0000]|2996
[26/Oct/2013:23:22:39 +0000]|689
[26/Oct/2013:23:22:41 +0000]|3157
[26/Oct/2013:23:22:41 +0000]|6746
[26/Oct/2013:23:22:41 +0000]|2001
[26/Oct/2013:23:22:41 +0000]|2084
[26/Oct/2013:23:22:41 +0000]|2108
[26/Oct/2013:23:22:42 +0000]|2192
[26/Oct/2013:23:22:42 +0000]|2212
[26/Oct/2013:23:22:42 +0000]|2293
[26/Oct/2013:23:22:42 +0000]|2335
[26/Oct/2013:23:22:49 +0000]|3408
[26/Oct/2013:23:22:49 +0000]|10746
[26/Oct/2013:23:22:49 +0000]|4347
[26/Oct/2013:23:22:49 +0000]|4367
[26/Oct/2013:23:22:49 +0000]|4380
[26/Oct/2013:23:22:49 +0000]|4406
[26/Oct/2013:23:22:49 +0000]|4434
[26/Oct/2013:23:22:49 +0000]|14784
[26/Oct/2013:23:22:49 +0000]|12400
[26/Oct/2013:23:22:49 +0000]|13435
[26/Oct/2013:23:22:49 +0000]|13455
[26/Oct/2013:23:22:49 +0000]|13518
[26/Oct/2013:23:22:49 +0000]|13569
[26/Oct/2013:23:22:58 +0000]|23002
[26/Oct/2013:23:23:00 +0000]|15988
[26/Oct/2013:23:23:00 +0000]|24883
[26/Oct/2013:23:23:00 +0000]|16114
[26/Oct/2013:23:23:02 +0000]|24111
[26/Oct/2013:23:23:02 +0000]|24156
[26/Oct/2013:23:23:02 +0000]|24183
[26/Oct/2013:23:23:02 +0000]|3902
[26/Oct/2013:23:23:02 +0000]|24352
[26/Oct/2013:23:23:02 +0000]|4064
[26/Oct/2013:23:23:02 +0000]|4121
[26/Oct/2013:23:23:03 +0000]|28926
[26/Oct/2013:23:23:04 +0000]|25836
[26/Oct/2013:23:23:04 +0000]|5473
[26/Oct/2013:23:23:04 +0000]|5528
[26/Oct/2013:23:23:04 +0000]|25928
[26/Oct/2013:23:23:04 +0000]|5624
[26/Oct/2013:23:23:04 +0000]|5670
[26/Oct/2013:23:23:04 +0000]|27588
[26/Oct/2013:23:23:04 +0000]|5788
[26/Oct/2013:23:23:04 +0000]|5915
[26/Oct/2013:23:23:05 +0000]|28392
[26/Oct/2013:23:23:05 +0000]|27044
[26/Oct/2013:23:23:11 +0000]|6375
[26/Oct/2013:23:23:11 +0000]|6407
[26/Oct/2013:23:23:11 +0000]|6459
[26/Oct/2013:23:23:11 +0000]|6552
[26/Oct/2013:23:23:11 +0000]|13200
[26/Oct/2013:23:23:12 +0000]|6752
[26/Oct/2013:23:23:12 +0000]|7115
[26/Oct/2013:23:23:12 +0000]|7116
[26/Oct/2013:23:23:12 +0000]|7116
[26/Oct/2013:23:23:15 +0000]|36737
[26/Oct/2013:23:23:21 +0000]|4369
[26/Oct/2013:23:23:21 +0000]|4476
[26/Oct/2013:23:23:21 +0000]|4540
[26/Oct/2013:23:23:21 +0000]|4624
[26/Oct/2013:23:23:21 +0000]|4680
[26/Oct/2013:23:23:21 +0000]|4762
[26/Oct/2013:23:23:21 +0000]|4864
[26/Oct/2013:23:23:21 +0000]|4925
[26/Oct/2013:23:23:21 +0000]|4967
[26/Oct/2013:23:23:21 +0000]|4990
[26/Oct/2013:23:23:21 +0000]|5008
[26/Oct/2013:23:23:30 +0000]|30891
[26/Oct/2013:23:23:30 +0000]|9184
[26/Oct/2013:23:23:30 +0000]|9254
[26/Oct/2013:23:23:30 +0000]|9338
[26/Oct/2013:23:23:33 +0000]|12080
[26/Oct/2013:23:23:35 +0000]|45784
[26/Oct/2013:23:23:35 +0000]|35695
[26/Oct/2013:23:23:35 +0000]|19094
[26/Oct/2013:23:23:35 +0000]|19111
[26/Oct/2013:23:23:35 +0000]|29298
[26/Oct/2013:23:23:35 +0000]|19175
[26/Oct/2013:23:23:35 +0000]|19324
[26/Oct/2013:23:23:35 +0000]|36564
[26/Oct/2013:23:23:37 +0000]|16078
[26/Oct/2013:23:23:37 +0000]|16117
[26/Oct/2013:23:23:37 +0000]|16165
[26/Oct/2013:23:23:37 +0000]|16231
[26/Oct/2013:23:23:39 +0000]|39672
[26/Oct/2013:23:23:41 +0000]|40068
[26/Oct/2013:23:23:41 +0000]|29040
[26/Oct/2013:23:23:41 +0000]|19775
[26/Oct/2013:23:23:41 +0000]|24839
[26/Oct/2013:23:23:47 +0000]|25465
[26/Oct/2013:23:23:49 +0000]|32512
[26/Oct/2013:23:23:49 +0000]|32559
[26/Oct/2013:23:24:45 +0000]|3
[26/Oct/2013:23:24:45 +0000]|49
[26/Oct/2013:23:24:46 +0000]|3
[26/Oct/2013:23:24:46 +0000]|103
[26/Oct/2013:23:24:57 +0000]|315
[26/Oct/2013:23:24:57 +0000]|16
[26/Oct/2013:23:24:57 +0000]|112
[26/Oct/2013:23:25:06 +0000]|3
[26/Oct/2013:23:25:07 +0000]|289
[26/Oct/2013:23:25:07 +0000]|278
[26/Oct/2013:23:25:07 +0000]|36
[26/Oct/2013:23:25:08 +0000]|84
[26/Oct/2013:23:25:34 +0000]|4
[26/Oct/2013:23:25:34 +0000]|62
[26/Oct/2013:23:25:35 +0000]|287
[26/Oct/2013:23:25:52 +0000]|8
[26/Oct/2013:23:25:52 +0000]|24
[26/Oct/2013:23:25:52 +0000]|63
[26/Oct/2013:23:25:53 +0000]|393
[26/Oct/2013:23:25:55 +0000]|905
[26/Oct/2013:23:25:55 +0000]|1046
[26/Oct/2013:23:25:55 +0000]|1059
[26/Oct/2013:23:25:55 +0000]|1078
[26/Oct/2013:23:25:55 +0000]|1118
[26/Oct/2013:23:25:55 +0000]|1803
[26/Oct/2013:23:25:55 +0000]|1804
[26/Oct/2013:23:25:55 +0000]|1805
[26/Oct/2013:23:26:01 +0000]|65
[26/Oct/2013:23:26:01 +0000]|177
[26/Oct/2013:23:26:01 +0000]|193
[26/Oct/2013:23:26:01 +0000]|7
[26/Oct/2013:23:26:01 +0000]|241
[26/Oct/2013:23:26:01 +0000]|218
[26/Oct/2013:23:26:01 +0000]|256
[26/Oct/2013:23:26:01 +0000]|276
[26/Oct/2013:23:26:01 +0000]|296
[26/Oct/2013:23:26:01 +0000]|328
[26/Oct/2013:23:26:01 +0000]|356
[26/Oct/2013:23:26:01 +0000]|376
[26/Oct/2013:23:26:01 +0000]|411
[26/Oct/2013:23:26:01 +0000]|424
[26/Oct/2013:23:26:01 +0000]|456
[26/Oct/2013:23:26:01 +0000]|471
[26/Oct/2013:23:26:01 +0000]|504
[26/Oct/2013:23:26:01 +0000]|532
[26/Oct/2013:23:26:01 +0000]|642
[26/Oct/2013:23:26:01 +0000]|657
[26/Oct/2013:23:26:01 +0000]|714
[26/Oct/2013:23:26:01 +0000]|723
[26/Oct/2013:23:26:01 +0000]|743
[26/Oct/2013:23:26:01 +0000]|744
[26/Oct/2013:23:26:01 +0000]|753
[26/Oct/2013:23:26:01 +0000]|777
[26/Oct/2013:23:26:01 +0000]|813
[26/Oct/2013:23:26:01 +0000]|833
[26/Oct/2013:23:26:01 +0000]|834
[26/Oct/2013:23:26:01 +0000]|854
[26/Oct/2013:23:26:01 +0000]|871
[26/Oct/2013:23:26:24 +0000]|24128
[26/Oct/2013:23:26:24 +0000]|23190
[26/Oct/2013:23:26:24 +0000]|248
[26/Oct/2013:23:26:24 +0000]|17472
[26/Oct/2013:23:26:25 +0000]|24230
[26/Oct/2013:23:26:26 +0000]|25919
[26/Oct/2013:23:26:26 +0000]|25936
[26/Oct/2013:23:26:26 +0000]|25980
[26/Oct/2013:23:26:31 +0000]|4200
[26/Oct/2013:23:26:31 +0000]|4228
[26/Oct/2013:23:26:31 +0000]|4279
[26/Oct/2013:23:26:31 +0000]|4312
[26/Oct/2013:23:26:31 +0000]|4376
[26/Oct/2013:23:26:31 +0000]|4414
[26/Oct/2013:23:26:31 +0000]|4451
[26/Oct/2013:23:26:31 +0000]|4475
[26/Oct/2013:23:26:31 +0000]|4508
[26/Oct/2013:23:26:31 +0000]|1576
[26/Oct/2013:23:26:31 +0000]|1615
[26/Oct/2013:23:26:31 +0000]|1634
[26/Oct/2013:23:26:31 +0000]|1651
[26/Oct/2013:23:26:31 +0000]|1683
[26/Oct/2013:23:26:31 +0000]|1715
[26/Oct/2013:23:26:31 +0000]|1736
[26/Oct/2013:23:26:31 +0000]|1752
[26/Oct/2013:23:26:31 +0000]|1774
[26/Oct/2013:23:26:31 +0000]|1805
[26/Oct/2013:23:26:31 +0000]|1825
[26/Oct/2013:23:26:31 +0000]|1835
[26/Oct/2013:23:26:31 +0000]|1852
[26/Oct/2013:23:26:31 +0000]|1867
[26/Oct/2013:23:26:31 +0000]|1870
[26/Oct/2013:23:26:31 +0000]|1886
[26/Oct/2013:23:26:31 +0000]|1905
[26/Oct/2013:23:26:31 +0000]|1921
[26/Oct/2013:23:26:31 +0000]|1924
[26/Oct/2013:23:26:31 +0000]|1939
[26/Oct/2013:23:26:31 +0000]|1951
[26/Oct/2013:23:26:31 +0000]|1971
[26/Oct/2013:23:26:31 +0000]|1985
[26/Oct/2013:23:26:31 +0000]|1993
[26/Oct/2013:23:26:31 +0000]|2012
[26/Oct/2013:23:26:31 +0000]|2022
[26/Oct/2013:23:26:31 +0000]|2063
[26/Oct/2013:23:26:31 +0000]|2068
[26/Oct/2013:23:26:31 +0000]|2093
[26/Oct/2013:23:26:31 +0000]|2108
[26/Oct/2013:23:26:31 +0000]|2111
[26/Oct/2013:23:26:31 +0000]|2117
[26/Oct/2013:23:26:31 +0000]|31133
[26/Oct/2013:23:26:31 +0000]|31135
[26/Oct/2013:23:26:31 +0000]|31134
[26/Oct/2013:23:27:05 +0000]|16808
[26/Oct/2013:23:27:05 +0000]|16872
[26/Oct/2013:23:27:05 +0000]|16754
[26/Oct/2013:23:27:06 +0000]|39718
[26/Oct/2013:23:27:07 +0000]|67041
[26/Oct/2013:23:27:08 +0000]|41140
[26/Oct/2013:23:27:08 +0000]|41187
[26/Oct/2013:23:27:08 +0000]|41234
[26/Oct/2013:23:27:09 +0000]|20423
MV3===========================================
[26/Oct/2013:23:15:01 +0000]|5
[26/Oct/2013:23:20:59 +0000]|6
[26/Oct/2013:23:21:00 +0000]|158
[26/Oct/2013:23:21:00 +0000]|601
[26/Oct/2013:23:21:01 +0000]|511
[26/Oct/2013:23:21:01 +0000]|582
[26/Oct/2013:23:21:01 +0000]|1076
[26/Oct/2013:23:21:03 +0000]|2320
[26/Oct/2013:23:21:03 +0000]|1101
[26/Oct/2013:23:21:03 +0000]|117
[26/Oct/2013:23:21:03 +0000]|158
[26/Oct/2013:23:21:03 +0000]|193
[26/Oct/2013:23:21:03 +0000]|237
[26/Oct/2013:23:21:03 +0000]|257
[26/Oct/2013:23:21:03 +0000]|266
[26/Oct/2013:23:21:03 +0000]|276
[26/Oct/2013:23:21:03 +0000]|321
[26/Oct/2013:23:21:06 +0000]|2510
[26/Oct/2013:23:21:07 +0000]|3672
[26/Oct/2013:23:21:11 +0000]|1661
[26/Oct/2013:23:21:11 +0000]|40
[26/Oct/2013:23:21:12 +0000]|2065
[26/Oct/2013:23:21:15 +0000]|1701
[26/Oct/2013:23:21:15 +0000]|2480
[26/Oct/2013:23:21:17 +0000]|16044
[26/Oct/2013:23:21:17 +0000]|1463
[26/Oct/2013:23:21:18 +0000]|15193
[26/Oct/2013:23:21:18 +0000]|2511
[26/Oct/2013:23:21:19 +0000]|8455
[26/Oct/2013:23:21:19 +0000]|2616
[26/Oct/2013:23:21:23 +0000]|21520
[26/Oct/2013:23:21:23 +0000]|22319
[26/Oct/2013:23:21:24 +0000]|23148
[26/Oct/2013:23:21:24 +0000]|23112
[26/Oct/2013:23:21:25 +0000]|13265
[26/Oct/2013:23:21:25 +0000]|15272
[26/Oct/2013:23:21:25 +0000]|15906
[26/Oct/2013:23:21:25 +0000]|15270
[26/Oct/2013:23:21:28 +0000]|721
[26/Oct/2013:23:21:28 +0000]|32
[26/Oct/2013:23:21:28 +0000]|12438
[26/Oct/2013:23:21:28 +0000]|4003
[26/Oct/2013:23:21:29 +0000]|5110
[26/Oct/2013:23:21:30 +0000]|19952
[26/Oct/2013:23:21:31 +0000]|20630
[26/Oct/2013:23:21:31 +0000]|18635
[26/Oct/2013:23:21:31 +0000]|21359
[26/Oct/2013:23:21:31 +0000]|20503
[26/Oct/2013:23:21:32 +0000]|18007
[26/Oct/2013:23:21:32 +0000]|18048
[26/Oct/2013:23:21:33 +0000]|21996
[26/Oct/2013:23:21:35 +0000]|21040
[26/Oct/2013:23:21:36 +0000]|14171
[26/Oct/2013:23:21:37 +0000]|14753
[26/Oct/2013:23:21:37 +0000]|14745
[26/Oct/2013:23:21:38 +0000]|21625
[26/Oct/2013:23:21:38 +0000]|6823
[26/Oct/2013:23:21:39 +0000]|23002
[26/Oct/2013:23:21:41 +0000]|18695
[26/Oct/2013:23:21:44 +0000]|21048
[26/Oct/2013:23:21:44 +0000]|22377
[26/Oct/2013:23:21:45 +0000]|13942
[26/Oct/2013:23:21:45 +0000]|13975
[26/Oct/2013:23:21:45 +0000]|44
[26/Oct/2013:23:21:47 +0000]|24244
[26/Oct/2013:23:21:49 +0000]|25865
[26/Oct/2013:23:21:49 +0000]|26532
[26/Oct/2013:23:21:50 +0000]|18848
[26/Oct/2013:23:21:51 +0000]|6560
[26/Oct/2013:23:21:51 +0000]|12756
[26/Oct/2013:23:21:51 +0000]|12843
[26/Oct/2013:23:21:51 +0000]|12237
[26/Oct/2013:23:21:52 +0000]|12967
[26/Oct/2013:23:21:53 +0000]|21230
[26/Oct/2013:23:21:56 +0000]|24359
[26/Oct/2013:23:21:56 +0000]|24382
[26/Oct/2013:23:21:56 +0000]|15994
[26/Oct/2013:23:21:57 +0000]|8912
[26/Oct/2013:23:21:57 +0000]|25181
[26/Oct/2013:23:21:57 +0000]|25188
[26/Oct/2013:23:21:57 +0000]|25895
[26/Oct/2013:23:21:57 +0000]|25903
[26/Oct/2013:23:21:58 +0000]|26835
[26/Oct/2013:23:21:58 +0000]|26869
[26/Oct/2013:23:21:58 +0000]|26884
[26/Oct/2013:23:21:58 +0000]|26896
[26/Oct/2013:23:22:00 +0000]|20088
[26/Oct/2013:23:22:00 +0000]|20122
[26/Oct/2013:23:22:05 +0000]|24708
[26/Oct/2013:23:22:05 +0000]|17071
[26/Oct/2013:23:22:05 +0000]|25435
[26/Oct/2013:23:22:05 +0000]|25457
[26/Oct/2013:23:22:06 +0000]|26127
[26/Oct/2013:23:22:06 +0000]|26144
[26/Oct/2013:23:22:06 +0000]|26165
[26/Oct/2013:23:22:07 +0000]|27104
[26/Oct/2013:23:22:08 +0000]|20154
[26/Oct/2013:23:22:08 +0000]|20222
[26/Oct/2013:23:22:08 +0000]|20284
[26/Oct/2013:23:22:09 +0000]|23040
[26/Oct/2013:23:22:10 +0000]|22266
[26/Oct/2013:23:22:37 +0000]|4
[26/Oct/2013:23:22:37 +0000]|76
[26/Oct/2013:23:22:37 +0000]|81
[26/Oct/2013:23:22:38 +0000]|334
[26/Oct/2013:23:22:39 +0000]|780
[26/Oct/2013:23:22:39 +0000]|916
[26/Oct/2013:23:22:39 +0000]|942
[26/Oct/2013:23:22:39 +0000]|971
[26/Oct/2013:23:22:39 +0000]|992
[26/Oct/2013:23:22:40 +0000]|1656
[26/Oct/2013:23:22:43 +0000]|88
[26/Oct/2013:23:22:43 +0000]|267
[26/Oct/2013:23:22:43 +0000]|304
[26/Oct/2013:23:22:43 +0000]|389
[26/Oct/2013:23:22:43 +0000]|420
[26/Oct/2013:23:22:43 +0000]|520
[26/Oct/2013:23:22:43 +0000]|620
[26/Oct/2013:23:22:43 +0000]|716
[26/Oct/2013:23:22:43 +0000]|725
[26/Oct/2013:23:22:51 +0000]|7666
[26/Oct/2013:23:22:51 +0000]|8284
[26/Oct/2013:23:22:51 +0000]|5925
[26/Oct/2013:23:22:51 +0000]|5967
[26/Oct/2013:23:22:51 +0000]|5991
[26/Oct/2013:23:22:51 +0000]|6015
[26/Oct/2013:23:22:51 +0000]|6054
[26/Oct/2013:23:22:51 +0000]|6098
[26/Oct/2013:23:22:51 +0000]|6114
[26/Oct/2013:23:22:51 +0000]|6154
[26/Oct/2013:23:22:51 +0000]|6178
[26/Oct/2013:23:22:51 +0000]|6186
[26/Oct/2013:23:22:51 +0000]|8424
[26/Oct/2013:23:23:01 +0000]|167
[26/Oct/2013:23:23:01 +0000]|1338
[26/Oct/2013:23:23:05 +0000]|22108
[26/Oct/2013:23:23:05 +0000]|19816
[26/Oct/2013:23:23:05 +0000]|21844
[26/Oct/2013:23:23:06 +0000]|16491
[26/Oct/2013:23:23:13 +0000]|11525
[26/Oct/2013:23:23:13 +0000]|12392
[26/Oct/2013:23:23:13 +0000]|12432
[26/Oct/2013:23:23:13 +0000]|12493
[26/Oct/2013:23:23:13 +0000]|12431
[26/Oct/2013:23:23:14 +0000]|13040
[26/Oct/2013:23:23:14 +0000]|13072
[26/Oct/2013:23:23:14 +0000]|13044
[26/Oct/2013:23:23:14 +0000]|13076
[26/Oct/2013:23:23:14 +0000]|13121
[26/Oct/2013:23:23:15 +0000]|13786
[26/Oct/2013:23:23:16 +0000]|15594
[26/Oct/2013:23:23:17 +0000]|39884
[26/Oct/2013:23:23:17 +0000]|16212
[26/Oct/2013:23:23:17 +0000]|16244
[26/Oct/2013:23:23:17 +0000]|16290
[26/Oct/2013:23:23:17 +0000]|16419
[26/Oct/2013:23:23:18 +0000]|17092
[26/Oct/2013:23:23:20 +0000]|18716
[26/Oct/2013:23:23:20 +0000]|18742
[26/Oct/2013:23:23:20 +0000]|38037
[26/Oct/2013:23:23:21 +0000]|38809
[26/Oct/2013:23:23:22 +0000]|33067
[26/Oct/2013:23:23:22 +0000]|33066
[26/Oct/2013:23:23:24 +0000]|34789
[26/Oct/2013:23:23:25 +0000]|43041
[26/Oct/2013:23:23:26 +0000]|43864
[26/Oct/2013:23:23:26 +0000]|43872
[26/Oct/2013:23:23:26 +0000]|43879
[26/Oct/2013:23:23:26 +0000]|43887
[26/Oct/2013:23:23:27 +0000]|44600
[26/Oct/2013:23:23:27 +0000]|44608
[26/Oct/2013:23:23:27 +0000]|44623
[26/Oct/2013:23:23:27 +0000]|44638
[26/Oct/2013:23:23:27 +0000]|44654
[26/Oct/2013:23:23:27 +0000]|44669
[26/Oct/2013:23:23:29 +0000]|46512
[26/Oct/2013:23:23:29 +0000]|39905
[26/Oct/2013:23:23:29 +0000]|39934
[26/Oct/2013:23:23:31 +0000]|41694
[26/Oct/2013:23:23:32 +0000]|31595
[26/Oct/2013:23:23:32 +0000]|30967
[26/Oct/2013:23:23:34 +0000]|45104
[26/Oct/2013:23:23:34 +0000]|45117
[26/Oct/2013:23:23:34 +0000]|45147
[26/Oct/2013:23:23:34 +0000]|45194
[26/Oct/2013:23:23:35 +0000]|45923
[26/Oct/2013:23:23:36 +0000]|46724
[26/Oct/2013:23:23:36 +0000]|46740
[26/Oct/2013:23:23:36 +0000]|35076
[26/Oct/2013:23:23:36 +0000]|35112
[26/Oct/2013:23:23:37 +0000]|36021
[26/Oct/2013:23:23:38 +0000]|36988
[26/Oct/2013:23:23:40 +0000]|39693
[26/Oct/2013:23:23:40 +0000]|39705
[26/Oct/2013:23:23:40 +0000]|39632
[26/Oct/2013:23:23:42 +0000]|41354
[26/Oct/2013:23:23:42 +0000]|41371
[26/Oct/2013:23:23:45 +0000]|44151
[26/Oct/2013:23:23:45 +0000]|44166
[26/Oct/2013:23:23:45 +0000]|44178
[26/Oct/2013:23:23:47 +0000]|46154
[26/Oct/2013:23:24:58 +0000]|3
[26/Oct/2013:23:24:58 +0000]|10
[26/Oct/2013:23:24:58 +0000]|82
[26/Oct/2013:23:24:59 +0000]|52
[26/Oct/2013:23:25:09 +0000]|3
[26/Oct/2013:23:25:09 +0000]|33
[26/Oct/2013:23:25:10 +0000]|27
[26/Oct/2013:23:25:19 +0000]|4
[26/Oct/2013:23:25:19 +0000]|73
[26/Oct/2013:23:25:20 +0000]|48
[26/Oct/2013:23:25:46 +0000]|6
[26/Oct/2013:23:25:46 +0000]|24
[26/Oct/2013:23:26:54 +0000]|27
[26/Oct/2013:23:26:55 +0000]|999
[26/Oct/2013:23:26:55 +0000]|282
[26/Oct/2013:23:27:00 +0000]|26
[26/Oct/2013:23:27:01 +0000]|64
[26/Oct/2013:23:27:01 +0000]|80
MV4===========================================
[26/Oct/2013:23:18:30 +0000]|27
[26/Oct/2013:23:24:31 +0000]|3
[26/Oct/2013:23:24:42 +0000]|3543
[26/Oct/2013:23:24:42 +0000]|3569
[26/Oct/2013:23:24:42 +0000]|3590
[26/Oct/2013:23:24:42 +0000]|3612
[26/Oct/2013:23:24:42 +0000]|3620
[26/Oct/2013:23:24:42 +0000]|3646
[26/Oct/2013:23:24:42 +0000]|3663
[26/Oct/2013:23:24:42 +0000]|3671
[26/Oct/2013:23:24:42 +0000]|3677
[26/Oct/2013:23:24:42 +0000]|3686
[26/Oct/2013:23:24:42 +0000]|3698
[26/Oct/2013:23:24:42 +0000]|3709
[26/Oct/2013:23:24:42 +0000]|3739
[26/Oct/2013:23:24:42 +0000]|3746
[26/Oct/2013:23:24:42 +0000]|3761
[26/Oct/2013:23:24:42 +0000]|3769
[26/Oct/2013:23:24:42 +0000]|3783
[26/Oct/2013:23:24:42 +0000]|3787
[26/Oct/2013:23:24:42 +0000]|3805
[26/Oct/2013:23:24:42 +0000]|3817
[26/Oct/2013:23:24:42 +0000]|3825
[26/Oct/2013:23:24:42 +0000]|3836
[26/Oct/2013:23:24:42 +0000]|3875
[26/Oct/2013:23:24:42 +0000]|3858
[26/Oct/2013:23:24:42 +0000]|3874
[26/Oct/2013:23:24:44 +0000]|5532
[26/Oct/2013:23:28:46 +0000]|244019
[26/Oct/2013:23:28:46 +0000]|247828
[26/Oct/2013:23:28:46 +0000]|28
[26/Oct/2013:23:28:47 +0000]|411
[26/Oct/2013:23:29:28 +0000]|42194
[26/Oct/2013:23:29:52 +0000]|65859
[26/Oct/2013:23:30:04 +0000]|325203
[26/Oct/2013:23:30:04 +0000]|19
[26/Oct/2013:23:30:04 +0000]|16
[26/Oct/2013:23:30:04 +0000]|44
[26/Oct/2013:23:30:04 +0000]|32
[26/Oct/2013:23:30:04 +0000]|17
[26/Oct/2013:23:30:04 +0000]|50
[26/Oct/2013:23:30:04 +0000]|28
[26/Oct/2013:23:30:04 +0000]|16
[26/Oct/2013:23:30:04 +0000]|32
[26/Oct/2013:23:30:04 +0000]|28
[26/Oct/2013:23:30:04 +0000]|16
[26/Oct/2013:23:30:04 +0000]|39
[26/Oct/2013:23:30:04 +0000]|28
[26/Oct/2013:23:30:04 +0000]|10
[26/Oct/2013:23:30:04 +0000]|33
[26/Oct/2013:23:30:04 +0000]|36
[26/Oct/2013:23:30:04 +0000]|19
[26/Oct/2013:23:30:04 +0000]|24
[26/Oct/2013:23:30:04 +0000]|32
[26/Oct/2013:23:30:04 +0000]|36
[26/Oct/2013:23:30:04 +0000]|14
[26/Oct/2013:23:30:04 +0000]|32
[26/Oct/2013:23:30:04 +0000]|40
[26/Oct/2013:23:30:04 +0000]|325987
[26/Oct/2013:23:34:13 +0000]|574201
[26/Oct/2013:23:34:13 +0000]|326337
[26/Oct/2013:23:34:13 +0000]|320847
[26/Oct/2013:23:34:23 +0000]|585080
[26/Oct/2013:23:34:26 +0000]|587871
[26/Oct/2013:23:34:26 +0000]|587900
[26/Oct/2013:23:34:29 +0000]|337198
[26/Oct/2013:23:34:32 +0000]|593412
[26/Oct/2013:23:34:35 +0000]|596150
[26/Oct/2013:23:34:35 +0000]|342742
[26/Oct/2013:23:34:45 +0000]|603375
[26/Oct/2013:23:34:48 +0000]|351220
[26/Oct/2013:23:34:46 +0000]|358956
[26/Oct/2013:23:34:59 +0000]|306991
[26/Oct/2013:23:35:07 +0000]|20
[26/Oct/2013:23:35:07 +0000]|20
[26/Oct/2013:23:35:07 +0000]|125
[26/Oct/2013:23:35:07 +0000]|16
[26/Oct/2013:23:35:07 +0000]|17
[26/Oct/2013:23:35:07 +0000]|17
[26/Oct/2013:23:35:08 +0000]|231
[26/Oct/2013:23:35:08 +0000]|435
[26/Oct/2013:23:35:08 +0000]|751
[26/Oct/2013:23:35:10 +0000]|2754
[26/Oct/2013:23:35:10 +0000]|2699
[26/Oct/2013:23:35:10 +0000]|2683
[26/Oct/2013:23:35:10 +0000]|2771
[26/Oct/2013:23:35:10 +0000]|2775
[26/Oct/2013:23:35:10 +0000]|2568
[26/Oct/2013:23:35:10 +0000]|2773
[26/Oct/2013:23:35:10 +0000]|2608
[26/Oct/2013:23:35:10 +0000]|2648
[26/Oct/2013:23:35:42 +0000]|34136
[26/Oct/2013:23:36:49 +0000]|101628
[26/Oct/2013:23:36:49 +0000]|101700
[26/Oct/2013:23:36:49 +0000]|101778
[26/Oct/2013:23:36:55 +0000]|99242
[26/Oct/2013:23:36:57 +0000]|101561
[26/Oct/2013:23:36:57 +0000]|101588
[26/Oct/2013:23:36:57 +0000]|108628
[26/Oct/2013:23:36:57 +0000]|101625
[26/Oct/2013:23:36:57 +0000]|101718
[26/Oct/2013:23:37:02 +0000]|114238
[26/Oct/2013:23:37:09 +0000]|113319
[26/Oct/2013:23:37:09 +0000]|113323
[26/Oct/2013:23:37:11 +0000]|115616
[26/Oct/2013:23:37:11 +0000]|123440
[26/Oct/2013:23:37:11 +0000]|123448
[26/Oct/2013:23:37:11 +0000]|123459
[26/Oct/2013:23:37:13 +0000]|125556
[26/Oct/2013:23:37:13 +0000]|117726
[26/Oct/2013:23:37:13 +0000]|117733
[26/Oct/2013:23:37:13 +0000]|117740
[26/Oct/2013:23:37:13 +0000]|117743
[26/Oct/2013:23:37:15 +0000]|120143
[26/Oct/2013:23:37:15 +0000]|120170
[26/Oct/2013:23:37:15 +0000]|120175
[26/Oct/2013:23:37:15 +0000]|120177
[26/Oct/2013:23:37:18 +0000]|130111
[26/Oct/2013:23:37:18 +0000]|130112
[26/Oct/2013:23:37:18 +0000]|130107
[26/Oct/2013:23:37:18 +0000]|130108
