2013-10-18 14:28:10,039|0,0|0,0|100,0|995|196|799|19,08|6,62|2,20|0,06
2013-10-18 14:28:15,470|0,0|0,0|100,0|995|196|799|19,06|6,62|3,08|0,00
2013-10-18 14:28:20,902|0,0|0,0|100,0|995|196|799|19,03|6,62|1,01|0,00
2013-10-18 14:28:26,330|0,0|0,0|100,0|995|196|799|19,01|6,63|3,68|0,00
2013-10-18 14:28:31,766|0,0|0,0|100,0|995|196|799|18,99|6,62|0,86|0,00
2013-10-18 14:28:37,193|0,0|0,0|100,0|995|196|799|18,97|6,63|1,15|0,00
2013-10-18 14:28:42,618|0,0|0,0|100,0|995|196|799|18,94|6,63|0,54|0,00
2013-10-18 14:28:48,057|0,0|0,0|100,0|995|196|799|18,92|6,63|1,90|0,00
2013-10-18 14:28:53,492|0,0|0,0|100,0|995|196|799|18,90|6,63|1,12|0,00
2013-10-18 14:28:58,928|0,0|0,0|100,0|995|196|799|18,88|6,63|0,84|0,00
2013-10-18 14:29:04,355|0,0|0,0|100,0|995|196|799|18,86|6,64|0,86|0,00
2013-10-18 14:29:09,785|0,0|0,0|100,0|995|196|799|18,83|6,64|0,71|0,00
2013-10-18 14:29:15,209|1,9|1,9|96,0|995|196|799|18,81|6,64|0,51|0,00
2013-10-18 14:29:20,642|0,0|0,0|100,0|995|196|799|18,79|6,64|0,80|0,00
2013-10-18 14:29:26,083|0,0|0,0|100,0|995|196|799|18,77|6,64|4,58|0,00
2013-10-18 14:29:31,506|0,0|0,0|100,0|995|196|799|18,75|6,64|3,14|0,00
2013-10-18 14:29:36,942|0,0|0,0|100,0|995|196|799|18,72|6,64|1,95|0,00
2013-10-18 14:29:42,371|0,0|0,0|100,0|995|196|799|18,70|6,64|2,01|0,00
2013-10-18 14:29:47,798|0,0|0,0|100,0|995|196|799|18,68|6,64|1,62|0,00
2013-10-18 14:29:53,229|0,0|0,0|100,0|995|196|799|18,66|6,64|2,27|0,00
2013-10-18 14:29:58,659|1,9|0,0|98,0|995|196|799|18,64|6,64|1,02|0,00
2013-10-18 14:30:04,087|0,0|0,0|100,0|995|196|799|18,62|6,64|1,43|0,00
2013-10-18 14:30:09,518|0,0|0,0|100,0|995|196|799|18,60|6,64|0,96|0,00
2013-10-18 14:30:14,944|0,0|1,9|98,0|995|196|799|18,57|6,64|0,57|0,00
2013-10-18 14:30:20,376|0,0|0,0|100,0|995|196|799|18,55|6,64|0,39|0,00
2013-10-18 14:30:25,801|0,0|0,0|100,0|995|196|799|18,53|6,64|0,45|0,00
2013-10-18 14:30:31,232|0,0|0,0|100,0|995|196|799|18,51|6,65|5,30|3,06
2013-10-18 14:30:36,677|3,9|5,8|90,1|995|196|799|18,49|6,65|1,84|0,00
2013-10-18 14:30:42,109|3,8|5,7|88,4|995|196|799|18,47|6,65|6,81|39,32
2013-10-18 14:30:47,528|4,0|4,0|92,0|995|196|799|18,45|6,66|7,80|40,84
2013-10-18 14:30:52,984|0,0|0,0|100,0|995|196|799|18,43|6,66|7,92|8,05
2013-10-18 14:30:58,445|0,0|0,0|100,0|995|196|799|18,40|6,66|5,98|5,85
2013-10-18 14:31:03,885|4,0|4,0|91,8|995|196|799|18,38|6,67|1,10|0,00
2013-10-18 14:31:09,324|4,0|4,0|92,0|995|196|799|18,36|6,68|11,60|39,38
2013-10-18 14:31:14,751|2,0|6,0|92,0|995|196|799|18,34|6,68|11,27|78,76
2013-10-18 14:31:20,178|0,0|0,0|100,0|995|196|799|18,32|6,68|9,84|45,51
2013-10-18 14:31:25,603|0,0|0,0|100,0|995|196|799|18,30|6,68|6,08|6,21
2013-10-18 14:31:31,065|2,0|2,0|95,8|995|196|799|18,28|6,69|0,74|0,00
2013-10-18 14:31:36,537|2,0|2,0|96,0|995|197|798|18,26|6,70|3,01|36,73
2013-10-18 14:31:42,005|3,9|3,9|92,1|995|196|799|18,24|6,70|9,73|78,46
2013-10-18 14:31:47,444|2,0|6,1|91,8|995|196|799|18,22|6,70|19,98|78,76
2013-10-18 14:31:52,877|0,0|0,0|100,0|995|197|798|18,20|6,71|11,17|44,49
2013-10-18 14:31:58,350|0,0|0,0|100,0|995|196|799|18,18|6,71|10,34|45,83
2013-10-18 14:32:03,835|0,0|0,0|100,0|995|196|799|18,16|6,71|9,95|46,10
2013-10-18 14:32:09,302|0,0|0,0|100,0|995|196|799|18,14|6,71|9,74|46,17
2013-10-18 14:32:14,733|0,0|0,0|100,0|995|196|799|18,12|6,73|10,64|6,86
2013-10-18 14:32:20,216|0,0|0,0|100,0|995|196|799|18,10|6,73|2,47|1,39
2013-10-18 14:32:25,670|4,1|4,1|91,6|995|196|799|18,08|6,73|0,45|0,00
2013-10-18 14:32:31,112|5,7|3,8|88,4|995|196|799|18,06|6,74|1,43|0,00
2013-10-18 14:32:36,536|6,0|4,0|90,0|995|196|799|18,04|6,74|8,63|39,38
2013-10-18 14:32:41,980|2,0|6,0|92,0|995|196|799|18,02|6,74|12,49|78,77
2013-10-18 14:32:47,414|5,8|3,9|90,1|995|196|799|18,00|6,75|8,29|40,84
2013-10-18 14:32:52,901|0,0|0,0|100,0|995|196|799|17,98|6,76|10,04|46,74
2013-10-18 14:32:58,334|0,0|0,0|100,0|995|196|799|17,96|6,76|7,36|7,72
2013-10-18 14:33:03,797|0,0|0,0|100,0|995|196|799|17,94|6,76|5,36|7,46
2013-10-18 14:33:09,223|8,0|4,0|88,0|995|196|799|17,92|6,77|0,99|0,00
2013-10-18 14:33:14,661|6,0|4,0|90,0|995|196|799|17,90|6,77|1,37|0,00
2013-10-18 14:33:20,123|6,0|4,0|90,0|995|196|799|17,88|6,77|5,80|39,38
2013-10-18 14:33:25,564|2,0|6,0|92,0|995|196|799|17,86|6,78|10,42|78,76
2013-10-18 14:33:30,995|0,0|0,0|100,0|995|196|799|17,84|6,79|10,42|47,26
2013-10-18 14:33:36,428|1,9|0,0|98,0|995|196|799|17,82|6,79|6,53|7,96
2013-10-18 14:33:41,895|0,0|0,0|100,0|995|196|799|17,80|6,79|4,49|1,46
2013-10-18 14:33:47,357|6,0|4,0|90,0|995|196|799|17,78|6,79|2,52|0,00
2013-10-18 14:33:52,805|4,1|2,0|93,7|995|197|798|17,76|6,80|3,84|37,92
2013-10-18 14:33:58,287|3,9|3,9|90,1|995|196|799|17,74|6,81|8,04|39,32
2013-10-18 14:34:03,725|6,0|4,0|90,0|995|196|799|17,72|6,82|11,72|78,70
2013-10-18 14:34:09,158|0,0|0,0|100,0|995|196|799|17,70|6,82|11,91|47,69
2013-10-18 14:34:14,582|0,0|0,0|100,0|995|196|799|17,68|6,82|6,62|8,46
2013-10-18 14:34:20,009|6,0|6,0|88,0|995|196|799|17,66|6,82|1,41|0,06
2013-10-18 14:34:25,442|4,0|4,0|92,0|995|196|799|17,64|6,83|5,53|39,32
2013-10-18 14:34:30,881|6,0|2,0|90,0|995|196|799|17,62|6,84|10,56|78,63
2013-10-18 14:34:36,310|0,0|0,0|100,0|995|196|799|17,60|6,84|12,08|48,13
2013-10-18 14:34:41,741|0,0|0,0|100,0|995|196|799|17,58|6,84|6,45|8,82
2013-10-18 14:34:47,213|0,0|0,0|100,0|995|196|799|17,57|6,84|2,11|0,00
2013-10-18 14:34:52,681|7,8|3,9|88,2|995|196|799|17,55|6,85|1,58|0,00
2013-10-18 14:34:58,131|2,0|8,0|90,0|995|196|799|17,53|6,85|6,17|39,38
2013-10-18 14:35:03,561|2,0|4,1|93,7|995|196|799|17,51|6,85|11,38|78,76
2013-10-18 14:35:08,983|0,0|0,0|100,0|995|196|799|17,49|6,87|9,97|48,55
2013-10-18 14:35:14,420|0,0|0,0|100,0|995|196|799|17,47|6,87|6,52|9,25
2013-10-18 14:35:19,866|0,0|0,0|100,0|995|196|799|17,45|6,87|1,32|0,00
2013-10-18 14:35:25,376|5,8|5,8|88,2|995|196|799|17,43|6,87|0,92|0,00
2013-10-18 14:35:30,810|6,1|2,0|91,8|995|196|799|17,41|6,87|5,64|39,38
2013-10-18 14:35:36,249|4,0|6,0|90,0|995|196|799|17,39|6,88|11,44|78,76
2013-10-18 14:35:41,684|1,9|0,0|98,0|995|196|799|17,38|6,89|9,59|48,99
2013-10-18 14:35:47,118|0,0|0,0|100,0|995|196|799|17,36|6,90|6,03|2,65
2013-10-18 14:35:52,554|6,0|4,0|90,0|995|196|799|17,34|6,90|0,75|0,06
2013-10-18 14:35:57,987|4,0|4,0|91,8|995|196|799|17,32|6,90|6,17|39,31
2013-10-18 14:36:03,424|4,0|4,0|91,8|995|196|799|17,30|6,90|11,67|78,76
2013-10-18 14:36:08,861|0,0|0,0|100,0|995|196|799|17,28|6,90|5,86|10,21
2013-10-18 14:36:14,330|0,0|0,0|100,0|995|196|799|17,27|6,91|1,53|0,00
2013-10-18 14:36:19,804|6,1|4,0|89,7|995|196|799|17,25|6,92|1,90|0,00
2013-10-18 14:36:25,232|4,0|4,0|91,8|995|196|798|17,23|6,92|5,52|39,38
2013-10-18 14:36:30,663|4,0|6,0|90,0|995|196|798|17,21|6,92|12,35|78,76
2013-10-18 14:36:36,082|0,0|0,0|100,0|995|196|799|17,19|6,93|11,73|49,66
2013-10-18 14:36:41,522|0,0|0,0|100,0|995|196|799|17,17|6,93|5,39|10,32
2013-10-18 14:36:46,997|0,0|0,0|100,0|995|196|798|17,16|6,93|3,82|2,19
2013-10-18 14:36:52,455|4,0|6,0|90,0|995|196|798|17,14|6,94|1,16|0,00
2013-10-18 14:36:57,872|6,0|4,0|90,0|995|196|798|17,12|6,94|6,07|39,32
2013-10-18 14:37:03,297|2,0|6,1|91,8|995|196|798|17,10|6,95|8,85|40,77
2013-10-18 14:37:08,769|0,0|0,0|100,0|995|196|799|17,08|6,95|8,89|13,37
2013-10-18 14:37:14,201|0,0|0,0|100,0|995|196|798|17,06|6,95|5,90|10,47
2013-10-18 14:37:19,641|8,0|2,0|90,0|995|196|798|17,05|6,95|1,44|0,00
2013-10-18 14:37:25,071|4,0|6,0|90,0|995|196|798|17,03|6,95|5,61|39,38
2013-10-18 14:37:30,494|2,0|4,0|93,8|995|196|798|17,01|6,97|10,15|67,32
2013-10-18 14:37:35,941|0,0|0,0|100,0|995|196|798|16,99|6,97|10,49|11,38
2013-10-18 14:37:41,405|0,0|0,0|100,0|995|196|798|16,97|6,97|2,29|0,30
2013-10-18 14:37:46,867|4,0|4,0|91,8|995|196|798|16,96|6,97|2,34|0,00
2013-10-18 14:37:52,299|4,0|4,0|92,0|995|197|797|16,94|6,98|8,67|77,31
2013-10-18 14:37:57,735|0,0|0,0|100,0|995|196|798|16,92|6,98|22,05|50,74
2013-10-18 14:38:03,215|0,0|0,0|100,0|995|196|798|16,90|6,99|6,83|11,50
2013-10-18 14:38:08,648|0,0|0,0|100,0|995|196|798|16,89|6,99|0,97|0,00
2013-10-18 14:38:14,121|5,8|3,9|90,1|995|197|797|16,87|6,99|4,51|39,08
2013-10-18 14:38:19,589|5,8|5,8|88,2|995|196|798|16,85|6,99|11,52|78,70
2013-10-18 14:38:25,026|0,0|0,0|100,0|995|196|798|16,83|7,00|5,85|11,81
2013-10-18 14:38:30,487|0,0|0,0|100,0|995|196|798|16,82|7,00|2,52|0,00
2013-10-18 14:38:35,954|5,8|5,8|88,2|995|198|797|16,80|7,01|1,70|0,32
2013-10-18 14:38:41,445|4,0|4,0|92,0|995|197|797|16,78|7,01|8,00|77,30
2013-10-18 14:38:46,888|2,0|0,0|98,0|995|197|797|16,76|7,01|18,52|50,00
2013-10-18 14:38:52,362|1,9|0,0|98,0|995|196|798|16,75|7,01|9,11|13,55
2013-10-18 14:38:57,818|0,0|0,0|100,0|995|196|798|16,73|7,02|1,83|0,00
2013-10-18 14:39:03,260|1,9|7,8|88,2|995|196|798|16,71|7,02|6,91|0,00
2013-10-18 14:39:08,729|6,0|4,0|90,0|995|196|798|16,69|7,02|10,81|78,76
2013-10-18 14:39:14,179|0,0|0,0|100,0|995|196|798|16,68|7,04|5,92|12,44
2013-10-18 14:39:19,615|0,0|0,0|100,0|995|196|798|16,66|7,04|1,55|0,00
2013-10-18 14:39:25,094|4,0|4,0|91,8|995|196|798|16,64|7,04|6,45|39,38
2013-10-18 14:39:30,527|0,0|0,0|98,0|995|197|797|16,62|7,04|9,75|50,58
2013-10-18 14:39:36,009|0,0|0,0|100,0|995|196|798|16,61|7,04|6,06|12,73
2013-10-18 14:39:41,468|5,8|5,8|88,2|995|196|798|16,59|7,05|0,87|0,00
2013-10-18 14:39:46,899|4,0|6,0|90,0|995|196|798|16,57|7,05|11,39|78,76
2013-10-18 14:39:52,330|0,0|0,0|100,0|995|196|798|16,56|7,06|6,28|12,95
2013-10-18 14:39:57,772|2,0|4,0|92,0|995|196|798|16,54|7,06|1,94|0,00
2013-10-18 14:40:03,236|6,0|2,0|90,0|995|196|798|16,52|7,06|6,38|39,38
2013-10-18 14:40:08,669|0,0|0,0|100,0|995|196|798|16,51|7,06|10,10|52,55
2013-10-18 14:40:14,105|0,0|0,0|100,0|995|196|798|16,49|7,06|6,19|13,21
2013-10-18 14:40:19,579|6,1|2,0|91,8|995|196|798|16,47|7,06|1,09|0,06
2013-10-18 14:40:25,004|2,0|6,1|91,8|995|197|798|16,46|7,08|10,32|78,70
2013-10-18 14:40:30,418|1,9|1,9|96,0|995|197|798|16,44|7,08|6,26|13,45
2013-10-18 14:40:35,847|6,0|4,0|90,0|995|197|798|16,42|7,08|0,57|0,00
2013-10-18 14:40:41,284|5,8|3,9|90,1|995|197|798|16,41|7,08|10,13|78,76
2013-10-18 14:40:46,715|0,0|0,0|100,0|995|197|798|16,39|7,09|6,56|13,73
2013-10-18 14:40:52,171|1,9|1,9|96,0|995|197|798|16,37|7,09|0,86|0,00
2013-10-18 14:40:57,639|8,0|2,0|90,0|995|197|798|16,36|7,10|7,12|39,32
2013-10-18 14:41:03,068|0,0|0,0|100,0|995|197|798|16,34|7,10|10,89|53,14
2013-10-18 14:41:08,492|0,0|0,0|100,0|995|197|798|16,32|7,10|0,57|0,00
2013-10-18 14:41:13,933|4,0|6,0|90,0|995|197|798|16,31|7,10|1,54|0,00
2013-10-18 14:41:19,400|4,0|4,0|91,8|995|197|798|16,29|7,11|10,72|78,81
2013-10-18 14:41:24,835|1,9|0,0|98,0|995|197|798|16,27|7,11|4,21|2,21
2013-10-18 14:41:30,324|5,8|5,8|88,2|995|197|798|16,26|7,11|2,24|0,06
2013-10-18 14:41:35,750|6,0|4,0|90,0|995|197|798|16,24|7,12|15,05|78,76
2013-10-18 14:41:41,180|0,0|0,0|100,0|995|197|798|16,22|7,12|12,98|14,34
2013-10-18 14:41:46,625|7,8|3,9|88,2|995|197|798|16,21|7,12|1,18|0,00
2013-10-18 14:41:52,058|6,1|4,0|89,7|995|197|798|16,19|7,13|11,00|78,76
2013-10-18 14:41:57,490|1,9|0,0|98,0|995|197|798|16,18|7,13|6,39|14,56
2013-10-18 14:42:02,921|6,1|2,0|91,8|995|197|798|16,16|7,13|1,22|0,00
2013-10-18 14:42:08,354|2,0|4,1|93,7|995|197|798|16,14|7,14|11,41|78,63
2013-10-18 14:42:13,778|0,0|0,0|100,0|995|197|798|16,13|7,14|19,25|14,80
2013-10-18 14:42:19,218|6,2|0,0|93,7|995|197|798|16,11|7,14|2,04|0,00
2013-10-18 14:42:24,684|4,0|4,0|91,8|995|197|798|16,10|7,14|7,41|40,84
2013-10-18 14:42:30,148|2,0|0,0|98,0|995|197|798|16,08|7,15|13,61|15,11
2013-10-18 14:42:35,611|6,0|4,0|90,0|995|197|798|16,06|7,15|8,29|0,00
2013-10-18 14:42:41,065|2,0|0,0|98,0|995|198|797|16,05|7,16|9,62|53,49
2013-10-18 14:42:46,533|0,0|0,0|100,0|995|197|798|16,03|7,16|4,40|1,80
2013-10-18 14:42:52,023|2,0|2,0|96,0|995|198|797|16,02|7,16|4,13|37,92
2013-10-18 14:42:57,519|2,0|2,0|95,9|995|197|798|16,00|7,16|8,14|39,76
2013-10-18 14:43:02,985|2,0|0,0|98,0|995|197|798|15,98|7,17|5,00|2,65
2013-10-18 14:43:08,499|4,0|2,0|94,0|995|198|797|15,97|7,17|5,02|37,92
2013-10-18 14:43:13,970|2,0|2,0|96,0|995|198|796|15,95|7,17|8,11|39,69
2013-10-18 14:43:19,438|0,0|0,0|100,0|995|197|798|15,94|7,18|10,72|0,00
2013-10-18 14:43:24,928|2,0|8,0|90,0|995|197|798|15,92|7,18|5,87|39,38
2013-10-18 14:43:30,354|0,0|0,0|100,0|995|197|798|15,90|7,18|11,52|55,28
2013-10-18 14:43:35,796|0,0|0,0|100,0|995|197|798|15,89|7,18|0,51|0,00
2013-10-18 14:43:41,261|4,0|4,0|92,0|995|197|798|15,87|7,19|8,52|78,46
2013-10-18 14:43:46,701|0,0|0,0|100,0|995|197|798|15,86|7,19|5,41|16,12
2013-10-18 14:43:52,142|4,0|6,0|90,0|995|197|798|15,84|7,20|0,57|0,00
2013-10-18 14:43:57,573|6,0|4,0|90,0|995|197|798|15,83|7,20|7,91|40,81
2013-10-18 14:44:03,028|0,0|0,0|100,0|995|197|798|15,81|7,20|5,59|16,34
2013-10-18 14:44:08,490|4,0|4,0|91,8|995|197|798|15,80|7,20|1,95|0,00
2013-10-18 14:44:13,959|6,1|2,0|91,8|995|197|798|15,78|7,20|11,35|78,63
2013-10-18 14:44:19,385|0,0|2,0|98,0|995|197|798|15,76|7,20|1,65|0,00
2013-10-18 14:44:24,892|6,0|4,0|90,0|995|197|798|15,75|7,21|8,04|0,06
2013-10-18 14:44:30,356|0,0|2,0|97,9|995|198|797|15,73|7,22|10,47|54,69
2013-10-18 14:44:35,836|0,0|0,0|100,0|995|197|798|15,72|7,22|3,16|0,00
2013-10-18 14:44:41,264|5,8|3,9|52,9|995|205|789|16,80|7,22|5,47|39,54
2013-10-18 14:44:46,960|94,0|6,0|0,0|995|338|657|36,91|7,23|5,72|17,37
2013-10-18 14:44:52,663|100,0|0,0|0,0|995|340|655|36,87|7,23|0,54|0,00
2013-10-18 14:44:58,535|96,0|1,9|0,0|995|341|653|36,83|7,23|3,29|37,32
2013-10-18 14:45:04,422|96,0|4,0|0,0|995|341|654|36,79|7,25|10,96|78,75
2013-10-18 14:45:10,255|100,0|0,0|0,0|995|341|653|36,75|7,25|9,85|18,65
2013-10-18 14:45:16,111|100,0|0,0|0,0|995|342|653|36,71|7,25|0,62|0,00
2013-10-18 14:45:21,995|96,0|4,0|0,0|995|342|652|36,67|7,25|1,39|0,00
2013-10-18 14:45:27,871|94,0|6,0|0,0|995|343|652|36,64|7,25|7,15|39,32
2013-10-18 14:45:33,709|100,0|0,0|0,0|995|344|651|36,60|7,25|9,98|55,73
2013-10-18 14:45:39,607|100,0|0,0|0,0|995|343|652|36,56|7,26|5,25|17,60
2013-10-18 14:45:45,482|98,0|0,0|0,0|995|343|651|36,52|7,26|1,14|0,00
2013-10-18 14:45:51,370|95,9|4,0|0,0|995|344|651|36,48|7,26|7,96|39,45
2013-10-18 14:45:57,210|98,0|1,9|0,0|995|345|650|36,45|7,27|11,66|55,77
2013-10-18 14:46:03,115|100,0|0,0|0,0|995|328|667|36,41|7,27|7,52|17,90
2013-10-18 14:46:09,004|100,0|0,0|0,0|995|328|667|36,37|7,27|1,31|0,00
2013-10-18 14:46:14,815|95,9|4,0|0,0|995|353|642|37,18|7,28|5,99|56,92
2013-10-18 14:46:20,676|97,9|2,0|0,0|995|352|643|37,15|7,29|11,22|78,74
2013-10-18 14:46:26,477|100,0|0,0|0,0|995|352|643|37,11|7,29|6,20|18,26
2013-10-18 14:46:32,346|100,0|0,0|0,0|995|352|643|37,07|7,29|2,38|0,00
2013-10-18 14:46:38,216|98,0|2,0|0,0|995|352|643|37,03|7,29|7,16|39,43
2013-10-18 14:46:44,082|96,0|4,0|0,0|995|352|643|36,99|7,29|11,45|78,71
2013-10-18 14:46:49,914|98,0|0,0|0,0|995|352|643|36,96|7,30|6,28|18,56
2013-10-18 14:46:55,802|98,0|1,9|0,0|995|352|643|36,92|7,30|0,76|0,00
2013-10-18 14:47:01,688|96,0|4,0|0,0|995|352|643|36,88|7,30|11,63|78,70
2013-10-18 14:47:07,526|100,0|0,0|0,0|995|352|643|36,84|7,30|6,04|18,76
2013-10-18 14:47:13,391|98,0|2,0|0,0|995|352|643|36,81|7,30|1,05|0,00
2013-10-18 14:47:19,221|96,0|3,9|0,0|995|352|643|36,77|7,30|11,49|78,99
2013-10-18 14:47:25,029|100,0|0,0|0,0|995|352|643|36,73|7,31|0,88|0,06
2013-10-18 14:47:30,920|100,0|0,0|0,0|995|354|641|36,79|7,31|3,92|37,93
2013-10-18 14:47:36,793|100,0|0,0|0,0|995|352|642|36,75|7,31|12,49|58,52
2013-10-18 14:47:42,655|0,0|0,0|100,0|995|321|673|36,71|7,31|4,28|0,00
2013-10-18 14:47:48,089|4,0|4,0|92,0|995|321|673|36,68|7,32|7,70|39,42
2013-10-18 14:47:53,559|0,0|0,0|100,0|995|321|673|36,64|7,32|0,85|0,00
2013-10-18 14:47:58,988|6,1|6,1|87,7|995|321|673|36,61|7,33|10,63|78,83
2013-10-18 14:48:04,428|0,0|0,0|100,0|995|321|673|36,57|7,33|2,17|0,00
2013-10-18 14:48:09,869|6,0|4,0|90,0|995|321|673|36,54|7,33|11,73|78,76
2013-10-18 14:48:15,302|0,0|0,0|100,0|995|321|673|36,51|7,33|2,06|0,00
2013-10-18 14:48:20,774|4,1|4,1|91,6|995|321|673|36,47|7,33|14,31|78,76
2013-10-18 14:48:26,210|1,9|0,0|98,0|995|321|673|36,44|7,33|0,68|0,00
2013-10-18 14:48:31,682|4,0|2,0|93,8|995|321|673|36,40|7,34|11,53|78,76
2013-10-18 14:48:37,106|0,0|0,0|100,0|995|321|673|36,37|7,35|3,69|0,00
2013-10-18 14:48:42,546|2,0|6,1|91,8|995|322|673|36,34|7,35|12,40|78,70
2013-10-18 14:48:47,962|0,0|0,0|100,0|995|321|673|36,30|7,35|2,19|0,00
2013-10-18 14:48:53,386|4,0|4,0|91,8|995|322|673|36,27|7,35|7,17|40,77
2013-10-18 14:48:58,846|3,8|1,9|94,2|995|322|673|36,24|7,35|1,68|0,37
2013-10-18 14:49:04,273|0,0|0,0|100,0|995|322|673|36,20|7,35|4,13|0,00
2013-10-18 14:49:09,698|0,0|0,0|100,0|995|322|673|36,17|7,36|1,90|0,00
2013-10-18 14:49:15,159|0,0|0,0|100,0|995|322|673|36,13|7,36|2,63|0,00
2013-10-18 14:49:20,598|0,0|0,0|100,0|995|322|673|36,10|7,37|1,76|0,00
2013-10-18 14:49:26,048|0,0|0,0|100,0|995|322|673|36,07|7,36|0,39|0,00
2013-10-18 14:49:31,479|0,0|0,0|100,0|995|322|673|36,03|7,36|0,88|0,00
2013-10-18 14:49:36,903|0,0|0,0|100,0|995|322|673|36,00|7,36|1,17|0,00
2013-10-18 14:49:42,333|0,0|0,0|100,0|995|322|673|35,97|7,36|0,80|0,00
2013-10-18 14:49:47,769|0,0|0,0|100,0|995|322|673|35,93|7,36|1,77|0,00
2013-10-18 14:49:53,218|0,0|0,0|100,0|995|322|673|35,90|7,36|0,54|0,00
2013-10-18 14:49:58,646|0,0|0,0|100,0|995|322|673|35,87|7,36|1,64|0,00
2013-10-18 14:50:04,082|0,0|0,0|100,0|995|322|673|35,84|7,36|3,45|0,00
