2013-10-21 12:15:05,280|0,1
2013-10-21 12:15:08,531|1,1
2013-10-21 12:15:11,747|1,6
2013-10-21 12:15:14,952|2,6
2013-10-21 12:15:18,169|2
2013-10-21 12:15:21,424|2
2013-10-21 12:15:24,662|2,3
2013-10-21 12:15:27,906|2,4
2013-10-21 12:15:31,270|2,3
2013-10-21 12:15:34,654|2,7
2013-10-21 12:15:37,688|12,2
2013-10-21 12:15:40,998|11,4
2013-10-21 12:15:44,138|21,2
2013-10-21 12:15:47,289|30,2
2013-10-21 12:15:50,546|30,4
2013-10-21 12:15:53,822|37
2013-10-21 12:15:57,055|36,6
2013-10-21 12:16:00,667|45,2
2013-10-21 12:16:04,002|45
2013-10-21 12:16:07,362|55
2013-10-21 12:16:10,765|45,6
2013-10-21 12:16:14,132|44,9
2013-10-21 12:16:17,422|54,4
2013-10-21 12:16:20,661|44,9
2013-10-21 12:16:23,828|54,1
2013-10-21 12:16:27,088|48,2
2013-10-21 12:16:30,333|55,9
2013-10-21 12:16:33,941|47,5
2013-10-21 12:16:37,086|48,1
2013-10-21 12:16:40,206|49
2013-10-21 12:16:43,590|49,1
2013-10-21 12:16:47,089|59,1
2013-10-21 12:16:50,627|49,5
2013-10-21 12:16:54,501|60,5
2013-10-21 12:16:57,961|63,9
2013-10-21 12:17:01,491|61,2
2013-10-21 12:17:05,101|58,3
2013-10-21 12:17:09,446|58,3
2013-10-21 12:17:13,270|56,1
2013-10-21 12:17:16,733|56,4
2013-10-21 12:17:20,082|57,2
2013-10-21 12:17:23,365|47
2013-10-21 12:17:26,656|44
2013-10-21 12:17:29,990|41
2013-10-21 12:17:33,212|42,5
2013-10-21 12:17:36,865|42,6
2013-10-21 12:17:40,314|31,8
2013-10-21 12:17:43,618|31,3
2013-10-21 12:17:47,122|33,6
2013-10-21 12:17:50,410|41,2
2013-10-21 12:17:53,487|59,4
2013-10-21 12:17:56,540|60,2
2013-10-21 12:17:59,663|70,8
2013-10-21 12:18:02,795|71,4
2013-10-21 12:18:05,891|80,6
2013-10-21 12:18:09,050|97,4
2013-10-21 12:18:18,885|97,8
2013-10-21 12:18:22,108|99
2013-10-21 12:18:25,369|98,6
2013-10-21 12:18:28,537|98,6
2013-10-21 12:18:31,836|98,3
2013-10-21 12:18:34,948|98,7
2013-10-21 12:18:38,119|97,9
2013-10-21 12:18:41,488|97,9
2013-10-21 12:18:45,117|97,7
2013-10-21 12:18:48,932|97,5
2013-10-21 12:18:52,762|97,1
2013-10-21 12:18:56,126|97,3
2013-10-21 12:18:59,575|97,3
2013-10-21 12:19:02,936|97,1
2013-10-21 12:19:06,188|97,1
2013-10-21 12:19:09,636|96,4
2013-10-21 12:19:13,056|96,4
2013-10-21 12:19:16,320|95,5
2013-10-21 12:19:19,685|95,5
2013-10-21 12:19:23,590|95
2013-10-21 12:19:26,890|95
2013-10-21 12:19:30,587|94,9
2013-10-21 12:19:35,035|94,9
2013-10-21 12:19:38,623|95,7
2013-10-21 12:19:42,283|95,1
2013-10-21 12:19:45,688|96,3
2013-10-21 12:19:49,352|96,1
2013-10-21 12:19:52,703|92,8
2013-10-21 12:19:56,300|92,8
2013-10-21 12:19:59,938|89,6
2013-10-21 12:20:03,177|83,6
2013-10-21 12:20:06,420|83,2
2013-10-21 12:20:09,721|83,4
2013-10-21 12:20:12,936|83,2
2013-10-21 12:20:16,222|87,8
2013-10-21 12:20:19,498|88,2
2013-10-21 12:20:22,834|92,1
2013-10-21 12:20:26,305|82,9
2013-10-21 12:20:29,802|78,9
2013-10-21 12:20:33,216|60,1
2013-10-21 12:20:36,626|60,4
2013-10-21 12:20:40,007|41,2
2013-10-21 12:20:43,870|21,5
2013-10-21 12:20:47,206|20,8
2013-10-21 12:20:50,944|10,7
2013-10-21 12:20:54,452|10,7
2013-10-21 12:20:58,188|20,7
2013-10-21 12:21:01,631|28,9
2013-10-21 12:21:05,102|28,9
2013-10-21 12:21:08,506|38,5
2013-10-21 12:21:12,324|38,5
2013-10-21 12:21:15,924|39,2
2013-10-21 12:21:19,564|38,8
2013-10-21 12:21:23,166|38,8
2013-10-21 12:21:26,608|38,9
2013-10-21 12:21:30,129|39,1
2013-10-21 12:21:33,592|39,1
2013-10-21 12:21:37,042|37,8
2013-10-21 12:21:40,912|37,8
2013-10-21 12:21:44,636|36,8
2013-10-21 12:21:48,350|37,4
2013-10-21 12:21:52,092|37,4
2013-10-21 12:21:56,328|37
2013-10-21 12:22:00,151|41,5
2013-10-21 12:22:03,915|41,5
2013-10-21 12:22:07,650|45,7
2013-10-21 12:22:11,329|38,9
2013-10-21 12:22:15,309|39,7
2013-10-21 12:22:19,224|31,7
2013-10-21 12:22:23,072|43,3
2013-10-21 12:22:26,684|49,1
2013-10-21 12:22:30,253|50
2013-10-21 12:22:33,704|53,8
2013-10-21 12:22:37,272|52,2
2013-10-21 12:22:40,809|56,6
2013-10-21 12:22:44,218|44,5
2013-10-21 12:22:47,691|36,6
2013-10-21 12:22:51,097|38,1
2013-10-21 12:22:54,541|29,7
2013-10-21 12:22:58,093|29,5
2013-10-21 12:23:01,568|37,9
2013-10-21 12:23:05,049|29,5
2013-10-21 12:23:08,445|36,9
2013-10-21 12:23:11,926|27,6
2013-10-21 12:23:15,554|27,5
2013-10-21 12:23:19,054|27,5
2013-10-21 12:23:22,604|27,1
2013-10-21 12:23:26,061|18,3
2013-10-21 12:23:29,583|18,3
2013-10-21 12:23:33,112|10,5
2013-10-21 12:23:36,691|9,8
2013-10-21 12:23:40,115|1,8
2013-10-21 12:23:43,626|3,4
2013-10-21 12:23:47,191|3,4
2013-10-21 12:23:50,698|2,3
2013-10-21 12:23:54,245|2,7
2013-10-21 12:23:57,820|2,7
2013-10-21 12:24:01,296|10,8
2013-10-21 12:24:04,847|20,3
2013-10-21 12:24:08,355|20,3
2013-10-21 12:24:11,900|30,4
2013-10-21 12:24:15,332|30,4
2013-10-21 12:24:18,771|30,9
2013-10-21 12:24:22,239|31,6
2013-10-21 12:24:25,785|31,6
2013-10-21 12:24:29,375|41,7
2013-10-21 12:24:33,461|44,5
2013-10-21 12:24:37,496|56,9
2013-10-21 12:24:41,312|71,5
2013-10-21 12:24:45,222|71,5
2013-10-21 12:24:48,913|83,1
2013-10-21 12:24:52,646|71,1
2013-10-21 12:24:56,245|77,2
2013-10-21 12:25:00,644|83,4
2013-10-21 12:25:04,243|81,2
2013-10-21 12:25:08,348|90,2
2013-10-21 12:25:12,244|96,2
2013-10-21 12:25:16,295|95,8
2013-10-21 12:25:20,214|96,6
2013-10-21 12:25:23,792|96,5
2013-10-21 12:25:27,271|97
2013-10-21 12:25:30,634|97
2013-10-21 12:25:34,051|96,5
2013-10-21 12:25:37,562|97,3
2013-10-21 12:25:40,928|97,2
2013-10-21 12:25:44,328|96,6
2013-10-21 12:25:47,689|96,4
2013-10-21 12:25:51,017|97,6
2013-10-21 12:25:54,547|97,6
2013-10-21 12:25:58,030|96,4
2013-10-21 12:26:01,585|86,8
2013-10-21 12:26:05,084|85
2013-10-21 12:26:08,581|84,6
2013-10-21 12:26:12,185|76,3
2013-10-21 12:26:15,780|66,1
2013-10-21 12:26:19,420|65,4
2013-10-21 12:26:23,021|58,5
2013-10-21 12:26:26,925|58,5
2013-10-21 12:26:31,547|57,7
2013-10-21 12:26:36,284|65,9
2013-10-21 12:26:39,846|57
2013-10-21 12:26:43,437|67,6
2013-10-21 12:26:47,580|60
2013-10-21 12:26:51,481|77,8
2013-10-21 12:26:55,042|71,8
2013-10-21 12:26:58,927|84,6
2013-10-21 12:27:02,671|74,9
2013-10-21 12:27:06,109|77,9
2013-10-21 12:27:09,604|77,9
2013-10-21 12:27:13,104|86
2013-10-21 12:27:16,516|86
2013-10-21 12:27:19,979|95,9
2013-10-21 12:27:23,503|97,3
2013-10-21 12:27:27,812|97,3
2013-10-21 12:27:32,288|96,7
2013-10-21 12:27:36,378|96,4
2013-10-21 12:27:40,912|96,4
2013-10-21 12:27:44,631|95,4
2013-10-21 12:27:49,252|96
2013-10-21 12:27:54,607|89,8
2013-10-21 12:27:58,108|89,8
2013-10-21 12:28:01,586|79,6
2013-10-21 12:28:05,603|79,6
2013-10-21 12:28:09,560|79,6
2013-10-21 12:28:13,497|73,2
2013-10-21 12:28:17,459|73,2
2013-10-21 12:28:21,158|60,5
2013-10-21 12:28:24,977|60,5
2013-10-21 12:28:28,760|60,5
2013-10-21 12:28:32,403|69,4
2013-10-21 12:28:36,051|76,7
2013-10-21 12:28:39,630|76,7
2013-10-21 12:28:43,115|89,9
2013-10-21 12:28:47,412|89,9
2013-10-21 12:28:51,668|95,2
2013-10-21 12:28:56,002|93
2013-10-21 12:29:00,318|93
2013-10-21 12:29:03,955|95
2013-10-21 12:29:07,442|94,8
2013-10-21 12:29:10,918|94,8
2013-10-21 12:29:14,428|97,6
2013-10-21 12:29:17,909|97,6
2013-10-21 12:29:21,405|96,3
2013-10-21 12:29:24,938|96,3
2013-10-21 12:29:28,412|97,1
2013-10-21 12:29:31,796|97,7
2013-10-21 12:29:35,270|97,7
2013-10-21 12:29:38,712|96
2013-10-21 12:29:42,256|96
2013-10-21 12:29:45,768|96,2
2013-10-21 12:29:49,312|97,6
2013-10-21 12:29:52,918|97,6
2013-10-21 12:29:56,529|96,8
2013-10-21 12:30:00,093|96,8
2013-10-21 12:30:03,812|96,9
2013-10-21 12:30:07,392|98,3
2013-10-21 12:30:11,063|98,3
2013-10-21 12:30:14,716|88,8
2013-10-21 12:30:18,313|88,8
2013-10-21 12:30:22,110|78,5
2013-10-21 12:30:26,622|68,6
2013-10-21 12:30:31,190|49,4
2013-10-21 12:30:35,262|49,4
2013-10-21 12:30:39,577|30,6
2013-10-21 12:30:43,542|16,9
2013-10-21 12:30:47,356|16,9
2013-10-21 12:30:51,069|15
2013-10-21 12:30:54,680|14,9
2013-10-21 12:30:58,442|14,9
2013-10-21 12:31:02,224|25,1
2013-10-21 12:31:05,979|25,1
2013-10-21 12:31:09,746|43,7
2013-10-21 12:31:13,461|59,7
2013-10-21 12:31:17,258|59,7
2013-10-21 12:31:21,003|47,7
2013-10-21 12:31:24,824|48
2013-10-21 12:31:28,810|48
2013-10-21 12:31:32,742|60,4
2013-10-21 12:31:36,741|50,2
2013-10-21 12:31:41,308|50,2
2013-10-21 12:31:45,914|31,2
2013-10-21 12:31:50,342|21,4
2013-10-21 12:31:54,817|21,4
2013-10-21 12:31:58,520|20,9
2013-10-21 12:32:02,247|20,9
2013-10-21 12:32:05,979|29,9
2013-10-21 12:32:09,770|42,7
2013-10-21 12:32:13,612|42,7
2013-10-21 12:32:17,370|50,1
2013-10-21 12:32:21,144|47,5
2013-10-21 12:32:24,959|47,5
2013-10-21 12:32:28,772|46,6
2013-10-21 12:32:32,622|38,8
2013-10-21 12:32:36,401|38,8
2013-10-21 12:32:40,209|23,2
2013-10-21 12:32:44,069|19,7
2013-10-21 12:32:47,879|19,7
2013-10-21 12:32:51,692|19,5
2013-10-21 12:32:55,521|19,7
2013-10-21 12:32:59,304|19,7
2013-10-21 12:33:03,138|20,1
2013-10-21 12:33:06,896|20,1
2013-10-21 12:33:10,647|19,7
2013-10-21 12:33:14,459|20,7
2013-10-21 12:33:18,272|20,7
2013-10-21 12:33:22,146|11,6
2013-10-21 12:33:26,054|2,5
2013-10-21 12:33:29,900|2,3
2013-10-21 12:33:33,776|2,3
2013-10-21 12:33:37,646|1,8
2013-10-21 12:33:41,609|1,9
2013-10-21 12:33:45,475|1,9
2013-10-21 12:33:49,322|1,2
2013-10-21 12:33:53,201|1,6
2013-10-21 12:33:57,113|1,6
2013-10-21 12:34:00,942|2,3
2013-10-21 12:34:04,844|2
