2013-10-25 08:15:20,846|0,1
2013-10-25 08:15:23,300|0,3
2013-10-25 08:15:25,801|0,9
2013-10-25 08:15:28,300|0,9
2013-10-25 08:15:30,982|1,1
2013-10-25 08:15:33,440|1,7
2013-10-25 08:15:35,978|9,7
2013-10-25 08:15:38,352|9,5
2013-10-25 08:15:40,950|19,1
2013-10-25 08:15:43,380|19,6
2013-10-25 08:15:46,003|27,8
2013-10-25 08:15:48,366|28,3
2013-10-25 08:15:50,798|28,3
2013-10-25 08:15:53,414|37,1
2013-10-25 08:15:55,937|37
2013-10-25 08:15:58,560|46,6
2013-10-25 08:16:01,180|46,7
2013-10-25 08:16:03,596|56,1
2013-10-25 08:16:06,136|48,1
2013-10-25 08:16:08,586|48,1
2013-10-25 08:16:11,188|47,6
2013-10-25 08:16:13,755|47,6
2013-10-25 08:16:16,396|57,5
2013-10-25 08:16:18,930|48,7
2013-10-25 08:16:21,550|58,7
2013-10-25 08:16:23,990|49,7
2013-10-25 08:16:26,522|59,5
2013-10-25 08:16:29,008|50,3
2013-10-25 08:16:31,658|50,3
2013-10-25 08:16:34,096|49,8
2013-10-25 08:16:36,706|49,8
2013-10-25 08:16:39,232|49,2
2013-10-25 08:16:41,724|49,2
2013-10-25 08:16:44,251|58,2
2013-10-25 08:16:46,752|49
2013-10-25 08:16:49,255|49,6
2013-10-25 08:16:51,699|49,8
2013-10-25 08:16:54,197|49,8
2013-10-25 08:16:56,750|50,4
2013-10-25 08:16:59,333|50,4
2013-10-25 08:17:01,876|49,2
2013-10-25 08:17:04,451|49,2
2013-10-25 08:17:07,165|49,3
2013-10-25 08:17:09,690|49,3
2013-10-25 08:17:12,354|49
2013-10-25 08:17:14,958|49,2
2013-10-25 08:17:17,645|50,2
2013-10-25 08:17:20,248|48,9
2013-10-25 08:17:22,936|56,9
2013-10-25 08:17:25,556|48,9
2013-10-25 08:17:27,966|55,8
2013-10-25 08:17:30,660|48,5
2013-10-25 08:17:33,306|47,9
2013-10-25 08:17:35,840|48,5
2013-10-25 08:17:38,330|48,5
2013-10-25 08:17:40,882|54,5
2013-10-25 08:17:43,356|54,5
2013-10-25 08:17:45,834|54,9
2013-10-25 08:17:48,493|55,4
2013-10-25 08:17:50,946|55,7
2013-10-25 08:17:53,656|56,1
2013-10-25 08:17:56,223|63,4
2013-10-25 08:17:58,823|63,2
2013-10-25 08:18:01,470|64,1
2013-10-25 08:18:03,986|70,9
2013-10-25 08:18:06,562|69,7
2013-10-25 08:18:09,232|78,1
2013-10-25 08:18:11,854|76,9
2013-10-25 08:18:14,540|84,5
2013-10-25 08:18:16,946|81,4
2013-10-25 08:18:19,288|82,5
2013-10-25 08:18:21,579|83,5
2013-10-25 08:18:24,057|80,9
2013-10-25 08:18:26,503|82,4
2013-10-25 08:18:29,044|78,8
2013-10-25 08:18:31,453|78,8
2013-10-25 08:18:33,946|76,5
2013-10-25 08:18:36,393|77,1
2013-10-25 08:18:38,786|76,9
2013-10-25 08:18:41,556|74,4
2013-10-25 08:18:44,200|74,3
2013-10-25 08:18:46,896|73,6
2013-10-25 08:18:49,544|72,9
2013-10-25 08:18:52,225|72,6
2013-10-25 08:18:54,882|73,4
2013-10-25 08:18:57,410|72,8
2013-10-25 08:19:00,125|73,2
2013-10-25 08:19:02,690|73,5
2013-10-25 08:19:05,373|74,9
2013-10-25 08:19:07,976|74,9
2013-10-25 08:19:10,692|75
2013-10-25 08:19:13,252|76,8
2013-10-25 08:19:15,926|75,6
2013-10-25 08:19:18,492|77,4
2013-10-25 08:19:21,128|77
2013-10-25 08:19:23,668|76,4
2013-10-25 08:19:26,268|76,8
2013-10-25 08:19:28,864|76
2013-10-25 08:19:31,494|74,8
2013-10-25 08:19:34,170|75
2013-10-25 08:19:36,872|74,6
2013-10-25 08:19:39,474|75,4
2013-10-25 08:19:42,048|76,6
2013-10-25 08:19:44,770|76,5
2013-10-25 08:19:47,350|78,9
2013-10-25 08:19:49,799|79,1
2013-10-25 08:19:52,229|79,7
2013-10-25 08:19:54,750|79,9
2013-10-25 08:19:57,255|80,7
2013-10-25 08:19:59,632|80,5
2013-10-25 08:20:02,104|80,2
2013-10-25 08:20:04,619|80
2013-10-25 08:20:07,132|79,8
2013-10-25 08:20:09,646|79,6
2013-10-25 08:20:12,216|80,7
2013-10-25 08:20:14,703|81,2
2013-10-25 08:20:17,149|80,6
2013-10-25 08:20:19,752|80,6
2013-10-25 08:20:22,269|80,6
2013-10-25 08:20:24,830|83,4
2013-10-25 08:20:27,383|83,8
2013-10-25 08:20:29,886|87,7
2013-10-25 08:20:32,403|87,3
2013-10-25 08:20:34,918|86,3
2013-10-25 08:20:37,490|89
2013-10-25 08:20:40,037|89
2013-10-25 08:20:42,593|92,6
2013-10-25 08:20:48,629|95,6
2013-10-25 08:20:51,263|96,8
2013-10-25 08:20:53,866|97
2013-10-25 08:20:56,370|97,8
2013-10-25 08:20:58,861|97,1
2013-10-25 08:21:01,491|97,1
2013-10-25 08:21:04,022|97,1
2013-10-25 08:21:06,512|97,5
2013-10-25 08:21:09,002|96,6
2013-10-25 08:21:11,540|96,6
2013-10-25 08:21:14,127|96,1
2013-10-25 08:21:16,695|95,7
2013-10-25 08:21:19,367|95,7
2013-10-25 08:21:21,946|96,1
2013-10-25 08:21:24,626|95,7
2013-10-25 08:21:27,154|96,6
2013-10-25 08:21:29,653|96,6
2013-10-25 08:21:32,139|96,5
2013-10-25 08:21:34,756|96,5
2013-10-25 08:21:37,266|93,6
2013-10-25 08:21:39,805|93
2013-10-25 08:21:42,320|90,6
2013-10-25 08:21:44,834|91
2013-10-25 08:21:47,440|89,2
2013-10-25 08:21:50,027|89,4
2013-10-25 08:21:52,652|86
2013-10-25 08:21:55,158|86,2
2013-10-25 08:21:57,761|86,2
2013-10-25 08:22:00,226|82,9
2013-10-25 08:22:02,803|82,5
2013-10-25 08:22:05,328|80,9
2013-10-25 08:22:07,948|81,5
2013-10-25 08:22:10,474|80,5
2013-10-25 08:22:13,063|83,8
2013-10-25 08:22:15,687|82,9
2013-10-25 08:22:18,230|82,3
2013-10-25 08:22:20,849|81,5
2013-10-25 08:22:23,455|80,5
2013-10-25 08:22:26,062|79,9
2013-10-25 08:22:28,551|81,3
2013-10-25 08:22:31,206|81,1
2013-10-25 08:22:33,727|81,7
2013-10-25 08:22:36,332|81,7
2013-10-25 08:22:38,823|82,4
2013-10-25 08:22:41,431|82
2013-10-25 08:22:44,085|72,4
2013-10-25 08:22:46,691|74,5
2013-10-25 08:22:49,339|65,9
2013-10-25 08:22:51,935|66,1
2013-10-25 08:22:54,547|57,3
2013-10-25 08:22:57,205|59,1
2013-10-25 08:22:59,831|50,7
2013-10-25 08:23:02,429|52,5
2013-10-25 08:23:05,570|43,3
2013-10-25 08:23:08,474|44,8
2013-10-25 08:23:11,304|42,6
2013-10-25 08:23:13,917|44,3
2013-10-25 08:23:16,506|44,8
2013-10-25 08:23:19,131|45,2
2013-10-25 08:23:21,751|45,3
2013-10-25 08:23:24,445|45,3
2013-10-25 08:23:27,033|44,6
2013-10-25 08:23:29,715|44,6
2013-10-25 08:23:32,475|44,3
2013-10-25 08:23:35,154|44,3
2013-10-25 08:23:37,790|46,9
2013-10-25 08:23:40,503|46,7
2013-10-25 08:23:42,908|46,1
2013-10-25 08:23:45,661|44,9
2013-10-25 08:23:48,415|45,1
2013-10-25 08:23:51,133|45,2
2013-10-25 08:23:53,914|41,8
2013-10-25 08:23:56,637|41
2013-10-25 08:23:59,383|41
2013-10-25 08:24:02,217|36,8
2013-10-25 08:24:05,032|36,8
2013-10-25 08:24:07,802|27
2013-10-25 08:24:10,620|27
2013-10-25 08:24:13,378|28,4
2013-10-25 08:24:16,131|28,4
2013-10-25 08:24:18,925|29
2013-10-25 08:24:21,761|29
2013-10-25 08:24:24,544|24,1
2013-10-25 08:24:27,290|24,1
2013-10-25 08:24:30,122|24
2013-10-25 08:24:32,910|24
2013-10-25 08:24:35,773|23,5
2013-10-25 08:24:38,570|23,5
2013-10-25 08:24:41,406|24,6
2013-10-25 08:24:44,177|24,6
2013-10-25 08:24:46,893|25,9
2013-10-25 08:24:49,678|25,9
2013-10-25 08:24:52,436|27
2013-10-25 08:24:55,207|27
2013-10-25 08:24:58,014|28,5
2013-10-25 08:25:00,755|28,5
2013-10-25 08:25:03,560|29,7
2013-10-25 08:25:06,322|29,7
2013-10-25 08:25:09,081|39,4
2013-10-25 08:25:11,804|39,4
2013-10-25 08:25:14,673|39,2
2013-10-25 08:25:17,466|39,2
2013-10-25 08:25:20,278|32,8
2013-10-25 08:25:23,039|41,2
2013-10-25 08:25:25,829|33,6
2013-10-25 08:25:28,520|41,9
2013-10-25 08:25:31,325|38,9
2013-10-25 08:25:34,039|47,1
2013-10-25 08:25:36,837|42,7
2013-10-25 08:25:39,594|50,7
2013-10-25 08:25:42,348|42,9
2013-10-25 08:25:45,100|51,3
2013-10-25 08:25:47,844|43,6
2013-10-25 08:25:50,582|51,4
2013-10-25 08:25:53,343|44
2013-10-25 08:25:56,082|52
2013-10-25 08:25:58,751|44,6
2013-10-25 08:26:01,473|45,4
2013-10-25 08:26:04,718|41,2
2013-10-25 08:26:07,702|43,6
2013-10-25 08:26:10,676|39,3
2013-10-25 08:26:13,353|42,6
2013-10-25 08:26:16,107|35
2013-10-25 08:26:18,885|41,4
2013-10-25 08:26:21,724|35,4
2013-10-25 08:26:24,508|42,5
2013-10-25 08:26:27,277|36,5
2013-10-25 08:26:30,109|43,9
2013-10-25 08:26:32,953|38
2013-10-25 08:26:35,738|41,6
2013-10-25 08:26:38,594|35,8
2013-10-25 08:26:41,344|40,9
2013-10-25 08:26:44,107|32,6
2013-10-25 08:26:46,837|31,8
2013-10-25 08:26:49,609|31,9
2013-10-25 08:26:52,454|30,5
2013-10-25 08:26:55,246|37,4
2013-10-25 08:26:58,011|37,8
2013-10-25 08:27:00,748|42,5
2013-10-25 08:27:03,413|42,5
2013-10-25 08:27:06,162|49,6
2013-10-25 08:27:08,865|49,6
2013-10-25 08:27:11,538|57,3
2013-10-25 08:27:14,269|57,3
2013-10-25 08:27:16,987|65,2
2013-10-25 08:27:19,772|65,2
2013-10-25 08:27:22,504|70,9
2013-10-25 08:27:25,281|70,9
2013-10-25 08:27:28,109|71,5
2013-10-25 08:27:30,805|71,5
2013-10-25 08:27:33,533|77,2
2013-10-25 08:27:36,241|75,8
2013-10-25 08:27:39,056|79,6
2013-10-25 08:27:41,796|78,3
2013-10-25 08:27:44,504|77,9
2013-10-25 08:27:47,190|78,2
2013-10-25 08:27:49,909|78,6
2013-10-25 08:27:52,640|79,1
2013-10-25 08:27:55,503|78,8
2013-10-25 08:27:58,330|79,6
2013-10-25 08:28:01,143|79,6
2013-10-25 08:28:03,999|79,2
2013-10-25 08:28:06,783|79,2
2013-10-25 08:28:09,628|76
2013-10-25 08:28:12,411|76
2013-10-25 08:28:15,158|72,3
2013-10-25 08:28:17,922|72,3
2013-10-25 08:28:20,709|70,8
2013-10-25 08:28:23,470|70,8
2013-10-25 08:28:26,228|67,3
2013-10-25 08:28:29,030|67,3
2013-10-25 08:28:31,821|69,6
2013-10-25 08:28:34,572|69,6
2013-10-25 08:28:37,308|72,2
2013-10-25 08:28:40,030|72,2
2013-10-25 08:28:42,778|73,8
2013-10-25 08:28:45,560|74
2013-10-25 08:28:48,431|73,8
2013-10-25 08:28:51,289|76,1
2013-10-25 08:28:54,164|75,5
2013-10-25 08:28:56,922|80,1
2013-10-25 08:28:59,715|80,5
2013-10-25 08:29:02,546|85,9
2013-10-25 08:29:05,318|86,1
2013-10-25 08:29:08,111|89,3
2013-10-25 08:29:10,932|89,5
2013-10-25 08:29:13,793|92
2013-10-25 08:29:16,697|91,6
2013-10-25 08:29:19,572|93,2
2013-10-25 08:29:22,376|93,4
2013-10-25 08:29:25,214|96,3
2013-10-25 08:29:28,118|96,3
2013-10-25 08:29:30,974|97,3
2013-10-25 08:29:33,865|97,5
2013-10-25 08:29:36,711|97,9
2013-10-25 08:29:39,460|97,9
2013-10-25 08:29:42,253|97,5
2013-10-25 08:29:45,025|97,5
2013-10-25 08:29:47,954|96,8
2013-10-25 08:29:50,862|96,8
2013-10-25 08:29:53,847|95,8
2013-10-25 08:29:56,731|95,8
2013-10-25 08:29:59,521|94,6
2013-10-25 08:30:02,399|94,6
2013-10-25 08:30:05,263|93,2
2013-10-25 08:30:08,076|93,2
2013-10-25 08:30:10,970|93,2
2013-10-25 08:30:13,876|93,2
2013-10-25 08:30:16,664|93,2
2013-10-25 08:30:19,516|93,2
2013-10-25 08:30:22,487|94,4
2013-10-25 08:30:25,404|94,4
2013-10-25 08:30:28,378|95,2
2013-10-25 08:30:31,276|95,2
2013-10-25 08:30:34,245|95
2013-10-25 08:30:37,158|95
2013-10-25 08:30:40,060|94,4
2013-10-25 08:30:42,976|94,4
2013-10-25 08:30:45,993|94,5
2013-10-25 08:30:48,989|84,5
2013-10-25 08:30:51,889|84,9
2013-10-25 08:30:54,891|85
2013-10-25 08:30:57,817|87
2013-10-25 08:31:00,806|87,5
2013-10-25 08:31:03,802|88,3
2013-10-25 08:31:06,871|87,8
2013-10-25 08:31:09,882|89,2
2013-10-25 08:31:12,874|89,1
2013-10-25 08:31:15,926|89,1
2013-10-25 08:31:19,028|89
2013-10-25 08:31:22,065|89
2013-10-25 08:31:25,086|89,4
2013-10-25 08:31:28,071|89,4
2013-10-25 08:31:31,064|89,4
2013-10-25 08:31:34,058|89,8
2013-10-25 08:31:37,064|89,7
2013-10-25 08:31:39,925|89,7
2013-10-25 08:31:42,955|88,5
2013-10-25 08:31:46,072|88,8
2013-10-25 08:31:49,165|78,6
2013-10-25 08:31:52,265|77,9
2013-10-25 08:31:55,307|68
2013-10-25 08:31:58,413|68
2013-10-25 08:32:01,427|58,7
2013-10-25 08:32:04,545|48,7
2013-10-25 08:32:07,570|49,9
2013-10-25 08:32:10,608|40
2013-10-25 08:32:13,693|39,4
2013-10-25 08:32:16,698|30,1
2013-10-25 08:32:19,743|30,1
2013-10-25 08:32:22,831|29,9
2013-10-25 08:32:25,926|29,9
2013-10-25 08:32:29,057|29,9
2013-10-25 08:32:32,267|29,9
2013-10-25 08:32:35,311|29,7
2013-10-25 08:32:38,444|29,9
2013-10-25 08:32:41,510|29,1
2013-10-25 08:32:44,659|29,2
2013-10-25 08:32:47,810|29,4
2013-10-25 08:32:50,971|29,6
2013-10-25 08:32:54,063|30,4
2013-10-25 08:32:57,194|30,8
2013-10-25 08:33:00,210|30,8
2013-10-25 08:33:03,344|31,6
2013-10-25 08:33:06,464|31,8
2013-10-25 08:33:09,608|31,3
2013-10-25 08:33:12,751|31,3
2013-10-25 08:33:15,939|30,8
2013-10-25 08:33:19,132|20,6
2013-10-25 08:33:22,320|29,6
2013-10-25 08:33:25,508|20
2013-10-25 08:33:28,719|20,1
2013-10-25 08:33:31,867|10,3
2013-10-25 08:33:35,099|10,7
2013-10-25 08:33:38,289|1,3
2013-10-25 08:33:41,529|1,1
2013-10-25 08:33:44,732|1,5
2013-10-25 08:33:47,892|2,1
