0
1
1.5
1.9
1.9
1.7
2.1
2.1
2.8
3.2
3.2
3.4
3.7
3.7
4.1
3.7
3.7
3.2
2.4
2.4
2.5
2.5
2.5
3
3.1
2.9
2.9
2.7
2.9
3.5
3.5
3.3
3.1
3.1
2.9
2.5
2.5
1.7
1.7
1.7
1.7
1.7
1.9
2.6
2.6
3.2
4
4
3.8
3.8
3.8
4.1
3.1
3.1
3.1
2.5
2.5
2.7
2.6
2.6
2.5
2.5
2.7
2.6
2.6
3.1
3.5
3.5
3.1
3.1
3.1
2.5
2.2
2.2
1.9
1.5
1.5
2.1
1.8
1.8
2.2
2.4
2.9
2.9
2.9
3.3
3.3
3.3
3.4
3.2
3.2
2.9
2.9
2
2.4
2.4
2.9
2.3
2.6
2.2
2.2
1.7
1.7
1.7
2
1.4
1.6
9.2
9.2
8.8
18.8
19.4
29.2
29.2
35.8
45.4
45.4
55
64.7
64.7
67.1
76.9
76.7
85.4
85.4
85.2
93.7
93.7
93.4
96.6
96.6
96.4
97.1
97.1
97.5
97.7
97.9
97.8
97.8
97.5
97.1
97.1
97.5
98.3
98.3
98.2
98.2
97.8
97.8
97.8
97.8
97.9
97.9
98.3
98.8
98.2
96.7
96.7
96.5
96.1
96.3
96.3
96.8
96.8
96.6
96.8
86.8
87.6
78.4
78
78.2
68.6
69
60
70
69.4
60.4
69.4
50
50
50.6
41.2
50
40.4
40.4
50.8
40.8
40.8
41.4
41.4
50.3
40.3
40.3
40.5
40.5
50.9
40.9
40.9
40.8
49.9
49.9
49.9
49.6
49.6
50
50
50
49.8
49.8
50.2
50.2
50.3
49.9
49.9
50
50.4
50.2
49.9
49.9
50.1
50.1
49.7
49.7
50.6
51
51
50.9
50.9
50.9
51
51
51
51
51
50
49.6
49.6
49.6
49.6
49.4
49.7
50
50
50.3
50.3
50.3
50.4
50.4
49.9
49.9
49.9
50.5
50.5
50.2
50.2
50.5
50.5
50.5
51.2
89.8
79.8
89.6
80
80.6
80.6
70.4
70.4
70.4
60.6
50.9
50.9
40.9
40.5
31.1
31.7
22.1
22.1
21.5
11.5
11.5
1.7
1.7
2.1
1.5
1.5
1.7
1.7
1.7
1.7
1.7
2
1.6
1.7
2
2
1.4
1.4
1.4
1.2
1.2
1.6
1.6
1.6
1.6
1.4
1.2
1.2
1.6
1.6
1.4
1.4
1.8
1.4
1.6
1.7
1.7
1.4
1.4
1.8
