2013-10-18 14:30:25,500|0
2013-10-18 14:30:28,573|0
2013-10-18 14:30:31,614|1,4
2013-10-18 14:30:34,668|1,4
2013-10-18 14:30:37,656|2,7
2013-10-18 14:30:40,684|2,7
2013-10-18 14:30:43,693|2,6
2013-10-18 14:30:46,705|2,6
2013-10-18 14:30:49,693|2,4
2013-10-18 14:30:52,659|2,4
2013-10-18 14:30:55,706|11,8
2013-10-18 14:30:58,717|11,8
2013-10-18 14:31:01,711|21,1
2013-10-18 14:31:04,695|21,1
2013-10-18 14:31:07,671|21,3
2013-10-18 14:31:10,652|21,9
2013-10-18 14:31:13,680|21,9
2013-10-18 14:31:16,663|21,8
2013-10-18 14:31:19,673|21,8
2013-10-18 14:31:22,711|20,9
2013-10-18 14:31:25,736|20,9
2013-10-18 14:31:28,689|20,6
2013-10-18 14:31:31,716|20,6
2013-10-18 14:31:34,830|20,6
2013-10-18 14:31:37,861|20,6
2013-10-18 14:31:40,711|20,6
2013-10-18 14:31:43,569|20,6
2013-10-18 14:31:46,336|40
2013-10-18 14:31:49,122|40
2013-10-18 14:31:51,876|58,9
2013-10-18 14:31:54,621|58,9
2013-10-18 14:31:57,334|68,4
2013-10-18 14:32:00,194|68,4
2013-10-18 14:32:02,935|68,6
2013-10-18 14:32:05,837|68,6
2013-10-18 14:32:08,848|67,9
2013-10-18 14:32:11,735|67,9
2013-10-18 14:32:14,594|68
2013-10-18 14:32:17,592|68
2013-10-18 14:32:20,497|68,9
2013-10-18 14:32:23,259|68,9
2013-10-18 14:32:26,221|68,9
2013-10-18 14:32:29,094|68,9
2013-10-18 14:32:32,090|68,8
2013-10-18 14:32:35,000|68,8
2013-10-18 14:32:37,862|69,1
2013-10-18 14:32:40,766|69,1
2013-10-18 14:32:43,665|69,9
2013-10-18 14:32:46,638|69,9
2013-10-18 14:32:49,462|69,6
2013-10-18 14:32:52,276|69,6
2013-10-18 14:32:55,224|69,7
2013-10-18 14:32:58,048|69,7
2013-10-18 14:33:01,021|69,4
2013-10-18 14:33:04,027|69,4
2013-10-18 14:33:06,918|68,9
2013-10-18 14:33:09,857|68,9
2013-10-18 14:33:12,871|68,3
2013-10-18 14:33:15,782|68,3
2013-10-18 14:33:18,665|69
2013-10-18 14:33:21,662|69
2013-10-18 14:33:24,638|69,7
2013-10-18 14:33:27,491|69,7
2013-10-18 14:33:30,397|70,8
2013-10-18 14:33:33,374|70,8
2013-10-18 14:33:36,306|70,5
2013-10-18 14:33:39,273|70,5
2013-10-18 14:33:42,180|70,3
2013-10-18 14:33:45,123|70,3
2013-10-18 14:33:48,153|69,9
2013-10-18 14:33:51,061|69,9
2013-10-18 14:33:53,959|69,1
2013-10-18 14:33:56,911|69,1
2013-10-18 14:33:59,884|69,3
2013-10-18 14:34:02,815|69,3
2013-10-18 14:34:05,907|69,6
2013-10-18 14:34:08,932|69,6
2013-10-18 14:34:11,920|70,4
2013-10-18 14:34:14,938|70,4
2013-10-18 14:34:17,950|69,8
2013-10-18 14:34:21,058|69,8
2013-10-18 14:34:24,068|69,6
2013-10-18 14:34:26,966|69,6
2013-10-18 14:34:29,973|69,4
2013-10-18 14:34:32,951|69,4
2013-10-18 14:34:35,846|69,4
2013-10-18 14:34:38,797|69,5
2013-10-18 14:34:41,725|69,5
2013-10-18 14:34:44,721|70,1
2013-10-18 14:34:47,732|70,1
2013-10-18 14:34:50,689|69,4
2013-10-18 14:34:53,660|69,4
2013-10-18 14:34:56,487|68,4
2013-10-18 14:34:59,495|68,4
2013-10-18 14:35:02,459|67,8
2013-10-18 14:35:05,472|67,8
2013-10-18 14:35:08,482|69
2013-10-18 14:35:11,489|69
2013-10-18 14:35:14,492|69,8
2013-10-18 14:35:17,484|69,8
2013-10-18 14:35:20,505|69,9
2013-10-18 14:35:23,485|69,9
2013-10-18 14:35:26,392|69,1
2013-10-18 14:35:29,372|69,1
2013-10-18 14:35:32,337|69
2013-10-18 14:35:35,364|69
2013-10-18 14:35:38,481|69,1
2013-10-18 14:35:41,501|69,1
2013-10-18 14:35:44,499|69,1
2013-10-18 14:35:47,515|69,1
2013-10-18 14:35:50,515|69,5
2013-10-18 14:35:53,520|69,5
2013-10-18 14:35:56,613|69,6
2013-10-18 14:35:59,653|69,5
2013-10-18 14:36:02,732|69,5
2013-10-18 14:36:05,831|68,4
2013-10-18 14:36:08,930|68,4
2013-10-18 14:36:11,922|68,4
2013-10-18 14:36:15,005|68,4
2013-10-18 14:36:17,970|69,4
2013-10-18 14:36:20,913|69,4
2013-10-18 14:36:23,905|70,8
2013-10-18 14:36:26,866|70,8
2013-10-18 14:36:29,754|70,4
2013-10-18 14:36:32,641|70,4
2013-10-18 14:36:35,515|69,8
2013-10-18 14:36:38,541|69,8
2013-10-18 14:36:41,408|70
2013-10-18 14:36:44,445|70
2013-10-18 14:36:47,531|70,4
2013-10-18 14:36:50,383|70,4
2013-10-18 14:36:53,432|70,6
2013-10-18 14:36:56,541|70,6
2013-10-18 14:36:59,672|69,8
2013-10-18 14:37:02,644|69,8
2013-10-18 14:37:05,535|69,2
2013-10-18 14:37:08,637|69,2
2013-10-18 14:37:11,573|68,6
2013-10-18 14:37:14,676|68,6
2013-10-18 14:37:17,728|69,1
2013-10-18 14:37:20,816|69,3
2013-10-18 14:37:23,820|69,3
2013-10-18 14:37:26,829|69,2
2013-10-18 14:37:29,924|69,2
2013-10-18 14:37:32,893|69,3
2013-10-18 14:37:35,927|69,3
2013-10-18 14:37:38,942|69,8
2013-10-18 14:37:42,031|69,8
2013-10-18 14:37:45,214|70,1
2013-10-18 14:37:48,295|70,1
2013-10-18 14:37:51,325|70,1
2013-10-18 14:37:54,297|70,1
2013-10-18 14:37:57,347|70
2013-10-18 14:38:00,429|70
2013-10-18 14:38:03,463|69
2013-10-18 14:38:06,519|69
2013-10-18 14:38:09,601|68,4
2013-10-18 14:38:12,681|68,4
2013-10-18 14:38:15,785|68,9
2013-10-18 14:38:18,843|69,7
2013-10-18 14:38:22,102|69,7
2013-10-18 14:38:25,303|69,9
2013-10-18 14:38:28,297|69,9
2013-10-18 14:38:31,366|69,1
2013-10-18 14:38:34,476|69,1
2013-10-18 14:38:37,441|68,5
2013-10-18 14:38:40,344|68,5
2013-10-18 14:38:43,444|68,8
2013-10-18 14:38:46,332|68,8
2013-10-18 14:38:49,379|68,9
2013-10-18 14:38:52,450|68,9
2013-10-18 14:38:55,576|69,2
2013-10-18 14:38:58,577|69,2
2013-10-18 14:39:01,835|68,7
2013-10-18 14:39:05,016|68,7
2013-10-18 14:39:08,209|68,7
2013-10-18 14:39:11,394|69,7
2013-10-18 14:39:14,489|69,7
2013-10-18 14:39:17,619|70,3
2013-10-18 14:39:20,842|70,3
2013-10-18 14:39:24,009|70,1
2013-10-18 14:39:27,131|70,1
2013-10-18 14:39:30,278|69,7
2013-10-18 14:39:33,469|69,7
2013-10-18 14:39:36,617|69,5
2013-10-18 14:39:39,902|70,2
2013-10-18 14:39:43,103|70,2
2013-10-18 14:39:46,344|70,3
2013-10-18 14:39:49,542|70,3
2013-10-18 14:39:52,797|69,8
2013-10-18 14:39:55,902|69,8
2013-10-18 14:39:59,125|68,7
2013-10-18 14:40:02,285|68,7
2013-10-18 14:40:05,439|68,5
2013-10-18 14:40:08,534|68,4
2013-10-18 14:40:11,661|68,4
2013-10-18 14:40:14,695|69
2013-10-18 14:40:17,943|69
2013-10-18 14:40:21,256|69,4
2013-10-18 14:40:24,539|69,4
2013-10-18 14:40:27,810|69,4
2013-10-18 14:40:31,064|69,4
2013-10-18 14:40:34,262|69,4
2013-10-18 14:40:37,457|69,4
2013-10-18 14:40:40,671|70
2013-10-18 14:40:43,891|70,2
2013-10-18 14:40:47,150|70,2
2013-10-18 14:40:50,336|70,4
2013-10-18 14:40:53,524|70,4
2013-10-18 14:40:56,793|69,8
2013-10-18 14:40:59,959|69,8
2013-10-18 14:41:03,197|69,3
2013-10-18 14:41:06,300|69,3
2013-10-18 14:41:09,352|69,2
2013-10-18 14:41:12,599|69,4
2013-10-18 14:41:15,842|69,4
2013-10-18 14:41:19,198|70,4
2013-10-18 14:41:22,440|70,4
2013-10-18 14:41:25,673|70
2013-10-18 14:41:28,931|70
2013-10-18 14:41:32,180|69,1
2013-10-18 14:41:35,471|69,1
2013-10-18 14:41:38,701|69,6
2013-10-18 14:41:41,962|70,3
2013-10-18 14:41:45,298|70,3
2013-10-18 14:41:48,508|69,9
2013-10-18 14:41:51,741|69,9
2013-10-18 14:41:54,985|68,4
2013-10-18 14:41:58,219|68,4
2013-10-18 14:42:01,486|69,5
2013-10-18 14:42:04,762|70,2
2013-10-18 14:42:08,091|70,2
2013-10-18 14:42:11,451|70,4
2013-10-18 14:42:14,735|70,4
2013-10-18 14:42:17,987|69,5
2013-10-18 14:42:21,234|69,5
2013-10-18 14:42:24,497|69,4
2013-10-18 14:42:27,757|70,2
2013-10-18 14:42:31,074|70,2
2013-10-18 14:42:34,468|70,5
2013-10-18 14:42:37,716|70,5
2013-10-18 14:42:40,903|70,4
2013-10-18 14:42:44,285|70,4
2013-10-18 14:42:47,637|70,9
2013-10-18 14:42:50,896|70,7
2013-10-18 14:42:54,143|70,7
2013-10-18 14:42:57,406|70,3
2013-10-18 14:43:00,784|70,3
2013-10-18 14:43:04,121|69,5
2013-10-18 14:43:07,376|69,5
2013-10-18 14:43:10,636|70
2013-10-18 14:43:13,993|70,6
2013-10-18 14:43:17,382|70,6
2013-10-18 14:43:20,770|70,6
2013-10-18 14:43:24,106|70,6
2013-10-18 14:43:27,484|69,6
2013-10-18 14:43:30,800|69,6
2013-10-18 14:43:34,153|69,2
2013-10-18 14:43:37,415|69,4
2013-10-18 14:43:40,793|69,4
2013-10-18 14:43:44,044|68,8
2013-10-18 14:43:47,502|68,8
2013-10-18 14:43:50,890|68,9
2013-10-18 14:43:54,202|69,9
2013-10-18 14:43:57,449|69,9
2013-10-18 14:44:00,703|69,9
2013-10-18 14:44:03,933|69,9
2013-10-18 14:44:07,151|68,9
2013-10-18 14:44:10,507|68,9
2013-10-18 14:44:13,882|68,5
2013-10-18 14:44:17,191|68,5
2013-10-18 14:44:20,466|69,1
2013-10-18 14:44:23,820|69,7
2013-10-18 14:44:27,173|69,7
2013-10-18 14:44:30,599|68,9
2013-10-18 14:44:33,981|68,9
2013-10-18 14:44:37,363|69
2013-10-18 14:44:40,922|70,2
2013-10-18 14:44:44,315|70,2
2013-10-18 14:44:47,686|70
2013-10-18 14:44:51,055|70
2013-10-18 14:44:54,423|69,5
2013-10-18 14:44:57,707|69,9
2013-10-18 14:45:00,972|69,9
2013-10-18 14:45:04,363|69,8
2013-10-18 14:45:07,653|69,8
2013-10-18 14:45:10,962|69,2
2013-10-18 14:45:14,303|69,2
2013-10-18 14:45:17,507|69,9
2013-10-18 14:45:20,699|70
2013-10-18 14:45:24,003|70
2013-10-18 14:45:27,316|69,3
2013-10-18 14:45:30,624|69,3
2013-10-18 14:45:34,065|68,6
2013-10-18 14:45:37,440|68,6
2013-10-18 14:45:40,850|78,7
2013-10-18 14:45:44,249|89,1
2013-10-18 14:45:47,494|89,1
2013-10-18 14:45:50,958|97,9
2013-10-18 14:45:54,222|97,9
2013-10-18 14:45:57,655|98,1
2013-10-18 14:46:00,901|99
2013-10-18 14:46:04,222|99
2013-10-18 14:46:07,482|99,6
2013-10-18 14:46:10,766|99,6
2013-10-18 14:46:14,114|98,6
2013-10-18 14:46:17,494|98,6
2013-10-18 14:46:20,779|97,8
2013-10-18 14:46:24,175|98,4
2013-10-18 14:46:27,524|98,4
2013-10-18 14:46:30,889|98,8
2013-10-18 14:46:34,242|98,8
2013-10-18 14:46:37,568|98,1
2013-10-18 14:46:40,895|98,1
2013-10-18 14:46:43,991|97,4
2013-10-18 14:46:47,560|97,9
2013-10-18 14:46:51,154|97,9
2013-10-18 14:46:54,737|87,7
2013-10-18 14:46:58,250|87,7
2013-10-18 14:47:01,671|79,9
2013-10-18 14:47:05,269|70,2
2013-10-18 14:47:08,888|70,2
2013-10-18 14:47:12,443|70,1
2013-10-18 14:47:16,037|70,1
2013-10-18 14:47:19,696|69,4
2013-10-18 14:47:23,277|69,7
2013-10-18 14:47:26,896|69,7
2013-10-18 14:47:30,435|69,2
2013-10-18 14:47:34,031|70,4
2013-10-18 14:47:37,617|70,4
2013-10-18 14:47:41,248|69,6
2013-10-18 14:47:44,899|69,6
2013-10-18 14:47:48,441|69,6
2013-10-18 14:47:52,030|68,7
2013-10-18 14:47:55,679|68,7
2013-10-18 14:47:59,270|67,9
2013-10-18 14:48:02,859|59,6
2013-10-18 14:48:06,417|59,6
2013-10-18 14:48:10,029|50,1
2013-10-18 14:48:13,681|50,6
2013-10-18 14:48:17,289|50,6
2013-10-18 14:48:20,922|50,2
2013-10-18 14:48:24,594|50,2
2013-10-18 14:48:28,218|50,5
2013-10-18 14:48:31,877|30,9
2013-10-18 14:48:35,564|30,9
2013-10-18 14:48:39,230|12,8
2013-10-18 14:48:42,896|1,9
2013-10-18 14:48:46,511|1,9
2013-10-18 14:48:50,197|2,8
