MV1===========================================
2013-10-18 14:28:01,100|0,0|0,0|100,0|995|401|593|63,32|6,71|0,59|0,00
2013-10-18 14:28:06,606|0,0|0,0|100,0|995|401|593|63,25|6,72|3,02|0,06
2013-10-18 14:28:12,108|0,0|0,0|100,0|995|401|593|63,17|6,72|1,01|0,00
2013-10-18 14:28:17,615|0,0|0,0|100,0|995|401|593|63,09|6,72|4,44|0,00
2013-10-18 14:28:23,178|0,0|0,0|100,0|995|401|593|63,02|6,72|0,92|0,00
2013-10-18 14:28:28,706|0,0|0,0|100,0|995|401|593|62,94|6,72|1,03|0,00
2013-10-18 14:28:34,226|0,0|0,0|100,0|995|401|593|62,87|6,72|0,63|0,00
2013-10-18 14:28:39,738|0,0|0,0|100,0|995|401|593|62,79|6,72|1,46|0,00
2013-10-18 14:28:45,236|0,0|0,0|100,0|995|401|593|62,72|6,72|1,86|0,00
2013-10-18 14:28:50,742|0,0|0,0|100,0|995|401|593|62,65|6,73|1,08|0,00
2013-10-18 14:28:56,304|0,0|0,0|100,0|995|401|593|62,57|6,73|1,60|0,00
2013-10-18 14:29:01,828|0,0|0,0|100,0|995|401|593|62,50|6,73|0,71|0,00
2013-10-18 14:29:07,350|0,0|0,0|100,0|995|401|593|62,42|6,73|1,29|0,00
2013-10-18 14:29:12,861|0,0|0,0|100,0|995|401|593|62,35|6,73|2,15|0,00
2013-10-18 14:29:18,362|1,9|0,0|98,0|995|401|593|62,28|6,73|2,50|0,00
2013-10-18 14:29:23,857|1,9|0,0|98,0|995|401|593|62,20|6,73|2,56|0,00
2013-10-18 14:29:29,362|0,0|0,0|100,0|995|401|593|62,13|6,73|0,68|0,00
2013-10-18 14:29:34,865|0,0|0,0|100,0|995|401|593|62,06|6,73|2,80|0,00
2013-10-18 14:29:40,361|0,0|0,0|100,0|995|401|593|61,99|6,73|2,17|0,00
2013-10-18 14:29:45,852|1,9|0,0|98,0|995|401|593|61,91|6,73|1,11|0,00
2013-10-18 14:29:51,361|0,0|0,0|100,0|995|401|593|61,84|6,73|1,04|0,00
2013-10-18 14:29:56,862|0,0|0,0|100,0|995|401|593|61,77|6,73|3,43|0,00
2013-10-18 14:30:02,360|0,0|0,0|100,0|995|401|593|61,70|6,73|2,06|0,00
2013-10-18 14:30:07,864|0,0|0,0|100,0|995|401|593|61,63|6,73|0,94|0,00
2013-10-18 14:30:13,370|0,0|0,0|100,0|995|401|593|61,55|6,73|1,22|0,00
2013-10-18 14:30:18,934|0,0|0,0|100,0|995|401|593|61,48|6,73|9,85|1,37
2013-10-18 14:30:24,502|6,2|4,1|89,5|995|401|593|61,41|6,74|1,94|0,00
2013-10-18 14:30:30,079|4,0|6,1|89,7|995|401|593|61,34|6,74|6,30|128,56
2013-10-18 14:30:35,598|4,1|4,1|91,6|995|401|593|61,27|6,74|12,13|256,74
2013-10-18 14:30:41,116|0,0|0,0|100,0|995|401|593|61,20|6,74|11,57|134,33
2013-10-18 14:30:46,615|100,0|0,0|0,0|995|408|587|61,12|6,75|7,21|6,03
2013-10-18 14:30:52,453|100,0|0,0|0,0|995|425|569|61,05|6,75|5,59|5,90
2013-10-18 14:30:58,319|100,0|0,0|0,0|995|426|568|60,98|6,76|14,40|5,93
2013-10-18 14:31:04,062|100,0|0,0|0,0|995|427|568|60,90|6,76|3,44|1,39
2013-10-18 14:31:09,845|96,0|3,9|0,0|995|427|567|60,83|6,77|0,75|0,00
2013-10-18 14:31:15,646|95,9|4,0|0,0|995|428|567|60,75|6,77|1,13|0,00
2013-10-18 14:31:21,505|96,0|4,0|0,0|995|428|566|60,68|6,77|0,62|0,00
2013-10-18 14:31:27,279|95,9|4,0|0,0|995|430|565|60,61|6,78|5,84|126,98
2013-10-18 14:31:33,071|96,0|4,0|0,0|995|429|566|60,54|6,79|7,31|128,25
2013-10-18 14:31:38,813|96,0|4,0|0,0|995|429|565|60,46|6,79|14,83|128,38
2013-10-18 14:31:44,575|96,0|1,9|0,0|995|430|565|60,39|6,79|6,48|128,29
2013-10-18 14:31:50,363|96,0|4,0|0,0|995|430|565|60,32|6,80|0,93|0,00
2013-10-18 14:31:56,151|97,9|2,0|0,0|995|414|581|60,25|6,80|0,57|0,00
2013-10-18 14:32:01,904|92,1|5,8|0,0|995|417|578|60,17|6,81|3,00|255,25
2013-10-18 14:32:07,665|98,0|2,0|0,0|995|434|561|60,10|6,81|3,65|55,92
2013-10-18 14:32:13,451|98,0|2,0|0,0|995|433|561|60,03|6,81|1,74|0,00
2013-10-18 14:32:19,291|98,0|2,0|0,0|995|433|561|59,96|6,82|3,77|0,00
2013-10-18 14:32:25,065|96,0|4,0|0,0|995|433|561|59,89|6,82|0,74|0,00
2013-10-18 14:32:30,855|98,0|2,0|0,0|995|433|561|59,82|6,82|1,95|0,00
2013-10-18 14:32:36,643|98,0|2,0|0,0|995|433|561|59,75|6,83|0,78|0,00
2013-10-18 14:32:42,429|96,0|4,0|0,0|995|433|561|59,67|6,84|1,04|0,00
2013-10-18 14:32:48,209|98,0|2,0|0,0|995|433|561|59,60|6,84|2,60|0,00
2013-10-18 14:32:53,997|98,0|2,0|0,0|995|434|561|59,53|6,84|2,11|0,00
2013-10-18 14:32:59,761|94,1|5,8|0,0|995|434|561|59,46|6,84|0,54|0,00
2013-10-18 14:33:05,534|97,9|2,0|0,0|995|434|561|59,39|6,85|2,04|0,00
2013-10-18 14:33:11,371|94,0|4,0|0,0|995|434|560|59,32|6,86|2,77|125,79
2013-10-18 14:33:17,221|98,0|2,0|0,0|995|435|560|59,25|6,86|4,60|127,05
2013-10-18 14:33:23,013|96,0|4,0|0,0|995|434|561|59,18|6,86|6,41|128,31
2013-10-18 14:33:28,769|97,9|2,0|0,0|995|434|561|59,11|6,87|6,75|128,38
2013-10-18 14:33:34,509|98,0|0,0|0,0|995|434|561|59,04|6,87|6,73|128,38
2013-10-18 14:33:40,251|98,0|2,0|0,0|995|434|561|58,98|6,87|6,91|128,25
2013-10-18 14:33:46,015|94,0|6,0|0,0|995|434|561|58,91|6,88|11,51|256,62
2013-10-18 14:33:51,769|94,0|6,0|0,0|995|434|561|58,84|6,89|11,43|256,57
2013-10-18 14:33:57,507|98,0|2,0|0,0|995|434|561|58,77|6,89|12,42|256,70
2013-10-18 14:34:03,241|100,0|0,0|0,0|995|434|561|58,70|6,89|12,32|136,73
2013-10-18 14:34:09,026|96,0|4,0|0,0|995|434|561|58,63|6,90|22,63|519,55
2013-10-18 14:34:14,762|100,0|0,0|0,0|995|434|561|58,57|6,90|5,52|8,51
2013-10-18 14:34:20,577|100,0|0,0|0,0|995|434|561|58,50|6,91|5,71|8,50
2013-10-18 14:34:26,320|100,0|0,0|0,0|995|434|561|58,43|6,91|1,49|0,00
2013-10-18 14:34:32,150|100,0|0,0|0,0|995|434|561|58,36|6,92|0,62|0,06
2013-10-18 14:34:37,977|100,0|0,0|0,0|995|434|561|58,29|6,92|3,11|0,00
2013-10-18 14:34:43,793|98,0|2,0|0,0|995|434|561|58,23|6,92|1,28|0,00
2013-10-18 14:34:49,578|96,0|4,0|0,0|995|434|561|58,16|6,92|1,84|0,00
2013-10-18 14:34:55,323|94,0|6,0|0,0|995|434|561|58,09|6,93|1,38|0,00
2013-10-18 14:35:01,097|97,9|2,0|0,0|995|434|561|58,03|6,94|2,82|0,00
2013-10-18 14:35:06,901|96,0|4,0|0,0|995|434|561|57,96|6,94|5,72|128,38
2013-10-18 14:35:12,669|94,1|3,9|0,0|995|434|561|57,89|6,95|6,04|128,26
2013-10-18 14:35:18,414|95,9|4,0|0,0|995|434|561|57,83|6,95|12,30|256,62
2013-10-18 14:35:24,159|97,9|2,0|0,0|995|434|561|57,76|6,95|13,02|256,64
2013-10-18 14:35:29,905|96,0|4,0|0,0|995|434|561|57,69|6,95|7,58|129,71
2013-10-18 14:35:35,727|100,0|0,0|0,0|995|434|561|57,63|6,97|11,15|137,89
2013-10-18 14:35:41,505|100,0|0,0|0,0|995|434|561|57,56|6,97|12,42|10,97
2013-10-18 14:35:47,279|100,0|0,0|0,0|995|434|561|57,50|6,97|5,70|9,60
2013-10-18 14:35:53,107|100,0|0,0|0,0|995|434|561|57,43|6,97|4,45|2,65
2013-10-18 14:35:58,882|98,0|2,0|0,0|995|434|561|57,36|6,98|1,25|0,00
2013-10-18 14:36:04,719|96,0|4,0|0,0|995|434|561|57,30|6,98|0,74|0,00
2013-10-18 14:36:10,467|100,0|0,0|0,0|995|435|559|57,23|6,99|1,23|0,00
2013-10-18 14:36:16,266|98,0|2,0|0,0|995|434|561|57,17|6,99|7,11|128,31
2013-10-18 14:36:22,003|98,0|2,0|0,0|995|434|561|57,10|7,00|8,08|128,39
2013-10-18 14:36:27,793|96,0|4,0|0,0|995|434|561|57,04|7,01|6,90|128,45
2013-10-18 14:36:33,535|98,0|2,0|0,0|995|435|559|56,98|7,01|8,23|137,91
2013-10-18 14:36:39,295|96,0|4,0|0,0|995|434|561|56,91|7,01|12,41|256,70
2013-10-18 14:36:45,055|98,0|2,0|0,0|995|434|561|56,85|7,02|23,90|256,58
2013-10-18 14:36:50,809|100,0|0,0|0,0|995|434|561|56,78|7,02|12,97|138,84
2013-10-18 14:36:56,600|100,0|0,0|0,0|995|434|561|56,72|7,03|10,38|12,36
2013-10-18 14:37:02,379|100,0|0,0|0,0|995|434|561|56,66|7,03|6,01|10,55
2013-10-18 14:37:08,209|100,0|0,0|0,0|995|434|561|56,59|7,03|6,13|10,58
2013-10-18 14:37:14,009|100,0|0,0|0,0|995|434|561|56,53|7,03|0,92|0,00
2013-10-18 14:37:19,827|96,0|4,0|0,0|995|434|561|56,46|7,04|1,72|0,00
2013-10-18 14:37:25,615|98,0|2,0|0,0|995|434|561|56,40|7,05|0,83|0,00
2013-10-18 14:37:31,391|98,0|2,0|0,0|995|435|559|56,34|7,05|1,81|0,32
2013-10-18 14:37:37,199|97,9|2,0|0,0|995|434|561|56,28|7,05|18,78|550,43
2013-10-18 14:37:43,019|96,0|4,0|0,0|995|434|561|56,21|7,06|11,38|256,70
2013-10-18 14:37:48,813|100,0|0,0|0,0|995|435|559|56,15|7,06|23,53|264,71
2013-10-18 14:37:54,579|100,0|0,0|0,0|995|434|561|56,09|7,07|11,99|139,48
2013-10-18 14:38:00,361|100,0|0,0|0,0|995|434|561|56,02|7,07|5,48|11,35
2013-10-18 14:38:06,137|100,0|0,0|0,0|995|434|561|55,96|7,07|5,55|11,35
2013-10-18 14:38:11,945|100,0|0,0|0,0|995|434|561|55,90|7,08|0,75|0,00
2013-10-18 14:38:17,773|96,0|4,0|0,0|995|434|561|55,84|7,08|1,79|0,00
2013-10-18 14:38:23,591|95,9|4,0|0,0|995|434|561|55,78|7,08|23,06|592,29
2013-10-18 14:38:29,395|96,0|4,0|0,0|995|435|560|55,71|7,10|9,83|255,31
2013-10-18 14:38:35,145|95,9|4,0|0,0|995|434|561|55,65|7,10|11,80|256,69
2013-10-18 14:38:40,889|98,0|1,9|0,0|995|435|560|55,59|7,11|11,87|140,09
2013-10-18 14:38:46,677|100,0|0,0|0,0|995|434|561|55,53|7,11|10,34|140,17
2013-10-18 14:38:52,517|100,0|0,0|0,0|995|434|561|55,47|7,11|14,08|13,28
2013-10-18 14:38:58,305|100,0|0,0|0,0|995|434|561|55,41|7,11|5,35|2,65
2013-10-18 14:39:04,119|98,0|2,0|0,0|995|434|561|55,35|7,12|2,31|0,00
2013-10-18 14:39:09,905|98,0|2,0|0,0|995|436|559|55,28|7,12|2,90|125,46
2013-10-18 14:39:15,684|98,0|2,0|0,0|995|435|560|55,22|7,13|9,14|254,60
2013-10-18 14:39:21,422|100,0|0,0|0,0|995|434|561|55,16|7,13|8,97|140,26
2013-10-18 14:39:27,270|100,0|0,0|0,0|995|434|561|55,10|7,13|7,90|13,83
2013-10-18 14:39:33,046|100,0|0,0|0,0|995|434|561|55,04|7,13|10,15|1,46
2013-10-18 14:39:38,845|96,0|4,0|0,0|995|434|561|54,98|7,14|3,97|0,06
2013-10-18 14:39:44,604|96,0|4,0|0,0|995|434|561|54,92|7,14|6,50|128,44
2013-10-18 14:39:50,351|97,9|2,0|0,0|995|434|561|54,86|7,16|12,76|256,71
2013-10-18 14:39:56,102|100,0|0,0|0,0|995|434|561|54,80|7,16|7,24|13,04
2013-10-18 14:40:01,882|100,0|0,0|0,0|995|434|561|54,74|7,17|4,45|2,59
2013-10-18 14:40:07,686|100,0|0,0|0,0|995|434|561|54,68|7,17|0,63|0,00
2013-10-18 14:40:13,468|98,0|2,0|0,0|995|434|561|54,63|7,18|1,15|0,00
2013-10-18 14:40:19,250|96,0|4,0|0,0|995|441|554|54,57|7,18|10,74|256,39
2013-10-18 14:40:25,053|100,0|0,0|0,0|995|440|555|54,51|7,18|11,69|141,49
2013-10-18 14:40:30,833|100,0|0,0|0,0|995|440|555|54,45|7,19|7,23|13,14
2013-10-18 14:40:36,681|100,0|0,0|0,0|995|440|555|54,39|7,19|1,07|0,00
2013-10-18 14:40:42,473|100,0|0,0|0,0|995|442|553|54,33|7,19|0,75|0,00
2013-10-18 14:40:48,329|96,0|3,9|0,0|995|441|554|54,27|7,20|9,85|255,17
2013-10-18 14:40:54,087|100,0|0,0|0,0|995|440|555|54,21|7,20|10,45|141,73
2013-10-18 14:40:59,903|100,0|0,0|0,0|995|440|555|54,15|7,20|5,05|13,43
2013-10-18 14:41:05,713|98,0|1,9|0,0|995|440|555|54,10|7,21|1,97|0,00
2013-10-18 14:41:11,502|98,0|2,0|0,0|995|440|555|54,04|7,21|1,82|0,00
2013-10-18 14:41:17,241|96,0|4,0|0,0|995|441|554|53,98|7,21|9,86|256,47
2013-10-18 14:41:23,021|100,0|0,0|0,0|995|440|555|53,92|7,22|13,11|143,50
2013-10-18 14:41:28,817|100,0|0,0|0,0|995|440|555|53,86|7,22|6,47|13,97
2013-10-18 14:41:34,613|100,0|0,0|0,0|995|440|555|53,81|7,22|11,53|0,06
2013-10-18 14:41:40,399|94,0|4,0|0,0|995|440|555|53,75|7,23|29,37|128,33
2013-10-18 14:41:46,186|96,0|4,0|0,0|995|440|555|53,69|7,23|11,54|256,44
2013-10-18 14:41:51,927|100,0|0,0|0,0|995|440|555|53,63|7,23|8,03|14,43
2013-10-18 14:41:57,702|100,0|0,0|0,0|995|440|555|53,58|7,24|1,17|0,00
2013-10-18 14:42:03,498|100,0|0,0|0,0|995|440|555|53,52|7,24|0,99|0,00
2013-10-18 14:42:09,277|96,0|4,0|0,0|995|440|555|53,46|7,24|11,50|256,63
2013-10-18 14:42:15,066|100,0|0,0|0,0|995|440|555|53,41|7,24|10,61|142,71
2013-10-18 14:42:20,790|100,0|0,0|0,0|995|440|554|53,35|7,25|14,22|0,00
2013-10-18 14:42:26,630|94,0|6,0|0,0|995|440|554|53,29|7,25|2,56|0,00
2013-10-18 14:42:32,391|98,0|2,0|0,0|995|440|554|53,24|7,26|11,15|256,70
2013-10-18 14:42:38,143|100,0|0,0|0,0|995|440|554|53,18|7,26|11,27|143,11
2013-10-18 14:42:43,901|100,0|0,0|0,0|995|440|554|53,13|7,26|0,92|0,00
2013-10-18 14:42:49,743|95,9|4,0|0,0|995|440|554|53,07|7,26|0,99|0,00
2013-10-18 14:42:55,497|98,0|2,0|0,0|995|442|553|53,01|7,26|9,82|137,82
2013-10-18 14:43:01,233|100,0|0,0|0,0|995|440|554|52,96|7,27|11,41|143,59
2013-10-18 14:43:06,953|100,0|0,0|0,0|995|440|554|52,90|7,27|0,45|0,00
2013-10-18 14:43:12,763|96,0|2,0|0,0|995|440|554|52,85|7,28|1,86|0,00
2013-10-18 14:43:18,525|96,0|4,0|0,0|995|440|554|52,79|7,28|11,52|256,70
2013-10-18 14:43:24,257|100,0|0,0|0,0|995|440|554|52,74|7,28|6,20|15,32
2013-10-18 14:43:30,057|100,0|0,0|0,0|995|440|554|52,68|7,28|1,52|0,00
2013-10-18 14:43:35,819|98,0|2,0|0,0|995|440|554|52,63|7,29|7,56|128,31
2013-10-18 14:43:41,563|98,0|1,9|0,0|995|442|553|52,57|7,29|7,79|130,78
2013-10-18 14:43:47,345|100,0|0,0|0,0|995|440|554|52,52|7,30|4,04|2,67
2013-10-18 14:43:53,146|95,9|4,0|0,0|995|440|554|52,46|7,30|2,52|0,00
2013-10-18 14:43:58,883|94,1|5,8|0,0|995|440|554|52,41|7,30|6,48|128,25
2013-10-18 14:44:04,659|100,0|0,0|0,0|995|442|553|52,35|7,31|9,29|129,88
2013-10-18 14:44:10,446|100,0|0,0|0,0|995|440|554|52,30|7,31|6,18|16,01
2013-10-18 14:44:16,186|97,9|2,0|0,0|995|440|554|52,25|7,32|7,98|0,00
2013-10-18 14:44:21,946|98,0|2,0|0,0|995|440|554|52,19|7,32|7,88|128,25
2013-10-18 14:44:27,687|100,0|0,0|0,0|995|440|554|52,14|7,32|11,07|144,61
2013-10-18 14:44:33,418|100,0|0,0|0,0|995|440|554|52,09|7,32|1,50|0,00
2013-10-18 14:44:39,157|96,0|4,0|0,0|995|440|554|52,03|7,33|7,12|128,31
2013-10-18 14:44:44,909|100,0|0,0|0,0|995|440|554|51,98|7,33|10,63|144,79
2013-10-18 14:44:50,738|100,0|0,0|0,0|995|440|554|51,92|7,33|1,69|0,00
2013-10-18 14:44:56,562|96,0|4,0|0,0|995|440|554|51,87|7,34|0,86|0,00
2013-10-18 14:45:02,296|97,9|2,0|0,0|995|441|553|51,82|7,34|21,72|612,64
2013-10-18 14:45:08,034|100,0|0,0|0,0|995|440|554|51,76|7,34|11,50|145,07
2013-10-18 14:45:13,778|100,0|0,0|0,0|995|440|554|51,71|7,35|1,39|0,00
2013-10-18 14:45:19,577|96,0|4,0|0,0|995|440|554|51,66|7,35|2,20|0,00
2013-10-18 14:45:25,325|100,0|0,0|0,0|995|441|553|51,61|7,36|11,14|255,43
2013-10-18 14:45:31,062|100,0|0,0|0,0|995|440|554|51,55|7,36|8,78|19,61
2013-10-18 14:45:36,821|100,0|0,0|0,0|995|440|554|51,50|7,36|1,23|0,00
2013-10-18 14:45:42,597|95,9|4,0|0,0|995|441|553|51,45|7,36|5,87|126,92
2013-10-18 14:45:48,345|100,0|0,0|0,0|995|440|554|51,40|7,37|14,05|145,88
2013-10-18 14:45:54,106|100,0|0,0|0,0|995|440|554|51,34|7,37|5,65|2,27
2013-10-18 14:45:59,910|100,0|0,0|0,0|995|440|554|51,29|7,37|2,17|0,00
2013-10-18 14:46:05,681|96,0|4,0|0,0|995|440|554|51,24|7,38|7,93|128,38
2013-10-18 14:46:11,417|98,0|1,9|0,0|995|440|554|51,19|7,38|11,03|145,83
2013-10-18 14:46:17,197|100,0|0,0|0,0|995|440|554|51,14|7,38|2,49|1,46
2013-10-18 14:46:23,001|96,0|4,0|0,0|995|440|554|51,08|7,38|11,51|0,00
2013-10-18 14:46:28,739|97,9|2,0|0,0|995|440|554|51,03|7,38|12,23|256,76
2013-10-18 14:46:34,503|100,0|0,0|0,0|995|440|554|50,98|7,39|8,06|19,14
2013-10-18 14:46:40,269|100,0|0,0|0,0|995|440|554|50,93|7,40|1,08|0,00
2013-10-18 14:46:46,123|98,0|0,0|0,0|995|440|554|50,88|7,40|5,28|128,15
2013-10-18 14:46:51,903|100,0|0,0|0,0|995|440|554|50,83|7,40|11,31|146,28
2013-10-18 14:46:57,753|100,0|0,0|0,0|995|440|554|50,77|7,41|2,25|0,00
2013-10-18 14:47:03,503|100,0|0,0|0,0|995|440|554|50,72|7,41|8,13|128,38
2013-10-18 14:47:09,242|100,0|0,0|0,0|995|440|554|50,67|7,41|6,30|18,27
2013-10-18 14:47:15,010|94,0|6,0|0,0|995|440|554|50,62|7,42|1,24|0,00
2013-10-18 14:47:20,743|100,0|0,0|0,0|995|442|553|50,57|7,42|8,94|144,75
2013-10-18 14:47:26,521|100,0|0,0|0,0|995|441|554|50,52|7,42|12,06|0,00
2013-10-18 14:47:32,285|96,0|4,0|0,0|995|441|554|50,47|7,42|14,18|128,25
2013-10-18 14:47:38,012|100,0|0,0|0,0|995|441|554|50,42|7,42|6,36|18,54
2013-10-18 14:47:43,753|85,7|12,2|0,0|995|441|554|50,37|7,43|2,33|46,76
2013-10-18 14:47:49,559|98,0|1,9|0,0|995|441|554|50,32|7,43|7,32|128,38
2013-10-18 14:47:55,417|0,0|0,0|100,0|995|404|591|50,27|7,44|4,12|0,00
2013-10-18 14:48:00,986|6,0|4,0|90,0|995|405|590|50,22|7,44|12,21|255,75
2013-10-18 14:48:06,485|1,9|0,0|98,0|995|404|591|50,17|7,44|2,27|0,00
2013-10-18 14:48:12,065|0,0|6,1|93,8|995|404|591|50,13|7,44|13,55|128,76
2013-10-18 14:48:17,599|0,0|0,0|100,0|995|404|591|50,08|7,45|5,23|19,12
2013-10-18 14:48:23,134|8,0|4,0|88,0|995|404|591|50,03|7,45|7,45|128,56
2013-10-18 14:48:28,644|0,0|0,0|100,0|995|404|591|49,98|7,46|8,42|19,19
2013-10-18 14:48:34,148|2,0|4,1|93,7|995|404|591|49,94|7,46|8,20|128,50
2013-10-18 14:48:39,737|0,0|0,0|100,0|995|404|591|49,89|7,46|6,74|19,41
2013-10-18 14:48:45,260|5,8|1,9|92,1|995|405|590|49,84|7,46|3,80|126,97
2013-10-18 14:48:50,842|0,0|0,0|100,0|995|404|591|49,80|7,47|1,41|0,00
2013-10-18 14:48:56,372|0,0|0,0|100,0|995|404|591|49,75|7,47|1,73|0,00
2013-10-18 14:49:01,897|0,0|0,0|100,0|995|404|591|49,70|7,47|1,09|0,00
2013-10-18 14:49:07,396|0,0|1,9|98,0|995|404|591|49,66|7,47|1,39|0,00
2013-10-18 14:49:12,906|0,0|0,0|100,0|995|404|591|49,61|7,48|1,50|0,00
2013-10-18 14:49:18,406|0,0|0,0|100,0|995|404|591|49,56|7,48|0,51|0,00
2013-10-18 14:49:23,906|0,0|0,0|100,0|995|404|591|49,52|7,48|1,04|0,00
2013-10-18 14:49:29,406|0,0|0,0|100,0|995|404|591|49,47|7,48|0,96|0,00
2013-10-18 14:49:34,907|0,0|0,0|100,0|995|404|591|49,42|7,48|2,17|0,00
2013-10-18 14:49:40,407|0,0|0,0|100,0|995|404|591|49,38|7,48|0,95|0,00
2013-10-18 14:49:45,931|0,0|0,0|100,0|995|404|591|49,33|7,48|0,51|0,00
2013-10-18 14:49:51,481|0,0|0,0|100,0|995|404|591|49,29|7,48|1,47|0,00
2013-10-18 14:49:56,996|0,0|0,0|100,0|995|404|591|49,24|7,48|0,92|0,00
MV2===========================================
2013-10-18 14:28:00,871|0,0|0,0|100,0|995|401|594|63,60|6,67|0,65|0,00
2013-10-18 14:28:06,373|0,0|0,0|100,0|995|401|593|63,53|6,67|0,89|0,00
2013-10-18 14:28:11,866|0,0|0,0|100,0|995|401|593|63,45|6,67|4,13|0,00
2013-10-18 14:28:17,371|0,0|0,0|100,0|995|401|593|63,38|6,68|1,44|0,00
2013-10-18 14:28:22,867|0,0|0,0|100,0|995|401|593|63,30|6,67|0,68|0,00
2013-10-18 14:28:28,371|0,0|0,0|100,0|995|401|593|63,23|6,67|1,69|0,00
2013-10-18 14:28:33,875|0,0|0,0|100,0|995|401|593|63,15|6,68|0,87|0,00
2013-10-18 14:28:39,377|0,0|0,0|100,0|995|401|593|63,08|6,68|1,45|0,00
2013-10-18 14:28:44,939|0,0|0,0|100,0|995|401|593|63,00|6,68|1,01|0,00
2013-10-18 14:28:50,472|0,0|0,0|100,0|995|401|593|62,93|6,68|1,14|0,00
2013-10-18 14:28:55,984|0,0|0,0|100,0|995|401|593|62,85|6,68|0,81|0,00
2013-10-18 14:29:01,492|0,0|0,0|100,0|995|401|593|62,78|6,68|0,80|0,00
2013-10-18 14:29:06,991|0,0|0,0|100,0|995|401|593|62,70|6,68|1,15|0,00
2013-10-18 14:29:12,489|0,0|0,0|100,0|995|401|593|62,63|6,68|0,80|0,00
2013-10-18 14:29:17,990|0,0|0,0|100,0|995|401|593|62,56|6,68|4,88|0,00
2013-10-18 14:29:23,501|0,0|0,0|100,0|995|401|593|62,48|6,68|3,14|0,00
2013-10-18 14:29:28,999|0,0|0,0|100,0|995|401|593|62,41|6,68|1,70|0,00
2013-10-18 14:29:34,495|0,0|0,0|100,0|995|401|593|62,34|6,68|1,44|0,00
2013-10-18 14:29:40,000|0,0|0,0|100,0|995|401|593|62,26|6,68|1,53|0,00
2013-10-18 14:29:45,494|0,0|0,0|100,0|995|401|593|62,19|6,68|2,00|0,00
2013-10-18 14:29:50,995|2,0|0,0|98,0|995|401|593|62,12|6,68|0,93|0,00
2013-10-18 14:29:56,489|0,0|0,0|100,0|995|401|593|62,05|6,68|1,64|0,00
2013-10-18 14:30:01,991|0,0|0,0|100,0|995|401|593|61,97|6,68|1,11|0,00
2013-10-18 14:30:07,495|0,0|0,0|100,0|995|401|593|61,90|6,68|1,39|0,00
2013-10-18 14:30:12,990|0,0|0,0|100,0|995|401|593|61,83|6,68|0,62|0,00
2013-10-18 14:30:18,500|0,0|0,0|100,0|995|401|593|61,76|6,68|4,32|0,00
2013-10-18 14:30:23,993|4,0|4,0|92,0|995|401|593|61,69|6,68|12,22|28,34
2013-10-18 14:30:29,583|2,0|0,0|98,0|995|401|593|61,61|6,69|10,61|32,39
2013-10-18 14:30:35,105|0,0|0,0|100,0|995|401|593|61,54|6,69|5,64|5,50
2013-10-18 14:30:40,620|4,0|4,0|92,0|995|401|593|61,47|6,69|0,98|0,00
2013-10-18 14:30:46,195|4,0|4,0|91,8|995|401|593|61,40|6,69|1,03|0,18
2013-10-18 14:30:51,812|2,0|8,1|89,7|995|401|593|61,33|6,70|5,88|26,86
2013-10-18 14:30:57,348|2,0|4,0|93,8|995|401|593|61,26|6,71|10,78|53,69
2013-10-18 14:31:02,861|0,0|0,0|100,0|995|401|593|61,19|6,71|11,73|33,01
2013-10-18 14:31:08,385|0,0|0,0|100,0|995|401|593|61,12|6,72|8,61|7,12
2013-10-18 14:31:13,967|0,0|0,0|100,0|995|401|593|61,05|6,73|2,16|0,06
2013-10-18 14:31:19,505|6,1|4,0|89,7|995|401|593|60,98|6,73|4,28|0,06
2013-10-18 14:31:25,059|2,0|4,0|93,8|995|403|592|60,91|6,73|4,74|25,39
2013-10-18 14:31:30,610|8,0|4,0|88,0|995|403|592|60,84|6,74|6,60|51,16
2013-10-18 14:31:36,339|96,0|4,0|0,0|995|424|570|60,76|6,76|10,39|53,73
2013-10-18 14:31:42,067|98,0|2,0|0,0|995|426|569|60,69|6,76|11,95|53,62
2013-10-18 14:31:47,804|93,8|6,1|0,0|995|427|568|60,62|6,76|5,37|26,83
2013-10-18 14:31:53,536|98,0|2,0|0,0|995|427|568|60,55|6,76|5,28|26,78
2013-10-18 14:31:59,272|92,1|5,8|0,0|995|429|566|60,47|6,76|2,10|24,20
2013-10-18 14:32:05,026|98,0|2,0|0,0|995|428|567|60,40|6,77|10,17|26,85
2013-10-18 14:32:10,758|97,9|2,0|0,0|995|428|566|60,33|6,78|7,56|26,85
2013-10-18 14:32:16,507|98,0|1,9|0,0|995|429|566|60,26|6,78|5,78|26,85
2013-10-18 14:32:22,232|94,1|5,8|0,0|995|429|566|60,19|6,79|6,19|26,78
2013-10-18 14:32:27,956|94,0|6,0|0,0|995|429|565|60,12|6,79|13,98|26,85
2013-10-18 14:32:33,694|94,0|6,0|0,0|995|430|565|60,05|6,79|7,71|26,85
2013-10-18 14:32:39,428|95,9|4,0|0,0|995|430|565|59,98|6,79|6,16|26,85
2013-10-18 14:32:45,184|95,9|4,0|0,0|995|415|580|59,91|6,81|8,55|52,22
2013-10-18 14:32:50,907|96,0|3,9|0,0|995|433|562|59,83|6,81|6,49|26,85
2013-10-18 14:32:56,700|96,0|3,9|0,0|995|434|561|59,76|6,81|7,78|51,36
2013-10-18 14:33:02,487|96,0|4,0|0,0|995|433|562|59,69|6,82|10,48|53,57
2013-10-18 14:33:08,264|97,9|2,0|0,0|995|433|562|59,62|6,82|11,75|53,68
2013-10-18 14:33:13,994|98,0|2,0|0,0|995|434|561|59,55|6,82|12,53|47,28
2013-10-18 14:33:19,715|100,0|0,0|0,0|995|433|562|59,48|6,84|13,23|34,48
2013-10-18 14:33:25,535|100,0|0,0|0,0|995|433|562|59,41|6,84|10,37|34,54
2013-10-18 14:33:31,306|100,0|0,0|0,0|995|433|562|59,34|6,84|19,10|34,70
2013-10-18 14:33:37,074|100,0|0,0|0,0|995|433|562|59,28|6,84|9,80|34,68
2013-10-18 14:33:42,824|100,0|0,0|0,0|995|433|562|59,21|6,85|8,99|10,69
2013-10-18 14:33:48,576|100,0|0,0|0,0|995|433|562|59,14|6,85|8,29|8,34
2013-10-18 14:33:54,379|100,0|0,0|0,0|995|433|562|59,07|6,86|13,49|263,16
2013-10-18 14:34:00,194|100,0|0,0|0,0|995|433|562|59,00|6,87|5,05|8,37
2013-10-18 14:34:06,006|100,0|0,0|0,0|995|433|562|58,93|6,87|2,84|0,00
2013-10-18 14:34:11,782|100,0|0,0|0,0|995|433|562|58,86|6,87|1,35|0,00
2013-10-18 14:34:17,581|96,0|4,0|0,0|995|433|562|58,79|6,88|0,57|0,00
2013-10-18 14:34:23,330|98,0|2,0|0,0|995|433|562|58,72|6,88|2,00|0,00
2013-10-18 14:34:29,103|95,9|4,0|0,0|995|433|562|58,66|6,89|4,55|26,49
2013-10-18 14:34:34,832|100,0|0,0|0,0|995|433|562|58,59|6,89|5,55|26,85
2013-10-18 14:34:40,588|96,0|4,0|0,0|995|433|562|58,52|6,89|5,79|26,85
2013-10-18 14:34:46,348|94,1|5,8|0,0|995|434|561|58,45|6,90|8,62|52,18
2013-10-18 14:34:52,082|96,0|1,9|0,0|995|433|562|58,39|6,90|10,23|53,57
2013-10-18 14:34:57,804|96,0|4,0|0,0|995|433|562|58,32|6,90|10,37|53,63
2013-10-18 14:35:03,528|100,0|0,0|0,0|995|433|562|58,25|6,92|10,42|35,84
2013-10-18 14:35:09,292|100,0|0,0|0,0|995|433|562|58,19|6,92|10,94|35,85
2013-10-18 14:35:15,002|100,0|0,0|0,0|995|433|562|58,12|6,92|5,35|9,13
2013-10-18 14:35:20,792|100,0|0,0|0,0|995|433|562|58,05|6,93|7,49|9,20
2013-10-18 14:35:26,598|100,0|0,0|0,0|995|433|562|57,99|6,93|4,74|2,68
2013-10-18 14:35:32,342|98,0|1,9|0,0|995|433|562|57,92|6,93|0,39|0,00
2013-10-18 14:35:38,167|96,0|4,0|0,0|995|433|562|57,86|6,94|1,63|0,00
2013-10-18 14:35:43,894|97,9|2,0|0,0|995|433|562|57,79|6,95|7,53|0,00
2013-10-18 14:35:49,671|96,0|3,9|0,0|995|434|561|57,72|6,95|3,62|26,54
2013-10-18 14:35:55,391|94,0|4,0|0,0|995|433|562|57,66|6,95|6,43|26,85
2013-10-18 14:36:01,116|96,0|4,0|0,0|995|433|562|57,59|6,96|10,37|53,68
2013-10-18 14:36:06,831|96,0|3,9|0,0|995|433|562|57,53|6,97|18,71|320,61
2013-10-18 14:36:12,582|100,0|0,0|0,0|995|433|562|57,46|6,98|8,90|12,45
2013-10-18 14:36:18,320|100,0|0,0|0,0|995|433|562|57,40|6,98|5,88|9,92
2013-10-18 14:36:24,138|100,0|0,0|0,0|995|433|562|57,33|6,98|6,00|10,00
2013-10-18 14:36:29,936|100,0|0,0|0,0|995|433|562|57,27|6,98|5,38|10,24
2013-10-18 14:36:35,736|100,0|0,0|0,0|995|433|562|57,20|6,98|4,64|2,59
2013-10-18 14:36:41,504|100,0|0,0|0,0|995|433|562|57,14|6,99|1,86|0,00
2013-10-18 14:36:47,250|98,0|0,0|0,0|995|433|562|57,07|7,00|1,42|0,00
2013-10-18 14:36:53,046|98,0|2,0|0,0|995|433|562|57,01|7,00|1,33|0,00
2013-10-18 14:36:58,796|96,0|4,0|0,0|995|435|560|56,95|7,00|2,89|13,74
2013-10-18 14:37:04,536|98,0|2,0|0,0|995|433|562|56,88|7,00|7,26|26,85
2013-10-18 14:37:10,270|96,0|4,0|0,0|995|434|560|56,82|7,00|6,81|51,08
2013-10-18 14:37:16,006|97,9|2,0|0,0|995|433|561|56,76|7,01|10,43|53,63
2013-10-18 14:37:21,734|100,0|0,0|0,0|995|433|562|56,69|7,02|12,67|37,70
2013-10-18 14:37:27,500|100,0|0,0|0,0|995|433|562|56,63|7,02|11,01|12,41
2013-10-18 14:37:33,252|100,0|0,0|0,0|995|433|562|56,57|7,03|5,28|10,99
2013-10-18 14:37:39,058|100,0|0,0|0,0|995|433|562|56,50|7,03|1,77|0,00
2013-10-18 14:37:44,811|100,0|0,0|0,0|995|433|561|56,44|7,03|8,51|0,06
2013-10-18 14:37:50,563|96,0|4,0|0,0|995|433|561|56,38|7,03|4,57|0,00
2013-10-18 14:37:56,312|98,0|2,0|0,0|995|433|561|56,32|7,04|5,72|26,90
2013-10-18 14:38:02,031|96,0|3,9|0,0|995|433|561|56,25|7,05|17,37|53,68
2013-10-18 14:38:07,752|98,0|1,9|0,0|995|433|561|56,19|7,05|11,72|38,45
2013-10-18 14:38:13,514|100,0|0,0|0,0|995|433|561|56,13|7,05|10,47|38,13
2013-10-18 14:38:19,235|96,0|4,0|0,0|995|433|561|56,07|7,06|22,86|648,89
2013-10-18 14:38:25,084|100,0|0,0|0,0|995|433|562|56,00|7,06|2,61|0,00
2013-10-18 14:38:30,857|98,0|1,9|0,0|995|433|561|55,94|7,07|0,57|0,00
2013-10-18 14:38:36,620|94,1|5,8|0,0|995|433|561|55,88|7,08|1,71|0,00
2013-10-18 14:38:42,368|94,0|6,0|0,0|995|433|562|55,82|7,08|5,52|26,78
2013-10-18 14:38:48,090|92,0|8,0|0,0|995|433|561|55,76|7,08|5,17|26,85
2013-10-18 14:38:53,810|98,0|1,9|0,0|995|434|560|55,70|7,08|21,96|64,18
2013-10-18 14:38:59,544|100,0|0,0|0,0|995|433|561|55,64|7,08|8,55|13,34
2013-10-18 14:39:05,284|100,0|0,0|0,0|995|433|561|55,58|7,09|2,52|1,64
2013-10-18 14:39:11,150|98,0|1,9|0,0|995|433|561|55,52|7,10|0,83|0,00
2013-10-18 14:39:16,907|98,0|2,0|0,0|995|433|561|55,45|7,10|1,65|0,00
2013-10-18 14:39:22,706|95,9|4,0|0,0|995|433|561|55,39|7,10|7,24|26,85
2013-10-18 14:39:28,440|100,0|0,0|0,0|995|434|560|55,33|7,10|11,66|39,27
2013-10-18 14:39:34,204|100,0|0,0|0,0|995|433|561|55,27|7,10|15,78|12,52
2013-10-18 14:39:39,964|100,0|0,0|0,0|995|433|561|55,21|7,11|1,87|0,00
2013-10-18 14:39:45,765|96,0|4,0|0,0|995|433|561|55,15|7,12|1,13|0,06
2013-10-18 14:39:51,531|94,0|4,0|0,0|995|433|561|55,09|7,12|7,05|26,78
2013-10-18 14:39:57,252|96,0|4,0|0,0|995|433|561|55,03|7,12|25,89|226,54
2013-10-18 14:40:03,006|100,0|0,0|0,0|995|433|561|54,97|7,12|5,59|12,75
2013-10-18 14:40:08,762|100,0|0,0|0,0|995|433|561|54,91|7,12|1,29|0,00
2013-10-18 14:40:14,572|100,0|0,0|0,0|995|433|561|54,85|7,13|0,92|0,00
2013-10-18 14:40:20,340|98,0|2,0|0,0|995|433|561|54,80|7,14|5,16|26,85
2013-10-18 14:40:26,070|100,0|0,0|0,0|995|435|560|54,74|7,14|9,78|39,48
2013-10-18 14:40:31,824|100,0|0,0|0,0|995|433|561|54,68|7,14|6,86|13,10
2013-10-18 14:40:37,582|100,0|0,0|0,0|995|433|561|54,62|7,14|1,19|0,00
2013-10-18 14:40:43,332|98,0|2,0|0,0|995|433|561|54,56|7,14|1,01|0,00
2013-10-18 14:40:49,091|96,0|4,0|0,0|995|435|560|54,50|7,15|6,86|26,79
2013-10-18 14:40:54,814|94,0|6,0|0,0|995|434|561|54,44|7,16|14,78|191,74
2013-10-18 14:41:00,600|100,0|0,0|0,0|995|439|555|54,39|7,16|5,05|13,48
2013-10-18 14:41:06,364|100,0|0,0|0,0|995|439|555|54,33|7,16|2,16|0,00
2013-10-18 14:41:12,128|100,0|0,0|0,0|995|439|555|54,27|7,16|1,59|0,00
2013-10-18 14:41:17,892|96,0|4,0|0,0|995|440|554|54,21|7,16|8,34|52,18
2013-10-18 14:41:23,636|98,0|2,0|0,0|995|439|555|54,15|7,17|12,61|40,56
2013-10-18 14:41:29,401|100,0|0,0|0,0|995|439|555|54,10|7,18|5,75|2,56
2013-10-18 14:41:35,174|97,9|2,0|0,0|995|439|555|54,04|7,18|11,53|0,06
2013-10-18 14:41:40,920|96,0|3,9|0,0|995|439|555|53,98|7,18|28,62|26,85
2013-10-18 14:41:46,640|100,0|0,0|0,0|995|439|555|53,92|7,18|11,94|42,30
2013-10-18 14:41:52,399|100,0|0,0|0,0|995|439|555|53,87|7,18|6,42|14,25
2013-10-18 14:41:58,150|100,0|0,0|0,0|995|439|555|53,81|7,18|1,17|0,00
2013-10-18 14:42:03,916|100,0|0,0|0,0|995|439|555|53,75|7,20|5,64|26,85
2013-10-18 14:42:09,632|100,0|0,0|0,0|995|440|554|53,70|7,20|10,02|41,24
2013-10-18 14:42:15,394|100,0|0,0|0,0|995|439|555|53,64|7,20|5,80|14,43
2013-10-18 14:42:21,151|100,0|0,0|0,0|995|439|555|53,58|7,20|12,93|0,00
2013-10-18 14:42:26,906|100,0|0,0|0,0|995|440|554|53,53|7,21|5,57|26,54
2013-10-18 14:42:32,649|100,0|0,0|0,0|995|440|554|53,47|7,21|10,63|43,41
2013-10-18 14:42:38,412|100,0|0,0|0,0|995|439|555|53,41|7,22|6,52|14,75
2013-10-18 14:42:44,172|100,0|0,0|0,0|995|439|555|53,36|7,22|0,83|0,00
2013-10-18 14:42:49,930|98,0|2,0|0,0|995|440|555|53,30|7,22|6,06|26,78
2013-10-18 14:42:55,653|100,0|0,0|0,0|995|441|554|53,25|7,22|8,32|27,15
2013-10-18 14:43:01,430|100,0|0,0|0,0|995|439|555|53,19|7,22|5,55|15,12
2013-10-18 14:43:07,174|100,0|0,0|0,0|995|440|555|53,13|7,23|1,12|0,00
2013-10-18 14:43:12,928|96,0|1,9|0,0|995|439|555|53,08|7,24|5,70|26,85
2013-10-18 14:43:18,652|100,0|0,0|0,0|995|439|555|53,02|7,24|9,71|42,12
2013-10-18 14:43:24,378|98,0|2,0|0,0|995|440|555|52,97|7,25|3,42|0,00
2013-10-18 14:43:30,148|94,1|3,9|0,0|995|440|555|52,91|7,25|1,83|0,00
2013-10-18 14:43:35,924|95,9|4,0|0,0|995|439|555|52,86|7,25|11,51|53,78
2013-10-18 14:43:41,650|100,0|0,0|0,0|995|439|555|52,80|7,25|5,69|15,65
2013-10-18 14:43:47,418|98,0|1,9|0,0|995|440|555|52,75|7,26|0,68|0,00
2013-10-18 14:43:53,174|98,0|2,0|0,0|995|439|555|52,69|7,26|6,41|26,85
2013-10-18 14:43:58,892|93,8|6,1|0,0|995|441|554|52,64|7,26|19,31|267,89
2013-10-18 14:44:04,624|100,0|0,0|0,0|995|440|555|52,59|7,27|5,65|15,87
2013-10-18 14:44:10,386|100,0|0,0|0,0|995|440|555|52,53|7,27|1,02|0,00
2013-10-18 14:44:16,159|94,0|4,0|0,0|995|439|555|52,48|7,27|6,05|26,85
2013-10-18 14:44:21,879|100,0|0,0|0,0|995|440|555|52,42|7,28|11,96|42,94
2013-10-18 14:44:27,648|100,0|0,0|0,0|995|439|555|52,37|7,28|3,16|0,06
2013-10-18 14:44:33,454|98,0|2,0|0,0|995|439|555|52,31|7,28|0,57|0,00
2013-10-18 14:44:39,232|96,0|3,9|0,0|995|440|555|52,26|7,29|10,29|29,44
2013-10-18 14:44:44,964|100,0|0,0|0,0|995|440|555|52,21|7,29|4,40|2,72
2013-10-18 14:44:50,690|97,9|2,0|0,0|995|440|555|52,15|7,29|0,33|0,00
2013-10-18 14:44:56,461|96,0|4,0|0,0|995|439|555|52,10|7,30|6,17|26,78
2013-10-18 14:45:02,182|100,0|0,0|0,0|995|440|555|52,05|7,30|13,72|43,42
2013-10-18 14:45:07,914|100,0|0,0|0,0|995|440|555|51,99|7,31|0,62|0,00
2013-10-18 14:45:13,710|95,9|4,0|0,0|995|440|555|51,94|7,31|1,86|0,00
2013-10-18 14:45:19,468|96,0|4,0|0,0|995|440|555|51,89|7,31|6,47|26,81
2013-10-18 14:45:25,196|100,0|0,0|0,0|995|440|555|51,83|7,31|11,22|43,76
2013-10-18 14:45:30,971|100,0|0,0|0,0|995|440|555|51,78|7,32|10,66|336,81
2013-10-18 14:45:36,772|96,0|4,0|0,0|995|440|555|51,73|7,32|2,09|0,00
2013-10-18 14:45:42,518|98,0|2,0|0,0|995|440|555|51,68|7,33|12,51|53,57
2013-10-18 14:45:48,246|100,0|0,0|0,0|995|440|555|51,62|7,33|14,24|17,22
2013-10-18 14:45:54,026|100,0|0,0|0,0|995|440|555|51,57|7,33|5,18|0,00
2013-10-18 14:45:59,780|98,0|2,0|0,0|995|440|555|51,52|7,33|6,83|26,78
2013-10-18 14:46:05,498|100,0|0,0|0,0|995|440|555|51,47|7,34|11,51|44,18
2013-10-18 14:46:11,272|100,0|0,0|0,0|995|440|555|51,41|7,34|3,75|1,39
2013-10-18 14:46:17,042|98,0|2,0|0,0|995|440|555|51,36|7,34|1,66|0,00
2013-10-18 14:46:22,785|94,0|6,0|0,0|995|441|553|51,31|7,34|12,76|26,85
2013-10-18 14:46:28,526|100,0|0,0|0,0|995|440|555|51,26|7,34|11,20|44,64
2013-10-18 14:46:34,238|98,0|2,0|0,0|995|440|555|51,21|7,35|2,77|0,00
2013-10-18 14:46:39,979|96,0|4,0|0,0|995|440|555|51,16|7,35|1,89|0,00
2013-10-18 14:46:45,720|100,0|0,0|0,0|995|440|555|51,10|7,36|9,86|44,81
2013-10-18 14:46:51,486|100,0|0,0|0,0|995|440|555|51,05|7,36|1,31|0,00
2013-10-18 14:46:57,224|96,0|2,0|0,0|995|440|555|51,00|7,36|6,54|26,85
2013-10-18 14:47:02,942|100,0|0,0|0,0|995|440|555|50,95|7,36|5,78|18,26
2013-10-18 14:47:08,694|96,0|3,9|0,0|995|440|555|50,90|7,36|3,02|0,00
2013-10-18 14:47:14,464|100,0|0,0|0,0|995|440|555|50,85|7,36|10,56|69,77
2013-10-18 14:47:20,232|100,0|0,0|0,0|995|440|555|50,80|7,37|1,47|0,00
2013-10-18 14:47:26,038|98,0|1,9|0,0|995|440|555|50,75|7,37|7,42|26,85
2013-10-18 14:47:31,768|100,0|0,0|0,0|995|440|555|50,70|7,38|12,30|19,95
2013-10-18 14:47:37,520|100,0|0,0|0,0|995|440|555|50,65|7,38|1,67|0,00
2013-10-18 14:47:43,294|96,0|4,0|0,0|995|440|555|50,60|7,38|10,86|53,57
2013-10-18 14:47:49,016|100,0|0,0|0,0|995|440|555|50,55|7,38|1,51|0,00
2013-10-18 14:47:54,821|98,0|2,0|0,0|995|440|555|50,49|7,39|6,58|26,78
2013-10-18 14:48:00,550|100,0|0,0|0,0|995|440|555|50,45|7,39|8,09|20,31
2013-10-18 14:48:06,311|100,0|0,0|0,0|995|440|555|50,39|7,39|3,08|0,00
2013-10-18 14:48:12,060|97,9|2,0|0,0|995|440|555|50,35|7,39|17,61|53,62
2013-10-18 14:48:17,794|0,0|0,0|100,0|995|403|592|50,30|7,39|0,74|0,00
2013-10-18 14:48:23,392|4,1|4,1|91,6|995|404|591|50,25|7,39|8,52|52,24
2013-10-18 14:48:28,910|1,9|0,0|96,0|995|403|592|50,20|7,40|3,69|0,00
2013-10-18 14:48:34,476|4,1|8,3|87,5|995|403|592|50,15|7,40|6,09|26,78
2013-10-18 14:48:40,021|0,0|0,0|100,0|995|403|592|50,11|7,41|2,37|0,00
2013-10-18 14:48:45,559|6,0|4,0|90,0|995|403|592|50,06|7,41|5,14|26,85
2013-10-18 14:48:51,121|0,0|0,0|100,0|995|403|592|50,01|7,41|1,22|0,00
2013-10-18 14:48:56,646|0,0|0,0|100,0|995|403|592|49,96|7,41|1,37|0,00
2013-10-18 14:49:02,157|0,0|0,0|100,0|995|403|592|49,92|7,41|1,21|0,00
2013-10-18 14:49:07,664|0,0|0,0|100,0|995|403|592|49,87|7,41|1,87|0,46
2013-10-18 14:49:13,171|0,0|0,0|100,0|995|403|591|49,82|7,42|2,00|0,00
2013-10-18 14:49:18,668|0,0|0,0|100,0|995|403|591|49,78|7,42|0,51|0,00
2013-10-18 14:49:24,162|0,0|0,0|100,0|995|403|591|49,73|7,42|0,74|0,00
2013-10-18 14:49:29,667|0,0|0,0|100,0|995|403|591|49,68|7,42|0,62|0,00
2013-10-18 14:49:35,166|0,0|0,0|100,0|995|403|591|49,64|7,41|1,81|0,14
2013-10-18 14:49:40,675|0,0|0,0|100,0|995|403|591|49,59|7,42|1,04|0,00
2013-10-18 14:49:46,241|0,0|0,0|100,0|995|403|591|49,55|7,42|0,51|0,00
2013-10-18 14:49:51,772|0,0|0,0|100,0|995|403|591|49,50|7,42|1,80|0,00
2013-10-18 14:49:57,282|0,0|0,0|100,0|995|403|591|49,45|7,42|0,92|0,00
MV3===========================================
2013-10-18 14:28:02,370|0,0|0,0|100,0|995|392|603|61,62|6,66|0,59|0,00
2013-10-18 14:28:07,933|0,0|0,0|100,0|995|392|603|61,55|6,67|2,97|0,06
2013-10-18 14:28:13,468|0,0|0,0|100,0|995|392|603|61,47|6,67|1,55|0,00
2013-10-18 14:28:18,986|0,0|0,0|100,0|995|392|603|61,40|6,67|4,44|0,00
2013-10-18 14:28:24,490|0,0|0,0|100,0|995|392|603|61,33|6,67|0,92|0,00
2013-10-18 14:28:29,996|0,0|0,0|100,0|995|392|603|61,25|6,67|1,48|0,00
2013-10-18 14:28:35,557|0,0|0,0|100,0|995|392|603|61,18|6,67|0,54|0,00
2013-10-18 14:28:41,088|0,0|0,0|100,0|995|392|603|61,11|6,67|1,49|0,00
2013-10-18 14:28:46,601|0,0|0,0|100,0|995|392|603|61,04|6,68|1,17|0,00
2013-10-18 14:28:52,115|0,0|0,0|100,0|995|392|603|60,96|6,68|1,08|0,00
2013-10-18 14:28:57,660|0,0|0,0|100,0|995|392|603|60,89|6,68|0,99|0,00
2013-10-18 14:29:03,199|0,0|0,0|100,0|995|392|603|60,82|6,68|0,98|0,00
2013-10-18 14:29:08,721|0,0|0,0|100,0|995|392|603|60,75|6,68|0,74|0,00
2013-10-18 14:29:14,237|0,0|0,0|100,0|995|392|603|60,68|6,68|0,98|0,00
2013-10-18 14:29:19,747|0,0|0,0|100,0|995|392|603|60,60|6,68|3,99|0,00
2013-10-18 14:29:25,306|0,0|0,0|100,0|995|392|603|60,53|6,68|2,56|0,00
2013-10-18 14:29:30,841|0,0|0,0|100,0|995|392|603|60,46|6,68|0,68|0,00
2013-10-18 14:29:36,353|0,0|0,0|100,0|995|392|603|60,39|6,68|2,80|0,00
2013-10-18 14:29:41,869|0,0|0,0|100,0|995|392|603|60,32|6,68|2,11|0,00
2013-10-18 14:29:47,374|0,0|0,0|100,0|995|392|603|60,25|6,68|1,17|0,00
2013-10-18 14:29:52,943|0,0|0,0|100,0|995|392|603|60,18|6,68|1,10|0,00
2013-10-18 14:29:58,470|0,0|0,0|100,0|995|392|603|60,11|6,68|3,37|0,00
2013-10-18 14:30:04,032|0,0|0,0|100,0|995|392|603|60,04|6,68|2,06|0,00
2013-10-18 14:30:09,578|0,0|0,0|100,0|995|392|603|59,97|6,68|0,94|0,00
2013-10-18 14:30:15,103|0,0|0,0|100,0|995|392|603|59,90|6,68|1,22|0,00
2013-10-18 14:30:20,612|0,0|0,0|100,0|995|392|603|59,83|6,68|10,33|0,28
2013-10-18 14:30:26,158|4,0|0,0|96,0|995|393|601|59,76|6,69|8,89|40,45
2013-10-18 14:30:31,720|4,0|6,1|89,7|995|392|603|59,69|6,69|5,69|43,10
2013-10-18 14:30:37,237|2,0|6,2|91,6|995|392|603|59,62|6,69|8,24|44,55
2013-10-18 14:30:42,774|0,0|2,0|98,0|995|392|603|59,55|6,69|10,28|48,81
2013-10-18 14:30:48,333|1,9|0,0|98,0|995|392|603|59,48|6,69|5,61|5,79
2013-10-18 14:30:53,943|0,0|0,0|100,0|995|392|603|59,41|6,70|5,57|5,79
2013-10-18 14:30:59,500|4,0|6,1|89,7|995|392|603|59,34|6,71|9,21|0,00
2013-10-18 14:31:05,069|5,8|5,8|88,2|995|392|603|59,27|6,72|8,15|43,10
2013-10-18 14:31:10,663|3,9|3,9|92,1|995|392|602|59,20|6,72|6,35|43,11
2013-10-18 14:31:16,224|4,0|6,0|90,0|995|392|603|59,13|6,72|7,96|44,55
2013-10-18 14:31:21,768|0,0|0,0|100,0|995|392|603|59,07|6,72|10,71|49,31
2013-10-18 14:31:27,329|1,9|0,0|98,0|995|392|603|59,00|6,73|5,16|6,29
2013-10-18 14:31:32,937|0,0|0,0|100,0|995|392|603|58,93|6,73|2,43|0,30
2013-10-18 14:31:38,530|96,0|4,0|0,0|995|398|596|58,86|6,74|15,44|60,52
2013-10-18 14:31:44,364|100,0|0,0|0,0|995|416|579|58,79|6,75|4,33|2,65
2013-10-18 14:31:50,159|100,0|0,0|0,0|995|417|578|58,72|6,75|8,84|6,57
2013-10-18 14:31:55,936|100,0|0,0|0,0|995|417|577|58,65|6,75|7,81|7,00
2013-10-18 14:32:01,804|100,0|0,0|0,0|995|418|577|58,58|6,76|9,87|49,76
2013-10-18 14:32:07,551|100,0|0,0|0,0|995|419|576|58,51|6,77|11,88|6,85
2013-10-18 14:32:13,373|98,0|2,0|0,0|995|419|576|58,44|6,78|7,18|8,37
2013-10-18 14:32:19,153|100,0|0,0|0,0|995|419|576|58,37|6,78|10,04|9,67
2013-10-18 14:32:24,932|100,0|0,0|0,0|995|420|575|58,30|6,78|11,17|50,16
2013-10-18 14:32:30,761|100,0|0,0|0,0|995|420|575|58,23|6,79|9,85|7,15
2013-10-18 14:32:36,573|100,0|0,0|0,0|995|420|575|58,16|6,79|8,17|7,55
2013-10-18 14:32:42,372|100,0|0,0|0,0|995|420|575|58,09|6,80|8,18|7,46
2013-10-18 14:32:48,186|100,0|0,0|0,0|995|404|590|58,02|6,80|9,90|50,28
2013-10-18 14:32:54,004|100,0|0,0|0,0|995|404|590|57,95|6,81|24,59|557,55
2013-10-18 14:32:59,815|100,0|0,0|0,0|995|423|571|57,88|6,81|7,51|8,83
2013-10-18 14:33:05,559|100,0|0,0|0,0|995|423|571|57,81|6,81|7,72|8,91
2013-10-18 14:33:11,355|98,0|1,9|0,0|995|423|571|57,75|6,81|5,85|7,53
2013-10-18 14:33:17,161|98,0|2,0|0,0|995|423|571|57,68|6,83|5,40|7,66
2013-10-18 14:33:22,973|100,0|0,0|0,0|995|423|571|57,61|6,83|5,99|7,67
2013-10-18 14:33:28,719|100,0|0,0|0,0|995|423|571|57,54|6,83|6,01|7,74
2013-10-18 14:33:34,457|100,0|0,0|0,0|995|423|571|57,48|6,83|7,14|7,82
2013-10-18 14:33:40,221|100,0|0,0|0,0|995|423|571|57,41|6,84|4,02|1,50
2013-10-18 14:33:46,019|98,0|2,0|0,0|995|423|571|57,34|6,84|1,01|0,00
2013-10-18 14:33:51,860|100,0|0,0|0,0|995|423|571|57,27|6,85|1,29|0,00
2013-10-18 14:33:57,712|96,0|4,0|0,0|995|423|571|57,21|6,86|0,52|0,00
2013-10-18 14:34:03,525|97,9|2,0|0,0|995|423|571|57,14|6,86|0,98|0,00
2013-10-18 14:34:09,321|96,0|2,0|0,0|995|424|571|57,07|6,86|1,57|0,00
2013-10-18 14:34:15,083|98,0|2,0|0,0|995|424|571|57,01|6,86|5,94|43,10
2013-10-18 14:34:20,847|98,0|2,0|0,0|995|425|570|56,94|6,86|10,16|83,86
2013-10-18 14:34:26,585|98,0|2,0|0,0|995|423|571|56,87|6,87|10,33|86,14
2013-10-18 14:34:32,323|96,0|4,0|0,0|995|423|571|56,81|6,88|10,47|86,08
2013-10-18 14:34:38,065|96,0|3,9|0,0|995|423|571|56,74|6,88|9,62|45,57
2013-10-18 14:34:43,829|98,0|1,9|0,0|995|425|570|56,68|6,88|5,63|43,04
2013-10-18 14:34:49,611|100,0|0,0|0,0|995|423|571|56,61|6,88|11,41|51,79
2013-10-18 14:34:55,355|100,0|0,0|0,0|995|423|571|56,55|6,88|10,10|11,52
2013-10-18 14:35:01,096|100,0|0,0|0,0|995|424|571|56,48|6,90|4,99|10,19
2013-10-18 14:35:06,905|100,0|0,0|0,0|995|424|571|56,42|6,90|6,77|8,97
2013-10-18 14:35:12,685|98,0|2,0|0,0|995|423|571|56,35|6,90|5,80|9,05
2013-10-18 14:35:18,437|100,0|0,0|0,0|995|424|571|56,29|6,91|0,93|0,00
2013-10-18 14:35:24,245|98,0|2,0|0,0|995|424|571|56,22|6,91|1,21|0,06
2013-10-18 14:35:30,049|100,0|0,0|0,0|995|424|571|56,16|6,91|2,35|0,00
2013-10-18 14:35:35,800|94,0|6,0|0,0|995|424|571|56,09|6,91|0,42|0,00
2013-10-18 14:35:41,617|96,0|4,0|0,0|995|424|571|56,03|6,92|6,17|43,04
2013-10-18 14:35:47,367|98,0|1,9|0,0|995|424|571|55,97|6,93|6,86|43,04
2013-10-18 14:35:53,109|97,9|2,0|0,0|995|424|571|55,90|6,94|10,86|86,08
2013-10-18 14:35:58,845|96,0|4,0|0,0|995|424|571|55,84|6,94|6,14|43,04
2013-10-18 14:36:04,623|100,0|0,0|0,0|995|424|571|55,78|6,94|7,58|11,14
2013-10-18 14:36:10,380|100,0|0,0|0,0|995|424|571|55,71|6,94|5,66|9,88
2013-10-18 14:36:16,317|100,0|0,0|0,0|995|424|571|55,65|6,96|6,42|10,02
2013-10-18 14:36:22,121|100,0|0,0|0,0|995|424|571|55,59|6,96|7,37|9,91
2013-10-18 14:36:27,857|100,0|0,0|0,0|995|424|571|55,52|6,96|8,41|10,09
2013-10-18 14:36:33,628|100,0|0,0|0,0|995|424|571|55,46|6,96|5,29|10,06
2013-10-18 14:36:39,385|100,0|0,0|0,0|995|424|571|55,40|6,96|1,59|0,06
2013-10-18 14:36:45,183|98,0|2,0|0,0|995|424|571|55,34|6,96|1,16|0,00
2013-10-18 14:36:50,931|96,0|4,0|0,0|995|424|571|55,27|6,98|0,86|0,00
2013-10-18 14:36:56,681|98,0|2,0|0,0|995|424|571|55,21|6,98|6,16|43,03
2013-10-18 14:37:02,417|98,0|2,0|0,0|995|424|571|55,15|6,98|5,68|43,04
2013-10-18 14:37:08,151|97,9|2,0|0,0|995|424|571|55,09|6,98|10,15|86,14
2013-10-18 14:37:13,888|94,0|6,0|0,0|995|424|571|55,03|6,98|9,58|191,16
2013-10-18 14:37:19,685|100,0|0,0|0,0|995|424|571|54,96|6,98|12,23|53,81
2013-10-18 14:37:25,503|100,0|0,0|0,0|995|424|571|54,90|7,00|7,29|11,02
2013-10-18 14:37:31,263|100,0|0,0|0,0|995|424|571|54,84|7,00|6,07|10,78
2013-10-18 14:37:37,043|98,0|2,0|0,0|995|424|571|54,78|7,00|4,00|1,39
2013-10-18 14:37:42,799|98,0|2,0|0,0|995|424|571|54,72|7,01|1,76|0,00
2013-10-18 14:37:48,575|94,0|4,0|0,0|995|424|571|54,66|7,01|4,67|0,00
2013-10-18 14:37:54,357|96,0|4,0|0,0|995|424|571|54,60|7,01|9,24|43,07
2013-10-18 14:38:00,155|98,0|0,0|0,0|995|425|570|54,54|7,03|7,45|53,85
2013-10-18 14:38:05,932|97,9|2,0|0,0|995|424|571|54,48|7,03|12,41|86,20
2013-10-18 14:38:11,692|100,0|0,0|0,0|995|425|570|54,42|7,03|6,65|51,74
2013-10-18 14:38:17,627|100,0|0,0|0,0|995|424|571|54,35|7,03|7,47|12,75
2013-10-18 14:38:23,485|100,0|0,0|0,0|995|424|571|54,29|7,04|11,70|11,44
2013-10-18 14:38:29,227|98,0|2,0|0,0|995|424|571|54,23|7,04|19,20|630,84
2013-10-18 14:38:35,035|96,0|4,0|0,0|995|424|571|54,17|7,05|1,02|0,00
2013-10-18 14:38:40,765|100,0|0,0|0,0|995|424|571|54,11|7,05|5,25|0,00
2013-10-18 14:38:46,516|100,0|0,0|0,0|995|425|570|54,05|7,05|3,98|41,64
2013-10-18 14:38:52,291|96,0|3,9|0,0|995|424|571|54,00|7,05|7,22|43,10
2013-10-18 14:38:58,020|96,0|4,0|0,0|995|424|571|53,94|7,07|10,21|86,14
2013-10-18 14:39:03,809|100,0|0,0|0,0|995|424|571|53,88|7,07|9,36|14,60
2013-10-18 14:39:09,607|100,0|0,0|0,0|995|424|571|53,82|7,08|7,60|12,13
2013-10-18 14:39:15,347|100,0|0,0|0,0|995|424|571|53,76|7,08|3,02|0,00
2013-10-18 14:39:21,155|100,0|0,0|0,0|995|426|569|53,70|7,08|1,03|15,18
2013-10-18 14:39:26,951|100,0|0,0|0,0|995|425|569|53,64|7,08|12,53|43,04
2013-10-18 14:39:32,714|100,0|0,0|0,0|995|424|571|53,58|7,09|7,46|43,34
2013-10-18 14:39:38,493|100,0|0,0|0,0|995|424|571|53,52|7,09|8,72|12,58
2013-10-18 14:39:44,317|100,0|0,0|0,0|995|424|571|53,47|7,10|2,01|0,00
2013-10-18 14:39:50,108|94,1|5,8|0,0|995|424|571|53,41|7,11|2,74|0,00
2013-10-18 14:39:55,867|100,0|0,0|0,0|995|424|571|53,35|7,11|6,51|43,04
2013-10-18 14:40:01,618|96,0|4,0|0,0|995|424|571|53,29|7,12|10,17|86,14
2013-10-18 14:40:07,384|93,8|6,1|0,0|995|424|571|53,23|7,12|16,12|340,26
2013-10-18 14:40:13,116|98,0|2,0|0,0|995|424|571|53,18|7,12|5,83|12,83
2013-10-18 14:40:18,963|100,0|0,0|0,0|995|424|571|53,12|7,13|0,78|0,00
2013-10-18 14:40:24,741|96,0|3,9|0,0|995|424|571|53,06|7,14|6,24|43,10
2013-10-18 14:40:30,511|98,0|2,0|0,0|995|424|571|53,00|7,14|22,70|86,14
2013-10-18 14:40:36,243|100,0|0,0|0,0|995|424|571|52,95|7,14|11,69|14,72
2013-10-18 14:40:42,017|100,0|0,0|0,0|995|424|571|52,89|7,14|5,47|13,30
2013-10-18 14:40:47,792|98,0|2,0|0,0|995|424|571|52,83|7,14|0,92|0,00
2013-10-18 14:40:53,529|97,9|2,0|0,0|995|424|571|52,78|7,15|6,05|43,10
2013-10-18 14:40:59,281|98,0|2,0|0,0|995|424|571|52,72|7,15|8,15|44,50
2013-10-18 14:41:05,023|98,0|2,0|0,0|995|424|571|52,66|7,16|30,74|637,95
2013-10-18 14:41:10,771|100,0|0,0|0,0|995|430|565|52,61|7,16|5,41|13,65
2013-10-18 14:41:16,551|97,9|2,0|0,0|995|430|565|52,55|7,16|0,57|0,00
2013-10-18 14:41:22,325|96,0|3,9|0,0|995|430|565|52,49|7,16|6,58|43,04
2013-10-18 14:41:28,063|100,0|0,0|0,0|995|431|563|52,44|7,17|12,76|43,04
2013-10-18 14:41:33,862|100,0|0,0|0,0|995|430|565|52,38|7,17|13,04|13,95
2013-10-18 14:41:39,707|100,0|0,0|0,0|995|430|565|52,33|7,17|2,03|0,00
2013-10-18 14:41:45,515|97,9|2,0|0,0|995|431|564|52,27|7,17|4,12|41,64
2013-10-18 14:41:51,285|98,0|2,0|0,0|995|430|565|52,21|7,18|10,33|86,19
2013-10-18 14:41:57,021|98,0|1,9|0,0|995|430|565|52,16|7,18|11,63|57,24
2013-10-18 14:42:02,817|98,0|1,9|0,0|995|430|565|52,10|7,19|2,86|2,00
2013-10-18 14:42:08,594|91,8|8,1|0,0|995|430|565|52,05|7,19|12,45|369,59
2013-10-18 14:42:14,347|98,0|2,0|0,0|995|430|565|51,99|7,19|11,50|86,14
2013-10-18 14:42:20,084|100,0|0,0|0,0|995|430|565|51,94|7,20|10,10|57,52
2013-10-18 14:42:25,819|100,0|0,0|0,0|995|430|565|51,88|7,20|3,62|1,39
2013-10-18 14:42:31,604|98,0|2,0|0,0|995|430|565|51,83|7,21|2,91|0,00
2013-10-18 14:42:37,363|100,0|0,0|0,0|995|431|564|51,77|7,22|9,90|84,68
2013-10-18 14:42:43,105|100,0|0,0|0,0|995|430|565|51,72|7,22|11,02|17,50
2013-10-18 14:42:48,857|100,0|0,0|0,0|995|430|565|51,67|7,22|0,86|0,00
2013-10-18 14:42:54,629|96,0|1,9|0,0|995|430|565|51,61|7,22|3,42|0,00
2013-10-18 14:43:00,371|98,0|2,0|0,0|995|430|565|51,56|7,22|11,23|86,21
2013-10-18 14:43:06,112|100,0|0,0|0,0|995|430|565|51,50|7,22|11,34|59,36
2013-10-18 14:43:11,863|100,0|0,0|0,0|995|430|565|51,45|7,23|8,64|0,00
2013-10-18 14:43:17,656|98,0|2,0|0,0|995|431|564|51,40|7,24|4,17|41,64
2013-10-18 14:43:23,484|94,1|5,8|0,0|995|430|565|51,34|7,24|10,33|45,69
2013-10-18 14:43:29,230|100,0|0,0|0,0|995|430|565|51,29|7,24|5,60|15,33
2013-10-18 14:43:34,993|100,0|0,0|0,0|995|430|565|51,24|7,24|1,01|0,00
2013-10-18 14:43:40,777|98,0|2,0|0,0|995|430|565|51,18|7,24|5,69|43,04
2013-10-18 14:43:46,517|100,0|0,0|0,0|995|430|565|51,13|7,25|9,88|58,70
2013-10-18 14:43:52,261|100,0|0,0|0,0|995|430|565|51,08|7,26|4,63|2,59
2013-10-18 14:43:58,051|98,0|2,0|0,0|995|430|565|51,02|7,26|0,88|0,00
2013-10-18 14:44:03,781|98,0|2,0|0,0|995|430|565|50,97|7,26|5,81|43,04
2013-10-18 14:44:09,511|100,0|0,0|0,0|995|431|564|50,92|7,26|8,33|57,54
2013-10-18 14:44:15,281|100,0|0,0|0,0|995|430|565|50,86|7,26|5,65|15,93
2013-10-18 14:44:21,072|96,0|4,0|0,0|995|430|565|50,81|7,27|2,30|0,00
2013-10-18 14:44:26,813|98,0|1,9|0,0|995|430|565|50,76|7,28|11,75|86,14
2013-10-18 14:44:32,549|100,0|0,0|0,0|995|430|565|50,71|7,28|5,38|16,15
2013-10-18 14:44:38,321|98,0|1,9|0,0|995|430|565|50,66|7,29|1,47|0,00
2013-10-18 14:44:44,107|97,9|2,0|0,0|995|432|563|50,60|7,29|5,86|43,04
2013-10-18 14:44:49,873|98,0|0,0|0,0|995|430|565|50,55|7,29|15,37|59,45
2013-10-18 14:44:55,611|100,0|0,0|0,0|995|430|565|50,50|7,29|13,41|0,00
2013-10-18 14:45:01,391|98,0|2,0|0,0|995|430|565|50,45|7,30|2,74|0,00
2013-10-18 14:45:07,153|96,0|4,0|0,0|995|430|565|50,40|7,31|10,78|86,14
2013-10-18 14:45:12,899|100,0|0,0|0,0|995|430|565|50,34|7,31|6,25|16,67
2013-10-18 14:45:18,679|100,0|0,0|0,0|995|430|565|50,29|7,31|11,00|1,39
2013-10-18 14:45:24,490|94,0|6,0|0,0|995|430|565|50,24|7,31|2,85|0,00
2013-10-18 14:45:30,228|98,0|2,0|0,0|995|430|565|50,19|7,31|10,52|86,07
2013-10-18 14:45:35,975|100,0|0,0|0,0|995|430|564|50,14|7,32|5,68|16,95
2013-10-18 14:45:41,747|100,0|0,0|0,0|995|430|565|50,09|7,32|8,96|0,00
2013-10-18 14:45:47,528|100,0|0,0|0,0|995|430|565|50,04|7,32|9,00|43,04
2013-10-18 14:45:53,276|100,0|0,0|0,0|995|431|563|49,99|7,32|16,64|58,87
2013-10-18 14:45:59,064|100,0|0,0|0,0|995|430|564|49,93|7,33|5,29|17,35
2013-10-18 14:46:04,845|96,0|4,0|0,0|995|430|564|49,88|7,33|1,12|0,00
2013-10-18 14:46:10,630|100,0|0,0|0,0|995|430|564|49,83|7,34|19,96|43,10
2013-10-18 14:46:16,373|100,0|0,0|0,0|995|430|564|49,78|7,34|10,08|60,47
2013-10-18 14:46:22,164|100,0|0,0|0,0|995|431|564|49,73|7,34|2,86|1,46
2013-10-18 14:46:27,978|98,0|2,0|0,0|995|431|564|49,68|7,34|1,41|0,00
2013-10-18 14:46:33,729|92,0|8,0|0,0|995|431|564|49,63|7,34|14,20|204,71
2013-10-18 14:46:39,475|100,0|0,0|0,0|995|431|564|49,60|7,34|12,39|20,86
2013-10-18 14:46:45,228|0,0|0,0|100,0|995|394|601|49,55|7,36|1,02|0,00
2013-10-18 14:46:50,780|7,8|3,9|88,2|995|394|601|49,51|7,36|11,25|86,19
2013-10-18 14:46:56,292|0,0|0,0|100,0|995|394|601|49,46|7,36|14,86|0,00
2013-10-18 14:47:01,928|6,0|6,0|88,0|995|394|601|49,41|7,36|6,10|43,10
2013-10-18 14:47:07,536|0,0|0,0|100,0|995|394|601|49,36|7,37|7,16|18,18
2013-10-18 14:47:13,034|4,0|0,0|96,0|995|395|599|49,32|7,37|2,96|40,44
2013-10-18 14:47:18,616|0,0|0,0|100,0|995|392|603|49,27|7,38|7,04|19,79
2013-10-18 14:47:24,161|6,1|4,0|89,7|995|392|603|49,22|7,38|1,09|0,00
2013-10-18 14:47:29,705|4,0|2,0|94,0|995|392|603|49,17|7,38|7,91|43,10
2013-10-18 14:47:35,276|0,0|0,0|100,0|995|392|603|49,13|7,38|4,99|0,00
2013-10-18 14:47:40,846|6,1|2,0|91,8|995|392|603|49,08|7,39|9,66|44,59
2013-10-18 14:47:46,411|0,0|0,0|100,0|995|392|603|49,03|7,39|0,85|0,00
2013-10-18 14:47:52,012|2,0|0,0|98,0|995|393|602|48,98|7,40|8,84|84,74
2013-10-18 14:47:57,568|1,9|0,0|98,0|995|392|603|48,94|7,40|6,60|18,81
2013-10-18 14:48:03,145|4,0|8,0|88,0|995|392|603|48,89|7,40|7,62|43,10
2013-10-18 14:48:08,721|0,0|0,0|100,0|995|392|603|48,84|7,41|6,01|18,98
2013-10-18 14:48:14,265|4,0|2,0|93,8|995|393|601|48,80|7,41|6,89|0,00
2013-10-18 14:48:19,864|0,0|0,0|100,0|995|392|603|48,75|7,41|5,40|19,12
2013-10-18 14:48:25,394|8,0|4,0|88,0|995|392|603|48,70|7,41|2,61|0,00
2013-10-18 14:48:30,913|0,0|0,0|100,0|995|392|603|48,66|7,42|21,98|21,93
2013-10-18 14:48:36,438|3,9|7,8|88,2|995|392|603|48,61|7,42|3,18|0,06
2013-10-18 14:48:42,005|0,0|0,0|100,0|995|392|603|48,57|7,42|10,63|62,51
2013-10-18 14:48:47,524|4,0|6,0|90,0|995|392|603|48,52|7,42|1,06|0,00
2013-10-18 14:48:53,041|0,0|0,0|100,0|995|392|603|48,48|7,43|1,33|0,00
2013-10-18 14:48:58,544|0,0|0,0|100,0|995|392|603|48,43|7,43|1,10|0,00
2013-10-18 14:49:04,103|0,0|0,0|100,0|995|392|603|48,38|7,44|9,58|0,00
2013-10-18 14:49:09,641|0,0|0,0|100,0|995|392|603|48,34|7,43|1,44|0,00
2013-10-18 14:49:15,161|0,0|0,0|100,0|995|392|603|48,29|7,44|1,87|0,00
2013-10-18 14:49:20,659|0,0|0,0|100,0|995|392|603|48,25|7,43|0,65|0,00
2013-10-18 14:49:26,169|0,0|0,0|100,0|995|392|603|48,20|7,44|2,68|0,00
2013-10-18 14:49:31,739|0,0|0,0|100,0|995|392|603|48,16|7,44|2,73|0,00
2013-10-18 14:49:37,273|0,0|0,0|100,0|995|392|603|48,11|7,44|2,13|0,00
2013-10-18 14:49:42,788|0,0|0,0|100,0|995|392|603|48,07|7,44|1,85|0,00
2013-10-18 14:49:48,287|0,0|0,0|100,0|995|392|603|48,02|7,44|0,57|0,00
2013-10-18 14:49:53,752|0,0|0,0|100,0|995|392|603|47,98|7,44|1,32|0,00
2013-10-18 14:49:59,273|0,0|0,0|100,0|995|392|603|47,93|7,44|0,62|0,00
MV4===========================================
2013-10-18 14:28:10,039|0,0|0,0|100,0|995|196|799|19,08|6,62|2,20|0,06
2013-10-18 14:28:15,470|0,0|0,0|100,0|995|196|799|19,06|6,62|3,08|0,00
2013-10-18 14:28:20,902|0,0|0,0|100,0|995|196|799|19,03|6,62|1,01|0,00
2013-10-18 14:28:26,330|0,0|0,0|100,0|995|196|799|19,01|6,63|3,68|0,00
2013-10-18 14:28:31,766|0,0|0,0|100,0|995|196|799|18,99|6,62|0,86|0,00
2013-10-18 14:28:37,193|0,0|0,0|100,0|995|196|799|18,97|6,63|1,15|0,00
2013-10-18 14:28:42,618|0,0|0,0|100,0|995|196|799|18,94|6,63|0,54|0,00
2013-10-18 14:28:48,057|0,0|0,0|100,0|995|196|799|18,92|6,63|1,90|0,00
2013-10-18 14:28:53,492|0,0|0,0|100,0|995|196|799|18,90|6,63|1,12|0,00
2013-10-18 14:28:58,928|0,0|0,0|100,0|995|196|799|18,88|6,63|0,84|0,00
2013-10-18 14:29:04,355|0,0|0,0|100,0|995|196|799|18,86|6,64|0,86|0,00
2013-10-18 14:29:09,785|0,0|0,0|100,0|995|196|799|18,83|6,64|0,71|0,00
2013-10-18 14:29:15,209|1,9|1,9|96,0|995|196|799|18,81|6,64|0,51|0,00
2013-10-18 14:29:20,642|0,0|0,0|100,0|995|196|799|18,79|6,64|0,80|0,00
2013-10-18 14:29:26,083|0,0|0,0|100,0|995|196|799|18,77|6,64|4,58|0,00
2013-10-18 14:29:31,506|0,0|0,0|100,0|995|196|799|18,75|6,64|3,14|0,00
2013-10-18 14:29:36,942|0,0|0,0|100,0|995|196|799|18,72|6,64|1,95|0,00
2013-10-18 14:29:42,371|0,0|0,0|100,0|995|196|799|18,70|6,64|2,01|0,00
2013-10-18 14:29:47,798|0,0|0,0|100,0|995|196|799|18,68|6,64|1,62|0,00
2013-10-18 14:29:53,229|0,0|0,0|100,0|995|196|799|18,66|6,64|2,27|0,00
2013-10-18 14:29:58,659|1,9|0,0|98,0|995|196|799|18,64|6,64|1,02|0,00
2013-10-18 14:30:04,087|0,0|0,0|100,0|995|196|799|18,62|6,64|1,43|0,00
2013-10-18 14:30:09,518|0,0|0,0|100,0|995|196|799|18,60|6,64|0,96|0,00
2013-10-18 14:30:14,944|0,0|1,9|98,0|995|196|799|18,57|6,64|0,57|0,00
2013-10-18 14:30:20,376|0,0|0,0|100,0|995|196|799|18,55|6,64|0,39|0,00
2013-10-18 14:30:25,801|0,0|0,0|100,0|995|196|799|18,53|6,64|0,45|0,00
2013-10-18 14:30:31,232|0,0|0,0|100,0|995|196|799|18,51|6,65|5,30|3,06
2013-10-18 14:30:36,677|3,9|5,8|90,1|995|196|799|18,49|6,65|1,84|0,00
2013-10-18 14:30:42,109|3,8|5,7|88,4|995|196|799|18,47|6,65|6,81|39,32
2013-10-18 14:30:47,528|4,0|4,0|92,0|995|196|799|18,45|6,66|7,80|40,84
2013-10-18 14:30:52,984|0,0|0,0|100,0|995|196|799|18,43|6,66|7,92|8,05
2013-10-18 14:30:58,445|0,0|0,0|100,0|995|196|799|18,40|6,66|5,98|5,85
2013-10-18 14:31:03,885|4,0|4,0|91,8|995|196|799|18,38|6,67|1,10|0,00
2013-10-18 14:31:09,324|4,0|4,0|92,0|995|196|799|18,36|6,68|11,60|39,38
2013-10-18 14:31:14,751|2,0|6,0|92,0|995|196|799|18,34|6,68|11,27|78,76
2013-10-18 14:31:20,178|0,0|0,0|100,0|995|196|799|18,32|6,68|9,84|45,51
2013-10-18 14:31:25,603|0,0|0,0|100,0|995|196|799|18,30|6,68|6,08|6,21
2013-10-18 14:31:31,065|2,0|2,0|95,8|995|196|799|18,28|6,69|0,74|0,00
2013-10-18 14:31:36,537|2,0|2,0|96,0|995|197|798|18,26|6,70|3,01|36,73
2013-10-18 14:31:42,005|3,9|3,9|92,1|995|196|799|18,24|6,70|9,73|78,46
2013-10-18 14:31:47,444|2,0|6,1|91,8|995|196|799|18,22|6,70|19,98|78,76
2013-10-18 14:31:52,877|0,0|0,0|100,0|995|197|798|18,20|6,71|11,17|44,49
2013-10-18 14:31:58,350|0,0|0,0|100,0|995|196|799|18,18|6,71|10,34|45,83
2013-10-18 14:32:03,835|0,0|0,0|100,0|995|196|799|18,16|6,71|9,95|46,10
2013-10-18 14:32:09,302|0,0|0,0|100,0|995|196|799|18,14|6,71|9,74|46,17
2013-10-18 14:32:14,733|0,0|0,0|100,0|995|196|799|18,12|6,73|10,64|6,86
2013-10-18 14:32:20,216|0,0|0,0|100,0|995|196|799|18,10|6,73|2,47|1,39
2013-10-18 14:32:25,670|4,1|4,1|91,6|995|196|799|18,08|6,73|0,45|0,00
2013-10-18 14:32:31,112|5,7|3,8|88,4|995|196|799|18,06|6,74|1,43|0,00
2013-10-18 14:32:36,536|6,0|4,0|90,0|995|196|799|18,04|6,74|8,63|39,38
2013-10-18 14:32:41,980|2,0|6,0|92,0|995|196|799|18,02|6,74|12,49|78,77
2013-10-18 14:32:47,414|5,8|3,9|90,1|995|196|799|18,00|6,75|8,29|40,84
2013-10-18 14:32:52,901|0,0|0,0|100,0|995|196|799|17,98|6,76|10,04|46,74
2013-10-18 14:32:58,334|0,0|0,0|100,0|995|196|799|17,96|6,76|7,36|7,72
2013-10-18 14:33:03,797|0,0|0,0|100,0|995|196|799|17,94|6,76|5,36|7,46
2013-10-18 14:33:09,223|8,0|4,0|88,0|995|196|799|17,92|6,77|0,99|0,00
2013-10-18 14:33:14,661|6,0|4,0|90,0|995|196|799|17,90|6,77|1,37|0,00
2013-10-18 14:33:20,123|6,0|4,0|90,0|995|196|799|17,88|6,77|5,80|39,38
2013-10-18 14:33:25,564|2,0|6,0|92,0|995|196|799|17,86|6,78|10,42|78,76
2013-10-18 14:33:30,995|0,0|0,0|100,0|995|196|799|17,84|6,79|10,42|47,26
2013-10-18 14:33:36,428|1,9|0,0|98,0|995|196|799|17,82|6,79|6,53|7,96
2013-10-18 14:33:41,895|0,0|0,0|100,0|995|196|799|17,80|6,79|4,49|1,46
2013-10-18 14:33:47,357|6,0|4,0|90,0|995|196|799|17,78|6,79|2,52|0,00
2013-10-18 14:33:52,805|4,1|2,0|93,7|995|197|798|17,76|6,80|3,84|37,92
2013-10-18 14:33:58,287|3,9|3,9|90,1|995|196|799|17,74|6,81|8,04|39,32
2013-10-18 14:34:03,725|6,0|4,0|90,0|995|196|799|17,72|6,82|11,72|78,70
2013-10-18 14:34:09,158|0,0|0,0|100,0|995|196|799|17,70|6,82|11,91|47,69
2013-10-18 14:34:14,582|0,0|0,0|100,0|995|196|799|17,68|6,82|6,62|8,46
2013-10-18 14:34:20,009|6,0|6,0|88,0|995|196|799|17,66|6,82|1,41|0,06
2013-10-18 14:34:25,442|4,0|4,0|92,0|995|196|799|17,64|6,83|5,53|39,32
2013-10-18 14:34:30,881|6,0|2,0|90,0|995|196|799|17,62|6,84|10,56|78,63
2013-10-18 14:34:36,310|0,0|0,0|100,0|995|196|799|17,60|6,84|12,08|48,13
2013-10-18 14:34:41,741|0,0|0,0|100,0|995|196|799|17,58|6,84|6,45|8,82
2013-10-18 14:34:47,213|0,0|0,0|100,0|995|196|799|17,57|6,84|2,11|0,00
2013-10-18 14:34:52,681|7,8|3,9|88,2|995|196|799|17,55|6,85|1,58|0,00
2013-10-18 14:34:58,131|2,0|8,0|90,0|995|196|799|17,53|6,85|6,17|39,38
2013-10-18 14:35:03,561|2,0|4,1|93,7|995|196|799|17,51|6,85|11,38|78,76
2013-10-18 14:35:08,983|0,0|0,0|100,0|995|196|799|17,49|6,87|9,97|48,55
2013-10-18 14:35:14,420|0,0|0,0|100,0|995|196|799|17,47|6,87|6,52|9,25
2013-10-18 14:35:19,866|0,0|0,0|100,0|995|196|799|17,45|6,87|1,32|0,00
2013-10-18 14:35:25,376|5,8|5,8|88,2|995|196|799|17,43|6,87|0,92|0,00
2013-10-18 14:35:30,810|6,1|2,0|91,8|995|196|799|17,41|6,87|5,64|39,38
2013-10-18 14:35:36,249|4,0|6,0|90,0|995|196|799|17,39|6,88|11,44|78,76
2013-10-18 14:35:41,684|1,9|0,0|98,0|995|196|799|17,38|6,89|9,59|48,99
2013-10-18 14:35:47,118|0,0|0,0|100,0|995|196|799|17,36|6,90|6,03|2,65
2013-10-18 14:35:52,554|6,0|4,0|90,0|995|196|799|17,34|6,90|0,75|0,06
2013-10-18 14:35:57,987|4,0|4,0|91,8|995|196|799|17,32|6,90|6,17|39,31
2013-10-18 14:36:03,424|4,0|4,0|91,8|995|196|799|17,30|6,90|11,67|78,76
2013-10-18 14:36:08,861|0,0|0,0|100,0|995|196|799|17,28|6,90|5,86|10,21
2013-10-18 14:36:14,330|0,0|0,0|100,0|995|196|799|17,27|6,91|1,53|0,00
2013-10-18 14:36:19,804|6,1|4,0|89,7|995|196|799|17,25|6,92|1,90|0,00
2013-10-18 14:36:25,232|4,0|4,0|91,8|995|196|798|17,23|6,92|5,52|39,38
2013-10-18 14:36:30,663|4,0|6,0|90,0|995|196|798|17,21|6,92|12,35|78,76
2013-10-18 14:36:36,082|0,0|0,0|100,0|995|196|799|17,19|6,93|11,73|49,66
2013-10-18 14:36:41,522|0,0|0,0|100,0|995|196|799|17,17|6,93|5,39|10,32
2013-10-18 14:36:46,997|0,0|0,0|100,0|995|196|798|17,16|6,93|3,82|2,19
2013-10-18 14:36:52,455|4,0|6,0|90,0|995|196|798|17,14|6,94|1,16|0,00
2013-10-18 14:36:57,872|6,0|4,0|90,0|995|196|798|17,12|6,94|6,07|39,32
2013-10-18 14:37:03,297|2,0|6,1|91,8|995|196|798|17,10|6,95|8,85|40,77
2013-10-18 14:37:08,769|0,0|0,0|100,0|995|196|799|17,08|6,95|8,89|13,37
2013-10-18 14:37:14,201|0,0|0,0|100,0|995|196|798|17,06|6,95|5,90|10,47
2013-10-18 14:37:19,641|8,0|2,0|90,0|995|196|798|17,05|6,95|1,44|0,00
2013-10-18 14:37:25,071|4,0|6,0|90,0|995|196|798|17,03|6,95|5,61|39,38
2013-10-18 14:37:30,494|2,0|4,0|93,8|995|196|798|17,01|6,97|10,15|67,32
2013-10-18 14:37:35,941|0,0|0,0|100,0|995|196|798|16,99|6,97|10,49|11,38
2013-10-18 14:37:41,405|0,0|0,0|100,0|995|196|798|16,97|6,97|2,29|0,30
2013-10-18 14:37:46,867|4,0|4,0|91,8|995|196|798|16,96|6,97|2,34|0,00
2013-10-18 14:37:52,299|4,0|4,0|92,0|995|197|797|16,94|6,98|8,67|77,31
2013-10-18 14:37:57,735|0,0|0,0|100,0|995|196|798|16,92|6,98|22,05|50,74
2013-10-18 14:38:03,215|0,0|0,0|100,0|995|196|798|16,90|6,99|6,83|11,50
2013-10-18 14:38:08,648|0,0|0,0|100,0|995|196|798|16,89|6,99|0,97|0,00
2013-10-18 14:38:14,121|5,8|3,9|90,1|995|197|797|16,87|6,99|4,51|39,08
2013-10-18 14:38:19,589|5,8|5,8|88,2|995|196|798|16,85|6,99|11,52|78,70
2013-10-18 14:38:25,026|0,0|0,0|100,0|995|196|798|16,83|7,00|5,85|11,81
2013-10-18 14:38:30,487|0,0|0,0|100,0|995|196|798|16,82|7,00|2,52|0,00
2013-10-18 14:38:35,954|5,8|5,8|88,2|995|198|797|16,80|7,01|1,70|0,32
2013-10-18 14:38:41,445|4,0|4,0|92,0|995|197|797|16,78|7,01|8,00|77,30
2013-10-18 14:38:46,888|2,0|0,0|98,0|995|197|797|16,76|7,01|18,52|50,00
2013-10-18 14:38:52,362|1,9|0,0|98,0|995|196|798|16,75|7,01|9,11|13,55
2013-10-18 14:38:57,818|0,0|0,0|100,0|995|196|798|16,73|7,02|1,83|0,00
2013-10-18 14:39:03,260|1,9|7,8|88,2|995|196|798|16,71|7,02|6,91|0,00
2013-10-18 14:39:08,729|6,0|4,0|90,0|995|196|798|16,69|7,02|10,81|78,76
2013-10-18 14:39:14,179|0,0|0,0|100,0|995|196|798|16,68|7,04|5,92|12,44
2013-10-18 14:39:19,615|0,0|0,0|100,0|995|196|798|16,66|7,04|1,55|0,00
2013-10-18 14:39:25,094|4,0|4,0|91,8|995|196|798|16,64|7,04|6,45|39,38
2013-10-18 14:39:30,527|0,0|0,0|98,0|995|197|797|16,62|7,04|9,75|50,58
2013-10-18 14:39:36,009|0,0|0,0|100,0|995|196|798|16,61|7,04|6,06|12,73
2013-10-18 14:39:41,468|5,8|5,8|88,2|995|196|798|16,59|7,05|0,87|0,00
2013-10-18 14:39:46,899|4,0|6,0|90,0|995|196|798|16,57|7,05|11,39|78,76
2013-10-18 14:39:52,330|0,0|0,0|100,0|995|196|798|16,56|7,06|6,28|12,95
2013-10-18 14:39:57,772|2,0|4,0|92,0|995|196|798|16,54|7,06|1,94|0,00
2013-10-18 14:40:03,236|6,0|2,0|90,0|995|196|798|16,52|7,06|6,38|39,38
2013-10-18 14:40:08,669|0,0|0,0|100,0|995|196|798|16,51|7,06|10,10|52,55
2013-10-18 14:40:14,105|0,0|0,0|100,0|995|196|798|16,49|7,06|6,19|13,21
2013-10-18 14:40:19,579|6,1|2,0|91,8|995|196|798|16,47|7,06|1,09|0,06
2013-10-18 14:40:25,004|2,0|6,1|91,8|995|197|798|16,46|7,08|10,32|78,70
2013-10-18 14:40:30,418|1,9|1,9|96,0|995|197|798|16,44|7,08|6,26|13,45
2013-10-18 14:40:35,847|6,0|4,0|90,0|995|197|798|16,42|7,08|0,57|0,00
2013-10-18 14:40:41,284|5,8|3,9|90,1|995|197|798|16,41|7,08|10,13|78,76
2013-10-18 14:40:46,715|0,0|0,0|100,0|995|197|798|16,39|7,09|6,56|13,73
2013-10-18 14:40:52,171|1,9|1,9|96,0|995|197|798|16,37|7,09|0,86|0,00
2013-10-18 14:40:57,639|8,0|2,0|90,0|995|197|798|16,36|7,10|7,12|39,32
2013-10-18 14:41:03,068|0,0|0,0|100,0|995|197|798|16,34|7,10|10,89|53,14
2013-10-18 14:41:08,492|0,0|0,0|100,0|995|197|798|16,32|7,10|0,57|0,00
2013-10-18 14:41:13,933|4,0|6,0|90,0|995|197|798|16,31|7,10|1,54|0,00
2013-10-18 14:41:19,400|4,0|4,0|91,8|995|197|798|16,29|7,11|10,72|78,81
2013-10-18 14:41:24,835|1,9|0,0|98,0|995|197|798|16,27|7,11|4,21|2,21
2013-10-18 14:41:30,324|5,8|5,8|88,2|995|197|798|16,26|7,11|2,24|0,06
2013-10-18 14:41:35,750|6,0|4,0|90,0|995|197|798|16,24|7,12|15,05|78,76
2013-10-18 14:41:41,180|0,0|0,0|100,0|995|197|798|16,22|7,12|12,98|14,34
2013-10-18 14:41:46,625|7,8|3,9|88,2|995|197|798|16,21|7,12|1,18|0,00
2013-10-18 14:41:52,058|6,1|4,0|89,7|995|197|798|16,19|7,13|11,00|78,76
2013-10-18 14:41:57,490|1,9|0,0|98,0|995|197|798|16,18|7,13|6,39|14,56
2013-10-18 14:42:02,921|6,1|2,0|91,8|995|197|798|16,16|7,13|1,22|0,00
2013-10-18 14:42:08,354|2,0|4,1|93,7|995|197|798|16,14|7,14|11,41|78,63
2013-10-18 14:42:13,778|0,0|0,0|100,0|995|197|798|16,13|7,14|19,25|14,80
2013-10-18 14:42:19,218|6,2|0,0|93,7|995|197|798|16,11|7,14|2,04|0,00
2013-10-18 14:42:24,684|4,0|4,0|91,8|995|197|798|16,10|7,14|7,41|40,84
2013-10-18 14:42:30,148|2,0|0,0|98,0|995|197|798|16,08|7,15|13,61|15,11
2013-10-18 14:42:35,611|6,0|4,0|90,0|995|197|798|16,06|7,15|8,29|0,00
2013-10-18 14:42:41,065|2,0|0,0|98,0|995|198|797|16,05|7,16|9,62|53,49
2013-10-18 14:42:46,533|0,0|0,0|100,0|995|197|798|16,03|7,16|4,40|1,80
2013-10-18 14:42:52,023|2,0|2,0|96,0|995|198|797|16,02|7,16|4,13|37,92
2013-10-18 14:42:57,519|2,0|2,0|95,9|995|197|798|16,00|7,16|8,14|39,76
2013-10-18 14:43:02,985|2,0|0,0|98,0|995|197|798|15,98|7,17|5,00|2,65
2013-10-18 14:43:08,499|4,0|2,0|94,0|995|198|797|15,97|7,17|5,02|37,92
2013-10-18 14:43:13,970|2,0|2,0|96,0|995|198|796|15,95|7,17|8,11|39,69
2013-10-18 14:43:19,438|0,0|0,0|100,0|995|197|798|15,94|7,18|10,72|0,00
2013-10-18 14:43:24,928|2,0|8,0|90,0|995|197|798|15,92|7,18|5,87|39,38
2013-10-18 14:43:30,354|0,0|0,0|100,0|995|197|798|15,90|7,18|11,52|55,28
2013-10-18 14:43:35,796|0,0|0,0|100,0|995|197|798|15,89|7,18|0,51|0,00
2013-10-18 14:43:41,261|4,0|4,0|92,0|995|197|798|15,87|7,19|8,52|78,46
2013-10-18 14:43:46,701|0,0|0,0|100,0|995|197|798|15,86|7,19|5,41|16,12
2013-10-18 14:43:52,142|4,0|6,0|90,0|995|197|798|15,84|7,20|0,57|0,00
2013-10-18 14:43:57,573|6,0|4,0|90,0|995|197|798|15,83|7,20|7,91|40,81
2013-10-18 14:44:03,028|0,0|0,0|100,0|995|197|798|15,81|7,20|5,59|16,34
2013-10-18 14:44:08,490|4,0|4,0|91,8|995|197|798|15,80|7,20|1,95|0,00
2013-10-18 14:44:13,959|6,1|2,0|91,8|995|197|798|15,78|7,20|11,35|78,63
2013-10-18 14:44:19,385|0,0|2,0|98,0|995|197|798|15,76|7,20|1,65|0,00
2013-10-18 14:44:24,892|6,0|4,0|90,0|995|197|798|15,75|7,21|8,04|0,06
2013-10-18 14:44:30,356|0,0|2,0|97,9|995|198|797|15,73|7,22|10,47|54,69
2013-10-18 14:44:35,836|0,0|0,0|100,0|995|197|798|15,72|7,22|3,16|0,00
2013-10-18 14:44:41,264|5,8|3,9|52,9|995|205|789|16,80|7,22|5,47|39,54
2013-10-18 14:44:46,960|94,0|6,0|0,0|995|338|657|36,91|7,23|5,72|17,37
2013-10-18 14:44:52,663|100,0|0,0|0,0|995|340|655|36,87|7,23|0,54|0,00
2013-10-18 14:44:58,535|96,0|1,9|0,0|995|341|653|36,83|7,23|3,29|37,32
2013-10-18 14:45:04,422|96,0|4,0|0,0|995|341|654|36,79|7,25|10,96|78,75
2013-10-18 14:45:10,255|100,0|0,0|0,0|995|341|653|36,75|7,25|9,85|18,65
2013-10-18 14:45:16,111|100,0|0,0|0,0|995|342|653|36,71|7,25|0,62|0,00
2013-10-18 14:45:21,995|96,0|4,0|0,0|995|342|652|36,67|7,25|1,39|0,00
2013-10-18 14:45:27,871|94,0|6,0|0,0|995|343|652|36,64|7,25|7,15|39,32
2013-10-18 14:45:33,709|100,0|0,0|0,0|995|344|651|36,60|7,25|9,98|55,73
2013-10-18 14:45:39,607|100,0|0,0|0,0|995|343|652|36,56|7,26|5,25|17,60
2013-10-18 14:45:45,482|98,0|0,0|0,0|995|343|651|36,52|7,26|1,14|0,00
2013-10-18 14:45:51,370|95,9|4,0|0,0|995|344|651|36,48|7,26|7,96|39,45
2013-10-18 14:45:57,210|98,0|1,9|0,0|995|345|650|36,45|7,27|11,66|55,77
2013-10-18 14:46:03,115|100,0|0,0|0,0|995|328|667|36,41|7,27|7,52|17,90
2013-10-18 14:46:09,004|100,0|0,0|0,0|995|328|667|36,37|7,27|1,31|0,00
2013-10-18 14:46:14,815|95,9|4,0|0,0|995|353|642|37,18|7,28|5,99|56,92
2013-10-18 14:46:20,676|97,9|2,0|0,0|995|352|643|37,15|7,29|11,22|78,74
2013-10-18 14:46:26,477|100,0|0,0|0,0|995|352|643|37,11|7,29|6,20|18,26
2013-10-18 14:46:32,346|100,0|0,0|0,0|995|352|643|37,07|7,29|2,38|0,00
2013-10-18 14:46:38,216|98,0|2,0|0,0|995|352|643|37,03|7,29|7,16|39,43
2013-10-18 14:46:44,082|96,0|4,0|0,0|995|352|643|36,99|7,29|11,45|78,71
2013-10-18 14:46:49,914|98,0|0,0|0,0|995|352|643|36,96|7,30|6,28|18,56
2013-10-18 14:46:55,802|98,0|1,9|0,0|995|352|643|36,92|7,30|0,76|0,00
2013-10-18 14:47:01,688|96,0|4,0|0,0|995|352|643|36,88|7,30|11,63|78,70
2013-10-18 14:47:07,526|100,0|0,0|0,0|995|352|643|36,84|7,30|6,04|18,76
2013-10-18 14:47:13,391|98,0|2,0|0,0|995|352|643|36,81|7,30|1,05|0,00
2013-10-18 14:47:19,221|96,0|3,9|0,0|995|352|643|36,77|7,30|11,49|78,99
2013-10-18 14:47:25,029|100,0|0,0|0,0|995|352|643|36,73|7,31|0,88|0,06
2013-10-18 14:47:30,920|100,0|0,0|0,0|995|354|641|36,79|7,31|3,92|37,93
2013-10-18 14:47:36,793|100,0|0,0|0,0|995|352|642|36,75|7,31|12,49|58,52
2013-10-18 14:47:42,655|0,0|0,0|100,0|995|321|673|36,71|7,31|4,28|0,00
2013-10-18 14:47:48,089|4,0|4,0|92,0|995|321|673|36,68|7,32|7,70|39,42
2013-10-18 14:47:53,559|0,0|0,0|100,0|995|321|673|36,64|7,32|0,85|0,00
2013-10-18 14:47:58,988|6,1|6,1|87,7|995|321|673|36,61|7,33|10,63|78,83
2013-10-18 14:48:04,428|0,0|0,0|100,0|995|321|673|36,57|7,33|2,17|0,00
2013-10-18 14:48:09,869|6,0|4,0|90,0|995|321|673|36,54|7,33|11,73|78,76
2013-10-18 14:48:15,302|0,0|0,0|100,0|995|321|673|36,51|7,33|2,06|0,00
2013-10-18 14:48:20,774|4,1|4,1|91,6|995|321|673|36,47|7,33|14,31|78,76
2013-10-18 14:48:26,210|1,9|0,0|98,0|995|321|673|36,44|7,33|0,68|0,00
2013-10-18 14:48:31,682|4,0|2,0|93,8|995|321|673|36,40|7,34|11,53|78,76
2013-10-18 14:48:37,106|0,0|0,0|100,0|995|321|673|36,37|7,35|3,69|0,00
2013-10-18 14:48:42,546|2,0|6,1|91,8|995|322|673|36,34|7,35|12,40|78,70
2013-10-18 14:48:47,962|0,0|0,0|100,0|995|321|673|36,30|7,35|2,19|0,00
2013-10-18 14:48:53,386|4,0|4,0|91,8|995|322|673|36,27|7,35|7,17|40,77
2013-10-18 14:48:58,846|3,8|1,9|94,2|995|322|673|36,24|7,35|1,68|0,37
2013-10-18 14:49:04,273|0,0|0,0|100,0|995|322|673|36,20|7,35|4,13|0,00
2013-10-18 14:49:09,698|0,0|0,0|100,0|995|322|673|36,17|7,36|1,90|0,00
2013-10-18 14:49:15,159|0,0|0,0|100,0|995|322|673|36,13|7,36|2,63|0,00
2013-10-18 14:49:20,598|0,0|0,0|100,0|995|322|673|36,10|7,37|1,76|0,00
2013-10-18 14:49:26,048|0,0|0,0|100,0|995|322|673|36,07|7,36|0,39|0,00
2013-10-18 14:49:31,479|0,0|0,0|100,0|995|322|673|36,03|7,36|0,88|0,00
2013-10-18 14:49:36,903|0,0|0,0|100,0|995|322|673|36,00|7,36|1,17|0,00
2013-10-18 14:49:42,333|0,0|0,0|100,0|995|322|673|35,97|7,36|0,80|0,00
2013-10-18 14:49:47,769|0,0|0,0|100,0|995|322|673|35,93|7,36|1,77|0,00
2013-10-18 14:49:53,218|0,0|0,0|100,0|995|322|673|35,90|7,36|0,54|0,00
2013-10-18 14:49:58,646|0,0|0,0|100,0|995|322|673|35,87|7,36|1,64|0,00
2013-10-18 14:50:04,082|0,0|0,0|100,0|995|322|673|35,84|7,36|3,45|0,00
