2013-09-12 21:18:55,499|0,1
2013-09-12 21:18:57,519|0,1
2013-09-12 21:18:59,557|0,5
2013-09-12 21:19:01,656|0,5
2013-09-12 21:19:03,652|0,5
2013-09-12 21:19:05,619|0,5
2013-09-12 21:19:07,623|6,3
2013-09-12 21:19:09,643|6,3
2013-09-12 21:19:11,611|6,4
2013-09-12 21:19:13,631|11,7
2013-09-12 21:19:15,619|12
2013-09-12 21:19:17,604|12,3
2013-09-12 21:19:19,581|18,1
2013-09-12 21:19:21,631|18,1
2013-09-12 21:19:23,669|18,1
2013-09-12 21:19:25,664|23,8
2013-09-12 21:19:27,624|23,8
2013-09-12 21:19:29,574|23,2
2013-09-12 21:19:31,601|28,4
2013-09-12 21:19:33,600|28,4
2013-09-12 21:19:35,572|28,4
2013-09-12 21:19:37,499|28,4
2013-09-12 21:19:39,439|28,3
2013-09-12 21:19:41,419|28,3
2013-09-12 21:19:43,419|27,7
2013-09-12 21:19:45,395|28
2013-09-12 21:19:47,400|28
2013-09-12 21:19:49,446|27,6
2013-09-12 21:19:51,450|27,8
2013-09-12 21:19:53,529|27,8
2013-09-12 21:19:55,657|22,1
2013-09-12 21:19:57,730|26,6
2013-09-12 21:19:59,726|26,6
2013-09-12 21:20:01,834|21,4
2013-09-12 21:20:03,853|26
2013-09-12 21:20:05,878|20,8
2013-09-12 21:20:07,930|21,1
2013-09-12 21:20:10,028|26,6
2013-09-12 21:20:12,121|21,8
2013-09-12 21:20:14,233|21,4
2013-09-12 21:20:16,352|25,9
2013-09-12 21:20:18,452|20,9
2013-09-12 21:20:20,527|26,4
2013-09-12 21:20:22,487|21,6
2013-09-12 21:20:24,513|21,8
2013-09-12 21:20:26,602|21,9
2013-09-12 21:20:28,693|17,8
2013-09-12 21:20:30,792|17,4
2013-09-12 21:20:32,928|17,6
2013-09-12 21:20:35,003|12,1
2013-09-12 21:20:37,054|11,7
2013-09-12 21:20:39,124|7,4
2013-09-12 21:20:41,120|7,6
2013-09-12 21:20:43,158|7,6
2013-09-12 21:20:45,118|12,7
2013-09-12 21:20:47,140|13,1
2013-09-12 21:20:49,184|13,1
2013-09-12 21:20:51,220|22,6
2013-09-12 21:20:53,252|22,1
2013-09-12 21:20:55,260|22,1
2013-09-12 21:20:57,298|30,9
2013-09-12 21:21:28,958|34,2
2013-09-12 21:21:31,087|25,7
2013-09-12 21:21:33,195|25,7
2013-09-12 21:21:35,267|25,7
2013-09-12 21:21:37,262|22,1
2013-09-12 21:21:39,389|22,1
2013-09-12 21:21:41,436|22,1
2013-09-12 21:21:43,382|24,1
2013-09-12 21:21:45,486|24,1
2013-09-12 21:21:47,518|23,4
2013-09-12 21:21:49,499|33
2013-09-12 21:21:51,432|33
2013-09-12 21:21:53,380|40,9
2013-09-12 21:21:55,539|40,9
2013-09-12 21:21:57,663|40,9
2013-09-12 21:21:59,821|37,5
2013-09-12 21:22:01,892|37,5
2013-09-12 21:22:04,109|37,5
2013-09-12 21:22:06,192|31,7
2013-09-12 21:22:08,363|31,7
2013-09-12 21:22:10,488|32,5
2013-09-12 21:22:12,497|28,2
2013-09-12 21:22:14,600|28,2
2013-09-12 21:22:16,679|38,5
2013-09-12 21:22:18,708|38,5
2013-09-12 21:22:20,720|38,5
2013-09-12 21:22:22,837|40,7
2013-09-12 21:22:24,970|40,7
2013-09-12 21:22:27,093|40,7
2013-09-12 21:22:29,225|27,5
2013-09-12 21:22:31,349|27,5
2013-09-12 21:22:33,487|19
2013-09-12 21:22:35,685|19
2013-09-12 21:22:37,864|19
2013-09-12 21:22:39,920|16,4
2013-09-12 21:22:42,089|16,4
2013-09-12 21:22:44,253|16,4
2013-09-12 21:22:46,268|17,3
2013-09-12 21:22:48,270|17,3
2013-09-12 21:22:50,407|27,2
2013-09-12 21:22:52,584|27,2
2013-09-12 21:22:54,678|27,2
2013-09-12 21:22:56,900|35,3
2013-09-12 21:22:59,081|35,3
2013-09-12 21:23:01,210|35,1
2013-09-12 21:23:03,176|36,8
2013-09-12 21:23:05,296|36,8
2013-09-12 21:23:07,340|37,4
2013-09-12 21:23:09,504|30
2013-09-12 21:23:11,560|30
2013-09-12 21:23:13,732|28,3
2013-09-12 21:23:15,810|28,3
2013-09-12 21:23:17,886|36,3
2013-09-12 21:23:20,031|36,1
2013-09-12 21:23:22,174|36,1
2013-09-12 21:23:24,390|34,5
2013-09-12 21:23:26,575|40,4
2013-09-12 21:23:28,751|40,4
2013-09-12 21:23:30,897|29,8
2013-09-12 21:23:33,073|29,8
2013-09-12 21:23:35,245|25,1
2013-09-12 21:23:37,399|23,8
2013-09-12 21:23:39,586|23,8
2013-09-12 21:23:41,655|16,1
2013-09-12 21:23:43,833|16,1
2013-09-12 21:23:46,018|15,8
2013-09-12 21:23:48,211|2,6
2013-09-12 21:23:50,395|2,6
2013-09-12 21:23:52,596|3,1
2013-09-12 21:23:54,778|3,3
2013-09-12 21:23:56,966|3,3
2013-09-12 21:23:59,143|3,5
2013-09-12 21:24:01,348|3,5
2013-09-12 21:24:03,481|3,4
2013-09-12 21:24:05,627|3,1
2013-09-12 21:24:07,851|3,1
2013-09-12 21:24:10,026|3
2013-09-12 21:24:12,185|3
2013-09-12 21:24:14,379|3,2
2013-09-12 21:24:16,606|3
2013-09-12 21:24:18,785|3
2013-09-12 21:24:20,980|3
2013-09-12 21:24:23,174|3
2013-09-12 21:24:25,361|2,8
2013-09-12 21:24:27,537|2,5
2013-09-12 21:24:29,736|2,5
2013-09-12 21:24:31,911|2,2
2013-09-12 21:24:34,137|2,2
2013-09-12 21:24:36,349|2,4
2013-09-12 21:24:38,534|1,8
2013-09-12 21:24:40,737|1,8
2013-09-12 21:24:42,932|2,1
2013-09-12 21:24:45,110|2,1
2013-09-12 21:24:47,267|1,8
2013-09-12 21:24:49,498|1,6
2013-09-12 21:24:51,648|1,6
2013-09-12 21:24:53,811|1,6
2013-09-12 21:24:55,910|7,1
2013-09-12 21:24:57,943|7,1
2013-09-12 21:25:00,180|15,2
2013-09-12 21:25:02,304|15,2
2013-09-12 21:25:04,460|16,1
2013-09-12 21:25:06,568|21,4
2013-09-12 21:25:08,704|21,4
2013-09-12 21:25:10,868|20,2
2013-09-12 21:25:13,135|26,5
2013-09-12 21:25:15,330|26,5
2013-09-12 21:25:17,587|26
2013-09-12 21:25:19,856|25,9
2013-09-12 21:25:22,042|25,6
2013-09-12 21:25:24,108|25,6
2013-09-12 21:25:26,241|24,4
2013-09-12 21:25:28,487|24,2
2013-09-12 21:25:30,694|24,2
2013-09-12 21:25:32,895|23,2
2013-09-12 21:25:35,267|23,1
2013-09-12 21:25:37,419|21,1
2013-09-12 21:25:39,636|21,5
2013-09-12 21:25:41,713|21,5
2013-09-12 21:25:43,826|20,9
2013-09-12 21:25:46,025|21,1
2013-09-12 21:25:48,251|21,1
2013-09-12 21:25:50,600|20,3
2013-09-12 21:25:52,748|20,3
2013-09-12 21:25:54,965|20,3
2013-09-12 21:25:57,196|20
2013-09-12 21:25:59,418|20
2013-09-12 21:26:01,668|20
2013-09-12 21:26:03,836|21,2
2013-09-12 21:26:06,163|21,2
2013-09-12 21:26:08,364|21,5
2013-09-12 21:26:10,681|21,5
2013-09-12 21:26:12,892|21,5
2013-09-12 21:26:15,098|22,1
2013-09-12 21:26:17,471|22,1
2013-09-12 21:26:19,652|17,5
2013-09-12 21:26:21,774|22,7
2013-09-12 21:26:23,984|22,7
2013-09-12 21:26:26,232|18,6
2013-09-12 21:26:28,462|22,8
2013-09-12 21:26:30,674|22,8
2013-09-12 21:26:32,884|23,9
2013-09-12 21:26:35,169|23,9
2013-09-12 21:26:37,373|19,1
2013-09-12 21:26:39,654|24,3
2013-09-12 21:26:41,848|24,3
2013-09-12 21:26:44,004|19,7
2013-09-12 21:26:46,200|24,4
2013-09-12 21:26:48,480|20,2
2013-09-12 21:26:50,686|20,2
2013-09-12 21:26:52,933|25,4
2013-09-12 21:26:55,169|20,2
2013-09-12 21:26:57,354|20,2
2013-09-12 21:26:59,491|24,7
2013-09-12 21:27:01,694|24,7
2013-09-12 21:27:03,938|34,9
2013-09-12 21:27:06,197|29,5
2013-09-12 21:27:08,338|29,5
2013-09-12 21:27:10,570|33,5
2013-09-12 21:27:12,828|33,5
2013-09-12 21:27:15,112|43,2
2013-09-12 21:27:17,332|33,6
2013-09-12 21:27:19,632|33,6
2013-09-12 21:27:21,845|33
2013-09-12 21:27:24,119|33
2013-09-12 21:27:26,368|33
2013-09-12 21:27:28,591|31,2
2013-09-12 21:27:30,818|31,2
2013-09-12 21:27:32,994|30,4
2013-09-12 21:27:35,267|30,4
2013-09-12 21:27:37,564|30,4
2013-09-12 21:27:39,768|30,9
2013-09-12 21:27:41,973|30,9
2013-09-12 21:27:44,228|30,7
2013-09-12 21:27:46,470|30,7
2013-09-12 21:27:48,748|30,7
2013-09-12 21:27:50,985|30,9
2013-09-12 21:27:53,211|30,9
2013-09-12 21:27:55,453|30,7
2013-09-12 21:27:57,718|30,7
2013-09-12 21:27:59,903|30,7
2013-09-12 21:28:02,143|30,1
2013-09-12 21:28:04,403|30,1
2013-09-12 21:28:06,762|30,3
2013-09-12 21:28:09,032|30,7
2013-09-12 21:28:11,336|30,7
2013-09-12 21:28:13,651|30,2
2013-09-12 21:28:15,952|30,2
2013-09-12 21:28:18,270|30,8
2013-09-12 21:28:20,593|31,1
2013-09-12 21:28:22,891|31,1
2013-09-12 21:28:25,211|30,5
2013-09-12 21:28:27,479|30,5
2013-09-12 21:28:29,768|30,9
2013-09-12 21:28:32,101|31,3
2013-09-12 21:28:34,471|31
2013-09-12 21:28:36,764|21
2013-09-12 21:28:39,093|21
2013-09-12 21:28:41,396|21
2013-09-12 21:28:43,722|12
2013-09-12 21:28:46,011|12,2
2013-09-12 21:28:48,360|1,7
2013-09-12 21:28:50,611|1,7
2013-09-12 21:28:52,909|2,1
2013-09-12 21:28:55,243|2,1
2013-09-12 21:28:57,540|2,6
2013-09-12 21:28:59,868|2,4
2013-09-12 21:29:02,225|2,2
