MV1===========================================
2013-09-12 21:17:45,804|0,0|0,0|100,0|995|920|75|61,53|15,57|0,69|0,00
2013-09-12 21:17:51,335|2,0|0,0|98,0|995|918|77|61,53|15,57|0,18|0,14
2013-09-12 21:17:56,846|0,0|0,0|100,0|995|918|76|61,53|15,57|0,33|0,00
2013-09-12 21:18:02,395|0,0|0,0|100,0|995|918|76|61,53|15,57|0,46|0,00
2013-09-12 21:18:07,946|0,0|0,0|100,0|995|918|76|61,53|15,57|0,54|0,00
2013-09-12 21:18:13,469|0,0|0,0|100,0|995|918|76|61,53|15,57|0,53|0,00
2013-09-12 21:18:19,018|0,0|0,0|100,0|995|918|77|61,53|15,57|0,00|0,00
2013-09-12 21:18:24,565|0,0|0,0|100,0|995|918|77|61,53|15,57|0,17|0,00
2013-09-12 21:18:30,094|0,0|0,0|100,0|995|918|77|61,53|15,57|0,33|0,00
2013-09-12 21:18:35,602|1,9|0,0|98,0|995|918|77|61,53|15,57|0,00|0,00
2013-09-12 21:18:41,175|0,0|0,0|100,0|995|918|77|61,53|15,57|0,39|0,00
2013-09-12 21:18:46,707|0,0|0,0|100,0|995|918|77|61,53|15,57|0,44|0,00
2013-09-12 21:18:52,229|0,0|0,0|100,0|995|918|77|61,53|15,57|12,53|43,01
2013-09-12 21:18:57,825|56,0|44,0|0,0|995|923|71|61,53|15,57|7,35|7,65
2013-09-12 21:19:04,057|54,0|46,0|0,0|995|913|82|61,53|15,57|13,40|42,57
2013-09-12 21:19:10,266|58,8|41,1|0,0|995|915|80|61,53|15,57|11,50|42,61
2013-09-12 21:19:16,457|57,9|42,0|0,0|995|916|79|61,53|15,57|13,44|45,10
2013-09-12 21:19:22,692|52,0|48,0|0,0|995|912|82|61,53|15,57|6,13|39,56
2013-09-12 21:19:28,838|56,0|44,0|0,0|995|911|84|61,53|15,57|4,94|39,00
2013-09-12 21:19:34,985|52,0|48,0|0,0|995|907|87|61,53|15,57|2,02|1,69
2013-09-12 21:19:41,158|50,0|50,0|0,0|995|909|85|61,53|15,57|3,15|2,50
2013-09-12 21:19:47,450|50,0|50,0|0,0|995|913|82|61,53|15,57|4,57|5,13
2013-09-12 21:19:53,682|46,0|54,0|0,0|995|910|84|61,53|15,57|4,73|5,15
2013-09-12 21:19:59,882|55,1|44,8|0,0|995|913|81|61,53|15,57|9,33|22,22
2013-09-12 21:20:06,150|48,0|52,0|0,0|995|913|82|61,53|15,57|5,09|5,29
2013-09-12 21:20:12,376|53,0|46,9|0,0|995|906|89|61,53|15,57|3,79|2,75
2013-09-12 21:20:18,623|3,9|1,9|94,1|995|910|85|61,53|15,57|1,67|0,30
2013-09-12 21:20:24,228|6,1|2,0|91,8|995|910|85|61,53|15,57|4,79|44,33
2013-09-12 21:20:29,779|0,0|0,0|100,0|995|910|85|61,52|15,57|9,46|49,91
2013-09-12 21:20:35,370|100,0|0,0|0,0|995|910|84|61,52|15,57|6,12|6,49
2013-09-12 21:20:41,342|100,0|0,0|0,0|995|911|84|61,52|15,57|6,06|7,14
2013-09-12 21:20:47,340|100,0|0,0|0,0|995|911|84|61,52|15,57|6,12|7,22
2013-09-12 21:20:53,343|81,6|0,0|18,3|995|910|85|61,52|15,57|1,63|1,41
2013-09-12 21:20:59,227|92,0|0,0|8,0|995|911|84|61,52|15,57|1,08|1,41
2013-09-12 21:21:05,082|84,0|0,0|16,0|995|911|84|61,52|15,57|1,58|1,41
2013-09-12 21:21:10,942|73,4|0,0|26,5|995|911|84|61,52|15,57|1,14|1,42
2013-09-12 21:21:16,822|92,0|4,0|4,0|995|911|84|61,52|15,57|1,51|1,41
2013-09-12 21:21:22,692|4,0|6,1|89,7|995|911|84|61,52|15,57|0,00|0,00
2013-09-12 21:21:28,201|44,8|0,0|55,1|995|912|83|61,52|15,57|9,45|63,02
2013-09-12 21:21:33,742|2,0|0,0|97,9|995|911|83|61,52|15,57|9,60|20,62
2013-09-12 21:21:39,559|0,0|0,0|100,0|995|911|84|61,52|15,57|5,18|14,90
2013-09-12 21:21:45,237|39,2|5,8|54,9|995|911|84|61,52|15,57|2,25|12,62
2013-09-12 21:21:50,902|78,0|6,0|14,0|995|912|83|61,52|15,57|5,11|56,07
2013-09-12 21:21:56,638|37,5|0,0|62,5|995|912|83|61,52|15,57|10,15|63,40
2013-09-12 21:22:02,215|0,0|0,0|100,0|995|911|84|61,52|15,57|1,41|0,71
2013-09-12 21:22:07,994|4,1|4,1|91,6|995|912|83|61,52|15,57|3,78|56,65
2013-09-12 21:22:13,611|54,9|1,9|43,1|995|911|84|61,52|15,57|9,95|64,36
2013-09-12 21:22:19,327|1,9|0,0|98,0|995|911|84|61,52|15,57|4,67|6,96
2013-09-12 21:22:24,861|4,0|8,1|87,7|995|912|83|61,52|15,57|1,74|55,90
2013-09-12 21:22:30,440|63,2|0,0|36,7|995|911|83|61,52|15,57|10,53|67,07
2013-09-12 21:22:36,171|100,0|0,0|0,0|995|912|83|61,52|15,57|7,39|8,70
2013-09-12 21:22:42,103|90,3|3,8|3,8|995|912|83|61,52|15,57|1,63|1,46
2013-09-12 21:22:48,014|87,7|2,0|10,2|995|913|82|61,52|15,57|2,58|60,44
2013-09-12 21:22:53,947|83,3|0,0|16,6|995|912|83|61,52|15,57|10,08|70,91
2013-09-12 21:22:59,538|20,4|0,0|79,5|995|912|83|61,52|15,57|4,48|7,52
2013-09-12 21:23:05,358|6,0|6,0|88,0|995|911|84|61,52|15,57|0,77|0,71
2013-09-12 21:23:11,096|4,0|4,0|92,0|995|911|84|61,52|15,57|7,06|64,65
2013-09-12 21:23:16,612|88,0|0,0|12,0|995|911|84|61,51|15,57|6,33|8,45
2013-09-12 21:23:22,461|4,0|8,0|88,0|995|911|84|61,51|15,57|0,17|0,00
2013-09-12 21:23:27,983|0,0|0,0|100,0|995|911|83|61,51|15,57|9,78|85,02
2013-09-12 21:23:33,529|4,0|6,0|90,0|995|911|84|61,51|15,57|0,12|0,00
2013-09-12 21:23:39,127|8,0|4,0|88,0|995|911|84|61,51|15,57|5,45|65,23
2013-09-12 21:23:44,643|0,0|0,0|100,0|995|911|84|61,51|15,57|4,82|8,10
2013-09-12 21:23:50,217|4,0|6,1|89,7|995|910|84|61,51|15,57|5,15|65,17
2013-09-12 21:23:55,733|1,9|0,0|98,0|995|910|85|61,51|15,57|4,90|8,25
2013-09-12 21:24:01,195|7,8|3,9|88,2|995|909|86|61,51|15,57|4,98|65,17
2013-09-12 21:24:06,734|1,9|0,0|98,0|995|909|86|61,51|15,57|6,85|8,63
2013-09-12 21:24:12,341|6,2|10,4|83,3|995|909|86|61,51|15,57|0,56|0,00
2013-09-12 21:24:17,861|0,0|0,0|100,0|995|909|86|61,51|15,57|9,75|73,77
2013-09-12 21:24:23,398|4,0|6,1|89,7|995|909|86|61,51|15,57|0,44|0,00
2013-09-12 21:24:28,951|0,0|0,0|100,0|995|909|86|61,51|15,57|9,64|73,84
2013-09-12 21:24:34,473|6,0|6,0|88,0|995|909|86|61,51|15,57|0,44|0,00
2013-09-12 21:24:39,990|0,0|0,0|100,0|995|909|86|61,51|15,57|10,10|74,02
2013-09-12 21:24:45,562|57,9|42,0|0,0|995|912|83|61,51|15,57|6,95|10,03
2013-09-12 21:24:51,838|56,0|44,0|0,0|995|916|78|61,51|15,57|8,26|8,60
2013-09-12 21:24:58,018|52,0|48,0|0,0|995|911|84|61,51|15,57|3,61|2,21
2013-09-12 21:25:04,156|53,0|46,9|0,0|995|911|84|61,51|15,57|3,57|1,75
2013-09-12 21:25:10,290|52,0|48,0|0,0|995|911|84|61,51|15,57|9,14|69,00
2013-09-12 21:25:16,433|50,0|50,0|0,0|995|915|80|61,51|15,57|13,73|79,67
2013-09-12 21:25:22,622|48,0|52,0|0,0|995|913|82|61,51|15,57|14,41|14,44
2013-09-12 21:25:28,861|36,0|64,0|0,0|995|913|81|61,51|15,57|2,65|1,05
2013-09-12 21:25:35,099|44,0|56,0|0,0|995|914|80|61,51|15,57|3,27|0,43
2013-09-12 21:25:41,297|47,0|52,9|0,0|995|898|97|61,51|15,57|4,47|82,63
2013-09-12 21:25:47,406|48,0|52,0|0,0|995|885|110|61,51|15,57|9,67|93,97
2013-09-12 21:25:53,550|45,0|54,9|0,0|995|875|120|61,51|15,57|6,88|11,10
2013-09-12 21:25:59,776|52,9|47,0|0,0|995|868|127|61,51|15,57|1,73|0,84
2013-09-12 21:26:05,998|54,0|46,0|0,0|995|858|137|61,51|15,57|0,80|0,17
2013-09-12 21:26:12,148|52,0|48,0|0,0|995|848|147|61,51|15,57|10,14|94,65
2013-09-12 21:26:18,277|50,0|50,0|0,0|995|866|129|61,51|15,57|10,12|95,30
2013-09-12 21:26:24,435|52,9|47,0|0,0|995|857|138|61,51|15,57|2,42|1,48
2013-09-12 21:26:30,697|56,0|44,0|0,0|995|847|147|61,50|15,57|0,06|0,06
2013-09-12 21:26:36,922|56,0|44,0|0,0|995|840|155|61,50|15,57|6,07|85,16
2013-09-12 21:26:43,043|55,1|44,8|0,0|995|830|165|61,50|15,57|11,43|96,08
2013-09-12 21:26:49,262|100,0|0,0|0,0|995|817|178|61,50|15,57|4,88|10,30
2013-09-12 21:26:55,074|94,0|6,0|0,0|995|820|175|61,50|15,57|0,38|0,00
2013-09-12 21:27:00,834|100,0|0,0|0,0|995|805|190|61,50|15,57|10,86|101,03
2013-09-12 21:27:06,622|100,0|0,0|0,0|995|808|186|61,50|15,57|0,12|0,00
2013-09-12 21:27:12,509|98,0|2,0|0,0|995|809|185|61,50|15,57|5,10|85,53
2013-09-12 21:27:18,266|96,0|4,0|0,0|995|824|171|61,50|15,57|5,36|13,80
2013-09-12 21:27:24,165|94,0|6,0|0,0|995|829|165|61,50|15,57|1,13|1,02
2013-09-12 21:27:29,929|100,0|0,0|0,0|995|823|172|61,50|15,57|10,40|104,49
2013-09-12 21:27:35,683|96,0|4,0|0,0|995|829|166|61,50|15,57|1,43|8,24
2013-09-12 21:27:41,466|98,0|1,9|0,0|995|828|167|61,50|15,57|9,28|120,68
2013-09-12 21:27:47,250|100,0|0,0|0,0|995|836|159|61,50|15,57|3,00|5,10
2013-09-12 21:27:53,086|94,1|5,8|0,0|995|835|159|61,50|15,57|4,82|114,74
2013-09-12 21:27:58,938|100,0|0,0|0,0|995|820|174|61,50|15,57|8,26|17,69
2013-09-12 21:28:04,752|98,0|2,0|0,0|995|808|187|61,50|15,57|0,55|0,51
2013-09-12 21:28:10,510|97,9|2,0|0,0|995|799|195|61,50|15,57|9,42|17,10
2013-09-12 21:28:16,380|96,0|4,0|0,0|995|794|201|61,50|15,57|0,95|1,53
2013-09-12 21:28:22,136|100,0|0,0|0,0|995|779|215|61,50|15,57|10,33|121,55
2013-09-12 21:28:27,811|3,9|7,8|88,2|995|780|215|61,50|15,57|2,62|106,80
2013-09-12 21:28:33,358|4,0|0,0|96,0|995|777|218|61,50|15,57|5,16|13,58
2013-09-12 21:28:38,870|1,9|0,0|98,0|995|773|221|61,50|15,57|8,92|130,71
2013-09-12 21:28:44,439|6,1|4,0|89,7|995|768|226|61,50|15,57|0,47|2,27
2013-09-12 21:28:49,979|0,0|0,0|100,0|995|767|227|61,50|15,57|10,28|120,92
2013-09-12 21:28:55,503|6,0|6,0|88,0|995|766|228|61,50|15,57|4,08|107,73
2013-09-12 21:29:01,084|0,0|0,0|100,0|995|765|230|61,50|15,57|0,26|0,00
2013-09-12 21:29:06,614|1,9|0,0|98,0|995|765|230|61,50|15,57|0,18|0,00
2013-09-12 21:29:12,126|0,0|0,0|100,0|995|763|232|61,50|15,57|0,32|0,00
MV2===========================================
2013-09-12 21:17:55,165|0,0|0,0|100,0|995|924|71|36,98|8,13|0,30|0,00
2013-09-12 21:18:00,727|0,0|0,0|100,0|995|924|71|36,98|8,13|0,72|0,00
2013-09-12 21:18:06,263|0,0|0,0|100,0|995|924|71|36,98|8,13|0,12|0,00
2013-09-12 21:18:11,771|0,0|0,0|100,0|995|923|72|36,98|8,13|0,65|0,00
2013-09-12 21:18:17,275|0,0|0,0|100,0|995|923|72|36,98|8,13|0,35|0,00
2013-09-12 21:18:22,775|0,0|0,0|100,0|995|923|72|36,98|8,13|0,44|0,00
2013-09-12 21:18:28,347|0,0|0,0|100,0|995|923|72|36,98|8,13|0,56|0,00
2013-09-12 21:18:33,873|0,0|0,0|100,0|995|923|72|36,98|8,13|0,12|0,00
2013-09-12 21:18:39,395|0,0|0,0|100,0|995|923|72|36,98|8,13|0,60|0,00
2013-09-12 21:18:44,906|0,0|0,0|100,0|995|923|72|36,98|8,13|0,98|0,00
2013-09-12 21:18:50,477|4,0|6,0|90,0|995|923|72|36,98|8,13|4,53|7,63
2013-09-12 21:18:56,020|0,0|0,0|100,0|995|923|72|36,98|8,13|9,33|11,96
2013-09-12 21:19:01,606|0,0|0,0|100,0|995|923|72|36,98|8,13|4,84|4,40
2013-09-12 21:19:07,144|3,9|3,9|92,1|995|923|72|36,98|8,13|0,00|0,00
2013-09-12 21:19:12,746|4,0|6,1|89,7|995|924|71|36,98|8,13|2,92|6,30
2013-09-12 21:19:18,272|0,0|0,0|100,0|995|923|72|36,98|8,13|9,06|12,24
2013-09-12 21:19:23,811|0,0|0,0|100,0|995|923|72|36,98|8,13|9,56|24,50
2013-09-12 21:19:29,379|2,0|0,0|98,0|995|923|72|36,98|8,13|5,25|15,94
2013-09-12 21:19:34,967|0,0|6,0|94,0|995|923|72|36,98|8,13|0,48|0,00
2013-09-12 21:19:40,523|4,0|4,0|92,0|995|924|70|36,98|8,13|2,93|6,17
2013-09-12 21:19:46,075|0,0|0,0|100,0|995|923|71|36,97|8,13|9,58|13,12
2013-09-12 21:19:51,656|2,0|0,0|98,0|995|923|71|36,97|8,13|4,60|6,02
2013-09-12 21:19:57,291|4,1|4,1|91,6|995|923|71|36,97|8,13|0,50|11,67
2013-09-12 21:20:02,870|4,1|4,1|91,6|995|923|71|36,97|8,13|5,22|9,91
2013-09-12 21:20:08,403|0,0|0,0|100,0|995|923|71|36,97|8,13|4,93|16,25
2013-09-12 21:20:13,997|2,0|6,0|92,0|995|923|71|36,97|8,13|0,91|0,00
2013-09-12 21:20:19,599|5,8|3,9|90,1|995|923|71|36,97|8,13|4,72|7,63
2013-09-12 21:20:25,153|0,0|0,0|100,0|995|923|71|36,97|8,13|9,27|14,09
2013-09-12 21:20:30,718|5,8|3,9|90,1|995|923|71|36,97|8,13|2,06|0,30
2013-09-12 21:20:36,293|4,0|4,0|91,8|995|925|70|36,97|8,13|3,01|8,41
2013-09-12 21:20:41,845|0,0|2,0|98,0|995|925|70|36,97|8,13|7,79|22,86
2013-09-12 21:20:47,368|0,0|0,0|100,0|995|923|71|36,97|8,13|6,94|7,21
2013-09-12 21:20:52,919|0,0|0,0|100,0|995|923|71|36,97|8,13|0,56|0,00
2013-09-12 21:20:58,409|0,0|0,0|100,0|995|924|71|36,97|8,13|0,00|0,00
2013-09-12 21:21:03,883|0,0|0,0|100,0|995|924|71|36,97|8,13|1,28|0,00
2013-09-12 21:21:09,404|0,0|0,0|100,0|995|924|71|36,97|8,13|0,92|10,93
2013-09-12 21:21:14,953|0,0|0,0|100,0|995|924|71|36,97|8,13|1,39|0,89
2013-09-12 21:21:20,475|0,0|0,0|100,0|995|924|71|36,97|8,13|0,09|0,00
2013-09-12 21:21:26,061|4,0|4,0|90,0|995|924|71|36,97|8,13|4,72|7,63
2013-09-12 21:21:31,645|39,2|5,8|54,9|995|914|81|36,97|8,13|10,07|15,03
2013-09-12 21:21:37,365|85,7|0,0|14,2|995|914|81|36,97|8,13|5,15|7,17
2013-09-12 21:21:43,152|44,0|8,0|48,0|995|914|80|36,97|8,13|1,01|0,06
2013-09-12 21:21:48,780|4,1|4,1|91,6|995|914|80|36,97|8,13|0,38|0,00
2013-09-12 21:21:54,492|2,0|0,0|98,0|995|915|80|36,97|8,13|8,46|26,47
2013-09-12 21:22:00,121|36,7|0,0|63,2|995|914|81|36,97|8,13|5,21|9,28
2013-09-12 21:22:05,876|88,0|4,0|8,0|995|914|81|36,97|8,13|0,71|10,93
2013-09-12 21:22:11,603|32,0|8,0|60,0|995|915|80|36,97|8,13|4,96|9,97
2013-09-12 21:22:17,127|0,0|0,0|100,0|995|914|81|36,97|8,13|9,27|17,72
2013-09-12 21:22:22,877|1,9|3,9|94,1|995|914|81|36,97|8,13|0,50|0,00
2013-09-12 21:22:28,452|3,9|7,8|84,3|995|914|81|36,97|8,13|4,66|11,08
2013-09-12 21:22:33,998|0,0|0,0|98,0|995|914|81|36,97|8,13|5,62|7,18
2013-09-12 21:22:39,568|4,0|4,0|92,0|995|914|81|36,97|8,13|1,41|0,00
2013-09-12 21:22:45,097|0,0|0,0|100,0|995|915|80|36,97|8,13|8,40|16,94
2013-09-12 21:22:50,680|0,0|0,0|100,0|995|914|81|36,97|8,13|4,77|3,36
2013-09-12 21:22:56,275|6,2|8,3|85,4|995|914|81|36,97|8,13|0,77|0,77
2013-09-12 21:23:01,975|9,8|1,9|88,2|995|914|81|36,97|8,13|10,36|20,15
2013-09-12 21:23:07,529|81,2|0,0|18,7|995|914|81|36,97|8,13|14,13|7,60
2013-09-12 21:23:13,347|54,0|4,0|42,0|995|914|80|36,97|8,13|1,86|0,29
2013-09-12 21:23:18,907|2,0|0,0|98,0|995|915|79|36,97|8,13|7,53|19,07
2013-09-12 21:23:24,684|2,0|0,0|98,0|995|914|81|36,97|8,13|4,61|7,82
2013-09-12 21:23:30,275|4,0|6,1|89,7|995|914|81|36,97|8,13|4,72|13,17
2013-09-12 21:23:35,781|2,0|0,0|98,0|995|914|81|36,97|8,13|5,29|7,96
2013-09-12 21:23:41,377|8,1|6,1|85,7|995|914|80|36,97|8,13|0,41|0,00
2013-09-12 21:23:46,873|0,0|0,0|100,0|995|914|80|36,97|8,13|9,67|21,88
2013-09-12 21:23:52,424|4,1|4,1|91,6|995|914|80|36,97|8,13|0,18|0,00
2013-09-12 21:23:57,985|0,0|0,0|100,0|995|914|81|36,97|8,13|9,33|21,36
2013-09-12 21:24:03,477|5,7|7,6|86,5|995|914|81|36,97|8,13|0,50|0,00
2013-09-12 21:24:09,019|0,0|0,0|100,0|995|914|81|36,97|8,13|9,87|21,42
2013-09-12 21:24:14,535|2,0|6,0|92,0|995|914|81|36,97|8,13|1,27|0,00
2013-09-12 21:24:20,125|0,0|2,0|97,9|995|915|80|36,97|8,13|7,37|20,17
2013-09-12 21:24:25,660|0,0|0,0|100,0|995|914|81|36,97|8,13|3,70|2,27
2013-09-12 21:24:31,262|3,9|7,8|88,2|995|914|81|36,97|8,13|4,99|13,10
2013-09-12 21:24:36,778|0,0|0,0|100,0|995|914|81|36,97|8,13|4,48|8,74
2013-09-12 21:24:42,358|2,0|8,0|90,0|995|914|81|36,97|8,13|4,99|13,10
2013-09-12 21:24:47,927|10,2|89,7|0,0|995|915|80|36,97|8,13|10,53|23,39
2013-09-12 21:24:53,759|10,0|90,0|0,0|995|915|80|36,97|8,13|4,60|3,62
2013-09-12 21:24:59,574|10,0|90,0|0,0|995|915|80|36,96|8,13|0,78|0,66
2013-09-12 21:25:05,334|6,0|94,0|0,0|995|915|80|36,96|8,13|10,06|23,05
2013-09-12 21:25:11,086|4,0|96,0|0,0|995|915|80|36,96|8,13|2,32|1,15
2013-09-12 21:25:16,929|4,0|96,0|0,0|995|916|79|36,96|8,13|3,43|12,35
2013-09-12 21:25:22,664|7,8|92,1|0,0|995|915|79|36,96|8,13|9,73|23,19
2013-09-12 21:25:28,411|8,0|92,0|0,0|995|915|80|36,96|8,13|0,27|0,65
2013-09-12 21:25:34,152|3,9|96,0|0,0|995|915|80|36,96|8,13|9,73|23,36
2013-09-12 21:25:39,917|2,0|98,0|0,0|995|915|79|36,96|8,13|6,58|10,85
2013-09-12 21:25:45,773|8,0|92,0|0,0|995|915|80|36,96|8,13|0,57|0,00
2013-09-12 21:25:51,520|0,0|100,0|0,0|995|915|79|36,96|8,13|9,88|22,89
2013-09-12 21:25:57,261|4,0|96,0|0,0|995|915|79|36,96|8,13|0,46|0,00
2013-09-12 21:26:03,048|8,0|92,0|0,0|995|917|78|36,96|8,13|4,62|13,17
2013-09-12 21:26:08,801|2,0|98,0|0,0|995|915|79|36,96|8,13|5,22|9,97
2013-09-12 21:26:14,593|5,8|94,1|0,0|995|916|79|36,96|8,13|1,95|10,17
2013-09-12 21:26:20,363|4,0|96,0|0,0|995|915|80|36,96|8,13|11,91|24,14
2013-09-12 21:26:26,133|7,8|92,1|0,0|995|915|79|36,96|8,13|0,67|0,19
2013-09-12 21:26:31,892|5,8|94,1|0,0|995|915|80|36,96|8,13|10,05|23,57
2013-09-12 21:26:37,660|10,0|90,0|0,0|995|915|79|36,96|8,13|6,39|10,92
2013-09-12 21:26:43,486|20,0|80,0|0,0|995|916|78|36,96|8,13|1,90|10,71
2013-09-12 21:26:49,238|0,0|0,0|100,0|995|915|80|36,96|8,13|4,81|10,40
2013-09-12 21:26:54,829|4,0|6,0|90,0|995|915|80|36,96|8,13|0,38|0,00
2013-09-12 21:27:00,357|0,0|0,0|100,0|995|915|80|36,96|8,13|9,35|23,69
2013-09-12 21:27:05,937|6,2|8,3|85,4|995|915|80|36,96|8,13|0,12|0,00
2013-09-12 21:27:11,457|0,0|0,0|100,0|995|915|80|36,96|8,13|6,76|12,05
2013-09-12 21:27:17,066|6,1|4,0|89,7|995|916|79|36,96|8,13|3,22|11,71
2013-09-12 21:27:22,653|0,0|0,0|100,0|995|915|80|36,96|8,13|5,29|11,13
2013-09-12 21:27:28,274|6,0|10,0|84,0|995|915|80|36,96|8,13|0,06|0,00
2013-09-12 21:27:33,815|0,0|0,0|100,0|995|915|79|36,96|8,13|6,53|11,91
2013-09-12 21:27:39,422|2,0|10,2|87,7|995|916|78|36,96|8,13|2,11|10,52
2013-09-12 21:27:45,009|2,0|0,0|98,0|995|915|79|36,96|8,13|6,32|22,63
2013-09-12 21:27:50,642|4,0|6,0|90,0|995|916|78|36,96|8,13|3,50|22,64
2013-09-12 21:27:56,184|0,0|0,0|100,0|995|915|79|36,96|8,13|4,84|11,17
2013-09-12 21:28:01,828|2,0|6,2|91,6|995|915|79|36,96|8,13|5,57|13,11
2013-09-12 21:28:07,387|2,0|0,0|98,0|995|915|79|36,96|8,13|2,49|1,46
2013-09-12 21:28:13,001|0,0|2,0|97,9|995|916|78|36,96|8,13|7,43|23,09
2013-09-12 21:28:18,549|2,0|8,0|90,0|995|915|79|36,96|8,13|0,38|0,00
2013-09-12 21:28:24,118|0,0|0,0|100,0|995|915|79|36,96|8,13|9,65|36,02
2013-09-12 21:28:29,655|4,0|6,1|89,7|995|916|78|36,96|8,13|3,29|22,64
2013-09-12 21:28:35,230|2,0|0,0|98,0|995|915|79|36,96|8,13|4,60|11,73
2013-09-12 21:28:40,765|2,0|2,0|96,0|995|916|78|36,96|8,13|7,83|23,51
2013-09-12 21:28:46,289|0,0|6,2|93,7|995|915|79|36,96|8,13|0,74|0,00
2013-09-12 21:28:51,867|0,0|2,0|98,0|995|915|79|36,96|8,13|9,40|25,68
2013-09-12 21:28:57,403|0,0|0,0|100,0|995|915|79|36,96|8,13|0,06|0,06
2013-09-12 21:29:02,984|0,0|0,0|98,0|995|915|79|36,96|8,13|0,39|10,93
2013-09-12 21:29:08,518|0,0|0,0|100,0|995|915|79|36,96|8,13|0,66|0,00
MV3===========================================
2013-09-12 21:18:19,059|0,0|0,0|100,0|995|913|82|204,40|8,84|0,34|0,00
2013-09-12 21:18:24,603|2,0|0,0|98,0|995|912|83|204,40|8,84|0,00|0,00
2013-09-12 21:18:30,114|0,0|0,0|100,0|995|912|83|204,40|8,84|0,17|0,00
2013-09-12 21:18:35,521|0,0|0,0|100,0|995|912|83|204,40|8,84|0,36|0,00
2013-09-12 21:18:41,086|0,0|0,0|100,0|995|912|83|204,40|8,84|0,00|0,00
2013-09-12 21:18:46,600|0,0|0,0|100,0|995|912|83|204,40|8,84|0,71|0,00
2013-09-12 21:18:52,195|0,0|0,0|100,0|995|912|83|204,40|8,84|0,00|0,00
2013-09-12 21:18:57,728|0,0|0,0|100,0|995|912|83|204,40|8,84|9,50|12,24
2013-09-12 21:19:03,281|2,0|0,0|98,0|995|912|83|204,40|8,84|4,66|4,07
2013-09-12 21:19:08,899|3,9|5,8|90,1|995|912|83|204,39|8,84|2,79|1,46
2013-09-12 21:19:14,496|6,1|10,2|83,6|995|912|83|204,39|8,84|0,66|0,00
2013-09-12 21:19:20,051|6,0|6,0|88,0|995|912|83|204,39|8,84|5,99|8,19
2013-09-12 21:19:25,600|0,0|0,0|100,0|995|912|83|204,39|8,84|9,06|12,60
2013-09-12 21:19:31,196|0,0|0,0|100,0|995|912|83|204,39|8,84|4,62|4,49
2013-09-12 21:19:36,798|0,0|2,0|98,0|995|912|83|204,39|8,84|5,79|4,93
2013-09-12 21:19:42,460|3,9|9,8|86,2|995|912|82|204,39|8,84|0,18|0,00
2013-09-12 21:19:48,033|5,8|5,8|88,2|995|912|82|204,39|8,84|4,59|8,19
2013-09-12 21:19:53,591|0,0|2,0|98,0|995|912|82|204,39|8,84|9,25|13,45
2013-09-12 21:19:59,123|0,0|0,0|100,0|995|912|83|204,38|8,84|4,18|14,25
2013-09-12 21:20:04,661|3,9|11,7|84,3|995|913|82|204,38|8,84|0,58|2,28
2013-09-12 21:20:10,239|0,0|0,0|100,0|995|912|82|204,38|8,84|9,36|13,25
2013-09-12 21:20:15,760|2,0|0,0|98,0|995|912|82|204,38|8,84|4,71|5,13
2013-09-12 21:20:21,360|4,0|12,2|83,6|995|912|82|204,38|8,84|1,24|0,00
2013-09-12 21:20:26,878|0,0|0,0|100,0|995|912|82|204,38|8,84|9,14|14,32
2013-09-12 21:20:32,399|0,0|0,0|100,0|995|912|82|204,38|8,84|4,48|6,26
2013-09-12 21:20:37,980|2,0|6,0|92,0|995|912|82|204,38|8,84|0,25|2,28
2013-09-12 21:20:43,551|6,0|6,0|88,0|995|912|82|204,38|8,84|5,59|19,06
2013-09-12 21:20:49,126|0,0|0,0|100,0|995|912|82|204,37|8,84|9,48|13,68
2013-09-12 21:20:54,694|2,0|0,0|98,0|995|912|82|204,37|8,84|4,57|5,63
2013-09-12 21:21:00,262|0,0|0,0|100,0|995|913|82|204,37|8,84|0,21|0,00
2013-09-12 21:21:05,802|1,9|0,0|98,0|995|912|82|204,37|8,84|0,17|0,00
2013-09-12 21:21:11,333|2,0|0,0|98,0|995|912|82|204,37|8,84|0,50|11,63
2013-09-12 21:21:16,840|1,9|0,0|98,0|995|912|82|204,37|8,84|0,93|11,67
2013-09-12 21:21:22,375|0,0|0,0|100,0|995|912|82|204,37|8,84|0,06|0,00
2013-09-12 21:21:27,895|4,0|8,0|88,0|995|913|82|204,37|8,84|0,39|0,00
2013-09-12 21:21:33,459|0,0|0,0|100,0|995|914|81|204,37|8,84|8,61|14,77
2013-09-12 21:21:39,105|56,0|4,0|40,0|995|918|77|204,37|8,84|10,62|15,85
2013-09-12 21:21:44,845|96,0|4,0|0,0|995|919|76|204,36|8,84|5,62|7,54
2013-09-12 21:21:50,668|56,0|8,0|36,0|995|919|76|204,36|8,84|2,70|1,39
2013-09-12 21:21:56,340|28,0|8,0|64,0|995|919|76|204,36|8,84|0,00|0,00
2013-09-12 21:22:02,066|0,0|2,0|98,0|995|919|75|204,36|8,84|8,33|18,42
2013-09-12 21:22:07,808|42,8|0,0|55,1|995|918|76|204,36|8,84|6,06|18,94
2013-09-12 21:22:13,464|94,1|5,8|0,0|995|918|76|204,36|8,84|1,08|0,64
2013-09-12 21:22:19,180|60,0|4,0|36,0|995|919|75|204,36|8,84|5,49|11,22
2013-09-12 21:22:24,809|0,0|0,0|100,0|995|918|76|204,36|8,84|9,20|18,03
2013-09-12 21:22:30,387|6,0|6,0|88,0|995|918|76|204,36|8,84|0,47|0,00
2013-09-12 21:22:35,890|0,0|0,0|100,0|995|918|76|204,35|8,84|9,07|18,57
2013-09-12 21:22:41,471|1,9|0,0|98,0|995|918|76|204,35|8,84|5,42|6,94
2013-09-12 21:22:47,011|6,0|14,0|80,0|995|918|76|204,35|8,84|0,41|0,00
2013-09-12 21:22:52,559|0,0|0,0|100,0|995|918|76|204,35|8,84|9,23|18,72
2013-09-12 21:22:58,079|4,0|4,0|91,8|995|918|76|204,35|8,84|0,64|0,00
2013-09-12 21:23:03,603|6,0|4,0|90,0|995|918|76|204,35|8,84|5,20|12,22
2013-09-12 21:23:09,220|66,6|0,0|33,3|995|918|76|204,35|8,84|10,06|20,17
2013-09-12 21:23:14,957|86,0|6,0|8,0|995|919|75|204,35|8,84|9,40|11,09
2013-09-12 21:23:20,743|50,0|10,4|39,5|995|921|74|204,35|8,84|0,75|0,00
2013-09-12 21:23:26,432|0,0|0,0|100,0|995|918|76|204,34|8,84|9,34|20,89
2013-09-12 21:23:32,001|3,9|7,8|88,2|995|919|76|204,34|8,84|0,00|0,00
2013-09-12 21:23:37,511|0,0|0,0|100,0|995|918|76|204,34|8,84|9,63|21,14
2013-09-12 21:23:43,079|0,0|0,0|100,0|995|919|76|204,34|8,84|0,36|0,30
2013-09-12 21:23:48,681|5,8|5,8|88,2|995|919|76|204,34|8,84|5,04|13,42
2013-09-12 21:23:54,234|0,0|0,0|100,0|995|919|76|204,34|8,84|4,92|8,15
2013-09-12 21:23:59,785|4,0|6,1|89,7|995|919|76|204,34|8,84|5,25|13,35
2013-09-12 21:24:05,358|2,0|0,0|98,0|995|919|76|204,34|8,84|6,15|8,38
2013-09-12 21:24:10,990|6,1|4,0|89,7|995|919|76|204,34|8,84|0,63|0,00
2013-09-12 21:24:16,519|0,0|0,0|100,0|995|919|76|204,33|8,84|9,87|21,59
2013-09-12 21:24:22,065|4,0|8,0|88,0|995|919|76|204,33|8,84|0,85|0,00
2013-09-12 21:24:27,609|0,0|0,0|100,0|995|919|76|204,33|8,84|9,20|21,73
2013-09-12 21:24:33,135|6,0|6,0|88,0|995|919|76|204,33|8,84|0,30|0,00
2013-09-12 21:24:38,646|0,0|0,0|100,0|995|919|76|204,33|8,84|9,46|21,94
2013-09-12 21:24:44,215|3,9|5,8|90,1|995|919|76|204,33|8,84|0,60|0,00
2013-09-12 21:24:49,790|0,0|1,9|98,0|995|920|75|204,33|8,84|8,23|20,62
2013-09-12 21:24:55,360|18,3|81,6|0,0|995|919|75|204,33|8,84|6,57|11,09
2013-09-12 21:25:01,185|9,8|90,1|0,0|995|919|75|204,33|8,84|0,80|0,65
2013-09-12 21:25:06,996|6,0|94,0|0,0|995|920|75|204,32|8,84|5,65|13,82
2013-09-12 21:25:12,728|4,0|96,0|0,0|995|920|75|204,32|8,84|9,45|23,16
2013-09-12 21:25:18,485|3,9|96,0|0,0|995|920|75|204,32|8,84|0,52|0,46
2013-09-12 21:25:24,276|2,0|98,0|0,0|995|921|74|204,32|8,84|7,88|21,64
2013-09-12 21:25:30,024|2,0|98,0|0,0|995|920|75|204,32|8,84|8,89|11,37
2013-09-12 21:25:35,824|6,0|94,0|0,0|995|921|73|204,32|8,84|0,27|0,46
2013-09-12 21:25:41,588|4,0|95,9|0,0|995|920|75|204,32|8,84|10,67|23,61
2013-09-12 21:25:47,329|2,0|98,0|0,0|995|920|75|204,32|8,84|0,09|0,00
2013-09-12 21:25:53,137|3,9|96,0|0,0|995|920|75|204,32|8,84|4,77|13,36
2013-09-12 21:25:58,903|4,0|95,9|0,0|995|920|75|204,31|8,84|7,34|11,23
2013-09-12 21:26:04,718|6,0|94,0|0,0|995|920|75|204,31|8,84|0,84|0,19
2013-09-12 21:26:10,464|2,0|98,0|0,0|995|920|75|204,31|8,84|9,46|23,14
2013-09-12 21:26:16,216|2,0|98,0|0,0|995|920|75|204,31|8,84|0,50|0,19
2013-09-12 21:26:21,966|4,0|96,0|0,0|995|920|75|204,31|8,84|5,09|13,53
2013-09-12 21:26:27,728|8,0|92,0|0,0|995|920|75|204,31|8,84|5,95|10,65
2013-09-12 21:26:33,532|6,0|94,0|0,0|995|920|75|204,31|8,84|0,74|0,19
2013-09-12 21:26:39,271|6,0|94,0|0,0|995|920|75|204,31|8,84|10,02|23,52
2013-09-12 21:26:45,038|8,0|92,0|0,0|995|920|75|204,31|8,84|2,16|0,58
2013-09-12 21:26:50,798|0,0|0,0|100,0|995|919|75|204,30|8,84|10,94|23,67
2013-09-12 21:26:56,462|2,0|6,0|92,0|995|919|75|204,30|8,84|0,06|0,00
2013-09-12 21:27:02,047|2,0|2,0|96,0|995|921|74|204,30|8,84|7,30|22,28
2013-09-12 21:27:07,610|2,0|0,0|98,0|995|919|75|204,30|8,84|2,32|1,46
2013-09-12 21:27:13,245|4,0|2,0|94,0|995|921|74|204,30|8,84|5,15|13,42
2013-09-12 21:27:18,826|2,0|0,0|98,0|995|919|75|204,30|8,84|0,18|0,11
2013-09-12 21:27:24,441|2,0|0,0|98,0|995|921|74|204,30|8,84|7,31|22,51
2013-09-12 21:27:30,024|2,0|0,0|98,0|995|920|75|204,30|8,84|0,36|0,24
2013-09-12 21:27:35,627|3,9|1,9|94,1|995|921|74|204,30|8,84|7,47|22,71
2013-09-12 21:27:41,146|0,0|0,0|100,0|995|920|75|204,29|8,84|0,43|10,90
2013-09-12 21:27:46,761|0,0|0,0|100,0|995|921|74|204,29|8,84|8,20|35,61
2013-09-12 21:27:52,326|1,9|0,0|98,0|995|920|75|204,29|8,84|0,97|10,93
2013-09-12 21:27:57,939|0,0|0,0|100,0|995|920|74|204,29|8,84|7,44|24,03
2013-09-12 21:28:03,522|2,0|0,0|98,0|995|920|75|204,29|8,84|0,29|0,00
2013-09-12 21:28:09,138|0,0|0,0|100,0|995|920|75|204,29|8,84|9,46|25,09
2013-09-12 21:28:14,672|6,0|6,0|88,0|995|920|75|204,29|8,84|0,12|0,00
2013-09-12 21:28:20,232|0,0|0,0|100,0|995|920|75|204,29|8,84|6,08|22,93
2013-09-12 21:28:25,863|6,0|6,0|88,0|995|920|75|204,29|8,84|4,78|17,86
2013-09-12 21:28:31,378|1,9|0,0|98,0|995|920|75|204,28|8,84|1,85|11,43
2013-09-12 21:28:36,985|0,0|0,0|100,0|995|920|75|204,28|8,84|9,41|24,97
2013-09-12 21:28:42,514|4,0|6,0|90,0|995|920|75|204,28|8,84|0,06|0,00
2013-09-12 21:28:48,029|0,0|0,0|100,0|995|920|75|204,28|8,84|6,21|12,66
2013-09-12 21:28:53,663|5,8|7,8|86,2|995|921|74|204,28|8,84|3,07|13,12
2013-09-12 21:28:59,238|0,0|0,0|100,0|995|920|75|204,28|8,84|3,79|5,68
2013-09-12 21:29:04,791|0,0|0,0|100,0|995|920|75|204,28|8,84|0,39|11,26
2013-09-12 21:29:10,357|0,0|0,0|100,0|995|920|75|204,28|8,84|0,35|0,00
2013-09-12 21:29:15,893|8,1|8,1|83,6|995|920|75|204,28|8,84|0,45|0,00
