2013-10-09 09:38:04,231|87,7|12,2|0,0|995|498|496|0,11|0,17|0,35|0,00
2013-10-09 09:38:09,953|80,3|17,6|0,0|995|497|498|0,11|0,17|0,40|0,00
2013-10-09 09:38:15,682|85,7|14,2|0,0|995|497|498|0,11|0,17|0,29|0,00
2013-10-09 09:38:21,410|100,0|0,0|0,0|995|499|496|0,11|0,17|0,46|0,00
2013-10-09 09:38:27,172|90,1|9,8|0,0|995|499|496|0,11|0,17|0,64|0,00
2013-10-09 09:38:32,898|84,3|15,6|0,0|995|498|496|0,11|0,17|0,35|0,00
2013-10-09 09:38:38,635|88,0|12,0|0,0|995|499|496|0,11|0,17|1,13|0,00
2013-10-09 09:38:44,358|84,0|16,0|0,0|995|499|496|0,11|0,17|0,06|0,00
2013-10-09 09:38:50,086|88,0|12,0|0,0|995|499|496|0,11|0,17|0,12|0,00
2013-10-09 09:38:55,817|86,0|14,0|0,0|995|499|496|0,11|0,17|0,15|0,00
2013-10-09 09:39:01,546|88,2|11,7|0,0|995|499|496|0,11|0,17|1,05|0,00
2013-10-09 09:39:07,272|88,0|12,0|0,0|995|499|496|0,11|0,17|0,35|0,00
2013-10-09 09:39:12,997|86,0|14,0|0,0|995|499|496|0,11|0,17|0,45|0,00
2013-10-09 09:39:18,717|83,6|16,3|0,0|995|499|496|0,11|0,17|0,99|0,00
2013-10-09 09:39:24,445|84,0|16,0|0,0|995|499|496|0,11|0,17|0,23|0,00
2013-10-09 09:39:30,174|88,0|12,0|0,0|995|499|496|0,11|0,17|0,64|0,00
2013-10-09 09:39:35,909|88,0|12,0|0,0|995|499|496|0,11|0,17|0,36|0,00
2013-10-09 09:39:41,651|85,7|14,2|0,0|995|499|496|0,11|0,17|0,29|0,00
2013-10-09 09:39:47,378|85,7|14,2|0,0|995|499|496|0,11|0,17|9,73|39,81
2013-10-09 09:39:53,117|84,0|16,0|0,0|995|499|496|0,11|0,17|1,01|0,00
2013-10-09 09:39:58,849|87,7|12,2|0,0|995|499|496|0,11|0,17|5,72|5,04
2013-10-09 09:40:04,654|84,0|16,0|0,0|995|499|496|0,11|0,17|5,13|34,96
2013-10-09 09:40:10,388|86,2|13,7|0,0|995|499|496|0,11|0,17|2,94|1,46
2013-10-09 09:40:16,221|80,0|20,0|0,0|995|499|496|0,11|0,17|5,51|34,90
2013-10-09 09:40:21,948|86,0|14,0|0,0|995|499|496|0,11|0,17|0,91|0,00
2013-10-09 09:40:27,798|88,0|12,0|0,0|995|499|496|0,11|0,17|9,80|40,36
2013-10-09 09:40:33,542|89,7|10,2|0,0|995|499|496|0,11|0,17|1,00|0,00
2013-10-09 09:40:39,289|88,0|12,0|0,0|995|499|496|0,11|0,17|5,76|5,54
2013-10-09 09:40:45,085|83,6|16,3|0,0|995|499|496|0,11|0,17|5,44|34,94
2013-10-09 09:40:50,818|83,6|16,3|0,0|995|499|496|0,11|0,17|4,10|2,65
2013-10-09 09:40:56,592|90,0|10,0|0,0|995|500|495|0,11|0,17|6,70|38,45
2013-10-09 09:41:02,336|84,0|16,0|0,0|995|499|496|0,11|0,17|0,80|0,00
2013-10-09 09:41:08,284|85,7|14,2|0,0|995|499|496|0,11|0,17|10,15|40,76
2013-10-09 09:41:14,030|85,7|14,2|0,0|995|499|496|0,11|0,17|0,35|0,00
2013-10-09 09:41:19,797|87,7|12,2|0,0|995|499|496|0,11|0,17|4,91|6,04
2013-10-09 09:41:25,601|90,0|10,0|0,0|995|499|496|0,11|0,17|5,42|34,91
2013-10-09 09:41:31,338|90,0|10,0|0,0|995|499|496|0,11|0,17|0,69|0,00
2013-10-09 09:41:37,138|86,0|14,0|0,0|995|499|496|0,11|0,17|9,56|41,26
2013-10-09 09:41:42,866|86,0|14,0|0,0|995|499|496|0,11|0,17|0,69|0,00
2013-10-09 09:41:48,602|90,0|10,0|0,0|995|499|496|0,11|0,17|4,85|6,34
2013-10-09 09:41:54,421|85,7|14,2|0,0|995|499|496|0,11|0,17|5,05|34,90
2013-10-09 09:42:00,206|81,6|18,3|0,0|995|499|496|0,11|0,17|0,30|0,00
2013-10-09 09:42:05,998|86,0|14,0|0,0|995|499|496|0,11|0,17|9,63|41,45
2013-10-09 09:42:11,748|78,0|22,0|0,0|995|499|496|0,11|0,17|5,15|34,97
2013-10-09 09:42:17,486|90,0|10,0|0,0|995|499|496|0,11|0,17|1,49|0,00
2013-10-09 09:42:23,296|84,0|16,0|0,0|995|499|496|0,11|0,17|10,86|41,95
2013-10-09 09:42:29,027|84,0|16,0|0,0|995|499|495|0,11|0,17|5,42|33,51
2013-10-09 09:42:34,781|85,7|14,2|0,0|995|499|495|0,11|0,17|0,00|0,00
2013-10-09 09:42:40,586|84,0|16,0|0,0|995|499|495|0,11|0,17|10,01|42,02
2013-10-09 09:42:46,342|79,5|20,4|0,0|995|500|495|0,11|0,17|3,13|33,51
2013-10-09 09:42:52,090|90,0|10,0|0,0|995|499|495|0,11|0,17|0,75|0,00
2013-10-09 09:42:57,914|84,0|16,0|0,0|995|499|495|0,11|0,17|9,71|42,22
2013-10-09 09:43:03,650|83,6|16,3|0,0|995|500|494|0,11|0,17|3,64|33,51
2013-10-09 09:43:09,389|86,0|14,0|0,0|995|499|496|0,11|0,17|1,25|0,00
2013-10-09 09:43:15,200|85,7|14,2|0,0|995|499|495|0,11|0,17|9,56|42,31
2013-10-09 09:43:20,940|88,0|12,0|0,0|995|499|495|0,11|0,17|5,81|34,90
2013-10-09 09:43:26,689|89,7|10,2|0,0|995|499|495|0,11|0,17|0,29|0,00
2013-10-09 09:43:32,478|90,0|10,0|0,0|995|499|495|0,11|0,17|5,38|7,63
2013-10-09 09:43:38,283|88,0|12,0|0,0|995|499|495|0,11|0,17|9,73|42,67
2013-10-09 09:43:44,030|88,0|12,0|0,0|995|499|495|0,11|0,17|7,08|9,85
2013-10-09 09:43:49,786|90,1|9,8|0,0|995|499|495|0,11|0,17|9,86|42,81
2013-10-09 09:43:55,518|84,0|16,0|0,0|995|499|495|0,11|0,17|9,81|42,87
2013-10-09 09:44:01,307|82,0|18,0|0,0|995|500|494|0,11|0,17|8,42|41,50
2013-10-09 09:44:07,054|84,0|16,0|0,0|995|499|495|0,11|0,17|5,08|34,96
2013-10-09 09:44:12,790|84,0|16,0|0,0|995|499|495|0,11|0,17|5,31|34,90
2013-10-09 09:44:18,806|90,0|10,0|0,0|995|500|495|0,11|0,17|5,25|34,91
2013-10-09 09:44:24,557|84,3|15,6|0,0|995|499|495|0,11|0,17|4,96|34,90
2013-10-09 09:44:30,293|86,2|13,7|0,0|995|500|495|0,11|0,17|0,76|0,00
2013-10-09 09:44:36,073|86,0|14,0|0,0|995|500|495|0,11|0,17|0,18|0,00
2013-10-09 09:44:41,822|88,0|12,0|0,0|995|500|495|0,11|0,17|2,59|1,53
2013-10-09 09:44:47,653|84,0|16,0|0,0|995|500|495|0,11|0,17|10,23|43,64
2013-10-09 09:44:53,392|90,0|10,0|0,0|995|500|495|0,11|0,17|11,93|43,70
2013-10-09 09:44:59,134|86,2|11,7|0,0|995|500|495|0,11|0,17|10,28|43,74
2013-10-09 09:45:04,938|85,7|14,2|0,0|995|500|495|0,11|0,17|9,99|43,88
2013-10-09 09:45:10,674|89,7|10,2|0,0|995|500|495|0,11|0,17|10,37|43,90
2013-10-09 09:45:16,410|87,7|12,2|0,0|995|500|495|0,11|0,17|10,41|44,03
2013-10-09 09:45:22,141|88,2|9,8|0,0|995|500|495|0,11|0,17|10,72|44,10
2013-10-09 09:45:27,873|81,6|18,3|0,0|995|500|495|0,11|0,17|10,15|44,12
2013-10-09 09:45:33,605|86,0|14,0|0,0|995|500|495|0,11|0,17|4,89|9,34
2013-10-09 09:45:39,384|86,0|14,0|0,0|995|500|495|0,11|0,17|6,75|9,22
2013-10-09 09:45:45,124|88,0|12,0|0,0|995|500|495|0,11|0,17|1,73|0,30
2013-10-09 09:45:50,914|88,2|11,7|0,0|995|500|495|0,11|0,17|0,77|0,06
2013-10-09 09:45:56,681|86,2|13,7|0,0|995|500|495|0,11|0,17|0,35|0,06
2013-10-09 09:46:02,452|84,0|16,0|0,0|995|500|495|0,11|0,17|0,21|0,13
2013-10-09 09:46:08,218|84,0|16,0|0,0|995|500|495|0,11|0,17|0,06|0,06
2013-10-09 09:46:13,952|86,2|13,7|0,0|995|500|495|0,11|0,17|0,64|0,06
2013-10-09 09:46:19,685|86,0|14,0|0,0|995|500|495|0,11|0,17|0,95|0,06
2013-10-09 09:46:25,494|86,0|14,0|0,0|995|500|495|0,11|0,17|0,12|0,00
2013-10-09 09:46:31,212|88,2|11,7|0,0|995|500|495|0,11|0,17|0,47|0,00
2013-10-09 09:46:36,930|84,0|16,0|0,0|995|500|495|0,11|0,17|0,12|0,00
2013-10-09 09:46:42,649|82,0|18,0|0,0|995|499|495|0,11|0,17|1,25|0,00
2013-10-09 09:46:48,396|86,0|14,0|0,0|995|499|495|0,11|0,17|0,18|0,00
2013-10-09 09:46:54,126|84,0|16,0|0,0|995|499|495|0,11|0,17|2,66|0,00
2013-10-09 09:46:59,865|86,0|14,0|0,0|995|499|495|0,11|0,17|1,12|0,00
2013-10-09 09:47:05,594|86,0|14,0|0,0|995|499|495|0,11|0,17|0,70|0,00
2013-10-09 09:47:11,321|86,0|14,0|0,0|995|499|495|0,11|0,17|1,07|0,00
2013-10-09 09:47:17,056|84,3|15,6|0,0|995|499|495|0,11|0,17|1,02|0,00
2013-10-09 09:47:22,783|86,0|14,0|0,0|995|499|495|0,11|0,17|0,06|0,00
2013-10-09 09:47:28,515|84,0|16,0|0,0|995|499|495|0,11|0,17|0,70|0,00
2013-10-09 09:47:34,245|84,3|15,6|0,0|995|499|495|0,11|0,17|0,86|0,00
2013-10-09 09:47:39,969|88,0|12,0|0,0|995|499|495|0,11|0,17|1,24|0,00
2013-10-09 09:47:45,690|85,7|14,2|0,0|995|499|495|0,11|0,17|0,29|0,00
2013-10-09 09:47:51,409|82,3|17,6|0,0|995|499|495|0,11|0,17|0,95|0,39
2013-10-09 09:47:57,133|88,0|12,0|0,0|995|499|495|0,11|0,17|0,44|0,06
2013-10-09 09:48:02,861|84,0|16,0|0,0|995|499|495|0,11|0,17|0,21|0,00
2013-10-09 09:48:08,590|80,0|20,0|0,0|995|499|495|0,11|0,17|0,18|0,00
2013-10-09 09:48:14,326|87,7|12,2|0,0|995|499|495|0,11|0,17|0,12|0,00
2013-10-09 09:48:20,067|84,0|16,0|0,0|995|499|495|0,11|0,17|0,75|0,00
2013-10-09 09:48:25,797|86,0|14,0|0,0|995|499|495|0,11|0,17|0,23|0,00
2013-10-09 09:48:31,526|82,3|17,6|0,0|995|499|495|0,11|0,17|0,18|0,00
2013-10-09 09:48:37,261|86,2|13,7|0,0|995|499|495|0,11|0,17|0,77|0,00
2013-10-09 09:48:42,982|88,0|12,0|0,0|995|499|495|0,11|0,17|0,12|0,00
2013-10-09 09:48:48,722|85,7|14,2|0,0|995|500|495|0,11|0,17|1,34|0,00
2013-10-09 09:48:54,453|88,0|12,0|0,0|995|500|495|0,11|0,17|1,54|0,00
2013-10-09 09:49:00,189|84,0|16,0|0,0|995|500|495|0,11|0,17|1,33|0,00
2013-10-09 09:49:05,920|82,0|18,0|0,0|995|500|495|0,11|0,17|0,47|0,00
2013-10-09 09:49:11,642|82,0|18,0|0,0|995|500|495|0,11|0,17|0,68|0,00
2013-10-09 09:49:17,370|88,0|12,0|0,0|995|500|495|0,11|0,17|1,53|0,00
2013-10-09 09:49:23,090|88,0|12,0|0,0|995|500|495|0,11|0,17|0,23|0,00
2013-10-09 09:49:28,826|88,0|12,0|0,0|995|500|495|0,11|0,17|0,88|0,00
2013-10-09 09:49:34,558|82,0|18,0|0,0|995|500|495|0,11|0,17|0,80|0,00
2013-10-09 09:49:40,279|84,0|16,0|0,0|995|500|495|0,11|0,17|1,29|0,00
2013-10-09 09:49:46,014|89,7|10,2|0,0|995|500|495|0,11|0,17|0,29|0,00
2013-10-09 09:49:51,742|85,7|14,2|0,0|995|500|495|0,11|0,17|0,53|0,00
2013-10-09 09:49:57,465|82,0|18,0|0,0|995|500|495|0,11|0,17|0,09|0,00
2013-10-09 09:50:03,190|86,2|13,7|0,0|995|500|495|0,11|0,17|0,56|0,00
2013-10-09 09:50:08,914|89,7|10,2|0,0|995|500|495|0,11|0,17|0,34|0,00
2013-10-09 09:50:14,637|82,0|16,0|0,0|995|500|495|0,11|0,17|0,00|0,00
2013-10-09 09:50:20,369|92,0|8,0|0,0|995|500|495|0,11|0,17|0,52|0,00
2013-10-09 09:50:26,093|89,7|10,2|0,0|995|500|495|0,11|0,17|0,30|0,00
2013-10-09 09:50:31,826|82,0|18,0|0,0|995|500|495|0,11|0,17|0,18|0,00
2013-10-09 09:50:37,558|88,2|11,7|0,0|995|500|495|0,11|0,17|1,28|0,00
2013-10-09 09:50:43,295|85,7|14,2|0,0|995|500|495|0,11|0,17|0,12|0,00
2013-10-09 09:50:49,033|86,0|14,0|0,0|995|500|495|0,11|0,17|0,77|0,00
2013-10-09 09:50:54,768|84,0|16,0|0,0|995|500|495|0,11|0,17|1,26|0,00
2013-10-09 09:51:00,505|84,0|16,0|0,0|995|500|495|0,11|0,17|1,51|0,00
2013-10-09 09:51:06,234|82,0|18,0|0,0|995|500|495|0,11|0,17|0,29|0,00
2013-10-09 09:51:11,958|88,0|12,0|0,0|995|500|495|0,11|0,17|0,38|0,00
2013-10-09 09:51:17,690|82,0|18,0|0,0|995|500|495|0,11|0,17|1,20|0,00
2013-10-09 09:51:23,418|85,7|14,2|0,0|995|500|495|0,11|0,17|0,06|0,00
2013-10-09 09:51:29,153|84,0|16,0|0,0|995|500|495|0,11|0,17|0,95|0,00
2013-10-09 09:51:34,886|87,7|12,2|0,0|995|500|495|0,11|0,17|1,09|0,00
2013-10-09 09:51:40,622|83,6|16,3|0,0|995|500|495|0,11|0,17|1,29|0,00
2013-10-09 09:51:46,349|82,0|18,0|0,0|995|500|495|0,11|0,17|0,23|0,00
2013-10-09 09:51:52,117|84,0|16,0|0,0|995|500|495|0,11|0,17|1,05|0,00
2013-10-09 09:51:57,833|82,0|18,0|0,0|995|500|495|0,11|0,17|0,21|0,00
2013-10-09 09:52:03,548|88,0|12,0|0,0|995|500|495|0,11|0,17|0,09|0,00
2013-10-09 09:52:09,266|88,0|12,0|0,0|995|500|495|0,11|0,17|0,18|0,00
2013-10-09 09:52:14,985|85,7|14,2|0,0|995|500|495|0,11|0,17|0,29|0,00
2013-10-09 09:52:20,697|88,2|11,7|0,0|995|500|495|0,11|0,17|0,18|0,00
2013-10-09 09:52:26,430|80,3|19,6|0,0|995|500|495|0,11|0,17|0,00|0,00
2013-10-09 09:52:32,161|84,3|15,6|0,0|995|500|495|0,11|0,17|0,46|0,00
2013-10-09 09:52:37,897|86,2|13,7|0,0|995|500|495|0,11|0,17|0,41|0,00
2013-10-09 09:52:43,621|88,2|11,7|0,0|995|500|495|0,11|0,17|0,45|0,00
2013-10-09 09:52:49,345|84,0|16,0|0,0|995|500|495|0,11|0,17|1,19|0,00
