2013-10-25 21:00:36,785|0,0|0,0|100,0|995|660|335|10,47|2,05|0,57|0,00
2013-10-25 21:00:42,218|0,0|1,9|98,0|995|659|336|10,47|2,05|0,20|0,00
2013-10-25 21:00:47,657|0,0|0,0|100,0|995|659|336|10,47|2,05|0,78|0,00
2013-10-25 21:00:53,093|4,0|2,0|93,8|995|659|336|10,47|2,05|6,45|219,87
2013-10-25 21:00:58,526|4,0|4,0|92,0|995|659|336|10,47|2,05|8,51|0,00
2013-10-25 21:01:04,013|0,0|0,0|100,0|995|659|336|10,47|2,05|5,73|3,85
2013-10-25 21:01:09,496|0,0|0,0|100,0|995|660|335|10,47|2,05|9,55|223,54
2013-10-25 21:01:14,940|4,0|0,0|95,9|995|659|336|10,47|2,05|6,95|219,74
2013-10-25 21:01:20,381|4,0|6,1|89,7|995|659|336|10,47|2,05|1,19|0,00
2013-10-25 21:01:25,829|0,0|0,0|100,0|995|659|336|10,47|2,05|5,17|4,19
2013-10-25 21:01:31,270|0,0|0,0|100,0|995|659|336|10,47|2,05|12,00|224,14
2013-10-25 21:01:36,711|4,0|4,0|92,0|995|659|336|10,47|2,05|7,05|219,93
2013-10-25 21:01:42,155|4,0|6,1|89,7|995|659|336|10,47|2,05|0,20|0,00
2013-10-25 21:01:47,597|1,9|0,0|98,0|995|659|336|10,47|2,05|3,31|2,28
2013-10-25 21:01:53,053|0,0|0,0|100,0|995|659|336|10,47|2,05|5,15|4,57
2013-10-25 21:01:58,528|0,0|2,0|97,9|995|660|335|10,47|2,05|7,57|221,72
2013-10-25 21:02:03,985|1,9|5,8|92,1|995|659|336|10,47|2,05|5,83|219,61
2013-10-25 21:02:09,419|6,1|4,0|89,7|995|659|336|10,47|2,05|0,12|0,00
2013-10-25 21:02:14,890|2,0|0,0|98,0|995|659|336|10,47|2,05|3,93|2,27
2013-10-25 21:02:20,343|0,0|0,0|100,0|995|659|336|10,47|2,05|4,72|4,93
2013-10-25 21:02:25,834|1,9|1,9|96,0|995|660|335|10,47|2,05|9,35|224,62
2013-10-25 21:02:31,272|4,0|4,0|91,8|995|659|336|10,47|2,05|7,28|219,87
2013-10-25 21:02:36,708|4,0|6,0|90,0|995|659|336|10,47|2,05|3,67|0,00
2013-10-25 21:02:42,152|0,0|0,0|100,0|995|659|336|10,47|2,05|0,35|0,00
2013-10-25 21:02:47,628|0,0|0,0|100,0|995|659|336|10,47|2,05|5,37|5,35
2013-10-25 21:02:53,101|0,0|0,0|100,0|995|659|336|10,47|2,05|12,00|225,09
2013-10-25 21:02:58,533|4,0|4,0|92,0|995|659|336|10,47|2,05|6,65|219,61
2013-10-25 21:03:03,957|2,0|2,0|96,0|995|660|334|10,47|2,05|0,63|15,29
2013-10-25 21:03:09,418|4,0|4,0|92,0|995|659|336|10,47|2,05|0,21|0,00
2013-10-25 21:03:14,889|0,0|0,0|100,0|995|659|336|10,47|2,05|6,94|5,65
2013-10-25 21:03:20,340|0,0|0,0|100,0|995|659|336|10,47|2,05|8,13|8,38
2013-10-25 21:03:25,803|5,8|3,9|90,1|995|659|336|10,47|2,05|11,21|219,68
2013-10-25 21:03:31,242|2,0|2,0|96,0|995|661|334|10,47|2,05|3,20|9,21
2013-10-25 21:03:36,703|2,0|0,0|98,0|995|659|336|10,47|2,05|2,85|0,00
2013-10-25 21:03:42,207|0,0|0,0|100,0|995|659|336|10,47|2,06|6,79|6,37
2013-10-25 21:03:47,678|53,0|24,4|22,4|995|669|326|10,47|2,06|6,79|219,88
2013-10-25 21:03:53,339|88,0|12,0|0,0|995|681|314|10,47|2,06|0,76|0,00
2013-10-25 21:03:59,222|88,0|12,0|0,0|995|682|313|10,47|2,06|10,80|227,57
2013-10-25 21:04:05,076|88,2|11,7|0,0|995|682|313|10,47|2,06|6,02|221,21
2013-10-25 21:04:10,918|89,7|10,2|0,0|995|683|312|10,47|2,06|12,31|6,38
2013-10-25 21:04:16,780|14,0|2,0|84,0|995|683|312|10,47|2,06|9,10|229,92
2013-10-25 21:04:22,441|91,8|8,1|0,0|995|682|313|10,47|2,06|1,88|0,00
2013-10-25 21:04:28,349|84,0|16,0|0,0|995|682|313|10,47|2,06|10,47|233,53
2013-10-25 21:04:34,178|88,0|12,0|0,0|995|684|311|10,47|2,06|0,27|0,00
2013-10-25 21:04:40,027|88,0|12,0|0,0|995|682|313|10,47|2,06|6,23|9,27
2013-10-25 21:04:45,946|0,0|0,0|98,0|995|681|314|10,47|2,06|12,54|236,97
2013-10-25 21:04:51,382|4,0|4,0|91,8|995|681|314|10,47|2,06|8,38|230,61
2013-10-25 21:04:56,816|3,9|5,8|88,2|995|681|314|10,47|2,06|6,82|230,54
2013-10-25 21:05:02,253|5,8|3,9|90,1|995|681|314|10,47|2,06|6,57|230,54
2013-10-25 21:05:07,691|88,0|12,0|0,0|995|684|311|10,47|2,06|1,33|17,57
2013-10-25 21:05:13,547|92,0|8,0|0,0|995|683|312|10,47|2,06|0,32|0,00
2013-10-25 21:05:19,475|92,1|7,8|0,0|995|682|312|10,47|2,06|7,10|7,25
2013-10-25 21:05:25,407|88,0|12,0|0,0|995|682|312|10,47|2,06|8,99|242,27
2013-10-25 21:05:31,248|4,0|4,0|91,8|995|681|313|10,47|2,06|5,84|234,77
2013-10-25 21:05:36,686|4,1|2,0|93,7|995|681|313|10,47|2,06|6,41|235,54
2013-10-25 21:05:42,135|3,9|1,9|92,1|995|681|313|10,47|2,06|6,58|235,61
2013-10-25 21:05:47,567|2,0|0,0|98,0|995|683|312|10,47|2,06|3,69|233,02
2013-10-25 21:05:53,016|6,2|2,0|91,6|995|681|313|10,47|2,06|1,53|0,00
2013-10-25 21:05:58,458|6,1|2,0|91,8|995|681|313|10,47|2,06|0,60|0,00
2013-10-25 21:06:03,912|0,0|0,0|100,0|995|682|313|10,47|2,06|0,23|0,00
2013-10-25 21:06:09,373|0,0|0,0|100,0|995|682|313|10,47|2,06|0,46|0,26
2013-10-25 21:06:14,863|0,0|4,0|96,0|995|682|313|10,47|2,06|0,72|0,00
2013-10-25 21:06:20,343|90,0|10,0|0,0|995|683|312|10,47|2,06|2,97|0,00
2013-10-25 21:06:26,236|88,0|12,0|0,0|995|683|312|10,47|2,06|5,47|8,13
2013-10-25 21:06:32,138|90,1|9,8|0,0|995|683|312|10,47|2,06|12,46|246,69
2013-10-25 21:06:37,971|84,0|16,0|0,0|995|684|311|10,47|2,06|9,91|247,09
2013-10-25 21:06:43,815|6,0|4,0|90,0|995|682|313|10,47|2,06|6,32|240,05
2013-10-25 21:06:49,428|4,0|4,0|91,8|995|682|313|10,47|2,06|6,95|241,46
2013-10-25 21:06:54,866|6,0|4,0|90,0|995|682|313|10,47|2,06|7,34|241,78
2013-10-25 21:07:00,308|6,0|2,0|92,0|995|682|313|10,47|2,06|6,37|241,59
2013-10-25 21:07:05,741|4,0|2,0|93,8|995|682|313|10,47|2,06|7,28|242,04
2013-10-25 21:07:11,185|62,0|12,0|26,0|995|684|311|10,47|2,06|9,35|249,37
2013-10-25 21:07:16,835|84,0|16,0|0,0|995|683|311|10,47|2,06|8,21|243,10
2013-10-25 21:07:22,651|88,0|12,0|0,0|995|684|311|10,47|2,06|6,46|241,46
2013-10-25 21:07:28,491|86,2|13,7|0,0|995|683|311|10,47|2,06|0,30|0,00
2013-10-25 21:07:34,322|88,0|12,0|0,0|995|684|311|10,47|2,06|9,84|3,23
2013-10-25 21:07:40,176|22,0|0,0|78,0|995|682|313|10,47|2,06|1,68|0,00
2013-10-25 21:07:45,697|0,0|0,0|100,0|995|682|313|10,47|2,06|0,65|0,06
2013-10-25 21:07:51,139|0,0|0,0|100,0|995|682|313|10,47|2,06|1,29|0,71
2013-10-25 21:07:56,776|96,0|4,0|0,0|995|684|311|10,47|2,06|1,15|0,00
2013-10-25 21:08:02,647|90,0|10,0|0,0|995|684|311|10,47|2,06|1,01|0,00
2013-10-25 21:08:08,535|91,8|8,1|0,0|995|683|311|10,47|2,06|10,94|2,68
2013-10-25 21:08:14,444|89,7|10,2|0,0|995|683|311|10,47|2,06|7,27|9,52
2013-10-25 21:08:20,345|0,0|0,0|100,0|995|682|312|10,47|2,06|6,59|9,64
2013-10-25 21:08:25,829|0,0|0,0|100,0|995|682|312|10,47|2,06|5,52|9,66
2013-10-25 21:08:31,309|0,0|0,0|100,0|995|682|312|10,47|2,06|4,54|9,72
2013-10-25 21:08:36,738|0,0|0,0|98,0|995|682|312|10,47|2,06|0,35|0,00
2013-10-25 21:08:42,192|92,0|8,0|0,0|995|684|311|10,47|2,06|3,01|1,39
2013-10-25 21:08:48,049|88,0|12,0|0,0|995|683|311|10,47|2,06|6,83|9,94
2013-10-25 21:08:53,919|88,0|12,0|0,0|995|683|311|10,47|2,06|4,69|10,02
2013-10-25 21:08:59,795|94,0|6,0|0,0|995|683|312|10,47|2,06|4,61|10,14
2013-10-25 21:09:05,695|94,0|6,0|0,0|995|683|311|10,47|2,06|17,25|268,13
2013-10-25 21:09:11,332|0,0|0,0|100,0|995|683|312|10,47|2,06|8,66|11,97
2013-10-25 21:09:16,910|84,0|16,0|0,0|995|683|311|10,47|2,06|11,85|268,94
2013-10-25 21:09:22,747|84,0|16,0|0,0|995|683|311|10,47|2,06|8,17|258,56
2013-10-25 21:09:28,585|84,0|16,0|0,0|995|684|311|10,47|2,06|6,45|260,99
2013-10-25 21:09:34,427|83,6|16,3|0,0|995|685|310|10,47|2,06|8,62|269,31
2013-10-25 21:09:40,271|0,0|0,0|100,0|995|683|312|10,47|2,06|10,76|273,79
2013-10-25 21:09:45,706|0,0|0,0|100,0|995|683|312|10,47|2,06|7,12|10,67
2013-10-25 21:09:51,189|0,0|0,0|100,0|995|683|312|10,47|2,06|5,86|2,65
2013-10-25 21:09:56,632|80,3|19,6|0,0|995|684|311|10,47|2,06|0,75|0,00
2013-10-25 21:10:02,299|90,1|9,8|0,0|995|684|310|10,47|2,06|3,74|1,39
2013-10-25 21:10:08,207|90,0|10,0|0,0|995|684|311|10,47|2,06|13,26|12,97
2013-10-25 21:10:14,109|88,0|12,0|0,0|995|684|311|10,47|2,06|8,72|265,54
2013-10-25 21:10:19,964|86,2|13,7|0,0|995|685|310|10,47|2,06|9,64|279,39
2013-10-25 21:10:25,625|0,0|0,0|100,0|995|683|312|10,47|2,06|6,39|12,59
2013-10-25 21:10:31,102|0,0|0,0|100,0|995|683|312|10,47|2,06|0,36|0,00
2013-10-25 21:10:36,546|2,0|0,0|98,0|995|683|312|10,47|2,06|7,32|0,00
2013-10-25 21:10:42,009|3,9|3,9|90,1|995|684|310|10,46|2,06|3,27|265,75
2013-10-25 21:10:47,453|5,8|5,8|88,2|995|683|312|10,46|2,06|6,81|268,34
2013-10-25 21:10:52,886|0,0|0,0|100,0|995|683|312|10,46|2,06|14,24|279,95
2013-10-25 21:10:58,319|87,7|12,2|0,0|995|684|310|10,46|2,06|6,70|269,10
2013-10-25 21:11:04,159|84,0|14,0|0,0|995|684|310|10,46|2,06|6,18|268,91
2013-10-25 21:11:10,003|90,1|9,8|0,0|995|685|310|10,46|2,06|8,68|281,53
2013-10-25 21:11:15,855|92,0|8,0|0,0|995|684|311|10,46|2,06|9,07|14,78
2013-10-25 21:11:21,708|0,0|0,0|100,0|995|683|311|10,46|2,06|9,60|1,39
2013-10-25 21:11:27,171|0,0|0,0|100,0|995|683|311|10,46|2,07|0,51|0,00
2013-10-25 21:11:32,629|6,0|6,0|88,0|995|683|311|10,46|2,07|2,00|0,00
2013-10-25 21:11:38,066|1,9|0,0|98,0|995|684|310|10,46|2,07|10,60|285,50
2013-10-25 21:11:43,506|0,0|0,0|100,0|995|683|311|10,46|2,07|7,67|14,41
2013-10-25 21:11:48,983|0,0|0,0|100,0|995|683|311|10,46|2,07|4,95|12,28
2013-10-25 21:11:54,470|0,0|0,0|100,0|995|683|311|10,46|2,07|4,97|12,36
2013-10-25 21:11:59,914|0,0|0,0|100,0|995|683|311|10,46|2,07|5,02|12,43
2013-10-25 21:12:05,358|0,0|0,0|100,0|995|683|311|10,46|2,07|0,12|0,00
2013-10-25 21:12:10,858|0,0|0,0|100,0|995|683|311|10,46|2,07|0,41|0,00
2013-10-25 21:12:16,292|4,0|6,1|89,7|995|683|311|10,46|2,07|0,29|0,00
2013-10-25 21:12:21,767|4,0|6,0|90,0|995|683|311|10,46|2,07|3,69|0,00
2013-10-25 21:12:27,199|3,9|3,9|92,1|995|683|311|10,46|2,07|6,60|273,60
2013-10-25 21:12:32,634|2,0|6,1|91,8|995|683|311|10,46|2,07|8,30|273,79
2013-10-25 21:12:38,067|0,0|2,0|98,0|995|684|310|10,46|2,07|9,67|287,13
2013-10-25 21:12:43,508|0,0|0,0|100,0|995|683|311|10,46|2,07|4,96|13,09
2013-10-25 21:12:48,988|0,0|0,0|100,0|995|683|311|10,46|2,07|6,18|13,14
2013-10-25 21:12:54,426|0,0|0,0|100,0|995|684|311|10,46|2,07|6,35|0,00
2013-10-25 21:12:59,942|2,0|0,0|98,0|995|684|311|10,46|2,07|0,88|0,00
2013-10-25 21:13:05,375|4,0|4,0|92,0|995|684|311|10,46|2,07|0,59|0,00
2013-10-25 21:13:10,853|1,9|3,9|94,1|995|685|309|10,46|2,07|0,35|0,00
2013-10-25 21:13:16,304|6,0|4,0|90,0|995|684|311|10,46|2,07|6,27|273,66
2013-10-25 21:13:21,737|0,0|2,0|98,0|995|685|310|10,46|2,07|12,35|286,44
2013-10-25 21:13:27,178|2,0|0,0|98,0|995|684|311|10,46|2,07|6,98|16,70
2013-10-25 21:13:32,643|0,0|0,0|100,0|995|684|311|10,46|2,07|6,35|15,32
2013-10-25 21:13:38,085|0,0|0,0|100,0|995|684|311|10,46|2,07|2,05|6,13
2013-10-25 21:13:43,589|1,9|0,0|98,0|995|684|311|10,46|2,07|1,29|4,41
2013-10-25 21:13:49,028|5,8|3,9|90,1|995|684|311|10,46|2,07|0,44|0,00
2013-10-25 21:13:54,503|0,0|0,0|100,0|995|684|311|10,46|2,07|0,59|0,00
2013-10-25 21:13:59,950|0,0|0,0|100,0|995|684|311|10,46|2,07|0,41|0,00
2013-10-25 21:14:05,381|2,0|0,0|98,0|995|684|311|10,46|2,07|0,78|0,00
2013-10-25 21:14:10,816|0,0|0,0|98,0|995|684|311|10,46|2,07|0,12|1,67
2013-10-25 21:14:16,255|0,0|0,0|100,0|995|684|311|10,46|2,07|0,43|4,41
2013-10-25 21:14:21,694|0,0|0,0|100,0|995|684|311|10,46|2,07|2,64|0,00
2013-10-25 21:14:27,130|0,0|0,0|100,0|995|684|311|10,46|2,07|0,55|0,00
2013-10-25 21:14:32,567|0,0|0,0|100,0|995|684|311|10,46|2,07|0,20|0,00
2013-10-25 21:14:38,018|0,0|0,0|98,0|995|684|311|10,46|2,07|0,86|6,00
